[0.279s] Invoking command in '/home/student/Desktop/Follow-Person-Goal-Publisher-ROS2/build/object_tracking_messages': CMAKE_PREFIX_PATH=${CMAKE_PREFIX_PATH}:/home/student/Desktop/Follow-Person-Goal-Publisher-ROS2/install/follow_person_main:/opt/ros/humble /usr/bin/cmake /home/student/Desktop/Follow-Person-Goal-Publisher-ROS2/src/object_tracking_messages -DAMENT_CMAKE_SYMLINK_INSTALL=1 -DCMAKE_INSTALL_PREFIX=/home/student/Desktop/Follow-Person-Goal-Publisher-ROS2/install/object_tracking_messages
[0.319s] -- The C compiler identification is GNU 11.4.0
[0.363s] -- The CXX compiler identification is GNU 11.4.0
[0.369s] -- Detecting C compiler ABI info
[0.420s] -- Detecting C compiler ABI info - done
[0.426s] -- Check for working C compiler: /usr/bin/cc - skipped
[0.426s] -- Detecting C compile features
[0.426s] -- Detecting C compile features - done
[0.428s] -- Detecting CXX compiler ABI info
[0.486s] -- Detecting CXX compiler ABI info - done
[0.492s] -- Check for working CXX compiler: /usr/bin/c++ - skipped
[0.492s] -- Detecting CXX compile features
[0.493s] -- Detecting CXX compile features - done
[0.497s] -- Found ament_cmake: 1.3.10 (/opt/ros/humble/share/ament_cmake/cmake)
[0.622s] -- Found Python3: /usr/bin/python3 (found version "3.10.12") found components: Interpreter 
[0.671s] -- Override CMake install command with custom implementation using symlinks instead of copying resources
[0.724s] -- Found rosidl_default_generators: 1.2.0 (/opt/ros/humble/share/rosidl_default_generators/cmake)
[0.731s] -- Using all available rosidl_typesupport_c: rosidl_typesupport_fastrtps_c;rosidl_typesupport_introspection_c
[0.742s] -- Found rosidl_adapter: 3.1.5 (/opt/ros/humble/share/rosidl_adapter/cmake)
[0.795s] -- Using all available rosidl_typesupport_cpp: rosidl_typesupport_fastrtps_cpp;rosidl_typesupport_introspection_cpp
[0.836s] -- Found sensor_msgs: 4.2.4 (/opt/ros/humble/share/sensor_msgs/cmake)
[1.114s] -- Found ament_cmake_ros: 0.10.0 (/opt/ros/humble/share/ament_cmake_ros/cmake)
[1.274s] -- Using all available rosidl_typesupport_c: rosidl_typesupport_fastrtps_c;rosidl_typesupport_introspection_c
[1.480s] -- Using all available rosidl_typesupport_cpp: rosidl_typesupport_fastrtps_cpp;rosidl_typesupport_introspection_cpp
[1.502s] -- Found PythonInterp: /usr/bin/python3 (found suitable version "3.10.12", minimum required is "3.6") 
[1.508s] -- Found python_cmake_module: 0.10.0 (/opt/ros/humble/share/python_cmake_module/cmake)
[1.536s] -- Found PythonLibs: /usr/lib/x86_64-linux-gnu/libpython3.10.so (found suitable version "3.10.12", minimum required is "3.5") 
[1.536s] -- Using PYTHON_EXECUTABLE: /usr/bin/python3
[1.536s] -- Using PYTHON_INCLUDE_DIRS: /usr/include/python3.10
[1.536s] -- Using PYTHON_LIBRARIES: /usr/lib/x86_64-linux-gnu/libpython3.10.so
[1.554s] -- Found PythonExtra: .so  
[1.595s] -- Found ament_lint_auto: 0.12.11 (/opt/ros/humble/share/ament_lint_auto/cmake)
[1.625s] -- Added test 'lint_cmake' to check CMake code style
[1.626s] -- Added test 'xmllint' to check XML markup files
[1.630s] -- Configuring done
[1.659s] -- Generating done
[1.661s] -- Build files have been written to: /home/student/Desktop/Follow-Person-Goal-Publisher-ROS2/build/object_tracking_messages
[1.668s] Invoked command in '/home/student/Desktop/Follow-Person-Goal-Publisher-ROS2/build/object_tracking_messages' returned '0': CMAKE_PREFIX_PATH=${CMAKE_PREFIX_PATH}:/home/student/Desktop/Follow-Person-Goal-Publisher-ROS2/install/follow_person_main:/opt/ros/humble /usr/bin/cmake /home/student/Desktop/Follow-Person-Goal-Publisher-ROS2/src/object_tracking_messages -DAMENT_CMAKE_SYMLINK_INSTALL=1 -DCMAKE_INSTALL_PREFIX=/home/student/Desktop/Follow-Person-Goal-Publisher-ROS2/install/object_tracking_messages
[1.669s] Invoking command in '/home/student/Desktop/Follow-Person-Goal-Publisher-ROS2/build/object_tracking_messages': CMAKE_PREFIX_PATH=${CMAKE_PREFIX_PATH}:/home/student/Desktop/Follow-Person-Goal-Publisher-ROS2/install/follow_person_main:/opt/ros/humble /usr/bin/cmake --build /home/student/Desktop/Follow-Person-Goal-Publisher-ROS2/build/object_tracking_messages -- -j16 -l16
[1.705s] [  1%] [34m[1mGenerating C code for ROS interfaces[0m
[1.715s] [  2%] [34m[1mGenerating C++ code for ROS interfaces[0m
[1.722s] [  2%] Built target ament_cmake_python_symlink_object_tracking_messages
[2.011s] running egg_info
[2.012s] creating object_tracking_messages.egg-info
[2.012s] writing object_tracking_messages.egg-info/PKG-INFO
[2.013s] writing dependency_links to object_tracking_messages.egg-info/dependency_links.txt
[2.013s] writing top-level names to object_tracking_messages.egg-info/top_level.txt
[2.013s] writing manifest file 'object_tracking_messages.egg-info/SOURCES.txt'
[2.014s] reading manifest file 'object_tracking_messages.egg-info/SOURCES.txt'
[2.015s] writing manifest file 'object_tracking_messages.egg-info/SOURCES.txt'
[2.035s] [  2%] Built target ament_cmake_python_build_object_tracking_messages_egg
[2.198s] [  2%] Built target object_tracking_messages__cpp
[2.218s] [  4%] [34m[1mGenerating C++ type support dispatch for ROS interfaces[0m
[2.218s] [  5%] [34m[1mGenerating C++ introspection for ROS interfaces[0m
[2.218s] [  7%] [34m[1mGenerating C++ type support for eProsima Fast-RTPS[0m
[2.244s] [ 11%] [32mBuilding C object CMakeFiles/object_tracking_messages__rosidl_generator_c.dir/rosidl_generator_c/object_tracking_messages/msg/detail/person_key_point__functions.c.o[0m
[2.244s] [ 11%] [32mBuilding C object CMakeFiles/object_tracking_messages__rosidl_generator_c.dir/rosidl_generator_c/object_tracking_messages/msg/detail/bounding_box__functions.c.o[0m
[2.244s] [ 11%] [32mBuilding C object CMakeFiles/object_tracking_messages__rosidl_generator_c.dir/rosidl_generator_c/object_tracking_messages/msg/detail/detected_persons__functions.c.o[0m
[2.247s] [ 14%] [32mBuilding C object CMakeFiles/object_tracking_messages__rosidl_generator_c.dir/rosidl_generator_c/object_tracking_messages/msg/detail/detected_person__functions.c.o[0m
[2.248s] [ 14%] [32mBuilding C object CMakeFiles/object_tracking_messages__rosidl_generator_c.dir/rosidl_generator_c/object_tracking_messages/msg/detail/person_distance__functions.c.o[0m
[2.248s] [ 15%] [32mBuilding C object CMakeFiles/object_tracking_messages__rosidl_generator_c.dir/rosidl_generator_c/object_tracking_messages/msg/detail/follow_person_state__functions.c.o[0m
[2.307s] [ 16%] [32m[1mLinking C shared library libobject_tracking_messages__rosidl_generator_c.so[0m
[2.336s] [ 16%] Built target object_tracking_messages__rosidl_generator_c
[2.346s] [ 21%] [34m[1mGenerating C introspection for ROS interfaces[0m
[2.346s] [ 21%] [34m[1mGenerating C type support dispatch for ROS interfaces[0m
[2.346s] [ 21%] [34m[1mGenerating C type support for eProsima Fast-RTPS[0m
[2.610s] [ 22%] [32mBuilding CXX object CMakeFiles/object_tracking_messages__rosidl_typesupport_cpp.dir/rosidl_typesupport_cpp/object_tracking_messages/msg/bounding_box__type_support.cpp.o[0m
[2.611s] [ 25%] [32mBuilding CXX object CMakeFiles/object_tracking_messages__rosidl_typesupport_cpp.dir/rosidl_typesupport_cpp/object_tracking_messages/msg/person_distance__type_support.cpp.o[0m
[2.611s] [ 26%] [32mBuilding CXX object CMakeFiles/object_tracking_messages__rosidl_typesupport_cpp.dir/rosidl_typesupport_cpp/object_tracking_messages/msg/person_key_point__type_support.cpp.o[0m
[2.611s] [ 28%] [32mBuilding CXX object CMakeFiles/object_tracking_messages__rosidl_typesupport_cpp.dir/rosidl_typesupport_cpp/object_tracking_messages/msg/detected_persons__type_support.cpp.o[0m
[2.611s] [ 29%] [32mBuilding CXX object CMakeFiles/object_tracking_messages__rosidl_typesupport_cpp.dir/rosidl_typesupport_cpp/object_tracking_messages/msg/follow_person_state__type_support.cpp.o[0m
[2.611s] [ 29%] [32mBuilding CXX object CMakeFiles/object_tracking_messages__rosidl_typesupport_cpp.dir/rosidl_typesupport_cpp/object_tracking_messages/msg/detected_person__type_support.cpp.o[0m
[2.697s] [ 30%] [32mBuilding CXX object CMakeFiles/object_tracking_messages__rosidl_typesupport_introspection_cpp.dir/rosidl_typesupport_introspection_cpp/object_tracking_messages/msg/detail/person_key_point__type_support.cpp.o[0m
[2.703s] [ 32%] [32mBuilding CXX object CMakeFiles/object_tracking_messages__rosidl_typesupport_introspection_cpp.dir/rosidl_typesupport_introspection_cpp/object_tracking_messages/msg/detail/bounding_box__type_support.cpp.o[0m
[2.708s] [ 33%] [32mBuilding CXX object CMakeFiles/object_tracking_messages__rosidl_typesupport_introspection_cpp.dir/rosidl_typesupport_introspection_cpp/object_tracking_messages/msg/detail/detected_person__type_support.cpp.o[0m
[2.737s] [ 35%] [32mBuilding CXX object CMakeFiles/object_tracking_messages__rosidl_typesupport_introspection_cpp.dir/rosidl_typesupport_introspection_cpp/object_tracking_messages/msg/detail/detected_persons__type_support.cpp.o[0m
[2.748s] [ 36%] [32mBuilding CXX object CMakeFiles/object_tracking_messages__rosidl_typesupport_introspection_cpp.dir/rosidl_typesupport_introspection_cpp/object_tracking_messages/msg/detail/follow_person_state__type_support.cpp.o[0m
[2.756s] [ 38%] [32mBuilding CXX object CMakeFiles/object_tracking_messages__rosidl_typesupport_introspection_cpp.dir/rosidl_typesupport_introspection_cpp/object_tracking_messages/msg/detail/person_distance__type_support.cpp.o[0m
[2.777s] [ 39%] [32mBuilding CXX object CMakeFiles/object_tracking_messages__rosidl_typesupport_fastrtps_cpp.dir/rosidl_typesupport_fastrtps_cpp/object_tracking_messages/msg/detail/dds_fastrtps/bounding_box__type_support.cpp.o[0m
[2.939s] [ 40%] [32mBuilding CXX object CMakeFiles/object_tracking_messages__rosidl_typesupport_c.dir/rosidl_typesupport_c/object_tracking_messages/msg/bounding_box__type_support.cpp.o[0m
[2.969s] [ 42%] [32mBuilding CXX object CMakeFiles/object_tracking_messages__rosidl_typesupport_c.dir/rosidl_typesupport_c/object_tracking_messages/msg/person_key_point__type_support.cpp.o[0m
[2.977s] [ 43%] [32mBuilding CXX object CMakeFiles/object_tracking_messages__rosidl_typesupport_fastrtps_cpp.dir/rosidl_typesupport_fastrtps_cpp/object_tracking_messages/msg/detail/dds_fastrtps/person_key_point__type_support.cpp.o[0m
[2.981s] [ 45%] [32mBuilding CXX object CMakeFiles/object_tracking_messages__rosidl_typesupport_c.dir/rosidl_typesupport_c/object_tracking_messages/msg/detected_person__type_support.cpp.o[0m
[2.994s] [ 46%] [32mBuilding CXX object CMakeFiles/object_tracking_messages__rosidl_typesupport_c.dir/rosidl_typesupport_c/object_tracking_messages/msg/detected_persons__type_support.cpp.o[0m
[2.996s] [ 47%] [32mBuilding CXX object CMakeFiles/object_tracking_messages__rosidl_typesupport_fastrtps_cpp.dir/rosidl_typesupport_fastrtps_cpp/object_tracking_messages/msg/detail/dds_fastrtps/detected_person__type_support.cpp.o[0m
[3.007s] [ 49%] [32mBuilding CXX object CMakeFiles/object_tracking_messages__rosidl_typesupport_fastrtps_cpp.dir/rosidl_typesupport_fastrtps_cpp/object_tracking_messages/msg/detail/dds_fastrtps/detected_persons__type_support.cpp.o[0m
[3.026s] [ 50%] [32m[1mLinking CXX shared library libobject_tracking_messages__rosidl_typesupport_cpp.so[0m
[3.028s] [ 52%] [32mBuilding CXX object CMakeFiles/object_tracking_messages__rosidl_typesupport_c.dir/rosidl_typesupport_c/object_tracking_messages/msg/person_distance__type_support.cpp.o[0m
[3.071s] [ 53%] [32mBuilding C object CMakeFiles/object_tracking_messages__rosidl_typesupport_introspection_c.dir/rosidl_typesupport_introspection_c/object_tracking_messages/msg/detail/bounding_box__type_support.c.o[0m
[3.074s] [ 54%] [32mBuilding CXX object CMakeFiles/object_tracking_messages__rosidl_typesupport_c.dir/rosidl_typesupport_c/object_tracking_messages/msg/follow_person_state__type_support.cpp.o[0m
[3.084s] [ 56%] [32mBuilding C object CMakeFiles/object_tracking_messages__rosidl_typesupport_introspection_c.dir/rosidl_typesupport_introspection_c/object_tracking_messages/msg/detail/person_key_point__type_support.c.o[0m
[3.097s] [ 57%] [32mBuilding CXX object CMakeFiles/object_tracking_messages__rosidl_typesupport_fastrtps_cpp.dir/rosidl_typesupport_fastrtps_cpp/object_tracking_messages/msg/detail/dds_fastrtps/person_distance__type_support.cpp.o[0m
[3.097s] [ 57%] Built target object_tracking_messages__rosidl_typesupport_cpp
[3.109s] [ 59%] [32mBuilding CXX object CMakeFiles/object_tracking_messages__rosidl_typesupport_fastrtps_c.dir/rosidl_typesupport_fastrtps_c/object_tracking_messages/msg/detail/bounding_box__type_support_c.cpp.o[0m
[3.129s] [ 60%] [32mBuilding C object CMakeFiles/object_tracking_messages__rosidl_typesupport_introspection_c.dir/rosidl_typesupport_introspection_c/object_tracking_messages/msg/detail/detected_person__type_support.c.o[0m
[3.148s] [ 61%] [32m[1mLinking CXX shared library libobject_tracking_messages__rosidl_typesupport_c.so[0m
[3.160s] [ 63%] [32mBuilding C object CMakeFiles/object_tracking_messages__rosidl_typesupport_introspection_c.dir/rosidl_typesupport_introspection_c/object_tracking_messages/msg/detail/detected_persons__type_support.c.o[0m
[3.184s] [ 64%] [32mBuilding CXX object CMakeFiles/object_tracking_messages__rosidl_typesupport_fastrtps_c.dir/rosidl_typesupport_fastrtps_c/object_tracking_messages/msg/detail/person_key_point__type_support_c.cpp.o[0m
[3.221s] [ 66%] [32mBuilding CXX object CMakeFiles/object_tracking_messages__rosidl_typesupport_fastrtps_c.dir/rosidl_typesupport_fastrtps_c/object_tracking_messages/msg/detail/detected_person__type_support_c.cpp.o[0m
[3.226s] [ 67%] [32mBuilding C object CMakeFiles/object_tracking_messages__rosidl_typesupport_introspection_c.dir/rosidl_typesupport_introspection_c/object_tracking_messages/msg/detail/follow_person_state__type_support.c.o[0m
[3.228s] [ 69%] [32mBuilding C object CMakeFiles/object_tracking_messages__rosidl_typesupport_introspection_c.dir/rosidl_typesupport_introspection_c/object_tracking_messages/msg/detail/person_distance__type_support.c.o[0m
[3.267s] [ 70%] [32mBuilding CXX object CMakeFiles/object_tracking_messages__rosidl_typesupport_fastrtps_c.dir/rosidl_typesupport_fastrtps_c/object_tracking_messages/msg/detail/detected_persons__type_support_c.cpp.o[0m
[3.278s] [ 70%] Built target object_tracking_messages__rosidl_typesupport_c
[3.293s] [ 71%] [32mBuilding CXX object CMakeFiles/object_tracking_messages__rosidl_typesupport_fastrtps_cpp.dir/rosidl_typesupport_fastrtps_cpp/object_tracking_messages/msg/detail/dds_fastrtps/follow_person_state__type_support.cpp.o[0m
[3.322s] [ 73%] [32mBuilding CXX object CMakeFiles/object_tracking_messages__rosidl_typesupport_fastrtps_c.dir/rosidl_typesupport_fastrtps_c/object_tracking_messages/msg/detail/person_distance__type_support_c.cpp.o[0m
[3.353s] [ 74%] [32mBuilding CXX object CMakeFiles/object_tracking_messages__rosidl_typesupport_fastrtps_c.dir/rosidl_typesupport_fastrtps_c/object_tracking_messages/msg/detail/follow_person_state__type_support_c.cpp.o[0m
[3.407s] [ 76%] [32m[1mLinking C shared library libobject_tracking_messages__rosidl_typesupport_introspection_c.so[0m
[3.449s] [ 77%] [32m[1mLinking CXX shared library libobject_tracking_messages__rosidl_typesupport_introspection_cpp.so[0m
[3.465s] [ 77%] Built target object_tracking_messages__rosidl_typesupport_introspection_c
[3.575s] [ 77%] Built target object_tracking_messages__rosidl_typesupport_introspection_cpp
[3.712s] [ 78%] [32m[1mLinking CXX shared library libobject_tracking_messages__rosidl_typesupport_fastrtps_c.so[0m
[3.768s] [ 78%] Built target object_tracking_messages__rosidl_typesupport_fastrtps_c
[3.782s] [ 80%] [32m[1mLinking CXX shared library libobject_tracking_messages__rosidl_typesupport_fastrtps_cpp.so[0m
[3.837s] [ 80%] Built target object_tracking_messages__rosidl_typesupport_fastrtps_cpp
[3.853s] [ 80%] Built target object_tracking_messages
[3.869s] [ 81%] [34m[1mGenerating Python code for ROS interfaces[0m
[4.802s] [ 81%] Built target object_tracking_messages__py
[4.822s] [ 83%] [32mBuilding C object CMakeFiles/object_tracking_messages__rosidl_generator_py.dir/rosidl_generator_py/object_tracking_messages/msg/_person_key_point_s.c.o[0m
[4.825s] [ 84%] [32mBuilding C object CMakeFiles/object_tracking_messages__rosidl_generator_py.dir/rosidl_generator_py/object_tracking_messages/msg/_bounding_box_s.c.o[0m
[4.825s] [ 87%] [32mBuilding C object CMakeFiles/object_tracking_messages__rosidl_generator_py.dir/rosidl_generator_py/object_tracking_messages/msg/_detected_persons_s.c.o[0m
[4.826s] [ 87%] [32mBuilding C object CMakeFiles/object_tracking_messages__rosidl_generator_py.dir/rosidl_generator_py/object_tracking_messages/msg/_detected_person_s.c.o[0m
[4.826s] [ 88%] [32mBuilding C object CMakeFiles/object_tracking_messages__rosidl_generator_py.dir/rosidl_generator_py/object_tracking_messages/msg/_person_distance_s.c.o[0m
[4.826s] [ 90%] [32mBuilding C object CMakeFiles/object_tracking_messages__rosidl_generator_py.dir/rosidl_generator_py/object_tracking_messages/msg/_follow_person_state_s.c.o[0m
[5.041s] [ 91%] [32m[1mLinking C shared library rosidl_generator_py/object_tracking_messages/libobject_tracking_messages__rosidl_generator_py.so[0m
[5.073s] [ 91%] Built target object_tracking_messages__rosidl_generator_py
[5.093s] [ 92%] [32mBuilding C object CMakeFiles/object_tracking_messages__rosidl_typesupport_c__pyext.dir/rosidl_generator_py/object_tracking_messages/_object_tracking_messages_s.ep.rosidl_typesupport_c.c.o[0m
[5.094s] [ 94%] [32mBuilding C object CMakeFiles/object_tracking_messages__rosidl_typesupport_fastrtps_c__pyext.dir/rosidl_generator_py/object_tracking_messages/_object_tracking_messages_s.ep.rosidl_typesupport_fastrtps_c.c.o[0m
[5.100s] [ 95%] [32mBuilding C object CMakeFiles/object_tracking_messages__rosidl_typesupport_introspection_c__pyext.dir/rosidl_generator_py/object_tracking_messages/_object_tracking_messages_s.ep.rosidl_typesupport_introspection_c.c.o[0m
[5.183s] [ 97%] [32m[1mLinking C shared library rosidl_generator_py/object_tracking_messages/object_tracking_messages_s__rosidl_typesupport_fastrtps_c.cpython-310-x86_64-linux-gnu.so[0m
[5.212s] [ 97%] Built target object_tracking_messages__rosidl_typesupport_fastrtps_c__pyext
[5.228s] [ 98%] [32m[1mLinking C shared library rosidl_generator_py/object_tracking_messages/object_tracking_messages_s__rosidl_typesupport_c.cpython-310-x86_64-linux-gnu.so[0m
[5.234s] [100%] [32m[1mLinking C shared library rosidl_generator_py/object_tracking_messages/object_tracking_messages_s__rosidl_typesupport_introspection_c.cpython-310-x86_64-linux-gnu.so[0m
[5.257s] [100%] Built target object_tracking_messages__rosidl_typesupport_c__pyext
[5.267s] [100%] Built target object_tracking_messages__rosidl_typesupport_introspection_c__pyext
[5.278s] Invoked command in '/home/student/Desktop/Follow-Person-Goal-Publisher-ROS2/build/object_tracking_messages' returned '0': CMAKE_PREFIX_PATH=${CMAKE_PREFIX_PATH}:/home/student/Desktop/Follow-Person-Goal-Publisher-ROS2/install/follow_person_main:/opt/ros/humble /usr/bin/cmake --build /home/student/Desktop/Follow-Person-Goal-Publisher-ROS2/build/object_tracking_messages -- -j16 -l16
[5.881s] Invoking command in '/home/student/Desktop/Follow-Person-Goal-Publisher-ROS2/build/object_tracking_messages': CMAKE_PREFIX_PATH=${CMAKE_PREFIX_PATH}:/home/student/Desktop/Follow-Person-Goal-Publisher-ROS2/install/follow_person_main:/opt/ros/humble /usr/bin/cmake --install /home/student/Desktop/Follow-Person-Goal-Publisher-ROS2/build/object_tracking_messages
[5.893s] -- Install configuration: ""
[5.894s] -- Execute custom install script
[5.894s] -- Symlinking: /home/student/Desktop/Follow-Person-Goal-Publisher-ROS2/install/object_tracking_messages/share/ament_index/resource_index/rosidl_interfaces/object_tracking_messages
[5.909s] -- Symlinking: /home/student/Desktop/Follow-Person-Goal-Publisher-ROS2/install/object_tracking_messages/include/object_tracking_messages/object_tracking_messages/msg/bounding_box.h
[5.930s] -- Symlinking: /home/student/Desktop/Follow-Person-Goal-Publisher-ROS2/install/object_tracking_messages/include/object_tracking_messages/object_tracking_messages/msg/detail/bounding_box__functions.h
[5.945s] -- Symlinking: /home/student/Desktop/Follow-Person-Goal-Publisher-ROS2/install/object_tracking_messages/include/object_tracking_messages/object_tracking_messages/msg/detail/bounding_box__struct.h
[5.958s] -- Symlinking: /home/student/Desktop/Follow-Person-Goal-Publisher-ROS2/install/object_tracking_messages/include/object_tracking_messages/object_tracking_messages/msg/detail/bounding_box__type_support.h
[5.972s] -- Symlinking: /home/student/Desktop/Follow-Person-Goal-Publisher-ROS2/install/object_tracking_messages/include/object_tracking_messages/object_tracking_messages/msg/detail/detected_person__functions.h
[5.986s] -- Symlinking: /home/student/Desktop/Follow-Person-Goal-Publisher-ROS2/install/object_tracking_messages/include/object_tracking_messages/object_tracking_messages/msg/detail/detected_person__struct.h
[6.000s] -- Symlinking: /home/student/Desktop/Follow-Person-Goal-Publisher-ROS2/install/object_tracking_messages/include/object_tracking_messages/object_tracking_messages/msg/detail/detected_person__type_support.h
[6.024s] -- Symlinking: /home/student/Desktop/Follow-Person-Goal-Publisher-ROS2/install/object_tracking_messages/include/object_tracking_messages/object_tracking_messages/msg/detail/detected_persons__functions.h
[6.046s] -- Symlinking: /home/student/Desktop/Follow-Person-Goal-Publisher-ROS2/install/object_tracking_messages/include/object_tracking_messages/object_tracking_messages/msg/detail/detected_persons__struct.h
[6.059s] -- Symlinking: /home/student/Desktop/Follow-Person-Goal-Publisher-ROS2/install/object_tracking_messages/include/object_tracking_messages/object_tracking_messages/msg/detail/detected_persons__type_support.h
[6.076s] -- Symlinking: /home/student/Desktop/Follow-Person-Goal-Publisher-ROS2/install/object_tracking_messages/include/object_tracking_messages/object_tracking_messages/msg/detail/follow_person_state__functions.h
[6.090s] -- Symlinking: /home/student/Desktop/Follow-Person-Goal-Publisher-ROS2/install/object_tracking_messages/include/object_tracking_messages/object_tracking_messages/msg/detail/follow_person_state__struct.h
[6.112s] -- Symlinking: /home/student/Desktop/Follow-Person-Goal-Publisher-ROS2/install/object_tracking_messages/include/object_tracking_messages/object_tracking_messages/msg/detail/follow_person_state__type_support.h
[6.125s] -- Symlinking: /home/student/Desktop/Follow-Person-Goal-Publisher-ROS2/install/object_tracking_messages/include/object_tracking_messages/object_tracking_messages/msg/detail/person_distance__functions.h
[6.140s] -- Symlinking: /home/student/Desktop/Follow-Person-Goal-Publisher-ROS2/install/object_tracking_messages/include/object_tracking_messages/object_tracking_messages/msg/detail/person_distance__struct.h
[6.153s] -- Symlinking: /home/student/Desktop/Follow-Person-Goal-Publisher-ROS2/install/object_tracking_messages/include/object_tracking_messages/object_tracking_messages/msg/detail/person_distance__type_support.h
[6.166s] -- Symlinking: /home/student/Desktop/Follow-Person-Goal-Publisher-ROS2/install/object_tracking_messages/include/object_tracking_messages/object_tracking_messages/msg/detail/person_key_point__functions.h
[6.179s] -- Symlinking: /home/student/Desktop/Follow-Person-Goal-Publisher-ROS2/install/object_tracking_messages/include/object_tracking_messages/object_tracking_messages/msg/detail/person_key_point__struct.h
[6.191s] -- Symlinking: /home/student/Desktop/Follow-Person-Goal-Publisher-ROS2/install/object_tracking_messages/include/object_tracking_messages/object_tracking_messages/msg/detail/person_key_point__type_support.h
[6.203s] -- Symlinking: /home/student/Desktop/Follow-Person-Goal-Publisher-ROS2/install/object_tracking_messages/include/object_tracking_messages/object_tracking_messages/msg/detected_person.h
[6.216s] -- Symlinking: /home/student/Desktop/Follow-Person-Goal-Publisher-ROS2/install/object_tracking_messages/include/object_tracking_messages/object_tracking_messages/msg/detected_persons.h
[6.228s] -- Symlinking: /home/student/Desktop/Follow-Person-Goal-Publisher-ROS2/install/object_tracking_messages/include/object_tracking_messages/object_tracking_messages/msg/follow_person_state.h
[6.240s] -- Symlinking: /home/student/Desktop/Follow-Person-Goal-Publisher-ROS2/install/object_tracking_messages/include/object_tracking_messages/object_tracking_messages/msg/person_distance.h
[6.254s] -- Symlinking: /home/student/Desktop/Follow-Person-Goal-Publisher-ROS2/install/object_tracking_messages/include/object_tracking_messages/object_tracking_messages/msg/person_key_point.h
[6.267s] -- Symlinking: /home/student/Desktop/Follow-Person-Goal-Publisher-ROS2/install/object_tracking_messages/include/object_tracking_messages/object_tracking_messages/msg/rosidl_generator_c__visibility_control.h
[6.280s] -- Symlinking: /home/student/Desktop/Follow-Person-Goal-Publisher-ROS2/install/object_tracking_messages/share/object_tracking_messages/environment/library_path.sh
[6.293s] -- Symlinking: /home/student/Desktop/Follow-Person-Goal-Publisher-ROS2/install/object_tracking_messages/share/object_tracking_messages/environment/library_path.dsv
[6.307s] -- Symlinking: /home/student/Desktop/Follow-Person-Goal-Publisher-ROS2/install/object_tracking_messages/include/object_tracking_messages/object_tracking_messages/msg/detail/bounding_box__rosidl_typesupport_fastrtps_c.h
[6.320s] -- Symlinking: /home/student/Desktop/Follow-Person-Goal-Publisher-ROS2/install/object_tracking_messages/include/object_tracking_messages/object_tracking_messages/msg/detail/detected_person__rosidl_typesupport_fastrtps_c.h
[6.335s] -- Symlinking: /home/student/Desktop/Follow-Person-Goal-Publisher-ROS2/install/object_tracking_messages/include/object_tracking_messages/object_tracking_messages/msg/detail/detected_persons__rosidl_typesupport_fastrtps_c.h
[6.349s] -- Symlinking: /home/student/Desktop/Follow-Person-Goal-Publisher-ROS2/install/object_tracking_messages/include/object_tracking_messages/object_tracking_messages/msg/detail/follow_person_state__rosidl_typesupport_fastrtps_c.h
[6.364s] -- Symlinking: /home/student/Desktop/Follow-Person-Goal-Publisher-ROS2/install/object_tracking_messages/include/object_tracking_messages/object_tracking_messages/msg/detail/person_distance__rosidl_typesupport_fastrtps_c.h
[6.377s] -- Symlinking: /home/student/Desktop/Follow-Person-Goal-Publisher-ROS2/install/object_tracking_messages/include/object_tracking_messages/object_tracking_messages/msg/detail/person_key_point__rosidl_typesupport_fastrtps_c.h
[6.391s] -- Symlinking: /home/student/Desktop/Follow-Person-Goal-Publisher-ROS2/install/object_tracking_messages/include/object_tracking_messages/object_tracking_messages/msg/rosidl_typesupport_fastrtps_c__visibility_control.h
[6.404s] -- Symlinking: /home/student/Desktop/Follow-Person-Goal-Publisher-ROS2/install/object_tracking_messages/include/object_tracking_messages/object_tracking_messages/msg/detail/bounding_box__rosidl_typesupport_introspection_c.h
[6.419s] -- Symlinking: /home/student/Desktop/Follow-Person-Goal-Publisher-ROS2/install/object_tracking_messages/include/object_tracking_messages/object_tracking_messages/msg/detail/detected_person__rosidl_typesupport_introspection_c.h
[6.433s] -- Symlinking: /home/student/Desktop/Follow-Person-Goal-Publisher-ROS2/install/object_tracking_messages/include/object_tracking_messages/object_tracking_messages/msg/detail/detected_persons__rosidl_typesupport_introspection_c.h
[6.446s] -- Symlinking: /home/student/Desktop/Follow-Person-Goal-Publisher-ROS2/install/object_tracking_messages/include/object_tracking_messages/object_tracking_messages/msg/detail/follow_person_state__rosidl_typesupport_introspection_c.h
[6.460s] -- Symlinking: /home/student/Desktop/Follow-Person-Goal-Publisher-ROS2/install/object_tracking_messages/include/object_tracking_messages/object_tracking_messages/msg/detail/person_distance__rosidl_typesupport_introspection_c.h
[6.475s] -- Symlinking: /home/student/Desktop/Follow-Person-Goal-Publisher-ROS2/install/object_tracking_messages/include/object_tracking_messages/object_tracking_messages/msg/detail/person_key_point__rosidl_typesupport_introspection_c.h
[6.488s] -- Symlinking: /home/student/Desktop/Follow-Person-Goal-Publisher-ROS2/install/object_tracking_messages/include/object_tracking_messages/object_tracking_messages/msg/rosidl_typesupport_introspection_c__visibility_control.h
[6.504s] -- Symlinking: /home/student/Desktop/Follow-Person-Goal-Publisher-ROS2/install/object_tracking_messages/include/object_tracking_messages/object_tracking_messages/msg/bounding_box.hpp
[6.517s] -- Symlinking: /home/student/Desktop/Follow-Person-Goal-Publisher-ROS2/install/object_tracking_messages/include/object_tracking_messages/object_tracking_messages/msg/detail/bounding_box__builder.hpp
[6.545s] -- Symlinking: /home/student/Desktop/Follow-Person-Goal-Publisher-ROS2/install/object_tracking_messages/include/object_tracking_messages/object_tracking_messages/msg/detail/bounding_box__struct.hpp
[6.559s] -- Symlinking: /home/student/Desktop/Follow-Person-Goal-Publisher-ROS2/install/object_tracking_messages/include/object_tracking_messages/object_tracking_messages/msg/detail/bounding_box__traits.hpp
[6.573s] -- Symlinking: /home/student/Desktop/Follow-Person-Goal-Publisher-ROS2/install/object_tracking_messages/include/object_tracking_messages/object_tracking_messages/msg/detail/detected_person__builder.hpp
[6.588s] -- Symlinking: /home/student/Desktop/Follow-Person-Goal-Publisher-ROS2/install/object_tracking_messages/include/object_tracking_messages/object_tracking_messages/msg/detail/detected_person__struct.hpp
[6.604s] -- Symlinking: /home/student/Desktop/Follow-Person-Goal-Publisher-ROS2/install/object_tracking_messages/include/object_tracking_messages/object_tracking_messages/msg/detail/detected_person__traits.hpp
[6.620s] -- Symlinking: /home/student/Desktop/Follow-Person-Goal-Publisher-ROS2/install/object_tracking_messages/include/object_tracking_messages/object_tracking_messages/msg/detail/detected_persons__builder.hpp
[6.634s] -- Symlinking: /home/student/Desktop/Follow-Person-Goal-Publisher-ROS2/install/object_tracking_messages/include/object_tracking_messages/object_tracking_messages/msg/detail/detected_persons__struct.hpp
[6.648s] -- Symlinking: /home/student/Desktop/Follow-Person-Goal-Publisher-ROS2/install/object_tracking_messages/include/object_tracking_messages/object_tracking_messages/msg/detail/detected_persons__traits.hpp
[6.662s] -- Symlinking: /home/student/Desktop/Follow-Person-Goal-Publisher-ROS2/install/object_tracking_messages/include/object_tracking_messages/object_tracking_messages/msg/detail/follow_person_state__builder.hpp
[6.674s] -- Symlinking: /home/student/Desktop/Follow-Person-Goal-Publisher-ROS2/install/object_tracking_messages/include/object_tracking_messages/object_tracking_messages/msg/detail/follow_person_state__struct.hpp
[6.689s] -- Symlinking: /home/student/Desktop/Follow-Person-Goal-Publisher-ROS2/install/object_tracking_messages/include/object_tracking_messages/object_tracking_messages/msg/detail/follow_person_state__traits.hpp
[6.718s] -- Symlinking: /home/student/Desktop/Follow-Person-Goal-Publisher-ROS2/install/object_tracking_messages/include/object_tracking_messages/object_tracking_messages/msg/detail/person_distance__builder.hpp
[6.734s] -- Symlinking: /home/student/Desktop/Follow-Person-Goal-Publisher-ROS2/install/object_tracking_messages/include/object_tracking_messages/object_tracking_messages/msg/detail/person_distance__struct.hpp
[6.747s] -- Symlinking: /home/student/Desktop/Follow-Person-Goal-Publisher-ROS2/install/object_tracking_messages/include/object_tracking_messages/object_tracking_messages/msg/detail/person_distance__traits.hpp
[6.767s] -- Symlinking: /home/student/Desktop/Follow-Person-Goal-Publisher-ROS2/install/object_tracking_messages/include/object_tracking_messages/object_tracking_messages/msg/detail/person_key_point__builder.hpp
[6.781s] -- Symlinking: /home/student/Desktop/Follow-Person-Goal-Publisher-ROS2/install/object_tracking_messages/include/object_tracking_messages/object_tracking_messages/msg/detail/person_key_point__struct.hpp
[6.809s] -- Symlinking: /home/student/Desktop/Follow-Person-Goal-Publisher-ROS2/install/object_tracking_messages/include/object_tracking_messages/object_tracking_messages/msg/detail/person_key_point__traits.hpp
[6.823s] -- Symlinking: /home/student/Desktop/Follow-Person-Goal-Publisher-ROS2/install/object_tracking_messages/include/object_tracking_messages/object_tracking_messages/msg/detected_person.hpp
[6.837s] -- Symlinking: /home/student/Desktop/Follow-Person-Goal-Publisher-ROS2/install/object_tracking_messages/include/object_tracking_messages/object_tracking_messages/msg/detected_persons.hpp
[6.852s] -- Symlinking: /home/student/Desktop/Follow-Person-Goal-Publisher-ROS2/install/object_tracking_messages/include/object_tracking_messages/object_tracking_messages/msg/follow_person_state.hpp
[6.870s] -- Symlinking: /home/student/Desktop/Follow-Person-Goal-Publisher-ROS2/install/object_tracking_messages/include/object_tracking_messages/object_tracking_messages/msg/person_distance.hpp
[6.897s] -- Symlinking: /home/student/Desktop/Follow-Person-Goal-Publisher-ROS2/install/object_tracking_messages/include/object_tracking_messages/object_tracking_messages/msg/person_key_point.hpp
[6.925s] -- Symlinking: /home/student/Desktop/Follow-Person-Goal-Publisher-ROS2/install/object_tracking_messages/include/object_tracking_messages/object_tracking_messages/msg/detail/bounding_box__rosidl_typesupport_fastrtps_cpp.hpp
[6.952s] -- Symlinking: /home/student/Desktop/Follow-Person-Goal-Publisher-ROS2/install/object_tracking_messages/include/object_tracking_messages/object_tracking_messages/msg/detail/detected_person__rosidl_typesupport_fastrtps_cpp.hpp
[6.983s] -- Symlinking: /home/student/Desktop/Follow-Person-Goal-Publisher-ROS2/install/object_tracking_messages/include/object_tracking_messages/object_tracking_messages/msg/detail/detected_persons__rosidl_typesupport_fastrtps_cpp.hpp
[7.025s] -- Symlinking: /home/student/Desktop/Follow-Person-Goal-Publisher-ROS2/install/object_tracking_messages/include/object_tracking_messages/object_tracking_messages/msg/detail/follow_person_state__rosidl_typesupport_fastrtps_cpp.hpp
[7.042s] -- Symlinking: /home/student/Desktop/Follow-Person-Goal-Publisher-ROS2/install/object_tracking_messages/include/object_tracking_messages/object_tracking_messages/msg/detail/person_distance__rosidl_typesupport_fastrtps_cpp.hpp
[7.086s] -- Symlinking: /home/student/Desktop/Follow-Person-Goal-Publisher-ROS2/install/object_tracking_messages/include/object_tracking_messages/object_tracking_messages/msg/detail/person_key_point__rosidl_typesupport_fastrtps_cpp.hpp
[7.101s] -- Symlinking: /home/student/Desktop/Follow-Person-Goal-Publisher-ROS2/install/object_tracking_messages/include/object_tracking_messages/object_tracking_messages/msg/rosidl_typesupport_fastrtps_cpp__visibility_control.h
[7.114s] -- Symlinking: /home/student/Desktop/Follow-Person-Goal-Publisher-ROS2/install/object_tracking_messages/include/object_tracking_messages/object_tracking_messages/msg/detail/bounding_box__rosidl_typesupport_introspection_cpp.hpp
[7.131s] -- Symlinking: /home/student/Desktop/Follow-Person-Goal-Publisher-ROS2/install/object_tracking_messages/include/object_tracking_messages/object_tracking_messages/msg/detail/detected_person__rosidl_typesupport_introspection_cpp.hpp
[7.144s] -- Symlinking: /home/student/Desktop/Follow-Person-Goal-Publisher-ROS2/install/object_tracking_messages/include/object_tracking_messages/object_tracking_messages/msg/detail/detected_persons__rosidl_typesupport_introspection_cpp.hpp
[7.158s] -- Symlinking: /home/student/Desktop/Follow-Person-Goal-Publisher-ROS2/install/object_tracking_messages/include/object_tracking_messages/object_tracking_messages/msg/detail/follow_person_state__rosidl_typesupport_introspection_cpp.hpp
[7.171s] -- Symlinking: /home/student/Desktop/Follow-Person-Goal-Publisher-ROS2/install/object_tracking_messages/include/object_tracking_messages/object_tracking_messages/msg/detail/person_distance__rosidl_typesupport_introspection_cpp.hpp
[7.185s] -- Symlinking: /home/student/Desktop/Follow-Person-Goal-Publisher-ROS2/install/object_tracking_messages/include/object_tracking_messages/object_tracking_messages/msg/detail/person_key_point__rosidl_typesupport_introspection_cpp.hpp
[7.198s] -- Symlinking: /home/student/Desktop/Follow-Person-Goal-Publisher-ROS2/install/object_tracking_messages/share/object_tracking_messages/environment/pythonpath.sh
[7.210s] -- Symlinking: /home/student/Desktop/Follow-Person-Goal-Publisher-ROS2/install/object_tracking_messages/share/object_tracking_messages/environment/pythonpath.dsv
[7.254s] -- Symlinking: /home/student/Desktop/Follow-Person-Goal-Publisher-ROS2/install/object_tracking_messages/local/lib/python3.10/dist-packages/object_tracking_messages-0.0.0-py3.10.egg-info/PKG-INFO
[7.283s] -- Symlinking: /home/student/Desktop/Follow-Person-Goal-Publisher-ROS2/install/object_tracking_messages/local/lib/python3.10/dist-packages/object_tracking_messages-0.0.0-py3.10.egg-info/SOURCES.txt
[7.297s] -- Symlinking: /home/student/Desktop/Follow-Person-Goal-Publisher-ROS2/install/object_tracking_messages/local/lib/python3.10/dist-packages/object_tracking_messages-0.0.0-py3.10.egg-info/dependency_links.txt
[7.311s] -- Symlinking: /home/student/Desktop/Follow-Person-Goal-Publisher-ROS2/install/object_tracking_messages/local/lib/python3.10/dist-packages/object_tracking_messages-0.0.0-py3.10.egg-info/top_level.txt
[7.326s] -- Symlinking: /home/student/Desktop/Follow-Person-Goal-Publisher-ROS2/install/object_tracking_messages/local/lib/python3.10/dist-packages/object_tracking_messages/__init__.py
[7.350s] -- Symlinking: /home/student/Desktop/Follow-Person-Goal-Publisher-ROS2/install/object_tracking_messages/local/lib/python3.10/dist-packages/object_tracking_messages/_object_tracking_messages_s.ep.rosidl_typesupport_c.c
[7.363s] -- Symlinking: /home/student/Desktop/Follow-Person-Goal-Publisher-ROS2/install/object_tracking_messages/local/lib/python3.10/dist-packages/object_tracking_messages/_object_tracking_messages_s.ep.rosidl_typesupport_fastrtps_c.c
[7.379s] -- Symlinking: /home/student/Desktop/Follow-Person-Goal-Publisher-ROS2/install/object_tracking_messages/local/lib/python3.10/dist-packages/object_tracking_messages/_object_tracking_messages_s.ep.rosidl_typesupport_introspection_c.c
[7.393s] -- Symlinking: /home/student/Desktop/Follow-Person-Goal-Publisher-ROS2/install/object_tracking_messages/local/lib/python3.10/dist-packages/object_tracking_messages/libobject_tracking_messages__rosidl_generator_py.so
[7.407s] -- Symlinking: /home/student/Desktop/Follow-Person-Goal-Publisher-ROS2/install/object_tracking_messages/local/lib/python3.10/dist-packages/object_tracking_messages/msg/__init__.py
[7.420s] -- Symlinking: /home/student/Desktop/Follow-Person-Goal-Publisher-ROS2/install/object_tracking_messages/local/lib/python3.10/dist-packages/object_tracking_messages/msg/_bounding_box.py
[7.435s] -- Symlinking: /home/student/Desktop/Follow-Person-Goal-Publisher-ROS2/install/object_tracking_messages/local/lib/python3.10/dist-packages/object_tracking_messages/msg/_bounding_box_s.c
[7.474s] -- Symlinking: /home/student/Desktop/Follow-Person-Goal-Publisher-ROS2/install/object_tracking_messages/local/lib/python3.10/dist-packages/object_tracking_messages/msg/_detected_person.py
[7.496s] -- Symlinking: /home/student/Desktop/Follow-Person-Goal-Publisher-ROS2/install/object_tracking_messages/local/lib/python3.10/dist-packages/object_tracking_messages/msg/_detected_person_s.c
[7.509s] -- Symlinking: /home/student/Desktop/Follow-Person-Goal-Publisher-ROS2/install/object_tracking_messages/local/lib/python3.10/dist-packages/object_tracking_messages/msg/_detected_persons.py
[7.524s] -- Symlinking: /home/student/Desktop/Follow-Person-Goal-Publisher-ROS2/install/object_tracking_messages/local/lib/python3.10/dist-packages/object_tracking_messages/msg/_detected_persons_s.c
[7.537s] -- Symlinking: /home/student/Desktop/Follow-Person-Goal-Publisher-ROS2/install/object_tracking_messages/local/lib/python3.10/dist-packages/object_tracking_messages/msg/_follow_person_state.py
[7.551s] -- Symlinking: /home/student/Desktop/Follow-Person-Goal-Publisher-ROS2/install/object_tracking_messages/local/lib/python3.10/dist-packages/object_tracking_messages/msg/_follow_person_state_s.c
[7.576s] -- Symlinking: /home/student/Desktop/Follow-Person-Goal-Publisher-ROS2/install/object_tracking_messages/local/lib/python3.10/dist-packages/object_tracking_messages/msg/_person_distance.py
[7.594s] -- Symlinking: /home/student/Desktop/Follow-Person-Goal-Publisher-ROS2/install/object_tracking_messages/local/lib/python3.10/dist-packages/object_tracking_messages/msg/_person_distance_s.c
[7.610s] -- Symlinking: /home/student/Desktop/Follow-Person-Goal-Publisher-ROS2/install/object_tracking_messages/local/lib/python3.10/dist-packages/object_tracking_messages/msg/_person_key_point.py
[7.622s] -- Symlinking: /home/student/Desktop/Follow-Person-Goal-Publisher-ROS2/install/object_tracking_messages/local/lib/python3.10/dist-packages/object_tracking_messages/msg/_person_key_point_s.c
[7.640s] -- Symlinking: /home/student/Desktop/Follow-Person-Goal-Publisher-ROS2/install/object_tracking_messages/local/lib/python3.10/dist-packages/object_tracking_messages/object_tracking_messages_s__rosidl_typesupport_c.cpython-310-x86_64-linux-gnu.so
[7.654s] -- Symlinking: /home/student/Desktop/Follow-Person-Goal-Publisher-ROS2/install/object_tracking_messages/local/lib/python3.10/dist-packages/object_tracking_messages/object_tracking_messages_s__rosidl_typesupport_fastrtps_c.cpython-310-x86_64-linux-gnu.so
[7.668s] -- Symlinking: /home/student/Desktop/Follow-Person-Goal-Publisher-ROS2/install/object_tracking_messages/local/lib/python3.10/dist-packages/object_tracking_messages/object_tracking_messages_s__rosidl_typesupport_introspection_c.cpython-310-x86_64-linux-gnu.so
[7.682s] -- Up-to-date symlink: /home/student/Desktop/Follow-Person-Goal-Publisher-ROS2/install/object_tracking_messages/local/lib/python3.10/dist-packages/object_tracking_messages/object_tracking_messages_s__rosidl_typesupport_fastrtps_c.cpython-310-x86_64-linux-gnu.so
[7.683s] -- Up-to-date symlink: /home/student/Desktop/Follow-Person-Goal-Publisher-ROS2/install/object_tracking_messages/local/lib/python3.10/dist-packages/object_tracking_messages/object_tracking_messages_s__rosidl_typesupport_introspection_c.cpython-310-x86_64-linux-gnu.so
[7.684s] -- Up-to-date symlink: /home/student/Desktop/Follow-Person-Goal-Publisher-ROS2/install/object_tracking_messages/local/lib/python3.10/dist-packages/object_tracking_messages/object_tracking_messages_s__rosidl_typesupport_c.cpython-310-x86_64-linux-gnu.so
[7.684s] -- Symlinking: /home/student/Desktop/Follow-Person-Goal-Publisher-ROS2/install/object_tracking_messages/share/object_tracking_messages/msg/BoundingBox.idl
[7.697s] -- Symlinking: /home/student/Desktop/Follow-Person-Goal-Publisher-ROS2/install/object_tracking_messages/share/object_tracking_messages/msg/PersonKeyPoint.idl
[7.712s] -- Symlinking: /home/student/Desktop/Follow-Person-Goal-Publisher-ROS2/install/object_tracking_messages/share/object_tracking_messages/msg/DetectedPerson.idl
[7.725s] -- Symlinking: /home/student/Desktop/Follow-Person-Goal-Publisher-ROS2/install/object_tracking_messages/share/object_tracking_messages/msg/DetectedPersons.idl
[7.738s] -- Symlinking: /home/student/Desktop/Follow-Person-Goal-Publisher-ROS2/install/object_tracking_messages/share/object_tracking_messages/msg/PersonDistance.idl
[7.753s] -- Symlinking: /home/student/Desktop/Follow-Person-Goal-Publisher-ROS2/install/object_tracking_messages/share/object_tracking_messages/msg/FollowPersonState.idl
[7.765s] -- Symlinking: /home/student/Desktop/Follow-Person-Goal-Publisher-ROS2/install/object_tracking_messages/share/object_tracking_messages/msg/BoundingBox.msg
[7.779s] -- Symlinking: /home/student/Desktop/Follow-Person-Goal-Publisher-ROS2/install/object_tracking_messages/share/object_tracking_messages/msg/PersonKeyPoint.msg
[7.792s] -- Symlinking: /home/student/Desktop/Follow-Person-Goal-Publisher-ROS2/install/object_tracking_messages/share/object_tracking_messages/msg/DetectedPerson.msg
[7.826s] -- Symlinking: /home/student/Desktop/Follow-Person-Goal-Publisher-ROS2/install/object_tracking_messages/share/object_tracking_messages/msg/DetectedPersons.msg
[7.839s] -- Symlinking: /home/student/Desktop/Follow-Person-Goal-Publisher-ROS2/install/object_tracking_messages/share/object_tracking_messages/msg/PersonDistance.msg
[7.853s] -- Symlinking: /home/student/Desktop/Follow-Person-Goal-Publisher-ROS2/install/object_tracking_messages/share/object_tracking_messages/msg/FollowPersonState.msg
[7.872s] -- Symlinking: /home/student/Desktop/Follow-Person-Goal-Publisher-ROS2/install/object_tracking_messages/share/ament_index/resource_index/package_run_dependencies/object_tracking_messages
[7.887s] -- Symlinking: /home/student/Desktop/Follow-Person-Goal-Publisher-ROS2/install/object_tracking_messages/share/ament_index/resource_index/parent_prefix_path/object_tracking_messages
[7.901s] -- Symlinking: /home/student/Desktop/Follow-Person-Goal-Publisher-ROS2/install/object_tracking_messages/share/object_tracking_messages/environment/ament_prefix_path.sh
[7.916s] -- Symlinking: /home/student/Desktop/Follow-Person-Goal-Publisher-ROS2/install/object_tracking_messages/share/object_tracking_messages/environment/ament_prefix_path.dsv
[7.931s] -- Symlinking: /home/student/Desktop/Follow-Person-Goal-Publisher-ROS2/install/object_tracking_messages/share/object_tracking_messages/environment/path.sh
[7.944s] -- Symlinking: /home/student/Desktop/Follow-Person-Goal-Publisher-ROS2/install/object_tracking_messages/share/object_tracking_messages/environment/path.dsv
[7.959s] -- Symlinking: /home/student/Desktop/Follow-Person-Goal-Publisher-ROS2/install/object_tracking_messages/share/object_tracking_messages/local_setup.bash
[7.973s] -- Symlinking: /home/student/Desktop/Follow-Person-Goal-Publisher-ROS2/install/object_tracking_messages/share/object_tracking_messages/local_setup.sh
[7.987s] -- Symlinking: /home/student/Desktop/Follow-Person-Goal-Publisher-ROS2/install/object_tracking_messages/share/object_tracking_messages/local_setup.zsh
[8.001s] -- Symlinking: /home/student/Desktop/Follow-Person-Goal-Publisher-ROS2/install/object_tracking_messages/share/object_tracking_messages/local_setup.dsv
[8.016s] -- Symlinking: /home/student/Desktop/Follow-Person-Goal-Publisher-ROS2/install/object_tracking_messages/share/object_tracking_messages/package.dsv
[8.030s] -- Symlinking: /home/student/Desktop/Follow-Person-Goal-Publisher-ROS2/install/object_tracking_messages/share/ament_index/resource_index/packages/object_tracking_messages
[8.043s] -- Symlinking: /home/student/Desktop/Follow-Person-Goal-Publisher-ROS2/install/object_tracking_messages/share/object_tracking_messages/cmake/rosidl_cmake-extras.cmake
[8.057s] -- Symlinking: /home/student/Desktop/Follow-Person-Goal-Publisher-ROS2/install/object_tracking_messages/share/object_tracking_messages/cmake/ament_cmake_export_include_directories-extras.cmake
[8.070s] -- Symlinking: /home/student/Desktop/Follow-Person-Goal-Publisher-ROS2/install/object_tracking_messages/share/object_tracking_messages/cmake/ament_cmake_export_libraries-extras.cmake
[8.084s] -- Symlinking: /home/student/Desktop/Follow-Person-Goal-Publisher-ROS2/install/object_tracking_messages/share/object_tracking_messages/cmake/ament_cmake_export_targets-extras.cmake
[8.093s] -- Symlinking: /home/student/Desktop/Follow-Person-Goal-Publisher-ROS2/install/object_tracking_messages/share/object_tracking_messages/cmake/rosidl_cmake_export_typesupport_targets-extras.cmake
[8.103s] -- Symlinking: /home/student/Desktop/Follow-Person-Goal-Publisher-ROS2/install/object_tracking_messages/share/object_tracking_messages/cmake/ament_cmake_export_dependencies-extras.cmake
[8.112s] -- Symlinking: /home/student/Desktop/Follow-Person-Goal-Publisher-ROS2/install/object_tracking_messages/share/object_tracking_messages/cmake/rosidl_cmake_export_typesupport_libraries-extras.cmake
[8.122s] -- Symlinking: /home/student/Desktop/Follow-Person-Goal-Publisher-ROS2/install/object_tracking_messages/share/object_tracking_messages/cmake/object_tracking_messagesConfig.cmake
[8.131s] -- Symlinking: /home/student/Desktop/Follow-Person-Goal-Publisher-ROS2/install/object_tracking_messages/share/object_tracking_messages/cmake/object_tracking_messagesConfig-version.cmake
[8.139s] -- Symlinking: /home/student/Desktop/Follow-Person-Goal-Publisher-ROS2/install/object_tracking_messages/share/object_tracking_messages/package.xml
[8.150s] -- Installing: /home/student/Desktop/Follow-Person-Goal-Publisher-ROS2/install/object_tracking_messages/lib/libobject_tracking_messages__rosidl_generator_c.so
[8.150s] -- Set runtime path of "/home/student/Desktop/Follow-Person-Goal-Publisher-ROS2/install/object_tracking_messages/lib/libobject_tracking_messages__rosidl_generator_c.so" to ""
[8.151s] -- Installing: /home/student/Desktop/Follow-Person-Goal-Publisher-ROS2/install/object_tracking_messages/lib/libobject_tracking_messages__rosidl_typesupport_fastrtps_c.so
[8.151s] -- Set runtime path of "/home/student/Desktop/Follow-Person-Goal-Publisher-ROS2/install/object_tracking_messages/lib/libobject_tracking_messages__rosidl_typesupport_fastrtps_c.so" to ""
[8.151s] -- Installing: /home/student/Desktop/Follow-Person-Goal-Publisher-ROS2/install/object_tracking_messages/lib/libobject_tracking_messages__rosidl_typesupport_introspection_c.so
[8.152s] -- Set runtime path of "/home/student/Desktop/Follow-Person-Goal-Publisher-ROS2/install/object_tracking_messages/lib/libobject_tracking_messages__rosidl_typesupport_introspection_c.so" to ""
[8.152s] -- Installing: /home/student/Desktop/Follow-Person-Goal-Publisher-ROS2/install/object_tracking_messages/lib/libobject_tracking_messages__rosidl_typesupport_c.so
[8.152s] -- Set runtime path of "/home/student/Desktop/Follow-Person-Goal-Publisher-ROS2/install/object_tracking_messages/lib/libobject_tracking_messages__rosidl_typesupport_c.so" to ""
[8.152s] -- Installing: /home/student/Desktop/Follow-Person-Goal-Publisher-ROS2/install/object_tracking_messages/lib/libobject_tracking_messages__rosidl_typesupport_fastrtps_cpp.so
[8.153s] -- Set runtime path of "/home/student/Desktop/Follow-Person-Goal-Publisher-ROS2/install/object_tracking_messages/lib/libobject_tracking_messages__rosidl_typesupport_fastrtps_cpp.so" to ""
[8.153s] -- Installing: /home/student/Desktop/Follow-Person-Goal-Publisher-ROS2/install/object_tracking_messages/lib/libobject_tracking_messages__rosidl_typesupport_introspection_cpp.so
[8.154s] -- Set runtime path of "/home/student/Desktop/Follow-Person-Goal-Publisher-ROS2/install/object_tracking_messages/lib/libobject_tracking_messages__rosidl_typesupport_introspection_cpp.so" to ""
[8.154s] -- Installing: /home/student/Desktop/Follow-Person-Goal-Publisher-ROS2/install/object_tracking_messages/lib/libobject_tracking_messages__rosidl_typesupport_cpp.so
[8.154s] -- Set runtime path of "/home/student/Desktop/Follow-Person-Goal-Publisher-ROS2/install/object_tracking_messages/lib/libobject_tracking_messages__rosidl_typesupport_cpp.so" to ""
[8.194s] Listing '/home/student/Desktop/Follow-Person-Goal-Publisher-ROS2/install/object_tracking_messages/local/lib/python3.10/dist-packages/object_tracking_messages'...
[8.194s] Compiling '/home/student/Desktop/Follow-Person-Goal-Publisher-ROS2/install/object_tracking_messages/local/lib/python3.10/dist-packages/object_tracking_messages/__init__.py'...
[8.194s] Listing '/home/student/Desktop/Follow-Person-Goal-Publisher-ROS2/install/object_tracking_messages/local/lib/python3.10/dist-packages/object_tracking_messages/msg'...
[8.194s] Compiling '/home/student/Desktop/Follow-Person-Goal-Publisher-ROS2/install/object_tracking_messages/local/lib/python3.10/dist-packages/object_tracking_messages/msg/__init__.py'...
[8.194s] Compiling '/home/student/Desktop/Follow-Person-Goal-Publisher-ROS2/install/object_tracking_messages/local/lib/python3.10/dist-packages/object_tracking_messages/msg/_bounding_box.py'...
[8.195s] Compiling '/home/student/Desktop/Follow-Person-Goal-Publisher-ROS2/install/object_tracking_messages/local/lib/python3.10/dist-packages/object_tracking_messages/msg/_detected_person.py'...
[8.195s] Compiling '/home/student/Desktop/Follow-Person-Goal-Publisher-ROS2/install/object_tracking_messages/local/lib/python3.10/dist-packages/object_tracking_messages/msg/_detected_persons.py'...
[8.195s] Compiling '/home/student/Desktop/Follow-Person-Goal-Publisher-ROS2/install/object_tracking_messages/local/lib/python3.10/dist-packages/object_tracking_messages/msg/_follow_person_state.py'...
[8.195s] Compiling '/home/student/Desktop/Follow-Person-Goal-Publisher-ROS2/install/object_tracking_messages/local/lib/python3.10/dist-packages/object_tracking_messages/msg/_person_distance.py'...
[8.195s] Compiling '/home/student/Desktop/Follow-Person-Goal-Publisher-ROS2/install/object_tracking_messages/local/lib/python3.10/dist-packages/object_tracking_messages/msg/_person_key_point.py'...
[8.199s] -- Installing: /home/student/Desktop/Follow-Person-Goal-Publisher-ROS2/install/object_tracking_messages/lib/libobject_tracking_messages__rosidl_generator_py.so
[8.199s] -- Set runtime path of "/home/student/Desktop/Follow-Person-Goal-Publisher-ROS2/install/object_tracking_messages/lib/libobject_tracking_messages__rosidl_generator_py.so" to ""
[8.199s] -- Installing: /home/student/Desktop/Follow-Person-Goal-Publisher-ROS2/install/object_tracking_messages/share/object_tracking_messages/cmake/export_object_tracking_messages__rosidl_generator_cExport.cmake
[8.199s] -- Installing: /home/student/Desktop/Follow-Person-Goal-Publisher-ROS2/install/object_tracking_messages/share/object_tracking_messages/cmake/export_object_tracking_messages__rosidl_generator_cExport-noconfig.cmake
[8.200s] -- Installing: /home/student/Desktop/Follow-Person-Goal-Publisher-ROS2/install/object_tracking_messages/share/object_tracking_messages/cmake/export_object_tracking_messages__rosidl_typesupport_fastrtps_cExport.cmake
[8.200s] -- Installing: /home/student/Desktop/Follow-Person-Goal-Publisher-ROS2/install/object_tracking_messages/share/object_tracking_messages/cmake/export_object_tracking_messages__rosidl_typesupport_fastrtps_cExport-noconfig.cmake
[8.200s] -- Installing: /home/student/Desktop/Follow-Person-Goal-Publisher-ROS2/install/object_tracking_messages/share/object_tracking_messages/cmake/object_tracking_messages__rosidl_typesupport_introspection_cExport.cmake
[8.200s] -- Installing: /home/student/Desktop/Follow-Person-Goal-Publisher-ROS2/install/object_tracking_messages/share/object_tracking_messages/cmake/object_tracking_messages__rosidl_typesupport_introspection_cExport-noconfig.cmake
[8.200s] -- Installing: /home/student/Desktop/Follow-Person-Goal-Publisher-ROS2/install/object_tracking_messages/share/object_tracking_messages/cmake/object_tracking_messages__rosidl_typesupport_cExport.cmake
[8.200s] -- Installing: /home/student/Desktop/Follow-Person-Goal-Publisher-ROS2/install/object_tracking_messages/share/object_tracking_messages/cmake/object_tracking_messages__rosidl_typesupport_cExport-noconfig.cmake
[8.200s] -- Installing: /home/student/Desktop/Follow-Person-Goal-Publisher-ROS2/install/object_tracking_messages/share/object_tracking_messages/cmake/export_object_tracking_messages__rosidl_generator_cppExport.cmake
[8.200s] -- Installing: /home/student/Desktop/Follow-Person-Goal-Publisher-ROS2/install/object_tracking_messages/share/object_tracking_messages/cmake/export_object_tracking_messages__rosidl_typesupport_fastrtps_cppExport.cmake
[8.200s] -- Installing: /home/student/Desktop/Follow-Person-Goal-Publisher-ROS2/install/object_tracking_messages/share/object_tracking_messages/cmake/export_object_tracking_messages__rosidl_typesupport_fastrtps_cppExport-noconfig.cmake
[8.201s] -- Installing: /home/student/Desktop/Follow-Person-Goal-Publisher-ROS2/install/object_tracking_messages/share/object_tracking_messages/cmake/object_tracking_messages__rosidl_typesupport_introspection_cppExport.cmake
[8.201s] -- Installing: /home/student/Desktop/Follow-Person-Goal-Publisher-ROS2/install/object_tracking_messages/share/object_tracking_messages/cmake/object_tracking_messages__rosidl_typesupport_introspection_cppExport-noconfig.cmake
[8.201s] -- Installing: /home/student/Desktop/Follow-Person-Goal-Publisher-ROS2/install/object_tracking_messages/share/object_tracking_messages/cmake/object_tracking_messages__rosidl_typesupport_cppExport.cmake
[8.201s] -- Installing: /home/student/Desktop/Follow-Person-Goal-Publisher-ROS2/install/object_tracking_messages/share/object_tracking_messages/cmake/object_tracking_messages__rosidl_typesupport_cppExport-noconfig.cmake
[8.201s] -- Installing: /home/student/Desktop/Follow-Person-Goal-Publisher-ROS2/install/object_tracking_messages/share/object_tracking_messages/cmake/export_object_tracking_messages__rosidl_generator_pyExport.cmake
[8.201s] -- Installing: /home/student/Desktop/Follow-Person-Goal-Publisher-ROS2/install/object_tracking_messages/share/object_tracking_messages/cmake/export_object_tracking_messages__rosidl_generator_pyExport-noconfig.cmake
[8.204s] Invoked command in '/home/student/Desktop/Follow-Person-Goal-Publisher-ROS2/build/object_tracking_messages' returned '0': CMAKE_PREFIX_PATH=${CMAKE_PREFIX_PATH}:/home/student/Desktop/Follow-Person-Goal-Publisher-ROS2/install/follow_person_main:/opt/ros/humble /usr/bin/cmake --install /home/student/Desktop/Follow-Person-Goal-Publisher-ROS2/build/object_tracking_messages
