[0.661s] Invoking command in '/home/student/Desktop/workspace/build/object_tracking_messages': CMAKE_PREFIX_PATH=${CMAKE_PREFIX_PATH}:/home/student/Desktop/workspace/install/yolo_tracking:/home/student/Desktop/workspace/install/sensor_presentation:/home/student/Desktop/workspace/install/position_estimation:/home/student/Desktop/workspace/install/ouster_voxel_filter:/home/student/Desktop/workspace/install/navigation:/home/student/Desktop/workspace/install/main:/opt/ros/humble /home/student/.local/bin/cmake --build /home/student/Desktop/workspace/build/object_tracking_messages -- -j16 -l16
[1.547s] [  1%] Built target object_tracking_messages__cpp
[1.547s] [  3%] Built target ament_cmake_python_symlink_object_tracking_messages
[1.548s] [ 12%] Built target object_tracking_messages__rosidl_generator_c
[1.548s] [ 23%] Built target object_tracking_messages__rosidl_typesupport_cpp
[1.548s] [ 34%] Built target object_tracking_messages__rosidl_typesupport_c
[1.548s] [ 45%] Built target object_tracking_messages__rosidl_typesupport_fastrtps_cpp
[1.548s] [ 58%] Built target object_tracking_messages__rosidl_typesupport_introspection_cpp
[1.548s] [ 67%] Built target object_tracking_messages__rosidl_typesupport_introspection_c
[1.548s] [ 78%] Built target object_tracking_messages__rosidl_typesupport_fastrtps_c
[1.548s] [ 78%] Built target object_tracking_messages
[1.548s] [ 80%] Built target object_tracking_messages__py
[1.548s] [ 89%] Built target object_tracking_messages__rosidl_generator_py
[1.548s] [ 92%] Built target object_tracking_messages__rosidl_typesupport_introspection_c__pyext
[1.548s] [100%] Built target object_tracking_messages__rosidl_typesupport_fastrtps_c__pyext
[1.548s] [100%] Built target object_tracking_messages__rosidl_typesupport_c__pyext
[1.548s] running egg_info
[1.548s] writing object_tracking_messages.egg-info/PKG-INFO
[1.548s] writing dependency_links to object_tracking_messages.egg-info/dependency_links.txt
[1.548s] writing top-level names to object_tracking_messages.egg-info/top_level.txt
[1.548s] reading manifest file 'object_tracking_messages.egg-info/SOURCES.txt'
[1.549s] writing manifest file 'object_tracking_messages.egg-info/SOURCES.txt'
[1.549s] [100%] Built target ament_cmake_python_build_object_tracking_messages_egg
[1.855s] Invoked command in '/home/student/Desktop/workspace/build/object_tracking_messages' returned '0': CMAKE_PREFIX_PATH=${CMAKE_PREFIX_PATH}:/home/student/Desktop/workspace/install/yolo_tracking:/home/student/Desktop/workspace/install/sensor_presentation:/home/student/Desktop/workspace/install/position_estimation:/home/student/Desktop/workspace/install/ouster_voxel_filter:/home/student/Desktop/workspace/install/navigation:/home/student/Desktop/workspace/install/main:/opt/ros/humble /home/student/.local/bin/cmake --build /home/student/Desktop/workspace/build/object_tracking_messages -- -j16 -l16
[2.113s] Invoking command in '/home/student/Desktop/workspace/build/object_tracking_messages': CMAKE_PREFIX_PATH=${CMAKE_PREFIX_PATH}:/home/student/Desktop/workspace/install/yolo_tracking:/home/student/Desktop/workspace/install/sensor_presentation:/home/student/Desktop/workspace/install/position_estimation:/home/student/Desktop/workspace/install/ouster_voxel_filter:/home/student/Desktop/workspace/install/navigation:/home/student/Desktop/workspace/install/main:/opt/ros/humble /home/student/.local/bin/cmake --install /home/student/Desktop/workspace/build/object_tracking_messages
[2.157s] -- Install configuration: ""
[2.158s] -- Execute custom install script
[2.158s] -- Up-to-date symlink: /home/student/Desktop/workspace/install/object_tracking_messages/share/ament_index/resource_index/rosidl_interfaces/object_tracking_messages
[2.159s] -- Up-to-date symlink: /home/student/Desktop/workspace/install/object_tracking_messages/include/object_tracking_messages/object_tracking_messages/msg/bounding_box.h
[2.159s] -- Up-to-date symlink: /home/student/Desktop/workspace/install/object_tracking_messages/include/object_tracking_messages/object_tracking_messages/msg/detail/bounding_box__functions.h
[2.159s] -- Up-to-date symlink: /home/student/Desktop/workspace/install/object_tracking_messages/include/object_tracking_messages/object_tracking_messages/msg/detail/bounding_box__struct.h
[2.159s] -- Up-to-date symlink: /home/student/Desktop/workspace/install/object_tracking_messages/include/object_tracking_messages/object_tracking_messages/msg/detail/bounding_box__type_support.h
[2.159s] -- Up-to-date symlink: /home/student/Desktop/workspace/install/object_tracking_messages/include/object_tracking_messages/object_tracking_messages/msg/detail/detected_person__functions.h
[2.160s] -- Up-to-date symlink: /home/student/Desktop/workspace/install/object_tracking_messages/include/object_tracking_messages/object_tracking_messages/msg/detail/detected_person__struct.h
[2.160s] -- Up-to-date symlink: /home/student/Desktop/workspace/install/object_tracking_messages/include/object_tracking_messages/object_tracking_messages/msg/detail/detected_person__type_support.h
[2.160s] -- Up-to-date symlink: /home/student/Desktop/workspace/install/object_tracking_messages/include/object_tracking_messages/object_tracking_messages/msg/detail/detected_persons__functions.h
[2.160s] -- Up-to-date symlink: /home/student/Desktop/workspace/install/object_tracking_messages/include/object_tracking_messages/object_tracking_messages/msg/detail/detected_persons__struct.h
[2.160s] -- Up-to-date symlink: /home/student/Desktop/workspace/install/object_tracking_messages/include/object_tracking_messages/object_tracking_messages/msg/detail/detected_persons__type_support.h
[2.160s] -- Up-to-date symlink: /home/student/Desktop/workspace/install/object_tracking_messages/include/object_tracking_messages/object_tracking_messages/msg/detail/person_distance__functions.h
[2.161s] -- Up-to-date symlink: /home/student/Desktop/workspace/install/object_tracking_messages/include/object_tracking_messages/object_tracking_messages/msg/detail/person_distance__struct.h
[2.161s] -- Up-to-date symlink: /home/student/Desktop/workspace/install/object_tracking_messages/include/object_tracking_messages/object_tracking_messages/msg/detail/person_distance__type_support.h
[2.161s] -- Up-to-date symlink: /home/student/Desktop/workspace/install/object_tracking_messages/include/object_tracking_messages/object_tracking_messages/msg/detected_person.h
[2.161s] -- Up-to-date symlink: /home/student/Desktop/workspace/install/object_tracking_messages/include/object_tracking_messages/object_tracking_messages/msg/detected_persons.h
[2.161s] -- Up-to-date symlink: /home/student/Desktop/workspace/install/object_tracking_messages/include/object_tracking_messages/object_tracking_messages/msg/person_distance.h
[2.162s] -- Up-to-date symlink: /home/student/Desktop/workspace/install/object_tracking_messages/include/object_tracking_messages/object_tracking_messages/msg/rosidl_generator_c__visibility_control.h
[2.162s] -- Up-to-date symlink: /home/student/Desktop/workspace/install/object_tracking_messages/share/object_tracking_messages/environment/library_path.sh
[2.162s] -- Up-to-date symlink: /home/student/Desktop/workspace/install/object_tracking_messages/share/object_tracking_messages/environment/library_path.dsv
[2.162s] -- Up-to-date symlink: /home/student/Desktop/workspace/install/object_tracking_messages/include/object_tracking_messages/object_tracking_messages/msg/detail/bounding_box__rosidl_typesupport_fastrtps_c.h
[2.162s] -- Up-to-date symlink: /home/student/Desktop/workspace/install/object_tracking_messages/include/object_tracking_messages/object_tracking_messages/msg/detail/detected_person__rosidl_typesupport_fastrtps_c.h
[2.163s] -- Up-to-date symlink: /home/student/Desktop/workspace/install/object_tracking_messages/include/object_tracking_messages/object_tracking_messages/msg/detail/detected_persons__rosidl_typesupport_fastrtps_c.h
[2.163s] -- Up-to-date symlink: /home/student/Desktop/workspace/install/object_tracking_messages/include/object_tracking_messages/object_tracking_messages/msg/detail/person_distance__rosidl_typesupport_fastrtps_c.h
[2.163s] -- Up-to-date symlink: /home/student/Desktop/workspace/install/object_tracking_messages/include/object_tracking_messages/object_tracking_messages/msg/rosidl_typesupport_fastrtps_c__visibility_control.h
[2.163s] -- Up-to-date symlink: /home/student/Desktop/workspace/install/object_tracking_messages/include/object_tracking_messages/object_tracking_messages/msg/detail/bounding_box__rosidl_typesupport_introspection_c.h
[2.164s] -- Up-to-date symlink: /home/student/Desktop/workspace/install/object_tracking_messages/include/object_tracking_messages/object_tracking_messages/msg/detail/detected_person__rosidl_typesupport_introspection_c.h
[2.164s] -- Up-to-date symlink: /home/student/Desktop/workspace/install/object_tracking_messages/include/object_tracking_messages/object_tracking_messages/msg/detail/detected_persons__rosidl_typesupport_introspection_c.h
[2.164s] -- Up-to-date symlink: /home/student/Desktop/workspace/install/object_tracking_messages/include/object_tracking_messages/object_tracking_messages/msg/detail/person_distance__rosidl_typesupport_introspection_c.h
[2.164s] -- Up-to-date symlink: /home/student/Desktop/workspace/install/object_tracking_messages/include/object_tracking_messages/object_tracking_messages/msg/rosidl_typesupport_introspection_c__visibility_control.h
[2.165s] -- Up-to-date symlink: /home/student/Desktop/workspace/install/object_tracking_messages/include/object_tracking_messages/object_tracking_messages/msg/bounding_box.hpp
[2.165s] -- Up-to-date symlink: /home/student/Desktop/workspace/install/object_tracking_messages/include/object_tracking_messages/object_tracking_messages/msg/detail/bounding_box__builder.hpp
[2.165s] -- Up-to-date symlink: /home/student/Desktop/workspace/install/object_tracking_messages/include/object_tracking_messages/object_tracking_messages/msg/detail/bounding_box__struct.hpp
[2.166s] -- Up-to-date symlink: /home/student/Desktop/workspace/install/object_tracking_messages/include/object_tracking_messages/object_tracking_messages/msg/detail/bounding_box__traits.hpp
[2.166s] -- Up-to-date symlink: /home/student/Desktop/workspace/install/object_tracking_messages/include/object_tracking_messages/object_tracking_messages/msg/detail/detected_person__builder.hpp
[2.166s] -- Up-to-date symlink: /home/student/Desktop/workspace/install/object_tracking_messages/include/object_tracking_messages/object_tracking_messages/msg/detail/detected_person__struct.hpp
[2.166s] -- Up-to-date symlink: /home/student/Desktop/workspace/install/object_tracking_messages/include/object_tracking_messages/object_tracking_messages/msg/detail/detected_person__traits.hpp
[2.166s] -- Up-to-date symlink: /home/student/Desktop/workspace/install/object_tracking_messages/include/object_tracking_messages/object_tracking_messages/msg/detail/detected_persons__builder.hpp
[2.166s] -- Up-to-date symlink: /home/student/Desktop/workspace/install/object_tracking_messages/include/object_tracking_messages/object_tracking_messages/msg/detail/detected_persons__struct.hpp
[2.167s] -- Up-to-date symlink: /home/student/Desktop/workspace/install/object_tracking_messages/include/object_tracking_messages/object_tracking_messages/msg/detail/detected_persons__traits.hpp
[2.167s] -- Up-to-date symlink: /home/student/Desktop/workspace/install/object_tracking_messages/include/object_tracking_messages/object_tracking_messages/msg/detail/person_distance__builder.hpp
[2.167s] -- Up-to-date symlink: /home/student/Desktop/workspace/install/object_tracking_messages/include/object_tracking_messages/object_tracking_messages/msg/detail/person_distance__struct.hpp
[2.167s] -- Up-to-date symlink: /home/student/Desktop/workspace/install/object_tracking_messages/include/object_tracking_messages/object_tracking_messages/msg/detail/person_distance__traits.hpp
[2.167s] -- Up-to-date symlink: /home/student/Desktop/workspace/install/object_tracking_messages/include/object_tracking_messages/object_tracking_messages/msg/detected_person.hpp
[2.167s] -- Up-to-date symlink: /home/student/Desktop/workspace/install/object_tracking_messages/include/object_tracking_messages/object_tracking_messages/msg/detected_persons.hpp
[2.168s] -- Up-to-date symlink: /home/student/Desktop/workspace/install/object_tracking_messages/include/object_tracking_messages/object_tracking_messages/msg/person_distance.hpp
[2.168s] -- Up-to-date symlink: /home/student/Desktop/workspace/install/object_tracking_messages/include/object_tracking_messages/object_tracking_messages/msg/detail/bounding_box__rosidl_typesupport_fastrtps_cpp.hpp
[2.168s] -- Up-to-date symlink: /home/student/Desktop/workspace/install/object_tracking_messages/include/object_tracking_messages/object_tracking_messages/msg/detail/detected_person__rosidl_typesupport_fastrtps_cpp.hpp
[2.168s] -- Up-to-date symlink: /home/student/Desktop/workspace/install/object_tracking_messages/include/object_tracking_messages/object_tracking_messages/msg/detail/detected_persons__rosidl_typesupport_fastrtps_cpp.hpp
[2.168s] -- Up-to-date symlink: /home/student/Desktop/workspace/install/object_tracking_messages/include/object_tracking_messages/object_tracking_messages/msg/detail/person_distance__rosidl_typesupport_fastrtps_cpp.hpp
[2.168s] -- Up-to-date symlink: /home/student/Desktop/workspace/install/object_tracking_messages/include/object_tracking_messages/object_tracking_messages/msg/rosidl_typesupport_fastrtps_cpp__visibility_control.h
[2.169s] -- Up-to-date symlink: /home/student/Desktop/workspace/install/object_tracking_messages/include/object_tracking_messages/object_tracking_messages/msg/detail/bounding_box__rosidl_typesupport_introspection_cpp.hpp
[2.169s] -- Up-to-date symlink: /home/student/Desktop/workspace/install/object_tracking_messages/include/object_tracking_messages/object_tracking_messages/msg/detail/detected_person__rosidl_typesupport_introspection_cpp.hpp
[2.169s] -- Up-to-date symlink: /home/student/Desktop/workspace/install/object_tracking_messages/include/object_tracking_messages/object_tracking_messages/msg/detail/detected_persons__rosidl_typesupport_introspection_cpp.hpp
[2.169s] -- Up-to-date symlink: /home/student/Desktop/workspace/install/object_tracking_messages/include/object_tracking_messages/object_tracking_messages/msg/detail/person_distance__rosidl_typesupport_introspection_cpp.hpp
[2.170s] -- Up-to-date symlink: /home/student/Desktop/workspace/install/object_tracking_messages/share/object_tracking_messages/environment/pythonpath.sh
[2.170s] -- Up-to-date symlink: /home/student/Desktop/workspace/install/object_tracking_messages/share/object_tracking_messages/environment/pythonpath.dsv
[2.170s] -- Up-to-date symlink: /home/student/Desktop/workspace/install/object_tracking_messages/local/lib/python3.10/dist-packages/object_tracking_messages-0.0.0-py3.10.egg-info/PKG-INFO
[2.170s] -- Up-to-date symlink: /home/student/Desktop/workspace/install/object_tracking_messages/local/lib/python3.10/dist-packages/object_tracking_messages-0.0.0-py3.10.egg-info/SOURCES.txt
[2.171s] -- Up-to-date symlink: /home/student/Desktop/workspace/install/object_tracking_messages/local/lib/python3.10/dist-packages/object_tracking_messages-0.0.0-py3.10.egg-info/dependency_links.txt
[2.171s] -- Up-to-date symlink: /home/student/Desktop/workspace/install/object_tracking_messages/local/lib/python3.10/dist-packages/object_tracking_messages-0.0.0-py3.10.egg-info/top_level.txt
[2.171s] -- Up-to-date symlink: /home/student/Desktop/workspace/install/object_tracking_messages/local/lib/python3.10/dist-packages/object_tracking_messages/__init__.py
[2.172s] -- Up-to-date symlink: /home/student/Desktop/workspace/install/object_tracking_messages/local/lib/python3.10/dist-packages/object_tracking_messages/_object_tracking_messages_s.ep.rosidl_typesupport_c.c
[2.172s] -- Up-to-date symlink: /home/student/Desktop/workspace/install/object_tracking_messages/local/lib/python3.10/dist-packages/object_tracking_messages/_object_tracking_messages_s.ep.rosidl_typesupport_fastrtps_c.c
[2.172s] -- Up-to-date symlink: /home/student/Desktop/workspace/install/object_tracking_messages/local/lib/python3.10/dist-packages/object_tracking_messages/_object_tracking_messages_s.ep.rosidl_typesupport_introspection_c.c
[2.172s] -- Up-to-date symlink: /home/student/Desktop/workspace/install/object_tracking_messages/local/lib/python3.10/dist-packages/object_tracking_messages/libobject_tracking_messages__rosidl_generator_py.so
[2.172s] -- Up-to-date symlink: /home/student/Desktop/workspace/install/object_tracking_messages/local/lib/python3.10/dist-packages/object_tracking_messages/msg/__init__.py
[2.173s] -- Up-to-date symlink: /home/student/Desktop/workspace/install/object_tracking_messages/local/lib/python3.10/dist-packages/object_tracking_messages/msg/_bounding_box.py
[2.173s] -- Up-to-date symlink: /home/student/Desktop/workspace/install/object_tracking_messages/local/lib/python3.10/dist-packages/object_tracking_messages/msg/_bounding_box_s.c
[2.173s] -- Up-to-date symlink: /home/student/Desktop/workspace/install/object_tracking_messages/local/lib/python3.10/dist-packages/object_tracking_messages/msg/_detected_person.py
[2.173s] -- Up-to-date symlink: /home/student/Desktop/workspace/install/object_tracking_messages/local/lib/python3.10/dist-packages/object_tracking_messages/msg/_detected_person_s.c
[2.173s] -- Up-to-date symlink: /home/student/Desktop/workspace/install/object_tracking_messages/local/lib/python3.10/dist-packages/object_tracking_messages/msg/_detected_persons.py
[2.173s] -- Up-to-date symlink: /home/student/Desktop/workspace/install/object_tracking_messages/local/lib/python3.10/dist-packages/object_tracking_messages/msg/_detected_persons_s.c
[2.173s] -- Up-to-date symlink: /home/student/Desktop/workspace/install/object_tracking_messages/local/lib/python3.10/dist-packages/object_tracking_messages/msg/_person_distance.py
[2.174s] -- Up-to-date symlink: /home/student/Desktop/workspace/install/object_tracking_messages/local/lib/python3.10/dist-packages/object_tracking_messages/msg/_person_distance_s.c
[2.174s] -- Up-to-date symlink: /home/student/Desktop/workspace/install/object_tracking_messages/local/lib/python3.10/dist-packages/object_tracking_messages/object_tracking_messages_s__rosidl_typesupport_c.cpython-310-x86_64-linux-gnu.so
[2.174s] -- Up-to-date symlink: /home/student/Desktop/workspace/install/object_tracking_messages/local/lib/python3.10/dist-packages/object_tracking_messages/object_tracking_messages_s__rosidl_typesupport_fastrtps_c.cpython-310-x86_64-linux-gnu.so
[2.174s] -- Up-to-date symlink: /home/student/Desktop/workspace/install/object_tracking_messages/local/lib/python3.10/dist-packages/object_tracking_messages/object_tracking_messages_s__rosidl_typesupport_introspection_c.cpython-310-x86_64-linux-gnu.so
[2.174s] -- Up-to-date symlink: /home/student/Desktop/workspace/install/object_tracking_messages/local/lib/python3.10/dist-packages/object_tracking_messages/object_tracking_messages_s__rosidl_typesupport_fastrtps_c.cpython-310-x86_64-linux-gnu.so
[2.175s] -- Up-to-date symlink: /home/student/Desktop/workspace/install/object_tracking_messages/local/lib/python3.10/dist-packages/object_tracking_messages/object_tracking_messages_s__rosidl_typesupport_introspection_c.cpython-310-x86_64-linux-gnu.so
[2.175s] -- Up-to-date symlink: /home/student/Desktop/workspace/install/object_tracking_messages/local/lib/python3.10/dist-packages/object_tracking_messages/object_tracking_messages_s__rosidl_typesupport_c.cpython-310-x86_64-linux-gnu.so
[2.175s] -- Up-to-date symlink: /home/student/Desktop/workspace/install/object_tracking_messages/share/object_tracking_messages/msg/BoundingBox.idl
[2.175s] -- Up-to-date symlink: /home/student/Desktop/workspace/install/object_tracking_messages/share/object_tracking_messages/msg/DetectedPerson.idl
[2.175s] -- Up-to-date symlink: /home/student/Desktop/workspace/install/object_tracking_messages/share/object_tracking_messages/msg/DetectedPersons.idl
[2.176s] -- Up-to-date symlink: /home/student/Desktop/workspace/install/object_tracking_messages/share/object_tracking_messages/msg/PersonDistance.idl
[2.176s] -- Up-to-date symlink: /home/student/Desktop/workspace/install/object_tracking_messages/share/object_tracking_messages/msg/BoundingBox.msg
[2.176s] -- Up-to-date symlink: /home/student/Desktop/workspace/install/object_tracking_messages/share/object_tracking_messages/msg/DetectedPerson.msg
[2.177s] -- Up-to-date symlink: /home/student/Desktop/workspace/install/object_tracking_messages/share/object_tracking_messages/msg/DetectedPersons.msg
[2.177s] -- Up-to-date symlink: /home/student/Desktop/workspace/install/object_tracking_messages/share/object_tracking_messages/msg/PersonDistance.msg
[2.177s] -- Up-to-date symlink: /home/student/Desktop/workspace/install/object_tracking_messages/share/ament_index/resource_index/package_run_dependencies/object_tracking_messages
[2.177s] -- Up-to-date symlink: /home/student/Desktop/workspace/install/object_tracking_messages/share/ament_index/resource_index/parent_prefix_path/object_tracking_messages
[2.177s] -- Up-to-date symlink: /home/student/Desktop/workspace/install/object_tracking_messages/share/object_tracking_messages/environment/ament_prefix_path.sh
[2.178s] -- Up-to-date symlink: /home/student/Desktop/workspace/install/object_tracking_messages/share/object_tracking_messages/environment/ament_prefix_path.dsv
[2.178s] -- Up-to-date symlink: /home/student/Desktop/workspace/install/object_tracking_messages/share/object_tracking_messages/environment/path.sh
[2.178s] -- Up-to-date symlink: /home/student/Desktop/workspace/install/object_tracking_messages/share/object_tracking_messages/environment/path.dsv
[2.178s] -- Up-to-date symlink: /home/student/Desktop/workspace/install/object_tracking_messages/share/object_tracking_messages/local_setup.bash
[2.178s] -- Up-to-date symlink: /home/student/Desktop/workspace/install/object_tracking_messages/share/object_tracking_messages/local_setup.sh
[2.179s] -- Up-to-date symlink: /home/student/Desktop/workspace/install/object_tracking_messages/share/object_tracking_messages/local_setup.zsh
[2.179s] -- Up-to-date symlink: /home/student/Desktop/workspace/install/object_tracking_messages/share/object_tracking_messages/local_setup.dsv
[2.179s] -- Symlinking: /home/student/Desktop/workspace/install/object_tracking_messages/share/object_tracking_messages/package.dsv
[2.182s] -- Up-to-date symlink: /home/student/Desktop/workspace/install/object_tracking_messages/share/ament_index/resource_index/packages/object_tracking_messages
[2.182s] -- Up-to-date symlink: /home/student/Desktop/workspace/install/object_tracking_messages/share/object_tracking_messages/cmake/rosidl_cmake-extras.cmake
[2.183s] -- Up-to-date symlink: /home/student/Desktop/workspace/install/object_tracking_messages/share/object_tracking_messages/cmake/ament_cmake_export_include_directories-extras.cmake
[2.183s] -- Up-to-date symlink: /home/student/Desktop/workspace/install/object_tracking_messages/share/object_tracking_messages/cmake/ament_cmake_export_libraries-extras.cmake
[2.183s] -- Up-to-date symlink: /home/student/Desktop/workspace/install/object_tracking_messages/share/object_tracking_messages/cmake/ament_cmake_export_targets-extras.cmake
[2.183s] -- Up-to-date symlink: /home/student/Desktop/workspace/install/object_tracking_messages/share/object_tracking_messages/cmake/rosidl_cmake_export_typesupport_targets-extras.cmake
[2.183s] -- Up-to-date symlink: /home/student/Desktop/workspace/install/object_tracking_messages/share/object_tracking_messages/cmake/ament_cmake_export_dependencies-extras.cmake
[2.184s] -- Up-to-date symlink: /home/student/Desktop/workspace/install/object_tracking_messages/share/object_tracking_messages/cmake/rosidl_cmake_export_typesupport_libraries-extras.cmake
[2.184s] -- Up-to-date symlink: /home/student/Desktop/workspace/install/object_tracking_messages/share/object_tracking_messages/cmake/object_tracking_messagesConfig.cmake
[2.184s] -- Up-to-date symlink: /home/student/Desktop/workspace/install/object_tracking_messages/share/object_tracking_messages/cmake/object_tracking_messagesConfig-version.cmake
[2.184s] -- Up-to-date symlink: /home/student/Desktop/workspace/install/object_tracking_messages/share/object_tracking_messages/package.xml
[2.184s] -- Up-to-date: /home/student/Desktop/workspace/install/object_tracking_messages/lib/libobject_tracking_messages__rosidl_generator_c.so
[2.185s] -- Up-to-date: /home/student/Desktop/workspace/install/object_tracking_messages/lib/libobject_tracking_messages__rosidl_typesupport_fastrtps_c.so
[2.185s] -- Up-to-date: /home/student/Desktop/workspace/install/object_tracking_messages/lib/libobject_tracking_messages__rosidl_typesupport_introspection_c.so
[2.185s] -- Up-to-date: /home/student/Desktop/workspace/install/object_tracking_messages/lib/libobject_tracking_messages__rosidl_typesupport_c.so
[2.186s] -- Up-to-date: /home/student/Desktop/workspace/install/object_tracking_messages/lib/libobject_tracking_messages__rosidl_typesupport_fastrtps_cpp.so
[2.186s] -- Up-to-date: /home/student/Desktop/workspace/install/object_tracking_messages/lib/libobject_tracking_messages__rosidl_typesupport_introspection_cpp.so
[2.186s] -- Up-to-date: /home/student/Desktop/workspace/install/object_tracking_messages/lib/libobject_tracking_messages__rosidl_typesupport_cpp.so
[2.231s] Listing '/home/student/Desktop/workspace/install/object_tracking_messages/local/lib/python3.10/dist-packages/object_tracking_messages'...
[2.231s] Listing '/home/student/Desktop/workspace/install/object_tracking_messages/local/lib/python3.10/dist-packages/object_tracking_messages/msg'...
[2.235s] -- Up-to-date: /home/student/Desktop/workspace/install/object_tracking_messages/lib/libobject_tracking_messages__rosidl_generator_py.so
[2.236s] -- Up-to-date: /home/student/Desktop/workspace/install/object_tracking_messages/share/object_tracking_messages/cmake/export_object_tracking_messages__rosidl_generator_cExport.cmake
[2.236s] -- Up-to-date: /home/student/Desktop/workspace/install/object_tracking_messages/share/object_tracking_messages/cmake/export_object_tracking_messages__rosidl_generator_cExport-noconfig.cmake
[2.236s] -- Up-to-date: /home/student/Desktop/workspace/install/object_tracking_messages/share/object_tracking_messages/cmake/export_object_tracking_messages__rosidl_typesupport_fastrtps_cExport.cmake
[2.236s] -- Up-to-date: /home/student/Desktop/workspace/install/object_tracking_messages/share/object_tracking_messages/cmake/export_object_tracking_messages__rosidl_typesupport_fastrtps_cExport-noconfig.cmake
[2.236s] -- Up-to-date: /home/student/Desktop/workspace/install/object_tracking_messages/share/object_tracking_messages/cmake/object_tracking_messages__rosidl_typesupport_introspection_cExport.cmake
[2.236s] -- Up-to-date: /home/student/Desktop/workspace/install/object_tracking_messages/share/object_tracking_messages/cmake/object_tracking_messages__rosidl_typesupport_introspection_cExport-noconfig.cmake
[2.237s] -- Up-to-date: /home/student/Desktop/workspace/install/object_tracking_messages/share/object_tracking_messages/cmake/object_tracking_messages__rosidl_typesupport_cExport.cmake
[2.237s] -- Up-to-date: /home/student/Desktop/workspace/install/object_tracking_messages/share/object_tracking_messages/cmake/object_tracking_messages__rosidl_typesupport_cExport-noconfig.cmake
[2.237s] -- Up-to-date: /home/student/Desktop/workspace/install/object_tracking_messages/share/object_tracking_messages/cmake/export_object_tracking_messages__rosidl_generator_cppExport.cmake
[2.237s] -- Up-to-date: /home/student/Desktop/workspace/install/object_tracking_messages/share/object_tracking_messages/cmake/export_object_tracking_messages__rosidl_typesupport_fastrtps_cppExport.cmake
[2.237s] -- Up-to-date: /home/student/Desktop/workspace/install/object_tracking_messages/share/object_tracking_messages/cmake/export_object_tracking_messages__rosidl_typesupport_fastrtps_cppExport-noconfig.cmake
[2.237s] -- Up-to-date: /home/student/Desktop/workspace/install/object_tracking_messages/share/object_tracking_messages/cmake/object_tracking_messages__rosidl_typesupport_introspection_cppExport.cmake
[2.237s] -- Up-to-date: /home/student/Desktop/workspace/install/object_tracking_messages/share/object_tracking_messages/cmake/object_tracking_messages__rosidl_typesupport_introspection_cppExport-noconfig.cmake
[2.238s] -- Up-to-date: /home/student/Desktop/workspace/install/object_tracking_messages/share/object_tracking_messages/cmake/object_tracking_messages__rosidl_typesupport_cppExport.cmake
[2.238s] -- Up-to-date: /home/student/Desktop/workspace/install/object_tracking_messages/share/object_tracking_messages/cmake/object_tracking_messages__rosidl_typesupport_cppExport-noconfig.cmake
[2.238s] -- Up-to-date: /home/student/Desktop/workspace/install/object_tracking_messages/share/object_tracking_messages/cmake/export_object_tracking_messages__rosidl_generator_pyExport.cmake
[2.238s] -- Up-to-date: /home/student/Desktop/workspace/install/object_tracking_messages/share/object_tracking_messages/cmake/export_object_tracking_messages__rosidl_generator_pyExport-noconfig.cmake
[2.245s] Invoked command in '/home/student/Desktop/workspace/build/object_tracking_messages' returned '0': CMAKE_PREFIX_PATH=${CMAKE_PREFIX_PATH}:/home/student/Desktop/workspace/install/yolo_tracking:/home/student/Desktop/workspace/install/sensor_presentation:/home/student/Desktop/workspace/install/position_estimation:/home/student/Desktop/workspace/install/ouster_voxel_filter:/home/student/Desktop/workspace/install/navigation:/home/student/Desktop/workspace/install/main:/opt/ros/humble /home/student/.local/bin/cmake --install /home/student/Desktop/workspace/build/object_tracking_messages
