[1.753s] Invoking command in '/home/student/Desktop/workspace/build/yolo_tracking': PYTHONPATH=/home/student/Desktop/workspace/build/yolo_tracking/prefix_override:/usr/lib/python3/dist-packages/colcon_core/task/python/colcon_distutils_commands:/home/student/Desktop/workspace/install/yolo_tracking/lib/python3.10/site-packages:${PYTHONPATH} /usr/bin/python3 -W ignore:setup.py install is deprecated setup.py develop --editable --build-directory /home/student/Desktop/workspace/build/yolo_tracking/build --no-deps symlink_data --force
[2.108s] running develop
[2.108s] /usr/lib/python3/dist-packages/setuptools/command/easy_install.py:158: EasyInstallDeprecationWarning: easy_install command is deprecated. Use build and pip and other standards-based tools.
[2.108s]   warnings.warn(
[2.430s] running egg_info
[2.430s] writing yolo_tracking.egg-info/PKG-INFO
[2.430s] writing dependency_links to yolo_tracking.egg-info/dependency_links.txt
[2.431s] writing entry points to yolo_tracking.egg-info/entry_points.txt
[2.431s] writing requirements to yolo_tracking.egg-info/requires.txt
[2.431s] writing top-level names to yolo_tracking.egg-info/top_level.txt
[2.433s] reading manifest file 'yolo_tracking.egg-info/SOURCES.txt'
[2.434s] writing manifest file 'yolo_tracking.egg-info/SOURCES.txt'
[2.484s] running build_ext
[2.484s] Creating /home/student/Desktop/workspace/install/yolo_tracking/lib/python3.10/site-packages/yolo-tracking.egg-link (link to .)
[2.486s] Installing object_detection_node script to /home/student/Desktop/workspace/install/yolo_tracking/lib/yolo_tracking
[2.486s] 
[2.486s] Installed /home/student/Desktop/workspace/build/yolo_tracking
[2.486s] running symlink_data
[2.486s] symbolically linking /home/student/Desktop/workspace/build/yolo_tracking/resource/yolo_tracking -> /home/student/Desktop/workspace/install/yolo_tracking/share/ament_index/resource_index/packages
[2.486s] symbolically linking /home/student/Desktop/workspace/build/yolo_tracking/package.xml -> /home/student/Desktop/workspace/install/yolo_tracking/share/yolo_tracking
[2.521s] Invoked command in '/home/student/Desktop/workspace/build/yolo_tracking' returned '0': PYTHONPATH=/home/student/Desktop/workspace/build/yolo_tracking/prefix_override:/usr/lib/python3/dist-packages/colcon_core/task/python/colcon_distutils_commands:/home/student/Desktop/workspace/install/yolo_tracking/lib/python3.10/site-packages:${PYTHONPATH} /usr/bin/python3 -W ignore:setup.py install is deprecated setup.py develop --editable --build-directory /home/student/Desktop/workspace/build/yolo_tracking/build --no-deps symlink_data --force
