[3.091s] Invoking command in '/home/student/Desktop/workspace/build/position_estimation': PYTHONPATH=/home/student/Desktop/workspace/build/position_estimation/prefix_override:/usr/lib/python3/dist-packages/colcon_core/task/python/colcon_distutils_commands:/home/student/Desktop/workspace/install/position_estimation/lib/python3.10/site-packages:${PYTHONPATH} /usr/bin/python3 -W ignore:setup.py install is deprecated setup.py develop --editable --build-directory /home/student/Desktop/workspace/build/position_estimation/build --no-deps
[4.482s] running develop
[4.483s] /usr/lib/python3/dist-packages/setuptools/command/easy_install.py:158: EasyInstallDeprecationWarning: easy_install command is deprecated. Use build and pip and other standards-based tools.
[4.483s]   warnings.warn(
[5.445s] running egg_info
[5.445s] creating position_estimation.egg-info
[5.446s] writing position_estimation.egg-info/PKG-INFO
[5.446s] writing dependency_links to position_estimation.egg-info/dependency_links.txt
[5.447s] writing entry points to position_estimation.egg-info/entry_points.txt
[5.447s] writing requirements to position_estimation.egg-info/requires.txt
[5.447s] writing top-level names to position_estimation.egg-info/top_level.txt
[5.447s] writing manifest file 'position_estimation.egg-info/SOURCES.txt'
[5.457s] reading manifest file 'position_estimation.egg-info/SOURCES.txt'
[5.457s] writing manifest file 'position_estimation.egg-info/SOURCES.txt'
[5.560s] running build_ext
[5.560s] Creating /home/student/Desktop/workspace/install/position_estimation/lib/python3.10/site-packages/position-estimation.egg-link (link to .)
[5.562s] Installing position_estimation_node script to /home/student/Desktop/workspace/install/position_estimation/lib/position_estimation
[5.563s] 
[5.564s] Installed /home/student/Desktop/workspace/build/position_estimation
[5.682s] Invoked command in '/home/student/Desktop/workspace/build/position_estimation' returned '0': PYTHONPATH=/home/student/Desktop/workspace/build/position_estimation/prefix_override:/usr/lib/python3/dist-packages/colcon_core/task/python/colcon_distutils_commands:/home/student/Desktop/workspace/install/position_estimation/lib/python3.10/site-packages:${PYTHONPATH} /usr/bin/python3 -W ignore:setup.py install is deprecated setup.py develop --editable --build-directory /home/student/Desktop/workspace/build/position_estimation/build --no-deps
