[0.023s] Invoking command in '/home/student/Desktop/workspace/build/ouster_sensor_msgs': CMAKE_PREFIX_PATH=${CMAKE_PREFIX_PATH}:/home/student/Desktop/workspace/install/yolo_tracking:/home/student/Desktop/workspace/install/sensor_presentation:/home/student/Desktop/workspace/install/position_estimation:/home/student/Desktop/workspace/install/ouster_voxel_filter:/home/student/Desktop/workspace/install/navigation:/home/student/Desktop/workspace/install/main:/opt/ros/humble /usr/bin/cmake /home/student/Desktop/workspace/src/ouster-ros/ouster-sensor-msgs -DAMENT_CMAKE_SYMLINK_INSTALL=1 -DCMAKE_INSTALL_PREFIX=/home/student/Desktop/workspace/install/ouster_sensor_msgs
[0.315s] -- The C compiler identification is GNU 11.4.0
[0.316s] -- The CXX compiler identification is GNU 11.4.0
[0.316s] -- Detecting C compiler ABI info
[0.317s] -- Detecting C compiler ABI info - done
[0.317s] -- Check for working C compiler: /usr/bin/cc - skipped
[0.317s] -- Detecting C compile features
[0.317s] -- Detecting C compile features - done
[0.318s] -- Detecting CXX compiler ABI info
[0.318s] -- Detecting CXX compiler ABI info - done
[0.318s] -- Check for working CXX compiler: /usr/bin/c++ - skipped
[0.319s] -- Detecting CXX compile features
[0.319s] -- Detecting CXX compile features - done
[0.319s] -- Found ament_cmake: 1.3.10 (/opt/ros/humble/share/ament_cmake/cmake)
[0.393s] -- Found Python3: /usr/bin/python3 (found version "3.10.12") found components: Interpreter 
[0.447s] -- Override CMake install command with custom implementation using symlinks instead of copying resources
[0.512s] -- Found std_msgs: 4.2.4 (/opt/ros/humble/share/std_msgs/cmake)
[0.562s] -- Found rosidl_generator_c: 3.1.5 (/opt/ros/humble/share/rosidl_generator_c/cmake)
[0.570s] -- Found rosidl_adapter: 3.1.5 (/opt/ros/humble/share/rosidl_adapter/cmake)
[0.581s] -- Found rosidl_generator_cpp: 3.1.5 (/opt/ros/humble/share/rosidl_generator_cpp/cmake)
[0.596s] -- Using all available rosidl_typesupport_c: rosidl_typesupport_fastrtps_c;rosidl_typesupport_introspection_c
[0.620s] -- Using all available rosidl_typesupport_cpp: rosidl_typesupport_fastrtps_cpp;rosidl_typesupport_introspection_cpp
[0.651s] -- Found rosidl_default_generators: 1.2.0 (/opt/ros/humble/share/rosidl_default_generators/cmake)
[0.912s] -- Found ament_cmake_ros: 0.10.0 (/opt/ros/humble/share/ament_cmake_ros/cmake)
[1.253s] -- Using all available rosidl_typesupport_c: rosidl_typesupport_fastrtps_c;rosidl_typesupport_introspection_c
[1.388s] -- Using all available rosidl_typesupport_cpp: rosidl_typesupport_fastrtps_cpp;rosidl_typesupport_introspection_cpp
[1.413s] -- Found PythonInterp: /usr/bin/python3 (found suitable version "3.10.12", minimum required is "3.6") 
[1.417s] -- Found python_cmake_module: 0.10.0 (/opt/ros/humble/share/python_cmake_module/cmake)
[1.446s] -- Found PythonLibs: /usr/lib/x86_64-linux-gnu/libpython3.10.so (found suitable version "3.10.12", minimum required is "3.5") 
[1.446s] -- Using PYTHON_EXECUTABLE: /usr/bin/python3
[1.446s] -- Using PYTHON_INCLUDE_DIRS: /usr/include/python3.10
[1.446s] -- Using PYTHON_LIBRARIES: /usr/lib/x86_64-linux-gnu/libpython3.10.so
[1.467s] -- Found PythonExtra: .so  
[1.539s] -- Configuring done
[1.572s] -- Generating done
[1.575s] -- Build files have been written to: /home/student/Desktop/workspace/build/ouster_sensor_msgs
[1.581s] Invoked command in '/home/student/Desktop/workspace/build/ouster_sensor_msgs' returned '0': CMAKE_PREFIX_PATH=${CMAKE_PREFIX_PATH}:/home/student/Desktop/workspace/install/yolo_tracking:/home/student/Desktop/workspace/install/sensor_presentation:/home/student/Desktop/workspace/install/position_estimation:/home/student/Desktop/workspace/install/ouster_voxel_filter:/home/student/Desktop/workspace/install/navigation:/home/student/Desktop/workspace/install/main:/opt/ros/humble /usr/bin/cmake /home/student/Desktop/workspace/src/ouster-ros/ouster-sensor-msgs -DAMENT_CMAKE_SYMLINK_INSTALL=1 -DCMAKE_INSTALL_PREFIX=/home/student/Desktop/workspace/install/ouster_sensor_msgs
[1.582s] Invoking command in '/home/student/Desktop/workspace/build/ouster_sensor_msgs': CMAKE_PREFIX_PATH=${CMAKE_PREFIX_PATH}:/home/student/Desktop/workspace/install/yolo_tracking:/home/student/Desktop/workspace/install/sensor_presentation:/home/student/Desktop/workspace/install/position_estimation:/home/student/Desktop/workspace/install/ouster_voxel_filter:/home/student/Desktop/workspace/install/navigation:/home/student/Desktop/workspace/install/main:/opt/ros/humble /usr/bin/cmake --build /home/student/Desktop/workspace/build/ouster_sensor_msgs -- -j16 -l16
[1.619s] [  1%] [34m[1mGenerating C code for ROS interfaces[0m
[1.630s] [  3%] [34m[1mGenerating C++ code for ROS interfaces[0m
[1.638s] [  3%] Built target ament_cmake_python_symlink_ouster_sensor_msgs
[1.982s] running egg_info
[1.983s] creating ouster_sensor_msgs.egg-info
[1.983s] writing ouster_sensor_msgs.egg-info/PKG-INFO
[1.983s] writing dependency_links to ouster_sensor_msgs.egg-info/dependency_links.txt
[1.983s] writing top-level names to ouster_sensor_msgs.egg-info/top_level.txt
[1.983s] writing manifest file 'ouster_sensor_msgs.egg-info/SOURCES.txt'
[1.985s] reading manifest file 'ouster_sensor_msgs.egg-info/SOURCES.txt'
[1.986s] writing manifest file 'ouster_sensor_msgs.egg-info/SOURCES.txt'
[2.020s] [  3%] Built target ament_cmake_python_build_ouster_sensor_msgs_egg
[2.072s] [  3%] Built target ouster_sensor_msgs__cpp
[2.083s] [  5%] [34m[1mGenerating C++ type support for eProsima Fast-RTPS[0m
[2.083s] [  7%] [34m[1mGenerating C++ introspection for ROS interfaces[0m
[2.087s] [  9%] [34m[1mGenerating C++ type support dispatch for ROS interfaces[0m
[2.177s] [ 12%] [32mBuilding C object CMakeFiles/ouster_sensor_msgs__rosidl_generator_c.dir/rosidl_generator_c/ouster_sensor_msgs/srv/detail/get_metadata__functions.c.o[0m
[2.177s] [ 12%] [32mBuilding C object CMakeFiles/ouster_sensor_msgs__rosidl_generator_c.dir/rosidl_generator_c/ouster_sensor_msgs/srv/detail/set_config__functions.c.o[0m
[2.177s] [ 14%] [32mBuilding C object CMakeFiles/ouster_sensor_msgs__rosidl_generator_c.dir/rosidl_generator_c/ouster_sensor_msgs/srv/detail/get_config__functions.c.o[0m
[2.178s] [ 16%] [32mBuilding C object CMakeFiles/ouster_sensor_msgs__rosidl_generator_c.dir/rosidl_generator_c/ouster_sensor_msgs/msg/detail/packet_msg__functions.c.o[0m
[2.255s] [ 18%] [32m[1mLinking C shared library libouster_sensor_msgs__rosidl_generator_c.so[0m
[2.291s] [ 18%] Built target ouster_sensor_msgs__rosidl_generator_c
[2.305s] [ 21%] [34m[1mGenerating C introspection for ROS interfaces[0m
[2.306s] [ 21%] [34m[1mGenerating C type support for eProsima Fast-RTPS[0m
[2.306s] [ 23%] [34m[1mGenerating C type support dispatch for ROS interfaces[0m
[2.617s] [ 30%] [32mBuilding CXX object CMakeFiles/ouster_sensor_msgs__rosidl_typesupport_cpp.dir/rosidl_typesupport_cpp/ouster_sensor_msgs/srv/set_config__type_support.cpp.o[0m
[2.618s] [ 30%] [32mBuilding CXX object CMakeFiles/ouster_sensor_msgs__rosidl_typesupport_cpp.dir/rosidl_typesupport_cpp/ouster_sensor_msgs/msg/packet_msg__type_support.cpp.o[0m
[2.618s] [ 30%] [32mBuilding CXX object CMakeFiles/ouster_sensor_msgs__rosidl_typesupport_cpp.dir/rosidl_typesupport_cpp/ouster_sensor_msgs/srv/get_metadata__type_support.cpp.o[0m
[2.618s] [ 30%] [32mBuilding CXX object CMakeFiles/ouster_sensor_msgs__rosidl_typesupport_cpp.dir/rosidl_typesupport_cpp/ouster_sensor_msgs/srv/get_config__type_support.cpp.o[0m
[2.682s] [ 32%] [32mBuilding CXX object CMakeFiles/ouster_sensor_msgs__rosidl_typesupport_c.dir/rosidl_typesupport_c/ouster_sensor_msgs/srv/set_config__type_support.cpp.o[0m
[2.682s] [ 34%] [32mBuilding CXX object CMakeFiles/ouster_sensor_msgs__rosidl_typesupport_c.dir/rosidl_typesupport_c/ouster_sensor_msgs/msg/packet_msg__type_support.cpp.o[0m
[2.701s] [ 36%] [32mBuilding CXX object CMakeFiles/ouster_sensor_msgs__rosidl_typesupport_c.dir/rosidl_typesupport_c/ouster_sensor_msgs/srv/get_config__type_support.cpp.o[0m
[2.712s] [ 38%] [32mBuilding CXX object CMakeFiles/ouster_sensor_msgs__rosidl_typesupport_c.dir/rosidl_typesupport_c/ouster_sensor_msgs/srv/get_metadata__type_support.cpp.o[0m
[2.742s] [ 41%] [32mBuilding CXX object CMakeFiles/ouster_sensor_msgs__rosidl_typesupport_introspection_cpp.dir/rosidl_typesupport_introspection_cpp/ouster_sensor_msgs/msg/detail/packet_msg__type_support.cpp.o[0m
[2.743s] [ 41%] [32mBuilding CXX object CMakeFiles/ouster_sensor_msgs__rosidl_typesupport_introspection_cpp.dir/rosidl_typesupport_introspection_cpp/ouster_sensor_msgs/srv/detail/get_config__type_support.cpp.o[0m
[2.751s] [ 43%] [32mBuilding CXX object CMakeFiles/ouster_sensor_msgs__rosidl_typesupport_introspection_cpp.dir/rosidl_typesupport_introspection_cpp/ouster_sensor_msgs/srv/detail/set_config__type_support.cpp.o[0m
[2.760s] [ 45%] [32mBuilding CXX object CMakeFiles/ouster_sensor_msgs__rosidl_typesupport_introspection_cpp.dir/rosidl_typesupport_introspection_cpp/ouster_sensor_msgs/srv/detail/get_metadata__type_support.cpp.o[0m
[2.794s] [ 47%] [32m[1mLinking CXX shared library libouster_sensor_msgs__rosidl_typesupport_c.so[0m
[2.914s] [ 49%] [32mBuilding CXX object CMakeFiles/ouster_sensor_msgs__rosidl_typesupport_fastrtps_cpp.dir/rosidl_typesupport_fastrtps_cpp/ouster_sensor_msgs/msg/detail/dds_fastrtps/packet_msg__type_support.cpp.o[0m
[2.916s] [ 50%] [32mBuilding CXX object CMakeFiles/ouster_sensor_msgs__rosidl_typesupport_fastrtps_cpp.dir/rosidl_typesupport_fastrtps_cpp/ouster_sensor_msgs/srv/detail/dds_fastrtps/get_config__type_support.cpp.o[0m
[2.942s] [ 52%] [32mBuilding CXX object CMakeFiles/ouster_sensor_msgs__rosidl_typesupport_fastrtps_cpp.dir/rosidl_typesupport_fastrtps_cpp/ouster_sensor_msgs/srv/detail/dds_fastrtps/get_metadata__type_support.cpp.o[0m
[2.953s] [ 54%] [32mBuilding CXX object CMakeFiles/ouster_sensor_msgs__rosidl_typesupport_fastrtps_cpp.dir/rosidl_typesupport_fastrtps_cpp/ouster_sensor_msgs/srv/detail/dds_fastrtps/set_config__type_support.cpp.o[0m
[2.992s] [ 54%] Built target ouster_sensor_msgs__rosidl_typesupport_c
[3.050s] [ 56%] [32m[1mLinking CXX shared library libouster_sensor_msgs__rosidl_typesupport_cpp.so[0m
[3.112s] [ 58%] [32mBuilding CXX object CMakeFiles/ouster_sensor_msgs__rosidl_typesupport_fastrtps_c.dir/rosidl_typesupport_fastrtps_c/ouster_sensor_msgs/msg/detail/packet_msg__type_support_c.cpp.o[0m
[3.125s] [ 60%] [32mBuilding C object CMakeFiles/ouster_sensor_msgs__rosidl_typesupport_introspection_c.dir/rosidl_typesupport_introspection_c/ouster_sensor_msgs/srv/detail/get_config__type_support.c.o[0m
[3.127s] [ 61%] [32mBuilding C object CMakeFiles/ouster_sensor_msgs__rosidl_typesupport_introspection_c.dir/rosidl_typesupport_introspection_c/ouster_sensor_msgs/msg/detail/packet_msg__type_support.c.o[0m
[3.134s] [ 63%] [32mBuilding CXX object CMakeFiles/ouster_sensor_msgs__rosidl_typesupport_fastrtps_c.dir/rosidl_typesupport_fastrtps_c/ouster_sensor_msgs/srv/detail/get_config__type_support_c.cpp.o[0m
[3.146s] [ 65%] [32mBuilding CXX object CMakeFiles/ouster_sensor_msgs__rosidl_typesupport_fastrtps_c.dir/rosidl_typesupport_fastrtps_c/ouster_sensor_msgs/srv/detail/set_config__type_support_c.cpp.o[0m
[3.154s] [ 67%] [32mBuilding CXX object CMakeFiles/ouster_sensor_msgs__rosidl_typesupport_fastrtps_c.dir/rosidl_typesupport_fastrtps_c/ouster_sensor_msgs/srv/detail/get_metadata__type_support_c.cpp.o[0m
[3.161s] [ 69%] [32mBuilding C object CMakeFiles/ouster_sensor_msgs__rosidl_typesupport_introspection_c.dir/rosidl_typesupport_introspection_c/ouster_sensor_msgs/srv/detail/set_config__type_support.c.o[0m
[3.200s] [ 69%] Built target ouster_sensor_msgs__rosidl_typesupport_cpp
[3.240s] [ 70%] [32mBuilding C object CMakeFiles/ouster_sensor_msgs__rosidl_typesupport_introspection_c.dir/rosidl_typesupport_introspection_c/ouster_sensor_msgs/srv/detail/get_metadata__type_support.c.o[0m
[3.312s] [ 72%] [32m[1mLinking C shared library libouster_sensor_msgs__rosidl_typesupport_introspection_c.so[0m
[3.371s] [ 72%] Built target ouster_sensor_msgs__rosidl_typesupport_introspection_c
[3.498s] [ 74%] [32m[1mLinking CXX shared library libouster_sensor_msgs__rosidl_typesupport_introspection_cpp.so[0m
[3.684s] [ 74%] Built target ouster_sensor_msgs__rosidl_typesupport_introspection_cpp
[3.902s] [ 76%] [32m[1mLinking CXX shared library libouster_sensor_msgs__rosidl_typesupport_fastrtps_c.so[0m
[3.903s] [ 78%] [32m[1mLinking CXX shared library libouster_sensor_msgs__rosidl_typesupport_fastrtps_cpp.so[0m
[4.108s] [ 78%] Built target ouster_sensor_msgs__rosidl_typesupport_fastrtps_cpp
[4.230s] [ 78%] Built target ouster_sensor_msgs__rosidl_typesupport_fastrtps_c
[4.345s] [ 78%] Built target ouster_sensor_msgs
[4.394s] [ 80%] [34m[1mGenerating Python code for ROS interfaces[0m
[5.211s] [ 80%] Built target ouster_sensor_msgs__py
[5.247s] [ 81%] [32mBuilding C object CMakeFiles/ouster_sensor_msgs__rosidl_generator_py.dir/rosidl_generator_py/ouster_sensor_msgs/msg/_packet_msg_s.c.o[0m
[5.248s] [ 83%] [32mBuilding C object CMakeFiles/ouster_sensor_msgs__rosidl_generator_py.dir/rosidl_generator_py/ouster_sensor_msgs/srv/_get_config_s.c.o[0m
[5.249s] [ 85%] [32mBuilding C object CMakeFiles/ouster_sensor_msgs__rosidl_generator_py.dir/rosidl_generator_py/ouster_sensor_msgs/srv/_set_config_s.c.o[0m
[5.249s] [ 87%] [32mBuilding C object CMakeFiles/ouster_sensor_msgs__rosidl_generator_py.dir/rosidl_generator_py/ouster_sensor_msgs/srv/_get_metadata_s.c.o[0m
[5.395s] [ 89%] [32m[1mLinking C shared library rosidl_generator_py/ouster_sensor_msgs/libouster_sensor_msgs__rosidl_generator_py.so[0m
[5.430s] [ 89%] Built target ouster_sensor_msgs__rosidl_generator_py
[5.452s] [ 90%] [32mBuilding C object CMakeFiles/ouster_sensor_msgs__rosidl_typesupport_fastrtps_c__pyext.dir/rosidl_generator_py/ouster_sensor_msgs/_ouster_sensor_msgs_s.ep.rosidl_typesupport_fastrtps_c.c.o[0m
[5.455s] [ 92%] [32mBuilding C object CMakeFiles/ouster_sensor_msgs__rosidl_typesupport_introspection_c__pyext.dir/rosidl_generator_py/ouster_sensor_msgs/_ouster_sensor_msgs_s.ep.rosidl_typesupport_introspection_c.c.o[0m
[5.456s] [ 94%] [32mBuilding C object CMakeFiles/ouster_sensor_msgs__rosidl_typesupport_c__pyext.dir/rosidl_generator_py/ouster_sensor_msgs/_ouster_sensor_msgs_s.ep.rosidl_typesupport_c.c.o[0m
[5.613s] [ 96%] [32m[1mLinking C shared library rosidl_generator_py/ouster_sensor_msgs/ouster_sensor_msgs_s__rosidl_typesupport_fastrtps_c.cpython-310-x86_64-linux-gnu.so[0m
[5.618s] [ 98%] [32m[1mLinking C shared library rosidl_generator_py/ouster_sensor_msgs/ouster_sensor_msgs_s__rosidl_typesupport_introspection_c.cpython-310-x86_64-linux-gnu.so[0m
[5.648s] [100%] [32m[1mLinking C shared library rosidl_generator_py/ouster_sensor_msgs/ouster_sensor_msgs_s__rosidl_typesupport_c.cpython-310-x86_64-linux-gnu.so[0m
[5.690s] [100%] Built target ouster_sensor_msgs__rosidl_typesupport_introspection_c__pyext
[5.690s] [100%] Built target ouster_sensor_msgs__rosidl_typesupport_fastrtps_c__pyext
[5.733s] [100%] Built target ouster_sensor_msgs__rosidl_typesupport_c__pyext
[5.755s] Invoked command in '/home/student/Desktop/workspace/build/ouster_sensor_msgs' returned '0': CMAKE_PREFIX_PATH=${CMAKE_PREFIX_PATH}:/home/student/Desktop/workspace/install/yolo_tracking:/home/student/Desktop/workspace/install/sensor_presentation:/home/student/Desktop/workspace/install/position_estimation:/home/student/Desktop/workspace/install/ouster_voxel_filter:/home/student/Desktop/workspace/install/navigation:/home/student/Desktop/workspace/install/main:/opt/ros/humble /usr/bin/cmake --build /home/student/Desktop/workspace/build/ouster_sensor_msgs -- -j16 -l16
[5.940s] Invoking command in '/home/student/Desktop/workspace/build/ouster_sensor_msgs': CMAKE_PREFIX_PATH=${CMAKE_PREFIX_PATH}:/home/student/Desktop/workspace/install/yolo_tracking:/home/student/Desktop/workspace/install/sensor_presentation:/home/student/Desktop/workspace/install/position_estimation:/home/student/Desktop/workspace/install/ouster_voxel_filter:/home/student/Desktop/workspace/install/navigation:/home/student/Desktop/workspace/install/main:/opt/ros/humble /usr/bin/cmake --install /home/student/Desktop/workspace/build/ouster_sensor_msgs
[5.951s] -- Install configuration: ""
[5.951s] -- Execute custom install script
[5.952s] -- Symlinking: /home/student/Desktop/workspace/install/ouster_sensor_msgs/share/ament_index/resource_index/rosidl_interfaces/ouster_sensor_msgs
[5.965s] -- Symlinking: /home/student/Desktop/workspace/install/ouster_sensor_msgs/include/ouster_sensor_msgs/ouster_sensor_msgs/msg/detail/packet_msg__functions.h
[5.977s] -- Symlinking: /home/student/Desktop/workspace/install/ouster_sensor_msgs/include/ouster_sensor_msgs/ouster_sensor_msgs/msg/detail/packet_msg__struct.h
[5.989s] -- Symlinking: /home/student/Desktop/workspace/install/ouster_sensor_msgs/include/ouster_sensor_msgs/ouster_sensor_msgs/msg/detail/packet_msg__type_support.h
[6.001s] -- Symlinking: /home/student/Desktop/workspace/install/ouster_sensor_msgs/include/ouster_sensor_msgs/ouster_sensor_msgs/msg/packet_msg.h
[6.013s] -- Symlinking: /home/student/Desktop/workspace/install/ouster_sensor_msgs/include/ouster_sensor_msgs/ouster_sensor_msgs/msg/rosidl_generator_c__visibility_control.h
[6.025s] -- Symlinking: /home/student/Desktop/workspace/install/ouster_sensor_msgs/include/ouster_sensor_msgs/ouster_sensor_msgs/srv/detail/get_config__functions.h
[6.037s] -- Symlinking: /home/student/Desktop/workspace/install/ouster_sensor_msgs/include/ouster_sensor_msgs/ouster_sensor_msgs/srv/detail/get_config__struct.h
[6.049s] -- Symlinking: /home/student/Desktop/workspace/install/ouster_sensor_msgs/include/ouster_sensor_msgs/ouster_sensor_msgs/srv/detail/get_config__type_support.h
[6.061s] -- Symlinking: /home/student/Desktop/workspace/install/ouster_sensor_msgs/include/ouster_sensor_msgs/ouster_sensor_msgs/srv/detail/get_metadata__functions.h
[6.072s] -- Symlinking: /home/student/Desktop/workspace/install/ouster_sensor_msgs/include/ouster_sensor_msgs/ouster_sensor_msgs/srv/detail/get_metadata__struct.h
[6.085s] -- Symlinking: /home/student/Desktop/workspace/install/ouster_sensor_msgs/include/ouster_sensor_msgs/ouster_sensor_msgs/srv/detail/get_metadata__type_support.h
[6.097s] -- Symlinking: /home/student/Desktop/workspace/install/ouster_sensor_msgs/include/ouster_sensor_msgs/ouster_sensor_msgs/srv/detail/set_config__functions.h
[6.109s] -- Symlinking: /home/student/Desktop/workspace/install/ouster_sensor_msgs/include/ouster_sensor_msgs/ouster_sensor_msgs/srv/detail/set_config__struct.h
[6.121s] -- Symlinking: /home/student/Desktop/workspace/install/ouster_sensor_msgs/include/ouster_sensor_msgs/ouster_sensor_msgs/srv/detail/set_config__type_support.h
[6.133s] -- Symlinking: /home/student/Desktop/workspace/install/ouster_sensor_msgs/include/ouster_sensor_msgs/ouster_sensor_msgs/srv/get_config.h
[6.146s] -- Symlinking: /home/student/Desktop/workspace/install/ouster_sensor_msgs/include/ouster_sensor_msgs/ouster_sensor_msgs/srv/get_metadata.h
[6.158s] -- Symlinking: /home/student/Desktop/workspace/install/ouster_sensor_msgs/include/ouster_sensor_msgs/ouster_sensor_msgs/srv/set_config.h
[6.166s] -- Symlinking: /home/student/Desktop/workspace/install/ouster_sensor_msgs/share/ouster_sensor_msgs/environment/library_path.sh
[6.175s] -- Symlinking: /home/student/Desktop/workspace/install/ouster_sensor_msgs/share/ouster_sensor_msgs/environment/library_path.dsv
[6.188s] -- Symlinking: /home/student/Desktop/workspace/install/ouster_sensor_msgs/include/ouster_sensor_msgs/ouster_sensor_msgs/msg/detail/packet_msg__rosidl_typesupport_fastrtps_c.h
[6.201s] -- Symlinking: /home/student/Desktop/workspace/install/ouster_sensor_msgs/include/ouster_sensor_msgs/ouster_sensor_msgs/msg/rosidl_typesupport_fastrtps_c__visibility_control.h
[6.214s] -- Symlinking: /home/student/Desktop/workspace/install/ouster_sensor_msgs/include/ouster_sensor_msgs/ouster_sensor_msgs/srv/detail/get_config__rosidl_typesupport_fastrtps_c.h
[6.227s] -- Symlinking: /home/student/Desktop/workspace/install/ouster_sensor_msgs/include/ouster_sensor_msgs/ouster_sensor_msgs/srv/detail/get_metadata__rosidl_typesupport_fastrtps_c.h
[6.238s] -- Symlinking: /home/student/Desktop/workspace/install/ouster_sensor_msgs/include/ouster_sensor_msgs/ouster_sensor_msgs/srv/detail/set_config__rosidl_typesupport_fastrtps_c.h
[6.251s] -- Symlinking: /home/student/Desktop/workspace/install/ouster_sensor_msgs/include/ouster_sensor_msgs/ouster_sensor_msgs/msg/detail/packet_msg__builder.hpp
[6.263s] -- Symlinking: /home/student/Desktop/workspace/install/ouster_sensor_msgs/include/ouster_sensor_msgs/ouster_sensor_msgs/msg/detail/packet_msg__struct.hpp
[6.275s] -- Symlinking: /home/student/Desktop/workspace/install/ouster_sensor_msgs/include/ouster_sensor_msgs/ouster_sensor_msgs/msg/detail/packet_msg__traits.hpp
[6.288s] -- Symlinking: /home/student/Desktop/workspace/install/ouster_sensor_msgs/include/ouster_sensor_msgs/ouster_sensor_msgs/msg/packet_msg.hpp
[6.300s] -- Symlinking: /home/student/Desktop/workspace/install/ouster_sensor_msgs/include/ouster_sensor_msgs/ouster_sensor_msgs/srv/detail/get_config__builder.hpp
[6.313s] -- Symlinking: /home/student/Desktop/workspace/install/ouster_sensor_msgs/include/ouster_sensor_msgs/ouster_sensor_msgs/srv/detail/get_config__struct.hpp
[6.325s] -- Symlinking: /home/student/Desktop/workspace/install/ouster_sensor_msgs/include/ouster_sensor_msgs/ouster_sensor_msgs/srv/detail/get_config__traits.hpp
[6.338s] -- Symlinking: /home/student/Desktop/workspace/install/ouster_sensor_msgs/include/ouster_sensor_msgs/ouster_sensor_msgs/srv/detail/get_metadata__builder.hpp
[6.346s] -- Symlinking: /home/student/Desktop/workspace/install/ouster_sensor_msgs/include/ouster_sensor_msgs/ouster_sensor_msgs/srv/detail/get_metadata__struct.hpp
[6.354s] -- Symlinking: /home/student/Desktop/workspace/install/ouster_sensor_msgs/include/ouster_sensor_msgs/ouster_sensor_msgs/srv/detail/get_metadata__traits.hpp
[6.364s] -- Symlinking: /home/student/Desktop/workspace/install/ouster_sensor_msgs/include/ouster_sensor_msgs/ouster_sensor_msgs/srv/detail/set_config__builder.hpp
[6.376s] -- Symlinking: /home/student/Desktop/workspace/install/ouster_sensor_msgs/include/ouster_sensor_msgs/ouster_sensor_msgs/srv/detail/set_config__struct.hpp
[6.387s] -- Symlinking: /home/student/Desktop/workspace/install/ouster_sensor_msgs/include/ouster_sensor_msgs/ouster_sensor_msgs/srv/detail/set_config__traits.hpp
[6.395s] -- Symlinking: /home/student/Desktop/workspace/install/ouster_sensor_msgs/include/ouster_sensor_msgs/ouster_sensor_msgs/srv/get_config.hpp
[6.403s] -- Symlinking: /home/student/Desktop/workspace/install/ouster_sensor_msgs/include/ouster_sensor_msgs/ouster_sensor_msgs/srv/get_metadata.hpp
[6.412s] -- Symlinking: /home/student/Desktop/workspace/install/ouster_sensor_msgs/include/ouster_sensor_msgs/ouster_sensor_msgs/srv/set_config.hpp
[6.420s] -- Symlinking: /home/student/Desktop/workspace/install/ouster_sensor_msgs/include/ouster_sensor_msgs/ouster_sensor_msgs/msg/detail/packet_msg__rosidl_typesupport_fastrtps_cpp.hpp
[6.429s] -- Symlinking: /home/student/Desktop/workspace/install/ouster_sensor_msgs/include/ouster_sensor_msgs/ouster_sensor_msgs/msg/rosidl_typesupport_fastrtps_cpp__visibility_control.h
[6.437s] -- Symlinking: /home/student/Desktop/workspace/install/ouster_sensor_msgs/include/ouster_sensor_msgs/ouster_sensor_msgs/srv/detail/get_config__rosidl_typesupport_fastrtps_cpp.hpp
[6.445s] -- Symlinking: /home/student/Desktop/workspace/install/ouster_sensor_msgs/include/ouster_sensor_msgs/ouster_sensor_msgs/srv/detail/get_metadata__rosidl_typesupport_fastrtps_cpp.hpp
[6.453s] -- Symlinking: /home/student/Desktop/workspace/install/ouster_sensor_msgs/include/ouster_sensor_msgs/ouster_sensor_msgs/srv/detail/set_config__rosidl_typesupport_fastrtps_cpp.hpp
[6.462s] -- Symlinking: /home/student/Desktop/workspace/install/ouster_sensor_msgs/include/ouster_sensor_msgs/ouster_sensor_msgs/msg/detail/packet_msg__rosidl_typesupport_introspection_c.h
[6.469s] -- Symlinking: /home/student/Desktop/workspace/install/ouster_sensor_msgs/include/ouster_sensor_msgs/ouster_sensor_msgs/msg/rosidl_typesupport_introspection_c__visibility_control.h
[6.479s] -- Symlinking: /home/student/Desktop/workspace/install/ouster_sensor_msgs/include/ouster_sensor_msgs/ouster_sensor_msgs/srv/detail/get_config__rosidl_typesupport_introspection_c.h
[6.490s] -- Symlinking: /home/student/Desktop/workspace/install/ouster_sensor_msgs/include/ouster_sensor_msgs/ouster_sensor_msgs/srv/detail/get_metadata__rosidl_typesupport_introspection_c.h
[6.502s] -- Symlinking: /home/student/Desktop/workspace/install/ouster_sensor_msgs/include/ouster_sensor_msgs/ouster_sensor_msgs/srv/detail/set_config__rosidl_typesupport_introspection_c.h
[6.514s] -- Symlinking: /home/student/Desktop/workspace/install/ouster_sensor_msgs/include/ouster_sensor_msgs/ouster_sensor_msgs/msg/detail/packet_msg__rosidl_typesupport_introspection_cpp.hpp
[6.522s] -- Symlinking: /home/student/Desktop/workspace/install/ouster_sensor_msgs/include/ouster_sensor_msgs/ouster_sensor_msgs/srv/detail/get_config__rosidl_typesupport_introspection_cpp.hpp
[6.531s] -- Symlinking: /home/student/Desktop/workspace/install/ouster_sensor_msgs/include/ouster_sensor_msgs/ouster_sensor_msgs/srv/detail/get_metadata__rosidl_typesupport_introspection_cpp.hpp
[6.539s] -- Symlinking: /home/student/Desktop/workspace/install/ouster_sensor_msgs/include/ouster_sensor_msgs/ouster_sensor_msgs/srv/detail/set_config__rosidl_typesupport_introspection_cpp.hpp
[6.550s] -- Symlinking: /home/student/Desktop/workspace/install/ouster_sensor_msgs/share/ouster_sensor_msgs/environment/pythonpath.sh
[6.561s] -- Symlinking: /home/student/Desktop/workspace/install/ouster_sensor_msgs/share/ouster_sensor_msgs/environment/pythonpath.dsv
[6.573s] -- Symlinking: /home/student/Desktop/workspace/install/ouster_sensor_msgs/local/lib/python3.10/dist-packages/ouster_sensor_msgs-0.12.2-py3.10.egg-info/PKG-INFO
[6.585s] -- Symlinking: /home/student/Desktop/workspace/install/ouster_sensor_msgs/local/lib/python3.10/dist-packages/ouster_sensor_msgs-0.12.2-py3.10.egg-info/SOURCES.txt
[6.597s] -- Symlinking: /home/student/Desktop/workspace/install/ouster_sensor_msgs/local/lib/python3.10/dist-packages/ouster_sensor_msgs-0.12.2-py3.10.egg-info/dependency_links.txt
[6.609s] -- Symlinking: /home/student/Desktop/workspace/install/ouster_sensor_msgs/local/lib/python3.10/dist-packages/ouster_sensor_msgs-0.12.2-py3.10.egg-info/top_level.txt
[6.622s] -- Symlinking: /home/student/Desktop/workspace/install/ouster_sensor_msgs/local/lib/python3.10/dist-packages/ouster_sensor_msgs/__init__.py
[6.635s] -- Symlinking: /home/student/Desktop/workspace/install/ouster_sensor_msgs/local/lib/python3.10/dist-packages/ouster_sensor_msgs/_ouster_sensor_msgs_s.ep.rosidl_typesupport_c.c
[6.647s] -- Symlinking: /home/student/Desktop/workspace/install/ouster_sensor_msgs/local/lib/python3.10/dist-packages/ouster_sensor_msgs/_ouster_sensor_msgs_s.ep.rosidl_typesupport_fastrtps_c.c
[6.660s] -- Symlinking: /home/student/Desktop/workspace/install/ouster_sensor_msgs/local/lib/python3.10/dist-packages/ouster_sensor_msgs/_ouster_sensor_msgs_s.ep.rosidl_typesupport_introspection_c.c
[6.672s] -- Symlinking: /home/student/Desktop/workspace/install/ouster_sensor_msgs/local/lib/python3.10/dist-packages/ouster_sensor_msgs/libouster_sensor_msgs__rosidl_generator_py.so
[6.684s] -- Symlinking: /home/student/Desktop/workspace/install/ouster_sensor_msgs/local/lib/python3.10/dist-packages/ouster_sensor_msgs/msg/__init__.py
[6.696s] -- Symlinking: /home/student/Desktop/workspace/install/ouster_sensor_msgs/local/lib/python3.10/dist-packages/ouster_sensor_msgs/msg/_packet_msg.py
[6.706s] -- Symlinking: /home/student/Desktop/workspace/install/ouster_sensor_msgs/local/lib/python3.10/dist-packages/ouster_sensor_msgs/msg/_packet_msg_s.c
[6.714s] -- Symlinking: /home/student/Desktop/workspace/install/ouster_sensor_msgs/local/lib/python3.10/dist-packages/ouster_sensor_msgs/ouster_sensor_msgs_s__rosidl_typesupport_c.cpython-310-x86_64-linux-gnu.so
[6.726s] -- Symlinking: /home/student/Desktop/workspace/install/ouster_sensor_msgs/local/lib/python3.10/dist-packages/ouster_sensor_msgs/ouster_sensor_msgs_s__rosidl_typesupport_fastrtps_c.cpython-310-x86_64-linux-gnu.so
[6.737s] -- Symlinking: /home/student/Desktop/workspace/install/ouster_sensor_msgs/local/lib/python3.10/dist-packages/ouster_sensor_msgs/ouster_sensor_msgs_s__rosidl_typesupport_introspection_c.cpython-310-x86_64-linux-gnu.so
[6.748s] -- Symlinking: /home/student/Desktop/workspace/install/ouster_sensor_msgs/local/lib/python3.10/dist-packages/ouster_sensor_msgs/srv/__init__.py
[6.761s] -- Symlinking: /home/student/Desktop/workspace/install/ouster_sensor_msgs/local/lib/python3.10/dist-packages/ouster_sensor_msgs/srv/_get_config.py
[6.772s] -- Symlinking: /home/student/Desktop/workspace/install/ouster_sensor_msgs/local/lib/python3.10/dist-packages/ouster_sensor_msgs/srv/_get_config_s.c
[6.782s] -- Symlinking: /home/student/Desktop/workspace/install/ouster_sensor_msgs/local/lib/python3.10/dist-packages/ouster_sensor_msgs/srv/_get_metadata.py
[6.794s] -- Symlinking: /home/student/Desktop/workspace/install/ouster_sensor_msgs/local/lib/python3.10/dist-packages/ouster_sensor_msgs/srv/_get_metadata_s.c
[6.806s] -- Symlinking: /home/student/Desktop/workspace/install/ouster_sensor_msgs/local/lib/python3.10/dist-packages/ouster_sensor_msgs/srv/_set_config.py
[6.818s] -- Symlinking: /home/student/Desktop/workspace/install/ouster_sensor_msgs/local/lib/python3.10/dist-packages/ouster_sensor_msgs/srv/_set_config_s.c
[6.828s] -- Up-to-date symlink: /home/student/Desktop/workspace/install/ouster_sensor_msgs/local/lib/python3.10/dist-packages/ouster_sensor_msgs/ouster_sensor_msgs_s__rosidl_typesupport_fastrtps_c.cpython-310-x86_64-linux-gnu.so
[6.829s] -- Up-to-date symlink: /home/student/Desktop/workspace/install/ouster_sensor_msgs/local/lib/python3.10/dist-packages/ouster_sensor_msgs/ouster_sensor_msgs_s__rosidl_typesupport_introspection_c.cpython-310-x86_64-linux-gnu.so
[6.829s] -- Up-to-date symlink: /home/student/Desktop/workspace/install/ouster_sensor_msgs/local/lib/python3.10/dist-packages/ouster_sensor_msgs/ouster_sensor_msgs_s__rosidl_typesupport_c.cpython-310-x86_64-linux-gnu.so
[6.830s] -- Symlinking: /home/student/Desktop/workspace/install/ouster_sensor_msgs/share/ouster_sensor_msgs/msg/PacketMsg.idl
[6.844s] -- Symlinking: /home/student/Desktop/workspace/install/ouster_sensor_msgs/share/ouster_sensor_msgs/srv/GetConfig.idl
[6.857s] -- Symlinking: /home/student/Desktop/workspace/install/ouster_sensor_msgs/share/ouster_sensor_msgs/srv/SetConfig.idl
[6.867s] -- Symlinking: /home/student/Desktop/workspace/install/ouster_sensor_msgs/share/ouster_sensor_msgs/srv/GetMetadata.idl
[6.878s] -- Symlinking: /home/student/Desktop/workspace/install/ouster_sensor_msgs/share/ouster_sensor_msgs/msg/PacketMsg.msg
[6.892s] -- Symlinking: /home/student/Desktop/workspace/install/ouster_sensor_msgs/share/ouster_sensor_msgs/srv/GetConfig.srv
[6.905s] -- Symlinking: /home/student/Desktop/workspace/install/ouster_sensor_msgs/share/ouster_sensor_msgs/srv/GetConfig_Request.msg
[6.918s] -- Symlinking: /home/student/Desktop/workspace/install/ouster_sensor_msgs/share/ouster_sensor_msgs/srv/GetConfig_Response.msg
[6.959s] -- Symlinking: /home/student/Desktop/workspace/install/ouster_sensor_msgs/share/ouster_sensor_msgs/srv/SetConfig.srv
[7.003s] -- Symlinking: /home/student/Desktop/workspace/install/ouster_sensor_msgs/share/ouster_sensor_msgs/srv/SetConfig_Request.msg
[7.047s] -- Symlinking: /home/student/Desktop/workspace/install/ouster_sensor_msgs/share/ouster_sensor_msgs/srv/SetConfig_Response.msg
[7.095s] -- Symlinking: /home/student/Desktop/workspace/install/ouster_sensor_msgs/share/ouster_sensor_msgs/srv/GetMetadata.srv
[7.139s] -- Symlinking: /home/student/Desktop/workspace/install/ouster_sensor_msgs/share/ouster_sensor_msgs/srv/GetMetadata_Request.msg
[7.183s] -- Symlinking: /home/student/Desktop/workspace/install/ouster_sensor_msgs/share/ouster_sensor_msgs/srv/GetMetadata_Response.msg
[7.224s] -- Symlinking: /home/student/Desktop/workspace/install/ouster_sensor_msgs/share/ament_index/resource_index/package_run_dependencies/ouster_sensor_msgs
[7.249s] -- Symlinking: /home/student/Desktop/workspace/install/ouster_sensor_msgs/share/ament_index/resource_index/parent_prefix_path/ouster_sensor_msgs
[7.274s] -- Symlinking: /home/student/Desktop/workspace/install/ouster_sensor_msgs/share/ouster_sensor_msgs/environment/ament_prefix_path.sh
[7.292s] -- Symlinking: /home/student/Desktop/workspace/install/ouster_sensor_msgs/share/ouster_sensor_msgs/environment/ament_prefix_path.dsv
[7.312s] -- Symlinking: /home/student/Desktop/workspace/install/ouster_sensor_msgs/share/ouster_sensor_msgs/environment/path.sh
[7.331s] -- Symlinking: /home/student/Desktop/workspace/install/ouster_sensor_msgs/share/ouster_sensor_msgs/environment/path.dsv
[7.348s] -- Symlinking: /home/student/Desktop/workspace/install/ouster_sensor_msgs/share/ouster_sensor_msgs/local_setup.bash
[7.361s] -- Symlinking: /home/student/Desktop/workspace/install/ouster_sensor_msgs/share/ouster_sensor_msgs/local_setup.sh
[7.376s] -- Symlinking: /home/student/Desktop/workspace/install/ouster_sensor_msgs/share/ouster_sensor_msgs/local_setup.zsh
[7.390s] -- Symlinking: /home/student/Desktop/workspace/install/ouster_sensor_msgs/share/ouster_sensor_msgs/local_setup.dsv
[7.409s] -- Symlinking: /home/student/Desktop/workspace/install/ouster_sensor_msgs/share/ouster_sensor_msgs/package.dsv
[7.424s] -- Symlinking: /home/student/Desktop/workspace/install/ouster_sensor_msgs/share/ament_index/resource_index/packages/ouster_sensor_msgs
[7.437s] -- Symlinking: /home/student/Desktop/workspace/install/ouster_sensor_msgs/share/ouster_sensor_msgs/cmake/rosidl_cmake-extras.cmake
[7.450s] -- Symlinking: /home/student/Desktop/workspace/install/ouster_sensor_msgs/share/ouster_sensor_msgs/cmake/ament_cmake_export_dependencies-extras.cmake
[7.465s] -- Symlinking: /home/student/Desktop/workspace/install/ouster_sensor_msgs/share/ouster_sensor_msgs/cmake/ament_cmake_export_include_directories-extras.cmake
[7.478s] -- Symlinking: /home/student/Desktop/workspace/install/ouster_sensor_msgs/share/ouster_sensor_msgs/cmake/ament_cmake_export_libraries-extras.cmake
[7.492s] -- Symlinking: /home/student/Desktop/workspace/install/ouster_sensor_msgs/share/ouster_sensor_msgs/cmake/ament_cmake_export_targets-extras.cmake
[7.504s] -- Symlinking: /home/student/Desktop/workspace/install/ouster_sensor_msgs/share/ouster_sensor_msgs/cmake/rosidl_cmake_export_typesupport_targets-extras.cmake
[7.517s] -- Symlinking: /home/student/Desktop/workspace/install/ouster_sensor_msgs/share/ouster_sensor_msgs/cmake/rosidl_cmake_export_typesupport_libraries-extras.cmake
[7.530s] -- Symlinking: /home/student/Desktop/workspace/install/ouster_sensor_msgs/share/ouster_sensor_msgs/cmake/ouster_sensor_msgsConfig.cmake
[7.544s] -- Symlinking: /home/student/Desktop/workspace/install/ouster_sensor_msgs/share/ouster_sensor_msgs/cmake/ouster_sensor_msgsConfig-version.cmake
[7.569s] -- Symlinking: /home/student/Desktop/workspace/install/ouster_sensor_msgs/share/ouster_sensor_msgs/package.xml
[7.593s] -- Installing: /home/student/Desktop/workspace/install/ouster_sensor_msgs/lib/libouster_sensor_msgs__rosidl_generator_c.so
[7.597s] -- Set runtime path of "/home/student/Desktop/workspace/install/ouster_sensor_msgs/lib/libouster_sensor_msgs__rosidl_generator_c.so" to ""
[7.597s] -- Installing: /home/student/Desktop/workspace/install/ouster_sensor_msgs/lib/libouster_sensor_msgs__rosidl_typesupport_fastrtps_c.so
[7.598s] -- Set runtime path of "/home/student/Desktop/workspace/install/ouster_sensor_msgs/lib/libouster_sensor_msgs__rosidl_typesupport_fastrtps_c.so" to ""
[7.598s] -- Installing: /home/student/Desktop/workspace/install/ouster_sensor_msgs/lib/libouster_sensor_msgs__rosidl_typesupport_fastrtps_cpp.so
[7.599s] -- Set runtime path of "/home/student/Desktop/workspace/install/ouster_sensor_msgs/lib/libouster_sensor_msgs__rosidl_typesupport_fastrtps_cpp.so" to ""
[7.599s] -- Installing: /home/student/Desktop/workspace/install/ouster_sensor_msgs/lib/libouster_sensor_msgs__rosidl_typesupport_introspection_c.so
[7.603s] -- Set runtime path of "/home/student/Desktop/workspace/install/ouster_sensor_msgs/lib/libouster_sensor_msgs__rosidl_typesupport_introspection_c.so" to ""
[7.604s] -- Installing: /home/student/Desktop/workspace/install/ouster_sensor_msgs/lib/libouster_sensor_msgs__rosidl_typesupport_c.so
[7.604s] -- Set runtime path of "/home/student/Desktop/workspace/install/ouster_sensor_msgs/lib/libouster_sensor_msgs__rosidl_typesupport_c.so" to ""
[7.605s] -- Installing: /home/student/Desktop/workspace/install/ouster_sensor_msgs/lib/libouster_sensor_msgs__rosidl_typesupport_introspection_cpp.so
[7.606s] -- Set runtime path of "/home/student/Desktop/workspace/install/ouster_sensor_msgs/lib/libouster_sensor_msgs__rosidl_typesupport_introspection_cpp.so" to ""
[7.606s] -- Installing: /home/student/Desktop/workspace/install/ouster_sensor_msgs/lib/libouster_sensor_msgs__rosidl_typesupport_cpp.so
[7.607s] -- Set runtime path of "/home/student/Desktop/workspace/install/ouster_sensor_msgs/lib/libouster_sensor_msgs__rosidl_typesupport_cpp.so" to ""
[7.677s] Listing '/home/student/Desktop/workspace/install/ouster_sensor_msgs/local/lib/python3.10/dist-packages/ouster_sensor_msgs'...
[7.678s] Compiling '/home/student/Desktop/workspace/install/ouster_sensor_msgs/local/lib/python3.10/dist-packages/ouster_sensor_msgs/__init__.py'...
[7.678s] Listing '/home/student/Desktop/workspace/install/ouster_sensor_msgs/local/lib/python3.10/dist-packages/ouster_sensor_msgs/msg'...
[7.678s] Compiling '/home/student/Desktop/workspace/install/ouster_sensor_msgs/local/lib/python3.10/dist-packages/ouster_sensor_msgs/msg/__init__.py'...
[7.678s] Compiling '/home/student/Desktop/workspace/install/ouster_sensor_msgs/local/lib/python3.10/dist-packages/ouster_sensor_msgs/msg/_packet_msg.py'...
[7.678s] Listing '/home/student/Desktop/workspace/install/ouster_sensor_msgs/local/lib/python3.10/dist-packages/ouster_sensor_msgs/srv'...
[7.678s] Compiling '/home/student/Desktop/workspace/install/ouster_sensor_msgs/local/lib/python3.10/dist-packages/ouster_sensor_msgs/srv/__init__.py'...
[7.678s] Compiling '/home/student/Desktop/workspace/install/ouster_sensor_msgs/local/lib/python3.10/dist-packages/ouster_sensor_msgs/srv/_get_config.py'...
[7.678s] Compiling '/home/student/Desktop/workspace/install/ouster_sensor_msgs/local/lib/python3.10/dist-packages/ouster_sensor_msgs/srv/_get_metadata.py'...
[7.678s] Compiling '/home/student/Desktop/workspace/install/ouster_sensor_msgs/local/lib/python3.10/dist-packages/ouster_sensor_msgs/srv/_set_config.py'...
[7.684s] -- Installing: /home/student/Desktop/workspace/install/ouster_sensor_msgs/lib/libouster_sensor_msgs__rosidl_generator_py.so
[7.686s] -- Set runtime path of "/home/student/Desktop/workspace/install/ouster_sensor_msgs/lib/libouster_sensor_msgs__rosidl_generator_py.so" to ""
[7.687s] -- Installing: /home/student/Desktop/workspace/install/ouster_sensor_msgs/share/ouster_sensor_msgs/cmake/export_ouster_sensor_msgs__rosidl_generator_cExport.cmake
[7.687s] -- Installing: /home/student/Desktop/workspace/install/ouster_sensor_msgs/share/ouster_sensor_msgs/cmake/export_ouster_sensor_msgs__rosidl_generator_cExport-noconfig.cmake
[7.688s] -- Installing: /home/student/Desktop/workspace/install/ouster_sensor_msgs/share/ouster_sensor_msgs/cmake/export_ouster_sensor_msgs__rosidl_typesupport_fastrtps_cExport.cmake
[7.689s] -- Installing: /home/student/Desktop/workspace/install/ouster_sensor_msgs/share/ouster_sensor_msgs/cmake/export_ouster_sensor_msgs__rosidl_typesupport_fastrtps_cExport-noconfig.cmake
[7.689s] -- Installing: /home/student/Desktop/workspace/install/ouster_sensor_msgs/share/ouster_sensor_msgs/cmake/export_ouster_sensor_msgs__rosidl_generator_cppExport.cmake
[7.690s] -- Installing: /home/student/Desktop/workspace/install/ouster_sensor_msgs/share/ouster_sensor_msgs/cmake/export_ouster_sensor_msgs__rosidl_typesupport_fastrtps_cppExport.cmake
[7.690s] -- Installing: /home/student/Desktop/workspace/install/ouster_sensor_msgs/share/ouster_sensor_msgs/cmake/export_ouster_sensor_msgs__rosidl_typesupport_fastrtps_cppExport-noconfig.cmake
[7.691s] -- Installing: /home/student/Desktop/workspace/install/ouster_sensor_msgs/share/ouster_sensor_msgs/cmake/ouster_sensor_msgs__rosidl_typesupport_introspection_cExport.cmake
[7.691s] -- Installing: /home/student/Desktop/workspace/install/ouster_sensor_msgs/share/ouster_sensor_msgs/cmake/ouster_sensor_msgs__rosidl_typesupport_introspection_cExport-noconfig.cmake
[7.692s] -- Installing: /home/student/Desktop/workspace/install/ouster_sensor_msgs/share/ouster_sensor_msgs/cmake/ouster_sensor_msgs__rosidl_typesupport_cExport.cmake
[7.692s] -- Installing: /home/student/Desktop/workspace/install/ouster_sensor_msgs/share/ouster_sensor_msgs/cmake/ouster_sensor_msgs__rosidl_typesupport_cExport-noconfig.cmake
[7.692s] -- Installing: /home/student/Desktop/workspace/install/ouster_sensor_msgs/share/ouster_sensor_msgs/cmake/ouster_sensor_msgs__rosidl_typesupport_introspection_cppExport.cmake
[7.693s] -- Installing: /home/student/Desktop/workspace/install/ouster_sensor_msgs/share/ouster_sensor_msgs/cmake/ouster_sensor_msgs__rosidl_typesupport_introspection_cppExport-noconfig.cmake
[7.693s] -- Installing: /home/student/Desktop/workspace/install/ouster_sensor_msgs/share/ouster_sensor_msgs/cmake/ouster_sensor_msgs__rosidl_typesupport_cppExport.cmake
[7.694s] -- Installing: /home/student/Desktop/workspace/install/ouster_sensor_msgs/share/ouster_sensor_msgs/cmake/ouster_sensor_msgs__rosidl_typesupport_cppExport-noconfig.cmake
[7.694s] -- Installing: /home/student/Desktop/workspace/install/ouster_sensor_msgs/share/ouster_sensor_msgs/cmake/export_ouster_sensor_msgs__rosidl_generator_pyExport.cmake
[7.695s] -- Installing: /home/student/Desktop/workspace/install/ouster_sensor_msgs/share/ouster_sensor_msgs/cmake/export_ouster_sensor_msgs__rosidl_generator_pyExport-noconfig.cmake
[7.707s] Invoked command in '/home/student/Desktop/workspace/build/ouster_sensor_msgs' returned '0': CMAKE_PREFIX_PATH=${CMAKE_PREFIX_PATH}:/home/student/Desktop/workspace/install/yolo_tracking:/home/student/Desktop/workspace/install/sensor_presentation:/home/student/Desktop/workspace/install/position_estimation:/home/student/Desktop/workspace/install/ouster_voxel_filter:/home/student/Desktop/workspace/install/navigation:/home/student/Desktop/workspace/install/main:/opt/ros/humble /usr/bin/cmake --install /home/student/Desktop/workspace/build/ouster_sensor_msgs
