[3.047s] Invoking command in '/home/student/Desktop/workspace/src/navigation': PYTHONPATH=/home/student/Desktop/workspace/build/navigation/prefix_override:/usr/lib/python3/dist-packages/colcon_core/task/python/colcon_distutils_commands:/home/student/Desktop/workspace/install/navigation/lib/python3.10/site-packages:${PYTHONPATH} /usr/bin/python3 -W ignore:setup.py install is deprecated setup.py egg_info --egg-base ../../build/navigation build --build-base /home/student/Desktop/workspace/build/navigation/build install --record /home/student/Desktop/workspace/build/navigation/install.log --single-version-externally-managed install_data
[3.675s] running egg_info
[3.678s] writing ../../build/navigation/navigation.egg-info/PKG-INFO
[3.679s] writing dependency_links to ../../build/navigation/navigation.egg-info/dependency_links.txt
[3.679s] writing entry points to ../../build/navigation/navigation.egg-info/entry_points.txt
[3.679s] writing requirements to ../../build/navigation/navigation.egg-info/requires.txt
[3.679s] writing top-level names to ../../build/navigation/navigation.egg-info/top_level.txt
[3.682s] reading manifest file '../../build/navigation/navigation.egg-info/SOURCES.txt'
[3.683s] writing manifest file '../../build/navigation/navigation.egg-info/SOURCES.txt'
[3.683s] running build
[3.683s] running build_py
[3.683s] running install
[3.684s] running install_lib
[3.687s] byte-compiling /home/student/Desktop/workspace/install/navigation/lib/python3.10/site-packages/navigation/__init__.py to __init__.cpython-310.pyc
[3.688s] byte-compiling /home/student/Desktop/workspace/install/navigation/lib/python3.10/site-packages/navigation/goal_publisher_node.py to goal_publisher_node.cpython-310.pyc
[3.692s] running install_data
[3.692s] running install_egg_info
[3.692s] removing '/home/student/Desktop/workspace/install/navigation/lib/python3.10/site-packages/navigation-0.0.0-py3.10.egg-info' (and everything under it)
[3.692s] Copying ../../build/navigation/navigation.egg-info to /home/student/Desktop/workspace/install/navigation/lib/python3.10/site-packages/navigation-0.0.0-py3.10.egg-info
[3.692s] running install_scripts
[3.717s] Installing goal_publisher_node script to /home/student/Desktop/workspace/install/navigation/lib/navigation
[3.717s] writing list of installed files to '/home/student/Desktop/workspace/build/navigation/install.log'
[3.763s] Invoked command in '/home/student/Desktop/workspace/src/navigation' returned '0': PYTHONPATH=/home/student/Desktop/workspace/build/navigation/prefix_override:/usr/lib/python3/dist-packages/colcon_core/task/python/colcon_distutils_commands:/home/student/Desktop/workspace/install/navigation/lib/python3.10/site-packages:${PYTHONPATH} /usr/bin/python3 -W ignore:setup.py install is deprecated setup.py egg_info --egg-base ../../build/navigation build --build-base /home/student/Desktop/workspace/build/navigation/build install --record /home/student/Desktop/workspace/build/navigation/install.log --single-version-externally-managed install_data
