[2.167s] Invoking command in '/home/student/Desktop/workspace/build/main': PYTHONPATH=/home/student/Desktop/workspace/build/main/prefix_override:/usr/lib/python3/dist-packages/colcon_core/task/python/colcon_distutils_commands:/home/student/Desktop/workspace/install/main/lib/python3.10/site-packages:${PYTHONPATH} /usr/bin/python3 -W ignore:setup.py install is deprecated setup.py develop --uninstall --editable --build-directory /home/student/Desktop/workspace/build/main/build
[2.664s] running develop
[2.665s] /usr/lib/python3/dist-packages/setuptools/command/easy_install.py:158: EasyInstallDeprecationWarning: easy_install command is deprecated. Use build and pip and other standards-based tools.
[2.665s]   warnings.warn(
[3.121s] Removing /home/student/Desktop/workspace/install/main/lib/python3.10/site-packages/main.egg-link (link to .)
[3.170s] Invoked command in '/home/student/Desktop/workspace/build/main' returned '0': PYTHONPATH=/home/student/Desktop/workspace/build/main/prefix_override:/usr/lib/python3/dist-packages/colcon_core/task/python/colcon_distutils_commands:/home/student/Desktop/workspace/install/main/lib/python3.10/site-packages:${PYTHONPATH} /usr/bin/python3 -W ignore:setup.py install is deprecated setup.py develop --uninstall --editable --build-directory /home/student/Desktop/workspace/build/main/build
[3.171s] Invoking command in '/home/student/Desktop/workspace/src/main': PYTHONPATH=/home/student/Desktop/workspace/build/main/prefix_override:/usr/lib/python3/dist-packages/colcon_core/task/python/colcon_distutils_commands:/home/student/Desktop/workspace/install/main/lib/python3.10/site-packages:${PYTHONPATH} /usr/bin/python3 -W ignore:setup.py install is deprecated setup.py egg_info --egg-base ../../build/main build --build-base /home/student/Desktop/workspace/build/main/build install --record /home/student/Desktop/workspace/build/main/install.log --single-version-externally-managed install_data --force
[3.581s] running egg_info
[3.583s] writing ../../build/main/main.egg-info/PKG-INFO
[3.583s] writing dependency_links to ../../build/main/main.egg-info/dependency_links.txt
[3.584s] writing entry points to ../../build/main/main.egg-info/entry_points.txt
[3.584s] writing requirements to ../../build/main/main.egg-info/requires.txt
[3.584s] writing top-level names to ../../build/main/main.egg-info/top_level.txt
[3.587s] reading manifest file '../../build/main/main.egg-info/SOURCES.txt'
[3.588s] writing manifest file '../../build/main/main.egg-info/SOURCES.txt'
[3.588s] running build
[3.588s] running build_py
[3.588s] running install
[3.589s] running install_lib
[3.590s] creating /home/student/Desktop/workspace/install/main/lib/python3.10/site-packages/main
[3.590s] copying /home/student/Desktop/workspace/build/main/build/lib/main/__init__.py -> /home/student/Desktop/workspace/install/main/lib/python3.10/site-packages/main
[3.591s] byte-compiling /home/student/Desktop/workspace/install/main/lib/python3.10/site-packages/main/__init__.py to __init__.cpython-310.pyc
[3.592s] running install_data
[3.592s] copying resource/main -> /home/student/Desktop/workspace/install/main/share/ament_index/resource_index/packages
[3.592s] copying package.xml -> /home/student/Desktop/workspace/install/main/share/main
[3.592s] copying launch/main_launch.py -> /home/student/Desktop/workspace/install/main/share/main/launch
[3.592s] running install_egg_info
[3.595s] Copying ../../build/main/main.egg-info to /home/student/Desktop/workspace/install/main/lib/python3.10/site-packages/main-0.0.0-py3.10.egg-info
[3.596s] running install_scripts
[3.627s] writing list of installed files to '/home/student/Desktop/workspace/build/main/install.log'
[3.658s] Invoked command in '/home/student/Desktop/workspace/src/main' returned '0': PYTHONPATH=/home/student/Desktop/workspace/build/main/prefix_override:/usr/lib/python3/dist-packages/colcon_core/task/python/colcon_distutils_commands:/home/student/Desktop/workspace/install/main/lib/python3.10/site-packages:${PYTHONPATH} /usr/bin/python3 -W ignore:setup.py install is deprecated setup.py egg_info --egg-base ../../build/main build --build-base /home/student/Desktop/workspace/build/main/build install --record /home/student/Desktop/workspace/build/main/install.log --single-version-externally-managed install_data --force
