[1.275s] Invoking command in '/home/student/Desktop/workspace/build/position_estimation': PYTHONPATH=/home/student/Desktop/workspace/build/position_estimation/prefix_override:/usr/lib/python3/dist-packages/colcon_core/task/python/colcon_distutils_commands:/home/student/Desktop/workspace/install/position_estimation/lib/python3.10/site-packages:${PYTHONPATH} /usr/bin/python3 -W ignore:setup.py install is deprecated setup.py develop --editable --build-directory /home/student/Desktop/workspace/build/position_estimation/build --no-deps
[1.645s] running develop
[1.645s] /usr/lib/python3/dist-packages/setuptools/command/easy_install.py:158: EasyInstallDeprecationWarning: easy_install command is deprecated. Use build and pip and other standards-based tools.
[1.645s]   warnings.warn(
[1.950s] running egg_info
[1.950s] creating position_estimation.egg-info
[1.950s] writing position_estimation.egg-info/PKG-INFO
[1.950s] writing dependency_links to position_estimation.egg-info/dependency_links.txt
[1.950s] writing entry points to position_estimation.egg-info/entry_points.txt
[1.950s] writing requirements to position_estimation.egg-info/requires.txt
[1.951s] writing top-level names to position_estimation.egg-info/top_level.txt
[1.951s] writing manifest file 'position_estimation.egg-info/SOURCES.txt'
[1.953s] reading manifest file 'position_estimation.egg-info/SOURCES.txt'
[1.954s] writing manifest file 'position_estimation.egg-info/SOURCES.txt'
[1.994s] running build_ext
[1.995s] Creating /home/student/Desktop/workspace/install/position_estimation/lib/python3.10/site-packages/position-estimation.egg-link (link to .)
[1.996s] Installing position_estimation_node script to /home/student/Desktop/workspace/install/position_estimation/lib/position_estimation
[1.997s] 
[1.997s] Installed /home/student/Desktop/workspace/build/position_estimation
[2.052s] Invoked command in '/home/student/Desktop/workspace/build/position_estimation' returned '0': PYTHONPATH=/home/student/Desktop/workspace/build/position_estimation/prefix_override:/usr/lib/python3/dist-packages/colcon_core/task/python/colcon_distutils_commands:/home/student/Desktop/workspace/install/position_estimation/lib/python3.10/site-packages:${PYTHONPATH} /usr/bin/python3 -W ignore:setup.py install is deprecated setup.py develop --editable --build-directory /home/student/Desktop/workspace/build/position_estimation/build --no-deps
