[2.919s] Invoking command in '/home/student/Desktop/workspace/build/yolo_tracking': PYTHONPATH=/home/student/Desktop/workspace/build/yolo_tracking/prefix_override:/usr/lib/python3/dist-packages/colcon_core/task/python/colcon_distutils_commands:/home/student/Desktop/workspace/install/yolo_tracking/lib/python3.10/site-packages:${PYTHONPATH} /usr/bin/python3 -W ignore:setup.py install is deprecated setup.py develop --editable --build-directory /home/student/Desktop/workspace/build/yolo_tracking/build --no-deps symlink_data
[3.527s] running develop
[3.528s] /usr/lib/python3/dist-packages/setuptools/command/easy_install.py:158: EasyInstallDeprecationWarning: easy_install command is deprecated. Use build and pip and other standards-based tools.
[3.528s]   warnings.warn(
[4.383s] running egg_info
[4.383s] creating yolo_tracking.egg-info
[4.383s] writing yolo_tracking.egg-info/PKG-INFO
[4.386s] writing dependency_links to yolo_tracking.egg-info/dependency_links.txt
[4.386s] writing entry points to yolo_tracking.egg-info/entry_points.txt
[4.386s] writing requirements to yolo_tracking.egg-info/requires.txt
[4.386s] writing top-level names to yolo_tracking.egg-info/top_level.txt
[4.387s] writing manifest file 'yolo_tracking.egg-info/SOURCES.txt'
[4.398s] reading manifest file 'yolo_tracking.egg-info/SOURCES.txt'
[4.399s] writing manifest file 'yolo_tracking.egg-info/SOURCES.txt'
[4.642s] running build_ext
[4.643s] Creating /home/student/Desktop/workspace/install/yolo_tracking/lib/python3.10/site-packages/yolo-tracking.egg-link (link to .)
[4.644s] Installing object_detection_node script to /home/student/Desktop/workspace/install/yolo_tracking/lib/yolo_tracking
[4.646s] 
[4.646s] Installed /home/student/Desktop/workspace/build/yolo_tracking
[4.646s] running symlink_data
[4.646s] creating /home/student/Desktop/workspace/install/yolo_tracking/share/ament_index
[4.647s] creating /home/student/Desktop/workspace/install/yolo_tracking/share/ament_index/resource_index
[4.647s] creating /home/student/Desktop/workspace/install/yolo_tracking/share/ament_index/resource_index/packages
[4.647s] symbolically linking /home/student/Desktop/workspace/build/yolo_tracking/resource/yolo_tracking -> /home/student/Desktop/workspace/install/yolo_tracking/share/ament_index/resource_index/packages
[4.648s] symbolically linking /home/student/Desktop/workspace/build/yolo_tracking/package.xml -> /home/student/Desktop/workspace/install/yolo_tracking/share/yolo_tracking
[4.842s] Invoked command in '/home/student/Desktop/workspace/build/yolo_tracking' returned '0': PYTHONPATH=/home/student/Desktop/workspace/build/yolo_tracking/prefix_override:/usr/lib/python3/dist-packages/colcon_core/task/python/colcon_distutils_commands:/home/student/Desktop/workspace/install/yolo_tracking/lib/python3.10/site-packages:${PYTHONPATH} /usr/bin/python3 -W ignore:setup.py install is deprecated setup.py develop --editable --build-directory /home/student/Desktop/workspace/build/yolo_tracking/build --no-deps symlink_data
