[0.078s] Invoking command in '/home/student/Desktop/workspace/build/zed_interfaces': CMAKE_PREFIX_PATH=${CMAKE_PREFIX_PATH}:/home/student/Desktop/workspace/install/ouster_voxel_filter:/home/student/Desktop/workspace/install/yolo_tracking:/home/student/Desktop/workspace/install/sensor_presentation:/home/student/Desktop/workspace/install/position_estimation:/home/student/Desktop/workspace/install/navigation:/home/student/Desktop/workspace/install/main:/opt/ros/humble /home/student/.local/bin/cmake --build /home/student/Desktop/workspace/build/zed_interfaces -- -j16 -l16
[1.595s] [  0%] Built target zed_interfaces__cpp
[1.596s] [  0%] Built target ament_cmake_python_symlink_zed_interfaces
[1.596s] [ 12%] Built target zed_interfaces__rosidl_generator_c
[1.597s] [ 24%] Built target zed_interfaces__rosidl_typesupport_cpp
[1.597s] [ 36%] Built target zed_interfaces__rosidl_typesupport_c
[1.597s] [ 56%] Built target zed_interfaces__rosidl_typesupport_fastrtps_c
[1.597s] [ 60%] Built target zed_interfaces__rosidl_typesupport_introspection_c
[1.597s] [ 72%] Built target zed_interfaces__rosidl_typesupport_fastrtps_cpp
[1.598s] [ 84%] Built target zed_interfaces__rosidl_typesupport_introspection_cpp
[1.598s] [ 84%] Built target zed_interfaces
[1.598s] [ 85%] Built target zed_interfaces__py
[1.598s] [ 96%] Built target zed_interfaces__rosidl_generator_py
[1.598s] [ 99%] Built target zed_interfaces__rosidl_typesupport_introspection_c__pyext
[1.598s] [ 99%] Built target zed_interfaces__rosidl_typesupport_fastrtps_c__pyext
[1.598s] [100%] Built target zed_interfaces__rosidl_typesupport_c__pyext
[1.598s] running egg_info
[1.598s] writing zed_interfaces.egg-info/PKG-INFO
[1.598s] writing dependency_links to zed_interfaces.egg-info/dependency_links.txt
[1.598s] writing top-level names to zed_interfaces.egg-info/top_level.txt
[1.598s] reading manifest file 'zed_interfaces.egg-info/SOURCES.txt'
[1.598s] writing manifest file 'zed_interfaces.egg-info/SOURCES.txt'
[1.599s] [100%] Built target ament_cmake_python_build_zed_interfaces_egg
[1.885s] Invoked command in '/home/student/Desktop/workspace/build/zed_interfaces' returned '0': CMAKE_PREFIX_PATH=${CMAKE_PREFIX_PATH}:/home/student/Desktop/workspace/install/ouster_voxel_filter:/home/student/Desktop/workspace/install/yolo_tracking:/home/student/Desktop/workspace/install/sensor_presentation:/home/student/Desktop/workspace/install/position_estimation:/home/student/Desktop/workspace/install/navigation:/home/student/Desktop/workspace/install/main:/opt/ros/humble /home/student/.local/bin/cmake --build /home/student/Desktop/workspace/build/zed_interfaces -- -j16 -l16
[2.535s] Invoking command in '/home/student/Desktop/workspace/build/zed_interfaces': CMAKE_PREFIX_PATH=${CMAKE_PREFIX_PATH}:/home/student/Desktop/workspace/install/ouster_voxel_filter:/home/student/Desktop/workspace/install/yolo_tracking:/home/student/Desktop/workspace/install/sensor_presentation:/home/student/Desktop/workspace/install/position_estimation:/home/student/Desktop/workspace/install/navigation:/home/student/Desktop/workspace/install/main:/opt/ros/humble /home/student/.local/bin/cmake --install /home/student/Desktop/workspace/build/zed_interfaces
[2.566s] -- Install configuration: ""
[2.567s] -- Execute custom install script
[2.567s] -- Up-to-date symlink: /home/student/Desktop/workspace/install/zed_interfaces/share/ament_index/resource_index/rosidl_interfaces/zed_interfaces
[2.569s] -- Up-to-date symlink: /home/student/Desktop/workspace/install/zed_interfaces/include/zed_interfaces/zed_interfaces/msg/bounding_box2_df.h
[2.569s] -- Up-to-date symlink: /home/student/Desktop/workspace/install/zed_interfaces/include/zed_interfaces/zed_interfaces/msg/bounding_box2_di.h
[2.569s] -- Up-to-date symlink: /home/student/Desktop/workspace/install/zed_interfaces/include/zed_interfaces/zed_interfaces/msg/bounding_box3_d.h
[2.570s] -- Up-to-date symlink: /home/student/Desktop/workspace/install/zed_interfaces/include/zed_interfaces/zed_interfaces/msg/depth_info_stamped.h
[2.570s] -- Up-to-date symlink: /home/student/Desktop/workspace/install/zed_interfaces/include/zed_interfaces/zed_interfaces/msg/detail/bounding_box2_df__functions.h
[2.572s] -- Up-to-date symlink: /home/student/Desktop/workspace/install/zed_interfaces/include/zed_interfaces/zed_interfaces/msg/detail/bounding_box2_df__struct.h
[2.572s] -- Up-to-date symlink: /home/student/Desktop/workspace/install/zed_interfaces/include/zed_interfaces/zed_interfaces/msg/detail/bounding_box2_df__type_support.h
[2.572s] -- Up-to-date symlink: /home/student/Desktop/workspace/install/zed_interfaces/include/zed_interfaces/zed_interfaces/msg/detail/bounding_box2_di__functions.h
[2.572s] -- Up-to-date symlink: /home/student/Desktop/workspace/install/zed_interfaces/include/zed_interfaces/zed_interfaces/msg/detail/bounding_box2_di__struct.h
[2.572s] -- Up-to-date symlink: /home/student/Desktop/workspace/install/zed_interfaces/include/zed_interfaces/zed_interfaces/msg/detail/bounding_box2_di__type_support.h
[2.572s] -- Up-to-date symlink: /home/student/Desktop/workspace/install/zed_interfaces/include/zed_interfaces/zed_interfaces/msg/detail/bounding_box3_d__functions.h
[2.572s] -- Up-to-date symlink: /home/student/Desktop/workspace/install/zed_interfaces/include/zed_interfaces/zed_interfaces/msg/detail/bounding_box3_d__struct.h
[2.572s] -- Up-to-date symlink: /home/student/Desktop/workspace/install/zed_interfaces/include/zed_interfaces/zed_interfaces/msg/detail/bounding_box3_d__type_support.h
[2.572s] -- Up-to-date symlink: /home/student/Desktop/workspace/install/zed_interfaces/include/zed_interfaces/zed_interfaces/msg/detail/depth_info_stamped__functions.h
[2.572s] -- Up-to-date symlink: /home/student/Desktop/workspace/install/zed_interfaces/include/zed_interfaces/zed_interfaces/msg/detail/depth_info_stamped__struct.h
[2.572s] -- Up-to-date symlink: /home/student/Desktop/workspace/install/zed_interfaces/include/zed_interfaces/zed_interfaces/msg/detail/depth_info_stamped__type_support.h
[2.573s] -- Up-to-date symlink: /home/student/Desktop/workspace/install/zed_interfaces/include/zed_interfaces/zed_interfaces/msg/detail/gnss_fusion_status__functions.h
[2.573s] -- Up-to-date symlink: /home/student/Desktop/workspace/install/zed_interfaces/include/zed_interfaces/zed_interfaces/msg/detail/gnss_fusion_status__struct.h
[2.573s] -- Up-to-date symlink: /home/student/Desktop/workspace/install/zed_interfaces/include/zed_interfaces/zed_interfaces/msg/detail/gnss_fusion_status__type_support.h
[2.573s] -- Up-to-date symlink: /home/student/Desktop/workspace/install/zed_interfaces/include/zed_interfaces/zed_interfaces/msg/detail/heartbeat__functions.h
[2.573s] -- Up-to-date symlink: /home/student/Desktop/workspace/install/zed_interfaces/include/zed_interfaces/zed_interfaces/msg/detail/heartbeat__struct.h
[2.573s] -- Up-to-date symlink: /home/student/Desktop/workspace/install/zed_interfaces/include/zed_interfaces/zed_interfaces/msg/detail/heartbeat__type_support.h
[2.574s] -- Up-to-date symlink: /home/student/Desktop/workspace/install/zed_interfaces/include/zed_interfaces/zed_interfaces/msg/detail/keypoint2_df__functions.h
[2.574s] -- Up-to-date symlink: /home/student/Desktop/workspace/install/zed_interfaces/include/zed_interfaces/zed_interfaces/msg/detail/keypoint2_df__struct.h
[2.574s] -- Up-to-date symlink: /home/student/Desktop/workspace/install/zed_interfaces/include/zed_interfaces/zed_interfaces/msg/detail/keypoint2_df__type_support.h
[2.574s] -- Up-to-date symlink: /home/student/Desktop/workspace/install/zed_interfaces/include/zed_interfaces/zed_interfaces/msg/detail/keypoint2_di__functions.h
[2.575s] -- Up-to-date symlink: /home/student/Desktop/workspace/install/zed_interfaces/include/zed_interfaces/zed_interfaces/msg/detail/keypoint2_di__struct.h
[2.575s] -- Up-to-date symlink: /home/student/Desktop/workspace/install/zed_interfaces/include/zed_interfaces/zed_interfaces/msg/detail/keypoint2_di__type_support.h
[2.575s] -- Up-to-date symlink: /home/student/Desktop/workspace/install/zed_interfaces/include/zed_interfaces/zed_interfaces/msg/detail/keypoint3_d__functions.h
[2.575s] -- Up-to-date symlink: /home/student/Desktop/workspace/install/zed_interfaces/include/zed_interfaces/zed_interfaces/msg/detail/keypoint3_d__struct.h
[2.576s] -- Up-to-date symlink: /home/student/Desktop/workspace/install/zed_interfaces/include/zed_interfaces/zed_interfaces/msg/detail/keypoint3_d__type_support.h
[2.576s] -- Up-to-date symlink: /home/student/Desktop/workspace/install/zed_interfaces/include/zed_interfaces/zed_interfaces/msg/detail/mag_heading_status__functions.h
[2.576s] -- Up-to-date symlink: /home/student/Desktop/workspace/install/zed_interfaces/include/zed_interfaces/zed_interfaces/msg/detail/mag_heading_status__struct.h
[2.576s] -- Up-to-date symlink: /home/student/Desktop/workspace/install/zed_interfaces/include/zed_interfaces/zed_interfaces/msg/detail/mag_heading_status__type_support.h
[2.576s] -- Up-to-date symlink: /home/student/Desktop/workspace/install/zed_interfaces/include/zed_interfaces/zed_interfaces/msg/detail/object__functions.h
[2.577s] -- Up-to-date symlink: /home/student/Desktop/workspace/install/zed_interfaces/include/zed_interfaces/zed_interfaces/msg/detail/object__struct.h
[2.577s] -- Up-to-date symlink: /home/student/Desktop/workspace/install/zed_interfaces/include/zed_interfaces/zed_interfaces/msg/detail/object__type_support.h
[2.577s] -- Up-to-date symlink: /home/student/Desktop/workspace/install/zed_interfaces/include/zed_interfaces/zed_interfaces/msg/detail/objects_stamped__functions.h
[2.577s] -- Up-to-date symlink: /home/student/Desktop/workspace/install/zed_interfaces/include/zed_interfaces/zed_interfaces/msg/detail/objects_stamped__struct.h
[2.577s] -- Up-to-date symlink: /home/student/Desktop/workspace/install/zed_interfaces/include/zed_interfaces/zed_interfaces/msg/detail/objects_stamped__type_support.h
[2.578s] -- Up-to-date symlink: /home/student/Desktop/workspace/install/zed_interfaces/include/zed_interfaces/zed_interfaces/msg/detail/plane_stamped__functions.h
[2.578s] -- Up-to-date symlink: /home/student/Desktop/workspace/install/zed_interfaces/include/zed_interfaces/zed_interfaces/msg/detail/plane_stamped__struct.h
[2.578s] -- Up-to-date symlink: /home/student/Desktop/workspace/install/zed_interfaces/include/zed_interfaces/zed_interfaces/msg/detail/plane_stamped__type_support.h
[2.578s] -- Up-to-date symlink: /home/student/Desktop/workspace/install/zed_interfaces/include/zed_interfaces/zed_interfaces/msg/detail/pos_track_status__functions.h
[2.578s] -- Up-to-date symlink: /home/student/Desktop/workspace/install/zed_interfaces/include/zed_interfaces/zed_interfaces/msg/detail/pos_track_status__struct.h
[2.579s] -- Up-to-date symlink: /home/student/Desktop/workspace/install/zed_interfaces/include/zed_interfaces/zed_interfaces/msg/detail/pos_track_status__type_support.h
[2.579s] -- Up-to-date symlink: /home/student/Desktop/workspace/install/zed_interfaces/include/zed_interfaces/zed_interfaces/msg/detail/skeleton2_d__functions.h
[2.579s] -- Up-to-date symlink: /home/student/Desktop/workspace/install/zed_interfaces/include/zed_interfaces/zed_interfaces/msg/detail/skeleton2_d__struct.h
[2.579s] -- Up-to-date symlink: /home/student/Desktop/workspace/install/zed_interfaces/include/zed_interfaces/zed_interfaces/msg/detail/skeleton2_d__type_support.h
[2.579s] -- Up-to-date symlink: /home/student/Desktop/workspace/install/zed_interfaces/include/zed_interfaces/zed_interfaces/msg/detail/skeleton3_d__functions.h
[2.579s] -- Up-to-date symlink: /home/student/Desktop/workspace/install/zed_interfaces/include/zed_interfaces/zed_interfaces/msg/detail/skeleton3_d__struct.h
[2.580s] -- Up-to-date symlink: /home/student/Desktop/workspace/install/zed_interfaces/include/zed_interfaces/zed_interfaces/msg/detail/skeleton3_d__type_support.h
[2.580s] -- Up-to-date symlink: /home/student/Desktop/workspace/install/zed_interfaces/include/zed_interfaces/zed_interfaces/msg/gnss_fusion_status.h
[2.580s] -- Up-to-date symlink: /home/student/Desktop/workspace/install/zed_interfaces/include/zed_interfaces/zed_interfaces/msg/heartbeat.h
[2.580s] -- Up-to-date symlink: /home/student/Desktop/workspace/install/zed_interfaces/include/zed_interfaces/zed_interfaces/msg/keypoint2_df.h
[2.580s] -- Up-to-date symlink: /home/student/Desktop/workspace/install/zed_interfaces/include/zed_interfaces/zed_interfaces/msg/keypoint2_di.h
[2.581s] -- Up-to-date symlink: /home/student/Desktop/workspace/install/zed_interfaces/include/zed_interfaces/zed_interfaces/msg/keypoint3_d.h
[2.581s] -- Up-to-date symlink: /home/student/Desktop/workspace/install/zed_interfaces/include/zed_interfaces/zed_interfaces/msg/mag_heading_status.h
[2.581s] -- Up-to-date symlink: /home/student/Desktop/workspace/install/zed_interfaces/include/zed_interfaces/zed_interfaces/msg/object.h
[2.581s] -- Up-to-date symlink: /home/student/Desktop/workspace/install/zed_interfaces/include/zed_interfaces/zed_interfaces/msg/objects_stamped.h
[2.581s] -- Up-to-date symlink: /home/student/Desktop/workspace/install/zed_interfaces/include/zed_interfaces/zed_interfaces/msg/plane_stamped.h
[2.582s] -- Up-to-date symlink: /home/student/Desktop/workspace/install/zed_interfaces/include/zed_interfaces/zed_interfaces/msg/pos_track_status.h
[2.582s] -- Up-to-date symlink: /home/student/Desktop/workspace/install/zed_interfaces/include/zed_interfaces/zed_interfaces/msg/rosidl_generator_c__visibility_control.h
[2.582s] -- Up-to-date symlink: /home/student/Desktop/workspace/install/zed_interfaces/include/zed_interfaces/zed_interfaces/msg/skeleton2_d.h
[2.583s] -- Up-to-date symlink: /home/student/Desktop/workspace/install/zed_interfaces/include/zed_interfaces/zed_interfaces/msg/skeleton3_d.h
[2.583s] -- Up-to-date symlink: /home/student/Desktop/workspace/install/zed_interfaces/include/zed_interfaces/zed_interfaces/srv/detail/set_pose__functions.h
[2.583s] -- Up-to-date symlink: /home/student/Desktop/workspace/install/zed_interfaces/include/zed_interfaces/zed_interfaces/srv/detail/set_pose__struct.h
[2.584s] -- Up-to-date symlink: /home/student/Desktop/workspace/install/zed_interfaces/include/zed_interfaces/zed_interfaces/srv/detail/set_pose__type_support.h
[2.584s] -- Up-to-date symlink: /home/student/Desktop/workspace/install/zed_interfaces/include/zed_interfaces/zed_interfaces/srv/detail/set_roi__functions.h
[2.584s] -- Up-to-date symlink: /home/student/Desktop/workspace/install/zed_interfaces/include/zed_interfaces/zed_interfaces/srv/detail/set_roi__struct.h
[2.585s] -- Up-to-date symlink: /home/student/Desktop/workspace/install/zed_interfaces/include/zed_interfaces/zed_interfaces/srv/detail/set_roi__type_support.h
[2.585s] -- Up-to-date symlink: /home/student/Desktop/workspace/install/zed_interfaces/include/zed_interfaces/zed_interfaces/srv/detail/start_svo_rec__functions.h
[2.586s] -- Up-to-date symlink: /home/student/Desktop/workspace/install/zed_interfaces/include/zed_interfaces/zed_interfaces/srv/detail/start_svo_rec__struct.h
[2.586s] -- Up-to-date symlink: /home/student/Desktop/workspace/install/zed_interfaces/include/zed_interfaces/zed_interfaces/srv/detail/start_svo_rec__type_support.h
[2.586s] -- Up-to-date symlink: /home/student/Desktop/workspace/install/zed_interfaces/include/zed_interfaces/zed_interfaces/srv/set_pose.h
[2.587s] -- Up-to-date symlink: /home/student/Desktop/workspace/install/zed_interfaces/include/zed_interfaces/zed_interfaces/srv/set_roi.h
[2.587s] -- Up-to-date symlink: /home/student/Desktop/workspace/install/zed_interfaces/include/zed_interfaces/zed_interfaces/srv/start_svo_rec.h
[2.588s] -- Up-to-date symlink: /home/student/Desktop/workspace/install/zed_interfaces/share/zed_interfaces/environment/library_path.sh
[2.588s] -- Up-to-date symlink: /home/student/Desktop/workspace/install/zed_interfaces/share/zed_interfaces/environment/library_path.dsv
[2.590s] -- Up-to-date symlink: /home/student/Desktop/workspace/install/zed_interfaces/include/zed_interfaces/zed_interfaces/msg/detail/bounding_box2_df__rosidl_typesupport_fastrtps_c.h
[2.590s] -- Up-to-date symlink: /home/student/Desktop/workspace/install/zed_interfaces/include/zed_interfaces/zed_interfaces/msg/detail/bounding_box2_di__rosidl_typesupport_fastrtps_c.h
[2.590s] -- Up-to-date symlink: /home/student/Desktop/workspace/install/zed_interfaces/include/zed_interfaces/zed_interfaces/msg/detail/bounding_box3_d__rosidl_typesupport_fastrtps_c.h
[2.590s] -- Up-to-date symlink: /home/student/Desktop/workspace/install/zed_interfaces/include/zed_interfaces/zed_interfaces/msg/detail/depth_info_stamped__rosidl_typesupport_fastrtps_c.h
[2.590s] -- Up-to-date symlink: /home/student/Desktop/workspace/install/zed_interfaces/include/zed_interfaces/zed_interfaces/msg/detail/gnss_fusion_status__rosidl_typesupport_fastrtps_c.h
[2.590s] -- Up-to-date symlink: /home/student/Desktop/workspace/install/zed_interfaces/include/zed_interfaces/zed_interfaces/msg/detail/heartbeat__rosidl_typesupport_fastrtps_c.h
[2.591s] -- Up-to-date symlink: /home/student/Desktop/workspace/install/zed_interfaces/include/zed_interfaces/zed_interfaces/msg/detail/keypoint2_df__rosidl_typesupport_fastrtps_c.h
[2.591s] -- Up-to-date symlink: /home/student/Desktop/workspace/install/zed_interfaces/include/zed_interfaces/zed_interfaces/msg/detail/keypoint2_di__rosidl_typesupport_fastrtps_c.h
[2.591s] -- Up-to-date symlink: /home/student/Desktop/workspace/install/zed_interfaces/include/zed_interfaces/zed_interfaces/msg/detail/keypoint3_d__rosidl_typesupport_fastrtps_c.h
[2.592s] -- Up-to-date symlink: /home/student/Desktop/workspace/install/zed_interfaces/include/zed_interfaces/zed_interfaces/msg/detail/mag_heading_status__rosidl_typesupport_fastrtps_c.h
[2.592s] -- Up-to-date symlink: /home/student/Desktop/workspace/install/zed_interfaces/include/zed_interfaces/zed_interfaces/msg/detail/object__rosidl_typesupport_fastrtps_c.h
[2.592s] -- Up-to-date symlink: /home/student/Desktop/workspace/install/zed_interfaces/include/zed_interfaces/zed_interfaces/msg/detail/objects_stamped__rosidl_typesupport_fastrtps_c.h
[2.592s] -- Up-to-date symlink: /home/student/Desktop/workspace/install/zed_interfaces/include/zed_interfaces/zed_interfaces/msg/detail/plane_stamped__rosidl_typesupport_fastrtps_c.h
[2.592s] -- Up-to-date symlink: /home/student/Desktop/workspace/install/zed_interfaces/include/zed_interfaces/zed_interfaces/msg/detail/pos_track_status__rosidl_typesupport_fastrtps_c.h
[2.593s] -- Up-to-date symlink: /home/student/Desktop/workspace/install/zed_interfaces/include/zed_interfaces/zed_interfaces/msg/detail/skeleton2_d__rosidl_typesupport_fastrtps_c.h
[2.593s] -- Up-to-date symlink: /home/student/Desktop/workspace/install/zed_interfaces/include/zed_interfaces/zed_interfaces/msg/detail/skeleton3_d__rosidl_typesupport_fastrtps_c.h
[2.593s] -- Up-to-date symlink: /home/student/Desktop/workspace/install/zed_interfaces/include/zed_interfaces/zed_interfaces/msg/rosidl_typesupport_fastrtps_c__visibility_control.h
[2.593s] -- Up-to-date symlink: /home/student/Desktop/workspace/install/zed_interfaces/include/zed_interfaces/zed_interfaces/srv/detail/set_pose__rosidl_typesupport_fastrtps_c.h
[2.594s] -- Up-to-date symlink: /home/student/Desktop/workspace/install/zed_interfaces/include/zed_interfaces/zed_interfaces/srv/detail/set_roi__rosidl_typesupport_fastrtps_c.h
[2.594s] -- Up-to-date symlink: /home/student/Desktop/workspace/install/zed_interfaces/include/zed_interfaces/zed_interfaces/srv/detail/start_svo_rec__rosidl_typesupport_fastrtps_c.h
[2.596s] -- Up-to-date symlink: /home/student/Desktop/workspace/install/zed_interfaces/include/zed_interfaces/zed_interfaces/msg/bounding_box2_df.hpp
[2.597s] -- Up-to-date symlink: /home/student/Desktop/workspace/install/zed_interfaces/include/zed_interfaces/zed_interfaces/msg/bounding_box2_di.hpp
[2.597s] -- Up-to-date symlink: /home/student/Desktop/workspace/install/zed_interfaces/include/zed_interfaces/zed_interfaces/msg/bounding_box3_d.hpp
[2.597s] -- Up-to-date symlink: /home/student/Desktop/workspace/install/zed_interfaces/include/zed_interfaces/zed_interfaces/msg/depth_info_stamped.hpp
[2.597s] -- Up-to-date symlink: /home/student/Desktop/workspace/install/zed_interfaces/include/zed_interfaces/zed_interfaces/msg/detail/bounding_box2_df__builder.hpp
[2.597s] -- Up-to-date symlink: /home/student/Desktop/workspace/install/zed_interfaces/include/zed_interfaces/zed_interfaces/msg/detail/bounding_box2_df__struct.hpp
[2.597s] -- Up-to-date symlink: /home/student/Desktop/workspace/install/zed_interfaces/include/zed_interfaces/zed_interfaces/msg/detail/bounding_box2_df__traits.hpp
[2.598s] -- Up-to-date symlink: /home/student/Desktop/workspace/install/zed_interfaces/include/zed_interfaces/zed_interfaces/msg/detail/bounding_box2_di__builder.hpp
[2.598s] -- Up-to-date symlink: /home/student/Desktop/workspace/install/zed_interfaces/include/zed_interfaces/zed_interfaces/msg/detail/bounding_box2_di__struct.hpp
[2.598s] -- Up-to-date symlink: /home/student/Desktop/workspace/install/zed_interfaces/include/zed_interfaces/zed_interfaces/msg/detail/bounding_box2_di__traits.hpp
[2.598s] -- Up-to-date symlink: /home/student/Desktop/workspace/install/zed_interfaces/include/zed_interfaces/zed_interfaces/msg/detail/bounding_box3_d__builder.hpp
[2.598s] -- Up-to-date symlink: /home/student/Desktop/workspace/install/zed_interfaces/include/zed_interfaces/zed_interfaces/msg/detail/bounding_box3_d__struct.hpp
[2.599s] -- Up-to-date symlink: /home/student/Desktop/workspace/install/zed_interfaces/include/zed_interfaces/zed_interfaces/msg/detail/bounding_box3_d__traits.hpp
[2.599s] -- Up-to-date symlink: /home/student/Desktop/workspace/install/zed_interfaces/include/zed_interfaces/zed_interfaces/msg/detail/depth_info_stamped__builder.hpp
[2.599s] -- Up-to-date symlink: /home/student/Desktop/workspace/install/zed_interfaces/include/zed_interfaces/zed_interfaces/msg/detail/depth_info_stamped__struct.hpp
[2.599s] -- Up-to-date symlink: /home/student/Desktop/workspace/install/zed_interfaces/include/zed_interfaces/zed_interfaces/msg/detail/depth_info_stamped__traits.hpp
[2.599s] -- Up-to-date symlink: /home/student/Desktop/workspace/install/zed_interfaces/include/zed_interfaces/zed_interfaces/msg/detail/gnss_fusion_status__builder.hpp
[2.599s] -- Up-to-date symlink: /home/student/Desktop/workspace/install/zed_interfaces/include/zed_interfaces/zed_interfaces/msg/detail/gnss_fusion_status__struct.hpp
[2.600s] -- Up-to-date symlink: /home/student/Desktop/workspace/install/zed_interfaces/include/zed_interfaces/zed_interfaces/msg/detail/gnss_fusion_status__traits.hpp
[2.600s] -- Up-to-date symlink: /home/student/Desktop/workspace/install/zed_interfaces/include/zed_interfaces/zed_interfaces/msg/detail/heartbeat__builder.hpp
[2.600s] -- Up-to-date symlink: /home/student/Desktop/workspace/install/zed_interfaces/include/zed_interfaces/zed_interfaces/msg/detail/heartbeat__struct.hpp
[2.600s] -- Up-to-date symlink: /home/student/Desktop/workspace/install/zed_interfaces/include/zed_interfaces/zed_interfaces/msg/detail/heartbeat__traits.hpp
[2.600s] -- Up-to-date symlink: /home/student/Desktop/workspace/install/zed_interfaces/include/zed_interfaces/zed_interfaces/msg/detail/keypoint2_df__builder.hpp
[2.600s] -- Up-to-date symlink: /home/student/Desktop/workspace/install/zed_interfaces/include/zed_interfaces/zed_interfaces/msg/detail/keypoint2_df__struct.hpp
[2.601s] -- Up-to-date symlink: /home/student/Desktop/workspace/install/zed_interfaces/include/zed_interfaces/zed_interfaces/msg/detail/keypoint2_df__traits.hpp
[2.601s] -- Up-to-date symlink: /home/student/Desktop/workspace/install/zed_interfaces/include/zed_interfaces/zed_interfaces/msg/detail/keypoint2_di__builder.hpp
[2.601s] -- Up-to-date symlink: /home/student/Desktop/workspace/install/zed_interfaces/include/zed_interfaces/zed_interfaces/msg/detail/keypoint2_di__struct.hpp
[2.601s] -- Up-to-date symlink: /home/student/Desktop/workspace/install/zed_interfaces/include/zed_interfaces/zed_interfaces/msg/detail/keypoint2_di__traits.hpp
[2.601s] -- Up-to-date symlink: /home/student/Desktop/workspace/install/zed_interfaces/include/zed_interfaces/zed_interfaces/msg/detail/keypoint3_d__builder.hpp
[2.602s] -- Up-to-date symlink: /home/student/Desktop/workspace/install/zed_interfaces/include/zed_interfaces/zed_interfaces/msg/detail/keypoint3_d__struct.hpp
[2.602s] -- Up-to-date symlink: /home/student/Desktop/workspace/install/zed_interfaces/include/zed_interfaces/zed_interfaces/msg/detail/keypoint3_d__traits.hpp
[2.602s] -- Up-to-date symlink: /home/student/Desktop/workspace/install/zed_interfaces/include/zed_interfaces/zed_interfaces/msg/detail/mag_heading_status__builder.hpp
[2.602s] -- Up-to-date symlink: /home/student/Desktop/workspace/install/zed_interfaces/include/zed_interfaces/zed_interfaces/msg/detail/mag_heading_status__struct.hpp
[2.602s] -- Up-to-date symlink: /home/student/Desktop/workspace/install/zed_interfaces/include/zed_interfaces/zed_interfaces/msg/detail/mag_heading_status__traits.hpp
[2.602s] -- Up-to-date symlink: /home/student/Desktop/workspace/install/zed_interfaces/include/zed_interfaces/zed_interfaces/msg/detail/object__builder.hpp
[2.603s] -- Up-to-date symlink: /home/student/Desktop/workspace/install/zed_interfaces/include/zed_interfaces/zed_interfaces/msg/detail/object__struct.hpp
[2.603s] -- Up-to-date symlink: /home/student/Desktop/workspace/install/zed_interfaces/include/zed_interfaces/zed_interfaces/msg/detail/object__traits.hpp
[2.603s] -- Up-to-date symlink: /home/student/Desktop/workspace/install/zed_interfaces/include/zed_interfaces/zed_interfaces/msg/detail/objects_stamped__builder.hpp
[2.603s] -- Up-to-date symlink: /home/student/Desktop/workspace/install/zed_interfaces/include/zed_interfaces/zed_interfaces/msg/detail/objects_stamped__struct.hpp
[2.603s] -- Up-to-date symlink: /home/student/Desktop/workspace/install/zed_interfaces/include/zed_interfaces/zed_interfaces/msg/detail/objects_stamped__traits.hpp
[2.604s] -- Up-to-date symlink: /home/student/Desktop/workspace/install/zed_interfaces/include/zed_interfaces/zed_interfaces/msg/detail/plane_stamped__builder.hpp
[2.604s] -- Up-to-date symlink: /home/student/Desktop/workspace/install/zed_interfaces/include/zed_interfaces/zed_interfaces/msg/detail/plane_stamped__struct.hpp
[2.604s] -- Up-to-date symlink: /home/student/Desktop/workspace/install/zed_interfaces/include/zed_interfaces/zed_interfaces/msg/detail/plane_stamped__traits.hpp
[2.604s] -- Up-to-date symlink: /home/student/Desktop/workspace/install/zed_interfaces/include/zed_interfaces/zed_interfaces/msg/detail/pos_track_status__builder.hpp
[2.604s] -- Up-to-date symlink: /home/student/Desktop/workspace/install/zed_interfaces/include/zed_interfaces/zed_interfaces/msg/detail/pos_track_status__struct.hpp
[2.604s] -- Up-to-date symlink: /home/student/Desktop/workspace/install/zed_interfaces/include/zed_interfaces/zed_interfaces/msg/detail/pos_track_status__traits.hpp
[2.605s] -- Up-to-date symlink: /home/student/Desktop/workspace/install/zed_interfaces/include/zed_interfaces/zed_interfaces/msg/detail/skeleton2_d__builder.hpp
[2.605s] -- Up-to-date symlink: /home/student/Desktop/workspace/install/zed_interfaces/include/zed_interfaces/zed_interfaces/msg/detail/skeleton2_d__struct.hpp
[2.605s] -- Up-to-date symlink: /home/student/Desktop/workspace/install/zed_interfaces/include/zed_interfaces/zed_interfaces/msg/detail/skeleton2_d__traits.hpp
[2.605s] -- Up-to-date symlink: /home/student/Desktop/workspace/install/zed_interfaces/include/zed_interfaces/zed_interfaces/msg/detail/skeleton3_d__builder.hpp
[2.605s] -- Up-to-date symlink: /home/student/Desktop/workspace/install/zed_interfaces/include/zed_interfaces/zed_interfaces/msg/detail/skeleton3_d__struct.hpp
[2.605s] -- Up-to-date symlink: /home/student/Desktop/workspace/install/zed_interfaces/include/zed_interfaces/zed_interfaces/msg/detail/skeleton3_d__traits.hpp
[2.606s] -- Up-to-date symlink: /home/student/Desktop/workspace/install/zed_interfaces/include/zed_interfaces/zed_interfaces/msg/gnss_fusion_status.hpp
[2.606s] -- Up-to-date symlink: /home/student/Desktop/workspace/install/zed_interfaces/include/zed_interfaces/zed_interfaces/msg/heartbeat.hpp
[2.606s] -- Up-to-date symlink: /home/student/Desktop/workspace/install/zed_interfaces/include/zed_interfaces/zed_interfaces/msg/keypoint2_df.hpp
[2.606s] -- Up-to-date symlink: /home/student/Desktop/workspace/install/zed_interfaces/include/zed_interfaces/zed_interfaces/msg/keypoint2_di.hpp
[2.606s] -- Up-to-date symlink: /home/student/Desktop/workspace/install/zed_interfaces/include/zed_interfaces/zed_interfaces/msg/keypoint3_d.hpp
[2.606s] -- Up-to-date symlink: /home/student/Desktop/workspace/install/zed_interfaces/include/zed_interfaces/zed_interfaces/msg/mag_heading_status.hpp
[2.607s] -- Up-to-date symlink: /home/student/Desktop/workspace/install/zed_interfaces/include/zed_interfaces/zed_interfaces/msg/object.hpp
[2.607s] -- Up-to-date symlink: /home/student/Desktop/workspace/install/zed_interfaces/include/zed_interfaces/zed_interfaces/msg/objects_stamped.hpp
[2.607s] -- Up-to-date symlink: /home/student/Desktop/workspace/install/zed_interfaces/include/zed_interfaces/zed_interfaces/msg/plane_stamped.hpp
[2.607s] -- Up-to-date symlink: /home/student/Desktop/workspace/install/zed_interfaces/include/zed_interfaces/zed_interfaces/msg/pos_track_status.hpp
[2.607s] -- Up-to-date symlink: /home/student/Desktop/workspace/install/zed_interfaces/include/zed_interfaces/zed_interfaces/msg/skeleton2_d.hpp
[2.607s] -- Up-to-date symlink: /home/student/Desktop/workspace/install/zed_interfaces/include/zed_interfaces/zed_interfaces/msg/skeleton3_d.hpp
[2.608s] -- Up-to-date symlink: /home/student/Desktop/workspace/install/zed_interfaces/include/zed_interfaces/zed_interfaces/srv/detail/set_pose__builder.hpp
[2.608s] -- Up-to-date symlink: /home/student/Desktop/workspace/install/zed_interfaces/include/zed_interfaces/zed_interfaces/srv/detail/set_pose__struct.hpp
[2.608s] -- Up-to-date symlink: /home/student/Desktop/workspace/install/zed_interfaces/include/zed_interfaces/zed_interfaces/srv/detail/set_pose__traits.hpp
[2.608s] -- Up-to-date symlink: /home/student/Desktop/workspace/install/zed_interfaces/include/zed_interfaces/zed_interfaces/srv/detail/set_roi__builder.hpp
[2.608s] -- Up-to-date symlink: /home/student/Desktop/workspace/install/zed_interfaces/include/zed_interfaces/zed_interfaces/srv/detail/set_roi__struct.hpp
[2.608s] -- Up-to-date symlink: /home/student/Desktop/workspace/install/zed_interfaces/include/zed_interfaces/zed_interfaces/srv/detail/set_roi__traits.hpp
[2.609s] -- Up-to-date symlink: /home/student/Desktop/workspace/install/zed_interfaces/include/zed_interfaces/zed_interfaces/srv/detail/start_svo_rec__builder.hpp
[2.609s] -- Up-to-date symlink: /home/student/Desktop/workspace/install/zed_interfaces/include/zed_interfaces/zed_interfaces/srv/detail/start_svo_rec__struct.hpp
[2.609s] -- Up-to-date symlink: /home/student/Desktop/workspace/install/zed_interfaces/include/zed_interfaces/zed_interfaces/srv/detail/start_svo_rec__traits.hpp
[2.609s] -- Up-to-date symlink: /home/student/Desktop/workspace/install/zed_interfaces/include/zed_interfaces/zed_interfaces/srv/set_pose.hpp
[2.609s] -- Up-to-date symlink: /home/student/Desktop/workspace/install/zed_interfaces/include/zed_interfaces/zed_interfaces/srv/set_roi.hpp
[2.609s] -- Up-to-date symlink: /home/student/Desktop/workspace/install/zed_interfaces/include/zed_interfaces/zed_interfaces/srv/start_svo_rec.hpp
[2.611s] -- Up-to-date symlink: /home/student/Desktop/workspace/install/zed_interfaces/include/zed_interfaces/zed_interfaces/msg/detail/bounding_box2_df__rosidl_typesupport_fastrtps_cpp.hpp
[2.611s] -- Up-to-date symlink: /home/student/Desktop/workspace/install/zed_interfaces/include/zed_interfaces/zed_interfaces/msg/detail/bounding_box2_di__rosidl_typesupport_fastrtps_cpp.hpp
[2.612s] -- Up-to-date symlink: /home/student/Desktop/workspace/install/zed_interfaces/include/zed_interfaces/zed_interfaces/msg/detail/bounding_box3_d__rosidl_typesupport_fastrtps_cpp.hpp
[2.612s] -- Up-to-date symlink: /home/student/Desktop/workspace/install/zed_interfaces/include/zed_interfaces/zed_interfaces/msg/detail/depth_info_stamped__rosidl_typesupport_fastrtps_cpp.hpp
[2.612s] -- Up-to-date symlink: /home/student/Desktop/workspace/install/zed_interfaces/include/zed_interfaces/zed_interfaces/msg/detail/gnss_fusion_status__rosidl_typesupport_fastrtps_cpp.hpp
[2.612s] -- Up-to-date symlink: /home/student/Desktop/workspace/install/zed_interfaces/include/zed_interfaces/zed_interfaces/msg/detail/heartbeat__rosidl_typesupport_fastrtps_cpp.hpp
[2.612s] -- Up-to-date symlink: /home/student/Desktop/workspace/install/zed_interfaces/include/zed_interfaces/zed_interfaces/msg/detail/keypoint2_df__rosidl_typesupport_fastrtps_cpp.hpp
[2.613s] -- Up-to-date symlink: /home/student/Desktop/workspace/install/zed_interfaces/include/zed_interfaces/zed_interfaces/msg/detail/keypoint2_di__rosidl_typesupport_fastrtps_cpp.hpp
[2.613s] -- Up-to-date symlink: /home/student/Desktop/workspace/install/zed_interfaces/include/zed_interfaces/zed_interfaces/msg/detail/keypoint3_d__rosidl_typesupport_fastrtps_cpp.hpp
[2.613s] -- Up-to-date symlink: /home/student/Desktop/workspace/install/zed_interfaces/include/zed_interfaces/zed_interfaces/msg/detail/mag_heading_status__rosidl_typesupport_fastrtps_cpp.hpp
[2.613s] -- Up-to-date symlink: /home/student/Desktop/workspace/install/zed_interfaces/include/zed_interfaces/zed_interfaces/msg/detail/object__rosidl_typesupport_fastrtps_cpp.hpp
[2.613s] -- Up-to-date symlink: /home/student/Desktop/workspace/install/zed_interfaces/include/zed_interfaces/zed_interfaces/msg/detail/objects_stamped__rosidl_typesupport_fastrtps_cpp.hpp
[2.613s] -- Up-to-date symlink: /home/student/Desktop/workspace/install/zed_interfaces/include/zed_interfaces/zed_interfaces/msg/detail/plane_stamped__rosidl_typesupport_fastrtps_cpp.hpp
[2.614s] -- Up-to-date symlink: /home/student/Desktop/workspace/install/zed_interfaces/include/zed_interfaces/zed_interfaces/msg/detail/pos_track_status__rosidl_typesupport_fastrtps_cpp.hpp
[2.614s] -- Up-to-date symlink: /home/student/Desktop/workspace/install/zed_interfaces/include/zed_interfaces/zed_interfaces/msg/detail/skeleton2_d__rosidl_typesupport_fastrtps_cpp.hpp
[2.614s] -- Up-to-date symlink: /home/student/Desktop/workspace/install/zed_interfaces/include/zed_interfaces/zed_interfaces/msg/detail/skeleton3_d__rosidl_typesupport_fastrtps_cpp.hpp
[2.614s] -- Up-to-date symlink: /home/student/Desktop/workspace/install/zed_interfaces/include/zed_interfaces/zed_interfaces/msg/rosidl_typesupport_fastrtps_cpp__visibility_control.h
[2.614s] -- Up-to-date symlink: /home/student/Desktop/workspace/install/zed_interfaces/include/zed_interfaces/zed_interfaces/srv/detail/set_pose__rosidl_typesupport_fastrtps_cpp.hpp
[2.614s] -- Up-to-date symlink: /home/student/Desktop/workspace/install/zed_interfaces/include/zed_interfaces/zed_interfaces/srv/detail/set_roi__rosidl_typesupport_fastrtps_cpp.hpp
[2.615s] -- Up-to-date symlink: /home/student/Desktop/workspace/install/zed_interfaces/include/zed_interfaces/zed_interfaces/srv/detail/start_svo_rec__rosidl_typesupport_fastrtps_cpp.hpp
[2.616s] -- Up-to-date symlink: /home/student/Desktop/workspace/install/zed_interfaces/include/zed_interfaces/zed_interfaces/msg/detail/bounding_box2_df__rosidl_typesupport_introspection_c.h
[2.616s] -- Up-to-date symlink: /home/student/Desktop/workspace/install/zed_interfaces/include/zed_interfaces/zed_interfaces/msg/detail/bounding_box2_di__rosidl_typesupport_introspection_c.h
[2.616s] -- Up-to-date symlink: /home/student/Desktop/workspace/install/zed_interfaces/include/zed_interfaces/zed_interfaces/msg/detail/bounding_box3_d__rosidl_typesupport_introspection_c.h
[2.616s] -- Up-to-date symlink: /home/student/Desktop/workspace/install/zed_interfaces/include/zed_interfaces/zed_interfaces/msg/detail/depth_info_stamped__rosidl_typesupport_introspection_c.h
[2.617s] -- Up-to-date symlink: /home/student/Desktop/workspace/install/zed_interfaces/include/zed_interfaces/zed_interfaces/msg/detail/gnss_fusion_status__rosidl_typesupport_introspection_c.h
[2.617s] -- Up-to-date symlink: /home/student/Desktop/workspace/install/zed_interfaces/include/zed_interfaces/zed_interfaces/msg/detail/heartbeat__rosidl_typesupport_introspection_c.h
[2.617s] -- Up-to-date symlink: /home/student/Desktop/workspace/install/zed_interfaces/include/zed_interfaces/zed_interfaces/msg/detail/keypoint2_df__rosidl_typesupport_introspection_c.h
[2.617s] -- Up-to-date symlink: /home/student/Desktop/workspace/install/zed_interfaces/include/zed_interfaces/zed_interfaces/msg/detail/keypoint2_di__rosidl_typesupport_introspection_c.h
[2.617s] -- Up-to-date symlink: /home/student/Desktop/workspace/install/zed_interfaces/include/zed_interfaces/zed_interfaces/msg/detail/keypoint3_d__rosidl_typesupport_introspection_c.h
[2.617s] -- Up-to-date symlink: /home/student/Desktop/workspace/install/zed_interfaces/include/zed_interfaces/zed_interfaces/msg/detail/mag_heading_status__rosidl_typesupport_introspection_c.h
[2.617s] -- Up-to-date symlink: /home/student/Desktop/workspace/install/zed_interfaces/include/zed_interfaces/zed_interfaces/msg/detail/object__rosidl_typesupport_introspection_c.h
[2.618s] -- Up-to-date symlink: /home/student/Desktop/workspace/install/zed_interfaces/include/zed_interfaces/zed_interfaces/msg/detail/objects_stamped__rosidl_typesupport_introspection_c.h
[2.618s] -- Up-to-date symlink: /home/student/Desktop/workspace/install/zed_interfaces/include/zed_interfaces/zed_interfaces/msg/detail/plane_stamped__rosidl_typesupport_introspection_c.h
[2.618s] -- Up-to-date symlink: /home/student/Desktop/workspace/install/zed_interfaces/include/zed_interfaces/zed_interfaces/msg/detail/pos_track_status__rosidl_typesupport_introspection_c.h
[2.618s] -- Up-to-date symlink: /home/student/Desktop/workspace/install/zed_interfaces/include/zed_interfaces/zed_interfaces/msg/detail/skeleton2_d__rosidl_typesupport_introspection_c.h
[2.618s] -- Up-to-date symlink: /home/student/Desktop/workspace/install/zed_interfaces/include/zed_interfaces/zed_interfaces/msg/detail/skeleton3_d__rosidl_typesupport_introspection_c.h
[2.619s] -- Up-to-date symlink: /home/student/Desktop/workspace/install/zed_interfaces/include/zed_interfaces/zed_interfaces/msg/rosidl_typesupport_introspection_c__visibility_control.h
[2.619s] -- Up-to-date symlink: /home/student/Desktop/workspace/install/zed_interfaces/include/zed_interfaces/zed_interfaces/srv/detail/set_pose__rosidl_typesupport_introspection_c.h
[2.619s] -- Up-to-date symlink: /home/student/Desktop/workspace/install/zed_interfaces/include/zed_interfaces/zed_interfaces/srv/detail/set_roi__rosidl_typesupport_introspection_c.h
[2.619s] -- Up-to-date symlink: /home/student/Desktop/workspace/install/zed_interfaces/include/zed_interfaces/zed_interfaces/srv/detail/start_svo_rec__rosidl_typesupport_introspection_c.h
[2.620s] -- Up-to-date symlink: /home/student/Desktop/workspace/install/zed_interfaces/include/zed_interfaces/zed_interfaces/msg/detail/bounding_box2_df__rosidl_typesupport_introspection_cpp.hpp
[2.620s] -- Up-to-date symlink: /home/student/Desktop/workspace/install/zed_interfaces/include/zed_interfaces/zed_interfaces/msg/detail/bounding_box2_di__rosidl_typesupport_introspection_cpp.hpp
[2.620s] -- Up-to-date symlink: /home/student/Desktop/workspace/install/zed_interfaces/include/zed_interfaces/zed_interfaces/msg/detail/bounding_box3_d__rosidl_typesupport_introspection_cpp.hpp
[2.621s] -- Up-to-date symlink: /home/student/Desktop/workspace/install/zed_interfaces/include/zed_interfaces/zed_interfaces/msg/detail/depth_info_stamped__rosidl_typesupport_introspection_cpp.hpp
[2.621s] -- Up-to-date symlink: /home/student/Desktop/workspace/install/zed_interfaces/include/zed_interfaces/zed_interfaces/msg/detail/gnss_fusion_status__rosidl_typesupport_introspection_cpp.hpp
[2.621s] -- Up-to-date symlink: /home/student/Desktop/workspace/install/zed_interfaces/include/zed_interfaces/zed_interfaces/msg/detail/heartbeat__rosidl_typesupport_introspection_cpp.hpp
[2.621s] -- Up-to-date symlink: /home/student/Desktop/workspace/install/zed_interfaces/include/zed_interfaces/zed_interfaces/msg/detail/keypoint2_df__rosidl_typesupport_introspection_cpp.hpp
[2.621s] -- Up-to-date symlink: /home/student/Desktop/workspace/install/zed_interfaces/include/zed_interfaces/zed_interfaces/msg/detail/keypoint2_di__rosidl_typesupport_introspection_cpp.hpp
[2.621s] -- Up-to-date symlink: /home/student/Desktop/workspace/install/zed_interfaces/include/zed_interfaces/zed_interfaces/msg/detail/keypoint3_d__rosidl_typesupport_introspection_cpp.hpp
[2.622s] -- Up-to-date symlink: /home/student/Desktop/workspace/install/zed_interfaces/include/zed_interfaces/zed_interfaces/msg/detail/mag_heading_status__rosidl_typesupport_introspection_cpp.hpp
[2.622s] -- Up-to-date symlink: /home/student/Desktop/workspace/install/zed_interfaces/include/zed_interfaces/zed_interfaces/msg/detail/object__rosidl_typesupport_introspection_cpp.hpp
[2.622s] -- Up-to-date symlink: /home/student/Desktop/workspace/install/zed_interfaces/include/zed_interfaces/zed_interfaces/msg/detail/objects_stamped__rosidl_typesupport_introspection_cpp.hpp
[2.622s] -- Up-to-date symlink: /home/student/Desktop/workspace/install/zed_interfaces/include/zed_interfaces/zed_interfaces/msg/detail/plane_stamped__rosidl_typesupport_introspection_cpp.hpp
[2.622s] -- Up-to-date symlink: /home/student/Desktop/workspace/install/zed_interfaces/include/zed_interfaces/zed_interfaces/msg/detail/pos_track_status__rosidl_typesupport_introspection_cpp.hpp
[2.622s] -- Up-to-date symlink: /home/student/Desktop/workspace/install/zed_interfaces/include/zed_interfaces/zed_interfaces/msg/detail/skeleton2_d__rosidl_typesupport_introspection_cpp.hpp
[2.623s] -- Up-to-date symlink: /home/student/Desktop/workspace/install/zed_interfaces/include/zed_interfaces/zed_interfaces/msg/detail/skeleton3_d__rosidl_typesupport_introspection_cpp.hpp
[2.623s] -- Up-to-date symlink: /home/student/Desktop/workspace/install/zed_interfaces/include/zed_interfaces/zed_interfaces/srv/detail/set_pose__rosidl_typesupport_introspection_cpp.hpp
[2.623s] -- Up-to-date symlink: /home/student/Desktop/workspace/install/zed_interfaces/include/zed_interfaces/zed_interfaces/srv/detail/set_roi__rosidl_typesupport_introspection_cpp.hpp
[2.623s] -- Up-to-date symlink: /home/student/Desktop/workspace/install/zed_interfaces/include/zed_interfaces/zed_interfaces/srv/detail/start_svo_rec__rosidl_typesupport_introspection_cpp.hpp
[2.623s] -- Up-to-date symlink: /home/student/Desktop/workspace/install/zed_interfaces/share/zed_interfaces/environment/pythonpath.sh
[2.624s] -- Up-to-date symlink: /home/student/Desktop/workspace/install/zed_interfaces/share/zed_interfaces/environment/pythonpath.dsv
[2.624s] -- Up-to-date symlink: /home/student/Desktop/workspace/install/zed_interfaces/local/lib/python3.10/dist-packages/zed_interfaces-4.1.0-py3.10.egg-info/PKG-INFO
[2.624s] -- Up-to-date symlink: /home/student/Desktop/workspace/install/zed_interfaces/local/lib/python3.10/dist-packages/zed_interfaces-4.1.0-py3.10.egg-info/SOURCES.txt
[2.624s] -- Up-to-date symlink: /home/student/Desktop/workspace/install/zed_interfaces/local/lib/python3.10/dist-packages/zed_interfaces-4.1.0-py3.10.egg-info/dependency_links.txt
[2.625s] -- Up-to-date symlink: /home/student/Desktop/workspace/install/zed_interfaces/local/lib/python3.10/dist-packages/zed_interfaces-4.1.0-py3.10.egg-info/top_level.txt
[2.627s] -- Up-to-date symlink: /home/student/Desktop/workspace/install/zed_interfaces/local/lib/python3.10/dist-packages/zed_interfaces/__init__.py
[2.627s] -- Up-to-date symlink: /home/student/Desktop/workspace/install/zed_interfaces/local/lib/python3.10/dist-packages/zed_interfaces/_zed_interfaces_s.ep.rosidl_typesupport_c.c
[2.627s] -- Up-to-date symlink: /home/student/Desktop/workspace/install/zed_interfaces/local/lib/python3.10/dist-packages/zed_interfaces/_zed_interfaces_s.ep.rosidl_typesupport_fastrtps_c.c
[2.627s] -- Up-to-date symlink: /home/student/Desktop/workspace/install/zed_interfaces/local/lib/python3.10/dist-packages/zed_interfaces/_zed_interfaces_s.ep.rosidl_typesupport_introspection_c.c
[2.627s] -- Up-to-date symlink: /home/student/Desktop/workspace/install/zed_interfaces/local/lib/python3.10/dist-packages/zed_interfaces/libzed_interfaces__rosidl_generator_py.so
[2.627s] -- Up-to-date symlink: /home/student/Desktop/workspace/install/zed_interfaces/local/lib/python3.10/dist-packages/zed_interfaces/msg/__init__.py
[2.628s] -- Up-to-date symlink: /home/student/Desktop/workspace/install/zed_interfaces/local/lib/python3.10/dist-packages/zed_interfaces/msg/_bounding_box2_df.py
[2.628s] -- Up-to-date symlink: /home/student/Desktop/workspace/install/zed_interfaces/local/lib/python3.10/dist-packages/zed_interfaces/msg/_bounding_box2_df_s.c
[2.628s] -- Up-to-date symlink: /home/student/Desktop/workspace/install/zed_interfaces/local/lib/python3.10/dist-packages/zed_interfaces/msg/_bounding_box2_di.py
[2.628s] -- Up-to-date symlink: /home/student/Desktop/workspace/install/zed_interfaces/local/lib/python3.10/dist-packages/zed_interfaces/msg/_bounding_box2_di_s.c
[2.628s] -- Up-to-date symlink: /home/student/Desktop/workspace/install/zed_interfaces/local/lib/python3.10/dist-packages/zed_interfaces/msg/_bounding_box3_d.py
[2.628s] -- Up-to-date symlink: /home/student/Desktop/workspace/install/zed_interfaces/local/lib/python3.10/dist-packages/zed_interfaces/msg/_bounding_box3_d_s.c
[2.629s] -- Up-to-date symlink: /home/student/Desktop/workspace/install/zed_interfaces/local/lib/python3.10/dist-packages/zed_interfaces/msg/_depth_info_stamped.py
[2.629s] -- Up-to-date symlink: /home/student/Desktop/workspace/install/zed_interfaces/local/lib/python3.10/dist-packages/zed_interfaces/msg/_depth_info_stamped_s.c
[2.629s] -- Up-to-date symlink: /home/student/Desktop/workspace/install/zed_interfaces/local/lib/python3.10/dist-packages/zed_interfaces/msg/_gnss_fusion_status.py
[2.629s] -- Up-to-date symlink: /home/student/Desktop/workspace/install/zed_interfaces/local/lib/python3.10/dist-packages/zed_interfaces/msg/_gnss_fusion_status_s.c
[2.629s] -- Up-to-date symlink: /home/student/Desktop/workspace/install/zed_interfaces/local/lib/python3.10/dist-packages/zed_interfaces/msg/_heartbeat.py
[2.629s] -- Up-to-date symlink: /home/student/Desktop/workspace/install/zed_interfaces/local/lib/python3.10/dist-packages/zed_interfaces/msg/_heartbeat_s.c
[2.630s] -- Up-to-date symlink: /home/student/Desktop/workspace/install/zed_interfaces/local/lib/python3.10/dist-packages/zed_interfaces/msg/_keypoint2_df.py
[2.630s] -- Up-to-date symlink: /home/student/Desktop/workspace/install/zed_interfaces/local/lib/python3.10/dist-packages/zed_interfaces/msg/_keypoint2_df_s.c
[2.630s] -- Up-to-date symlink: /home/student/Desktop/workspace/install/zed_interfaces/local/lib/python3.10/dist-packages/zed_interfaces/msg/_keypoint2_di.py
[2.630s] -- Up-to-date symlink: /home/student/Desktop/workspace/install/zed_interfaces/local/lib/python3.10/dist-packages/zed_interfaces/msg/_keypoint2_di_s.c
[2.630s] -- Up-to-date symlink: /home/student/Desktop/workspace/install/zed_interfaces/local/lib/python3.10/dist-packages/zed_interfaces/msg/_keypoint3_d.py
[2.630s] -- Up-to-date symlink: /home/student/Desktop/workspace/install/zed_interfaces/local/lib/python3.10/dist-packages/zed_interfaces/msg/_keypoint3_d_s.c
[2.631s] -- Up-to-date symlink: /home/student/Desktop/workspace/install/zed_interfaces/local/lib/python3.10/dist-packages/zed_interfaces/msg/_mag_heading_status.py
[2.631s] -- Up-to-date symlink: /home/student/Desktop/workspace/install/zed_interfaces/local/lib/python3.10/dist-packages/zed_interfaces/msg/_mag_heading_status_s.c
[2.631s] -- Up-to-date symlink: /home/student/Desktop/workspace/install/zed_interfaces/local/lib/python3.10/dist-packages/zed_interfaces/msg/_object.py
[2.631s] -- Up-to-date symlink: /home/student/Desktop/workspace/install/zed_interfaces/local/lib/python3.10/dist-packages/zed_interfaces/msg/_object_s.c
[2.631s] -- Up-to-date symlink: /home/student/Desktop/workspace/install/zed_interfaces/local/lib/python3.10/dist-packages/zed_interfaces/msg/_objects_stamped.py
[2.631s] -- Up-to-date symlink: /home/student/Desktop/workspace/install/zed_interfaces/local/lib/python3.10/dist-packages/zed_interfaces/msg/_objects_stamped_s.c
[2.632s] -- Up-to-date symlink: /home/student/Desktop/workspace/install/zed_interfaces/local/lib/python3.10/dist-packages/zed_interfaces/msg/_plane_stamped.py
[2.632s] -- Up-to-date symlink: /home/student/Desktop/workspace/install/zed_interfaces/local/lib/python3.10/dist-packages/zed_interfaces/msg/_plane_stamped_s.c
[2.632s] -- Up-to-date symlink: /home/student/Desktop/workspace/install/zed_interfaces/local/lib/python3.10/dist-packages/zed_interfaces/msg/_pos_track_status.py
[2.632s] -- Up-to-date symlink: /home/student/Desktop/workspace/install/zed_interfaces/local/lib/python3.10/dist-packages/zed_interfaces/msg/_pos_track_status_s.c
[2.633s] -- Up-to-date symlink: /home/student/Desktop/workspace/install/zed_interfaces/local/lib/python3.10/dist-packages/zed_interfaces/msg/_skeleton2_d.py
[2.633s] -- Up-to-date symlink: /home/student/Desktop/workspace/install/zed_interfaces/local/lib/python3.10/dist-packages/zed_interfaces/msg/_skeleton2_d_s.c
[2.633s] -- Up-to-date symlink: /home/student/Desktop/workspace/install/zed_interfaces/local/lib/python3.10/dist-packages/zed_interfaces/msg/_skeleton3_d.py
[2.633s] -- Up-to-date symlink: /home/student/Desktop/workspace/install/zed_interfaces/local/lib/python3.10/dist-packages/zed_interfaces/msg/_skeleton3_d_s.c
[2.633s] -- Up-to-date symlink: /home/student/Desktop/workspace/install/zed_interfaces/local/lib/python3.10/dist-packages/zed_interfaces/srv/__init__.py
[2.633s] -- Up-to-date symlink: /home/student/Desktop/workspace/install/zed_interfaces/local/lib/python3.10/dist-packages/zed_interfaces/srv/_set_pose.py
[2.634s] -- Up-to-date symlink: /home/student/Desktop/workspace/install/zed_interfaces/local/lib/python3.10/dist-packages/zed_interfaces/srv/_set_pose_s.c
[2.634s] -- Up-to-date symlink: /home/student/Desktop/workspace/install/zed_interfaces/local/lib/python3.10/dist-packages/zed_interfaces/srv/_set_roi.py
[2.634s] -- Up-to-date symlink: /home/student/Desktop/workspace/install/zed_interfaces/local/lib/python3.10/dist-packages/zed_interfaces/srv/_set_roi_s.c
[2.634s] -- Up-to-date symlink: /home/student/Desktop/workspace/install/zed_interfaces/local/lib/python3.10/dist-packages/zed_interfaces/srv/_start_svo_rec.py
[2.634s] -- Up-to-date symlink: /home/student/Desktop/workspace/install/zed_interfaces/local/lib/python3.10/dist-packages/zed_interfaces/srv/_start_svo_rec_s.c
[2.634s] -- Up-to-date symlink: /home/student/Desktop/workspace/install/zed_interfaces/local/lib/python3.10/dist-packages/zed_interfaces/zed_interfaces_s__rosidl_typesupport_c.cpython-310-x86_64-linux-gnu.so
[2.635s] -- Up-to-date symlink: /home/student/Desktop/workspace/install/zed_interfaces/local/lib/python3.10/dist-packages/zed_interfaces/zed_interfaces_s__rosidl_typesupport_fastrtps_c.cpython-310-x86_64-linux-gnu.so
[2.635s] -- Up-to-date symlink: /home/student/Desktop/workspace/install/zed_interfaces/local/lib/python3.10/dist-packages/zed_interfaces/zed_interfaces_s__rosidl_typesupport_introspection_c.cpython-310-x86_64-linux-gnu.so
[2.635s] -- Up-to-date symlink: /home/student/Desktop/workspace/install/zed_interfaces/local/lib/python3.10/dist-packages/zed_interfaces/zed_interfaces_s__rosidl_typesupport_fastrtps_c.cpython-310-x86_64-linux-gnu.so
[2.635s] -- Up-to-date symlink: /home/student/Desktop/workspace/install/zed_interfaces/local/lib/python3.10/dist-packages/zed_interfaces/zed_interfaces_s__rosidl_typesupport_introspection_c.cpython-310-x86_64-linux-gnu.so
[2.636s] -- Up-to-date symlink: /home/student/Desktop/workspace/install/zed_interfaces/local/lib/python3.10/dist-packages/zed_interfaces/zed_interfaces_s__rosidl_typesupport_c.cpython-310-x86_64-linux-gnu.so
[2.636s] -- Up-to-date symlink: /home/student/Desktop/workspace/install/zed_interfaces/share/zed_interfaces/msg/Object.idl
[2.636s] -- Up-to-date symlink: /home/student/Desktop/workspace/install/zed_interfaces/share/zed_interfaces/msg/ObjectsStamped.idl
[2.637s] -- Up-to-date symlink: /home/student/Desktop/workspace/install/zed_interfaces/share/zed_interfaces/msg/Keypoint2Di.idl
[2.637s] -- Up-to-date symlink: /home/student/Desktop/workspace/install/zed_interfaces/share/zed_interfaces/msg/Keypoint2Df.idl
[2.637s] -- Up-to-date symlink: /home/student/Desktop/workspace/install/zed_interfaces/share/zed_interfaces/msg/Keypoint3D.idl
[2.637s] -- Up-to-date symlink: /home/student/Desktop/workspace/install/zed_interfaces/share/zed_interfaces/msg/BoundingBox2Di.idl
[2.638s] -- Up-to-date symlink: /home/student/Desktop/workspace/install/zed_interfaces/share/zed_interfaces/msg/BoundingBox2Df.idl
[2.638s] -- Up-to-date symlink: /home/student/Desktop/workspace/install/zed_interfaces/share/zed_interfaces/msg/BoundingBox3D.idl
[2.638s] -- Up-to-date symlink: /home/student/Desktop/workspace/install/zed_interfaces/share/zed_interfaces/msg/Skeleton2D.idl
[2.638s] -- Up-to-date symlink: /home/student/Desktop/workspace/install/zed_interfaces/share/zed_interfaces/msg/Skeleton3D.idl
[2.638s] -- Up-to-date symlink: /home/student/Desktop/workspace/install/zed_interfaces/share/zed_interfaces/msg/DepthInfoStamped.idl
[2.639s] -- Up-to-date symlink: /home/student/Desktop/workspace/install/zed_interfaces/share/zed_interfaces/msg/PlaneStamped.idl
[2.639s] -- Up-to-date symlink: /home/student/Desktop/workspace/install/zed_interfaces/share/zed_interfaces/msg/PosTrackStatus.idl
[2.639s] -- Up-to-date symlink: /home/student/Desktop/workspace/install/zed_interfaces/share/zed_interfaces/msg/GnssFusionStatus.idl
[2.639s] -- Up-to-date symlink: /home/student/Desktop/workspace/install/zed_interfaces/share/zed_interfaces/msg/Heartbeat.idl
[2.640s] -- Up-to-date symlink: /home/student/Desktop/workspace/install/zed_interfaces/share/zed_interfaces/msg/MagHeadingStatus.idl
[2.640s] -- Up-to-date symlink: /home/student/Desktop/workspace/install/zed_interfaces/share/zed_interfaces/srv/SetPose.idl
[2.640s] -- Up-to-date symlink: /home/student/Desktop/workspace/install/zed_interfaces/share/zed_interfaces/srv/StartSvoRec.idl
[2.640s] -- Up-to-date symlink: /home/student/Desktop/workspace/install/zed_interfaces/share/zed_interfaces/srv/SetROI.idl
[2.640s] -- Up-to-date symlink: /home/student/Desktop/workspace/install/zed_interfaces/share/zed_interfaces/msg/Object.msg
[2.641s] -- Up-to-date symlink: /home/student/Desktop/workspace/install/zed_interfaces/share/zed_interfaces/msg/ObjectsStamped.msg
[2.641s] -- Up-to-date symlink: /home/student/Desktop/workspace/install/zed_interfaces/share/zed_interfaces/msg/Keypoint2Di.msg
[2.641s] -- Up-to-date symlink: /home/student/Desktop/workspace/install/zed_interfaces/share/zed_interfaces/msg/Keypoint2Df.msg
[2.641s] -- Up-to-date symlink: /home/student/Desktop/workspace/install/zed_interfaces/share/zed_interfaces/msg/Keypoint3D.msg
[2.642s] -- Up-to-date symlink: /home/student/Desktop/workspace/install/zed_interfaces/share/zed_interfaces/msg/BoundingBox2Di.msg
[2.642s] -- Up-to-date symlink: /home/student/Desktop/workspace/install/zed_interfaces/share/zed_interfaces/msg/BoundingBox2Df.msg
[2.642s] -- Up-to-date symlink: /home/student/Desktop/workspace/install/zed_interfaces/share/zed_interfaces/msg/BoundingBox3D.msg
[2.642s] -- Up-to-date symlink: /home/student/Desktop/workspace/install/zed_interfaces/share/zed_interfaces/msg/Skeleton2D.msg
[2.642s] -- Up-to-date symlink: /home/student/Desktop/workspace/install/zed_interfaces/share/zed_interfaces/msg/Skeleton3D.msg
[2.643s] -- Up-to-date symlink: /home/student/Desktop/workspace/install/zed_interfaces/share/zed_interfaces/msg/DepthInfoStamped.msg
[2.643s] -- Up-to-date symlink: /home/student/Desktop/workspace/install/zed_interfaces/share/zed_interfaces/msg/PlaneStamped.msg
[2.643s] -- Up-to-date symlink: /home/student/Desktop/workspace/install/zed_interfaces/share/zed_interfaces/msg/PosTrackStatus.msg
[2.643s] -- Up-to-date symlink: /home/student/Desktop/workspace/install/zed_interfaces/share/zed_interfaces/msg/GnssFusionStatus.msg
[2.644s] -- Up-to-date symlink: /home/student/Desktop/workspace/install/zed_interfaces/share/zed_interfaces/msg/Heartbeat.msg
[2.644s] -- Up-to-date symlink: /home/student/Desktop/workspace/install/zed_interfaces/share/zed_interfaces/msg/MagHeadingStatus.msg
[2.644s] -- Up-to-date symlink: /home/student/Desktop/workspace/install/zed_interfaces/share/zed_interfaces/srv/SetPose.srv
[2.644s] -- Up-to-date symlink: /home/student/Desktop/workspace/install/zed_interfaces/share/zed_interfaces/srv/SetPose_Request.msg
[2.644s] -- Up-to-date symlink: /home/student/Desktop/workspace/install/zed_interfaces/share/zed_interfaces/srv/SetPose_Response.msg
[2.645s] -- Up-to-date symlink: /home/student/Desktop/workspace/install/zed_interfaces/share/zed_interfaces/srv/StartSvoRec.srv
[2.645s] -- Up-to-date symlink: /home/student/Desktop/workspace/install/zed_interfaces/share/zed_interfaces/srv/StartSvoRec_Request.msg
[2.645s] -- Up-to-date symlink: /home/student/Desktop/workspace/install/zed_interfaces/share/zed_interfaces/srv/StartSvoRec_Response.msg
[2.646s] -- Up-to-date symlink: /home/student/Desktop/workspace/install/zed_interfaces/share/zed_interfaces/srv/SetROI.srv
[2.646s] -- Up-to-date symlink: /home/student/Desktop/workspace/install/zed_interfaces/share/zed_interfaces/srv/SetROI_Request.msg
[2.646s] -- Up-to-date symlink: /home/student/Desktop/workspace/install/zed_interfaces/share/zed_interfaces/srv/SetROI_Response.msg
[2.646s] -- Up-to-date symlink: /home/student/Desktop/workspace/install/zed_interfaces/share/zed_interfaces/meshes/virtual.stl
[2.647s] -- Up-to-date symlink: /home/student/Desktop/workspace/install/zed_interfaces/share/zed_interfaces/meshes/zed.stl
[2.647s] -- Up-to-date symlink: /home/student/Desktop/workspace/install/zed_interfaces/share/zed_interfaces/meshes/zed2.stl
[2.647s] -- Up-to-date symlink: /home/student/Desktop/workspace/install/zed_interfaces/share/zed_interfaces/meshes/zed2i.stl
[2.647s] -- Up-to-date symlink: /home/student/Desktop/workspace/install/zed_interfaces/share/zed_interfaces/meshes/zedm.stl
[2.647s] -- Up-to-date symlink: /home/student/Desktop/workspace/install/zed_interfaces/share/zed_interfaces/meshes/zedx.stl
[2.647s] -- Up-to-date symlink: /home/student/Desktop/workspace/install/zed_interfaces/share/zed_interfaces/meshes/zedxm.stl
[2.648s] -- Up-to-date symlink: /home/student/Desktop/workspace/install/zed_interfaces/share/ament_index/resource_index/package_run_dependencies/zed_interfaces
[2.648s] -- Up-to-date symlink: /home/student/Desktop/workspace/install/zed_interfaces/share/ament_index/resource_index/parent_prefix_path/zed_interfaces
[2.648s] -- Up-to-date symlink: /home/student/Desktop/workspace/install/zed_interfaces/share/zed_interfaces/environment/ament_prefix_path.sh
[2.648s] -- Up-to-date symlink: /home/student/Desktop/workspace/install/zed_interfaces/share/zed_interfaces/environment/ament_prefix_path.dsv
[2.649s] -- Up-to-date symlink: /home/student/Desktop/workspace/install/zed_interfaces/share/zed_interfaces/environment/path.sh
[2.649s] -- Up-to-date symlink: /home/student/Desktop/workspace/install/zed_interfaces/share/zed_interfaces/environment/path.dsv
[2.649s] -- Up-to-date symlink: /home/student/Desktop/workspace/install/zed_interfaces/share/zed_interfaces/local_setup.bash
[2.649s] -- Up-to-date symlink: /home/student/Desktop/workspace/install/zed_interfaces/share/zed_interfaces/local_setup.sh
[2.650s] -- Up-to-date symlink: /home/student/Desktop/workspace/install/zed_interfaces/share/zed_interfaces/local_setup.zsh
[2.650s] -- Up-to-date symlink: /home/student/Desktop/workspace/install/zed_interfaces/share/zed_interfaces/local_setup.dsv
[2.650s] -- Symlinking: /home/student/Desktop/workspace/install/zed_interfaces/share/zed_interfaces/package.dsv
[2.655s] -- Up-to-date symlink: /home/student/Desktop/workspace/install/zed_interfaces/share/ament_index/resource_index/packages/zed_interfaces
[2.656s] -- Up-to-date symlink: /home/student/Desktop/workspace/install/zed_interfaces/share/zed_interfaces/cmake/rosidl_cmake-extras.cmake
[2.656s] -- Up-to-date symlink: /home/student/Desktop/workspace/install/zed_interfaces/share/zed_interfaces/cmake/ament_cmake_export_dependencies-extras.cmake
[2.656s] -- Up-to-date symlink: /home/student/Desktop/workspace/install/zed_interfaces/share/zed_interfaces/cmake/ament_cmake_export_include_directories-extras.cmake
[2.656s] -- Up-to-date symlink: /home/student/Desktop/workspace/install/zed_interfaces/share/zed_interfaces/cmake/ament_cmake_export_libraries-extras.cmake
[2.656s] -- Up-to-date symlink: /home/student/Desktop/workspace/install/zed_interfaces/share/zed_interfaces/cmake/ament_cmake_export_targets-extras.cmake
[2.657s] -- Up-to-date symlink: /home/student/Desktop/workspace/install/zed_interfaces/share/zed_interfaces/cmake/rosidl_cmake_export_typesupport_targets-extras.cmake
[2.657s] -- Up-to-date symlink: /home/student/Desktop/workspace/install/zed_interfaces/share/zed_interfaces/cmake/rosidl_cmake_export_typesupport_libraries-extras.cmake
[2.657s] -- Up-to-date symlink: /home/student/Desktop/workspace/install/zed_interfaces/share/zed_interfaces/cmake/zed_interfacesConfig.cmake
[2.657s] -- Up-to-date symlink: /home/student/Desktop/workspace/install/zed_interfaces/share/zed_interfaces/cmake/zed_interfacesConfig-version.cmake
[2.658s] -- Up-to-date symlink: /home/student/Desktop/workspace/install/zed_interfaces/share/zed_interfaces/package.xml
[2.658s] -- Up-to-date: /home/student/Desktop/workspace/install/zed_interfaces/lib/libzed_interfaces__rosidl_generator_c.so
[2.658s] -- Up-to-date: /home/student/Desktop/workspace/install/zed_interfaces/lib/libzed_interfaces__rosidl_typesupport_fastrtps_c.so
[2.659s] -- Up-to-date: /home/student/Desktop/workspace/install/zed_interfaces/lib/libzed_interfaces__rosidl_typesupport_fastrtps_cpp.so
[2.659s] -- Up-to-date: /home/student/Desktop/workspace/install/zed_interfaces/lib/libzed_interfaces__rosidl_typesupport_introspection_c.so
[2.660s] -- Up-to-date: /home/student/Desktop/workspace/install/zed_interfaces/lib/libzed_interfaces__rosidl_typesupport_c.so
[2.660s] -- Up-to-date: /home/student/Desktop/workspace/install/zed_interfaces/lib/libzed_interfaces__rosidl_typesupport_introspection_cpp.so
[2.660s] -- Up-to-date: /home/student/Desktop/workspace/install/zed_interfaces/lib/libzed_interfaces__rosidl_typesupport_cpp.so
[2.705s] Listing '/home/student/Desktop/workspace/install/zed_interfaces/local/lib/python3.10/dist-packages/zed_interfaces'...
[2.705s] Listing '/home/student/Desktop/workspace/install/zed_interfaces/local/lib/python3.10/dist-packages/zed_interfaces/msg'...
[2.706s] Listing '/home/student/Desktop/workspace/install/zed_interfaces/local/lib/python3.10/dist-packages/zed_interfaces/srv'...
[2.711s] -- Up-to-date: /home/student/Desktop/workspace/install/zed_interfaces/lib/libzed_interfaces__rosidl_generator_py.so
[2.712s] -- Up-to-date: /home/student/Desktop/workspace/install/zed_interfaces/share/zed_interfaces/cmake/export_zed_interfaces__rosidl_generator_cExport.cmake
[2.712s] -- Up-to-date: /home/student/Desktop/workspace/install/zed_interfaces/share/zed_interfaces/cmake/export_zed_interfaces__rosidl_generator_cExport-noconfig.cmake
[2.712s] -- Up-to-date: /home/student/Desktop/workspace/install/zed_interfaces/share/zed_interfaces/cmake/export_zed_interfaces__rosidl_typesupport_fastrtps_cExport.cmake
[2.712s] -- Up-to-date: /home/student/Desktop/workspace/install/zed_interfaces/share/zed_interfaces/cmake/export_zed_interfaces__rosidl_typesupport_fastrtps_cExport-noconfig.cmake
[2.712s] -- Up-to-date: /home/student/Desktop/workspace/install/zed_interfaces/share/zed_interfaces/cmake/export_zed_interfaces__rosidl_generator_cppExport.cmake
[2.712s] -- Up-to-date: /home/student/Desktop/workspace/install/zed_interfaces/share/zed_interfaces/cmake/export_zed_interfaces__rosidl_typesupport_fastrtps_cppExport.cmake
[2.713s] -- Up-to-date: /home/student/Desktop/workspace/install/zed_interfaces/share/zed_interfaces/cmake/export_zed_interfaces__rosidl_typesupport_fastrtps_cppExport-noconfig.cmake
[2.713s] -- Up-to-date: /home/student/Desktop/workspace/install/zed_interfaces/share/zed_interfaces/cmake/zed_interfaces__rosidl_typesupport_introspection_cExport.cmake
[2.713s] -- Up-to-date: /home/student/Desktop/workspace/install/zed_interfaces/share/zed_interfaces/cmake/zed_interfaces__rosidl_typesupport_introspection_cExport-noconfig.cmake
[2.713s] -- Up-to-date: /home/student/Desktop/workspace/install/zed_interfaces/share/zed_interfaces/cmake/zed_interfaces__rosidl_typesupport_cExport.cmake
[2.713s] -- Up-to-date: /home/student/Desktop/workspace/install/zed_interfaces/share/zed_interfaces/cmake/zed_interfaces__rosidl_typesupport_cExport-noconfig.cmake
[2.714s] -- Up-to-date: /home/student/Desktop/workspace/install/zed_interfaces/share/zed_interfaces/cmake/zed_interfaces__rosidl_typesupport_introspection_cppExport.cmake
[2.714s] -- Up-to-date: /home/student/Desktop/workspace/install/zed_interfaces/share/zed_interfaces/cmake/zed_interfaces__rosidl_typesupport_introspection_cppExport-noconfig.cmake
[2.714s] -- Up-to-date: /home/student/Desktop/workspace/install/zed_interfaces/share/zed_interfaces/cmake/zed_interfaces__rosidl_typesupport_cppExport.cmake
[2.716s] -- Up-to-date: /home/student/Desktop/workspace/install/zed_interfaces/share/zed_interfaces/cmake/zed_interfaces__rosidl_typesupport_cppExport-noconfig.cmake
[2.716s] -- Up-to-date: /home/student/Desktop/workspace/install/zed_interfaces/share/zed_interfaces/cmake/export_zed_interfaces__rosidl_generator_pyExport.cmake
[2.716s] -- Up-to-date: /home/student/Desktop/workspace/install/zed_interfaces/share/zed_interfaces/cmake/export_zed_interfaces__rosidl_generator_pyExport-noconfig.cmake
[2.724s] Invoked command in '/home/student/Desktop/workspace/build/zed_interfaces' returned '0': CMAKE_PREFIX_PATH=${CMAKE_PREFIX_PATH}:/home/student/Desktop/workspace/install/ouster_voxel_filter:/home/student/Desktop/workspace/install/yolo_tracking:/home/student/Desktop/workspace/install/sensor_presentation:/home/student/Desktop/workspace/install/position_estimation:/home/student/Desktop/workspace/install/navigation:/home/student/Desktop/workspace/install/main:/opt/ros/humble /home/student/.local/bin/cmake --install /home/student/Desktop/workspace/build/zed_interfaces
