[0.309s] Invoking command in '/home/student/Desktop/workspace/build/object_tracking_messages': CMAKE_PREFIX_PATH=${CMAKE_PREFIX_PATH}:/home/student/Desktop/workspace/install/yolo_tracking:/home/student/Desktop/workspace/install/sensor_presentation:/home/student/Desktop/workspace/install/position_estimation:/home/student/Desktop/workspace/install/ouster_voxel_filter:/home/student/Desktop/workspace/install/navigation:/home/student/Desktop/workspace/install/main:/opt/ros/humble /usr/bin/cmake /home/student/Desktop/workspace/src/object_tracking_messages -DAMENT_CMAKE_SYMLINK_INSTALL=1 -DCMAKE_INSTALL_PREFIX=/home/student/Desktop/workspace/install/object_tracking_messages
[0.352s] -- The C compiler identification is GNU 11.4.0
[0.396s] -- The CXX compiler identification is GNU 11.4.0
[0.402s] -- Detecting C compiler ABI info
[0.460s] -- Detecting C compiler ABI info - done
[0.468s] -- Check for working C compiler: /usr/bin/cc - skipped
[0.468s] -- Detecting C compile features
[0.469s] -- Detecting C compile features - done
[0.471s] -- Detecting CXX compiler ABI info
[0.534s] -- Detecting CXX compiler ABI info - done
[0.542s] -- Check for working CXX compiler: /usr/bin/c++ - skipped
[0.542s] -- Detecting CXX compile features
[0.543s] -- Detecting CXX compile features - done
[0.547s] -- Found ament_cmake: 1.3.10 (/opt/ros/humble/share/ament_cmake/cmake)
[0.685s] -- Found Python3: /usr/bin/python3 (found version "3.10.12") found components: Interpreter 
[0.742s] -- Override CMake install command with custom implementation using symlinks instead of copying resources
[0.798s] -- Found rosidl_default_generators: 1.2.0 (/opt/ros/humble/share/rosidl_default_generators/cmake)
[0.806s] -- Using all available rosidl_typesupport_c: rosidl_typesupport_fastrtps_c;rosidl_typesupport_introspection_c
[0.819s] -- Found rosidl_adapter: 3.1.5 (/opt/ros/humble/share/rosidl_adapter/cmake)
[0.877s] -- Using all available rosidl_typesupport_cpp: rosidl_typesupport_fastrtps_cpp;rosidl_typesupport_introspection_cpp
[0.922s] -- Found sensor_msgs: 4.2.4 (/opt/ros/humble/share/sensor_msgs/cmake)
[1.254s] -- Found ament_cmake_ros: 0.10.0 (/opt/ros/humble/share/ament_cmake_ros/cmake)
[1.440s] -- Using all available rosidl_typesupport_c: rosidl_typesupport_fastrtps_c;rosidl_typesupport_introspection_c
[1.667s] -- Using all available rosidl_typesupport_cpp: rosidl_typesupport_fastrtps_cpp;rosidl_typesupport_introspection_cpp
[1.691s] -- Found PythonInterp: /usr/bin/python3 (found suitable version "3.10.12", minimum required is "3.6") 
[1.694s] -- Found python_cmake_module: 0.10.0 (/opt/ros/humble/share/python_cmake_module/cmake)
[1.723s] -- Found PythonLibs: /usr/lib/x86_64-linux-gnu/libpython3.10.so (found suitable version "3.10.12", minimum required is "3.5") 
[1.723s] -- Using PYTHON_EXECUTABLE: /usr/bin/python3
[1.724s] -- Using PYTHON_INCLUDE_DIRS: /usr/include/python3.10
[1.724s] -- Using PYTHON_LIBRARIES: /usr/lib/x86_64-linux-gnu/libpython3.10.so
[1.753s] -- Found PythonExtra: .so  
[1.831s] -- Found ament_lint_auto: 0.12.11 (/opt/ros/humble/share/ament_lint_auto/cmake)
[1.888s] -- Added test 'lint_cmake' to check CMake code style
[1.890s] -- Added test 'xmllint' to check XML markup files
[1.898s] -- Configuring done
[1.947s] -- Generating done
[1.950s] -- Build files have been written to: /home/student/Desktop/workspace/build/object_tracking_messages
[1.957s] Invoked command in '/home/student/Desktop/workspace/build/object_tracking_messages' returned '0': CMAKE_PREFIX_PATH=${CMAKE_PREFIX_PATH}:/home/student/Desktop/workspace/install/yolo_tracking:/home/student/Desktop/workspace/install/sensor_presentation:/home/student/Desktop/workspace/install/position_estimation:/home/student/Desktop/workspace/install/ouster_voxel_filter:/home/student/Desktop/workspace/install/navigation:/home/student/Desktop/workspace/install/main:/opt/ros/humble /usr/bin/cmake /home/student/Desktop/workspace/src/object_tracking_messages -DAMENT_CMAKE_SYMLINK_INSTALL=1 -DCMAKE_INSTALL_PREFIX=/home/student/Desktop/workspace/install/object_tracking_messages
[1.959s] Invoking command in '/home/student/Desktop/workspace/build/object_tracking_messages': CMAKE_PREFIX_PATH=${CMAKE_PREFIX_PATH}:/home/student/Desktop/workspace/install/yolo_tracking:/home/student/Desktop/workspace/install/sensor_presentation:/home/student/Desktop/workspace/install/position_estimation:/home/student/Desktop/workspace/install/ouster_voxel_filter:/home/student/Desktop/workspace/install/navigation:/home/student/Desktop/workspace/install/main:/opt/ros/humble /usr/bin/cmake --build /home/student/Desktop/workspace/build/object_tracking_messages -- -j16 -l16
[2.002s] [  1%] [34m[1mGenerating C code for ROS interfaces[0m
[2.009s] [  3%] [34m[1mGenerating C++ code for ROS interfaces[0m
[2.016s] [  3%] Built target ament_cmake_python_symlink_object_tracking_messages
[2.413s] running egg_info
[2.414s] creating object_tracking_messages.egg-info
[2.414s] writing object_tracking_messages.egg-info/PKG-INFO
[2.414s] writing dependency_links to object_tracking_messages.egg-info/dependency_links.txt
[2.415s] writing top-level names to object_tracking_messages.egg-info/top_level.txt
[2.415s] writing manifest file 'object_tracking_messages.egg-info/SOURCES.txt'
[2.417s] reading manifest file 'object_tracking_messages.egg-info/SOURCES.txt'
[2.418s] writing manifest file 'object_tracking_messages.egg-info/SOURCES.txt'
[2.451s] [  3%] Built target ament_cmake_python_build_object_tracking_messages_egg
[2.754s] [  3%] Built target object_tracking_messages__cpp
[2.799s] [  4%] [34m[1mGenerating C++ introspection for ROS interfaces[0m
[2.816s] [  6%] [34m[1mGenerating C++ type support dispatch for ROS interfaces[0m
[2.824s] [  7%] [34m[1mGenerating C++ type support for eProsima Fast-RTPS[0m
[3.255s] [  9%] [32mBuilding C object CMakeFiles/object_tracking_messages__rosidl_generator_c.dir/rosidl_generator_c/object_tracking_messages/msg/detail/bounding_box__functions.c.o[0m
[3.273s] [ 12%] [32mBuilding C object CMakeFiles/object_tracking_messages__rosidl_generator_c.dir/rosidl_generator_c/object_tracking_messages/msg/detail/detected_person__functions.c.o[0m
[3.275s] [ 12%] [32mBuilding C object CMakeFiles/object_tracking_messages__rosidl_generator_c.dir/rosidl_generator_c/object_tracking_messages/msg/detail/person_key_point__functions.c.o[0m
[3.292s] [ 14%] [32mBuilding C object CMakeFiles/object_tracking_messages__rosidl_generator_c.dir/rosidl_generator_c/object_tracking_messages/msg/detail/detected_persons__functions.c.o[0m
[3.312s] [ 15%] [32mBuilding C object CMakeFiles/object_tracking_messages__rosidl_generator_c.dir/rosidl_generator_c/object_tracking_messages/msg/detail/person_distance__functions.c.o[0m
[3.450s] [ 17%] [32m[1mLinking C shared library libobject_tracking_messages__rosidl_generator_c.so[0m
[3.509s] [ 17%] Built target object_tracking_messages__rosidl_generator_c
[3.526s] [ 19%] [34m[1mGenerating C type support for eProsima Fast-RTPS[0m
[3.538s] [ 20%] [34m[1mGenerating C introspection for ROS interfaces[0m
[3.554s] [ 22%] [34m[1mGenerating C type support dispatch for ROS interfaces[0m
[3.658s] [ 23%] [32mBuilding CXX object CMakeFiles/object_tracking_messages__rosidl_typesupport_cpp.dir/rosidl_typesupport_cpp/object_tracking_messages/msg/bounding_box__type_support.cpp.o[0m
[3.686s] [ 25%] [32mBuilding CXX object CMakeFiles/object_tracking_messages__rosidl_typesupport_cpp.dir/rosidl_typesupport_cpp/object_tracking_messages/msg/person_key_point__type_support.cpp.o[0m
[3.686s] [ 26%] [32mBuilding CXX object CMakeFiles/object_tracking_messages__rosidl_typesupport_cpp.dir/rosidl_typesupport_cpp/object_tracking_messages/msg/detected_person__type_support.cpp.o[0m
[3.704s] [ 28%] [32mBuilding CXX object CMakeFiles/object_tracking_messages__rosidl_typesupport_cpp.dir/rosidl_typesupport_cpp/object_tracking_messages/msg/detected_persons__type_support.cpp.o[0m
[3.722s] [ 30%] [32mBuilding CXX object CMakeFiles/object_tracking_messages__rosidl_typesupport_cpp.dir/rosidl_typesupport_cpp/object_tracking_messages/msg/person_distance__type_support.cpp.o[0m
[3.927s] [ 33%] [32mBuilding CXX object CMakeFiles/object_tracking_messages__rosidl_typesupport_introspection_cpp.dir/rosidl_typesupport_introspection_cpp/object_tracking_messages/msg/detail/person_key_point__type_support.cpp.o[0m
[3.928s] [ 33%] [32mBuilding CXX object CMakeFiles/object_tracking_messages__rosidl_typesupport_introspection_cpp.dir/rosidl_typesupport_introspection_cpp/object_tracking_messages/msg/detail/bounding_box__type_support.cpp.o[0m
[3.941s] [ 36%] [32mBuilding CXX object CMakeFiles/object_tracking_messages__rosidl_typesupport_introspection_cpp.dir/rosidl_typesupport_introspection_cpp/object_tracking_messages/msg/detail/detected_persons__type_support.cpp.o[0m
[3.941s] [ 36%] [32mBuilding CXX object CMakeFiles/object_tracking_messages__rosidl_typesupport_fastrtps_cpp.dir/rosidl_typesupport_fastrtps_cpp/object_tracking_messages/msg/detail/dds_fastrtps/bounding_box__type_support.cpp.o[0m
[3.944s] [ 38%] [32mBuilding CXX object CMakeFiles/object_tracking_messages__rosidl_typesupport_fastrtps_cpp.dir/rosidl_typesupport_fastrtps_cpp/object_tracking_messages/msg/detail/dds_fastrtps/person_key_point__type_support.cpp.o[0m
[3.944s] [ 39%] [32mBuilding CXX object CMakeFiles/object_tracking_messages__rosidl_typesupport_introspection_cpp.dir/rosidl_typesupport_introspection_cpp/object_tracking_messages/msg/detail/person_distance__type_support.cpp.o[0m
[3.945s] [ 41%] [32mBuilding CXX object CMakeFiles/object_tracking_messages__rosidl_typesupport_introspection_cpp.dir/rosidl_typesupport_introspection_cpp/object_tracking_messages/msg/detail/detected_person__type_support.cpp.o[0m
[3.959s] [ 42%] [32mBuilding CXX object CMakeFiles/object_tracking_messages__rosidl_typesupport_fastrtps_cpp.dir/rosidl_typesupport_fastrtps_cpp/object_tracking_messages/msg/detail/dds_fastrtps/detected_person__type_support.cpp.o[0m
[4.043s] [ 44%] [32mBuilding CXX object CMakeFiles/object_tracking_messages__rosidl_typesupport_fastrtps_cpp.dir/rosidl_typesupport_fastrtps_cpp/object_tracking_messages/msg/detail/dds_fastrtps/detected_persons__type_support.cpp.o[0m
[4.059s] [ 46%] [32mBuilding CXX object CMakeFiles/object_tracking_messages__rosidl_typesupport_fastrtps_cpp.dir/rosidl_typesupport_fastrtps_cpp/object_tracking_messages/msg/detail/dds_fastrtps/person_distance__type_support.cpp.o[0m
[4.135s] [ 47%] [32m[1mLinking CXX shared library libobject_tracking_messages__rosidl_typesupport_cpp.so[0m
[4.305s] [ 47%] Built target object_tracking_messages__rosidl_typesupport_cpp
[4.363s] [ 49%] [32mBuilding CXX object CMakeFiles/object_tracking_messages__rosidl_typesupport_c.dir/rosidl_typesupport_c/object_tracking_messages/msg/bounding_box__type_support.cpp.o[0m
[4.379s] [ 50%] [32mBuilding CXX object CMakeFiles/object_tracking_messages__rosidl_typesupport_c.dir/rosidl_typesupport_c/object_tracking_messages/msg/person_key_point__type_support.cpp.o[0m
[4.398s] [ 52%] [32mBuilding CXX object CMakeFiles/object_tracking_messages__rosidl_typesupport_c.dir/rosidl_typesupport_c/object_tracking_messages/msg/detected_persons__type_support.cpp.o[0m
[4.398s] [ 53%] [32mBuilding CXX object CMakeFiles/object_tracking_messages__rosidl_typesupport_c.dir/rosidl_typesupport_c/object_tracking_messages/msg/detected_person__type_support.cpp.o[0m
[4.462s] [ 55%] [32mBuilding CXX object CMakeFiles/object_tracking_messages__rosidl_typesupport_c.dir/rosidl_typesupport_c/object_tracking_messages/msg/person_distance__type_support.cpp.o[0m
[4.531s] [ 57%] [32m[1mLinking CXX shared library libobject_tracking_messages__rosidl_typesupport_c.so[0m
[4.546s] [ 60%] [32mBuilding CXX object CMakeFiles/object_tracking_messages__rosidl_typesupport_fastrtps_c.dir/rosidl_typesupport_fastrtps_c/object_tracking_messages/msg/detail/person_key_point__type_support_c.cpp.o[0m
[4.546s] [ 60%] [32mBuilding CXX object CMakeFiles/object_tracking_messages__rosidl_typesupport_fastrtps_c.dir/rosidl_typesupport_fastrtps_c/object_tracking_messages/msg/detail/bounding_box__type_support_c.cpp.o[0m
[4.548s] [ 61%] [32mBuilding C object CMakeFiles/object_tracking_messages__rosidl_typesupport_introspection_c.dir/rosidl_typesupport_introspection_c/object_tracking_messages/msg/detail/person_key_point__type_support.c.o[0m
[4.549s] [ 63%] [32mBuilding CXX object CMakeFiles/object_tracking_messages__rosidl_typesupport_fastrtps_c.dir/rosidl_typesupport_fastrtps_c/object_tracking_messages/msg/detail/detected_persons__type_support_c.cpp.o[0m
[4.549s] [ 65%] [32mBuilding C object CMakeFiles/object_tracking_messages__rosidl_typesupport_introspection_c.dir/rosidl_typesupport_introspection_c/object_tracking_messages/msg/detail/bounding_box__type_support.c.o[0m
[4.558s] [ 66%] [32mBuilding C object CMakeFiles/object_tracking_messages__rosidl_typesupport_introspection_c.dir/rosidl_typesupport_introspection_c/object_tracking_messages/msg/detail/detected_person__type_support.c.o[0m
[4.558s] [ 68%] [32mBuilding CXX object CMakeFiles/object_tracking_messages__rosidl_typesupport_fastrtps_c.dir/rosidl_typesupport_fastrtps_c/object_tracking_messages/msg/detail/person_distance__type_support_c.cpp.o[0m
[4.563s] [ 69%] [32mBuilding CXX object CMakeFiles/object_tracking_messages__rosidl_typesupport_fastrtps_c.dir/rosidl_typesupport_fastrtps_c/object_tracking_messages/msg/detail/detected_person__type_support_c.cpp.o[0m
[4.570s] [ 71%] [32mBuilding C object CMakeFiles/object_tracking_messages__rosidl_typesupport_introspection_c.dir/rosidl_typesupport_introspection_c/object_tracking_messages/msg/detail/detected_persons__type_support.c.o[0m
[4.618s] [ 73%] [32mBuilding C object CMakeFiles/object_tracking_messages__rosidl_typesupport_introspection_c.dir/rosidl_typesupport_introspection_c/object_tracking_messages/msg/detail/person_distance__type_support.c.o[0m
[4.619s] [ 73%] Built target object_tracking_messages__rosidl_typesupport_c
[4.699s] [ 74%] [32m[1mLinking CXX shared library libobject_tracking_messages__rosidl_typesupport_introspection_cpp.so[0m
[4.724s] [ 76%] [32m[1mLinking C shared library libobject_tracking_messages__rosidl_typesupport_introspection_c.so[0m
[4.738s] [ 77%] [32m[1mLinking CXX shared library libobject_tracking_messages__rosidl_typesupport_fastrtps_cpp.so[0m
[4.754s] [ 77%] Built target object_tracking_messages__rosidl_typesupport_introspection_c
[4.820s] [ 77%] Built target object_tracking_messages__rosidl_typesupport_fastrtps_cpp
[4.828s] [ 77%] Built target object_tracking_messages__rosidl_typesupport_introspection_cpp
[5.044s] [ 79%] [32m[1mLinking CXX shared library libobject_tracking_messages__rosidl_typesupport_fastrtps_c.so[0m
[5.153s] [ 79%] Built target object_tracking_messages__rosidl_typesupport_fastrtps_c
[5.172s] [ 79%] Built target object_tracking_messages
[5.193s] [ 80%] [34m[1mGenerating Python code for ROS interfaces[0m
[6.165s] [ 80%] Built target object_tracking_messages__py
[6.187s] [ 82%] [32mBuilding C object CMakeFiles/object_tracking_messages__rosidl_generator_py.dir/rosidl_generator_py/object_tracking_messages/msg/_bounding_box_s.c.o[0m
[6.191s] [ 84%] [32mBuilding C object CMakeFiles/object_tracking_messages__rosidl_generator_py.dir/rosidl_generator_py/object_tracking_messages/msg/_detected_person_s.c.o[0m
[6.191s] [ 87%] [32mBuilding C object CMakeFiles/object_tracking_messages__rosidl_generator_py.dir/rosidl_generator_py/object_tracking_messages/msg/_person_key_point_s.c.o[0m
[6.191s] [ 87%] [32mBuilding C object CMakeFiles/object_tracking_messages__rosidl_generator_py.dir/rosidl_generator_py/object_tracking_messages/msg/_person_distance_s.c.o[0m
[6.191s] [ 88%] [32mBuilding C object CMakeFiles/object_tracking_messages__rosidl_generator_py.dir/rosidl_generator_py/object_tracking_messages/msg/_detected_persons_s.c.o[0m
[6.434s] [ 90%] [32m[1mLinking C shared library rosidl_generator_py/object_tracking_messages/libobject_tracking_messages__rosidl_generator_py.so[0m
[6.470s] [ 90%] Built target object_tracking_messages__rosidl_generator_py
[6.493s] [ 92%] [32mBuilding C object CMakeFiles/object_tracking_messages__rosidl_typesupport_introspection_c__pyext.dir/rosidl_generator_py/object_tracking_messages/_object_tracking_messages_s.ep.rosidl_typesupport_introspection_c.c.o[0m
[6.499s] [ 95%] [32mBuilding C object CMakeFiles/object_tracking_messages__rosidl_typesupport_fastrtps_c__pyext.dir/rosidl_generator_py/object_tracking_messages/_object_tracking_messages_s.ep.rosidl_typesupport_fastrtps_c.c.o[0m
[6.499s] [ 95%] [32mBuilding C object CMakeFiles/object_tracking_messages__rosidl_typesupport_c__pyext.dir/rosidl_generator_py/object_tracking_messages/_object_tracking_messages_s.ep.rosidl_typesupport_c.c.o[0m
[6.606s] [ 96%] [32m[1mLinking C shared library rosidl_generator_py/object_tracking_messages/object_tracking_messages_s__rosidl_typesupport_introspection_c.cpython-310-x86_64-linux-gnu.so[0m
[6.639s] [ 98%] [32m[1mLinking C shared library rosidl_generator_py/object_tracking_messages/object_tracking_messages_s__rosidl_typesupport_fastrtps_c.cpython-310-x86_64-linux-gnu.so[0m
[6.643s] [100%] [32m[1mLinking C shared library rosidl_generator_py/object_tracking_messages/object_tracking_messages_s__rosidl_typesupport_c.cpython-310-x86_64-linux-gnu.so[0m
[6.652s] [100%] Built target object_tracking_messages__rosidl_typesupport_introspection_c__pyext
[6.673s] [100%] Built target object_tracking_messages__rosidl_typesupport_fastrtps_c__pyext
[6.684s] [100%] Built target object_tracking_messages__rosidl_typesupport_c__pyext
[6.695s] Invoked command in '/home/student/Desktop/workspace/build/object_tracking_messages' returned '0': CMAKE_PREFIX_PATH=${CMAKE_PREFIX_PATH}:/home/student/Desktop/workspace/install/yolo_tracking:/home/student/Desktop/workspace/install/sensor_presentation:/home/student/Desktop/workspace/install/position_estimation:/home/student/Desktop/workspace/install/ouster_voxel_filter:/home/student/Desktop/workspace/install/navigation:/home/student/Desktop/workspace/install/main:/opt/ros/humble /usr/bin/cmake --build /home/student/Desktop/workspace/build/object_tracking_messages -- -j16 -l16
[6.941s] Invoking command in '/home/student/Desktop/workspace/build/object_tracking_messages': CMAKE_PREFIX_PATH=${CMAKE_PREFIX_PATH}:/home/student/Desktop/workspace/install/yolo_tracking:/home/student/Desktop/workspace/install/sensor_presentation:/home/student/Desktop/workspace/install/position_estimation:/home/student/Desktop/workspace/install/ouster_voxel_filter:/home/student/Desktop/workspace/install/navigation:/home/student/Desktop/workspace/install/main:/opt/ros/humble /usr/bin/cmake --install /home/student/Desktop/workspace/build/object_tracking_messages
[6.955s] -- Install configuration: ""
[6.955s] -- Execute custom install script
[6.955s] -- Symlinking: /home/student/Desktop/workspace/install/object_tracking_messages/share/ament_index/resource_index/rosidl_interfaces/object_tracking_messages
[6.971s] -- Symlinking: /home/student/Desktop/workspace/install/object_tracking_messages/include/object_tracking_messages/object_tracking_messages/msg/bounding_box.h
[6.984s] -- Symlinking: /home/student/Desktop/workspace/install/object_tracking_messages/include/object_tracking_messages/object_tracking_messages/msg/detail/bounding_box__functions.h
[6.999s] -- Symlinking: /home/student/Desktop/workspace/install/object_tracking_messages/include/object_tracking_messages/object_tracking_messages/msg/detail/bounding_box__struct.h
[7.052s] -- Symlinking: /home/student/Desktop/workspace/install/object_tracking_messages/include/object_tracking_messages/object_tracking_messages/msg/detail/bounding_box__type_support.h
[7.092s] -- Symlinking: /home/student/Desktop/workspace/install/object_tracking_messages/include/object_tracking_messages/object_tracking_messages/msg/detail/detected_person__functions.h
[7.136s] -- Symlinking: /home/student/Desktop/workspace/install/object_tracking_messages/include/object_tracking_messages/object_tracking_messages/msg/detail/detected_person__struct.h
[7.157s] -- Symlinking: /home/student/Desktop/workspace/install/object_tracking_messages/include/object_tracking_messages/object_tracking_messages/msg/detail/detected_person__type_support.h
[7.192s] -- Symlinking: /home/student/Desktop/workspace/install/object_tracking_messages/include/object_tracking_messages/object_tracking_messages/msg/detail/detected_persons__functions.h
[7.236s] -- Symlinking: /home/student/Desktop/workspace/install/object_tracking_messages/include/object_tracking_messages/object_tracking_messages/msg/detail/detected_persons__struct.h
[7.259s] -- Symlinking: /home/student/Desktop/workspace/install/object_tracking_messages/include/object_tracking_messages/object_tracking_messages/msg/detail/detected_persons__type_support.h
[7.306s] -- Symlinking: /home/student/Desktop/workspace/install/object_tracking_messages/include/object_tracking_messages/object_tracking_messages/msg/detail/person_distance__functions.h
[7.328s] -- Symlinking: /home/student/Desktop/workspace/install/object_tracking_messages/include/object_tracking_messages/object_tracking_messages/msg/detail/person_distance__struct.h
[7.368s] -- Symlinking: /home/student/Desktop/workspace/install/object_tracking_messages/include/object_tracking_messages/object_tracking_messages/msg/detail/person_distance__type_support.h
[7.412s] -- Symlinking: /home/student/Desktop/workspace/install/object_tracking_messages/include/object_tracking_messages/object_tracking_messages/msg/detail/person_key_point__functions.h
[7.457s] -- Symlinking: /home/student/Desktop/workspace/install/object_tracking_messages/include/object_tracking_messages/object_tracking_messages/msg/detail/person_key_point__struct.h
[7.497s] -- Symlinking: /home/student/Desktop/workspace/install/object_tracking_messages/include/object_tracking_messages/object_tracking_messages/msg/detail/person_key_point__type_support.h
[7.514s] -- Symlinking: /home/student/Desktop/workspace/install/object_tracking_messages/include/object_tracking_messages/object_tracking_messages/msg/detected_person.h
[7.531s] -- Symlinking: /home/student/Desktop/workspace/install/object_tracking_messages/include/object_tracking_messages/object_tracking_messages/msg/detected_persons.h
[7.545s] -- Symlinking: /home/student/Desktop/workspace/install/object_tracking_messages/include/object_tracking_messages/object_tracking_messages/msg/person_distance.h
[7.560s] -- Symlinking: /home/student/Desktop/workspace/install/object_tracking_messages/include/object_tracking_messages/object_tracking_messages/msg/person_key_point.h
[7.575s] -- Symlinking: /home/student/Desktop/workspace/install/object_tracking_messages/include/object_tracking_messages/object_tracking_messages/msg/rosidl_generator_c__visibility_control.h
[7.589s] -- Symlinking: /home/student/Desktop/workspace/install/object_tracking_messages/share/object_tracking_messages/environment/library_path.sh
[7.605s] -- Symlinking: /home/student/Desktop/workspace/install/object_tracking_messages/share/object_tracking_messages/environment/library_path.dsv
[7.620s] -- Symlinking: /home/student/Desktop/workspace/install/object_tracking_messages/include/object_tracking_messages/object_tracking_messages/msg/detail/bounding_box__rosidl_typesupport_fastrtps_c.h
[7.633s] -- Symlinking: /home/student/Desktop/workspace/install/object_tracking_messages/include/object_tracking_messages/object_tracking_messages/msg/detail/detected_person__rosidl_typesupport_fastrtps_c.h
[7.648s] -- Symlinking: /home/student/Desktop/workspace/install/object_tracking_messages/include/object_tracking_messages/object_tracking_messages/msg/detail/detected_persons__rosidl_typesupport_fastrtps_c.h
[7.661s] -- Symlinking: /home/student/Desktop/workspace/install/object_tracking_messages/include/object_tracking_messages/object_tracking_messages/msg/detail/person_distance__rosidl_typesupport_fastrtps_c.h
[7.675s] -- Symlinking: /home/student/Desktop/workspace/install/object_tracking_messages/include/object_tracking_messages/object_tracking_messages/msg/detail/person_key_point__rosidl_typesupport_fastrtps_c.h
[7.688s] -- Symlinking: /home/student/Desktop/workspace/install/object_tracking_messages/include/object_tracking_messages/object_tracking_messages/msg/rosidl_typesupport_fastrtps_c__visibility_control.h
[7.702s] -- Symlinking: /home/student/Desktop/workspace/install/object_tracking_messages/include/object_tracking_messages/object_tracking_messages/msg/detail/bounding_box__rosidl_typesupport_introspection_c.h
[7.716s] -- Symlinking: /home/student/Desktop/workspace/install/object_tracking_messages/include/object_tracking_messages/object_tracking_messages/msg/detail/detected_person__rosidl_typesupport_introspection_c.h
[7.731s] -- Symlinking: /home/student/Desktop/workspace/install/object_tracking_messages/include/object_tracking_messages/object_tracking_messages/msg/detail/detected_persons__rosidl_typesupport_introspection_c.h
[7.749s] -- Symlinking: /home/student/Desktop/workspace/install/object_tracking_messages/include/object_tracking_messages/object_tracking_messages/msg/detail/person_distance__rosidl_typesupport_introspection_c.h
[7.769s] -- Symlinking: /home/student/Desktop/workspace/install/object_tracking_messages/include/object_tracking_messages/object_tracking_messages/msg/detail/person_key_point__rosidl_typesupport_introspection_c.h
[7.777s] -- Symlinking: /home/student/Desktop/workspace/install/object_tracking_messages/include/object_tracking_messages/object_tracking_messages/msg/rosidl_typesupport_introspection_c__visibility_control.h
[7.791s] -- Symlinking: /home/student/Desktop/workspace/install/object_tracking_messages/include/object_tracking_messages/object_tracking_messages/msg/bounding_box.hpp
[7.811s] -- Symlinking: /home/student/Desktop/workspace/install/object_tracking_messages/include/object_tracking_messages/object_tracking_messages/msg/detail/bounding_box__builder.hpp
[7.820s] -- Symlinking: /home/student/Desktop/workspace/install/object_tracking_messages/include/object_tracking_messages/object_tracking_messages/msg/detail/bounding_box__struct.hpp
[7.833s] -- Symlinking: /home/student/Desktop/workspace/install/object_tracking_messages/include/object_tracking_messages/object_tracking_messages/msg/detail/bounding_box__traits.hpp
[7.848s] -- Symlinking: /home/student/Desktop/workspace/install/object_tracking_messages/include/object_tracking_messages/object_tracking_messages/msg/detail/detected_person__builder.hpp
[7.865s] -- Symlinking: /home/student/Desktop/workspace/install/object_tracking_messages/include/object_tracking_messages/object_tracking_messages/msg/detail/detected_person__struct.hpp
[7.881s] -- Symlinking: /home/student/Desktop/workspace/install/object_tracking_messages/include/object_tracking_messages/object_tracking_messages/msg/detail/detected_person__traits.hpp
[7.897s] -- Symlinking: /home/student/Desktop/workspace/install/object_tracking_messages/include/object_tracking_messages/object_tracking_messages/msg/detail/detected_persons__builder.hpp
[7.911s] -- Symlinking: /home/student/Desktop/workspace/install/object_tracking_messages/include/object_tracking_messages/object_tracking_messages/msg/detail/detected_persons__struct.hpp
[7.940s] -- Symlinking: /home/student/Desktop/workspace/install/object_tracking_messages/include/object_tracking_messages/object_tracking_messages/msg/detail/detected_persons__traits.hpp
[7.971s] -- Symlinking: /home/student/Desktop/workspace/install/object_tracking_messages/include/object_tracking_messages/object_tracking_messages/msg/detail/person_distance__builder.hpp
[8.007s] -- Symlinking: /home/student/Desktop/workspace/install/object_tracking_messages/include/object_tracking_messages/object_tracking_messages/msg/detail/person_distance__struct.hpp
[8.043s] -- Symlinking: /home/student/Desktop/workspace/install/object_tracking_messages/include/object_tracking_messages/object_tracking_messages/msg/detail/person_distance__traits.hpp
[8.068s] -- Symlinking: /home/student/Desktop/workspace/install/object_tracking_messages/include/object_tracking_messages/object_tracking_messages/msg/detail/person_key_point__builder.hpp
[8.109s] -- Symlinking: /home/student/Desktop/workspace/install/object_tracking_messages/include/object_tracking_messages/object_tracking_messages/msg/detail/person_key_point__struct.hpp
[8.134s] -- Symlinking: /home/student/Desktop/workspace/install/object_tracking_messages/include/object_tracking_messages/object_tracking_messages/msg/detail/person_key_point__traits.hpp
[8.161s] -- Symlinking: /home/student/Desktop/workspace/install/object_tracking_messages/include/object_tracking_messages/object_tracking_messages/msg/detected_person.hpp
[8.197s] -- Symlinking: /home/student/Desktop/workspace/install/object_tracking_messages/include/object_tracking_messages/object_tracking_messages/msg/detected_persons.hpp
[8.238s] -- Symlinking: /home/student/Desktop/workspace/install/object_tracking_messages/include/object_tracking_messages/object_tracking_messages/msg/person_distance.hpp
[8.260s] -- Symlinking: /home/student/Desktop/workspace/install/object_tracking_messages/include/object_tracking_messages/object_tracking_messages/msg/person_key_point.hpp
[8.302s] -- Symlinking: /home/student/Desktop/workspace/install/object_tracking_messages/include/object_tracking_messages/object_tracking_messages/msg/detail/bounding_box__rosidl_typesupport_fastrtps_cpp.hpp
[8.337s] -- Symlinking: /home/student/Desktop/workspace/install/object_tracking_messages/include/object_tracking_messages/object_tracking_messages/msg/detail/detected_person__rosidl_typesupport_fastrtps_cpp.hpp
[8.351s] -- Symlinking: /home/student/Desktop/workspace/install/object_tracking_messages/include/object_tracking_messages/object_tracking_messages/msg/detail/detected_persons__rosidl_typesupport_fastrtps_cpp.hpp
[8.371s] -- Symlinking: /home/student/Desktop/workspace/install/object_tracking_messages/include/object_tracking_messages/object_tracking_messages/msg/detail/person_distance__rosidl_typesupport_fastrtps_cpp.hpp
[8.384s] -- Symlinking: /home/student/Desktop/workspace/install/object_tracking_messages/include/object_tracking_messages/object_tracking_messages/msg/detail/person_key_point__rosidl_typesupport_fastrtps_cpp.hpp
[8.398s] -- Symlinking: /home/student/Desktop/workspace/install/object_tracking_messages/include/object_tracking_messages/object_tracking_messages/msg/rosidl_typesupport_fastrtps_cpp__visibility_control.h
[8.411s] -- Symlinking: /home/student/Desktop/workspace/install/object_tracking_messages/include/object_tracking_messages/object_tracking_messages/msg/detail/bounding_box__rosidl_typesupport_introspection_cpp.hpp
[8.456s] -- Symlinking: /home/student/Desktop/workspace/install/object_tracking_messages/include/object_tracking_messages/object_tracking_messages/msg/detail/detected_person__rosidl_typesupport_introspection_cpp.hpp
[8.482s] -- Symlinking: /home/student/Desktop/workspace/install/object_tracking_messages/include/object_tracking_messages/object_tracking_messages/msg/detail/detected_persons__rosidl_typesupport_introspection_cpp.hpp
[8.497s] -- Symlinking: /home/student/Desktop/workspace/install/object_tracking_messages/include/object_tracking_messages/object_tracking_messages/msg/detail/person_distance__rosidl_typesupport_introspection_cpp.hpp
[8.510s] -- Symlinking: /home/student/Desktop/workspace/install/object_tracking_messages/include/object_tracking_messages/object_tracking_messages/msg/detail/person_key_point__rosidl_typesupport_introspection_cpp.hpp
[8.537s] -- Symlinking: /home/student/Desktop/workspace/install/object_tracking_messages/share/object_tracking_messages/environment/pythonpath.sh
[8.561s] -- Symlinking: /home/student/Desktop/workspace/install/object_tracking_messages/share/object_tracking_messages/environment/pythonpath.dsv
[8.589s] -- Symlinking: /home/student/Desktop/workspace/install/object_tracking_messages/local/lib/python3.10/dist-packages/object_tracking_messages-0.0.0-py3.10.egg-info/PKG-INFO
[8.606s] -- Symlinking: /home/student/Desktop/workspace/install/object_tracking_messages/local/lib/python3.10/dist-packages/object_tracking_messages-0.0.0-py3.10.egg-info/SOURCES.txt
[8.623s] -- Symlinking: /home/student/Desktop/workspace/install/object_tracking_messages/local/lib/python3.10/dist-packages/object_tracking_messages-0.0.0-py3.10.egg-info/dependency_links.txt
[8.664s] -- Symlinking: /home/student/Desktop/workspace/install/object_tracking_messages/local/lib/python3.10/dist-packages/object_tracking_messages-0.0.0-py3.10.egg-info/top_level.txt
[8.692s] -- Symlinking: /home/student/Desktop/workspace/install/object_tracking_messages/local/lib/python3.10/dist-packages/object_tracking_messages/__init__.py
[8.708s] -- Symlinking: /home/student/Desktop/workspace/install/object_tracking_messages/local/lib/python3.10/dist-packages/object_tracking_messages/_object_tracking_messages_s.ep.rosidl_typesupport_c.c
[8.722s] -- Symlinking: /home/student/Desktop/workspace/install/object_tracking_messages/local/lib/python3.10/dist-packages/object_tracking_messages/_object_tracking_messages_s.ep.rosidl_typesupport_fastrtps_c.c
[8.748s] -- Symlinking: /home/student/Desktop/workspace/install/object_tracking_messages/local/lib/python3.10/dist-packages/object_tracking_messages/_object_tracking_messages_s.ep.rosidl_typesupport_introspection_c.c
[8.792s] -- Symlinking: /home/student/Desktop/workspace/install/object_tracking_messages/local/lib/python3.10/dist-packages/object_tracking_messages/libobject_tracking_messages__rosidl_generator_py.so
[8.837s] -- Symlinking: /home/student/Desktop/workspace/install/object_tracking_messages/local/lib/python3.10/dist-packages/object_tracking_messages/msg/__init__.py
[8.863s] -- Symlinking: /home/student/Desktop/workspace/install/object_tracking_messages/local/lib/python3.10/dist-packages/object_tracking_messages/msg/_bounding_box.py
[8.878s] -- Symlinking: /home/student/Desktop/workspace/install/object_tracking_messages/local/lib/python3.10/dist-packages/object_tracking_messages/msg/_bounding_box_s.c
[8.891s] -- Symlinking: /home/student/Desktop/workspace/install/object_tracking_messages/local/lib/python3.10/dist-packages/object_tracking_messages/msg/_detected_person.py
[8.905s] -- Symlinking: /home/student/Desktop/workspace/install/object_tracking_messages/local/lib/python3.10/dist-packages/object_tracking_messages/msg/_detected_person_s.c
[8.919s] -- Symlinking: /home/student/Desktop/workspace/install/object_tracking_messages/local/lib/python3.10/dist-packages/object_tracking_messages/msg/_detected_persons.py
[8.933s] -- Symlinking: /home/student/Desktop/workspace/install/object_tracking_messages/local/lib/python3.10/dist-packages/object_tracking_messages/msg/_detected_persons_s.c
[8.954s] -- Symlinking: /home/student/Desktop/workspace/install/object_tracking_messages/local/lib/python3.10/dist-packages/object_tracking_messages/msg/_person_distance.py
[8.982s] -- Symlinking: /home/student/Desktop/workspace/install/object_tracking_messages/local/lib/python3.10/dist-packages/object_tracking_messages/msg/_person_distance_s.c
[9.009s] -- Symlinking: /home/student/Desktop/workspace/install/object_tracking_messages/local/lib/python3.10/dist-packages/object_tracking_messages/msg/_person_key_point.py
[9.036s] -- Symlinking: /home/student/Desktop/workspace/install/object_tracking_messages/local/lib/python3.10/dist-packages/object_tracking_messages/msg/_person_key_point_s.c
[9.065s] -- Symlinking: /home/student/Desktop/workspace/install/object_tracking_messages/local/lib/python3.10/dist-packages/object_tracking_messages/object_tracking_messages_s__rosidl_typesupport_c.cpython-310-x86_64-linux-gnu.so
[9.082s] -- Symlinking: /home/student/Desktop/workspace/install/object_tracking_messages/local/lib/python3.10/dist-packages/object_tracking_messages/object_tracking_messages_s__rosidl_typesupport_fastrtps_c.cpython-310-x86_64-linux-gnu.so
[9.096s] -- Symlinking: /home/student/Desktop/workspace/install/object_tracking_messages/local/lib/python3.10/dist-packages/object_tracking_messages/object_tracking_messages_s__rosidl_typesupport_introspection_c.cpython-310-x86_64-linux-gnu.so
[9.111s] -- Up-to-date symlink: /home/student/Desktop/workspace/install/object_tracking_messages/local/lib/python3.10/dist-packages/object_tracking_messages/object_tracking_messages_s__rosidl_typesupport_fastrtps_c.cpython-310-x86_64-linux-gnu.so
[9.111s] -- Up-to-date symlink: /home/student/Desktop/workspace/install/object_tracking_messages/local/lib/python3.10/dist-packages/object_tracking_messages/object_tracking_messages_s__rosidl_typesupport_introspection_c.cpython-310-x86_64-linux-gnu.so
[9.112s] -- Up-to-date symlink: /home/student/Desktop/workspace/install/object_tracking_messages/local/lib/python3.10/dist-packages/object_tracking_messages/object_tracking_messages_s__rosidl_typesupport_c.cpython-310-x86_64-linux-gnu.so
[9.112s] -- Symlinking: /home/student/Desktop/workspace/install/object_tracking_messages/share/object_tracking_messages/msg/BoundingBox.idl
[9.139s] -- Symlinking: /home/student/Desktop/workspace/install/object_tracking_messages/share/object_tracking_messages/msg/PersonKeyPoint.idl
[9.153s] -- Symlinking: /home/student/Desktop/workspace/install/object_tracking_messages/share/object_tracking_messages/msg/DetectedPerson.idl
[9.166s] -- Symlinking: /home/student/Desktop/workspace/install/object_tracking_messages/share/object_tracking_messages/msg/DetectedPersons.idl
[9.187s] -- Symlinking: /home/student/Desktop/workspace/install/object_tracking_messages/share/object_tracking_messages/msg/PersonDistance.idl
[9.226s] -- Symlinking: /home/student/Desktop/workspace/install/object_tracking_messages/share/object_tracking_messages/msg/BoundingBox.msg
[9.252s] -- Symlinking: /home/student/Desktop/workspace/install/object_tracking_messages/share/object_tracking_messages/msg/PersonKeyPoint.msg
[9.273s] -- Symlinking: /home/student/Desktop/workspace/install/object_tracking_messages/share/object_tracking_messages/msg/DetectedPerson.msg
[9.297s] -- Symlinking: /home/student/Desktop/workspace/install/object_tracking_messages/share/object_tracking_messages/msg/DetectedPersons.msg
[9.312s] -- Symlinking: /home/student/Desktop/workspace/install/object_tracking_messages/share/object_tracking_messages/msg/PersonDistance.msg
[9.327s] -- Symlinking: /home/student/Desktop/workspace/install/object_tracking_messages/share/ament_index/resource_index/package_run_dependencies/object_tracking_messages
[9.343s] -- Symlinking: /home/student/Desktop/workspace/install/object_tracking_messages/share/ament_index/resource_index/parent_prefix_path/object_tracking_messages
[9.357s] -- Symlinking: /home/student/Desktop/workspace/install/object_tracking_messages/share/object_tracking_messages/environment/ament_prefix_path.sh
[9.371s] -- Symlinking: /home/student/Desktop/workspace/install/object_tracking_messages/share/object_tracking_messages/environment/ament_prefix_path.dsv
[9.385s] -- Symlinking: /home/student/Desktop/workspace/install/object_tracking_messages/share/object_tracking_messages/environment/path.sh
[9.406s] -- Symlinking: /home/student/Desktop/workspace/install/object_tracking_messages/share/object_tracking_messages/environment/path.dsv
[9.428s] -- Symlinking: /home/student/Desktop/workspace/install/object_tracking_messages/share/object_tracking_messages/local_setup.bash
[9.460s] -- Symlinking: /home/student/Desktop/workspace/install/object_tracking_messages/share/object_tracking_messages/local_setup.sh
[9.479s] -- Symlinking: /home/student/Desktop/workspace/install/object_tracking_messages/share/object_tracking_messages/local_setup.zsh
[9.502s] -- Symlinking: /home/student/Desktop/workspace/install/object_tracking_messages/share/object_tracking_messages/local_setup.dsv
[9.520s] -- Symlinking: /home/student/Desktop/workspace/install/object_tracking_messages/share/object_tracking_messages/package.dsv
[9.535s] -- Symlinking: /home/student/Desktop/workspace/install/object_tracking_messages/share/ament_index/resource_index/packages/object_tracking_messages
[9.551s] -- Symlinking: /home/student/Desktop/workspace/install/object_tracking_messages/share/object_tracking_messages/cmake/rosidl_cmake-extras.cmake
[9.564s] -- Symlinking: /home/student/Desktop/workspace/install/object_tracking_messages/share/object_tracking_messages/cmake/ament_cmake_export_include_directories-extras.cmake
[9.578s] -- Symlinking: /home/student/Desktop/workspace/install/object_tracking_messages/share/object_tracking_messages/cmake/ament_cmake_export_libraries-extras.cmake
[9.609s] -- Symlinking: /home/student/Desktop/workspace/install/object_tracking_messages/share/object_tracking_messages/cmake/ament_cmake_export_targets-extras.cmake
[9.648s] -- Symlinking: /home/student/Desktop/workspace/install/object_tracking_messages/share/object_tracking_messages/cmake/rosidl_cmake_export_typesupport_targets-extras.cmake
[9.676s] -- Symlinking: /home/student/Desktop/workspace/install/object_tracking_messages/share/object_tracking_messages/cmake/ament_cmake_export_dependencies-extras.cmake
[9.706s] -- Symlinking: /home/student/Desktop/workspace/install/object_tracking_messages/share/object_tracking_messages/cmake/rosidl_cmake_export_typesupport_libraries-extras.cmake
[9.753s] -- Symlinking: /home/student/Desktop/workspace/install/object_tracking_messages/share/object_tracking_messages/cmake/object_tracking_messagesConfig.cmake
[9.776s] -- Symlinking: /home/student/Desktop/workspace/install/object_tracking_messages/share/object_tracking_messages/cmake/object_tracking_messagesConfig-version.cmake
[9.790s] -- Symlinking: /home/student/Desktop/workspace/install/object_tracking_messages/share/object_tracking_messages/package.xml
[9.807s] -- Installing: /home/student/Desktop/workspace/install/object_tracking_messages/lib/libobject_tracking_messages__rosidl_generator_c.so
[9.810s] -- Set runtime path of "/home/student/Desktop/workspace/install/object_tracking_messages/lib/libobject_tracking_messages__rosidl_generator_c.so" to ""
[9.810s] -- Installing: /home/student/Desktop/workspace/install/object_tracking_messages/lib/libobject_tracking_messages__rosidl_typesupport_fastrtps_c.so
[9.812s] -- Set runtime path of "/home/student/Desktop/workspace/install/object_tracking_messages/lib/libobject_tracking_messages__rosidl_typesupport_fastrtps_c.so" to ""
[9.812s] -- Installing: /home/student/Desktop/workspace/install/object_tracking_messages/lib/libobject_tracking_messages__rosidl_typesupport_introspection_c.so
[9.814s] -- Set runtime path of "/home/student/Desktop/workspace/install/object_tracking_messages/lib/libobject_tracking_messages__rosidl_typesupport_introspection_c.so" to ""
[9.814s] -- Installing: /home/student/Desktop/workspace/install/object_tracking_messages/lib/libobject_tracking_messages__rosidl_typesupport_c.so
[9.816s] -- Set runtime path of "/home/student/Desktop/workspace/install/object_tracking_messages/lib/libobject_tracking_messages__rosidl_typesupport_c.so" to ""
[9.816s] -- Installing: /home/student/Desktop/workspace/install/object_tracking_messages/lib/libobject_tracking_messages__rosidl_typesupport_fastrtps_cpp.so
[9.818s] -- Set runtime path of "/home/student/Desktop/workspace/install/object_tracking_messages/lib/libobject_tracking_messages__rosidl_typesupport_fastrtps_cpp.so" to ""
[9.818s] -- Installing: /home/student/Desktop/workspace/install/object_tracking_messages/lib/libobject_tracking_messages__rosidl_typesupport_introspection_cpp.so
[9.819s] -- Set runtime path of "/home/student/Desktop/workspace/install/object_tracking_messages/lib/libobject_tracking_messages__rosidl_typesupport_introspection_cpp.so" to ""
[9.819s] -- Installing: /home/student/Desktop/workspace/install/object_tracking_messages/lib/libobject_tracking_messages__rosidl_typesupport_cpp.so
[9.822s] -- Set runtime path of "/home/student/Desktop/workspace/install/object_tracking_messages/lib/libobject_tracking_messages__rosidl_typesupport_cpp.so" to ""
[9.914s] Listing '/home/student/Desktop/workspace/install/object_tracking_messages/local/lib/python3.10/dist-packages/object_tracking_messages'...
[9.915s] Compiling '/home/student/Desktop/workspace/install/object_tracking_messages/local/lib/python3.10/dist-packages/object_tracking_messages/__init__.py'...
[9.915s] Listing '/home/student/Desktop/workspace/install/object_tracking_messages/local/lib/python3.10/dist-packages/object_tracking_messages/msg'...
[9.915s] Compiling '/home/student/Desktop/workspace/install/object_tracking_messages/local/lib/python3.10/dist-packages/object_tracking_messages/msg/__init__.py'...
[9.915s] Compiling '/home/student/Desktop/workspace/install/object_tracking_messages/local/lib/python3.10/dist-packages/object_tracking_messages/msg/_bounding_box.py'...
[9.915s] Compiling '/home/student/Desktop/workspace/install/object_tracking_messages/local/lib/python3.10/dist-packages/object_tracking_messages/msg/_detected_person.py'...
[9.915s] Compiling '/home/student/Desktop/workspace/install/object_tracking_messages/local/lib/python3.10/dist-packages/object_tracking_messages/msg/_detected_persons.py'...
[9.915s] Compiling '/home/student/Desktop/workspace/install/object_tracking_messages/local/lib/python3.10/dist-packages/object_tracking_messages/msg/_person_distance.py'...
[9.915s] Compiling '/home/student/Desktop/workspace/install/object_tracking_messages/local/lib/python3.10/dist-packages/object_tracking_messages/msg/_person_key_point.py'...
[9.925s] -- Installing: /home/student/Desktop/workspace/install/object_tracking_messages/lib/libobject_tracking_messages__rosidl_generator_py.so
[9.926s] -- Set runtime path of "/home/student/Desktop/workspace/install/object_tracking_messages/lib/libobject_tracking_messages__rosidl_generator_py.so" to ""
[9.926s] -- Installing: /home/student/Desktop/workspace/install/object_tracking_messages/share/object_tracking_messages/cmake/export_object_tracking_messages__rosidl_generator_cExport.cmake
[9.927s] -- Installing: /home/student/Desktop/workspace/install/object_tracking_messages/share/object_tracking_messages/cmake/export_object_tracking_messages__rosidl_generator_cExport-noconfig.cmake
[9.928s] -- Installing: /home/student/Desktop/workspace/install/object_tracking_messages/share/object_tracking_messages/cmake/export_object_tracking_messages__rosidl_typesupport_fastrtps_cExport.cmake
[9.928s] -- Installing: /home/student/Desktop/workspace/install/object_tracking_messages/share/object_tracking_messages/cmake/export_object_tracking_messages__rosidl_typesupport_fastrtps_cExport-noconfig.cmake
[9.928s] -- Installing: /home/student/Desktop/workspace/install/object_tracking_messages/share/object_tracking_messages/cmake/object_tracking_messages__rosidl_typesupport_introspection_cExport.cmake
[9.929s] -- Installing: /home/student/Desktop/workspace/install/object_tracking_messages/share/object_tracking_messages/cmake/object_tracking_messages__rosidl_typesupport_introspection_cExport-noconfig.cmake
[9.930s] -- Installing: /home/student/Desktop/workspace/install/object_tracking_messages/share/object_tracking_messages/cmake/object_tracking_messages__rosidl_typesupport_cExport.cmake
[9.930s] -- Installing: /home/student/Desktop/workspace/install/object_tracking_messages/share/object_tracking_messages/cmake/object_tracking_messages__rosidl_typesupport_cExport-noconfig.cmake
[9.931s] -- Installing: /home/student/Desktop/workspace/install/object_tracking_messages/share/object_tracking_messages/cmake/export_object_tracking_messages__rosidl_generator_cppExport.cmake
[9.931s] -- Installing: /home/student/Desktop/workspace/install/object_tracking_messages/share/object_tracking_messages/cmake/export_object_tracking_messages__rosidl_typesupport_fastrtps_cppExport.cmake
[9.932s] -- Installing: /home/student/Desktop/workspace/install/object_tracking_messages/share/object_tracking_messages/cmake/export_object_tracking_messages__rosidl_typesupport_fastrtps_cppExport-noconfig.cmake
[9.932s] -- Installing: /home/student/Desktop/workspace/install/object_tracking_messages/share/object_tracking_messages/cmake/object_tracking_messages__rosidl_typesupport_introspection_cppExport.cmake
[9.933s] -- Installing: /home/student/Desktop/workspace/install/object_tracking_messages/share/object_tracking_messages/cmake/object_tracking_messages__rosidl_typesupport_introspection_cppExport-noconfig.cmake
[9.933s] -- Installing: /home/student/Desktop/workspace/install/object_tracking_messages/share/object_tracking_messages/cmake/object_tracking_messages__rosidl_typesupport_cppExport.cmake
[9.934s] -- Installing: /home/student/Desktop/workspace/install/object_tracking_messages/share/object_tracking_messages/cmake/object_tracking_messages__rosidl_typesupport_cppExport-noconfig.cmake
[9.934s] -- Installing: /home/student/Desktop/workspace/install/object_tracking_messages/share/object_tracking_messages/cmake/export_object_tracking_messages__rosidl_generator_pyExport.cmake
[9.934s] -- Installing: /home/student/Desktop/workspace/install/object_tracking_messages/share/object_tracking_messages/cmake/export_object_tracking_messages__rosidl_generator_pyExport-noconfig.cmake
[9.938s] Invoked command in '/home/student/Desktop/workspace/build/object_tracking_messages' returned '0': CMAKE_PREFIX_PATH=${CMAKE_PREFIX_PATH}:/home/student/Desktop/workspace/install/yolo_tracking:/home/student/Desktop/workspace/install/sensor_presentation:/home/student/Desktop/workspace/install/position_estimation:/home/student/Desktop/workspace/install/ouster_voxel_filter:/home/student/Desktop/workspace/install/navigation:/home/student/Desktop/workspace/install/main:/opt/ros/humble /usr/bin/cmake --install /home/student/Desktop/workspace/build/object_tracking_messages
