[3.076s] Invoking command in '/home/student/Desktop/workspace/build/main': PYTHONPATH=/home/student/Desktop/workspace/build/main/prefix_override:/usr/lib/python3/dist-packages/colcon_core/task/python/colcon_distutils_commands:/home/student/Desktop/workspace/install/main/lib/python3.10/site-packages:${PYTHONPATH} /usr/bin/python3 -W ignore:setup.py install is deprecated setup.py develop --editable --build-directory /home/student/Desktop/workspace/build/main/build --no-deps symlink_data
[4.399s] running develop
[4.399s] /usr/lib/python3/dist-packages/setuptools/command/easy_install.py:158: EasyInstallDeprecationWarning: easy_install command is deprecated. Use build and pip and other standards-based tools.
[4.400s]   warnings.warn(
[5.248s] running egg_info
[5.249s] creating main.egg-info
[5.250s] writing main.egg-info/PKG-INFO
[5.251s] writing dependency_links to main.egg-info/dependency_links.txt
[5.252s] writing entry points to main.egg-info/entry_points.txt
[5.253s] writing requirements to main.egg-info/requires.txt
[5.253s] writing top-level names to main.egg-info/top_level.txt
[5.257s] writing manifest file 'main.egg-info/SOURCES.txt'
[5.261s] reading manifest file 'main.egg-info/SOURCES.txt'
[5.262s] writing manifest file 'main.egg-info/SOURCES.txt'
[5.406s] running build_ext
[5.406s] Creating /home/student/Desktop/workspace/install/main/lib/python3.10/site-packages/main.egg-link (link to .)
[5.408s] 
[5.408s] Installed /home/student/Desktop/workspace/build/main
[5.408s] running symlink_data
[5.408s] creating /home/student/Desktop/workspace/install/main/share/ament_index
[5.409s] creating /home/student/Desktop/workspace/install/main/share/ament_index/resource_index
[5.409s] creating /home/student/Desktop/workspace/install/main/share/ament_index/resource_index/packages
[5.409s] symbolically linking /home/student/Desktop/workspace/build/main/resource/main -> /home/student/Desktop/workspace/install/main/share/ament_index/resource_index/packages
[5.409s] symbolically linking /home/student/Desktop/workspace/build/main/package.xml -> /home/student/Desktop/workspace/install/main/share/main
[5.409s] creating /home/student/Desktop/workspace/install/main/share/main/launch
[5.409s] symbolically linking /home/student/Desktop/workspace/build/main/launch/main_launch.py -> /home/student/Desktop/workspace/install/main/share/main/launch
[5.487s] Invoked command in '/home/student/Desktop/workspace/build/main' returned '0': PYTHONPATH=/home/student/Desktop/workspace/build/main/prefix_override:/usr/lib/python3/dist-packages/colcon_core/task/python/colcon_distutils_commands:/home/student/Desktop/workspace/install/main/lib/python3.10/site-packages:${PYTHONPATH} /usr/bin/python3 -W ignore:setup.py install is deprecated setup.py develop --editable --build-directory /home/student/Desktop/workspace/build/main/build --no-deps symlink_data
