[2.675s] Invoking command in '/home/student/Desktop/workspace/build/sensor_presentation': PYTHONPATH=/home/student/Desktop/workspace/build/sensor_presentation/prefix_override:/usr/lib/python3/dist-packages/colcon_core/task/python/colcon_distutils_commands:/home/student/Desktop/workspace/install/sensor_presentation/lib/python3.10/site-packages:${PYTHONPATH} /usr/bin/python3 -W ignore:setup.py install is deprecated setup.py develop --editable --build-directory /home/student/Desktop/workspace/build/sensor_presentation/build --no-deps symlink_data
[3.206s] running develop
[3.209s] /usr/lib/python3/dist-packages/setuptools/command/easy_install.py:158: EasyInstallDeprecationWarning: easy_install command is deprecated. Use build and pip and other standards-based tools.
[3.209s]   warnings.warn(
[3.713s] running egg_info
[3.722s] creating sensor_presentation.egg-info
[3.723s] writing sensor_presentation.egg-info/PKG-INFO
[3.724s] writing dependency_links to sensor_presentation.egg-info/dependency_links.txt
[3.725s] writing entry points to sensor_presentation.egg-info/entry_points.txt
[3.725s] writing requirements to sensor_presentation.egg-info/requires.txt
[3.725s] writing top-level names to sensor_presentation.egg-info/top_level.txt
[3.726s] writing manifest file 'sensor_presentation.egg-info/SOURCES.txt'
[3.729s] reading manifest file 'sensor_presentation.egg-info/SOURCES.txt'
[3.730s] writing manifest file 'sensor_presentation.egg-info/SOURCES.txt'
[3.900s] running build_ext
[3.901s] Creating /home/student/Desktop/workspace/install/sensor_presentation/lib/python3.10/site-packages/sensor-presentation.egg-link (link to .)
[3.902s] Installing sensor_presentation_node script to /home/student/Desktop/workspace/install/sensor_presentation/lib/sensor_presentation
[3.902s] 
[3.903s] Installed /home/student/Desktop/workspace/build/sensor_presentation
[3.903s] running symlink_data
[3.903s] creating /home/student/Desktop/workspace/install/sensor_presentation/share/ament_index
[3.903s] creating /home/student/Desktop/workspace/install/sensor_presentation/share/ament_index/resource_index
[3.903s] creating /home/student/Desktop/workspace/install/sensor_presentation/share/ament_index/resource_index/packages
[3.903s] symbolically linking /home/student/Desktop/workspace/build/sensor_presentation/resource/sensor_presentation -> /home/student/Desktop/workspace/install/sensor_presentation/share/ament_index/resource_index/packages
[3.903s] symbolically linking /home/student/Desktop/workspace/build/sensor_presentation/package.xml -> /home/student/Desktop/workspace/install/sensor_presentation/share/sensor_presentation
[4.016s] Invoked command in '/home/student/Desktop/workspace/build/sensor_presentation' returned '0': PYTHONPATH=/home/student/Desktop/workspace/build/sensor_presentation/prefix_override:/usr/lib/python3/dist-packages/colcon_core/task/python/colcon_distutils_commands:/home/student/Desktop/workspace/install/sensor_presentation/lib/python3.10/site-packages:${PYTHONPATH} /usr/bin/python3 -W ignore:setup.py install is deprecated setup.py develop --editable --build-directory /home/student/Desktop/workspace/build/sensor_presentation/build --no-deps symlink_data
