[0.038s] Invoking command in '/home/student/Desktop/workspace/build/ouster_ros': CMAKE_PREFIX_PATH=/home/student/Desktop/workspace/install/ouster_sensor_msgs:/home/student/Desktop/workspace/install/zed_ros2:/home/student/Desktop/workspace/install/zed_wrapper:/home/student/Desktop/workspace/install/zed_components:/home/student/Desktop/workspace/install/zed_interfaces:/home/student/Desktop/workspace/install/ouster_ros:/home/student/Desktop/workspace/install/object_tracking_messages:/usr/local/labor_robotik/ros2/xarm_planner:/usr/local/labor_robotik/ros2/xarm_moveit_servo:/usr/local/labor_robotik/ros2/lri_xarm_integration:/usr/local/labor_robotik/ros2/xarm_moveit_config:/usr/local/labor_robotik/ros2/xarm_gazebo:/usr/local/labor_robotik/ros2/xarm_controller:/usr/local/labor_robotik/ros2/xarm_api:/usr/local/labor_robotik/ros2/xarm_sdk:/usr/local/labor_robotik/ros2/xarm_msgs:/usr/local/labor_robotik/ros2/xarm_description:/usr/local/labor_robotik/ros2/weiss_gripper:/usr/local/labor_robotik/ros2/weiss_gripper_interfaces:/usr/local/labor_robotik/ros2/sicktoolbox_wrapper:/usr/local/labor_robotik/ros2/sicktoolbox:/usr/local/labor_robotik/ros2/realsense_gazebo_plugin:/usr/local/labor_robotik/ros2/p2os_witness:/usr/local/labor_robotik/ros2/p2os_launch:/usr/local/labor_robotik/ros2/p2os_urdf:/usr/local/labor_robotik/ros2/p2os_device_plugins:/usr/local/labor_robotik/ros2/p2os_driver:/usr/local/labor_robotik/ros2/lri_webots_interface:/usr/local/labor_robotik/ros2/p2os_msgs:/usr/local/labor_robotik/ros2/lr_utility_lib:/home/student/Desktop/workspace/install/navigation:/home/student/Desktop/workspace/install/yolo_tracking:/home/student/Desktop/workspace/install/sensor_presentation:/home/student/Desktop/workspace/install/position_estimation:/opt/ros/humble LD_LIBRARY_PATH=/home/student/Desktop/workspace/install/ouster_sensor_msgs/lib:/home/student/Desktop/workspace/install/zed_components/lib:/home/student/Desktop/workspace/install/zed_interfaces/lib:/home/student/Desktop/workspace/install/ouster_ros/lib:/home/student/Desktop/workspace/install/object_tracking_messages/lib:/usr/local/labor_robotik/ros2/xarm_planner/lib:/usr/local/labor_robotik/ros2/xarm_moveit_servo/lib:/usr/local/labor_robotik/ros2/xarm_gazebo/lib:/usr/local/labor_robotik/ros2/xarm_controller/lib:/usr/local/labor_robotik/ros2/xarm_api/lib:/usr/local/labor_robotik/ros2/xarm_sdk/lib:/usr/local/labor_robotik/ros2/xarm_msgs/lib:/usr/local/labor_robotik/ros2/weiss_gripper/lib:/usr/local/labor_robotik/ros2/weiss_gripper_interfaces/lib:/usr/local/labor_robotik/ros2/sicktoolbox/lib:/usr/local/labor_robotik/ros2/realsense_gazebo_plugin/lib:/usr/local/labor_robotik/ros2/p2os_device_plugins/lib:/usr/local/labor_robotik/ros2/p2os_driver/lib:/usr/local/labor_robotik/ros2/lri_webots_interface/lib:/usr/local/labor_robotik/ros2/p2os_msgs/lib:/usr/local/labor_robotik/ros2/lr_utility_lib/lib:/usr/lib/x86_64-linux-gnu/gazebo-11/plugins:/opt/ros/humble/opt/rviz_ogre_vendor/lib:/opt/ros/humble/lib/x86_64-linux-gnu:/opt/ros/humble/opt/libphidget22/lib:/opt/ros/humble/lib:/usr/share/gazebo/../../lib/x86_64-linux-gnu/gazebo-11/plugins:/usr/local/lib/:/usr/lib/x86_64-linux-gnu/:/usr/share/gazebo/../../lib/x86_64-linux-gnu/gazebo-11/plugins:/usr/share/gazebo/../../lib/x86_64-linux-gnu/gazebo-11/plugins:/usr/local/lib/:/usr/lib/x86_64-linux-gnu/ /home/student/.local/bin/cmake --build /home/student/Desktop/workspace/build/ouster_ros -- -j16 -l16
[0.139s] [  3%] Built target os_sensor
[0.139s] [  7%] Built target os_cloud
[0.147s] [ 10%] Built target gtest_main
[0.159s] [ 14%] Built target os_driver
[0.160s] [34m[1mGenerating build info header[0m
[0.161s] [ 18%] Built target os_image
[0.161s] [ 21%] Built target gtest
[0.164s] [ 25%] Built target os_replay
[0.193s] [ 25%] Built target ouster_generate_header
[0.259s] [ 52%] Built target ouster_client
[0.292s] [ 56%] Built target ouster_ros_library
[0.335s] [ 63%] Built target os_replay_component
[0.337s] [ 67%] Built target os_sensor_component
[0.340s] [ 72%] Built target os_cloud_component
[0.344s] [ 78%] Built target os_image_component
[0.364s] [ 85%] Built target os_driver_component
[0.372s] [100%] Built target ouster_ros_test
[0.385s] Invoked command in '/home/student/Desktop/workspace/build/ouster_ros' returned '0': CMAKE_PREFIX_PATH=/home/student/Desktop/workspace/install/ouster_sensor_msgs:/home/student/Desktop/workspace/install/zed_ros2:/home/student/Desktop/workspace/install/zed_wrapper:/home/student/Desktop/workspace/install/zed_components:/home/student/Desktop/workspace/install/zed_interfaces:/home/student/Desktop/workspace/install/ouster_ros:/home/student/Desktop/workspace/install/object_tracking_messages:/usr/local/labor_robotik/ros2/xarm_planner:/usr/local/labor_robotik/ros2/xarm_moveit_servo:/usr/local/labor_robotik/ros2/lri_xarm_integration:/usr/local/labor_robotik/ros2/xarm_moveit_config:/usr/local/labor_robotik/ros2/xarm_gazebo:/usr/local/labor_robotik/ros2/xarm_controller:/usr/local/labor_robotik/ros2/xarm_api:/usr/local/labor_robotik/ros2/xarm_sdk:/usr/local/labor_robotik/ros2/xarm_msgs:/usr/local/labor_robotik/ros2/xarm_description:/usr/local/labor_robotik/ros2/weiss_gripper:/usr/local/labor_robotik/ros2/weiss_gripper_interfaces:/usr/local/labor_robotik/ros2/sicktoolbox_wrapper:/usr/local/labor_robotik/ros2/sicktoolbox:/usr/local/labor_robotik/ros2/realsense_gazebo_plugin:/usr/local/labor_robotik/ros2/p2os_witness:/usr/local/labor_robotik/ros2/p2os_launch:/usr/local/labor_robotik/ros2/p2os_urdf:/usr/local/labor_robotik/ros2/p2os_device_plugins:/usr/local/labor_robotik/ros2/p2os_driver:/usr/local/labor_robotik/ros2/lri_webots_interface:/usr/local/labor_robotik/ros2/p2os_msgs:/usr/local/labor_robotik/ros2/lr_utility_lib:/home/student/Desktop/workspace/install/navigation:/home/student/Desktop/workspace/install/yolo_tracking:/home/student/Desktop/workspace/install/sensor_presentation:/home/student/Desktop/workspace/install/position_estimation:/opt/ros/humble LD_LIBRARY_PATH=/home/student/Desktop/workspace/install/ouster_sensor_msgs/lib:/home/student/Desktop/workspace/install/zed_components/lib:/home/student/Desktop/workspace/install/zed_interfaces/lib:/home/student/Desktop/workspace/install/ouster_ros/lib:/home/student/Desktop/workspace/install/object_tracking_messages/lib:/usr/local/labor_robotik/ros2/xarm_planner/lib:/usr/local/labor_robotik/ros2/xarm_moveit_servo/lib:/usr/local/labor_robotik/ros2/xarm_gazebo/lib:/usr/local/labor_robotik/ros2/xarm_controller/lib:/usr/local/labor_robotik/ros2/xarm_api/lib:/usr/local/labor_robotik/ros2/xarm_sdk/lib:/usr/local/labor_robotik/ros2/xarm_msgs/lib:/usr/local/labor_robotik/ros2/weiss_gripper/lib:/usr/local/labor_robotik/ros2/weiss_gripper_interfaces/lib:/usr/local/labor_robotik/ros2/sicktoolbox/lib:/usr/local/labor_robotik/ros2/realsense_gazebo_plugin/lib:/usr/local/labor_robotik/ros2/p2os_device_plugins/lib:/usr/local/labor_robotik/ros2/p2os_driver/lib:/usr/local/labor_robotik/ros2/lri_webots_interface/lib:/usr/local/labor_robotik/ros2/p2os_msgs/lib:/usr/local/labor_robotik/ros2/lr_utility_lib/lib:/usr/lib/x86_64-linux-gnu/gazebo-11/plugins:/opt/ros/humble/opt/rviz_ogre_vendor/lib:/opt/ros/humble/lib/x86_64-linux-gnu:/opt/ros/humble/opt/libphidget22/lib:/opt/ros/humble/lib:/usr/share/gazebo/../../lib/x86_64-linux-gnu/gazebo-11/plugins:/usr/local/lib/:/usr/lib/x86_64-linux-gnu/:/usr/share/gazebo/../../lib/x86_64-linux-gnu/gazebo-11/plugins:/usr/share/gazebo/../../lib/x86_64-linux-gnu/gazebo-11/plugins:/usr/local/lib/:/usr/lib/x86_64-linux-gnu/ /home/student/.local/bin/cmake --build /home/student/Desktop/workspace/build/ouster_ros -- -j16 -l16
[0.608s] Invoking command in '/home/student/Desktop/workspace/build/ouster_ros': CMAKE_PREFIX_PATH=/home/student/Desktop/workspace/install/ouster_sensor_msgs:/home/student/Desktop/workspace/install/zed_ros2:/home/student/Desktop/workspace/install/zed_wrapper:/home/student/Desktop/workspace/install/zed_components:/home/student/Desktop/workspace/install/zed_interfaces:/home/student/Desktop/workspace/install/ouster_ros:/home/student/Desktop/workspace/install/object_tracking_messages:/usr/local/labor_robotik/ros2/xarm_planner:/usr/local/labor_robotik/ros2/xarm_moveit_servo:/usr/local/labor_robotik/ros2/lri_xarm_integration:/usr/local/labor_robotik/ros2/xarm_moveit_config:/usr/local/labor_robotik/ros2/xarm_gazebo:/usr/local/labor_robotik/ros2/xarm_controller:/usr/local/labor_robotik/ros2/xarm_api:/usr/local/labor_robotik/ros2/xarm_sdk:/usr/local/labor_robotik/ros2/xarm_msgs:/usr/local/labor_robotik/ros2/xarm_description:/usr/local/labor_robotik/ros2/weiss_gripper:/usr/local/labor_robotik/ros2/weiss_gripper_interfaces:/usr/local/labor_robotik/ros2/sicktoolbox_wrapper:/usr/local/labor_robotik/ros2/sicktoolbox:/usr/local/labor_robotik/ros2/realsense_gazebo_plugin:/usr/local/labor_robotik/ros2/p2os_witness:/usr/local/labor_robotik/ros2/p2os_launch:/usr/local/labor_robotik/ros2/p2os_urdf:/usr/local/labor_robotik/ros2/p2os_device_plugins:/usr/local/labor_robotik/ros2/p2os_driver:/usr/local/labor_robotik/ros2/lri_webots_interface:/usr/local/labor_robotik/ros2/p2os_msgs:/usr/local/labor_robotik/ros2/lr_utility_lib:/home/student/Desktop/workspace/install/navigation:/home/student/Desktop/workspace/install/yolo_tracking:/home/student/Desktop/workspace/install/sensor_presentation:/home/student/Desktop/workspace/install/position_estimation:/opt/ros/humble LD_LIBRARY_PATH=/home/student/Desktop/workspace/install/ouster_sensor_msgs/lib:/home/student/Desktop/workspace/install/zed_components/lib:/home/student/Desktop/workspace/install/zed_interfaces/lib:/home/student/Desktop/workspace/install/ouster_ros/lib:/home/student/Desktop/workspace/install/object_tracking_messages/lib:/usr/local/labor_robotik/ros2/xarm_planner/lib:/usr/local/labor_robotik/ros2/xarm_moveit_servo/lib:/usr/local/labor_robotik/ros2/xarm_gazebo/lib:/usr/local/labor_robotik/ros2/xarm_controller/lib:/usr/local/labor_robotik/ros2/xarm_api/lib:/usr/local/labor_robotik/ros2/xarm_sdk/lib:/usr/local/labor_robotik/ros2/xarm_msgs/lib:/usr/local/labor_robotik/ros2/weiss_gripper/lib:/usr/local/labor_robotik/ros2/weiss_gripper_interfaces/lib:/usr/local/labor_robotik/ros2/sicktoolbox/lib:/usr/local/labor_robotik/ros2/realsense_gazebo_plugin/lib:/usr/local/labor_robotik/ros2/p2os_device_plugins/lib:/usr/local/labor_robotik/ros2/p2os_driver/lib:/usr/local/labor_robotik/ros2/lri_webots_interface/lib:/usr/local/labor_robotik/ros2/p2os_msgs/lib:/usr/local/labor_robotik/ros2/lr_utility_lib/lib:/usr/lib/x86_64-linux-gnu/gazebo-11/plugins:/opt/ros/humble/opt/rviz_ogre_vendor/lib:/opt/ros/humble/lib/x86_64-linux-gnu:/opt/ros/humble/opt/libphidget22/lib:/opt/ros/humble/lib:/usr/share/gazebo/../../lib/x86_64-linux-gnu/gazebo-11/plugins:/usr/local/lib/:/usr/lib/x86_64-linux-gnu/:/usr/share/gazebo/../../lib/x86_64-linux-gnu/gazebo-11/plugins:/usr/share/gazebo/../../lib/x86_64-linux-gnu/gazebo-11/plugins:/usr/local/lib/:/usr/lib/x86_64-linux-gnu/ /home/student/.local/bin/cmake --install /home/student/Desktop/workspace/build/ouster_ros
[0.653s] -- Install configuration: "Release"
[0.653s] -- Execute custom install script
[0.654s] -- Up-to-date symlink: /home/student/Desktop/workspace/install/ouster_ros/include/ouster/impl/build.h
[0.655s] -- Up-to-date symlink: /home/student/Desktop/workspace/install/ouster_ros/include/ouster/buffered_udp_source.h
[0.655s] -- Up-to-date symlink: /home/student/Desktop/workspace/install/ouster_ros/include/ouster/client.h
[0.655s] -- Up-to-date symlink: /home/student/Desktop/workspace/install/ouster_ros/include/ouster/defaults.h
[0.655s] -- Up-to-date symlink: /home/student/Desktop/workspace/install/ouster_ros/include/ouster/image_processing.h
[0.655s] -- Up-to-date symlink: /home/student/Desktop/workspace/install/ouster_ros/include/ouster/impl/cartesian.h
[0.655s] -- Up-to-date symlink: /home/student/Desktop/workspace/install/ouster_ros/include/ouster/impl/lidar_scan_impl.h
[0.656s] -- Up-to-date symlink: /home/student/Desktop/workspace/install/ouster_ros/include/ouster/impl/packet_writer.h
[0.656s] -- Up-to-date symlink: /home/student/Desktop/workspace/install/ouster_ros/include/ouster/impl/profile_extension.h
[0.656s] -- Up-to-date symlink: /home/student/Desktop/workspace/install/ouster_ros/include/ouster/lidar_scan.h
[0.656s] -- Up-to-date symlink: /home/student/Desktop/workspace/install/ouster_ros/include/ouster/sensor_http.h
[0.656s] -- Up-to-date symlink: /home/student/Desktop/workspace/install/ouster_ros/include/ouster/types.h
[0.657s] -- Up-to-date symlink: /home/student/Desktop/workspace/install/ouster_ros/include/ouster/util.h
[0.657s] -- Up-to-date symlink: /home/student/Desktop/workspace/install/ouster_ros/include/ouster/version.h
[0.657s] -- Up-to-date symlink: /home/student/Desktop/workspace/install/ouster_ros/include/optional-lite/nonstd/optional.hpp
[0.657s] -- Up-to-date symlink: /home/student/Desktop/workspace/install/ouster_ros/lib/cmake/OusterSDK/OusterSDKConfig.cmake
[0.658s] -- Up-to-date symlink: /home/student/Desktop/workspace/install/ouster_ros/lib/cmake/OusterSDK/OusterSDKConfigVersion.cmake
[0.658s] -- Up-to-date symlink: /home/student/Desktop/workspace/install/ouster_ros/share/LICENSE
[0.658s] -- Up-to-date symlink: /home/student/Desktop/workspace/install/ouster_ros/share/LICENSE-bin
[0.659s] -- Up-to-date symlink: /home/student/Desktop/workspace/install/ouster_ros/lib/ouster_ros/os_sensor
[0.659s] -- Up-to-date symlink: /home/student/Desktop/workspace/install/ouster_ros/lib/ouster_ros/os_replay
[0.660s] -- Up-to-date symlink: /home/student/Desktop/workspace/install/ouster_ros/lib/ouster_ros/os_cloud
[0.660s] -- Up-to-date symlink: /home/student/Desktop/workspace/install/ouster_ros/lib/ouster_ros/os_image
[0.662s] -- Up-to-date symlink: /home/student/Desktop/workspace/install/ouster_ros/lib/ouster_ros/os_driver
[0.662s] -- Up-to-date symlink: /home/student/Desktop/workspace/install/ouster_ros/lib/libouster_ros_library.so
[0.662s] -- Up-to-date symlink: /home/student/Desktop/workspace/install/ouster_ros/lib/libos_sensor_component.so
[0.662s] -- Up-to-date symlink: /home/student/Desktop/workspace/install/ouster_ros/lib/libos_replay_component.so
[0.662s] -- Up-to-date symlink: /home/student/Desktop/workspace/install/ouster_ros/lib/libos_cloud_component.so
[0.663s] -- Up-to-date symlink: /home/student/Desktop/workspace/install/ouster_ros/lib/libos_image_component.so
[0.663s] -- Up-to-date symlink: /home/student/Desktop/workspace/install/ouster_ros/lib/libos_driver_component.so
[0.663s] -- Up-to-date symlink: /home/student/Desktop/workspace/install/ouster_ros/include/ouster_ros/include/ouster_ros/common_point_types.h
[0.664s] -- Up-to-date symlink: /home/student/Desktop/workspace/install/ouster_ros/include/ouster_ros/include/ouster_ros/os_point.h
[0.664s] -- Up-to-date symlink: /home/student/Desktop/workspace/install/ouster_ros/include/ouster_ros/include/ouster_ros/os_processing_node_base.h
[0.664s] -- Up-to-date symlink: /home/student/Desktop/workspace/install/ouster_ros/include/ouster_ros/include/ouster_ros/os_ros.h
[0.664s] -- Up-to-date symlink: /home/student/Desktop/workspace/install/ouster_ros/include/ouster_ros/include/ouster_ros/os_sensor_node_base.h
[0.664s] -- Up-to-date symlink: /home/student/Desktop/workspace/install/ouster_ros/include/ouster_ros/include/ouster_ros/sensor_point_types.h
[0.665s] -- Up-to-date symlink: /home/student/Desktop/workspace/install/ouster_ros/include/ouster_ros/include/ouster_ros/visibility_control.h
[0.665s] -- Up-to-date symlink: /home/student/Desktop/workspace/install/ouster_ros/include/ouster_ros/include/optional-lite/nonstd/optional.hpp
[0.666s] -- Up-to-date symlink: /home/student/Desktop/workspace/install/ouster_ros/include/ouster_ros/include/ouster/buffered_udp_source.h
[0.666s] -- Up-to-date symlink: /home/student/Desktop/workspace/install/ouster_ros/include/ouster_ros/include/ouster/client.h
[0.667s] -- Up-to-date symlink: /home/student/Desktop/workspace/install/ouster_ros/include/ouster_ros/include/ouster/defaults.h
[0.667s] -- Up-to-date symlink: /home/student/Desktop/workspace/install/ouster_ros/include/ouster_ros/include/ouster/image_processing.h
[0.667s] -- Up-to-date symlink: /home/student/Desktop/workspace/install/ouster_ros/include/ouster_ros/include/ouster/impl/cartesian.h
[0.667s] -- Up-to-date symlink: /home/student/Desktop/workspace/install/ouster_ros/include/ouster_ros/include/ouster/impl/lidar_scan_impl.h
[0.668s] -- Up-to-date symlink: /home/student/Desktop/workspace/install/ouster_ros/include/ouster_ros/include/ouster/impl/packet_writer.h
[0.668s] -- Up-to-date symlink: /home/student/Desktop/workspace/install/ouster_ros/include/ouster_ros/include/ouster/impl/profile_extension.h
[0.669s] -- Up-to-date symlink: /home/student/Desktop/workspace/install/ouster_ros/include/ouster_ros/include/ouster/lidar_scan.h
[0.669s] -- Up-to-date symlink: /home/student/Desktop/workspace/install/ouster_ros/include/ouster_ros/include/ouster/sensor_http.h
[0.669s] -- Up-to-date symlink: /home/student/Desktop/workspace/install/ouster_ros/include/ouster_ros/include/ouster/types.h
[0.669s] -- Up-to-date symlink: /home/student/Desktop/workspace/install/ouster_ros/include/ouster_ros/include/ouster/util.h
[0.669s] -- Up-to-date symlink: /home/student/Desktop/workspace/install/ouster_ros/include/ouster_ros/include/ouster/version.h
[0.669s] -- Up-to-date symlink: /home/student/Desktop/workspace/install/ouster_ros/include/ouster_ros/optional-lite/nonstd/optional.hpp
[0.670s] -- Up-to-date symlink: /home/student/Desktop/workspace/install/ouster_ros/include/ouster_ros/include/ouster/indexed_pcap_reader.h
[0.670s] -- Up-to-date symlink: /home/student/Desktop/workspace/install/ouster_ros/include/ouster_ros/include/ouster/os_pcap.h
[0.670s] -- Up-to-date symlink: /home/student/Desktop/workspace/install/ouster_ros/include/ouster_ros/include/ouster/pcap.h
[0.671s] -- Up-to-date symlink: /home/student/Desktop/workspace/install/ouster_ros/share/ouster_ros/LICENSE
[0.671s] -- Up-to-date symlink: /home/student/Desktop/workspace/install/ouster_ros/share/ouster_ros/launch/driver.launch.py
[0.671s] -- Up-to-date symlink: /home/student/Desktop/workspace/install/ouster_ros/share/ouster_ros/launch/driver_launch.py
[0.671s] -- Up-to-date symlink: /home/student/Desktop/workspace/install/ouster_ros/share/ouster_ros/launch/record.composite.launch.xml
[0.672s] -- Up-to-date symlink: /home/student/Desktop/workspace/install/ouster_ros/share/ouster_ros/launch/record.launch.xml
[0.672s] -- Up-to-date symlink: /home/student/Desktop/workspace/install/ouster_ros/share/ouster_ros/launch/replay.composite.launch.xml
[0.672s] -- Up-to-date symlink: /home/student/Desktop/workspace/install/ouster_ros/share/ouster_ros/launch/replay.launch.xml
[0.672s] -- Up-to-date symlink: /home/student/Desktop/workspace/install/ouster_ros/share/ouster_ros/launch/replay_pcap.launch.xml
[0.672s] -- Up-to-date symlink: /home/student/Desktop/workspace/install/ouster_ros/share/ouster_ros/launch/rviz.launch.py
[0.673s] -- Up-to-date symlink: /home/student/Desktop/workspace/install/ouster_ros/share/ouster_ros/launch/rviz.launch.xml
[0.673s] -- Up-to-date symlink: /home/student/Desktop/workspace/install/ouster_ros/share/ouster_ros/launch/sensor.composite.launch.py
[0.673s] -- Up-to-date symlink: /home/student/Desktop/workspace/install/ouster_ros/share/ouster_ros/launch/sensor.composite.launch.xml
[0.673s] -- Up-to-date symlink: /home/student/Desktop/workspace/install/ouster_ros/share/ouster_ros/launch/sensor.independent.launch.py
[0.673s] -- Up-to-date symlink: /home/student/Desktop/workspace/install/ouster_ros/share/ouster_ros/launch/sensor.independent.launch.xml
[0.673s] -- Up-to-date symlink: /home/student/Desktop/workspace/install/ouster_ros/share/ouster_ros/launch/sensor.launch.xml
[0.674s] -- Up-to-date symlink: /home/student/Desktop/workspace/install/ouster_ros/share/ouster_ros/launch/sensor_mtp.launch.xml
[0.674s] -- Up-to-date symlink: /home/student/Desktop/workspace/install/ouster_ros/share/ouster_ros/config/community_driver.rviz
[0.674s] -- Up-to-date symlink: /home/student/Desktop/workspace/install/ouster_ros/share/ouster_ros/config/community_driver_config.yaml
[0.674s] -- Up-to-date symlink: /home/student/Desktop/workspace/install/ouster_ros/share/ouster_ros/config/driver_params.yaml
[0.675s] -- Up-to-date symlink: /home/student/Desktop/workspace/install/ouster_ros/share/ouster_ros/config/metadata-qos-override.yaml
[0.675s] -- Up-to-date symlink: /home/student/Desktop/workspace/install/ouster_ros/share/ouster_ros/config/os_sensor_cloud_image_params.yaml
[0.675s] -- Up-to-date symlink: /home/student/Desktop/workspace/install/ouster_ros/share/ouster_ros/config/viz-reliable.rviz
[0.675s] -- Up-to-date symlink: /home/student/Desktop/workspace/install/ouster_ros/share/ouster_ros/config/viz.rviz
[0.675s] -- Up-to-date symlink: /home/student/Desktop/workspace/install/ouster_ros/share/ouster_ros/environment/library_path.sh
[0.676s] -- Up-to-date symlink: /home/student/Desktop/workspace/install/ouster_ros/share/ouster_ros/environment/library_path.dsv
[0.676s] -- Up-to-date symlink: /home/student/Desktop/workspace/install/ouster_ros/share/ament_index/resource_index/package_run_dependencies/ouster_ros
[0.676s] -- Up-to-date symlink: /home/student/Desktop/workspace/install/ouster_ros/share/ament_index/resource_index/parent_prefix_path/ouster_ros
[0.676s] -- Up-to-date symlink: /home/student/Desktop/workspace/install/ouster_ros/share/ouster_ros/environment/ament_prefix_path.sh
[0.677s] -- Up-to-date symlink: /home/student/Desktop/workspace/install/ouster_ros/share/ouster_ros/environment/ament_prefix_path.dsv
[0.677s] -- Up-to-date symlink: /home/student/Desktop/workspace/install/ouster_ros/share/ouster_ros/environment/path.sh
[0.677s] -- Up-to-date symlink: /home/student/Desktop/workspace/install/ouster_ros/share/ouster_ros/environment/path.dsv
[0.677s] -- Up-to-date symlink: /home/student/Desktop/workspace/install/ouster_ros/share/ouster_ros/local_setup.bash
[0.678s] -- Up-to-date symlink: /home/student/Desktop/workspace/install/ouster_ros/share/ouster_ros/local_setup.sh
[0.678s] -- Up-to-date symlink: /home/student/Desktop/workspace/install/ouster_ros/share/ouster_ros/local_setup.zsh
[0.679s] -- Up-to-date symlink: /home/student/Desktop/workspace/install/ouster_ros/share/ouster_ros/local_setup.dsv
[0.679s] -- Symlinking: /home/student/Desktop/workspace/install/ouster_ros/share/ouster_ros/package.dsv
[0.683s] -- Up-to-date symlink: /home/student/Desktop/workspace/install/ouster_ros/share/ament_index/resource_index/packages/ouster_ros
[0.683s] -- Up-to-date symlink: /home/student/Desktop/workspace/install/ouster_ros/share/ament_index/resource_index/rclcpp_components/ouster_ros
[0.684s] -- Up-to-date symlink: /home/student/Desktop/workspace/install/ouster_ros/share/ouster_ros/cmake/ament_cmake_export_include_directories-extras.cmake
[0.684s] -- Up-to-date symlink: /home/student/Desktop/workspace/install/ouster_ros/share/ouster_ros/cmake/ament_cmake_export_dependencies-extras.cmake
[0.684s] -- Up-to-date symlink: /home/student/Desktop/workspace/install/ouster_ros/share/ouster_ros/cmake/ament_cmake_export_libraries-extras.cmake
[0.686s] -- Up-to-date symlink: /home/student/Desktop/workspace/install/ouster_ros/share/ouster_ros/cmake/ouster_rosConfig.cmake
[0.686s] -- Up-to-date symlink: /home/student/Desktop/workspace/install/ouster_ros/share/ouster_ros/cmake/ouster_rosConfig-version.cmake
[0.687s] -- Up-to-date symlink: /home/student/Desktop/workspace/install/ouster_ros/share/ouster_ros/package.xml
[0.699s] Invoked command in '/home/student/Desktop/workspace/build/ouster_ros' returned '0': CMAKE_PREFIX_PATH=/home/student/Desktop/workspace/install/ouster_sensor_msgs:/home/student/Desktop/workspace/install/zed_ros2:/home/student/Desktop/workspace/install/zed_wrapper:/home/student/Desktop/workspace/install/zed_components:/home/student/Desktop/workspace/install/zed_interfaces:/home/student/Desktop/workspace/install/ouster_ros:/home/student/Desktop/workspace/install/object_tracking_messages:/usr/local/labor_robotik/ros2/xarm_planner:/usr/local/labor_robotik/ros2/xarm_moveit_servo:/usr/local/labor_robotik/ros2/lri_xarm_integration:/usr/local/labor_robotik/ros2/xarm_moveit_config:/usr/local/labor_robotik/ros2/xarm_gazebo:/usr/local/labor_robotik/ros2/xarm_controller:/usr/local/labor_robotik/ros2/xarm_api:/usr/local/labor_robotik/ros2/xarm_sdk:/usr/local/labor_robotik/ros2/xarm_msgs:/usr/local/labor_robotik/ros2/xarm_description:/usr/local/labor_robotik/ros2/weiss_gripper:/usr/local/labor_robotik/ros2/weiss_gripper_interfaces:/usr/local/labor_robotik/ros2/sicktoolbox_wrapper:/usr/local/labor_robotik/ros2/sicktoolbox:/usr/local/labor_robotik/ros2/realsense_gazebo_plugin:/usr/local/labor_robotik/ros2/p2os_witness:/usr/local/labor_robotik/ros2/p2os_launch:/usr/local/labor_robotik/ros2/p2os_urdf:/usr/local/labor_robotik/ros2/p2os_device_plugins:/usr/local/labor_robotik/ros2/p2os_driver:/usr/local/labor_robotik/ros2/lri_webots_interface:/usr/local/labor_robotik/ros2/p2os_msgs:/usr/local/labor_robotik/ros2/lr_utility_lib:/home/student/Desktop/workspace/install/navigation:/home/student/Desktop/workspace/install/yolo_tracking:/home/student/Desktop/workspace/install/sensor_presentation:/home/student/Desktop/workspace/install/position_estimation:/opt/ros/humble LD_LIBRARY_PATH=/home/student/Desktop/workspace/install/ouster_sensor_msgs/lib:/home/student/Desktop/workspace/install/zed_components/lib:/home/student/Desktop/workspace/install/zed_interfaces/lib:/home/student/Desktop/workspace/install/ouster_ros/lib:/home/student/Desktop/workspace/install/object_tracking_messages/lib:/usr/local/labor_robotik/ros2/xarm_planner/lib:/usr/local/labor_robotik/ros2/xarm_moveit_servo/lib:/usr/local/labor_robotik/ros2/xarm_gazebo/lib:/usr/local/labor_robotik/ros2/xarm_controller/lib:/usr/local/labor_robotik/ros2/xarm_api/lib:/usr/local/labor_robotik/ros2/xarm_sdk/lib:/usr/local/labor_robotik/ros2/xarm_msgs/lib:/usr/local/labor_robotik/ros2/weiss_gripper/lib:/usr/local/labor_robotik/ros2/weiss_gripper_interfaces/lib:/usr/local/labor_robotik/ros2/sicktoolbox/lib:/usr/local/labor_robotik/ros2/realsense_gazebo_plugin/lib:/usr/local/labor_robotik/ros2/p2os_device_plugins/lib:/usr/local/labor_robotik/ros2/p2os_driver/lib:/usr/local/labor_robotik/ros2/lri_webots_interface/lib:/usr/local/labor_robotik/ros2/p2os_msgs/lib:/usr/local/labor_robotik/ros2/lr_utility_lib/lib:/usr/lib/x86_64-linux-gnu/gazebo-11/plugins:/opt/ros/humble/opt/rviz_ogre_vendor/lib:/opt/ros/humble/lib/x86_64-linux-gnu:/opt/ros/humble/opt/libphidget22/lib:/opt/ros/humble/lib:/usr/share/gazebo/../../lib/x86_64-linux-gnu/gazebo-11/plugins:/usr/local/lib/:/usr/lib/x86_64-linux-gnu/:/usr/share/gazebo/../../lib/x86_64-linux-gnu/gazebo-11/plugins:/usr/share/gazebo/../../lib/x86_64-linux-gnu/gazebo-11/plugins:/usr/local/lib/:/usr/lib/x86_64-linux-gnu/ /home/student/.local/bin/cmake --install /home/student/Desktop/workspace/build/ouster_ros
