[1.108s] Invoking command in '/home/student/Desktop/workspace/src/yolo_tracking': PYTHONPATH=/home/student/Desktop/workspace/build/yolo_tracking/prefix_override:/usr/lib/python3/dist-packages/colcon_core/task/python/colcon_distutils_commands:/home/student/Desktop/workspace/install/yolo_tracking/lib/python3.10/site-packages:${PYTHONPATH} /usr/bin/python3 -W ignore:setup.py install is deprecated setup.py egg_info --egg-base ../../build/yolo_tracking build --build-base /home/student/Desktop/workspace/build/yolo_tracking/build install --record /home/student/Desktop/workspace/build/yolo_tracking/install.log --single-version-externally-managed install_data
[1.406s] running egg_info
[1.407s] writing ../../build/yolo_tracking/yolo_tracking.egg-info/PKG-INFO
[1.408s] writing dependency_links to ../../build/yolo_tracking/yolo_tracking.egg-info/dependency_links.txt
[1.408s] writing entry points to ../../build/yolo_tracking/yolo_tracking.egg-info/entry_points.txt
[1.408s] writing requirements to ../../build/yolo_tracking/yolo_tracking.egg-info/requires.txt
[1.408s] writing top-level names to ../../build/yolo_tracking/yolo_tracking.egg-info/top_level.txt
[1.410s] reading manifest file '../../build/yolo_tracking/yolo_tracking.egg-info/SOURCES.txt'
[1.410s] writing manifest file '../../build/yolo_tracking/yolo_tracking.egg-info/SOURCES.txt'
[1.410s] running build
[1.410s] running build_py
[1.411s] running install
[1.411s] running install_lib
[1.412s] running install_data
[1.412s] running install_egg_info
[1.413s] removing '/home/student/Desktop/workspace/install/yolo_tracking/lib/python3.10/site-packages/yolo_tracking-0.0.0-py3.10.egg-info' (and everything under it)
[1.413s] Copying ../../build/yolo_tracking/yolo_tracking.egg-info to /home/student/Desktop/workspace/install/yolo_tracking/lib/python3.10/site-packages/yolo_tracking-0.0.0-py3.10.egg-info
[1.414s] running install_scripts
[1.430s] Installing object_detection_node script to /home/student/Desktop/workspace/install/yolo_tracking/lib/yolo_tracking
[1.430s] writing list of installed files to '/home/student/Desktop/workspace/build/yolo_tracking/install.log'
