[2.627s] Invoking command in '/home/student/Desktop/workspace/build/position_estimation': PYTHONPATH=/home/student/Desktop/workspace/build/position_estimation/prefix_override:/usr/lib/python3/dist-packages/colcon_core/task/python/colcon_distutils_commands:/home/student/Desktop/workspace/install/position_estimation/lib/python3.10/site-packages:${PYTHONPATH} /usr/bin/python3 -W ignore:setup.py install is deprecated setup.py develop --editable --build-directory /home/student/Desktop/workspace/build/position_estimation/build --no-deps
[3.329s] running develop
[3.329s] /usr/lib/python3/dist-packages/setuptools/command/easy_install.py:158: EasyInstallDeprecationWarning: easy_install command is deprecated. Use build and pip and other standards-based tools.
[3.329s]   warnings.warn(
[4.010s] running egg_info
[4.010s] creating position_estimation.egg-info
[4.010s] writing position_estimation.egg-info/PKG-INFO
[4.011s] writing dependency_links to position_estimation.egg-info/dependency_links.txt
[4.011s] writing entry points to position_estimation.egg-info/entry_points.txt
[4.011s] writing requirements to position_estimation.egg-info/requires.txt
[4.011s] writing top-level names to position_estimation.egg-info/top_level.txt
[4.012s] writing manifest file 'position_estimation.egg-info/SOURCES.txt'
[4.015s] reading manifest file 'position_estimation.egg-info/SOURCES.txt'
[4.032s] writing manifest file 'position_estimation.egg-info/SOURCES.txt'
[4.202s] running build_ext
[4.204s] Creating /home/student/Desktop/workspace/install/position_estimation/lib/python3.10/site-packages/position-estimation.egg-link (link to .)
[4.204s] Installing position_estimation_node script to /home/student/Desktop/workspace/install/position_estimation/lib/position_estimation
[4.204s] 
[4.205s] Installed /home/student/Desktop/workspace/build/position_estimation
[4.304s] Invoked command in '/home/student/Desktop/workspace/build/position_estimation' returned '0': PYTHONPATH=/home/student/Desktop/workspace/build/position_estimation/prefix_override:/usr/lib/python3/dist-packages/colcon_core/task/python/colcon_distutils_commands:/home/student/Desktop/workspace/install/position_estimation/lib/python3.10/site-packages:${PYTHONPATH} /usr/bin/python3 -W ignore:setup.py install is deprecated setup.py develop --editable --build-directory /home/student/Desktop/workspace/build/position_estimation/build --no-deps
