[0.068s] Invoking command in '/home/student/Desktop/workspace/build/zed_interfaces': CMAKE_PREFIX_PATH=${CMAKE_PREFIX_PATH}:/home/student/Desktop/workspace/install/ouster_voxel_filter:/home/student/Desktop/workspace/install/yolo_tracking:/home/student/Desktop/workspace/install/sensor_presentation:/home/student/Desktop/workspace/install/position_estimation:/home/student/Desktop/workspace/install/navigation:/home/student/Desktop/workspace/install/main:/opt/ros/humble /home/student/.local/bin/cmake /home/student/Desktop/workspace/src/zed-ros2-wrapper/zed-ros2-interfaces -DAMENT_CMAKE_SYMLINK_INSTALL=1 -DCMAKE_INSTALL_PREFIX=/home/student/Desktop/workspace/install/zed_interfaces
[1.544s] -- Found ament_cmake_auto: 1.3.10 (/opt/ros/humble/share/ament_cmake_auto/cmake)
[1.544s] -- Override CMake install command with custom implementation using symlinks instead of copying resources
[1.545s] -- Found rosidl_generator_c: 3.1.5 (/opt/ros/humble/share/rosidl_generator_c/cmake)
[1.545s] -- Found rosidl_adapter: 3.1.5 (/opt/ros/humble/share/rosidl_adapter/cmake)
[1.546s] -- Found rosidl_generator_cpp: 3.1.5 (/opt/ros/humble/share/rosidl_generator_cpp/cmake)
[1.546s] -- Using all available rosidl_typesupport_c: rosidl_typesupport_fastrtps_c;rosidl_typesupport_introspection_c
[1.547s] -- Using all available rosidl_typesupport_cpp: rosidl_typesupport_fastrtps_cpp;rosidl_typesupport_introspection_cpp
[1.547s] -- Found ament_lint_auto: 0.12.11 (/opt/ros/humble/share/ament_lint_auto/cmake)
[1.548s] -- Found ament_cmake_ros: 0.10.0 (/opt/ros/humble/share/ament_cmake_ros/cmake)
[1.548s] -- Using all available rosidl_typesupport_c: rosidl_typesupport_fastrtps_c;rosidl_typesupport_introspection_c
[1.548s] -- Using all available rosidl_typesupport_cpp: rosidl_typesupport_fastrtps_cpp;rosidl_typesupport_introspection_cpp
[1.548s] -- Found python_cmake_module: 0.10.0 (/opt/ros/humble/share/python_cmake_module/cmake)
[1.548s] -- Using PYTHON_EXECUTABLE: /usr/bin/python3
[1.548s] -- Using PYTHON_INCLUDE_DIRS: /usr/include/python3.10
[1.548s] -- Using PYTHON_LIBRARIES: /usr/lib/x86_64-linux-gnu/libpython3.10.so
[1.548s] -- Added test 'copyright' to check source files copyright and LICENSE
[1.548s] -- Added test 'lint_cmake' to check CMake code style
[1.548s] -- Added test 'xmllint' to check XML markup files
[1.548s] -- Configuring done (1.1s)
[1.548s] -- Generating done (0.1s)
[1.549s] -- Build files have been written to: /home/student/Desktop/workspace/build/zed_interfaces
[1.814s] Invoked command in '/home/student/Desktop/workspace/build/zed_interfaces' returned '0': CMAKE_PREFIX_PATH=${CMAKE_PREFIX_PATH}:/home/student/Desktop/workspace/install/ouster_voxel_filter:/home/student/Desktop/workspace/install/yolo_tracking:/home/student/Desktop/workspace/install/sensor_presentation:/home/student/Desktop/workspace/install/position_estimation:/home/student/Desktop/workspace/install/navigation:/home/student/Desktop/workspace/install/main:/opt/ros/humble /home/student/.local/bin/cmake /home/student/Desktop/workspace/src/zed-ros2-wrapper/zed-ros2-interfaces -DAMENT_CMAKE_SYMLINK_INSTALL=1 -DCMAKE_INSTALL_PREFIX=/home/student/Desktop/workspace/install/zed_interfaces
[1.815s] Invoking command in '/home/student/Desktop/workspace/build/zed_interfaces': CMAKE_PREFIX_PATH=${CMAKE_PREFIX_PATH}:/home/student/Desktop/workspace/install/ouster_voxel_filter:/home/student/Desktop/workspace/install/yolo_tracking:/home/student/Desktop/workspace/install/sensor_presentation:/home/student/Desktop/workspace/install/position_estimation:/home/student/Desktop/workspace/install/navigation:/home/student/Desktop/workspace/install/main:/opt/ros/humble /home/student/.local/bin/cmake --build /home/student/Desktop/workspace/build/zed_interfaces -- -j16 -l16
[1.908s] [  0%] Built target zed_interfaces__cpp
[1.936s] [ 12%] Built target zed_interfaces__rosidl_generator_c
[1.945s] [ 12%] Built target ament_cmake_python_symlink_zed_interfaces
[1.980s] [ 24%] Built target zed_interfaces__rosidl_typesupport_cpp
[1.988s] [ 36%] Built target zed_interfaces__rosidl_typesupport_fastrtps_cpp
[1.993s] [ 48%] Built target zed_interfaces__rosidl_typesupport_c
[1.994s] [ 60%] Built target zed_interfaces__rosidl_typesupport_introspection_c
[1.996s] [ 72%] Built target zed_interfaces__rosidl_typesupport_introspection_cpp
[1.999s] [ 84%] Built target zed_interfaces__rosidl_typesupport_fastrtps_c
[2.017s] [ 84%] Built target zed_interfaces
[2.035s] [ 85%] Built target zed_interfaces__py
[2.078s] [ 96%] Built target zed_interfaces__rosidl_generator_py
[2.094s] [ 97%] Built target zed_interfaces__rosidl_typesupport_fastrtps_c__pyext
[2.098s] [ 99%] Built target zed_interfaces__rosidl_typesupport_introspection_c__pyext
[2.099s] [100%] Built target zed_interfaces__rosidl_typesupport_c__pyext
[2.399s] running egg_info
[2.400s] writing zed_interfaces.egg-info/PKG-INFO
[2.400s] writing dependency_links to zed_interfaces.egg-info/dependency_links.txt
[2.400s] writing top-level names to zed_interfaces.egg-info/top_level.txt
[2.403s] reading manifest file 'zed_interfaces.egg-info/SOURCES.txt'
[2.404s] writing manifest file 'zed_interfaces.egg-info/SOURCES.txt'
[2.431s] [100%] Built target ament_cmake_python_build_zed_interfaces_egg
[2.440s] Invoked command in '/home/student/Desktop/workspace/build/zed_interfaces' returned '0': CMAKE_PREFIX_PATH=${CMAKE_PREFIX_PATH}:/home/student/Desktop/workspace/install/ouster_voxel_filter:/home/student/Desktop/workspace/install/yolo_tracking:/home/student/Desktop/workspace/install/sensor_presentation:/home/student/Desktop/workspace/install/position_estimation:/home/student/Desktop/workspace/install/navigation:/home/student/Desktop/workspace/install/main:/opt/ros/humble /home/student/.local/bin/cmake --build /home/student/Desktop/workspace/build/zed_interfaces -- -j16 -l16
[3.242s] Invoking command in '/home/student/Desktop/workspace/build/zed_interfaces': CMAKE_PREFIX_PATH=${CMAKE_PREFIX_PATH}:/home/student/Desktop/workspace/install/ouster_voxel_filter:/home/student/Desktop/workspace/install/yolo_tracking:/home/student/Desktop/workspace/install/sensor_presentation:/home/student/Desktop/workspace/install/position_estimation:/home/student/Desktop/workspace/install/navigation:/home/student/Desktop/workspace/install/main:/opt/ros/humble /home/student/.local/bin/cmake --install /home/student/Desktop/workspace/build/zed_interfaces
[3.274s] -- Install configuration: ""
[3.274s] -- Execute custom install script
[3.275s] -- Up-to-date symlink: /home/student/Desktop/workspace/install/zed_interfaces/share/ament_index/resource_index/rosidl_interfaces/zed_interfaces
[3.276s] -- Up-to-date symlink: /home/student/Desktop/workspace/install/zed_interfaces/include/zed_interfaces/zed_interfaces/msg/bounding_box2_df.h
[3.276s] -- Up-to-date symlink: /home/student/Desktop/workspace/install/zed_interfaces/include/zed_interfaces/zed_interfaces/msg/bounding_box2_di.h
[3.276s] -- Up-to-date symlink: /home/student/Desktop/workspace/install/zed_interfaces/include/zed_interfaces/zed_interfaces/msg/bounding_box3_d.h
[3.276s] -- Up-to-date symlink: /home/student/Desktop/workspace/install/zed_interfaces/include/zed_interfaces/zed_interfaces/msg/depth_info_stamped.h
[3.276s] -- Up-to-date symlink: /home/student/Desktop/workspace/install/zed_interfaces/include/zed_interfaces/zed_interfaces/msg/detail/bounding_box2_df__functions.h
[3.276s] -- Up-to-date symlink: /home/student/Desktop/workspace/install/zed_interfaces/include/zed_interfaces/zed_interfaces/msg/detail/bounding_box2_df__struct.h
[3.277s] -- Up-to-date symlink: /home/student/Desktop/workspace/install/zed_interfaces/include/zed_interfaces/zed_interfaces/msg/detail/bounding_box2_df__type_support.h
[3.277s] -- Up-to-date symlink: /home/student/Desktop/workspace/install/zed_interfaces/include/zed_interfaces/zed_interfaces/msg/detail/bounding_box2_di__functions.h
[3.277s] -- Up-to-date symlink: /home/student/Desktop/workspace/install/zed_interfaces/include/zed_interfaces/zed_interfaces/msg/detail/bounding_box2_di__struct.h
[3.277s] -- Up-to-date symlink: /home/student/Desktop/workspace/install/zed_interfaces/include/zed_interfaces/zed_interfaces/msg/detail/bounding_box2_di__type_support.h
[3.277s] -- Up-to-date symlink: /home/student/Desktop/workspace/install/zed_interfaces/include/zed_interfaces/zed_interfaces/msg/detail/bounding_box3_d__functions.h
[3.277s] -- Up-to-date symlink: /home/student/Desktop/workspace/install/zed_interfaces/include/zed_interfaces/zed_interfaces/msg/detail/bounding_box3_d__struct.h
[3.277s] -- Up-to-date symlink: /home/student/Desktop/workspace/install/zed_interfaces/include/zed_interfaces/zed_interfaces/msg/detail/bounding_box3_d__type_support.h
[3.278s] -- Up-to-date symlink: /home/student/Desktop/workspace/install/zed_interfaces/include/zed_interfaces/zed_interfaces/msg/detail/depth_info_stamped__functions.h
[3.278s] -- Up-to-date symlink: /home/student/Desktop/workspace/install/zed_interfaces/include/zed_interfaces/zed_interfaces/msg/detail/depth_info_stamped__struct.h
[3.278s] -- Up-to-date symlink: /home/student/Desktop/workspace/install/zed_interfaces/include/zed_interfaces/zed_interfaces/msg/detail/depth_info_stamped__type_support.h
[3.278s] -- Up-to-date symlink: /home/student/Desktop/workspace/install/zed_interfaces/include/zed_interfaces/zed_interfaces/msg/detail/gnss_fusion_status__functions.h
[3.278s] -- Up-to-date symlink: /home/student/Desktop/workspace/install/zed_interfaces/include/zed_interfaces/zed_interfaces/msg/detail/gnss_fusion_status__struct.h
[3.278s] -- Up-to-date symlink: /home/student/Desktop/workspace/install/zed_interfaces/include/zed_interfaces/zed_interfaces/msg/detail/gnss_fusion_status__type_support.h
[3.278s] -- Up-to-date symlink: /home/student/Desktop/workspace/install/zed_interfaces/include/zed_interfaces/zed_interfaces/msg/detail/heartbeat__functions.h
[3.278s] -- Up-to-date symlink: /home/student/Desktop/workspace/install/zed_interfaces/include/zed_interfaces/zed_interfaces/msg/detail/heartbeat__struct.h
[3.279s] -- Up-to-date symlink: /home/student/Desktop/workspace/install/zed_interfaces/include/zed_interfaces/zed_interfaces/msg/detail/heartbeat__type_support.h
[3.279s] -- Up-to-date symlink: /home/student/Desktop/workspace/install/zed_interfaces/include/zed_interfaces/zed_interfaces/msg/detail/keypoint2_df__functions.h
[3.279s] -- Up-to-date symlink: /home/student/Desktop/workspace/install/zed_interfaces/include/zed_interfaces/zed_interfaces/msg/detail/keypoint2_df__struct.h
[3.279s] -- Up-to-date symlink: /home/student/Desktop/workspace/install/zed_interfaces/include/zed_interfaces/zed_interfaces/msg/detail/keypoint2_df__type_support.h
[3.279s] -- Up-to-date symlink: /home/student/Desktop/workspace/install/zed_interfaces/include/zed_interfaces/zed_interfaces/msg/detail/keypoint2_di__functions.h
[3.279s] -- Up-to-date symlink: /home/student/Desktop/workspace/install/zed_interfaces/include/zed_interfaces/zed_interfaces/msg/detail/keypoint2_di__struct.h
[3.279s] -- Up-to-date symlink: /home/student/Desktop/workspace/install/zed_interfaces/include/zed_interfaces/zed_interfaces/msg/detail/keypoint2_di__type_support.h
[3.280s] -- Up-to-date symlink: /home/student/Desktop/workspace/install/zed_interfaces/include/zed_interfaces/zed_interfaces/msg/detail/keypoint3_d__functions.h
[3.280s] -- Up-to-date symlink: /home/student/Desktop/workspace/install/zed_interfaces/include/zed_interfaces/zed_interfaces/msg/detail/keypoint3_d__struct.h
[3.280s] -- Up-to-date symlink: /home/student/Desktop/workspace/install/zed_interfaces/include/zed_interfaces/zed_interfaces/msg/detail/keypoint3_d__type_support.h
[3.280s] -- Up-to-date symlink: /home/student/Desktop/workspace/install/zed_interfaces/include/zed_interfaces/zed_interfaces/msg/detail/mag_heading_status__functions.h
[3.280s] -- Up-to-date symlink: /home/student/Desktop/workspace/install/zed_interfaces/include/zed_interfaces/zed_interfaces/msg/detail/mag_heading_status__struct.h
[3.281s] -- Up-to-date symlink: /home/student/Desktop/workspace/install/zed_interfaces/include/zed_interfaces/zed_interfaces/msg/detail/mag_heading_status__type_support.h
[3.281s] -- Up-to-date symlink: /home/student/Desktop/workspace/install/zed_interfaces/include/zed_interfaces/zed_interfaces/msg/detail/object__functions.h
[3.281s] -- Up-to-date symlink: /home/student/Desktop/workspace/install/zed_interfaces/include/zed_interfaces/zed_interfaces/msg/detail/object__struct.h
[3.281s] -- Up-to-date symlink: /home/student/Desktop/workspace/install/zed_interfaces/include/zed_interfaces/zed_interfaces/msg/detail/object__type_support.h
[3.281s] -- Up-to-date symlink: /home/student/Desktop/workspace/install/zed_interfaces/include/zed_interfaces/zed_interfaces/msg/detail/objects_stamped__functions.h
[3.281s] -- Up-to-date symlink: /home/student/Desktop/workspace/install/zed_interfaces/include/zed_interfaces/zed_interfaces/msg/detail/objects_stamped__struct.h
[3.282s] -- Up-to-date symlink: /home/student/Desktop/workspace/install/zed_interfaces/include/zed_interfaces/zed_interfaces/msg/detail/objects_stamped__type_support.h
[3.282s] -- Up-to-date symlink: /home/student/Desktop/workspace/install/zed_interfaces/include/zed_interfaces/zed_interfaces/msg/detail/plane_stamped__functions.h
[3.282s] -- Up-to-date symlink: /home/student/Desktop/workspace/install/zed_interfaces/include/zed_interfaces/zed_interfaces/msg/detail/plane_stamped__struct.h
[3.282s] -- Up-to-date symlink: /home/student/Desktop/workspace/install/zed_interfaces/include/zed_interfaces/zed_interfaces/msg/detail/plane_stamped__type_support.h
[3.282s] -- Up-to-date symlink: /home/student/Desktop/workspace/install/zed_interfaces/include/zed_interfaces/zed_interfaces/msg/detail/pos_track_status__functions.h
[3.282s] -- Up-to-date symlink: /home/student/Desktop/workspace/install/zed_interfaces/include/zed_interfaces/zed_interfaces/msg/detail/pos_track_status__struct.h
[3.283s] -- Up-to-date symlink: /home/student/Desktop/workspace/install/zed_interfaces/include/zed_interfaces/zed_interfaces/msg/detail/pos_track_status__type_support.h
[3.283s] -- Up-to-date symlink: /home/student/Desktop/workspace/install/zed_interfaces/include/zed_interfaces/zed_interfaces/msg/detail/skeleton2_d__functions.h
[3.283s] -- Up-to-date symlink: /home/student/Desktop/workspace/install/zed_interfaces/include/zed_interfaces/zed_interfaces/msg/detail/skeleton2_d__struct.h
[3.283s] -- Up-to-date symlink: /home/student/Desktop/workspace/install/zed_interfaces/include/zed_interfaces/zed_interfaces/msg/detail/skeleton2_d__type_support.h
[3.283s] -- Up-to-date symlink: /home/student/Desktop/workspace/install/zed_interfaces/include/zed_interfaces/zed_interfaces/msg/detail/skeleton3_d__functions.h
[3.283s] -- Up-to-date symlink: /home/student/Desktop/workspace/install/zed_interfaces/include/zed_interfaces/zed_interfaces/msg/detail/skeleton3_d__struct.h
[3.284s] -- Up-to-date symlink: /home/student/Desktop/workspace/install/zed_interfaces/include/zed_interfaces/zed_interfaces/msg/detail/skeleton3_d__type_support.h
[3.284s] -- Up-to-date symlink: /home/student/Desktop/workspace/install/zed_interfaces/include/zed_interfaces/zed_interfaces/msg/gnss_fusion_status.h
[3.284s] -- Up-to-date symlink: /home/student/Desktop/workspace/install/zed_interfaces/include/zed_interfaces/zed_interfaces/msg/heartbeat.h
[3.285s] -- Up-to-date symlink: /home/student/Desktop/workspace/install/zed_interfaces/include/zed_interfaces/zed_interfaces/msg/keypoint2_df.h
[3.285s] -- Up-to-date symlink: /home/student/Desktop/workspace/install/zed_interfaces/include/zed_interfaces/zed_interfaces/msg/keypoint2_di.h
[3.285s] -- Up-to-date symlink: /home/student/Desktop/workspace/install/zed_interfaces/include/zed_interfaces/zed_interfaces/msg/keypoint3_d.h
[3.285s] -- Up-to-date symlink: /home/student/Desktop/workspace/install/zed_interfaces/include/zed_interfaces/zed_interfaces/msg/mag_heading_status.h
[3.285s] -- Up-to-date symlink: /home/student/Desktop/workspace/install/zed_interfaces/include/zed_interfaces/zed_interfaces/msg/object.h
[3.285s] -- Up-to-date symlink: /home/student/Desktop/workspace/install/zed_interfaces/include/zed_interfaces/zed_interfaces/msg/objects_stamped.h
[3.285s] -- Up-to-date symlink: /home/student/Desktop/workspace/install/zed_interfaces/include/zed_interfaces/zed_interfaces/msg/plane_stamped.h
[3.285s] -- Up-to-date symlink: /home/student/Desktop/workspace/install/zed_interfaces/include/zed_interfaces/zed_interfaces/msg/pos_track_status.h
[3.286s] -- Up-to-date symlink: /home/student/Desktop/workspace/install/zed_interfaces/include/zed_interfaces/zed_interfaces/msg/rosidl_generator_c__visibility_control.h
[3.286s] -- Up-to-date symlink: /home/student/Desktop/workspace/install/zed_interfaces/include/zed_interfaces/zed_interfaces/msg/skeleton2_d.h
[3.286s] -- Up-to-date symlink: /home/student/Desktop/workspace/install/zed_interfaces/include/zed_interfaces/zed_interfaces/msg/skeleton3_d.h
[3.286s] -- Up-to-date symlink: /home/student/Desktop/workspace/install/zed_interfaces/include/zed_interfaces/zed_interfaces/srv/detail/set_pose__functions.h
[3.286s] -- Up-to-date symlink: /home/student/Desktop/workspace/install/zed_interfaces/include/zed_interfaces/zed_interfaces/srv/detail/set_pose__struct.h
[3.286s] -- Up-to-date symlink: /home/student/Desktop/workspace/install/zed_interfaces/include/zed_interfaces/zed_interfaces/srv/detail/set_pose__type_support.h
[3.287s] -- Up-to-date symlink: /home/student/Desktop/workspace/install/zed_interfaces/include/zed_interfaces/zed_interfaces/srv/detail/set_roi__functions.h
[3.287s] -- Up-to-date symlink: /home/student/Desktop/workspace/install/zed_interfaces/include/zed_interfaces/zed_interfaces/srv/detail/set_roi__struct.h
[3.287s] -- Up-to-date symlink: /home/student/Desktop/workspace/install/zed_interfaces/include/zed_interfaces/zed_interfaces/srv/detail/set_roi__type_support.h
[3.287s] -- Up-to-date symlink: /home/student/Desktop/workspace/install/zed_interfaces/include/zed_interfaces/zed_interfaces/srv/detail/start_svo_rec__functions.h
[3.287s] -- Up-to-date symlink: /home/student/Desktop/workspace/install/zed_interfaces/include/zed_interfaces/zed_interfaces/srv/detail/start_svo_rec__struct.h
[3.287s] -- Up-to-date symlink: /home/student/Desktop/workspace/install/zed_interfaces/include/zed_interfaces/zed_interfaces/srv/detail/start_svo_rec__type_support.h
[3.288s] -- Up-to-date symlink: /home/student/Desktop/workspace/install/zed_interfaces/include/zed_interfaces/zed_interfaces/srv/set_pose.h
[3.288s] -- Up-to-date symlink: /home/student/Desktop/workspace/install/zed_interfaces/include/zed_interfaces/zed_interfaces/srv/set_roi.h
[3.288s] -- Up-to-date symlink: /home/student/Desktop/workspace/install/zed_interfaces/include/zed_interfaces/zed_interfaces/srv/start_svo_rec.h
[3.288s] -- Up-to-date symlink: /home/student/Desktop/workspace/install/zed_interfaces/share/zed_interfaces/environment/library_path.sh
[3.288s] -- Up-to-date symlink: /home/student/Desktop/workspace/install/zed_interfaces/share/zed_interfaces/environment/library_path.dsv
[3.290s] -- Up-to-date symlink: /home/student/Desktop/workspace/install/zed_interfaces/include/zed_interfaces/zed_interfaces/msg/detail/bounding_box2_df__rosidl_typesupport_fastrtps_c.h
[3.291s] -- Up-to-date symlink: /home/student/Desktop/workspace/install/zed_interfaces/include/zed_interfaces/zed_interfaces/msg/detail/bounding_box2_di__rosidl_typesupport_fastrtps_c.h
[3.291s] -- Up-to-date symlink: /home/student/Desktop/workspace/install/zed_interfaces/include/zed_interfaces/zed_interfaces/msg/detail/bounding_box3_d__rosidl_typesupport_fastrtps_c.h
[3.291s] -- Up-to-date symlink: /home/student/Desktop/workspace/install/zed_interfaces/include/zed_interfaces/zed_interfaces/msg/detail/depth_info_stamped__rosidl_typesupport_fastrtps_c.h
[3.292s] -- Up-to-date symlink: /home/student/Desktop/workspace/install/zed_interfaces/include/zed_interfaces/zed_interfaces/msg/detail/gnss_fusion_status__rosidl_typesupport_fastrtps_c.h
[3.292s] -- Up-to-date symlink: /home/student/Desktop/workspace/install/zed_interfaces/include/zed_interfaces/zed_interfaces/msg/detail/heartbeat__rosidl_typesupport_fastrtps_c.h
[3.292s] -- Up-to-date symlink: /home/student/Desktop/workspace/install/zed_interfaces/include/zed_interfaces/zed_interfaces/msg/detail/keypoint2_df__rosidl_typesupport_fastrtps_c.h
[3.292s] -- Up-to-date symlink: /home/student/Desktop/workspace/install/zed_interfaces/include/zed_interfaces/zed_interfaces/msg/detail/keypoint2_di__rosidl_typesupport_fastrtps_c.h
[3.293s] -- Up-to-date symlink: /home/student/Desktop/workspace/install/zed_interfaces/include/zed_interfaces/zed_interfaces/msg/detail/keypoint3_d__rosidl_typesupport_fastrtps_c.h
[3.293s] -- Up-to-date symlink: /home/student/Desktop/workspace/install/zed_interfaces/include/zed_interfaces/zed_interfaces/msg/detail/mag_heading_status__rosidl_typesupport_fastrtps_c.h
[3.294s] -- Up-to-date symlink: /home/student/Desktop/workspace/install/zed_interfaces/include/zed_interfaces/zed_interfaces/msg/detail/object__rosidl_typesupport_fastrtps_c.h
[3.295s] -- Up-to-date symlink: /home/student/Desktop/workspace/install/zed_interfaces/include/zed_interfaces/zed_interfaces/msg/detail/objects_stamped__rosidl_typesupport_fastrtps_c.h
[3.295s] -- Up-to-date symlink: /home/student/Desktop/workspace/install/zed_interfaces/include/zed_interfaces/zed_interfaces/msg/detail/plane_stamped__rosidl_typesupport_fastrtps_c.h
[3.295s] -- Up-to-date symlink: /home/student/Desktop/workspace/install/zed_interfaces/include/zed_interfaces/zed_interfaces/msg/detail/pos_track_status__rosidl_typesupport_fastrtps_c.h
[3.295s] -- Up-to-date symlink: /home/student/Desktop/workspace/install/zed_interfaces/include/zed_interfaces/zed_interfaces/msg/detail/skeleton2_d__rosidl_typesupport_fastrtps_c.h
[3.295s] -- Up-to-date symlink: /home/student/Desktop/workspace/install/zed_interfaces/include/zed_interfaces/zed_interfaces/msg/detail/skeleton3_d__rosidl_typesupport_fastrtps_c.h
[3.296s] -- Up-to-date symlink: /home/student/Desktop/workspace/install/zed_interfaces/include/zed_interfaces/zed_interfaces/msg/rosidl_typesupport_fastrtps_c__visibility_control.h
[3.296s] -- Up-to-date symlink: /home/student/Desktop/workspace/install/zed_interfaces/include/zed_interfaces/zed_interfaces/srv/detail/set_pose__rosidl_typesupport_fastrtps_c.h
[3.296s] -- Up-to-date symlink: /home/student/Desktop/workspace/install/zed_interfaces/include/zed_interfaces/zed_interfaces/srv/detail/set_roi__rosidl_typesupport_fastrtps_c.h
[3.296s] -- Up-to-date symlink: /home/student/Desktop/workspace/install/zed_interfaces/include/zed_interfaces/zed_interfaces/srv/detail/start_svo_rec__rosidl_typesupport_fastrtps_c.h
[3.296s] -- Up-to-date symlink: /home/student/Desktop/workspace/install/zed_interfaces/include/zed_interfaces/zed_interfaces/msg/bounding_box2_df.hpp
[3.296s] -- Up-to-date symlink: /home/student/Desktop/workspace/install/zed_interfaces/include/zed_interfaces/zed_interfaces/msg/bounding_box2_di.hpp
[3.297s] -- Up-to-date symlink: /home/student/Desktop/workspace/install/zed_interfaces/include/zed_interfaces/zed_interfaces/msg/bounding_box3_d.hpp
[3.297s] -- Up-to-date symlink: /home/student/Desktop/workspace/install/zed_interfaces/include/zed_interfaces/zed_interfaces/msg/depth_info_stamped.hpp
[3.297s] -- Up-to-date symlink: /home/student/Desktop/workspace/install/zed_interfaces/include/zed_interfaces/zed_interfaces/msg/detail/bounding_box2_df__builder.hpp
[3.297s] -- Up-to-date symlink: /home/student/Desktop/workspace/install/zed_interfaces/include/zed_interfaces/zed_interfaces/msg/detail/bounding_box2_df__struct.hpp
[3.297s] -- Up-to-date symlink: /home/student/Desktop/workspace/install/zed_interfaces/include/zed_interfaces/zed_interfaces/msg/detail/bounding_box2_df__traits.hpp
[3.298s] -- Up-to-date symlink: /home/student/Desktop/workspace/install/zed_interfaces/include/zed_interfaces/zed_interfaces/msg/detail/bounding_box2_di__builder.hpp
[3.298s] -- Up-to-date symlink: /home/student/Desktop/workspace/install/zed_interfaces/include/zed_interfaces/zed_interfaces/msg/detail/bounding_box2_di__struct.hpp
[3.298s] -- Up-to-date symlink: /home/student/Desktop/workspace/install/zed_interfaces/include/zed_interfaces/zed_interfaces/msg/detail/bounding_box2_di__traits.hpp
[3.298s] -- Up-to-date symlink: /home/student/Desktop/workspace/install/zed_interfaces/include/zed_interfaces/zed_interfaces/msg/detail/bounding_box3_d__builder.hpp
[3.299s] -- Up-to-date symlink: /home/student/Desktop/workspace/install/zed_interfaces/include/zed_interfaces/zed_interfaces/msg/detail/bounding_box3_d__struct.hpp
[3.300s] -- Up-to-date symlink: /home/student/Desktop/workspace/install/zed_interfaces/include/zed_interfaces/zed_interfaces/msg/detail/bounding_box3_d__traits.hpp
[3.300s] -- Up-to-date symlink: /home/student/Desktop/workspace/install/zed_interfaces/include/zed_interfaces/zed_interfaces/msg/detail/depth_info_stamped__builder.hpp
[3.300s] -- Up-to-date symlink: /home/student/Desktop/workspace/install/zed_interfaces/include/zed_interfaces/zed_interfaces/msg/detail/depth_info_stamped__struct.hpp
[3.300s] -- Up-to-date symlink: /home/student/Desktop/workspace/install/zed_interfaces/include/zed_interfaces/zed_interfaces/msg/detail/depth_info_stamped__traits.hpp
[3.301s] -- Up-to-date symlink: /home/student/Desktop/workspace/install/zed_interfaces/include/zed_interfaces/zed_interfaces/msg/detail/gnss_fusion_status__builder.hpp
[3.301s] -- Up-to-date symlink: /home/student/Desktop/workspace/install/zed_interfaces/include/zed_interfaces/zed_interfaces/msg/detail/gnss_fusion_status__struct.hpp
[3.301s] -- Up-to-date symlink: /home/student/Desktop/workspace/install/zed_interfaces/include/zed_interfaces/zed_interfaces/msg/detail/gnss_fusion_status__traits.hpp
[3.302s] -- Up-to-date symlink: /home/student/Desktop/workspace/install/zed_interfaces/include/zed_interfaces/zed_interfaces/msg/detail/heartbeat__builder.hpp
[3.302s] -- Up-to-date symlink: /home/student/Desktop/workspace/install/zed_interfaces/include/zed_interfaces/zed_interfaces/msg/detail/heartbeat__struct.hpp
[3.302s] -- Up-to-date symlink: /home/student/Desktop/workspace/install/zed_interfaces/include/zed_interfaces/zed_interfaces/msg/detail/heartbeat__traits.hpp
[3.302s] -- Up-to-date symlink: /home/student/Desktop/workspace/install/zed_interfaces/include/zed_interfaces/zed_interfaces/msg/detail/keypoint2_df__builder.hpp
[3.303s] -- Up-to-date symlink: /home/student/Desktop/workspace/install/zed_interfaces/include/zed_interfaces/zed_interfaces/msg/detail/keypoint2_df__struct.hpp
[3.304s] -- Up-to-date symlink: /home/student/Desktop/workspace/install/zed_interfaces/include/zed_interfaces/zed_interfaces/msg/detail/keypoint2_df__traits.hpp
[3.304s] -- Up-to-date symlink: /home/student/Desktop/workspace/install/zed_interfaces/include/zed_interfaces/zed_interfaces/msg/detail/keypoint2_di__builder.hpp
[3.304s] -- Up-to-date symlink: /home/student/Desktop/workspace/install/zed_interfaces/include/zed_interfaces/zed_interfaces/msg/detail/keypoint2_di__struct.hpp
[3.305s] -- Up-to-date symlink: /home/student/Desktop/workspace/install/zed_interfaces/include/zed_interfaces/zed_interfaces/msg/detail/keypoint2_di__traits.hpp
[3.305s] -- Up-to-date symlink: /home/student/Desktop/workspace/install/zed_interfaces/include/zed_interfaces/zed_interfaces/msg/detail/keypoint3_d__builder.hpp
[3.306s] -- Up-to-date symlink: /home/student/Desktop/workspace/install/zed_interfaces/include/zed_interfaces/zed_interfaces/msg/detail/keypoint3_d__struct.hpp
[3.306s] -- Up-to-date symlink: /home/student/Desktop/workspace/install/zed_interfaces/include/zed_interfaces/zed_interfaces/msg/detail/keypoint3_d__traits.hpp
[3.306s] -- Up-to-date symlink: /home/student/Desktop/workspace/install/zed_interfaces/include/zed_interfaces/zed_interfaces/msg/detail/mag_heading_status__builder.hpp
[3.307s] -- Up-to-date symlink: /home/student/Desktop/workspace/install/zed_interfaces/include/zed_interfaces/zed_interfaces/msg/detail/mag_heading_status__struct.hpp
[3.307s] -- Up-to-date symlink: /home/student/Desktop/workspace/install/zed_interfaces/include/zed_interfaces/zed_interfaces/msg/detail/mag_heading_status__traits.hpp
[3.307s] -- Up-to-date symlink: /home/student/Desktop/workspace/install/zed_interfaces/include/zed_interfaces/zed_interfaces/msg/detail/object__builder.hpp
[3.308s] -- Up-to-date symlink: /home/student/Desktop/workspace/install/zed_interfaces/include/zed_interfaces/zed_interfaces/msg/detail/object__struct.hpp
[3.308s] -- Up-to-date symlink: /home/student/Desktop/workspace/install/zed_interfaces/include/zed_interfaces/zed_interfaces/msg/detail/object__traits.hpp
[3.309s] -- Up-to-date symlink: /home/student/Desktop/workspace/install/zed_interfaces/include/zed_interfaces/zed_interfaces/msg/detail/objects_stamped__builder.hpp
[3.309s] -- Up-to-date symlink: /home/student/Desktop/workspace/install/zed_interfaces/include/zed_interfaces/zed_interfaces/msg/detail/objects_stamped__struct.hpp
[3.309s] -- Up-to-date symlink: /home/student/Desktop/workspace/install/zed_interfaces/include/zed_interfaces/zed_interfaces/msg/detail/objects_stamped__traits.hpp
[3.309s] -- Up-to-date symlink: /home/student/Desktop/workspace/install/zed_interfaces/include/zed_interfaces/zed_interfaces/msg/detail/plane_stamped__builder.hpp
[3.309s] -- Up-to-date symlink: /home/student/Desktop/workspace/install/zed_interfaces/include/zed_interfaces/zed_interfaces/msg/detail/plane_stamped__struct.hpp
[3.310s] -- Up-to-date symlink: /home/student/Desktop/workspace/install/zed_interfaces/include/zed_interfaces/zed_interfaces/msg/detail/plane_stamped__traits.hpp
[3.310s] -- Up-to-date symlink: /home/student/Desktop/workspace/install/zed_interfaces/include/zed_interfaces/zed_interfaces/msg/detail/pos_track_status__builder.hpp
[3.310s] -- Up-to-date symlink: /home/student/Desktop/workspace/install/zed_interfaces/include/zed_interfaces/zed_interfaces/msg/detail/pos_track_status__struct.hpp
[3.310s] -- Up-to-date symlink: /home/student/Desktop/workspace/install/zed_interfaces/include/zed_interfaces/zed_interfaces/msg/detail/pos_track_status__traits.hpp
[3.310s] -- Up-to-date symlink: /home/student/Desktop/workspace/install/zed_interfaces/include/zed_interfaces/zed_interfaces/msg/detail/skeleton2_d__builder.hpp
[3.310s] -- Up-to-date symlink: /home/student/Desktop/workspace/install/zed_interfaces/include/zed_interfaces/zed_interfaces/msg/detail/skeleton2_d__struct.hpp
[3.310s] -- Up-to-date symlink: /home/student/Desktop/workspace/install/zed_interfaces/include/zed_interfaces/zed_interfaces/msg/detail/skeleton2_d__traits.hpp
[3.310s] -- Up-to-date symlink: /home/student/Desktop/workspace/install/zed_interfaces/include/zed_interfaces/zed_interfaces/msg/detail/skeleton3_d__builder.hpp
[3.311s] -- Up-to-date symlink: /home/student/Desktop/workspace/install/zed_interfaces/include/zed_interfaces/zed_interfaces/msg/detail/skeleton3_d__struct.hpp
[3.311s] -- Up-to-date symlink: /home/student/Desktop/workspace/install/zed_interfaces/include/zed_interfaces/zed_interfaces/msg/detail/skeleton3_d__traits.hpp
[3.311s] -- Up-to-date symlink: /home/student/Desktop/workspace/install/zed_interfaces/include/zed_interfaces/zed_interfaces/msg/gnss_fusion_status.hpp
[3.311s] -- Up-to-date symlink: /home/student/Desktop/workspace/install/zed_interfaces/include/zed_interfaces/zed_interfaces/msg/heartbeat.hpp
[3.311s] -- Up-to-date symlink: /home/student/Desktop/workspace/install/zed_interfaces/include/zed_interfaces/zed_interfaces/msg/keypoint2_df.hpp
[3.311s] -- Up-to-date symlink: /home/student/Desktop/workspace/install/zed_interfaces/include/zed_interfaces/zed_interfaces/msg/keypoint2_di.hpp
[3.311s] -- Up-to-date symlink: /home/student/Desktop/workspace/install/zed_interfaces/include/zed_interfaces/zed_interfaces/msg/keypoint3_d.hpp
[3.311s] -- Up-to-date symlink: /home/student/Desktop/workspace/install/zed_interfaces/include/zed_interfaces/zed_interfaces/msg/mag_heading_status.hpp
[3.312s] -- Up-to-date symlink: /home/student/Desktop/workspace/install/zed_interfaces/include/zed_interfaces/zed_interfaces/msg/object.hpp
[3.312s] -- Up-to-date symlink: /home/student/Desktop/workspace/install/zed_interfaces/include/zed_interfaces/zed_interfaces/msg/objects_stamped.hpp
[3.312s] -- Up-to-date symlink: /home/student/Desktop/workspace/install/zed_interfaces/include/zed_interfaces/zed_interfaces/msg/plane_stamped.hpp
[3.312s] -- Up-to-date symlink: /home/student/Desktop/workspace/install/zed_interfaces/include/zed_interfaces/zed_interfaces/msg/pos_track_status.hpp
[3.312s] -- Up-to-date symlink: /home/student/Desktop/workspace/install/zed_interfaces/include/zed_interfaces/zed_interfaces/msg/skeleton2_d.hpp
[3.312s] -- Up-to-date symlink: /home/student/Desktop/workspace/install/zed_interfaces/include/zed_interfaces/zed_interfaces/msg/skeleton3_d.hpp
[3.312s] -- Up-to-date symlink: /home/student/Desktop/workspace/install/zed_interfaces/include/zed_interfaces/zed_interfaces/srv/detail/set_pose__builder.hpp
[3.312s] -- Up-to-date symlink: /home/student/Desktop/workspace/install/zed_interfaces/include/zed_interfaces/zed_interfaces/srv/detail/set_pose__struct.hpp
[3.313s] -- Up-to-date symlink: /home/student/Desktop/workspace/install/zed_interfaces/include/zed_interfaces/zed_interfaces/srv/detail/set_pose__traits.hpp
[3.313s] -- Up-to-date symlink: /home/student/Desktop/workspace/install/zed_interfaces/include/zed_interfaces/zed_interfaces/srv/detail/set_roi__builder.hpp
[3.313s] -- Up-to-date symlink: /home/student/Desktop/workspace/install/zed_interfaces/include/zed_interfaces/zed_interfaces/srv/detail/set_roi__struct.hpp
[3.313s] -- Up-to-date symlink: /home/student/Desktop/workspace/install/zed_interfaces/include/zed_interfaces/zed_interfaces/srv/detail/set_roi__traits.hpp
[3.313s] -- Up-to-date symlink: /home/student/Desktop/workspace/install/zed_interfaces/include/zed_interfaces/zed_interfaces/srv/detail/start_svo_rec__builder.hpp
[3.313s] -- Up-to-date symlink: /home/student/Desktop/workspace/install/zed_interfaces/include/zed_interfaces/zed_interfaces/srv/detail/start_svo_rec__struct.hpp
[3.313s] -- Up-to-date symlink: /home/student/Desktop/workspace/install/zed_interfaces/include/zed_interfaces/zed_interfaces/srv/detail/start_svo_rec__traits.hpp
[3.313s] -- Up-to-date symlink: /home/student/Desktop/workspace/install/zed_interfaces/include/zed_interfaces/zed_interfaces/srv/set_pose.hpp
[3.313s] -- Up-to-date symlink: /home/student/Desktop/workspace/install/zed_interfaces/include/zed_interfaces/zed_interfaces/srv/set_roi.hpp
[3.314s] -- Up-to-date symlink: /home/student/Desktop/workspace/install/zed_interfaces/include/zed_interfaces/zed_interfaces/srv/start_svo_rec.hpp
[3.314s] -- Up-to-date symlink: /home/student/Desktop/workspace/install/zed_interfaces/include/zed_interfaces/zed_interfaces/msg/detail/bounding_box2_df__rosidl_typesupport_fastrtps_cpp.hpp
[3.314s] -- Up-to-date symlink: /home/student/Desktop/workspace/install/zed_interfaces/include/zed_interfaces/zed_interfaces/msg/detail/bounding_box2_di__rosidl_typesupport_fastrtps_cpp.hpp
[3.314s] -- Up-to-date symlink: /home/student/Desktop/workspace/install/zed_interfaces/include/zed_interfaces/zed_interfaces/msg/detail/bounding_box3_d__rosidl_typesupport_fastrtps_cpp.hpp
[3.314s] -- Up-to-date symlink: /home/student/Desktop/workspace/install/zed_interfaces/include/zed_interfaces/zed_interfaces/msg/detail/depth_info_stamped__rosidl_typesupport_fastrtps_cpp.hpp
[3.314s] -- Up-to-date symlink: /home/student/Desktop/workspace/install/zed_interfaces/include/zed_interfaces/zed_interfaces/msg/detail/gnss_fusion_status__rosidl_typesupport_fastrtps_cpp.hpp
[3.314s] -- Up-to-date symlink: /home/student/Desktop/workspace/install/zed_interfaces/include/zed_interfaces/zed_interfaces/msg/detail/heartbeat__rosidl_typesupport_fastrtps_cpp.hpp
[3.314s] -- Up-to-date symlink: /home/student/Desktop/workspace/install/zed_interfaces/include/zed_interfaces/zed_interfaces/msg/detail/keypoint2_df__rosidl_typesupport_fastrtps_cpp.hpp
[3.314s] -- Up-to-date symlink: /home/student/Desktop/workspace/install/zed_interfaces/include/zed_interfaces/zed_interfaces/msg/detail/keypoint2_di__rosidl_typesupport_fastrtps_cpp.hpp
[3.315s] -- Up-to-date symlink: /home/student/Desktop/workspace/install/zed_interfaces/include/zed_interfaces/zed_interfaces/msg/detail/keypoint3_d__rosidl_typesupport_fastrtps_cpp.hpp
[3.315s] -- Up-to-date symlink: /home/student/Desktop/workspace/install/zed_interfaces/include/zed_interfaces/zed_interfaces/msg/detail/mag_heading_status__rosidl_typesupport_fastrtps_cpp.hpp
[3.315s] -- Up-to-date symlink: /home/student/Desktop/workspace/install/zed_interfaces/include/zed_interfaces/zed_interfaces/msg/detail/object__rosidl_typesupport_fastrtps_cpp.hpp
[3.315s] -- Up-to-date symlink: /home/student/Desktop/workspace/install/zed_interfaces/include/zed_interfaces/zed_interfaces/msg/detail/objects_stamped__rosidl_typesupport_fastrtps_cpp.hpp
[3.315s] -- Up-to-date symlink: /home/student/Desktop/workspace/install/zed_interfaces/include/zed_interfaces/zed_interfaces/msg/detail/plane_stamped__rosidl_typesupport_fastrtps_cpp.hpp
[3.315s] -- Up-to-date symlink: /home/student/Desktop/workspace/install/zed_interfaces/include/zed_interfaces/zed_interfaces/msg/detail/pos_track_status__rosidl_typesupport_fastrtps_cpp.hpp
[3.315s] -- Up-to-date symlink: /home/student/Desktop/workspace/install/zed_interfaces/include/zed_interfaces/zed_interfaces/msg/detail/skeleton2_d__rosidl_typesupport_fastrtps_cpp.hpp
[3.315s] -- Up-to-date symlink: /home/student/Desktop/workspace/install/zed_interfaces/include/zed_interfaces/zed_interfaces/msg/detail/skeleton3_d__rosidl_typesupport_fastrtps_cpp.hpp
[3.315s] -- Up-to-date symlink: /home/student/Desktop/workspace/install/zed_interfaces/include/zed_interfaces/zed_interfaces/msg/rosidl_typesupport_fastrtps_cpp__visibility_control.h
[3.316s] -- Up-to-date symlink: /home/student/Desktop/workspace/install/zed_interfaces/include/zed_interfaces/zed_interfaces/srv/detail/set_pose__rosidl_typesupport_fastrtps_cpp.hpp
[3.316s] -- Up-to-date symlink: /home/student/Desktop/workspace/install/zed_interfaces/include/zed_interfaces/zed_interfaces/srv/detail/set_roi__rosidl_typesupport_fastrtps_cpp.hpp
[3.317s] -- Up-to-date symlink: /home/student/Desktop/workspace/install/zed_interfaces/include/zed_interfaces/zed_interfaces/srv/detail/start_svo_rec__rosidl_typesupport_fastrtps_cpp.hpp
[3.318s] -- Up-to-date symlink: /home/student/Desktop/workspace/install/zed_interfaces/include/zed_interfaces/zed_interfaces/msg/detail/bounding_box2_df__rosidl_typesupport_introspection_c.h
[3.318s] -- Up-to-date symlink: /home/student/Desktop/workspace/install/zed_interfaces/include/zed_interfaces/zed_interfaces/msg/detail/bounding_box2_di__rosidl_typesupport_introspection_c.h
[3.318s] -- Up-to-date symlink: /home/student/Desktop/workspace/install/zed_interfaces/include/zed_interfaces/zed_interfaces/msg/detail/bounding_box3_d__rosidl_typesupport_introspection_c.h
[3.319s] -- Up-to-date symlink: /home/student/Desktop/workspace/install/zed_interfaces/include/zed_interfaces/zed_interfaces/msg/detail/depth_info_stamped__rosidl_typesupport_introspection_c.h
[3.319s] -- Up-to-date symlink: /home/student/Desktop/workspace/install/zed_interfaces/include/zed_interfaces/zed_interfaces/msg/detail/gnss_fusion_status__rosidl_typesupport_introspection_c.h
[3.319s] -- Up-to-date symlink: /home/student/Desktop/workspace/install/zed_interfaces/include/zed_interfaces/zed_interfaces/msg/detail/heartbeat__rosidl_typesupport_introspection_c.h
[3.319s] -- Up-to-date symlink: /home/student/Desktop/workspace/install/zed_interfaces/include/zed_interfaces/zed_interfaces/msg/detail/keypoint2_df__rosidl_typesupport_introspection_c.h
[3.319s] -- Up-to-date symlink: /home/student/Desktop/workspace/install/zed_interfaces/include/zed_interfaces/zed_interfaces/msg/detail/keypoint2_di__rosidl_typesupport_introspection_c.h
[3.319s] -- Up-to-date symlink: /home/student/Desktop/workspace/install/zed_interfaces/include/zed_interfaces/zed_interfaces/msg/detail/keypoint3_d__rosidl_typesupport_introspection_c.h
[3.320s] -- Up-to-date symlink: /home/student/Desktop/workspace/install/zed_interfaces/include/zed_interfaces/zed_interfaces/msg/detail/mag_heading_status__rosidl_typesupport_introspection_c.h
[3.320s] -- Up-to-date symlink: /home/student/Desktop/workspace/install/zed_interfaces/include/zed_interfaces/zed_interfaces/msg/detail/object__rosidl_typesupport_introspection_c.h
[3.320s] -- Up-to-date symlink: /home/student/Desktop/workspace/install/zed_interfaces/include/zed_interfaces/zed_interfaces/msg/detail/objects_stamped__rosidl_typesupport_introspection_c.h
[3.320s] -- Up-to-date symlink: /home/student/Desktop/workspace/install/zed_interfaces/include/zed_interfaces/zed_interfaces/msg/detail/plane_stamped__rosidl_typesupport_introspection_c.h
[3.320s] -- Up-to-date symlink: /home/student/Desktop/workspace/install/zed_interfaces/include/zed_interfaces/zed_interfaces/msg/detail/pos_track_status__rosidl_typesupport_introspection_c.h
[3.321s] -- Up-to-date symlink: /home/student/Desktop/workspace/install/zed_interfaces/include/zed_interfaces/zed_interfaces/msg/detail/skeleton2_d__rosidl_typesupport_introspection_c.h
[3.321s] -- Up-to-date symlink: /home/student/Desktop/workspace/install/zed_interfaces/include/zed_interfaces/zed_interfaces/msg/detail/skeleton3_d__rosidl_typesupport_introspection_c.h
[3.321s] -- Up-to-date symlink: /home/student/Desktop/workspace/install/zed_interfaces/include/zed_interfaces/zed_interfaces/msg/rosidl_typesupport_introspection_c__visibility_control.h
[3.321s] -- Up-to-date symlink: /home/student/Desktop/workspace/install/zed_interfaces/include/zed_interfaces/zed_interfaces/srv/detail/set_pose__rosidl_typesupport_introspection_c.h
[3.321s] -- Up-to-date symlink: /home/student/Desktop/workspace/install/zed_interfaces/include/zed_interfaces/zed_interfaces/srv/detail/set_roi__rosidl_typesupport_introspection_c.h
[3.321s] -- Up-to-date symlink: /home/student/Desktop/workspace/install/zed_interfaces/include/zed_interfaces/zed_interfaces/srv/detail/start_svo_rec__rosidl_typesupport_introspection_c.h
[3.321s] -- Up-to-date symlink: /home/student/Desktop/workspace/install/zed_interfaces/include/zed_interfaces/zed_interfaces/msg/detail/bounding_box2_df__rosidl_typesupport_introspection_cpp.hpp
[3.321s] -- Up-to-date symlink: /home/student/Desktop/workspace/install/zed_interfaces/include/zed_interfaces/zed_interfaces/msg/detail/bounding_box2_di__rosidl_typesupport_introspection_cpp.hpp
[3.322s] -- Up-to-date symlink: /home/student/Desktop/workspace/install/zed_interfaces/include/zed_interfaces/zed_interfaces/msg/detail/bounding_box3_d__rosidl_typesupport_introspection_cpp.hpp
[3.322s] -- Up-to-date symlink: /home/student/Desktop/workspace/install/zed_interfaces/include/zed_interfaces/zed_interfaces/msg/detail/depth_info_stamped__rosidl_typesupport_introspection_cpp.hpp
[3.322s] -- Up-to-date symlink: /home/student/Desktop/workspace/install/zed_interfaces/include/zed_interfaces/zed_interfaces/msg/detail/gnss_fusion_status__rosidl_typesupport_introspection_cpp.hpp
[3.322s] -- Up-to-date symlink: /home/student/Desktop/workspace/install/zed_interfaces/include/zed_interfaces/zed_interfaces/msg/detail/heartbeat__rosidl_typesupport_introspection_cpp.hpp
[3.322s] -- Up-to-date symlink: /home/student/Desktop/workspace/install/zed_interfaces/include/zed_interfaces/zed_interfaces/msg/detail/keypoint2_df__rosidl_typesupport_introspection_cpp.hpp
[3.322s] -- Up-to-date symlink: /home/student/Desktop/workspace/install/zed_interfaces/include/zed_interfaces/zed_interfaces/msg/detail/keypoint2_di__rosidl_typesupport_introspection_cpp.hpp
[3.322s] -- Up-to-date symlink: /home/student/Desktop/workspace/install/zed_interfaces/include/zed_interfaces/zed_interfaces/msg/detail/keypoint3_d__rosidl_typesupport_introspection_cpp.hpp
[3.323s] -- Up-to-date symlink: /home/student/Desktop/workspace/install/zed_interfaces/include/zed_interfaces/zed_interfaces/msg/detail/mag_heading_status__rosidl_typesupport_introspection_cpp.hpp
[3.323s] -- Up-to-date symlink: /home/student/Desktop/workspace/install/zed_interfaces/include/zed_interfaces/zed_interfaces/msg/detail/object__rosidl_typesupport_introspection_cpp.hpp
[3.323s] -- Up-to-date symlink: /home/student/Desktop/workspace/install/zed_interfaces/include/zed_interfaces/zed_interfaces/msg/detail/objects_stamped__rosidl_typesupport_introspection_cpp.hpp
[3.323s] -- Up-to-date symlink: /home/student/Desktop/workspace/install/zed_interfaces/include/zed_interfaces/zed_interfaces/msg/detail/plane_stamped__rosidl_typesupport_introspection_cpp.hpp
[3.323s] -- Up-to-date symlink: /home/student/Desktop/workspace/install/zed_interfaces/include/zed_interfaces/zed_interfaces/msg/detail/pos_track_status__rosidl_typesupport_introspection_cpp.hpp
[3.324s] -- Up-to-date symlink: /home/student/Desktop/workspace/install/zed_interfaces/include/zed_interfaces/zed_interfaces/msg/detail/skeleton2_d__rosidl_typesupport_introspection_cpp.hpp
[3.324s] -- Up-to-date symlink: /home/student/Desktop/workspace/install/zed_interfaces/include/zed_interfaces/zed_interfaces/msg/detail/skeleton3_d__rosidl_typesupport_introspection_cpp.hpp
[3.324s] -- Up-to-date symlink: /home/student/Desktop/workspace/install/zed_interfaces/include/zed_interfaces/zed_interfaces/srv/detail/set_pose__rosidl_typesupport_introspection_cpp.hpp
[3.325s] -- Up-to-date symlink: /home/student/Desktop/workspace/install/zed_interfaces/include/zed_interfaces/zed_interfaces/srv/detail/set_roi__rosidl_typesupport_introspection_cpp.hpp
[3.325s] -- Up-to-date symlink: /home/student/Desktop/workspace/install/zed_interfaces/include/zed_interfaces/zed_interfaces/srv/detail/start_svo_rec__rosidl_typesupport_introspection_cpp.hpp
[3.325s] -- Up-to-date symlink: /home/student/Desktop/workspace/install/zed_interfaces/share/zed_interfaces/environment/pythonpath.sh
[3.325s] -- Up-to-date symlink: /home/student/Desktop/workspace/install/zed_interfaces/share/zed_interfaces/environment/pythonpath.dsv
[3.325s] -- Up-to-date symlink: /home/student/Desktop/workspace/install/zed_interfaces/local/lib/python3.10/dist-packages/zed_interfaces-4.1.0-py3.10.egg-info/PKG-INFO
[3.326s] -- Up-to-date symlink: /home/student/Desktop/workspace/install/zed_interfaces/local/lib/python3.10/dist-packages/zed_interfaces-4.1.0-py3.10.egg-info/SOURCES.txt
[3.326s] -- Up-to-date symlink: /home/student/Desktop/workspace/install/zed_interfaces/local/lib/python3.10/dist-packages/zed_interfaces-4.1.0-py3.10.egg-info/dependency_links.txt
[3.326s] -- Up-to-date symlink: /home/student/Desktop/workspace/install/zed_interfaces/local/lib/python3.10/dist-packages/zed_interfaces-4.1.0-py3.10.egg-info/top_level.txt
[3.327s] -- Up-to-date symlink: /home/student/Desktop/workspace/install/zed_interfaces/local/lib/python3.10/dist-packages/zed_interfaces/__init__.py
[3.328s] -- Up-to-date symlink: /home/student/Desktop/workspace/install/zed_interfaces/local/lib/python3.10/dist-packages/zed_interfaces/_zed_interfaces_s.ep.rosidl_typesupport_c.c
[3.328s] -- Up-to-date symlink: /home/student/Desktop/workspace/install/zed_interfaces/local/lib/python3.10/dist-packages/zed_interfaces/_zed_interfaces_s.ep.rosidl_typesupport_fastrtps_c.c
[3.329s] -- Up-to-date symlink: /home/student/Desktop/workspace/install/zed_interfaces/local/lib/python3.10/dist-packages/zed_interfaces/_zed_interfaces_s.ep.rosidl_typesupport_introspection_c.c
[3.329s] -- Up-to-date symlink: /home/student/Desktop/workspace/install/zed_interfaces/local/lib/python3.10/dist-packages/zed_interfaces/libzed_interfaces__rosidl_generator_py.so
[3.330s] -- Up-to-date symlink: /home/student/Desktop/workspace/install/zed_interfaces/local/lib/python3.10/dist-packages/zed_interfaces/msg/__init__.py
[3.331s] -- Up-to-date symlink: /home/student/Desktop/workspace/install/zed_interfaces/local/lib/python3.10/dist-packages/zed_interfaces/msg/_bounding_box2_df.py
[3.331s] -- Up-to-date symlink: /home/student/Desktop/workspace/install/zed_interfaces/local/lib/python3.10/dist-packages/zed_interfaces/msg/_bounding_box2_df_s.c
[3.332s] -- Up-to-date symlink: /home/student/Desktop/workspace/install/zed_interfaces/local/lib/python3.10/dist-packages/zed_interfaces/msg/_bounding_box2_di.py
[3.332s] -- Up-to-date symlink: /home/student/Desktop/workspace/install/zed_interfaces/local/lib/python3.10/dist-packages/zed_interfaces/msg/_bounding_box2_di_s.c
[3.332s] -- Up-to-date symlink: /home/student/Desktop/workspace/install/zed_interfaces/local/lib/python3.10/dist-packages/zed_interfaces/msg/_bounding_box3_d.py
[3.332s] -- Up-to-date symlink: /home/student/Desktop/workspace/install/zed_interfaces/local/lib/python3.10/dist-packages/zed_interfaces/msg/_bounding_box3_d_s.c
[3.333s] -- Up-to-date symlink: /home/student/Desktop/workspace/install/zed_interfaces/local/lib/python3.10/dist-packages/zed_interfaces/msg/_depth_info_stamped.py
[3.333s] -- Up-to-date symlink: /home/student/Desktop/workspace/install/zed_interfaces/local/lib/python3.10/dist-packages/zed_interfaces/msg/_depth_info_stamped_s.c
[3.333s] -- Up-to-date symlink: /home/student/Desktop/workspace/install/zed_interfaces/local/lib/python3.10/dist-packages/zed_interfaces/msg/_gnss_fusion_status.py
[3.333s] -- Up-to-date symlink: /home/student/Desktop/workspace/install/zed_interfaces/local/lib/python3.10/dist-packages/zed_interfaces/msg/_gnss_fusion_status_s.c
[3.334s] -- Up-to-date symlink: /home/student/Desktop/workspace/install/zed_interfaces/local/lib/python3.10/dist-packages/zed_interfaces/msg/_heartbeat.py
[3.334s] -- Up-to-date symlink: /home/student/Desktop/workspace/install/zed_interfaces/local/lib/python3.10/dist-packages/zed_interfaces/msg/_heartbeat_s.c
[3.335s] -- Up-to-date symlink: /home/student/Desktop/workspace/install/zed_interfaces/local/lib/python3.10/dist-packages/zed_interfaces/msg/_keypoint2_df.py
[3.335s] -- Up-to-date symlink: /home/student/Desktop/workspace/install/zed_interfaces/local/lib/python3.10/dist-packages/zed_interfaces/msg/_keypoint2_df_s.c
[3.335s] -- Up-to-date symlink: /home/student/Desktop/workspace/install/zed_interfaces/local/lib/python3.10/dist-packages/zed_interfaces/msg/_keypoint2_di.py
[3.335s] -- Up-to-date symlink: /home/student/Desktop/workspace/install/zed_interfaces/local/lib/python3.10/dist-packages/zed_interfaces/msg/_keypoint2_di_s.c
[3.335s] -- Up-to-date symlink: /home/student/Desktop/workspace/install/zed_interfaces/local/lib/python3.10/dist-packages/zed_interfaces/msg/_keypoint3_d.py
[3.335s] -- Up-to-date symlink: /home/student/Desktop/workspace/install/zed_interfaces/local/lib/python3.10/dist-packages/zed_interfaces/msg/_keypoint3_d_s.c
[3.336s] -- Up-to-date symlink: /home/student/Desktop/workspace/install/zed_interfaces/local/lib/python3.10/dist-packages/zed_interfaces/msg/_mag_heading_status.py
[3.336s] -- Up-to-date symlink: /home/student/Desktop/workspace/install/zed_interfaces/local/lib/python3.10/dist-packages/zed_interfaces/msg/_mag_heading_status_s.c
[3.336s] -- Up-to-date symlink: /home/student/Desktop/workspace/install/zed_interfaces/local/lib/python3.10/dist-packages/zed_interfaces/msg/_object.py
[3.336s] -- Up-to-date symlink: /home/student/Desktop/workspace/install/zed_interfaces/local/lib/python3.10/dist-packages/zed_interfaces/msg/_object_s.c
[3.336s] -- Up-to-date symlink: /home/student/Desktop/workspace/install/zed_interfaces/local/lib/python3.10/dist-packages/zed_interfaces/msg/_objects_stamped.py
[3.336s] -- Up-to-date symlink: /home/student/Desktop/workspace/install/zed_interfaces/local/lib/python3.10/dist-packages/zed_interfaces/msg/_objects_stamped_s.c
[3.336s] -- Up-to-date symlink: /home/student/Desktop/workspace/install/zed_interfaces/local/lib/python3.10/dist-packages/zed_interfaces/msg/_plane_stamped.py
[3.336s] -- Up-to-date symlink: /home/student/Desktop/workspace/install/zed_interfaces/local/lib/python3.10/dist-packages/zed_interfaces/msg/_plane_stamped_s.c
[3.336s] -- Up-to-date symlink: /home/student/Desktop/workspace/install/zed_interfaces/local/lib/python3.10/dist-packages/zed_interfaces/msg/_pos_track_status.py
[3.336s] -- Up-to-date symlink: /home/student/Desktop/workspace/install/zed_interfaces/local/lib/python3.10/dist-packages/zed_interfaces/msg/_pos_track_status_s.c
[3.337s] -- Up-to-date symlink: /home/student/Desktop/workspace/install/zed_interfaces/local/lib/python3.10/dist-packages/zed_interfaces/msg/_skeleton2_d.py
[3.337s] -- Up-to-date symlink: /home/student/Desktop/workspace/install/zed_interfaces/local/lib/python3.10/dist-packages/zed_interfaces/msg/_skeleton2_d_s.c
[3.337s] -- Up-to-date symlink: /home/student/Desktop/workspace/install/zed_interfaces/local/lib/python3.10/dist-packages/zed_interfaces/msg/_skeleton3_d.py
[3.337s] -- Up-to-date symlink: /home/student/Desktop/workspace/install/zed_interfaces/local/lib/python3.10/dist-packages/zed_interfaces/msg/_skeleton3_d_s.c
[3.337s] -- Up-to-date symlink: /home/student/Desktop/workspace/install/zed_interfaces/local/lib/python3.10/dist-packages/zed_interfaces/srv/__init__.py
[3.337s] -- Up-to-date symlink: /home/student/Desktop/workspace/install/zed_interfaces/local/lib/python3.10/dist-packages/zed_interfaces/srv/_set_pose.py
[3.337s] -- Up-to-date symlink: /home/student/Desktop/workspace/install/zed_interfaces/local/lib/python3.10/dist-packages/zed_interfaces/srv/_set_pose_s.c
[3.337s] -- Up-to-date symlink: /home/student/Desktop/workspace/install/zed_interfaces/local/lib/python3.10/dist-packages/zed_interfaces/srv/_set_roi.py
[3.337s] -- Up-to-date symlink: /home/student/Desktop/workspace/install/zed_interfaces/local/lib/python3.10/dist-packages/zed_interfaces/srv/_set_roi_s.c
[3.338s] -- Up-to-date symlink: /home/student/Desktop/workspace/install/zed_interfaces/local/lib/python3.10/dist-packages/zed_interfaces/srv/_start_svo_rec.py
[3.338s] -- Up-to-date symlink: /home/student/Desktop/workspace/install/zed_interfaces/local/lib/python3.10/dist-packages/zed_interfaces/srv/_start_svo_rec_s.c
[3.338s] -- Up-to-date symlink: /home/student/Desktop/workspace/install/zed_interfaces/local/lib/python3.10/dist-packages/zed_interfaces/zed_interfaces_s__rosidl_typesupport_c.cpython-310-x86_64-linux-gnu.so
[3.338s] -- Up-to-date symlink: /home/student/Desktop/workspace/install/zed_interfaces/local/lib/python3.10/dist-packages/zed_interfaces/zed_interfaces_s__rosidl_typesupport_fastrtps_c.cpython-310-x86_64-linux-gnu.so
[3.338s] -- Up-to-date symlink: /home/student/Desktop/workspace/install/zed_interfaces/local/lib/python3.10/dist-packages/zed_interfaces/zed_interfaces_s__rosidl_typesupport_introspection_c.cpython-310-x86_64-linux-gnu.so
[3.338s] -- Up-to-date symlink: /home/student/Desktop/workspace/install/zed_interfaces/local/lib/python3.10/dist-packages/zed_interfaces/zed_interfaces_s__rosidl_typesupport_fastrtps_c.cpython-310-x86_64-linux-gnu.so
[3.338s] -- Up-to-date symlink: /home/student/Desktop/workspace/install/zed_interfaces/local/lib/python3.10/dist-packages/zed_interfaces/zed_interfaces_s__rosidl_typesupport_introspection_c.cpython-310-x86_64-linux-gnu.so
[3.338s] -- Up-to-date symlink: /home/student/Desktop/workspace/install/zed_interfaces/local/lib/python3.10/dist-packages/zed_interfaces/zed_interfaces_s__rosidl_typesupport_c.cpython-310-x86_64-linux-gnu.so
[3.338s] -- Up-to-date symlink: /home/student/Desktop/workspace/install/zed_interfaces/share/zed_interfaces/msg/Object.idl
[3.338s] -- Up-to-date symlink: /home/student/Desktop/workspace/install/zed_interfaces/share/zed_interfaces/msg/ObjectsStamped.idl
[3.339s] -- Up-to-date symlink: /home/student/Desktop/workspace/install/zed_interfaces/share/zed_interfaces/msg/Keypoint2Di.idl
[3.339s] -- Up-to-date symlink: /home/student/Desktop/workspace/install/zed_interfaces/share/zed_interfaces/msg/Keypoint2Df.idl
[3.339s] -- Up-to-date symlink: /home/student/Desktop/workspace/install/zed_interfaces/share/zed_interfaces/msg/Keypoint3D.idl
[3.339s] -- Up-to-date symlink: /home/student/Desktop/workspace/install/zed_interfaces/share/zed_interfaces/msg/BoundingBox2Di.idl
[3.339s] -- Up-to-date symlink: /home/student/Desktop/workspace/install/zed_interfaces/share/zed_interfaces/msg/BoundingBox2Df.idl
[3.339s] -- Up-to-date symlink: /home/student/Desktop/workspace/install/zed_interfaces/share/zed_interfaces/msg/BoundingBox3D.idl
[3.339s] -- Up-to-date symlink: /home/student/Desktop/workspace/install/zed_interfaces/share/zed_interfaces/msg/Skeleton2D.idl
[3.339s] -- Up-to-date symlink: /home/student/Desktop/workspace/install/zed_interfaces/share/zed_interfaces/msg/Skeleton3D.idl
[3.339s] -- Up-to-date symlink: /home/student/Desktop/workspace/install/zed_interfaces/share/zed_interfaces/msg/DepthInfoStamped.idl
[3.340s] -- Up-to-date symlink: /home/student/Desktop/workspace/install/zed_interfaces/share/zed_interfaces/msg/PlaneStamped.idl
[3.340s] -- Up-to-date symlink: /home/student/Desktop/workspace/install/zed_interfaces/share/zed_interfaces/msg/PosTrackStatus.idl
[3.340s] -- Up-to-date symlink: /home/student/Desktop/workspace/install/zed_interfaces/share/zed_interfaces/msg/GnssFusionStatus.idl
[3.340s] -- Up-to-date symlink: /home/student/Desktop/workspace/install/zed_interfaces/share/zed_interfaces/msg/Heartbeat.idl
[3.340s] -- Up-to-date symlink: /home/student/Desktop/workspace/install/zed_interfaces/share/zed_interfaces/msg/MagHeadingStatus.idl
[3.340s] -- Up-to-date symlink: /home/student/Desktop/workspace/install/zed_interfaces/share/zed_interfaces/srv/SetPose.idl
[3.340s] -- Up-to-date symlink: /home/student/Desktop/workspace/install/zed_interfaces/share/zed_interfaces/srv/StartSvoRec.idl
[3.340s] -- Up-to-date symlink: /home/student/Desktop/workspace/install/zed_interfaces/share/zed_interfaces/srv/SetROI.idl
[3.340s] -- Up-to-date symlink: /home/student/Desktop/workspace/install/zed_interfaces/share/zed_interfaces/msg/Object.msg
[3.341s] -- Up-to-date symlink: /home/student/Desktop/workspace/install/zed_interfaces/share/zed_interfaces/msg/ObjectsStamped.msg
[3.341s] -- Up-to-date symlink: /home/student/Desktop/workspace/install/zed_interfaces/share/zed_interfaces/msg/Keypoint2Di.msg
[3.341s] -- Up-to-date symlink: /home/student/Desktop/workspace/install/zed_interfaces/share/zed_interfaces/msg/Keypoint2Df.msg
[3.341s] -- Up-to-date symlink: /home/student/Desktop/workspace/install/zed_interfaces/share/zed_interfaces/msg/Keypoint3D.msg
[3.341s] -- Up-to-date symlink: /home/student/Desktop/workspace/install/zed_interfaces/share/zed_interfaces/msg/BoundingBox2Di.msg
[3.341s] -- Up-to-date symlink: /home/student/Desktop/workspace/install/zed_interfaces/share/zed_interfaces/msg/BoundingBox2Df.msg
[3.341s] -- Up-to-date symlink: /home/student/Desktop/workspace/install/zed_interfaces/share/zed_interfaces/msg/BoundingBox3D.msg
[3.341s] -- Up-to-date symlink: /home/student/Desktop/workspace/install/zed_interfaces/share/zed_interfaces/msg/Skeleton2D.msg
[3.341s] -- Up-to-date symlink: /home/student/Desktop/workspace/install/zed_interfaces/share/zed_interfaces/msg/Skeleton3D.msg
[3.342s] -- Up-to-date symlink: /home/student/Desktop/workspace/install/zed_interfaces/share/zed_interfaces/msg/DepthInfoStamped.msg
[3.342s] -- Up-to-date symlink: /home/student/Desktop/workspace/install/zed_interfaces/share/zed_interfaces/msg/PlaneStamped.msg
[3.342s] -- Up-to-date symlink: /home/student/Desktop/workspace/install/zed_interfaces/share/zed_interfaces/msg/PosTrackStatus.msg
[3.342s] -- Up-to-date symlink: /home/student/Desktop/workspace/install/zed_interfaces/share/zed_interfaces/msg/GnssFusionStatus.msg
[3.342s] -- Up-to-date symlink: /home/student/Desktop/workspace/install/zed_interfaces/share/zed_interfaces/msg/Heartbeat.msg
[3.342s] -- Up-to-date symlink: /home/student/Desktop/workspace/install/zed_interfaces/share/zed_interfaces/msg/MagHeadingStatus.msg
[3.342s] -- Up-to-date symlink: /home/student/Desktop/workspace/install/zed_interfaces/share/zed_interfaces/srv/SetPose.srv
[3.342s] -- Up-to-date symlink: /home/student/Desktop/workspace/install/zed_interfaces/share/zed_interfaces/srv/SetPose_Request.msg
[3.342s] -- Up-to-date symlink: /home/student/Desktop/workspace/install/zed_interfaces/share/zed_interfaces/srv/SetPose_Response.msg
[3.343s] -- Up-to-date symlink: /home/student/Desktop/workspace/install/zed_interfaces/share/zed_interfaces/srv/StartSvoRec.srv
[3.343s] -- Up-to-date symlink: /home/student/Desktop/workspace/install/zed_interfaces/share/zed_interfaces/srv/StartSvoRec_Request.msg
[3.343s] -- Up-to-date symlink: /home/student/Desktop/workspace/install/zed_interfaces/share/zed_interfaces/srv/StartSvoRec_Response.msg
[3.343s] -- Up-to-date symlink: /home/student/Desktop/workspace/install/zed_interfaces/share/zed_interfaces/srv/SetROI.srv
[3.343s] -- Up-to-date symlink: /home/student/Desktop/workspace/install/zed_interfaces/share/zed_interfaces/srv/SetROI_Request.msg
[3.343s] -- Up-to-date symlink: /home/student/Desktop/workspace/install/zed_interfaces/share/zed_interfaces/srv/SetROI_Response.msg
[3.343s] -- Up-to-date symlink: /home/student/Desktop/workspace/install/zed_interfaces/share/zed_interfaces/meshes/virtual.stl
[3.343s] -- Up-to-date symlink: /home/student/Desktop/workspace/install/zed_interfaces/share/zed_interfaces/meshes/zed.stl
[3.344s] -- Up-to-date symlink: /home/student/Desktop/workspace/install/zed_interfaces/share/zed_interfaces/meshes/zed2.stl
[3.344s] -- Up-to-date symlink: /home/student/Desktop/workspace/install/zed_interfaces/share/zed_interfaces/meshes/zed2i.stl
[3.344s] -- Up-to-date symlink: /home/student/Desktop/workspace/install/zed_interfaces/share/zed_interfaces/meshes/zedm.stl
[3.344s] -- Up-to-date symlink: /home/student/Desktop/workspace/install/zed_interfaces/share/zed_interfaces/meshes/zedx.stl
[3.344s] -- Up-to-date symlink: /home/student/Desktop/workspace/install/zed_interfaces/share/zed_interfaces/meshes/zedxm.stl
[3.344s] -- Up-to-date symlink: /home/student/Desktop/workspace/install/zed_interfaces/share/ament_index/resource_index/package_run_dependencies/zed_interfaces
[3.345s] -- Up-to-date symlink: /home/student/Desktop/workspace/install/zed_interfaces/share/ament_index/resource_index/parent_prefix_path/zed_interfaces
[3.345s] -- Up-to-date symlink: /home/student/Desktop/workspace/install/zed_interfaces/share/zed_interfaces/environment/ament_prefix_path.sh
[3.346s] -- Up-to-date symlink: /home/student/Desktop/workspace/install/zed_interfaces/share/zed_interfaces/environment/ament_prefix_path.dsv
[3.346s] -- Up-to-date symlink: /home/student/Desktop/workspace/install/zed_interfaces/share/zed_interfaces/environment/path.sh
[3.346s] -- Up-to-date symlink: /home/student/Desktop/workspace/install/zed_interfaces/share/zed_interfaces/environment/path.dsv
[3.346s] -- Up-to-date symlink: /home/student/Desktop/workspace/install/zed_interfaces/share/zed_interfaces/local_setup.bash
[3.346s] -- Up-to-date symlink: /home/student/Desktop/workspace/install/zed_interfaces/share/zed_interfaces/local_setup.sh
[3.346s] -- Up-to-date symlink: /home/student/Desktop/workspace/install/zed_interfaces/share/zed_interfaces/local_setup.zsh
[3.346s] -- Up-to-date symlink: /home/student/Desktop/workspace/install/zed_interfaces/share/zed_interfaces/local_setup.dsv
[3.346s] -- Symlinking: /home/student/Desktop/workspace/install/zed_interfaces/share/zed_interfaces/package.dsv
[3.346s] -- Up-to-date symlink: /home/student/Desktop/workspace/install/zed_interfaces/share/ament_index/resource_index/packages/zed_interfaces
[3.346s] -- Up-to-date symlink: /home/student/Desktop/workspace/install/zed_interfaces/share/zed_interfaces/cmake/rosidl_cmake-extras.cmake
[3.346s] -- Up-to-date symlink: /home/student/Desktop/workspace/install/zed_interfaces/share/zed_interfaces/cmake/ament_cmake_export_dependencies-extras.cmake
[3.347s] -- Up-to-date symlink: /home/student/Desktop/workspace/install/zed_interfaces/share/zed_interfaces/cmake/ament_cmake_export_include_directories-extras.cmake
[3.347s] -- Up-to-date symlink: /home/student/Desktop/workspace/install/zed_interfaces/share/zed_interfaces/cmake/ament_cmake_export_libraries-extras.cmake
[3.347s] -- Up-to-date symlink: /home/student/Desktop/workspace/install/zed_interfaces/share/zed_interfaces/cmake/ament_cmake_export_targets-extras.cmake
[3.347s] -- Up-to-date symlink: /home/student/Desktop/workspace/install/zed_interfaces/share/zed_interfaces/cmake/rosidl_cmake_export_typesupport_targets-extras.cmake
[3.347s] -- Up-to-date symlink: /home/student/Desktop/workspace/install/zed_interfaces/share/zed_interfaces/cmake/rosidl_cmake_export_typesupport_libraries-extras.cmake
[3.347s] -- Up-to-date symlink: /home/student/Desktop/workspace/install/zed_interfaces/share/zed_interfaces/cmake/zed_interfacesConfig.cmake
[3.347s] -- Up-to-date symlink: /home/student/Desktop/workspace/install/zed_interfaces/share/zed_interfaces/cmake/zed_interfacesConfig-version.cmake
[3.347s] -- Up-to-date symlink: /home/student/Desktop/workspace/install/zed_interfaces/share/zed_interfaces/package.xml
[3.347s] -- Up-to-date: /home/student/Desktop/workspace/install/zed_interfaces/lib/libzed_interfaces__rosidl_generator_c.so
[3.347s] -- Up-to-date: /home/student/Desktop/workspace/install/zed_interfaces/lib/libzed_interfaces__rosidl_typesupport_fastrtps_c.so
[3.347s] -- Up-to-date: /home/student/Desktop/workspace/install/zed_interfaces/lib/libzed_interfaces__rosidl_typesupport_fastrtps_cpp.so
[3.348s] -- Up-to-date: /home/student/Desktop/workspace/install/zed_interfaces/lib/libzed_interfaces__rosidl_typesupport_introspection_c.so
[3.348s] -- Up-to-date: /home/student/Desktop/workspace/install/zed_interfaces/lib/libzed_interfaces__rosidl_typesupport_c.so
[3.348s] -- Up-to-date: /home/student/Desktop/workspace/install/zed_interfaces/lib/libzed_interfaces__rosidl_typesupport_introspection_cpp.so
[3.348s] -- Up-to-date: /home/student/Desktop/workspace/install/zed_interfaces/lib/libzed_interfaces__rosidl_typesupport_cpp.so
[3.387s] Listing '/home/student/Desktop/workspace/install/zed_interfaces/local/lib/python3.10/dist-packages/zed_interfaces'...
[3.387s] Compiling '/home/student/Desktop/workspace/install/zed_interfaces/local/lib/python3.10/dist-packages/zed_interfaces/__init__.py'...
[3.387s] Listing '/home/student/Desktop/workspace/install/zed_interfaces/local/lib/python3.10/dist-packages/zed_interfaces/msg'...
[3.387s] Listing '/home/student/Desktop/workspace/install/zed_interfaces/local/lib/python3.10/dist-packages/zed_interfaces/srv'...
[3.392s] -- Up-to-date: /home/student/Desktop/workspace/install/zed_interfaces/lib/libzed_interfaces__rosidl_generator_py.so
[3.392s] -- Up-to-date: /home/student/Desktop/workspace/install/zed_interfaces/share/zed_interfaces/cmake/export_zed_interfaces__rosidl_generator_cExport.cmake
[3.392s] -- Up-to-date: /home/student/Desktop/workspace/install/zed_interfaces/share/zed_interfaces/cmake/export_zed_interfaces__rosidl_generator_cExport-noconfig.cmake
[3.392s] -- Up-to-date: /home/student/Desktop/workspace/install/zed_interfaces/share/zed_interfaces/cmake/export_zed_interfaces__rosidl_typesupport_fastrtps_cExport.cmake
[3.392s] -- Up-to-date: /home/student/Desktop/workspace/install/zed_interfaces/share/zed_interfaces/cmake/export_zed_interfaces__rosidl_typesupport_fastrtps_cExport-noconfig.cmake
[3.393s] -- Up-to-date: /home/student/Desktop/workspace/install/zed_interfaces/share/zed_interfaces/cmake/export_zed_interfaces__rosidl_generator_cppExport.cmake
[3.393s] -- Up-to-date: /home/student/Desktop/workspace/install/zed_interfaces/share/zed_interfaces/cmake/export_zed_interfaces__rosidl_typesupport_fastrtps_cppExport.cmake
[3.393s] -- Up-to-date: /home/student/Desktop/workspace/install/zed_interfaces/share/zed_interfaces/cmake/export_zed_interfaces__rosidl_typesupport_fastrtps_cppExport-noconfig.cmake
[3.393s] -- Up-to-date: /home/student/Desktop/workspace/install/zed_interfaces/share/zed_interfaces/cmake/zed_interfaces__rosidl_typesupport_introspection_cExport.cmake
[3.393s] -- Up-to-date: /home/student/Desktop/workspace/install/zed_interfaces/share/zed_interfaces/cmake/zed_interfaces__rosidl_typesupport_introspection_cExport-noconfig.cmake
[3.393s] -- Up-to-date: /home/student/Desktop/workspace/install/zed_interfaces/share/zed_interfaces/cmake/zed_interfaces__rosidl_typesupport_cExport.cmake
[3.393s] -- Up-to-date: /home/student/Desktop/workspace/install/zed_interfaces/share/zed_interfaces/cmake/zed_interfaces__rosidl_typesupport_cExport-noconfig.cmake
[3.393s] -- Up-to-date: /home/student/Desktop/workspace/install/zed_interfaces/share/zed_interfaces/cmake/zed_interfaces__rosidl_typesupport_introspection_cppExport.cmake
[3.393s] -- Up-to-date: /home/student/Desktop/workspace/install/zed_interfaces/share/zed_interfaces/cmake/zed_interfaces__rosidl_typesupport_introspection_cppExport-noconfig.cmake
[3.394s] -- Up-to-date: /home/student/Desktop/workspace/install/zed_interfaces/share/zed_interfaces/cmake/zed_interfaces__rosidl_typesupport_cppExport.cmake
[3.394s] -- Up-to-date: /home/student/Desktop/workspace/install/zed_interfaces/share/zed_interfaces/cmake/zed_interfaces__rosidl_typesupport_cppExport-noconfig.cmake
[3.394s] -- Up-to-date: /home/student/Desktop/workspace/install/zed_interfaces/share/zed_interfaces/cmake/export_zed_interfaces__rosidl_generator_pyExport.cmake
[3.394s] -- Up-to-date: /home/student/Desktop/workspace/install/zed_interfaces/share/zed_interfaces/cmake/export_zed_interfaces__rosidl_generator_pyExport-noconfig.cmake
[3.399s] Invoked command in '/home/student/Desktop/workspace/build/zed_interfaces' returned '0': CMAKE_PREFIX_PATH=${CMAKE_PREFIX_PATH}:/home/student/Desktop/workspace/install/ouster_voxel_filter:/home/student/Desktop/workspace/install/yolo_tracking:/home/student/Desktop/workspace/install/sensor_presentation:/home/student/Desktop/workspace/install/position_estimation:/home/student/Desktop/workspace/install/navigation:/home/student/Desktop/workspace/install/main:/opt/ros/humble /home/student/.local/bin/cmake --install /home/student/Desktop/workspace/build/zed_interfaces
