[2.902s] Invoking command in '/home/student/Desktop/workspace/build/navigation': PYTHONPATH=/home/student/Desktop/workspace/build/navigation/prefix_override:/usr/lib/python3/dist-packages/colcon_core/task/python/colcon_distutils_commands:/home/student/Desktop/workspace/install/navigation/lib/python3.10/site-packages:${PYTHONPATH} /usr/bin/python3 -W ignore:setup.py install is deprecated setup.py develop --editable --build-directory /home/student/Desktop/workspace/build/navigation/build --no-deps symlink_data
[4.234s] running develop
[4.234s] /usr/lib/python3/dist-packages/setuptools/command/easy_install.py:158: EasyInstallDeprecationWarning: easy_install command is deprecated. Use build and pip and other standards-based tools.
[4.234s]   warnings.warn(
[4.840s] running egg_info
[4.840s] creating navigation.egg-info
[4.841s] writing navigation.egg-info/PKG-INFO
[4.842s] writing dependency_links to navigation.egg-info/dependency_links.txt
[4.843s] writing entry points to navigation.egg-info/entry_points.txt
[4.844s] writing requirements to navigation.egg-info/requires.txt
[4.845s] writing top-level names to navigation.egg-info/top_level.txt
[4.846s] writing manifest file 'navigation.egg-info/SOURCES.txt'
[4.850s] reading manifest file 'navigation.egg-info/SOURCES.txt'
[4.851s] writing manifest file 'navigation.egg-info/SOURCES.txt'
[4.945s] running build_ext
[4.945s] Creating /home/student/Desktop/workspace/install/navigation/lib/python3.10/site-packages/navigation.egg-link (link to .)
[4.947s] Installing nav2_node script to /home/student/Desktop/workspace/install/navigation/lib/navigation
[4.948s] 
[4.948s] Installed /home/student/Desktop/workspace/build/navigation
[4.948s] running symlink_data
[4.949s] creating /home/student/Desktop/workspace/install/navigation/share/ament_index
[4.949s] creating /home/student/Desktop/workspace/install/navigation/share/ament_index/resource_index
[4.949s] creating /home/student/Desktop/workspace/install/navigation/share/ament_index/resource_index/packages
[4.949s] symbolically linking /home/student/Desktop/workspace/build/navigation/resource/navigation -> /home/student/Desktop/workspace/install/navigation/share/ament_index/resource_index/packages
[4.949s] symbolically linking /home/student/Desktop/workspace/build/navigation/package.xml -> /home/student/Desktop/workspace/install/navigation/share/navigation
[4.949s] creating /home/student/Desktop/workspace/install/navigation/share/navigation/launch
[4.950s] symbolically linking /home/student/Desktop/workspace/build/navigation/launch/nav2_launch.py -> /home/student/Desktop/workspace/install/navigation/share/navigation/launch
[5.073s] Invoked command in '/home/student/Desktop/workspace/build/navigation' returned '0': PYTHONPATH=/home/student/Desktop/workspace/build/navigation/prefix_override:/usr/lib/python3/dist-packages/colcon_core/task/python/colcon_distutils_commands:/home/student/Desktop/workspace/install/navigation/lib/python3.10/site-packages:${PYTHONPATH} /usr/bin/python3 -W ignore:setup.py install is deprecated setup.py develop --editable --build-directory /home/student/Desktop/workspace/build/navigation/build --no-deps symlink_data
