running develop
Removing /home/student/Desktop/workspace/install/yolo_tracking/lib/python3.10/site-packages/yolo-tracking.egg-link (link to .)
running egg_info
writing ../../build/yolo_tracking/yolo_tracking.egg-info/PKG-INFO
writing dependency_links to ../../build/yolo_tracking/yolo_tracking.egg-info/dependency_links.txt
writing entry points to ../../build/yolo_tracking/yolo_tracking.egg-info/entry_points.txt
writing requirements to ../../build/yolo_tracking/yolo_tracking.egg-info/requires.txt
writing top-level names to ../../build/yolo_tracking/yolo_tracking.egg-info/top_level.txt
reading manifest file '../../build/yolo_tracking/yolo_tracking.egg-info/SOURCES.txt'
writing manifest file '../../build/yolo_tracking/yolo_tracking.egg-info/SOURCES.txt'
running build
running build_py
creating /home/student/Desktop/workspace/build/yolo_tracking/build
creating /home/student/Desktop/workspace/build/yolo_tracking/build/lib
creating /home/student/Desktop/workspace/build/yolo_tracking/build/lib/yolo_tracking
copying yolo_tracking/__init__.py -> /home/student/Desktop/workspace/build/yolo_tracking/build/lib/yolo_tracking
copying yolo_tracking/object_detection_node.py -> /home/student/Desktop/workspace/build/yolo_tracking/build/lib/yolo_tracking
running install
running install_lib
creating /home/student/Desktop/workspace/install/yolo_tracking/lib/python3.10/site-packages/yolo_tracking
copying /home/student/Desktop/workspace/build/yolo_tracking/build/lib/yolo_tracking/object_detection_node.py -> /home/student/Desktop/workspace/install/yolo_tracking/lib/python3.10/site-packages/yolo_tracking
copying /home/student/Desktop/workspace/build/yolo_tracking/build/lib/yolo_tracking/__init__.py -> /home/student/Desktop/workspace/install/yolo_tracking/lib/python3.10/site-packages/yolo_tracking
byte-compiling /home/student/Desktop/workspace/install/yolo_tracking/lib/python3.10/site-packages/yolo_tracking/object_detection_node.py to object_detection_node.cpython-310.pyc
byte-compiling /home/student/Desktop/workspace/install/yolo_tracking/lib/python3.10/site-packages/yolo_tracking/__init__.py to __init__.cpython-310.pyc
running install_data
copying resource/yolo_tracking -> /home/student/Desktop/workspace/install/yolo_tracking/share/ament_index/resource_index/packages
copying package.xml -> /home/student/Desktop/workspace/install/yolo_tracking/share/yolo_tracking
running install_egg_info
Copying ../../build/yolo_tracking/yolo_tracking.egg-info to /home/student/Desktop/workspace/install/yolo_tracking/lib/python3.10/site-packages/yolo_tracking-0.0.0-py3.10.egg-info
running install_scripts
Installing object_detection_node script to /home/student/Desktop/workspace/install/yolo_tracking/lib/yolo_tracking
writing list of installed files to '/home/student/Desktop/workspace/build/yolo_tracking/install.log'
