running develop
/usr/lib/python3/dist-packages/setuptools/command/easy_install.py:158: EasyInstallDeprecationWarning: easy_install command is deprecated. Use build and pip and other standards-based tools.
  warnings.warn(
Removing /home/student/Desktop/workspace/install/navigation/lib/python3.10/site-packages/navigation.egg-link (link to .)
running egg_info
writing ../../build/navigation/navigation.egg-info/PKG-INFO
writing dependency_links to ../../build/navigation/navigation.egg-info/dependency_links.txt
writing entry points to ../../build/navigation/navigation.egg-info/entry_points.txt
writing requirements to ../../build/navigation/navigation.egg-info/requires.txt
writing top-level names to ../../build/navigation/navigation.egg-info/top_level.txt
reading manifest file '../../build/navigation/navigation.egg-info/SOURCES.txt'
writing manifest file '../../build/navigation/navigation.egg-info/SOURCES.txt'
running build
running build_py
running install
running install_lib
creating /home/student/Desktop/workspace/install/navigation/lib/python3.10/site-packages/navigation
copying /home/student/Desktop/workspace/build/navigation/build/lib/navigation/__init__.py -> /home/student/Desktop/workspace/install/navigation/lib/python3.10/site-packages/navigation
byte-compiling /home/student/Desktop/workspace/install/navigation/lib/python3.10/site-packages/navigation/__init__.py to __init__.cpython-310.pyc
running install_data
copying resource/navigation -> /home/student/Desktop/workspace/install/navigation/share/ament_index/resource_index/packages
copying package.xml -> /home/student/Desktop/workspace/install/navigation/share/navigation
copying launch/nav2_launch.py -> /home/student/Desktop/workspace/install/navigation/share/navigation/launch
running install_egg_info
Copying ../../build/navigation/navigation.egg-info to /home/student/Desktop/workspace/install/navigation/lib/python3.10/site-packages/navigation-0.0.0-py3.10.egg-info
running install_scripts
Installing nav2_node script to /home/student/Desktop/workspace/install/navigation/lib/navigation
Installing odom_publisher_node script to /home/student/Desktop/workspace/install/navigation/lib/navigation
writing list of installed files to '/home/student/Desktop/workspace/build/navigation/install.log'
