[3.664s] Invoking command in '/home/student/Desktop/workspace/build/main': PYTHONPATH=/home/student/Desktop/workspace/build/main/prefix_override:/usr/lib/python3/dist-packages/colcon_core/task/python/colcon_distutils_commands:/home/student/Desktop/workspace/install/main/lib/python3.10/site-packages:${PYTHONPATH} /usr/bin/python3 -W ignore:setup.py install is deprecated setup.py develop --uninstall --editable --build-directory /home/student/Desktop/workspace/build/main/build
[4.767s] running develop
[4.770s] /usr/lib/python3/dist-packages/setuptools/command/easy_install.py:158: EasyInstallDeprecationWarning: easy_install command is deprecated. Use build and pip and other standards-based tools.
[4.770s]   warnings.warn(
[5.376s] Removing /home/student/Desktop/workspace/install/main/lib/python3.10/site-packages/main.egg-link (link to .)
[5.468s] Invoked command in '/home/student/Desktop/workspace/build/main' returned '0': PYTHONPATH=/home/student/Desktop/workspace/build/main/prefix_override:/usr/lib/python3/dist-packages/colcon_core/task/python/colcon_distutils_commands:/home/student/Desktop/workspace/install/main/lib/python3.10/site-packages:${PYTHONPATH} /usr/bin/python3 -W ignore:setup.py install is deprecated setup.py develop --uninstall --editable --build-directory /home/student/Desktop/workspace/build/main/build
[5.469s] Invoking command in '/home/student/Desktop/workspace/src/main': PYTHONPATH=/home/student/Desktop/workspace/build/main/prefix_override:/usr/lib/python3/dist-packages/colcon_core/task/python/colcon_distutils_commands:/home/student/Desktop/workspace/install/main/lib/python3.10/site-packages:${PYTHONPATH} /usr/bin/python3 -W ignore:setup.py install is deprecated setup.py egg_info --egg-base ../../build/main build --build-base /home/student/Desktop/workspace/build/main/build install --record /home/student/Desktop/workspace/build/main/install.log --single-version-externally-managed install_data --force
[6.261s] running egg_info
[6.263s] writing ../../build/main/main.egg-info/PKG-INFO
[6.264s] writing dependency_links to ../../build/main/main.egg-info/dependency_links.txt
[6.264s] writing entry points to ../../build/main/main.egg-info/entry_points.txt
[6.264s] writing requirements to ../../build/main/main.egg-info/requires.txt
[6.264s] writing top-level names to ../../build/main/main.egg-info/top_level.txt
[6.267s] reading manifest file '../../build/main/main.egg-info/SOURCES.txt'
[6.268s] writing manifest file '../../build/main/main.egg-info/SOURCES.txt'
[6.269s] running build
[6.269s] running build_py
[6.269s] creating /home/student/Desktop/workspace/build/main/build
[6.269s] creating /home/student/Desktop/workspace/build/main/build/lib
[6.269s] creating /home/student/Desktop/workspace/build/main/build/lib/main
[6.269s] copying main/__init__.py -> /home/student/Desktop/workspace/build/main/build/lib/main
[6.270s] running install
[6.271s] running install_lib
[6.273s] creating /home/student/Desktop/workspace/install/main/lib/python3.10/site-packages/main
[6.273s] copying /home/student/Desktop/workspace/build/main/build/lib/main/__init__.py -> /home/student/Desktop/workspace/install/main/lib/python3.10/site-packages/main
[6.274s] byte-compiling /home/student/Desktop/workspace/install/main/lib/python3.10/site-packages/main/__init__.py to __init__.cpython-310.pyc
[6.275s] running install_data
[6.275s] copying resource/main -> /home/student/Desktop/workspace/install/main/share/ament_index/resource_index/packages
[6.275s] copying package.xml -> /home/student/Desktop/workspace/install/main/share/main
[6.275s] copying launch/main_launch.py -> /home/student/Desktop/workspace/install/main/share/main/launch
[6.275s] running install_egg_info
[6.278s] Copying ../../build/main/main.egg-info to /home/student/Desktop/workspace/install/main/lib/python3.10/site-packages/main-0.0.0-py3.10.egg-info
[6.292s] running install_scripts
[6.335s] writing list of installed files to '/home/student/Desktop/workspace/build/main/install.log'
[6.396s] Invoked command in '/home/student/Desktop/workspace/src/main' returned '0': PYTHONPATH=/home/student/Desktop/workspace/build/main/prefix_override:/usr/lib/python3/dist-packages/colcon_core/task/python/colcon_distutils_commands:/home/student/Desktop/workspace/install/main/lib/python3.10/site-packages:${PYTHONPATH} /usr/bin/python3 -W ignore:setup.py install is deprecated setup.py egg_info --egg-base ../../build/main build --build-base /home/student/Desktop/workspace/build/main/build install --record /home/student/Desktop/workspace/build/main/install.log --single-version-externally-managed install_data --force
