[0.071s] Invoking command in '/home/student/Desktop/workspace/build/ouster_sensor_msgs': CMAKE_PREFIX_PATH=${CMAKE_PREFIX_PATH}:/home/student/Desktop/workspace/install/yolo_tracking:/home/student/Desktop/workspace/install/sensor_presentation:/home/student/Desktop/workspace/install/position_estimation:/home/student/Desktop/workspace/install/ouster_voxel_filter:/home/student/Desktop/workspace/install/navigation:/home/student/Desktop/workspace/install/main:/opt/ros/humble /home/student/.local/bin/cmake --build /home/student/Desktop/workspace/build/ouster_sensor_msgs -- -j16 -l16
[1.984s] -- The C compiler identification is GNU 11.4.0
[1.984s] -- The CXX compiler identification is GNU 11.4.0
[1.984s] -- Detecting C compiler ABI info
[1.984s] -- Detecting C compiler ABI info - done
[1.984s] -- Check for working C compiler: /usr/bin/cc - skipped
[1.984s] -- Detecting C compile features
[1.984s] -- Detecting C compile features - done
[1.984s] -- Detecting CXX compiler ABI info
[1.984s] -- Detecting CXX compiler ABI info - done
[1.984s] -- Check for working CXX compiler: /usr/bin/c++ - skipped
[1.984s] -- Detecting CXX compile features
[1.985s] -- Detecting CXX compile features - done
[1.985s] -- Found ament_cmake: 1.3.10 (/opt/ros/humble/share/ament_cmake/cmake)
[1.985s] -- Override CMake install command with custom implementation using symlinks instead of copying resources
[1.985s] -- Found std_msgs: 4.2.4 (/opt/ros/humble/share/std_msgs/cmake)
[1.985s] -- Found rosidl_generator_c: 3.1.5 (/opt/ros/humble/share/rosidl_generator_c/cmake)
[1.985s] -- Found rosidl_adapter: 3.1.5 (/opt/ros/humble/share/rosidl_adapter/cmake)
[1.985s] -- Found rosidl_generator_cpp: 3.1.5 (/opt/ros/humble/share/rosidl_generator_cpp/cmake)
[1.985s] -- Using all available rosidl_typesupport_c: rosidl_typesupport_fastrtps_c;rosidl_typesupport_introspection_c
[1.985s] -- Using all available rosidl_typesupport_cpp: rosidl_typesupport_fastrtps_cpp;rosidl_typesupport_introspection_cpp
[1.985s] -- Found rosidl_default_generators: 1.2.0 (/opt/ros/humble/share/rosidl_default_generators/cmake)
[1.985s] -- Found ament_cmake_ros: 0.10.0 (/opt/ros/humble/share/ament_cmake_ros/cmake)
[1.985s] -- Using all available rosidl_typesupport_c: rosidl_typesupport_fastrtps_c;rosidl_typesupport_introspection_c
[1.985s] -- Using all available rosidl_typesupport_cpp: rosidl_typesupport_fastrtps_cpp;rosidl_typesupport_introspection_cpp
[1.986s] -- Found python_cmake_module: 0.10.0 (/opt/ros/humble/share/python_cmake_module/cmake)
[1.986s] -- Using PYTHON_EXECUTABLE: /usr/bin/python3
[1.986s] -- Using PYTHON_INCLUDE_DIRS: /usr/include/python3.10
[1.986s] -- Using PYTHON_LIBRARIES: /usr/lib/x86_64-linux-gnu/libpython3.10.so
[1.986s] -- Configuring done (1.2s)
[1.986s] -- Generating done (0.0s)
[1.986s] -- Build files have been written to: /home/student/Desktop/workspace/build/ouster_sensor_msgs
[1.986s] [  1%] Built target ouster_sensor_msgs__cpp
[1.986s] [  3%] [32mBuilding C object CMakeFiles/ouster_sensor_msgs__rosidl_generator_c.dir/rosidl_generator_c/ouster_sensor_msgs/msg/detail/packet_msg__functions.c.o[0m
[1.986s] [  3%] Built target ament_cmake_python_symlink_ouster_sensor_msgs
[1.986s] [  5%] [32mBuilding C object CMakeFiles/ouster_sensor_msgs__rosidl_generator_c.dir/rosidl_generator_c/ouster_sensor_msgs/srv/detail/get_config__functions.c.o[0m
[1.987s] [  7%] [32mBuilding C object CMakeFiles/ouster_sensor_msgs__rosidl_generator_c.dir/rosidl_generator_c/ouster_sensor_msgs/srv/detail/set_config__functions.c.o[0m
[1.987s] [  9%] [32mBuilding C object CMakeFiles/ouster_sensor_msgs__rosidl_generator_c.dir/rosidl_generator_c/ouster_sensor_msgs/srv/detail/get_metadata__functions.c.o[0m
[1.987s] [ 12%] [32mBuilding CXX object CMakeFiles/ouster_sensor_msgs__rosidl_typesupport_cpp.dir/rosidl_typesupport_cpp/ouster_sensor_msgs/msg/packet_msg__type_support.cpp.o[0m
[1.987s] [ 12%] [32mBuilding CXX object CMakeFiles/ouster_sensor_msgs__rosidl_typesupport_cpp.dir/rosidl_typesupport_cpp/ouster_sensor_msgs/srv/get_config__type_support.cpp.o[0m
[1.987s] [ 14%] [32mBuilding CXX object CMakeFiles/ouster_sensor_msgs__rosidl_typesupport_cpp.dir/rosidl_typesupport_cpp/ouster_sensor_msgs/srv/set_config__type_support.cpp.o[0m
[1.987s] [ 16%] [32mBuilding CXX object CMakeFiles/ouster_sensor_msgs__rosidl_typesupport_fastrtps_cpp.dir/rosidl_typesupport_fastrtps_cpp/ouster_sensor_msgs/srv/detail/dds_fastrtps/get_config__type_support.cpp.o[0m
[1.987s] [ 18%] [32mBuilding CXX object CMakeFiles/ouster_sensor_msgs__rosidl_typesupport_cpp.dir/rosidl_typesupport_cpp/ouster_sensor_msgs/srv/get_metadata__type_support.cpp.o[0m
[1.987s] [ 20%] [32mBuilding CXX object CMakeFiles/ouster_sensor_msgs__rosidl_typesupport_fastrtps_cpp.dir/rosidl_typesupport_fastrtps_cpp/ouster_sensor_msgs/msg/detail/dds_fastrtps/packet_msg__type_support.cpp.o[0m
[1.987s] [ 21%] [32mBuilding CXX object CMakeFiles/ouster_sensor_msgs__rosidl_typesupport_introspection_cpp.dir/rosidl_typesupport_introspection_cpp/ouster_sensor_msgs/srv/detail/get_metadata__type_support.cpp.o[0m
[1.988s] [ 23%] [32mBuilding CXX object CMakeFiles/ouster_sensor_msgs__rosidl_typesupport_introspection_cpp.dir/rosidl_typesupport_introspection_cpp/ouster_sensor_msgs/srv/detail/set_config__type_support.cpp.o[0m
[1.988s] [ 25%] [32mBuilding CXX object CMakeFiles/ouster_sensor_msgs__rosidl_typesupport_fastrtps_cpp.dir/rosidl_typesupport_fastrtps_cpp/ouster_sensor_msgs/srv/detail/dds_fastrtps/set_config__type_support.cpp.o[0m
[1.988s] [ 27%] [32mBuilding CXX object CMakeFiles/ouster_sensor_msgs__rosidl_typesupport_introspection_cpp.dir/rosidl_typesupport_introspection_cpp/ouster_sensor_msgs/srv/detail/get_config__type_support.cpp.o[0m
[1.988s] [ 29%] [32mBuilding CXX object CMakeFiles/ouster_sensor_msgs__rosidl_typesupport_introspection_cpp.dir/rosidl_typesupport_introspection_cpp/ouster_sensor_msgs/msg/detail/packet_msg__type_support.cpp.o[0m
[1.988s] [ 30%] [32m[1mLinking C shared library libouster_sensor_msgs__rosidl_generator_c.so[0m
[1.988s] [ 32%] [32mBuilding CXX object CMakeFiles/ouster_sensor_msgs__rosidl_typesupport_fastrtps_cpp.dir/rosidl_typesupport_fastrtps_cpp/ouster_sensor_msgs/srv/detail/dds_fastrtps/get_metadata__type_support.cpp.o[0m
[1.988s] [ 34%] Built target ouster_sensor_msgs__rosidl_generator_c
[1.988s] [ 36%] [32mBuilding CXX object CMakeFiles/ouster_sensor_msgs__rosidl_typesupport_fastrtps_c.dir/rosidl_typesupport_fastrtps_c/ouster_sensor_msgs/msg/detail/packet_msg__type_support_c.cpp.o[0m
[1.988s] [ 38%] [32mBuilding C object CMakeFiles/ouster_sensor_msgs__rosidl_typesupport_introspection_c.dir/rosidl_typesupport_introspection_c/ouster_sensor_msgs/msg/detail/packet_msg__type_support.c.o[0m
[1.988s] [ 40%] [32mBuilding CXX object CMakeFiles/ouster_sensor_msgs__rosidl_typesupport_c.dir/rosidl_typesupport_c/ouster_sensor_msgs/msg/packet_msg__type_support.cpp.o[0m
[1.988s] [ 41%] [32mBuilding C object CMakeFiles/ouster_sensor_msgs__rosidl_typesupport_introspection_c.dir/rosidl_typesupport_introspection_c/ouster_sensor_msgs/srv/detail/get_config__type_support.c.o[0m
[1.988s] [ 43%] [32mBuilding CXX object CMakeFiles/ouster_sensor_msgs__rosidl_typesupport_c.dir/rosidl_typesupport_c/ouster_sensor_msgs/srv/get_config__type_support.cpp.o[0m
[1.989s] [ 45%] [32mBuilding CXX object CMakeFiles/ouster_sensor_msgs__rosidl_typesupport_c.dir/rosidl_typesupport_c/ouster_sensor_msgs/srv/set_config__type_support.cpp.o[0m
[1.989s] [ 47%] [32mBuilding CXX object CMakeFiles/ouster_sensor_msgs__rosidl_typesupport_fastrtps_c.dir/rosidl_typesupport_fastrtps_c/ouster_sensor_msgs/srv/detail/set_config__type_support_c.cpp.o[0m
[1.989s] [ 49%] [32mBuilding CXX object CMakeFiles/ouster_sensor_msgs__rosidl_typesupport_fastrtps_c.dir/rosidl_typesupport_fastrtps_c/ouster_sensor_msgs/srv/detail/get_config__type_support_c.cpp.o[0m
[1.989s] [ 50%] [32mBuilding C object CMakeFiles/ouster_sensor_msgs__rosidl_typesupport_introspection_c.dir/rosidl_typesupport_introspection_c/ouster_sensor_msgs/srv/detail/set_config__type_support.c.o[0m
[1.989s] [ 52%] [32mBuilding CXX object CMakeFiles/ouster_sensor_msgs__rosidl_typesupport_c.dir/rosidl_typesupport_c/ouster_sensor_msgs/srv/get_metadata__type_support.cpp.o[0m
[1.989s] running egg_info
[1.990s] writing ouster_sensor_msgs.egg-info/PKG-INFO
[1.990s] writing dependency_links to ouster_sensor_msgs.egg-info/dependency_links.txt
[1.990s] writing top-level names to ouster_sensor_msgs.egg-info/top_level.txt
[1.990s] reading manifest file 'ouster_sensor_msgs.egg-info/SOURCES.txt'
[1.990s] writing manifest file 'ouster_sensor_msgs.egg-info/SOURCES.txt'
[1.995s] [ 54%] [32m[1mLinking CXX shared library libouster_sensor_msgs__rosidl_typesupport_c.so[0m
[1.996s] [ 56%] [32mBuilding CXX object CMakeFiles/ouster_sensor_msgs__rosidl_typesupport_fastrtps_c.dir/rosidl_typesupport_fastrtps_c/ouster_sensor_msgs/srv/detail/get_metadata__type_support_c.cpp.o[0m
[1.996s] [ 58%] [32mBuilding C object CMakeFiles/ouster_sensor_msgs__rosidl_typesupport_introspection_c.dir/rosidl_typesupport_introspection_c/ouster_sensor_msgs/srv/detail/get_metadata__type_support.c.o[0m
[1.996s] [ 60%] [32m[1mLinking CXX shared library libouster_sensor_msgs__rosidl_typesupport_cpp.so[0m
[1.996s] [ 60%] Built target ament_cmake_python_build_ouster_sensor_msgs_egg
[1.996s] [ 61%] Built target ouster_sensor_msgs__rosidl_typesupport_c
[1.996s] [ 63%] [32m[1mLinking C shared library libouster_sensor_msgs__rosidl_typesupport_introspection_c.so[0m
[2.006s] [ 65%] Built target ouster_sensor_msgs__rosidl_typesupport_cpp
[2.029s] [ 67%] Built target ouster_sensor_msgs__rosidl_typesupport_introspection_c
[2.087s] [ 69%] [32m[1mLinking CXX shared library libouster_sensor_msgs__rosidl_typesupport_introspection_cpp.so[0m
[2.205s] [ 70%] Built target ouster_sensor_msgs__rosidl_typesupport_introspection_cpp
[2.218s] [ 72%] [32m[1mLinking CXX shared library libouster_sensor_msgs__rosidl_typesupport_fastrtps_cpp.so[0m
[2.511s] [ 74%] Built target ouster_sensor_msgs__rosidl_typesupport_fastrtps_cpp
[2.562s] [ 76%] [32m[1mLinking CXX shared library libouster_sensor_msgs__rosidl_typesupport_fastrtps_c.so[0m
[2.876s] [ 78%] Built target ouster_sensor_msgs__rosidl_typesupport_fastrtps_c
[3.000s] [ 78%] Built target ouster_sensor_msgs
[3.139s] [ 80%] Built target ouster_sensor_msgs__py
[3.268s] [ 81%] [32mBuilding C object CMakeFiles/ouster_sensor_msgs__rosidl_generator_py.dir/rosidl_generator_py/ouster_sensor_msgs/msg/_packet_msg_s.c.o[0m
[3.315s] [ 83%] [32mBuilding C object CMakeFiles/ouster_sensor_msgs__rosidl_generator_py.dir/rosidl_generator_py/ouster_sensor_msgs/srv/_get_config_s.c.o[0m
[3.338s] [ 85%] [32mBuilding C object CMakeFiles/ouster_sensor_msgs__rosidl_generator_py.dir/rosidl_generator_py/ouster_sensor_msgs/srv/_set_config_s.c.o[0m
[3.351s] [ 87%] [32mBuilding C object CMakeFiles/ouster_sensor_msgs__rosidl_generator_py.dir/rosidl_generator_py/ouster_sensor_msgs/srv/_get_metadata_s.c.o[0m
[3.802s] [ 89%] [32m[1mLinking C shared library rosidl_generator_py/ouster_sensor_msgs/libouster_sensor_msgs__rosidl_generator_py.so[0m
[3.975s] [ 89%] Built target ouster_sensor_msgs__rosidl_generator_py
[4.101s] [ 90%] [32mBuilding C object CMakeFiles/ouster_sensor_msgs__rosidl_typesupport_fastrtps_c__pyext.dir/rosidl_generator_py/ouster_sensor_msgs/_ouster_sensor_msgs_s.ep.rosidl_typesupport_fastrtps_c.c.o[0m
[4.129s] [ 92%] [32mBuilding C object CMakeFiles/ouster_sensor_msgs__rosidl_typesupport_c__pyext.dir/rosidl_generator_py/ouster_sensor_msgs/_ouster_sensor_msgs_s.ep.rosidl_typesupport_c.c.o[0m
[4.147s] [ 94%] [32mBuilding C object CMakeFiles/ouster_sensor_msgs__rosidl_typesupport_introspection_c__pyext.dir/rosidl_generator_py/ouster_sensor_msgs/_ouster_sensor_msgs_s.ep.rosidl_typesupport_introspection_c.c.o[0m
[4.355s] [ 96%] [32m[1mLinking C shared library rosidl_generator_py/ouster_sensor_msgs/ouster_sensor_msgs_s__rosidl_typesupport_fastrtps_c.cpython-310-x86_64-linux-gnu.so[0m
[4.423s] [ 98%] [32m[1mLinking C shared library rosidl_generator_py/ouster_sensor_msgs/ouster_sensor_msgs_s__rosidl_typesupport_introspection_c.cpython-310-x86_64-linux-gnu.so[0m
[4.455s] [100%] [32m[1mLinking C shared library rosidl_generator_py/ouster_sensor_msgs/ouster_sensor_msgs_s__rosidl_typesupport_c.cpython-310-x86_64-linux-gnu.so[0m
[4.530s] [100%] Built target ouster_sensor_msgs__rosidl_typesupport_c__pyext
[4.554s] [100%] Built target ouster_sensor_msgs__rosidl_typesupport_fastrtps_c__pyext
[4.575s] [100%] Built target ouster_sensor_msgs__rosidl_typesupport_introspection_c__pyext
[4.616s] Invoked command in '/home/student/Desktop/workspace/build/ouster_sensor_msgs' returned '0': CMAKE_PREFIX_PATH=${CMAKE_PREFIX_PATH}:/home/student/Desktop/workspace/install/yolo_tracking:/home/student/Desktop/workspace/install/sensor_presentation:/home/student/Desktop/workspace/install/position_estimation:/home/student/Desktop/workspace/install/ouster_voxel_filter:/home/student/Desktop/workspace/install/navigation:/home/student/Desktop/workspace/install/main:/opt/ros/humble /home/student/.local/bin/cmake --build /home/student/Desktop/workspace/build/ouster_sensor_msgs -- -j16 -l16
[6.548s] Invoking command in '/home/student/Desktop/workspace/build/ouster_sensor_msgs': CMAKE_PREFIX_PATH=${CMAKE_PREFIX_PATH}:/home/student/Desktop/workspace/install/yolo_tracking:/home/student/Desktop/workspace/install/sensor_presentation:/home/student/Desktop/workspace/install/position_estimation:/home/student/Desktop/workspace/install/ouster_voxel_filter:/home/student/Desktop/workspace/install/navigation:/home/student/Desktop/workspace/install/main:/opt/ros/humble /home/student/.local/bin/cmake --install /home/student/Desktop/workspace/build/ouster_sensor_msgs
[6.612s] -- Install configuration: ""
[6.618s] -- Execute custom install script
[6.618s] -- Up-to-date symlink: /home/student/Desktop/workspace/install/ouster_sensor_msgs/share/ament_index/resource_index/rosidl_interfaces/ouster_sensor_msgs
[6.619s] -- Up-to-date symlink: /home/student/Desktop/workspace/install/ouster_sensor_msgs/include/ouster_sensor_msgs/ouster_sensor_msgs/msg/detail/packet_msg__functions.h
[6.620s] -- Up-to-date symlink: /home/student/Desktop/workspace/install/ouster_sensor_msgs/include/ouster_sensor_msgs/ouster_sensor_msgs/msg/detail/packet_msg__struct.h
[6.620s] -- Up-to-date symlink: /home/student/Desktop/workspace/install/ouster_sensor_msgs/include/ouster_sensor_msgs/ouster_sensor_msgs/msg/detail/packet_msg__type_support.h
[6.620s] -- Up-to-date symlink: /home/student/Desktop/workspace/install/ouster_sensor_msgs/include/ouster_sensor_msgs/ouster_sensor_msgs/msg/packet_msg.h
[6.621s] -- Up-to-date symlink: /home/student/Desktop/workspace/install/ouster_sensor_msgs/include/ouster_sensor_msgs/ouster_sensor_msgs/msg/rosidl_generator_c__visibility_control.h
[6.621s] -- Up-to-date symlink: /home/student/Desktop/workspace/install/ouster_sensor_msgs/include/ouster_sensor_msgs/ouster_sensor_msgs/srv/detail/get_config__functions.h
[6.622s] -- Up-to-date symlink: /home/student/Desktop/workspace/install/ouster_sensor_msgs/include/ouster_sensor_msgs/ouster_sensor_msgs/srv/detail/get_config__struct.h
[6.622s] -- Up-to-date symlink: /home/student/Desktop/workspace/install/ouster_sensor_msgs/include/ouster_sensor_msgs/ouster_sensor_msgs/srv/detail/get_config__type_support.h
[6.622s] -- Up-to-date symlink: /home/student/Desktop/workspace/install/ouster_sensor_msgs/include/ouster_sensor_msgs/ouster_sensor_msgs/srv/detail/get_metadata__functions.h
[6.623s] -- Up-to-date symlink: /home/student/Desktop/workspace/install/ouster_sensor_msgs/include/ouster_sensor_msgs/ouster_sensor_msgs/srv/detail/get_metadata__struct.h
[6.624s] -- Up-to-date symlink: /home/student/Desktop/workspace/install/ouster_sensor_msgs/include/ouster_sensor_msgs/ouster_sensor_msgs/srv/detail/get_metadata__type_support.h
[6.625s] -- Up-to-date symlink: /home/student/Desktop/workspace/install/ouster_sensor_msgs/include/ouster_sensor_msgs/ouster_sensor_msgs/srv/detail/set_config__functions.h
[6.626s] -- Up-to-date symlink: /home/student/Desktop/workspace/install/ouster_sensor_msgs/include/ouster_sensor_msgs/ouster_sensor_msgs/srv/detail/set_config__struct.h
[6.626s] -- Up-to-date symlink: /home/student/Desktop/workspace/install/ouster_sensor_msgs/include/ouster_sensor_msgs/ouster_sensor_msgs/srv/detail/set_config__type_support.h
[6.626s] -- Up-to-date symlink: /home/student/Desktop/workspace/install/ouster_sensor_msgs/include/ouster_sensor_msgs/ouster_sensor_msgs/srv/get_config.h
[6.627s] -- Up-to-date symlink: /home/student/Desktop/workspace/install/ouster_sensor_msgs/include/ouster_sensor_msgs/ouster_sensor_msgs/srv/get_metadata.h
[6.627s] -- Up-to-date symlink: /home/student/Desktop/workspace/install/ouster_sensor_msgs/include/ouster_sensor_msgs/ouster_sensor_msgs/srv/set_config.h
[6.628s] -- Up-to-date symlink: /home/student/Desktop/workspace/install/ouster_sensor_msgs/share/ouster_sensor_msgs/environment/library_path.sh
[6.628s] -- Up-to-date symlink: /home/student/Desktop/workspace/install/ouster_sensor_msgs/share/ouster_sensor_msgs/environment/library_path.dsv
[6.628s] -- Up-to-date symlink: /home/student/Desktop/workspace/install/ouster_sensor_msgs/include/ouster_sensor_msgs/ouster_sensor_msgs/msg/detail/packet_msg__rosidl_typesupport_fastrtps_c.h
[6.628s] -- Up-to-date symlink: /home/student/Desktop/workspace/install/ouster_sensor_msgs/include/ouster_sensor_msgs/ouster_sensor_msgs/msg/rosidl_typesupport_fastrtps_c__visibility_control.h
[6.631s] -- Up-to-date symlink: /home/student/Desktop/workspace/install/ouster_sensor_msgs/include/ouster_sensor_msgs/ouster_sensor_msgs/srv/detail/get_config__rosidl_typesupport_fastrtps_c.h
[6.631s] -- Up-to-date symlink: /home/student/Desktop/workspace/install/ouster_sensor_msgs/include/ouster_sensor_msgs/ouster_sensor_msgs/srv/detail/get_metadata__rosidl_typesupport_fastrtps_c.h
[6.631s] -- Up-to-date symlink: /home/student/Desktop/workspace/install/ouster_sensor_msgs/include/ouster_sensor_msgs/ouster_sensor_msgs/srv/detail/set_config__rosidl_typesupport_fastrtps_c.h
[6.631s] -- Up-to-date symlink: /home/student/Desktop/workspace/install/ouster_sensor_msgs/include/ouster_sensor_msgs/ouster_sensor_msgs/msg/detail/packet_msg__builder.hpp
[6.637s] -- Up-to-date symlink: /home/student/Desktop/workspace/install/ouster_sensor_msgs/include/ouster_sensor_msgs/ouster_sensor_msgs/msg/detail/packet_msg__struct.hpp
[6.637s] -- Up-to-date symlink: /home/student/Desktop/workspace/install/ouster_sensor_msgs/include/ouster_sensor_msgs/ouster_sensor_msgs/msg/detail/packet_msg__traits.hpp
[6.637s] -- Up-to-date symlink: /home/student/Desktop/workspace/install/ouster_sensor_msgs/include/ouster_sensor_msgs/ouster_sensor_msgs/msg/packet_msg.hpp
[6.638s] -- Up-to-date symlink: /home/student/Desktop/workspace/install/ouster_sensor_msgs/include/ouster_sensor_msgs/ouster_sensor_msgs/srv/detail/get_config__builder.hpp
[6.638s] -- Up-to-date symlink: /home/student/Desktop/workspace/install/ouster_sensor_msgs/include/ouster_sensor_msgs/ouster_sensor_msgs/srv/detail/get_config__struct.hpp
[6.638s] -- Up-to-date symlink: /home/student/Desktop/workspace/install/ouster_sensor_msgs/include/ouster_sensor_msgs/ouster_sensor_msgs/srv/detail/get_config__traits.hpp
[6.638s] -- Up-to-date symlink: /home/student/Desktop/workspace/install/ouster_sensor_msgs/include/ouster_sensor_msgs/ouster_sensor_msgs/srv/detail/get_metadata__builder.hpp
[6.638s] -- Up-to-date symlink: /home/student/Desktop/workspace/install/ouster_sensor_msgs/include/ouster_sensor_msgs/ouster_sensor_msgs/srv/detail/get_metadata__struct.hpp
[6.638s] -- Up-to-date symlink: /home/student/Desktop/workspace/install/ouster_sensor_msgs/include/ouster_sensor_msgs/ouster_sensor_msgs/srv/detail/get_metadata__traits.hpp
[6.639s] -- Up-to-date symlink: /home/student/Desktop/workspace/install/ouster_sensor_msgs/include/ouster_sensor_msgs/ouster_sensor_msgs/srv/detail/set_config__builder.hpp
[6.639s] -- Up-to-date symlink: /home/student/Desktop/workspace/install/ouster_sensor_msgs/include/ouster_sensor_msgs/ouster_sensor_msgs/srv/detail/set_config__struct.hpp
[6.639s] -- Up-to-date symlink: /home/student/Desktop/workspace/install/ouster_sensor_msgs/include/ouster_sensor_msgs/ouster_sensor_msgs/srv/detail/set_config__traits.hpp
[6.639s] -- Up-to-date symlink: /home/student/Desktop/workspace/install/ouster_sensor_msgs/include/ouster_sensor_msgs/ouster_sensor_msgs/srv/get_config.hpp
[6.639s] -- Up-to-date symlink: /home/student/Desktop/workspace/install/ouster_sensor_msgs/include/ouster_sensor_msgs/ouster_sensor_msgs/srv/get_metadata.hpp
[6.639s] -- Up-to-date symlink: /home/student/Desktop/workspace/install/ouster_sensor_msgs/include/ouster_sensor_msgs/ouster_sensor_msgs/srv/set_config.hpp
[6.647s] -- Up-to-date symlink: /home/student/Desktop/workspace/install/ouster_sensor_msgs/include/ouster_sensor_msgs/ouster_sensor_msgs/msg/detail/packet_msg__rosidl_typesupport_fastrtps_cpp.hpp
[6.647s] -- Up-to-date symlink: /home/student/Desktop/workspace/install/ouster_sensor_msgs/include/ouster_sensor_msgs/ouster_sensor_msgs/msg/rosidl_typesupport_fastrtps_cpp__visibility_control.h
[6.647s] -- Up-to-date symlink: /home/student/Desktop/workspace/install/ouster_sensor_msgs/include/ouster_sensor_msgs/ouster_sensor_msgs/srv/detail/get_config__rosidl_typesupport_fastrtps_cpp.hpp
[6.649s] -- Up-to-date symlink: /home/student/Desktop/workspace/install/ouster_sensor_msgs/include/ouster_sensor_msgs/ouster_sensor_msgs/srv/detail/get_metadata__rosidl_typesupport_fastrtps_cpp.hpp
[6.649s] -- Up-to-date symlink: /home/student/Desktop/workspace/install/ouster_sensor_msgs/include/ouster_sensor_msgs/ouster_sensor_msgs/srv/detail/set_config__rosidl_typesupport_fastrtps_cpp.hpp
[6.650s] -- Up-to-date symlink: /home/student/Desktop/workspace/install/ouster_sensor_msgs/include/ouster_sensor_msgs/ouster_sensor_msgs/msg/detail/packet_msg__rosidl_typesupport_introspection_c.h
[6.650s] -- Up-to-date symlink: /home/student/Desktop/workspace/install/ouster_sensor_msgs/include/ouster_sensor_msgs/ouster_sensor_msgs/msg/rosidl_typesupport_introspection_c__visibility_control.h
[6.651s] -- Up-to-date symlink: /home/student/Desktop/workspace/install/ouster_sensor_msgs/include/ouster_sensor_msgs/ouster_sensor_msgs/srv/detail/get_config__rosidl_typesupport_introspection_c.h
[6.653s] -- Up-to-date symlink: /home/student/Desktop/workspace/install/ouster_sensor_msgs/include/ouster_sensor_msgs/ouster_sensor_msgs/srv/detail/get_metadata__rosidl_typesupport_introspection_c.h
[6.653s] -- Up-to-date symlink: /home/student/Desktop/workspace/install/ouster_sensor_msgs/include/ouster_sensor_msgs/ouster_sensor_msgs/srv/detail/set_config__rosidl_typesupport_introspection_c.h
[6.653s] -- Up-to-date symlink: /home/student/Desktop/workspace/install/ouster_sensor_msgs/include/ouster_sensor_msgs/ouster_sensor_msgs/msg/detail/packet_msg__rosidl_typesupport_introspection_cpp.hpp
[6.653s] -- Up-to-date symlink: /home/student/Desktop/workspace/install/ouster_sensor_msgs/include/ouster_sensor_msgs/ouster_sensor_msgs/srv/detail/get_config__rosidl_typesupport_introspection_cpp.hpp
[6.653s] -- Up-to-date symlink: /home/student/Desktop/workspace/install/ouster_sensor_msgs/include/ouster_sensor_msgs/ouster_sensor_msgs/srv/detail/get_metadata__rosidl_typesupport_introspection_cpp.hpp
[6.653s] -- Up-to-date symlink: /home/student/Desktop/workspace/install/ouster_sensor_msgs/include/ouster_sensor_msgs/ouster_sensor_msgs/srv/detail/set_config__rosidl_typesupport_introspection_cpp.hpp
[6.653s] -- Up-to-date symlink: /home/student/Desktop/workspace/install/ouster_sensor_msgs/share/ouster_sensor_msgs/environment/pythonpath.sh
[6.653s] -- Up-to-date symlink: /home/student/Desktop/workspace/install/ouster_sensor_msgs/share/ouster_sensor_msgs/environment/pythonpath.dsv
[6.654s] -- Up-to-date symlink: /home/student/Desktop/workspace/install/ouster_sensor_msgs/local/lib/python3.10/dist-packages/ouster_sensor_msgs-0.12.2-py3.10.egg-info/PKG-INFO
[6.667s] -- Up-to-date symlink: /home/student/Desktop/workspace/install/ouster_sensor_msgs/local/lib/python3.10/dist-packages/ouster_sensor_msgs-0.12.2-py3.10.egg-info/SOURCES.txt
[6.668s] -- Up-to-date symlink: /home/student/Desktop/workspace/install/ouster_sensor_msgs/local/lib/python3.10/dist-packages/ouster_sensor_msgs-0.12.2-py3.10.egg-info/dependency_links.txt
[6.669s] -- Up-to-date symlink: /home/student/Desktop/workspace/install/ouster_sensor_msgs/local/lib/python3.10/dist-packages/ouster_sensor_msgs-0.12.2-py3.10.egg-info/top_level.txt
[6.669s] -- Up-to-date symlink: /home/student/Desktop/workspace/install/ouster_sensor_msgs/local/lib/python3.10/dist-packages/ouster_sensor_msgs/__init__.py
[6.669s] -- Up-to-date symlink: /home/student/Desktop/workspace/install/ouster_sensor_msgs/local/lib/python3.10/dist-packages/ouster_sensor_msgs/_ouster_sensor_msgs_s.ep.rosidl_typesupport_c.c
[6.669s] -- Up-to-date symlink: /home/student/Desktop/workspace/install/ouster_sensor_msgs/local/lib/python3.10/dist-packages/ouster_sensor_msgs/_ouster_sensor_msgs_s.ep.rosidl_typesupport_fastrtps_c.c
[6.669s] -- Up-to-date symlink: /home/student/Desktop/workspace/install/ouster_sensor_msgs/local/lib/python3.10/dist-packages/ouster_sensor_msgs/_ouster_sensor_msgs_s.ep.rosidl_typesupport_introspection_c.c
[6.670s] -- Up-to-date symlink: /home/student/Desktop/workspace/install/ouster_sensor_msgs/local/lib/python3.10/dist-packages/ouster_sensor_msgs/libouster_sensor_msgs__rosidl_generator_py.so
[6.670s] -- Up-to-date symlink: /home/student/Desktop/workspace/install/ouster_sensor_msgs/local/lib/python3.10/dist-packages/ouster_sensor_msgs/msg/__init__.py
[6.670s] -- Up-to-date symlink: /home/student/Desktop/workspace/install/ouster_sensor_msgs/local/lib/python3.10/dist-packages/ouster_sensor_msgs/msg/_packet_msg.py
[6.670s] -- Up-to-date symlink: /home/student/Desktop/workspace/install/ouster_sensor_msgs/local/lib/python3.10/dist-packages/ouster_sensor_msgs/msg/_packet_msg_s.c
[6.670s] -- Up-to-date symlink: /home/student/Desktop/workspace/install/ouster_sensor_msgs/local/lib/python3.10/dist-packages/ouster_sensor_msgs/ouster_sensor_msgs_s__rosidl_typesupport_c.cpython-310-x86_64-linux-gnu.so
[6.670s] -- Up-to-date symlink: /home/student/Desktop/workspace/install/ouster_sensor_msgs/local/lib/python3.10/dist-packages/ouster_sensor_msgs/ouster_sensor_msgs_s__rosidl_typesupport_fastrtps_c.cpython-310-x86_64-linux-gnu.so
[6.670s] -- Up-to-date symlink: /home/student/Desktop/workspace/install/ouster_sensor_msgs/local/lib/python3.10/dist-packages/ouster_sensor_msgs/ouster_sensor_msgs_s__rosidl_typesupport_introspection_c.cpython-310-x86_64-linux-gnu.so
[6.670s] -- Up-to-date symlink: /home/student/Desktop/workspace/install/ouster_sensor_msgs/local/lib/python3.10/dist-packages/ouster_sensor_msgs/srv/__init__.py
[6.670s] -- Up-to-date symlink: /home/student/Desktop/workspace/install/ouster_sensor_msgs/local/lib/python3.10/dist-packages/ouster_sensor_msgs/srv/_get_config.py
[6.670s] -- Up-to-date symlink: /home/student/Desktop/workspace/install/ouster_sensor_msgs/local/lib/python3.10/dist-packages/ouster_sensor_msgs/srv/_get_config_s.c
[6.670s] -- Up-to-date symlink: /home/student/Desktop/workspace/install/ouster_sensor_msgs/local/lib/python3.10/dist-packages/ouster_sensor_msgs/srv/_get_metadata.py
[6.676s] -- Up-to-date symlink: /home/student/Desktop/workspace/install/ouster_sensor_msgs/local/lib/python3.10/dist-packages/ouster_sensor_msgs/srv/_get_metadata_s.c
[6.676s] -- Up-to-date symlink: /home/student/Desktop/workspace/install/ouster_sensor_msgs/local/lib/python3.10/dist-packages/ouster_sensor_msgs/srv/_set_config.py
[6.676s] -- Up-to-date symlink: /home/student/Desktop/workspace/install/ouster_sensor_msgs/local/lib/python3.10/dist-packages/ouster_sensor_msgs/srv/_set_config_s.c
[6.676s] -- Up-to-date symlink: /home/student/Desktop/workspace/install/ouster_sensor_msgs/local/lib/python3.10/dist-packages/ouster_sensor_msgs/ouster_sensor_msgs_s__rosidl_typesupport_fastrtps_c.cpython-310-x86_64-linux-gnu.so
[6.676s] -- Up-to-date symlink: /home/student/Desktop/workspace/install/ouster_sensor_msgs/local/lib/python3.10/dist-packages/ouster_sensor_msgs/ouster_sensor_msgs_s__rosidl_typesupport_introspection_c.cpython-310-x86_64-linux-gnu.so
[6.676s] -- Up-to-date symlink: /home/student/Desktop/workspace/install/ouster_sensor_msgs/local/lib/python3.10/dist-packages/ouster_sensor_msgs/ouster_sensor_msgs_s__rosidl_typesupport_c.cpython-310-x86_64-linux-gnu.so
[6.676s] -- Up-to-date symlink: /home/student/Desktop/workspace/install/ouster_sensor_msgs/share/ouster_sensor_msgs/msg/PacketMsg.idl
[6.676s] -- Up-to-date symlink: /home/student/Desktop/workspace/install/ouster_sensor_msgs/share/ouster_sensor_msgs/srv/GetConfig.idl
[6.676s] -- Up-to-date symlink: /home/student/Desktop/workspace/install/ouster_sensor_msgs/share/ouster_sensor_msgs/srv/SetConfig.idl
[6.676s] -- Up-to-date symlink: /home/student/Desktop/workspace/install/ouster_sensor_msgs/share/ouster_sensor_msgs/srv/GetMetadata.idl
[6.677s] -- Up-to-date symlink: /home/student/Desktop/workspace/install/ouster_sensor_msgs/share/ouster_sensor_msgs/msg/PacketMsg.msg
[6.677s] -- Up-to-date symlink: /home/student/Desktop/workspace/install/ouster_sensor_msgs/share/ouster_sensor_msgs/srv/GetConfig.srv
[6.678s] -- Up-to-date symlink: /home/student/Desktop/workspace/install/ouster_sensor_msgs/share/ouster_sensor_msgs/srv/GetConfig_Request.msg
[6.678s] -- Up-to-date symlink: /home/student/Desktop/workspace/install/ouster_sensor_msgs/share/ouster_sensor_msgs/srv/GetConfig_Response.msg
[6.678s] -- Up-to-date symlink: /home/student/Desktop/workspace/install/ouster_sensor_msgs/share/ouster_sensor_msgs/srv/SetConfig.srv
[6.679s] -- Up-to-date symlink: /home/student/Desktop/workspace/install/ouster_sensor_msgs/share/ouster_sensor_msgs/srv/SetConfig_Request.msg
[6.679s] -- Up-to-date symlink: /home/student/Desktop/workspace/install/ouster_sensor_msgs/share/ouster_sensor_msgs/srv/SetConfig_Response.msg
[6.679s] -- Up-to-date symlink: /home/student/Desktop/workspace/install/ouster_sensor_msgs/share/ouster_sensor_msgs/srv/GetMetadata.srv
[6.679s] -- Up-to-date symlink: /home/student/Desktop/workspace/install/ouster_sensor_msgs/share/ouster_sensor_msgs/srv/GetMetadata_Request.msg
[6.679s] -- Up-to-date symlink: /home/student/Desktop/workspace/install/ouster_sensor_msgs/share/ouster_sensor_msgs/srv/GetMetadata_Response.msg
[6.680s] -- Up-to-date symlink: /home/student/Desktop/workspace/install/ouster_sensor_msgs/share/ament_index/resource_index/package_run_dependencies/ouster_sensor_msgs
[6.680s] -- Up-to-date symlink: /home/student/Desktop/workspace/install/ouster_sensor_msgs/share/ament_index/resource_index/parent_prefix_path/ouster_sensor_msgs
[6.680s] -- Up-to-date symlink: /home/student/Desktop/workspace/install/ouster_sensor_msgs/share/ouster_sensor_msgs/environment/ament_prefix_path.sh
[6.680s] -- Up-to-date symlink: /home/student/Desktop/workspace/install/ouster_sensor_msgs/share/ouster_sensor_msgs/environment/ament_prefix_path.dsv
[6.683s] -- Up-to-date symlink: /home/student/Desktop/workspace/install/ouster_sensor_msgs/share/ouster_sensor_msgs/environment/path.sh
[6.683s] -- Up-to-date symlink: /home/student/Desktop/workspace/install/ouster_sensor_msgs/share/ouster_sensor_msgs/environment/path.dsv
[6.684s] -- Up-to-date symlink: /home/student/Desktop/workspace/install/ouster_sensor_msgs/share/ouster_sensor_msgs/local_setup.bash
[6.684s] -- Up-to-date symlink: /home/student/Desktop/workspace/install/ouster_sensor_msgs/share/ouster_sensor_msgs/local_setup.sh
[6.684s] -- Up-to-date symlink: /home/student/Desktop/workspace/install/ouster_sensor_msgs/share/ouster_sensor_msgs/local_setup.zsh
[6.684s] -- Up-to-date symlink: /home/student/Desktop/workspace/install/ouster_sensor_msgs/share/ouster_sensor_msgs/local_setup.dsv
[6.685s] -- Symlinking: /home/student/Desktop/workspace/install/ouster_sensor_msgs/share/ouster_sensor_msgs/package.dsv
[6.699s] -- Up-to-date symlink: /home/student/Desktop/workspace/install/ouster_sensor_msgs/share/ament_index/resource_index/packages/ouster_sensor_msgs
[6.699s] -- Up-to-date symlink: /home/student/Desktop/workspace/install/ouster_sensor_msgs/share/ouster_sensor_msgs/cmake/rosidl_cmake-extras.cmake
[6.699s] -- Up-to-date symlink: /home/student/Desktop/workspace/install/ouster_sensor_msgs/share/ouster_sensor_msgs/cmake/ament_cmake_export_dependencies-extras.cmake
[6.699s] -- Up-to-date symlink: /home/student/Desktop/workspace/install/ouster_sensor_msgs/share/ouster_sensor_msgs/cmake/ament_cmake_export_include_directories-extras.cmake
[6.700s] -- Up-to-date symlink: /home/student/Desktop/workspace/install/ouster_sensor_msgs/share/ouster_sensor_msgs/cmake/ament_cmake_export_libraries-extras.cmake
[6.700s] -- Up-to-date symlink: /home/student/Desktop/workspace/install/ouster_sensor_msgs/share/ouster_sensor_msgs/cmake/ament_cmake_export_targets-extras.cmake
[6.700s] -- Up-to-date symlink: /home/student/Desktop/workspace/install/ouster_sensor_msgs/share/ouster_sensor_msgs/cmake/rosidl_cmake_export_typesupport_targets-extras.cmake
[6.700s] -- Up-to-date symlink: /home/student/Desktop/workspace/install/ouster_sensor_msgs/share/ouster_sensor_msgs/cmake/rosidl_cmake_export_typesupport_libraries-extras.cmake
[6.700s] -- Up-to-date symlink: /home/student/Desktop/workspace/install/ouster_sensor_msgs/share/ouster_sensor_msgs/cmake/ouster_sensor_msgsConfig.cmake
[6.701s] -- Up-to-date symlink: /home/student/Desktop/workspace/install/ouster_sensor_msgs/share/ouster_sensor_msgs/cmake/ouster_sensor_msgsConfig-version.cmake
[6.701s] -- Up-to-date symlink: /home/student/Desktop/workspace/install/ouster_sensor_msgs/share/ouster_sensor_msgs/package.xml
[6.701s] -- Installing: /home/student/Desktop/workspace/install/ouster_sensor_msgs/lib/libouster_sensor_msgs__rosidl_generator_c.so
[6.702s] -- Set runtime path of "/home/student/Desktop/workspace/install/ouster_sensor_msgs/lib/libouster_sensor_msgs__rosidl_generator_c.so" to ""
[6.702s] -- Installing: /home/student/Desktop/workspace/install/ouster_sensor_msgs/lib/libouster_sensor_msgs__rosidl_typesupport_fastrtps_c.so
[6.702s] -- Set runtime path of "/home/student/Desktop/workspace/install/ouster_sensor_msgs/lib/libouster_sensor_msgs__rosidl_typesupport_fastrtps_c.so" to ""
[6.703s] -- Installing: /home/student/Desktop/workspace/install/ouster_sensor_msgs/lib/libouster_sensor_msgs__rosidl_typesupport_fastrtps_cpp.so
[6.703s] -- Set runtime path of "/home/student/Desktop/workspace/install/ouster_sensor_msgs/lib/libouster_sensor_msgs__rosidl_typesupport_fastrtps_cpp.so" to ""
[6.704s] -- Installing: /home/student/Desktop/workspace/install/ouster_sensor_msgs/lib/libouster_sensor_msgs__rosidl_typesupport_introspection_c.so
[6.704s] -- Set runtime path of "/home/student/Desktop/workspace/install/ouster_sensor_msgs/lib/libouster_sensor_msgs__rosidl_typesupport_introspection_c.so" to ""
[6.704s] -- Installing: /home/student/Desktop/workspace/install/ouster_sensor_msgs/lib/libouster_sensor_msgs__rosidl_typesupport_c.so
[6.705s] -- Set runtime path of "/home/student/Desktop/workspace/install/ouster_sensor_msgs/lib/libouster_sensor_msgs__rosidl_typesupport_c.so" to ""
[6.705s] -- Installing: /home/student/Desktop/workspace/install/ouster_sensor_msgs/lib/libouster_sensor_msgs__rosidl_typesupport_introspection_cpp.so
[6.706s] -- Set runtime path of "/home/student/Desktop/workspace/install/ouster_sensor_msgs/lib/libouster_sensor_msgs__rosidl_typesupport_introspection_cpp.so" to ""
[6.706s] -- Installing: /home/student/Desktop/workspace/install/ouster_sensor_msgs/lib/libouster_sensor_msgs__rosidl_typesupport_cpp.so
[6.706s] -- Set runtime path of "/home/student/Desktop/workspace/install/ouster_sensor_msgs/lib/libouster_sensor_msgs__rosidl_typesupport_cpp.so" to ""
[6.797s] Listing '/home/student/Desktop/workspace/install/ouster_sensor_msgs/local/lib/python3.10/dist-packages/ouster_sensor_msgs'...
[6.797s] Compiling '/home/student/Desktop/workspace/install/ouster_sensor_msgs/local/lib/python3.10/dist-packages/ouster_sensor_msgs/__init__.py'...
[6.797s] Listing '/home/student/Desktop/workspace/install/ouster_sensor_msgs/local/lib/python3.10/dist-packages/ouster_sensor_msgs/msg'...
[6.797s] Compiling '/home/student/Desktop/workspace/install/ouster_sensor_msgs/local/lib/python3.10/dist-packages/ouster_sensor_msgs/msg/__init__.py'...
[6.797s] Compiling '/home/student/Desktop/workspace/install/ouster_sensor_msgs/local/lib/python3.10/dist-packages/ouster_sensor_msgs/msg/_packet_msg.py'...
[6.798s] Listing '/home/student/Desktop/workspace/install/ouster_sensor_msgs/local/lib/python3.10/dist-packages/ouster_sensor_msgs/srv'...
[6.798s] Compiling '/home/student/Desktop/workspace/install/ouster_sensor_msgs/local/lib/python3.10/dist-packages/ouster_sensor_msgs/srv/__init__.py'...
[6.798s] Compiling '/home/student/Desktop/workspace/install/ouster_sensor_msgs/local/lib/python3.10/dist-packages/ouster_sensor_msgs/srv/_get_config.py'...
[6.798s] Compiling '/home/student/Desktop/workspace/install/ouster_sensor_msgs/local/lib/python3.10/dist-packages/ouster_sensor_msgs/srv/_get_metadata.py'...
[6.798s] Compiling '/home/student/Desktop/workspace/install/ouster_sensor_msgs/local/lib/python3.10/dist-packages/ouster_sensor_msgs/srv/_set_config.py'...
[6.806s] -- Installing: /home/student/Desktop/workspace/install/ouster_sensor_msgs/lib/libouster_sensor_msgs__rosidl_generator_py.so
[6.807s] -- Set runtime path of "/home/student/Desktop/workspace/install/ouster_sensor_msgs/lib/libouster_sensor_msgs__rosidl_generator_py.so" to ""
[6.807s] -- Up-to-date: /home/student/Desktop/workspace/install/ouster_sensor_msgs/share/ouster_sensor_msgs/cmake/export_ouster_sensor_msgs__rosidl_generator_cExport.cmake
[6.807s] -- Up-to-date: /home/student/Desktop/workspace/install/ouster_sensor_msgs/share/ouster_sensor_msgs/cmake/export_ouster_sensor_msgs__rosidl_generator_cExport-noconfig.cmake
[6.808s] -- Up-to-date: /home/student/Desktop/workspace/install/ouster_sensor_msgs/share/ouster_sensor_msgs/cmake/export_ouster_sensor_msgs__rosidl_typesupport_fastrtps_cExport.cmake
[6.808s] -- Up-to-date: /home/student/Desktop/workspace/install/ouster_sensor_msgs/share/ouster_sensor_msgs/cmake/export_ouster_sensor_msgs__rosidl_typesupport_fastrtps_cExport-noconfig.cmake
[6.808s] -- Up-to-date: /home/student/Desktop/workspace/install/ouster_sensor_msgs/share/ouster_sensor_msgs/cmake/export_ouster_sensor_msgs__rosidl_generator_cppExport.cmake
[6.808s] -- Up-to-date: /home/student/Desktop/workspace/install/ouster_sensor_msgs/share/ouster_sensor_msgs/cmake/export_ouster_sensor_msgs__rosidl_typesupport_fastrtps_cppExport.cmake
[6.809s] -- Up-to-date: /home/student/Desktop/workspace/install/ouster_sensor_msgs/share/ouster_sensor_msgs/cmake/export_ouster_sensor_msgs__rosidl_typesupport_fastrtps_cppExport-noconfig.cmake
[6.809s] -- Up-to-date: /home/student/Desktop/workspace/install/ouster_sensor_msgs/share/ouster_sensor_msgs/cmake/ouster_sensor_msgs__rosidl_typesupport_introspection_cExport.cmake
[6.809s] -- Up-to-date: /home/student/Desktop/workspace/install/ouster_sensor_msgs/share/ouster_sensor_msgs/cmake/ouster_sensor_msgs__rosidl_typesupport_introspection_cExport-noconfig.cmake
[6.809s] -- Up-to-date: /home/student/Desktop/workspace/install/ouster_sensor_msgs/share/ouster_sensor_msgs/cmake/ouster_sensor_msgs__rosidl_typesupport_cExport.cmake
[6.809s] -- Up-to-date: /home/student/Desktop/workspace/install/ouster_sensor_msgs/share/ouster_sensor_msgs/cmake/ouster_sensor_msgs__rosidl_typesupport_cExport-noconfig.cmake
[6.809s] -- Up-to-date: /home/student/Desktop/workspace/install/ouster_sensor_msgs/share/ouster_sensor_msgs/cmake/ouster_sensor_msgs__rosidl_typesupport_introspection_cppExport.cmake
[6.809s] -- Up-to-date: /home/student/Desktop/workspace/install/ouster_sensor_msgs/share/ouster_sensor_msgs/cmake/ouster_sensor_msgs__rosidl_typesupport_introspection_cppExport-noconfig.cmake
[6.809s] -- Up-to-date: /home/student/Desktop/workspace/install/ouster_sensor_msgs/share/ouster_sensor_msgs/cmake/ouster_sensor_msgs__rosidl_typesupport_cppExport.cmake
[6.809s] -- Up-to-date: /home/student/Desktop/workspace/install/ouster_sensor_msgs/share/ouster_sensor_msgs/cmake/ouster_sensor_msgs__rosidl_typesupport_cppExport-noconfig.cmake
[6.810s] -- Up-to-date: /home/student/Desktop/workspace/install/ouster_sensor_msgs/share/ouster_sensor_msgs/cmake/export_ouster_sensor_msgs__rosidl_generator_pyExport.cmake
[6.810s] -- Up-to-date: /home/student/Desktop/workspace/install/ouster_sensor_msgs/share/ouster_sensor_msgs/cmake/export_ouster_sensor_msgs__rosidl_generator_pyExport-noconfig.cmake
[6.825s] Invoked command in '/home/student/Desktop/workspace/build/ouster_sensor_msgs' returned '0': CMAKE_PREFIX_PATH=${CMAKE_PREFIX_PATH}:/home/student/Desktop/workspace/install/yolo_tracking:/home/student/Desktop/workspace/install/sensor_presentation:/home/student/Desktop/workspace/install/position_estimation:/home/student/Desktop/workspace/install/ouster_voxel_filter:/home/student/Desktop/workspace/install/navigation:/home/student/Desktop/workspace/install/main:/opt/ros/humble /home/student/.local/bin/cmake --install /home/student/Desktop/workspace/build/ouster_sensor_msgs
