[0.602s] Invoking command in '/home/student/Desktop/workspace/build/object_tracking_messages': CMAKE_PREFIX_PATH=${CMAKE_PREFIX_PATH}:/home/student/Desktop/workspace/install/yolo_tracking:/home/student/Desktop/workspace/install/sensor_presentation:/home/student/Desktop/workspace/install/position_estimation:/opt/ros/humble /home/student/.local/bin/cmake /home/student/Desktop/workspace/src/object_tracking_messages -DCMAKE_INSTALL_PREFIX=/home/student/Desktop/workspace/install/object_tracking_messages
[1.182s] -- Found ament_cmake: 1.3.10 (/opt/ros/humble/share/ament_cmake/cmake)
[1.183s] -- Override CMake install command with custom implementation using symlinks instead of copying resources
[1.183s] -- Found rosidl_default_generators: 1.2.0 (/opt/ros/humble/share/rosidl_default_generators/cmake)
[1.183s] -- Using all available rosidl_typesupport_c: rosidl_typesupport_fastrtps_c;rosidl_typesupport_introspection_c
[1.183s] -- Found rosidl_adapter: 3.1.5 (/opt/ros/humble/share/rosidl_adapter/cmake)
[1.183s] -- Using all available rosidl_typesupport_cpp: rosidl_typesupport_fastrtps_cpp;rosidl_typesupport_introspection_cpp
[1.183s] -- Found sensor_msgs: 4.2.4 (/opt/ros/humble/share/sensor_msgs/cmake)
[1.183s] -- Found ament_cmake_ros: 0.10.0 (/opt/ros/humble/share/ament_cmake_ros/cmake)
[1.183s] -- Using all available rosidl_typesupport_c: rosidl_typesupport_fastrtps_c;rosidl_typesupport_introspection_c
[1.220s] -- Using all available rosidl_typesupport_cpp: rosidl_typesupport_fastrtps_cpp;rosidl_typesupport_introspection_cpp
[1.241s] -- Found python_cmake_module: 0.10.0 (/opt/ros/humble/share/python_cmake_module/cmake)
[1.262s] -- Using PYTHON_EXECUTABLE: /usr/bin/python3
[1.262s] -- Using PYTHON_INCLUDE_DIRS: /usr/include/python3.10
[1.262s] -- Using PYTHON_LIBRARIES: /usr/lib/x86_64-linux-gnu/libpython3.10.so
[1.286s] -- Found ament_lint_auto: 0.12.11 (/opt/ros/humble/share/ament_lint_auto/cmake)
[1.296s] -- Added test 'lint_cmake' to check CMake code style
[1.297s] -- Added test 'xmllint' to check XML markup files
[1.299s] -- Configuring done (0.7s)
[1.327s] -- Generating done (0.0s)
[1.330s] -- Build files have been written to: /home/student/Desktop/workspace/build/object_tracking_messages
[1.468s] Invoked command in '/home/student/Desktop/workspace/build/object_tracking_messages' returned '0': CMAKE_PREFIX_PATH=${CMAKE_PREFIX_PATH}:/home/student/Desktop/workspace/install/yolo_tracking:/home/student/Desktop/workspace/install/sensor_presentation:/home/student/Desktop/workspace/install/position_estimation:/opt/ros/humble /home/student/.local/bin/cmake /home/student/Desktop/workspace/src/object_tracking_messages -DCMAKE_INSTALL_PREFIX=/home/student/Desktop/workspace/install/object_tracking_messages
[1.469s] Invoking command in '/home/student/Desktop/workspace/build/object_tracking_messages': CMAKE_PREFIX_PATH=${CMAKE_PREFIX_PATH}:/home/student/Desktop/workspace/install/yolo_tracking:/home/student/Desktop/workspace/install/sensor_presentation:/home/student/Desktop/workspace/install/position_estimation:/opt/ros/humble /home/student/.local/bin/cmake --build /home/student/Desktop/workspace/build/object_tracking_messages -- -j16 -l16
[1.549s] [  1%] Built target object_tracking_messages__cpp
[1.551s] [  1%] Built target ament_cmake_python_symlink_object_tracking_messages
[1.556s] [  3%] [32mBuilding C object CMakeFiles/object_tracking_messages__rosidl_generator_c.dir/rosidl_generator_c/object_tracking_messages/msg/detail/bounding_box__functions.c.o[0m
[1.562s] [  5%] [32mBuilding C object CMakeFiles/object_tracking_messages__rosidl_generator_c.dir/rosidl_generator_c/object_tracking_messages/msg/detail/detected_persons__functions.c.o[0m
[1.571s] [  7%] [32mBuilding C object CMakeFiles/object_tracking_messages__rosidl_generator_c.dir/rosidl_generator_c/object_tracking_messages/msg/detail/detected_person__functions.c.o[0m
[1.628s] [  9%] [32mBuilding C object CMakeFiles/object_tracking_messages__rosidl_generator_c.dir/rosidl_generator_c/object_tracking_messages/msg/detail/person_distance__functions.c.o[0m
[1.648s] [ 10%] [32mBuilding CXX object CMakeFiles/object_tracking_messages__rosidl_typesupport_introspection_cpp.dir/rosidl_typesupport_introspection_cpp/object_tracking_messages/msg/detail/bounding_box__type_support.cpp.o[0m
[1.664s] [ 12%] [32mBuilding CXX object CMakeFiles/object_tracking_messages__rosidl_typesupport_fastrtps_cpp.dir/rosidl_typesupport_fastrtps_cpp/object_tracking_messages/msg/detail/dds_fastrtps/bounding_box__type_support.cpp.o[0m
[1.665s] [ 14%] [32mBuilding CXX object CMakeFiles/object_tracking_messages__rosidl_typesupport_introspection_cpp.dir/rosidl_typesupport_introspection_cpp/object_tracking_messages/msg/detail/detected_person__type_support.cpp.o[0m
[1.672s] [ 16%] [32mBuilding CXX object CMakeFiles/object_tracking_messages__rosidl_typesupport_fastrtps_cpp.dir/rosidl_typesupport_fastrtps_cpp/object_tracking_messages/msg/detail/dds_fastrtps/detected_person__type_support.cpp.o[0m
[1.676s] [ 18%] [32mBuilding CXX object CMakeFiles/object_tracking_messages__rosidl_typesupport_cpp.dir/rosidl_typesupport_cpp/object_tracking_messages/msg/bounding_box__type_support.cpp.o[0m
[1.692s] [ 20%] [32mBuilding CXX object CMakeFiles/object_tracking_messages__rosidl_typesupport_fastrtps_cpp.dir/rosidl_typesupport_fastrtps_cpp/object_tracking_messages/msg/detail/dds_fastrtps/detected_persons__type_support.cpp.o[0m
[1.692s] [ 21%] [32mBuilding CXX object CMakeFiles/object_tracking_messages__rosidl_typesupport_introspection_cpp.dir/rosidl_typesupport_introspection_cpp/object_tracking_messages/msg/detail/detected_persons__type_support.cpp.o[0m
[1.692s] [ 23%] [32mBuilding CXX object CMakeFiles/object_tracking_messages__rosidl_typesupport_cpp.dir/rosidl_typesupport_cpp/object_tracking_messages/msg/detected_person__type_support.cpp.o[0m
[1.699s] [ 25%] [32mBuilding CXX object CMakeFiles/object_tracking_messages__rosidl_typesupport_cpp.dir/rosidl_typesupport_cpp/object_tracking_messages/msg/detected_persons__type_support.cpp.o[0m
[1.701s] [ 27%] [32mBuilding CXX object CMakeFiles/object_tracking_messages__rosidl_typesupport_cpp.dir/rosidl_typesupport_cpp/object_tracking_messages/msg/person_distance__type_support.cpp.o[0m
[1.702s] [ 29%] [32mBuilding CXX object CMakeFiles/object_tracking_messages__rosidl_typesupport_fastrtps_cpp.dir/rosidl_typesupport_fastrtps_cpp/object_tracking_messages/msg/detail/dds_fastrtps/person_distance__type_support.cpp.o[0m
[1.719s] [ 30%] [32mBuilding CXX object CMakeFiles/object_tracking_messages__rosidl_typesupport_introspection_cpp.dir/rosidl_typesupport_introspection_cpp/object_tracking_messages/msg/detail/person_distance__type_support.cpp.o[0m
[1.843s] [ 32%] [32m[1mLinking C shared library libobject_tracking_messages__rosidl_generator_c.so[0m
[2.016s] [ 34%] Built target object_tracking_messages__rosidl_generator_c
[2.132s] [ 36%] [32mBuilding C object CMakeFiles/object_tracking_messages__rosidl_typesupport_introspection_c.dir/rosidl_typesupport_introspection_c/object_tracking_messages/msg/detail/bounding_box__type_support.c.o[0m
[2.159s] [ 38%] [32mBuilding CXX object CMakeFiles/object_tracking_messages__rosidl_typesupport_c.dir/rosidl_typesupport_c/object_tracking_messages/msg/bounding_box__type_support.cpp.o[0m
[2.191s] [ 40%] [32mBuilding CXX object CMakeFiles/object_tracking_messages__rosidl_typesupport_fastrtps_c.dir/rosidl_typesupport_fastrtps_c/object_tracking_messages/msg/detail/bounding_box__type_support_c.cpp.o[0m
[2.291s] [ 41%] [32mBuilding CXX object CMakeFiles/object_tracking_messages__rosidl_typesupport_c.dir/rosidl_typesupport_c/object_tracking_messages/msg/detected_person__type_support.cpp.o[0m
[2.323s] [ 43%] [32mBuilding C object CMakeFiles/object_tracking_messages__rosidl_typesupport_introspection_c.dir/rosidl_typesupport_introspection_c/object_tracking_messages/msg/detail/detected_person__type_support.c.o[0m
[2.381s] [ 45%] [32mBuilding C object CMakeFiles/object_tracking_messages__rosidl_typesupport_introspection_c.dir/rosidl_typesupport_introspection_c/object_tracking_messages/msg/detail/detected_persons__type_support.c.o[0m
[2.443s] [ 47%] [32mBuilding CXX object CMakeFiles/object_tracking_messages__rosidl_typesupport_c.dir/rosidl_typesupport_c/object_tracking_messages/msg/detected_persons__type_support.cpp.o[0m
[2.491s] [ 49%] [32mBuilding CXX object CMakeFiles/object_tracking_messages__rosidl_typesupport_c.dir/rosidl_typesupport_c/object_tracking_messages/msg/person_distance__type_support.cpp.o[0m
[2.571s] [ 50%] [32mBuilding C object CMakeFiles/object_tracking_messages__rosidl_typesupport_introspection_c.dir/rosidl_typesupport_introspection_c/object_tracking_messages/msg/detail/person_distance__type_support.c.o[0m
[2.611s] [ 52%] [32mBuilding CXX object CMakeFiles/object_tracking_messages__rosidl_typesupport_fastrtps_c.dir/rosidl_typesupport_fastrtps_c/object_tracking_messages/msg/detail/detected_person__type_support_c.cpp.o[0m
[2.679s] [ 54%] [32m[1mLinking CXX shared library libobject_tracking_messages__rosidl_typesupport_c.so[0m
[2.770s] [ 56%] [32m[1mLinking C shared library libobject_tracking_messages__rosidl_typesupport_introspection_c.so[0m
[2.795s] [ 58%] [32mBuilding CXX object CMakeFiles/object_tracking_messages__rosidl_typesupport_fastrtps_c.dir/rosidl_typesupport_fastrtps_c/object_tracking_messages/msg/detail/detected_persons__type_support_c.cpp.o[0m
[2.877s] [ 60%] [32mBuilding CXX object CMakeFiles/object_tracking_messages__rosidl_typesupport_fastrtps_c.dir/rosidl_typesupport_fastrtps_c/object_tracking_messages/msg/detail/person_distance__type_support_c.cpp.o[0m
[2.893s] [ 61%] [32m[1mLinking CXX shared library libobject_tracking_messages__rosidl_typesupport_cpp.so[0m
[2.919s] [ 63%] Built target object_tracking_messages__rosidl_typesupport_c
[2.946s] [ 65%] Built target object_tracking_messages__rosidl_typesupport_introspection_c
[3.099s] [ 67%] Built target object_tracking_messages__rosidl_typesupport_cpp
[3.233s] running egg_info
[3.235s] writing object_tracking_messages.egg-info/PKG-INFO
[3.236s] writing dependency_links to object_tracking_messages.egg-info/dependency_links.txt
[3.237s] writing top-level names to object_tracking_messages.egg-info/top_level.txt
[3.242s] reading manifest file 'object_tracking_messages.egg-info/SOURCES.txt'
[3.256s] writing manifest file 'object_tracking_messages.egg-info/SOURCES.txt'
[3.335s] [ 69%] [32m[1mLinking CXX shared library libobject_tracking_messages__rosidl_typesupport_introspection_cpp.so[0m
[3.415s] [ 69%] Built target ament_cmake_python_build_object_tracking_messages_egg
[3.531s] [ 70%] [32m[1mLinking CXX shared library libobject_tracking_messages__rosidl_typesupport_fastrtps_cpp.so[0m
[3.667s] [ 72%] Built target object_tracking_messages__rosidl_typesupport_introspection_cpp
[3.703s] [ 74%] [32m[1mLinking CXX shared library libobject_tracking_messages__rosidl_typesupport_fastrtps_c.so[0m
[3.779s] [ 76%] Built target object_tracking_messages__rosidl_typesupport_fastrtps_cpp
[3.977s] [ 78%] Built target object_tracking_messages__rosidl_typesupport_fastrtps_c
[4.047s] [ 78%] Built target object_tracking_messages
[4.115s] [ 80%] Built target object_tracking_messages__py
[4.224s] [ 81%] [32mBuilding C object CMakeFiles/object_tracking_messages__rosidl_generator_py.dir/rosidl_generator_py/object_tracking_messages/msg/_bounding_box_s.c.o[0m
[4.252s] [ 83%] [32mBuilding C object CMakeFiles/object_tracking_messages__rosidl_generator_py.dir/rosidl_generator_py/object_tracking_messages/msg/_detected_person_s.c.o[0m
[4.264s] [ 85%] [32mBuilding C object CMakeFiles/object_tracking_messages__rosidl_generator_py.dir/rosidl_generator_py/object_tracking_messages/msg/_detected_persons_s.c.o[0m
[4.305s] [ 87%] [32mBuilding C object CMakeFiles/object_tracking_messages__rosidl_generator_py.dir/rosidl_generator_py/object_tracking_messages/msg/_person_distance_s.c.o[0m
[4.638s] [ 89%] [32m[1mLinking C shared library rosidl_generator_py/object_tracking_messages/libobject_tracking_messages__rosidl_generator_py.so[0m
[4.777s] [ 89%] Built target object_tracking_messages__rosidl_generator_py
[4.847s] [ 90%] [32mBuilding C object CMakeFiles/object_tracking_messages__rosidl_typesupport_fastrtps_c__pyext.dir/rosidl_generator_py/object_tracking_messages/_object_tracking_messages_s.ep.rosidl_typesupport_fastrtps_c.c.o[0m
[4.863s] [ 92%] [32mBuilding C object CMakeFiles/object_tracking_messages__rosidl_typesupport_introspection_c__pyext.dir/rosidl_generator_py/object_tracking_messages/_object_tracking_messages_s.ep.rosidl_typesupport_introspection_c.c.o[0m
[4.875s] [ 94%] [32mBuilding C object CMakeFiles/object_tracking_messages__rosidl_typesupport_c__pyext.dir/rosidl_generator_py/object_tracking_messages/_object_tracking_messages_s.ep.rosidl_typesupport_c.c.o[0m
[5.223s] [ 96%] [32m[1mLinking C shared library rosidl_generator_py/object_tracking_messages/object_tracking_messages_s__rosidl_typesupport_fastrtps_c.cpython-310-x86_64-linux-gnu.so[0m
[5.224s] [ 98%] [32m[1mLinking C shared library rosidl_generator_py/object_tracking_messages/object_tracking_messages_s__rosidl_typesupport_c.cpython-310-x86_64-linux-gnu.so[0m
[5.225s] [100%] [32m[1mLinking C shared library rosidl_generator_py/object_tracking_messages/object_tracking_messages_s__rosidl_typesupport_introspection_c.cpython-310-x86_64-linux-gnu.so[0m
[5.283s] [100%] Built target object_tracking_messages__rosidl_typesupport_introspection_c__pyext
[5.328s] [100%] Built target object_tracking_messages__rosidl_typesupport_fastrtps_c__pyext
[5.338s] [100%] Built target object_tracking_messages__rosidl_typesupport_c__pyext
[5.354s] Invoked command in '/home/student/Desktop/workspace/build/object_tracking_messages' returned '0': CMAKE_PREFIX_PATH=${CMAKE_PREFIX_PATH}:/home/student/Desktop/workspace/install/yolo_tracking:/home/student/Desktop/workspace/install/sensor_presentation:/home/student/Desktop/workspace/install/position_estimation:/opt/ros/humble /home/student/.local/bin/cmake --build /home/student/Desktop/workspace/build/object_tracking_messages -- -j16 -l16
[6.290s] Invoking command in '/home/student/Desktop/workspace/build/object_tracking_messages': CMAKE_PREFIX_PATH=${CMAKE_PREFIX_PATH}:/home/student/Desktop/workspace/install/yolo_tracking:/home/student/Desktop/workspace/install/sensor_presentation:/home/student/Desktop/workspace/install/position_estimation:/opt/ros/humble /home/student/.local/bin/cmake --install /home/student/Desktop/workspace/build/object_tracking_messages
[6.357s] -- Install configuration: ""
[6.358s] -- Execute custom install script
[6.358s] -- Up-to-date symlink: /home/student/Desktop/workspace/install/object_tracking_messages/share/ament_index/resource_index/rosidl_interfaces/object_tracking_messages
[6.358s] -- Up-to-date symlink: /home/student/Desktop/workspace/install/object_tracking_messages/include/object_tracking_messages/object_tracking_messages/msg/bounding_box.h
[6.358s] -- Up-to-date symlink: /home/student/Desktop/workspace/install/object_tracking_messages/include/object_tracking_messages/object_tracking_messages/msg/detail/bounding_box__functions.h
[6.358s] -- Up-to-date symlink: /home/student/Desktop/workspace/install/object_tracking_messages/include/object_tracking_messages/object_tracking_messages/msg/detail/bounding_box__struct.h
[6.358s] -- Up-to-date symlink: /home/student/Desktop/workspace/install/object_tracking_messages/include/object_tracking_messages/object_tracking_messages/msg/detail/bounding_box__type_support.h
[6.358s] -- Up-to-date symlink: /home/student/Desktop/workspace/install/object_tracking_messages/include/object_tracking_messages/object_tracking_messages/msg/detail/detected_person__functions.h
[6.359s] -- Up-to-date symlink: /home/student/Desktop/workspace/install/object_tracking_messages/include/object_tracking_messages/object_tracking_messages/msg/detail/detected_person__struct.h
[6.359s] -- Up-to-date symlink: /home/student/Desktop/workspace/install/object_tracking_messages/include/object_tracking_messages/object_tracking_messages/msg/detail/detected_person__type_support.h
[6.360s] -- Up-to-date symlink: /home/student/Desktop/workspace/install/object_tracking_messages/include/object_tracking_messages/object_tracking_messages/msg/detail/detected_persons__functions.h
[6.360s] -- Up-to-date symlink: /home/student/Desktop/workspace/install/object_tracking_messages/include/object_tracking_messages/object_tracking_messages/msg/detail/detected_persons__struct.h
[6.360s] -- Up-to-date symlink: /home/student/Desktop/workspace/install/object_tracking_messages/include/object_tracking_messages/object_tracking_messages/msg/detail/detected_persons__type_support.h
[6.360s] -- Up-to-date symlink: /home/student/Desktop/workspace/install/object_tracking_messages/include/object_tracking_messages/object_tracking_messages/msg/detail/person_distance__functions.h
[6.360s] -- Up-to-date symlink: /home/student/Desktop/workspace/install/object_tracking_messages/include/object_tracking_messages/object_tracking_messages/msg/detail/person_distance__struct.h
[6.360s] -- Up-to-date symlink: /home/student/Desktop/workspace/install/object_tracking_messages/include/object_tracking_messages/object_tracking_messages/msg/detail/person_distance__type_support.h
[6.360s] -- Up-to-date symlink: /home/student/Desktop/workspace/install/object_tracking_messages/include/object_tracking_messages/object_tracking_messages/msg/detected_person.h
[6.360s] -- Up-to-date symlink: /home/student/Desktop/workspace/install/object_tracking_messages/include/object_tracking_messages/object_tracking_messages/msg/detected_persons.h
[6.360s] -- Up-to-date symlink: /home/student/Desktop/workspace/install/object_tracking_messages/include/object_tracking_messages/object_tracking_messages/msg/person_distance.h
[6.361s] -- Up-to-date symlink: /home/student/Desktop/workspace/install/object_tracking_messages/include/object_tracking_messages/object_tracking_messages/msg/rosidl_generator_c__visibility_control.h
[6.361s] -- Up-to-date symlink: /home/student/Desktop/workspace/install/object_tracking_messages/share/object_tracking_messages/environment/library_path.sh
[6.361s] -- Up-to-date symlink: /home/student/Desktop/workspace/install/object_tracking_messages/share/object_tracking_messages/environment/library_path.dsv
[6.361s] -- Up-to-date symlink: /home/student/Desktop/workspace/install/object_tracking_messages/include/object_tracking_messages/object_tracking_messages/msg/detail/bounding_box__rosidl_typesupport_fastrtps_c.h
[6.361s] -- Up-to-date symlink: /home/student/Desktop/workspace/install/object_tracking_messages/include/object_tracking_messages/object_tracking_messages/msg/detail/detected_person__rosidl_typesupport_fastrtps_c.h
[6.364s] -- Up-to-date symlink: /home/student/Desktop/workspace/install/object_tracking_messages/include/object_tracking_messages/object_tracking_messages/msg/detail/detected_persons__rosidl_typesupport_fastrtps_c.h
[6.364s] -- Up-to-date symlink: /home/student/Desktop/workspace/install/object_tracking_messages/include/object_tracking_messages/object_tracking_messages/msg/detail/person_distance__rosidl_typesupport_fastrtps_c.h
[6.364s] -- Up-to-date symlink: /home/student/Desktop/workspace/install/object_tracking_messages/include/object_tracking_messages/object_tracking_messages/msg/rosidl_typesupport_fastrtps_c__visibility_control.h
[6.364s] -- Up-to-date symlink: /home/student/Desktop/workspace/install/object_tracking_messages/include/object_tracking_messages/object_tracking_messages/msg/detail/bounding_box__rosidl_typesupport_introspection_c.h
[6.365s] -- Up-to-date symlink: /home/student/Desktop/workspace/install/object_tracking_messages/include/object_tracking_messages/object_tracking_messages/msg/detail/detected_person__rosidl_typesupport_introspection_c.h
[6.365s] -- Up-to-date symlink: /home/student/Desktop/workspace/install/object_tracking_messages/include/object_tracking_messages/object_tracking_messages/msg/detail/detected_persons__rosidl_typesupport_introspection_c.h
[6.365s] -- Up-to-date symlink: /home/student/Desktop/workspace/install/object_tracking_messages/include/object_tracking_messages/object_tracking_messages/msg/detail/person_distance__rosidl_typesupport_introspection_c.h
[6.365s] -- Up-to-date symlink: /home/student/Desktop/workspace/install/object_tracking_messages/include/object_tracking_messages/object_tracking_messages/msg/rosidl_typesupport_introspection_c__visibility_control.h
[6.365s] [33mCMake Warning (dev) at ament_cmake_symlink_install/ament_cmake_symlink_install.cmake:62 (file):
[6.365s]   Policy CMP0009 is not set: FILE GLOB_RECURSE calls should not follow
[6.365s]   symlinks by default.  Run "cmake --help-policy CMP0009" for policy details.
[6.365s]   Use the cmake_policy command to set the policy and suppress this warning.
[6.365s] Call Stack (most recent call first):
[6.365s]   ament_cmake_symlink_install/ament_cmake_symlink_install.cmake:332 (ament_cmake_symlink_install_directory)
[6.365s]   cmake_install.cmake:46 (include)
[6.365s] This warning is for project developers.  Use -Wno-dev to suppress it.
[6.365s] [0m
[6.365s] -- Up-to-date symlink: /home/student/Desktop/workspace/install/object_tracking_messages/include/object_tracking_messages/object_tracking_messages/msg/bounding_box.hpp
[6.365s] -- Up-to-date symlink: /home/student/Desktop/workspace/install/object_tracking_messages/include/object_tracking_messages/object_tracking_messages/msg/detail/bounding_box__builder.hpp
[6.366s] -- Up-to-date symlink: /home/student/Desktop/workspace/install/object_tracking_messages/include/object_tracking_messages/object_tracking_messages/msg/detail/bounding_box__struct.hpp
[6.366s] -- Up-to-date symlink: /home/student/Desktop/workspace/install/object_tracking_messages/include/object_tracking_messages/object_tracking_messages/msg/detail/bounding_box__traits.hpp
[6.366s] -- Up-to-date symlink: /home/student/Desktop/workspace/install/object_tracking_messages/include/object_tracking_messages/object_tracking_messages/msg/detail/detected_person__builder.hpp
[6.366s] -- Up-to-date symlink: /home/student/Desktop/workspace/install/object_tracking_messages/include/object_tracking_messages/object_tracking_messages/msg/detail/detected_person__struct.hpp
[6.366s] -- Up-to-date symlink: /home/student/Desktop/workspace/install/object_tracking_messages/include/object_tracking_messages/object_tracking_messages/msg/detail/detected_person__traits.hpp
[6.366s] -- Up-to-date symlink: /home/student/Desktop/workspace/install/object_tracking_messages/include/object_tracking_messages/object_tracking_messages/msg/detail/detected_persons__builder.hpp
[6.366s] -- Up-to-date symlink: /home/student/Desktop/workspace/install/object_tracking_messages/include/object_tracking_messages/object_tracking_messages/msg/detail/detected_persons__struct.hpp
[6.366s] -- Up-to-date symlink: /home/student/Desktop/workspace/install/object_tracking_messages/include/object_tracking_messages/object_tracking_messages/msg/detail/detected_persons__traits.hpp
[6.366s] -- Up-to-date symlink: /home/student/Desktop/workspace/install/object_tracking_messages/include/object_tracking_messages/object_tracking_messages/msg/detail/person_distance__builder.hpp
[6.367s] -- Up-to-date symlink: /home/student/Desktop/workspace/install/object_tracking_messages/include/object_tracking_messages/object_tracking_messages/msg/detail/person_distance__struct.hpp
[6.367s] -- Up-to-date symlink: /home/student/Desktop/workspace/install/object_tracking_messages/include/object_tracking_messages/object_tracking_messages/msg/detail/person_distance__traits.hpp
[6.367s] -- Up-to-date symlink: /home/student/Desktop/workspace/install/object_tracking_messages/include/object_tracking_messages/object_tracking_messages/msg/detected_person.hpp
[6.367s] -- Up-to-date symlink: /home/student/Desktop/workspace/install/object_tracking_messages/include/object_tracking_messages/object_tracking_messages/msg/detected_persons.hpp
[6.367s] -- Up-to-date symlink: /home/student/Desktop/workspace/install/object_tracking_messages/include/object_tracking_messages/object_tracking_messages/msg/person_distance.hpp
[6.367s] -- Up-to-date symlink: /home/student/Desktop/workspace/install/object_tracking_messages/include/object_tracking_messages/object_tracking_messages/msg/detail/bounding_box__rosidl_typesupport_fastrtps_cpp.hpp
[6.367s] -- Up-to-date symlink: /home/student/Desktop/workspace/install/object_tracking_messages/include/object_tracking_messages/object_tracking_messages/msg/detail/detected_person__rosidl_typesupport_fastrtps_cpp.hpp
[6.367s] -- Up-to-date symlink: /home/student/Desktop/workspace/install/object_tracking_messages/include/object_tracking_messages/object_tracking_messages/msg/detail/detected_persons__rosidl_typesupport_fastrtps_cpp.hpp
[6.367s] -- Up-to-date symlink: /home/student/Desktop/workspace/install/object_tracking_messages/include/object_tracking_messages/object_tracking_messages/msg/detail/person_distance__rosidl_typesupport_fastrtps_cpp.hpp
[6.368s] -- Up-to-date symlink: /home/student/Desktop/workspace/install/object_tracking_messages/include/object_tracking_messages/object_tracking_messages/msg/rosidl_typesupport_fastrtps_cpp__visibility_control.h
[6.368s] -- Up-to-date symlink: /home/student/Desktop/workspace/install/object_tracking_messages/include/object_tracking_messages/object_tracking_messages/msg/detail/bounding_box__rosidl_typesupport_introspection_cpp.hpp
[6.368s] -- Up-to-date symlink: /home/student/Desktop/workspace/install/object_tracking_messages/include/object_tracking_messages/object_tracking_messages/msg/detail/detected_person__rosidl_typesupport_introspection_cpp.hpp
[6.368s] -- Up-to-date symlink: /home/student/Desktop/workspace/install/object_tracking_messages/include/object_tracking_messages/object_tracking_messages/msg/detail/detected_persons__rosidl_typesupport_introspection_cpp.hpp
[6.368s] -- Up-to-date symlink: /home/student/Desktop/workspace/install/object_tracking_messages/include/object_tracking_messages/object_tracking_messages/msg/detail/person_distance__rosidl_typesupport_introspection_cpp.hpp
[6.368s] -- Up-to-date symlink: /home/student/Desktop/workspace/install/object_tracking_messages/share/object_tracking_messages/environment/pythonpath.sh
[6.368s] -- Up-to-date symlink: /home/student/Desktop/workspace/install/object_tracking_messages/share/object_tracking_messages/environment/pythonpath.dsv
[6.369s] -- Up-to-date symlink: /home/student/Desktop/workspace/install/object_tracking_messages/local/lib/python3.10/dist-packages/object_tracking_messages-0.0.0-py3.10.egg-info/PKG-INFO
[6.369s] -- Up-to-date symlink: /home/student/Desktop/workspace/install/object_tracking_messages/local/lib/python3.10/dist-packages/object_tracking_messages-0.0.0-py3.10.egg-info/SOURCES.txt
[6.369s] -- Up-to-date symlink: /home/student/Desktop/workspace/install/object_tracking_messages/local/lib/python3.10/dist-packages/object_tracking_messages-0.0.0-py3.10.egg-info/dependency_links.txt
[6.369s] -- Up-to-date symlink: /home/student/Desktop/workspace/install/object_tracking_messages/local/lib/python3.10/dist-packages/object_tracking_messages-0.0.0-py3.10.egg-info/top_level.txt
[6.369s] -- Up-to-date symlink: /home/student/Desktop/workspace/install/object_tracking_messages/local/lib/python3.10/dist-packages/object_tracking_messages/__init__.py
[6.369s] -- Up-to-date symlink: /home/student/Desktop/workspace/install/object_tracking_messages/local/lib/python3.10/dist-packages/object_tracking_messages/_object_tracking_messages_s.ep.rosidl_typesupport_c.c
[6.369s] -- Up-to-date symlink: /home/student/Desktop/workspace/install/object_tracking_messages/local/lib/python3.10/dist-packages/object_tracking_messages/_object_tracking_messages_s.ep.rosidl_typesupport_fastrtps_c.c
[6.369s] -- Up-to-date symlink: /home/student/Desktop/workspace/install/object_tracking_messages/local/lib/python3.10/dist-packages/object_tracking_messages/_object_tracking_messages_s.ep.rosidl_typesupport_introspection_c.c
[6.369s] -- Up-to-date symlink: /home/student/Desktop/workspace/install/object_tracking_messages/local/lib/python3.10/dist-packages/object_tracking_messages/libobject_tracking_messages__rosidl_generator_py.so
[6.369s] -- Up-to-date symlink: /home/student/Desktop/workspace/install/object_tracking_messages/local/lib/python3.10/dist-packages/object_tracking_messages/msg/__init__.py
[6.370s] -- Up-to-date symlink: /home/student/Desktop/workspace/install/object_tracking_messages/local/lib/python3.10/dist-packages/object_tracking_messages/msg/_bounding_box.py
[6.370s] -- Up-to-date symlink: /home/student/Desktop/workspace/install/object_tracking_messages/local/lib/python3.10/dist-packages/object_tracking_messages/msg/_bounding_box_s.c
[6.370s] -- Up-to-date symlink: /home/student/Desktop/workspace/install/object_tracking_messages/local/lib/python3.10/dist-packages/object_tracking_messages/msg/_detected_person.py
[6.370s] -- Up-to-date symlink: /home/student/Desktop/workspace/install/object_tracking_messages/local/lib/python3.10/dist-packages/object_tracking_messages/msg/_detected_person_s.c
[6.370s] -- Up-to-date symlink: /home/student/Desktop/workspace/install/object_tracking_messages/local/lib/python3.10/dist-packages/object_tracking_messages/msg/_detected_persons.py
[6.370s] -- Up-to-date symlink: /home/student/Desktop/workspace/install/object_tracking_messages/local/lib/python3.10/dist-packages/object_tracking_messages/msg/_detected_persons_s.c
[6.370s] -- Up-to-date symlink: /home/student/Desktop/workspace/install/object_tracking_messages/local/lib/python3.10/dist-packages/object_tracking_messages/msg/_person_distance.py
[6.370s] -- Up-to-date symlink: /home/student/Desktop/workspace/install/object_tracking_messages/local/lib/python3.10/dist-packages/object_tracking_messages/msg/_person_distance_s.c
[6.370s] -- Up-to-date symlink: /home/student/Desktop/workspace/install/object_tracking_messages/local/lib/python3.10/dist-packages/object_tracking_messages/object_tracking_messages_s__rosidl_typesupport_c.cpython-310-x86_64-linux-gnu.so
[6.371s] -- Up-to-date symlink: /home/student/Desktop/workspace/install/object_tracking_messages/local/lib/python3.10/dist-packages/object_tracking_messages/object_tracking_messages_s__rosidl_typesupport_fastrtps_c.cpython-310-x86_64-linux-gnu.so
[6.371s] -- Up-to-date symlink: /home/student/Desktop/workspace/install/object_tracking_messages/local/lib/python3.10/dist-packages/object_tracking_messages/object_tracking_messages_s__rosidl_typesupport_introspection_c.cpython-310-x86_64-linux-gnu.so
[6.371s] -- Up-to-date symlink: /home/student/Desktop/workspace/install/object_tracking_messages/local/lib/python3.10/dist-packages/object_tracking_messages/object_tracking_messages_s__rosidl_typesupport_fastrtps_c.cpython-310-x86_64-linux-gnu.so
[6.371s] -- Up-to-date symlink: /home/student/Desktop/workspace/install/object_tracking_messages/local/lib/python3.10/dist-packages/object_tracking_messages/object_tracking_messages_s__rosidl_typesupport_introspection_c.cpython-310-x86_64-linux-gnu.so
[6.371s] -- Up-to-date symlink: /home/student/Desktop/workspace/install/object_tracking_messages/local/lib/python3.10/dist-packages/object_tracking_messages/object_tracking_messages_s__rosidl_typesupport_c.cpython-310-x86_64-linux-gnu.so
[6.371s] -- Up-to-date symlink: /home/student/Desktop/workspace/install/object_tracking_messages/share/object_tracking_messages/msg/BoundingBox.idl
[6.371s] -- Up-to-date symlink: /home/student/Desktop/workspace/install/object_tracking_messages/share/object_tracking_messages/msg/DetectedPerson.idl
[6.371s] -- Up-to-date symlink: /home/student/Desktop/workspace/install/object_tracking_messages/share/object_tracking_messages/msg/DetectedPersons.idl
[6.371s] -- Up-to-date symlink: /home/student/Desktop/workspace/install/object_tracking_messages/share/object_tracking_messages/msg/PersonDistance.idl
[6.371s] -- Up-to-date symlink: /home/student/Desktop/workspace/install/object_tracking_messages/share/object_tracking_messages/msg/BoundingBox.msg
[6.371s] -- Up-to-date symlink: /home/student/Desktop/workspace/install/object_tracking_messages/share/object_tracking_messages/msg/DetectedPerson.msg
[6.371s] -- Up-to-date symlink: /home/student/Desktop/workspace/install/object_tracking_messages/share/object_tracking_messages/msg/DetectedPersons.msg
[6.372s] -- Up-to-date symlink: /home/student/Desktop/workspace/install/object_tracking_messages/share/object_tracking_messages/msg/PersonDistance.msg
[6.372s] -- Up-to-date symlink: /home/student/Desktop/workspace/install/object_tracking_messages/share/ament_index/resource_index/package_run_dependencies/object_tracking_messages
[6.372s] -- Up-to-date symlink: /home/student/Desktop/workspace/install/object_tracking_messages/share/ament_index/resource_index/parent_prefix_path/object_tracking_messages
[6.372s] -- Up-to-date symlink: /home/student/Desktop/workspace/install/object_tracking_messages/share/object_tracking_messages/environment/ament_prefix_path.sh
[6.372s] -- Up-to-date symlink: /home/student/Desktop/workspace/install/object_tracking_messages/share/object_tracking_messages/environment/ament_prefix_path.dsv
[6.372s] -- Up-to-date symlink: /home/student/Desktop/workspace/install/object_tracking_messages/share/object_tracking_messages/environment/path.sh
[6.372s] -- Up-to-date symlink: /home/student/Desktop/workspace/install/object_tracking_messages/share/object_tracking_messages/environment/path.dsv
[6.372s] -- Up-to-date symlink: /home/student/Desktop/workspace/install/object_tracking_messages/share/object_tracking_messages/local_setup.bash
[6.372s] -- Up-to-date symlink: /home/student/Desktop/workspace/install/object_tracking_messages/share/object_tracking_messages/local_setup.sh
[6.372s] -- Up-to-date symlink: /home/student/Desktop/workspace/install/object_tracking_messages/share/object_tracking_messages/local_setup.zsh
[6.372s] -- Up-to-date symlink: /home/student/Desktop/workspace/install/object_tracking_messages/share/object_tracking_messages/local_setup.dsv
[6.372s] -- Symlinking: /home/student/Desktop/workspace/install/object_tracking_messages/share/object_tracking_messages/package.dsv
[6.375s] -- Up-to-date symlink: /home/student/Desktop/workspace/install/object_tracking_messages/share/ament_index/resource_index/packages/object_tracking_messages
[6.376s] -- Up-to-date symlink: /home/student/Desktop/workspace/install/object_tracking_messages/share/object_tracking_messages/cmake/rosidl_cmake-extras.cmake
[6.376s] -- Up-to-date symlink: /home/student/Desktop/workspace/install/object_tracking_messages/share/object_tracking_messages/cmake/ament_cmake_export_include_directories-extras.cmake
[6.376s] -- Up-to-date symlink: /home/student/Desktop/workspace/install/object_tracking_messages/share/object_tracking_messages/cmake/ament_cmake_export_libraries-extras.cmake
[6.376s] -- Up-to-date symlink: /home/student/Desktop/workspace/install/object_tracking_messages/share/object_tracking_messages/cmake/ament_cmake_export_targets-extras.cmake
[6.377s] -- Up-to-date symlink: /home/student/Desktop/workspace/install/object_tracking_messages/share/object_tracking_messages/cmake/rosidl_cmake_export_typesupport_targets-extras.cmake
[6.377s] -- Up-to-date symlink: /home/student/Desktop/workspace/install/object_tracking_messages/share/object_tracking_messages/cmake/ament_cmake_export_dependencies-extras.cmake
[6.377s] -- Up-to-date symlink: /home/student/Desktop/workspace/install/object_tracking_messages/share/object_tracking_messages/cmake/rosidl_cmake_export_typesupport_libraries-extras.cmake
[6.377s] -- Up-to-date symlink: /home/student/Desktop/workspace/install/object_tracking_messages/share/object_tracking_messages/cmake/object_tracking_messagesConfig.cmake
[6.377s] -- Up-to-date symlink: /home/student/Desktop/workspace/install/object_tracking_messages/share/object_tracking_messages/cmake/object_tracking_messagesConfig-version.cmake
[6.378s] -- Up-to-date symlink: /home/student/Desktop/workspace/install/object_tracking_messages/share/object_tracking_messages/package.xml
[6.379s] -- Installing: /home/student/Desktop/workspace/install/object_tracking_messages/lib/libobject_tracking_messages__rosidl_generator_c.so
[6.384s] -- Set runtime path of "/home/student/Desktop/workspace/install/object_tracking_messages/lib/libobject_tracking_messages__rosidl_generator_c.so" to ""
[6.384s] -- Installing: /home/student/Desktop/workspace/install/object_tracking_messages/lib/libobject_tracking_messages__rosidl_typesupport_fastrtps_c.so
[6.384s] -- Set runtime path of "/home/student/Desktop/workspace/install/object_tracking_messages/lib/libobject_tracking_messages__rosidl_typesupport_fastrtps_c.so" to ""
[6.384s] -- Installing: /home/student/Desktop/workspace/install/object_tracking_messages/lib/libobject_tracking_messages__rosidl_typesupport_introspection_c.so
[6.385s] -- Set runtime path of "/home/student/Desktop/workspace/install/object_tracking_messages/lib/libobject_tracking_messages__rosidl_typesupport_introspection_c.so" to ""
[6.385s] -- Installing: /home/student/Desktop/workspace/install/object_tracking_messages/lib/libobject_tracking_messages__rosidl_typesupport_c.so
[6.385s] -- Set runtime path of "/home/student/Desktop/workspace/install/object_tracking_messages/lib/libobject_tracking_messages__rosidl_typesupport_c.so" to ""
[6.385s] -- Installing: /home/student/Desktop/workspace/install/object_tracking_messages/lib/libobject_tracking_messages__rosidl_typesupport_fastrtps_cpp.so
[6.385s] -- Set runtime path of "/home/student/Desktop/workspace/install/object_tracking_messages/lib/libobject_tracking_messages__rosidl_typesupport_fastrtps_cpp.so" to ""
[6.385s] -- Installing: /home/student/Desktop/workspace/install/object_tracking_messages/lib/libobject_tracking_messages__rosidl_typesupport_introspection_cpp.so
[6.385s] -- Set runtime path of "/home/student/Desktop/workspace/install/object_tracking_messages/lib/libobject_tracking_messages__rosidl_typesupport_introspection_cpp.so" to ""
[6.385s] -- Installing: /home/student/Desktop/workspace/install/object_tracking_messages/lib/libobject_tracking_messages__rosidl_typesupport_cpp.so
[6.385s] -- Set runtime path of "/home/student/Desktop/workspace/install/object_tracking_messages/lib/libobject_tracking_messages__rosidl_typesupport_cpp.so" to ""
[6.440s] Listing '/home/student/Desktop/workspace/install/object_tracking_messages/local/lib/python3.10/dist-packages/object_tracking_messages'...
[6.441s] Compiling '/home/student/Desktop/workspace/install/object_tracking_messages/local/lib/python3.10/dist-packages/object_tracking_messages/__init__.py'...
[6.441s] Listing '/home/student/Desktop/workspace/install/object_tracking_messages/local/lib/python3.10/dist-packages/object_tracking_messages/msg'...
[6.447s] -- Installing: /home/student/Desktop/workspace/install/object_tracking_messages/lib/libobject_tracking_messages__rosidl_generator_py.so
[6.447s] -- Set runtime path of "/home/student/Desktop/workspace/install/object_tracking_messages/lib/libobject_tracking_messages__rosidl_generator_py.so" to ""
[6.448s] -- Up-to-date: /home/student/Desktop/workspace/install/object_tracking_messages/share/object_tracking_messages/cmake/export_object_tracking_messages__rosidl_generator_cExport.cmake
[6.448s] -- Up-to-date: /home/student/Desktop/workspace/install/object_tracking_messages/share/object_tracking_messages/cmake/export_object_tracking_messages__rosidl_generator_cExport-noconfig.cmake
[6.448s] -- Up-to-date: /home/student/Desktop/workspace/install/object_tracking_messages/share/object_tracking_messages/cmake/export_object_tracking_messages__rosidl_typesupport_fastrtps_cExport.cmake
[6.448s] -- Up-to-date: /home/student/Desktop/workspace/install/object_tracking_messages/share/object_tracking_messages/cmake/export_object_tracking_messages__rosidl_typesupport_fastrtps_cExport-noconfig.cmake
[6.448s] -- Up-to-date: /home/student/Desktop/workspace/install/object_tracking_messages/share/object_tracking_messages/cmake/object_tracking_messages__rosidl_typesupport_introspection_cExport.cmake
[6.448s] -- Up-to-date: /home/student/Desktop/workspace/install/object_tracking_messages/share/object_tracking_messages/cmake/object_tracking_messages__rosidl_typesupport_introspection_cExport-noconfig.cmake
[6.448s] -- Up-to-date: /home/student/Desktop/workspace/install/object_tracking_messages/share/object_tracking_messages/cmake/object_tracking_messages__rosidl_typesupport_cExport.cmake
[6.448s] -- Up-to-date: /home/student/Desktop/workspace/install/object_tracking_messages/share/object_tracking_messages/cmake/object_tracking_messages__rosidl_typesupport_cExport-noconfig.cmake
[6.448s] -- Up-to-date: /home/student/Desktop/workspace/install/object_tracking_messages/share/object_tracking_messages/cmake/export_object_tracking_messages__rosidl_generator_cppExport.cmake
[6.448s] -- Up-to-date: /home/student/Desktop/workspace/install/object_tracking_messages/share/object_tracking_messages/cmake/export_object_tracking_messages__rosidl_typesupport_fastrtps_cppExport.cmake
[6.449s] -- Up-to-date: /home/student/Desktop/workspace/install/object_tracking_messages/share/object_tracking_messages/cmake/export_object_tracking_messages__rosidl_typesupport_fastrtps_cppExport-noconfig.cmake
[6.449s] -- Up-to-date: /home/student/Desktop/workspace/install/object_tracking_messages/share/object_tracking_messages/cmake/object_tracking_messages__rosidl_typesupport_introspection_cppExport.cmake
[6.449s] -- Up-to-date: /home/student/Desktop/workspace/install/object_tracking_messages/share/object_tracking_messages/cmake/object_tracking_messages__rosidl_typesupport_introspection_cppExport-noconfig.cmake
[6.449s] -- Up-to-date: /home/student/Desktop/workspace/install/object_tracking_messages/share/object_tracking_messages/cmake/object_tracking_messages__rosidl_typesupport_cppExport.cmake
[6.449s] -- Up-to-date: /home/student/Desktop/workspace/install/object_tracking_messages/share/object_tracking_messages/cmake/object_tracking_messages__rosidl_typesupport_cppExport-noconfig.cmake
[6.449s] -- Up-to-date: /home/student/Desktop/workspace/install/object_tracking_messages/share/object_tracking_messages/cmake/export_object_tracking_messages__rosidl_generator_pyExport.cmake
[6.449s] -- Up-to-date: /home/student/Desktop/workspace/install/object_tracking_messages/share/object_tracking_messages/cmake/export_object_tracking_messages__rosidl_generator_pyExport-noconfig.cmake
[6.455s] Invoked command in '/home/student/Desktop/workspace/build/object_tracking_messages' returned '0': CMAKE_PREFIX_PATH=${CMAKE_PREFIX_PATH}:/home/student/Desktop/workspace/install/yolo_tracking:/home/student/Desktop/workspace/install/sensor_presentation:/home/student/Desktop/workspace/install/position_estimation:/opt/ros/humble /home/student/.local/bin/cmake --install /home/student/Desktop/workspace/build/object_tracking_messages
