[2.716s] Invoking command in '/home/student/Desktop/workspace/src/yolo_tracking': PYTHONPATH=/home/student/Desktop/workspace/build/yolo_tracking/prefix_override:/usr/lib/python3/dist-packages/colcon_core/task/python/colcon_distutils_commands:/home/student/Desktop/workspace/install/yolo_tracking/lib/python3.10/site-packages:${PYTHONPATH} /usr/bin/python3 -W ignore:setup.py install is deprecated setup.py egg_info --egg-base ../../build/yolo_tracking build --build-base /home/student/Desktop/workspace/build/yolo_tracking/build install --record /home/student/Desktop/workspace/build/yolo_tracking/install.log --single-version-externally-managed install_data
[3.057s] running egg_info
[3.059s] writing ../../build/yolo_tracking/yolo_tracking.egg-info/PKG-INFO
[3.059s] writing dependency_links to ../../build/yolo_tracking/yolo_tracking.egg-info/dependency_links.txt
[3.059s] writing entry points to ../../build/yolo_tracking/yolo_tracking.egg-info/entry_points.txt
[3.060s] writing requirements to ../../build/yolo_tracking/yolo_tracking.egg-info/requires.txt
[3.060s] writing top-level names to ../../build/yolo_tracking/yolo_tracking.egg-info/top_level.txt
[3.061s] reading manifest file '../../build/yolo_tracking/yolo_tracking.egg-info/SOURCES.txt'
[3.062s] writing manifest file '../../build/yolo_tracking/yolo_tracking.egg-info/SOURCES.txt'
[3.062s] running build
[3.062s] running build_py
[3.063s] running install
[3.063s] running install_lib
[3.064s] running install_data
[3.064s] running install_egg_info
[3.066s] removing '/home/student/Desktop/workspace/install/yolo_tracking/lib/python3.10/site-packages/yolo_tracking-0.0.0-py3.10.egg-info' (and everything under it)
[3.066s] Copying ../../build/yolo_tracking/yolo_tracking.egg-info to /home/student/Desktop/workspace/install/yolo_tracking/lib/python3.10/site-packages/yolo_tracking-0.0.0-py3.10.egg-info
[3.067s] running install_scripts
[3.085s] Installing object_detection_node script to /home/student/Desktop/workspace/install/yolo_tracking/lib/yolo_tracking
[3.085s] writing list of installed files to '/home/student/Desktop/workspace/build/yolo_tracking/install.log'
[3.103s] Invoked command in '/home/student/Desktop/workspace/src/yolo_tracking' returned '0': PYTHONPATH=/home/student/Desktop/workspace/build/yolo_tracking/prefix_override:/usr/lib/python3/dist-packages/colcon_core/task/python/colcon_distutils_commands:/home/student/Desktop/workspace/install/yolo_tracking/lib/python3.10/site-packages:${PYTHONPATH} /usr/bin/python3 -W ignore:setup.py install is deprecated setup.py egg_info --egg-base ../../build/yolo_tracking build --build-base /home/student/Desktop/workspace/build/yolo_tracking/build install --record /home/student/Desktop/workspace/build/yolo_tracking/install.log --single-version-externally-managed install_data
