[3.432s] Invoking command in '/home/student/Desktop/workspace/build/sensor_presentation': PYTHONPATH=/home/student/Desktop/workspace/build/sensor_presentation/prefix_override:/usr/lib/python3/dist-packages/colcon_core/task/python/colcon_distutils_commands:/home/student/Desktop/workspace/install/sensor_presentation/lib/python3.10/site-packages:${PYTHONPATH} /usr/bin/python3 -W ignore:setup.py install is deprecated setup.py develop --uninstall --editable --build-directory /home/student/Desktop/workspace/build/sensor_presentation/build
[4.015s] running develop
[4.016s] /usr/lib/python3/dist-packages/setuptools/command/easy_install.py:158: EasyInstallDeprecationWarning: easy_install command is deprecated. Use build and pip and other standards-based tools.
[4.016s]   warnings.warn(
[4.650s] Removing /home/student/Desktop/workspace/install/sensor_presentation/lib/python3.10/site-packages/sensor-presentation.egg-link (link to .)
[4.730s] Invoked command in '/home/student/Desktop/workspace/build/sensor_presentation' returned '0': PYTHONPATH=/home/student/Desktop/workspace/build/sensor_presentation/prefix_override:/usr/lib/python3/dist-packages/colcon_core/task/python/colcon_distutils_commands:/home/student/Desktop/workspace/install/sensor_presentation/lib/python3.10/site-packages:${PYTHONPATH} /usr/bin/python3 -W ignore:setup.py install is deprecated setup.py develop --uninstall --editable --build-directory /home/student/Desktop/workspace/build/sensor_presentation/build
[4.730s] Invoking command in '/home/student/Desktop/workspace/src/sensor_presentation': PYTHONPATH=/home/student/Desktop/workspace/build/sensor_presentation/prefix_override:/usr/lib/python3/dist-packages/colcon_core/task/python/colcon_distutils_commands:/home/student/Desktop/workspace/install/sensor_presentation/lib/python3.10/site-packages:${PYTHONPATH} /usr/bin/python3 -W ignore:setup.py install is deprecated setup.py egg_info --egg-base ../../build/sensor_presentation build --build-base /home/student/Desktop/workspace/build/sensor_presentation/build install --record /home/student/Desktop/workspace/build/sensor_presentation/install.log --single-version-externally-managed install_data --force
[5.377s] running egg_info
[5.382s] writing ../../build/sensor_presentation/sensor_presentation.egg-info/PKG-INFO
[5.383s] writing dependency_links to ../../build/sensor_presentation/sensor_presentation.egg-info/dependency_links.txt
[5.384s] writing entry points to ../../build/sensor_presentation/sensor_presentation.egg-info/entry_points.txt
[5.384s] writing requirements to ../../build/sensor_presentation/sensor_presentation.egg-info/requires.txt
[5.385s] writing top-level names to ../../build/sensor_presentation/sensor_presentation.egg-info/top_level.txt
[5.389s] reading manifest file '../../build/sensor_presentation/sensor_presentation.egg-info/SOURCES.txt'
[5.390s] writing manifest file '../../build/sensor_presentation/sensor_presentation.egg-info/SOURCES.txt'
[5.391s] running build
[5.391s] running build_py
[5.392s] running install
[5.392s] running install_lib
[5.394s] creating /home/student/Desktop/workspace/install/sensor_presentation/lib/python3.10/site-packages/sensor_presentation
[5.395s] copying /home/student/Desktop/workspace/build/sensor_presentation/build/lib/sensor_presentation/sensor_presentation_node.py -> /home/student/Desktop/workspace/install/sensor_presentation/lib/python3.10/site-packages/sensor_presentation
[5.395s] copying /home/student/Desktop/workspace/build/sensor_presentation/build/lib/sensor_presentation/__init__.py -> /home/student/Desktop/workspace/install/sensor_presentation/lib/python3.10/site-packages/sensor_presentation
[5.398s] byte-compiling /home/student/Desktop/workspace/install/sensor_presentation/lib/python3.10/site-packages/sensor_presentation/sensor_presentation_node.py to sensor_presentation_node.cpython-310.pyc
[5.399s] byte-compiling /home/student/Desktop/workspace/install/sensor_presentation/lib/python3.10/site-packages/sensor_presentation/__init__.py to __init__.cpython-310.pyc
[5.400s] running install_data
[5.400s] copying resource/sensor_presentation -> /home/student/Desktop/workspace/install/sensor_presentation/share/ament_index/resource_index/packages
[5.401s] copying package.xml -> /home/student/Desktop/workspace/install/sensor_presentation/share/sensor_presentation
[5.401s] running install_egg_info
[5.405s] Copying ../../build/sensor_presentation/sensor_presentation.egg-info to /home/student/Desktop/workspace/install/sensor_presentation/lib/python3.10/site-packages/sensor_presentation-0.0.0-py3.10.egg-info
[5.407s] running install_scripts
[5.445s] Installing sensor_presentation_node script to /home/student/Desktop/workspace/install/sensor_presentation/lib/sensor_presentation
[5.445s] writing list of installed files to '/home/student/Desktop/workspace/build/sensor_presentation/install.log'
[5.494s] Invoked command in '/home/student/Desktop/workspace/src/sensor_presentation' returned '0': PYTHONPATH=/home/student/Desktop/workspace/build/sensor_presentation/prefix_override:/usr/lib/python3/dist-packages/colcon_core/task/python/colcon_distutils_commands:/home/student/Desktop/workspace/install/sensor_presentation/lib/python3.10/site-packages:${PYTHONPATH} /usr/bin/python3 -W ignore:setup.py install is deprecated setup.py egg_info --egg-base ../../build/sensor_presentation build --build-base /home/student/Desktop/workspace/build/sensor_presentation/build install --record /home/student/Desktop/workspace/build/sensor_presentation/install.log --single-version-externally-managed install_data --force
