[0.367s] Invoking command in '/home/student/Desktop/workspace/build/object_tracking_messages': CMAKE_PREFIX_PATH=${CMAKE_PREFIX_PATH}:/home/student/Desktop/workspace/install/yolo_tracking:/home/student/Desktop/workspace/install/sensor_presentation:/home/student/Desktop/workspace/install/position_estimation:/home/student/Desktop/workspace/install/ouster_voxel_filter:/home/student/Desktop/workspace/install/navigation:/home/student/Desktop/workspace/install/main:/opt/ros/humble /usr/bin/cmake --build /home/student/Desktop/workspace/build/object_tracking_messages -- -j16 -l16
[0.403s] [35m[1mConsolidate compiler generated dependencies of target object_tracking_messages__rosidl_generator_c[0m
[0.413s] [  1%] Built target object_tracking_messages__cpp
[0.416s] [ 12%] Built target object_tracking_messages__rosidl_generator_c
[0.423s] [ 12%] Built target ament_cmake_python_symlink_object_tracking_messages
[0.428s] [35m[1mConsolidate compiler generated dependencies of target object_tracking_messages__rosidl_typesupport_introspection_cpp[0m
[0.428s] [35m[1mConsolidate compiler generated dependencies of target object_tracking_messages__rosidl_typesupport_cpp[0m
[0.429s] [35m[1mConsolidate compiler generated dependencies of target object_tracking_messages__rosidl_typesupport_fastrtps_cpp[0m
[0.432s] [35m[1mConsolidate compiler generated dependencies of target object_tracking_messages__rosidl_typesupport_introspection_c[0m
[0.434s] [35m[1mConsolidate compiler generated dependencies of target object_tracking_messages__rosidl_typesupport_c[0m
[0.435s] [35m[1mConsolidate compiler generated dependencies of target object_tracking_messages__rosidl_typesupport_fastrtps_c[0m
[0.445s] [ 23%] Built target object_tracking_messages__rosidl_typesupport_cpp
[0.446s] [ 34%] Built target object_tracking_messages__rosidl_typesupport_introspection_cpp
[0.447s] [ 46%] Built target object_tracking_messages__rosidl_typesupport_introspection_c
[0.448s] [ 57%] Built target object_tracking_messages__rosidl_typesupport_c
[0.451s] [ 68%] Built target object_tracking_messages__rosidl_typesupport_fastrtps_cpp
[0.459s] [ 79%] Built target object_tracking_messages__rosidl_typesupport_fastrtps_c
[0.482s] [ 79%] Built target object_tracking_messages
[0.505s] [ 80%] Built target object_tracking_messages__py
[0.517s] [35m[1mConsolidate compiler generated dependencies of target object_tracking_messages__rosidl_generator_py[0m
[0.535s] [ 90%] Built target object_tracking_messages__rosidl_generator_py
[0.547s] [35m[1mConsolidate compiler generated dependencies of target object_tracking_messages__rosidl_typesupport_fastrtps_c__pyext[0m
[0.548s] [35m[1mConsolidate compiler generated dependencies of target object_tracking_messages__rosidl_typesupport_introspection_c__pyext[0m
[0.548s] [35m[1mConsolidate compiler generated dependencies of target object_tracking_messages__rosidl_typesupport_c__pyext[0m
[0.564s] [ 93%] Built target object_tracking_messages__rosidl_typesupport_fastrtps_c__pyext
[0.564s] [ 96%] Built target object_tracking_messages__rosidl_typesupport_c__pyext
[0.565s] [100%] Built target object_tracking_messages__rosidl_typesupport_introspection_c__pyext
[0.747s] running egg_info
[0.748s] writing object_tracking_messages.egg-info/PKG-INFO
[0.748s] writing dependency_links to object_tracking_messages.egg-info/dependency_links.txt
[0.748s] writing top-level names to object_tracking_messages.egg-info/top_level.txt
[0.751s] reading manifest file 'object_tracking_messages.egg-info/SOURCES.txt'
[0.751s] writing manifest file 'object_tracking_messages.egg-info/SOURCES.txt'
[0.778s] [100%] Built target ament_cmake_python_build_object_tracking_messages_egg
[0.789s] Invoked command in '/home/student/Desktop/workspace/build/object_tracking_messages' returned '0': CMAKE_PREFIX_PATH=${CMAKE_PREFIX_PATH}:/home/student/Desktop/workspace/install/yolo_tracking:/home/student/Desktop/workspace/install/sensor_presentation:/home/student/Desktop/workspace/install/position_estimation:/home/student/Desktop/workspace/install/ouster_voxel_filter:/home/student/Desktop/workspace/install/navigation:/home/student/Desktop/workspace/install/main:/opt/ros/humble /usr/bin/cmake --build /home/student/Desktop/workspace/build/object_tracking_messages -- -j16 -l16
[0.999s] Invoking command in '/home/student/Desktop/workspace/build/object_tracking_messages': CMAKE_PREFIX_PATH=${CMAKE_PREFIX_PATH}:/home/student/Desktop/workspace/install/yolo_tracking:/home/student/Desktop/workspace/install/sensor_presentation:/home/student/Desktop/workspace/install/position_estimation:/home/student/Desktop/workspace/install/ouster_voxel_filter:/home/student/Desktop/workspace/install/navigation:/home/student/Desktop/workspace/install/main:/opt/ros/humble /usr/bin/cmake --install /home/student/Desktop/workspace/build/object_tracking_messages
[1.007s] -- Install configuration: ""
[1.007s] -- Execute custom install script
[1.007s] -- Up-to-date symlink: /home/student/Desktop/workspace/install/object_tracking_messages/share/ament_index/resource_index/rosidl_interfaces/object_tracking_messages
[1.008s] -- Up-to-date symlink: /home/student/Desktop/workspace/install/object_tracking_messages/include/object_tracking_messages/object_tracking_messages/msg/bounding_box.h
[1.008s] -- Up-to-date symlink: /home/student/Desktop/workspace/install/object_tracking_messages/include/object_tracking_messages/object_tracking_messages/msg/detail/bounding_box__functions.h
[1.008s] -- Up-to-date symlink: /home/student/Desktop/workspace/install/object_tracking_messages/include/object_tracking_messages/object_tracking_messages/msg/detail/bounding_box__struct.h
[1.008s] -- Up-to-date symlink: /home/student/Desktop/workspace/install/object_tracking_messages/include/object_tracking_messages/object_tracking_messages/msg/detail/bounding_box__type_support.h
[1.008s] -- Up-to-date symlink: /home/student/Desktop/workspace/install/object_tracking_messages/include/object_tracking_messages/object_tracking_messages/msg/detail/detected_person__functions.h
[1.009s] -- Up-to-date symlink: /home/student/Desktop/workspace/install/object_tracking_messages/include/object_tracking_messages/object_tracking_messages/msg/detail/detected_person__struct.h
[1.009s] -- Up-to-date symlink: /home/student/Desktop/workspace/install/object_tracking_messages/include/object_tracking_messages/object_tracking_messages/msg/detail/detected_person__type_support.h
[1.009s] -- Up-to-date symlink: /home/student/Desktop/workspace/install/object_tracking_messages/include/object_tracking_messages/object_tracking_messages/msg/detail/detected_persons__functions.h
[1.009s] -- Up-to-date symlink: /home/student/Desktop/workspace/install/object_tracking_messages/include/object_tracking_messages/object_tracking_messages/msg/detail/detected_persons__struct.h
[1.009s] -- Up-to-date symlink: /home/student/Desktop/workspace/install/object_tracking_messages/include/object_tracking_messages/object_tracking_messages/msg/detail/detected_persons__type_support.h
[1.009s] -- Up-to-date symlink: /home/student/Desktop/workspace/install/object_tracking_messages/include/object_tracking_messages/object_tracking_messages/msg/detail/person_distance__functions.h
[1.009s] -- Up-to-date symlink: /home/student/Desktop/workspace/install/object_tracking_messages/include/object_tracking_messages/object_tracking_messages/msg/detail/person_distance__struct.h
[1.009s] -- Up-to-date symlink: /home/student/Desktop/workspace/install/object_tracking_messages/include/object_tracking_messages/object_tracking_messages/msg/detail/person_distance__type_support.h
[1.010s] -- Up-to-date symlink: /home/student/Desktop/workspace/install/object_tracking_messages/include/object_tracking_messages/object_tracking_messages/msg/detail/person_key_point__functions.h
[1.010s] -- Up-to-date symlink: /home/student/Desktop/workspace/install/object_tracking_messages/include/object_tracking_messages/object_tracking_messages/msg/detail/person_key_point__struct.h
[1.010s] -- Up-to-date symlink: /home/student/Desktop/workspace/install/object_tracking_messages/include/object_tracking_messages/object_tracking_messages/msg/detail/person_key_point__type_support.h
[1.010s] -- Up-to-date symlink: /home/student/Desktop/workspace/install/object_tracking_messages/include/object_tracking_messages/object_tracking_messages/msg/detected_person.h
[1.010s] -- Up-to-date symlink: /home/student/Desktop/workspace/install/object_tracking_messages/include/object_tracking_messages/object_tracking_messages/msg/detected_persons.h
[1.010s] -- Up-to-date symlink: /home/student/Desktop/workspace/install/object_tracking_messages/include/object_tracking_messages/object_tracking_messages/msg/person_distance.h
[1.010s] -- Up-to-date symlink: /home/student/Desktop/workspace/install/object_tracking_messages/include/object_tracking_messages/object_tracking_messages/msg/person_key_point.h
[1.011s] -- Up-to-date symlink: /home/student/Desktop/workspace/install/object_tracking_messages/include/object_tracking_messages/object_tracking_messages/msg/rosidl_generator_c__visibility_control.h
[1.011s] -- Up-to-date symlink: /home/student/Desktop/workspace/install/object_tracking_messages/share/object_tracking_messages/environment/library_path.sh
[1.012s] -- Up-to-date symlink: /home/student/Desktop/workspace/install/object_tracking_messages/share/object_tracking_messages/environment/library_path.dsv
[1.013s] -- Up-to-date symlink: /home/student/Desktop/workspace/install/object_tracking_messages/include/object_tracking_messages/object_tracking_messages/msg/detail/bounding_box__rosidl_typesupport_fastrtps_c.h
[1.013s] -- Up-to-date symlink: /home/student/Desktop/workspace/install/object_tracking_messages/include/object_tracking_messages/object_tracking_messages/msg/detail/detected_person__rosidl_typesupport_fastrtps_c.h
[1.013s] -- Up-to-date symlink: /home/student/Desktop/workspace/install/object_tracking_messages/include/object_tracking_messages/object_tracking_messages/msg/detail/detected_persons__rosidl_typesupport_fastrtps_c.h
[1.014s] -- Up-to-date symlink: /home/student/Desktop/workspace/install/object_tracking_messages/include/object_tracking_messages/object_tracking_messages/msg/detail/person_distance__rosidl_typesupport_fastrtps_c.h
[1.014s] -- Up-to-date symlink: /home/student/Desktop/workspace/install/object_tracking_messages/include/object_tracking_messages/object_tracking_messages/msg/detail/person_key_point__rosidl_typesupport_fastrtps_c.h
[1.014s] -- Up-to-date symlink: /home/student/Desktop/workspace/install/object_tracking_messages/include/object_tracking_messages/object_tracking_messages/msg/rosidl_typesupport_fastrtps_c__visibility_control.h
[1.014s] -- Up-to-date symlink: /home/student/Desktop/workspace/install/object_tracking_messages/include/object_tracking_messages/object_tracking_messages/msg/detail/bounding_box__rosidl_typesupport_introspection_c.h
[1.014s] -- Up-to-date symlink: /home/student/Desktop/workspace/install/object_tracking_messages/include/object_tracking_messages/object_tracking_messages/msg/detail/detected_person__rosidl_typesupport_introspection_c.h
[1.014s] -- Up-to-date symlink: /home/student/Desktop/workspace/install/object_tracking_messages/include/object_tracking_messages/object_tracking_messages/msg/detail/detected_persons__rosidl_typesupport_introspection_c.h
[1.014s] -- Up-to-date symlink: /home/student/Desktop/workspace/install/object_tracking_messages/include/object_tracking_messages/object_tracking_messages/msg/detail/person_distance__rosidl_typesupport_introspection_c.h
[1.014s] -- Up-to-date symlink: /home/student/Desktop/workspace/install/object_tracking_messages/include/object_tracking_messages/object_tracking_messages/msg/detail/person_key_point__rosidl_typesupport_introspection_c.h
[1.015s] -- Up-to-date symlink: /home/student/Desktop/workspace/install/object_tracking_messages/include/object_tracking_messages/object_tracking_messages/msg/rosidl_typesupport_introspection_c__visibility_control.h
[1.015s] -- Up-to-date symlink: /home/student/Desktop/workspace/install/object_tracking_messages/include/object_tracking_messages/object_tracking_messages/msg/bounding_box.hpp
[1.015s] -- Up-to-date symlink: /home/student/Desktop/workspace/install/object_tracking_messages/include/object_tracking_messages/object_tracking_messages/msg/detail/bounding_box__builder.hpp
[1.015s] -- Up-to-date symlink: /home/student/Desktop/workspace/install/object_tracking_messages/include/object_tracking_messages/object_tracking_messages/msg/detail/bounding_box__struct.hpp
[1.015s] -- Up-to-date symlink: /home/student/Desktop/workspace/install/object_tracking_messages/include/object_tracking_messages/object_tracking_messages/msg/detail/bounding_box__traits.hpp
[1.015s] -- Up-to-date symlink: /home/student/Desktop/workspace/install/object_tracking_messages/include/object_tracking_messages/object_tracking_messages/msg/detail/detected_person__builder.hpp
[1.015s] -- Up-to-date symlink: /home/student/Desktop/workspace/install/object_tracking_messages/include/object_tracking_messages/object_tracking_messages/msg/detail/detected_person__struct.hpp
[1.015s] -- Up-to-date symlink: /home/student/Desktop/workspace/install/object_tracking_messages/include/object_tracking_messages/object_tracking_messages/msg/detail/detected_person__traits.hpp
[1.015s] -- Up-to-date symlink: /home/student/Desktop/workspace/install/object_tracking_messages/include/object_tracking_messages/object_tracking_messages/msg/detail/detected_persons__builder.hpp
[1.016s] -- Up-to-date symlink: /home/student/Desktop/workspace/install/object_tracking_messages/include/object_tracking_messages/object_tracking_messages/msg/detail/detected_persons__struct.hpp
[1.016s] -- Up-to-date symlink: /home/student/Desktop/workspace/install/object_tracking_messages/include/object_tracking_messages/object_tracking_messages/msg/detail/detected_persons__traits.hpp
[1.016s] -- Up-to-date symlink: /home/student/Desktop/workspace/install/object_tracking_messages/include/object_tracking_messages/object_tracking_messages/msg/detail/person_distance__builder.hpp
[1.016s] -- Up-to-date symlink: /home/student/Desktop/workspace/install/object_tracking_messages/include/object_tracking_messages/object_tracking_messages/msg/detail/person_distance__struct.hpp
[1.016s] -- Up-to-date symlink: /home/student/Desktop/workspace/install/object_tracking_messages/include/object_tracking_messages/object_tracking_messages/msg/detail/person_distance__traits.hpp
[1.016s] -- Up-to-date symlink: /home/student/Desktop/workspace/install/object_tracking_messages/include/object_tracking_messages/object_tracking_messages/msg/detail/person_key_point__builder.hpp
[1.016s] -- Up-to-date symlink: /home/student/Desktop/workspace/install/object_tracking_messages/include/object_tracking_messages/object_tracking_messages/msg/detail/person_key_point__struct.hpp
[1.016s] -- Up-to-date symlink: /home/student/Desktop/workspace/install/object_tracking_messages/include/object_tracking_messages/object_tracking_messages/msg/detail/person_key_point__traits.hpp
[1.016s] -- Up-to-date symlink: /home/student/Desktop/workspace/install/object_tracking_messages/include/object_tracking_messages/object_tracking_messages/msg/detected_person.hpp
[1.016s] -- Up-to-date symlink: /home/student/Desktop/workspace/install/object_tracking_messages/include/object_tracking_messages/object_tracking_messages/msg/detected_persons.hpp
[1.016s] -- Up-to-date symlink: /home/student/Desktop/workspace/install/object_tracking_messages/include/object_tracking_messages/object_tracking_messages/msg/person_distance.hpp
[1.016s] -- Up-to-date symlink: /home/student/Desktop/workspace/install/object_tracking_messages/include/object_tracking_messages/object_tracking_messages/msg/person_key_point.hpp
[1.017s] -- Up-to-date symlink: /home/student/Desktop/workspace/install/object_tracking_messages/include/object_tracking_messages/object_tracking_messages/msg/detail/bounding_box__rosidl_typesupport_fastrtps_cpp.hpp
[1.017s] -- Up-to-date symlink: /home/student/Desktop/workspace/install/object_tracking_messages/include/object_tracking_messages/object_tracking_messages/msg/detail/detected_person__rosidl_typesupport_fastrtps_cpp.hpp
[1.017s] -- Up-to-date symlink: /home/student/Desktop/workspace/install/object_tracking_messages/include/object_tracking_messages/object_tracking_messages/msg/detail/detected_persons__rosidl_typesupport_fastrtps_cpp.hpp
[1.017s] -- Up-to-date symlink: /home/student/Desktop/workspace/install/object_tracking_messages/include/object_tracking_messages/object_tracking_messages/msg/detail/person_distance__rosidl_typesupport_fastrtps_cpp.hpp
[1.017s] -- Up-to-date symlink: /home/student/Desktop/workspace/install/object_tracking_messages/include/object_tracking_messages/object_tracking_messages/msg/detail/person_key_point__rosidl_typesupport_fastrtps_cpp.hpp
[1.017s] -- Up-to-date symlink: /home/student/Desktop/workspace/install/object_tracking_messages/include/object_tracking_messages/object_tracking_messages/msg/rosidl_typesupport_fastrtps_cpp__visibility_control.h
[1.017s] -- Up-to-date symlink: /home/student/Desktop/workspace/install/object_tracking_messages/include/object_tracking_messages/object_tracking_messages/msg/detail/bounding_box__rosidl_typesupport_introspection_cpp.hpp
[1.017s] -- Up-to-date symlink: /home/student/Desktop/workspace/install/object_tracking_messages/include/object_tracking_messages/object_tracking_messages/msg/detail/detected_person__rosidl_typesupport_introspection_cpp.hpp
[1.017s] -- Up-to-date symlink: /home/student/Desktop/workspace/install/object_tracking_messages/include/object_tracking_messages/object_tracking_messages/msg/detail/detected_persons__rosidl_typesupport_introspection_cpp.hpp
[1.017s] -- Up-to-date symlink: /home/student/Desktop/workspace/install/object_tracking_messages/include/object_tracking_messages/object_tracking_messages/msg/detail/person_distance__rosidl_typesupport_introspection_cpp.hpp
[1.018s] -- Up-to-date symlink: /home/student/Desktop/workspace/install/object_tracking_messages/include/object_tracking_messages/object_tracking_messages/msg/detail/person_key_point__rosidl_typesupport_introspection_cpp.hpp
[1.018s] -- Up-to-date symlink: /home/student/Desktop/workspace/install/object_tracking_messages/share/object_tracking_messages/environment/pythonpath.sh
[1.018s] -- Up-to-date symlink: /home/student/Desktop/workspace/install/object_tracking_messages/share/object_tracking_messages/environment/pythonpath.dsv
[1.018s] -- Up-to-date symlink: /home/student/Desktop/workspace/install/object_tracking_messages/local/lib/python3.10/dist-packages/object_tracking_messages-0.0.0-py3.10.egg-info/PKG-INFO
[1.018s] -- Up-to-date symlink: /home/student/Desktop/workspace/install/object_tracking_messages/local/lib/python3.10/dist-packages/object_tracking_messages-0.0.0-py3.10.egg-info/SOURCES.txt
[1.018s] -- Up-to-date symlink: /home/student/Desktop/workspace/install/object_tracking_messages/local/lib/python3.10/dist-packages/object_tracking_messages-0.0.0-py3.10.egg-info/dependency_links.txt
[1.018s] -- Up-to-date symlink: /home/student/Desktop/workspace/install/object_tracking_messages/local/lib/python3.10/dist-packages/object_tracking_messages-0.0.0-py3.10.egg-info/top_level.txt
[1.018s] -- Up-to-date symlink: /home/student/Desktop/workspace/install/object_tracking_messages/local/lib/python3.10/dist-packages/object_tracking_messages/__init__.py
[1.019s] -- Up-to-date symlink: /home/student/Desktop/workspace/install/object_tracking_messages/local/lib/python3.10/dist-packages/object_tracking_messages/_object_tracking_messages_s.ep.rosidl_typesupport_c.c
[1.019s] -- Up-to-date symlink: /home/student/Desktop/workspace/install/object_tracking_messages/local/lib/python3.10/dist-packages/object_tracking_messages/_object_tracking_messages_s.ep.rosidl_typesupport_fastrtps_c.c
[1.019s] -- Up-to-date symlink: /home/student/Desktop/workspace/install/object_tracking_messages/local/lib/python3.10/dist-packages/object_tracking_messages/_object_tracking_messages_s.ep.rosidl_typesupport_introspection_c.c
[1.019s] -- Up-to-date symlink: /home/student/Desktop/workspace/install/object_tracking_messages/local/lib/python3.10/dist-packages/object_tracking_messages/libobject_tracking_messages__rosidl_generator_py.so
[1.019s] -- Up-to-date symlink: /home/student/Desktop/workspace/install/object_tracking_messages/local/lib/python3.10/dist-packages/object_tracking_messages/msg/__init__.py
[1.019s] -- Up-to-date symlink: /home/student/Desktop/workspace/install/object_tracking_messages/local/lib/python3.10/dist-packages/object_tracking_messages/msg/_bounding_box.py
[1.019s] -- Up-to-date symlink: /home/student/Desktop/workspace/install/object_tracking_messages/local/lib/python3.10/dist-packages/object_tracking_messages/msg/_bounding_box_s.c
[1.019s] -- Up-to-date symlink: /home/student/Desktop/workspace/install/object_tracking_messages/local/lib/python3.10/dist-packages/object_tracking_messages/msg/_detected_person.py
[1.019s] -- Up-to-date symlink: /home/student/Desktop/workspace/install/object_tracking_messages/local/lib/python3.10/dist-packages/object_tracking_messages/msg/_detected_person_s.c
[1.019s] -- Up-to-date symlink: /home/student/Desktop/workspace/install/object_tracking_messages/local/lib/python3.10/dist-packages/object_tracking_messages/msg/_detected_persons.py
[1.019s] -- Up-to-date symlink: /home/student/Desktop/workspace/install/object_tracking_messages/local/lib/python3.10/dist-packages/object_tracking_messages/msg/_detected_persons_s.c
[1.020s] -- Up-to-date symlink: /home/student/Desktop/workspace/install/object_tracking_messages/local/lib/python3.10/dist-packages/object_tracking_messages/msg/_person_distance.py
[1.020s] -- Up-to-date symlink: /home/student/Desktop/workspace/install/object_tracking_messages/local/lib/python3.10/dist-packages/object_tracking_messages/msg/_person_distance_s.c
[1.020s] -- Up-to-date symlink: /home/student/Desktop/workspace/install/object_tracking_messages/local/lib/python3.10/dist-packages/object_tracking_messages/msg/_person_key_point.py
[1.020s] -- Up-to-date symlink: /home/student/Desktop/workspace/install/object_tracking_messages/local/lib/python3.10/dist-packages/object_tracking_messages/msg/_person_key_point_s.c
[1.020s] -- Up-to-date symlink: /home/student/Desktop/workspace/install/object_tracking_messages/local/lib/python3.10/dist-packages/object_tracking_messages/object_tracking_messages_s__rosidl_typesupport_c.cpython-310-x86_64-linux-gnu.so
[1.020s] -- Up-to-date symlink: /home/student/Desktop/workspace/install/object_tracking_messages/local/lib/python3.10/dist-packages/object_tracking_messages/object_tracking_messages_s__rosidl_typesupport_fastrtps_c.cpython-310-x86_64-linux-gnu.so
[1.020s] -- Up-to-date symlink: /home/student/Desktop/workspace/install/object_tracking_messages/local/lib/python3.10/dist-packages/object_tracking_messages/object_tracking_messages_s__rosidl_typesupport_introspection_c.cpython-310-x86_64-linux-gnu.so
[1.021s] -- Up-to-date symlink: /home/student/Desktop/workspace/install/object_tracking_messages/local/lib/python3.10/dist-packages/object_tracking_messages/object_tracking_messages_s__rosidl_typesupport_fastrtps_c.cpython-310-x86_64-linux-gnu.so
[1.021s] -- Up-to-date symlink: /home/student/Desktop/workspace/install/object_tracking_messages/local/lib/python3.10/dist-packages/object_tracking_messages/object_tracking_messages_s__rosidl_typesupport_introspection_c.cpython-310-x86_64-linux-gnu.so
[1.021s] -- Up-to-date symlink: /home/student/Desktop/workspace/install/object_tracking_messages/local/lib/python3.10/dist-packages/object_tracking_messages/object_tracking_messages_s__rosidl_typesupport_c.cpython-310-x86_64-linux-gnu.so
[1.021s] -- Up-to-date symlink: /home/student/Desktop/workspace/install/object_tracking_messages/share/object_tracking_messages/msg/BoundingBox.idl
[1.021s] -- Up-to-date symlink: /home/student/Desktop/workspace/install/object_tracking_messages/share/object_tracking_messages/msg/PersonKeyPoint.idl
[1.021s] -- Up-to-date symlink: /home/student/Desktop/workspace/install/object_tracking_messages/share/object_tracking_messages/msg/DetectedPerson.idl
[1.022s] -- Up-to-date symlink: /home/student/Desktop/workspace/install/object_tracking_messages/share/object_tracking_messages/msg/DetectedPersons.idl
[1.022s] -- Up-to-date symlink: /home/student/Desktop/workspace/install/object_tracking_messages/share/object_tracking_messages/msg/PersonDistance.idl
[1.023s] -- Up-to-date symlink: /home/student/Desktop/workspace/install/object_tracking_messages/share/object_tracking_messages/msg/BoundingBox.msg
[1.023s] -- Up-to-date symlink: /home/student/Desktop/workspace/install/object_tracking_messages/share/object_tracking_messages/msg/PersonKeyPoint.msg
[1.023s] -- Up-to-date symlink: /home/student/Desktop/workspace/install/object_tracking_messages/share/object_tracking_messages/msg/DetectedPerson.msg
[1.023s] -- Up-to-date symlink: /home/student/Desktop/workspace/install/object_tracking_messages/share/object_tracking_messages/msg/DetectedPersons.msg
[1.024s] -- Up-to-date symlink: /home/student/Desktop/workspace/install/object_tracking_messages/share/object_tracking_messages/msg/PersonDistance.msg
[1.024s] -- Up-to-date symlink: /home/student/Desktop/workspace/install/object_tracking_messages/share/ament_index/resource_index/package_run_dependencies/object_tracking_messages
[1.024s] -- Up-to-date symlink: /home/student/Desktop/workspace/install/object_tracking_messages/share/ament_index/resource_index/parent_prefix_path/object_tracking_messages
[1.024s] -- Up-to-date symlink: /home/student/Desktop/workspace/install/object_tracking_messages/share/object_tracking_messages/environment/ament_prefix_path.sh
[1.025s] -- Up-to-date symlink: /home/student/Desktop/workspace/install/object_tracking_messages/share/object_tracking_messages/environment/ament_prefix_path.dsv
[1.025s] -- Up-to-date symlink: /home/student/Desktop/workspace/install/object_tracking_messages/share/object_tracking_messages/environment/path.sh
[1.025s] -- Up-to-date symlink: /home/student/Desktop/workspace/install/object_tracking_messages/share/object_tracking_messages/environment/path.dsv
[1.026s] -- Up-to-date symlink: /home/student/Desktop/workspace/install/object_tracking_messages/share/object_tracking_messages/local_setup.bash
[1.026s] -- Up-to-date symlink: /home/student/Desktop/workspace/install/object_tracking_messages/share/object_tracking_messages/local_setup.sh
[1.026s] -- Up-to-date symlink: /home/student/Desktop/workspace/install/object_tracking_messages/share/object_tracking_messages/local_setup.zsh
[1.027s] -- Up-to-date symlink: /home/student/Desktop/workspace/install/object_tracking_messages/share/object_tracking_messages/local_setup.dsv
[1.027s] -- Symlinking: /home/student/Desktop/workspace/install/object_tracking_messages/share/object_tracking_messages/package.dsv
[1.034s] -- Up-to-date symlink: /home/student/Desktop/workspace/install/object_tracking_messages/share/ament_index/resource_index/packages/object_tracking_messages
[1.034s] -- Up-to-date symlink: /home/student/Desktop/workspace/install/object_tracking_messages/share/object_tracking_messages/cmake/rosidl_cmake-extras.cmake
[1.035s] -- Up-to-date symlink: /home/student/Desktop/workspace/install/object_tracking_messages/share/object_tracking_messages/cmake/ament_cmake_export_include_directories-extras.cmake
[1.035s] -- Up-to-date symlink: /home/student/Desktop/workspace/install/object_tracking_messages/share/object_tracking_messages/cmake/ament_cmake_export_libraries-extras.cmake
[1.035s] -- Up-to-date symlink: /home/student/Desktop/workspace/install/object_tracking_messages/share/object_tracking_messages/cmake/ament_cmake_export_targets-extras.cmake
[1.035s] -- Up-to-date symlink: /home/student/Desktop/workspace/install/object_tracking_messages/share/object_tracking_messages/cmake/rosidl_cmake_export_typesupport_targets-extras.cmake
[1.036s] -- Up-to-date symlink: /home/student/Desktop/workspace/install/object_tracking_messages/share/object_tracking_messages/cmake/ament_cmake_export_dependencies-extras.cmake
[1.036s] -- Up-to-date symlink: /home/student/Desktop/workspace/install/object_tracking_messages/share/object_tracking_messages/cmake/rosidl_cmake_export_typesupport_libraries-extras.cmake
[1.036s] -- Up-to-date symlink: /home/student/Desktop/workspace/install/object_tracking_messages/share/object_tracking_messages/cmake/object_tracking_messagesConfig.cmake
[1.036s] -- Up-to-date symlink: /home/student/Desktop/workspace/install/object_tracking_messages/share/object_tracking_messages/cmake/object_tracking_messagesConfig-version.cmake
[1.036s] -- Up-to-date symlink: /home/student/Desktop/workspace/install/object_tracking_messages/share/object_tracking_messages/package.xml
[1.037s] -- Up-to-date: /home/student/Desktop/workspace/install/object_tracking_messages/lib/libobject_tracking_messages__rosidl_generator_c.so
[1.037s] -- Up-to-date: /home/student/Desktop/workspace/install/object_tracking_messages/lib/libobject_tracking_messages__rosidl_typesupport_fastrtps_c.so
[1.037s] -- Up-to-date: /home/student/Desktop/workspace/install/object_tracking_messages/lib/libobject_tracking_messages__rosidl_typesupport_introspection_c.so
[1.038s] -- Up-to-date: /home/student/Desktop/workspace/install/object_tracking_messages/lib/libobject_tracking_messages__rosidl_typesupport_c.so
[1.038s] -- Up-to-date: /home/student/Desktop/workspace/install/object_tracking_messages/lib/libobject_tracking_messages__rosidl_typesupport_fastrtps_cpp.so
[1.038s] -- Up-to-date: /home/student/Desktop/workspace/install/object_tracking_messages/lib/libobject_tracking_messages__rosidl_typesupport_introspection_cpp.so
[1.039s] -- Up-to-date: /home/student/Desktop/workspace/install/object_tracking_messages/lib/libobject_tracking_messages__rosidl_typesupport_cpp.so
[1.072s] Listing '/home/student/Desktop/workspace/install/object_tracking_messages/local/lib/python3.10/dist-packages/object_tracking_messages'...
[1.072s] Listing '/home/student/Desktop/workspace/install/object_tracking_messages/local/lib/python3.10/dist-packages/object_tracking_messages/msg'...
[1.078s] -- Up-to-date: /home/student/Desktop/workspace/install/object_tracking_messages/lib/libobject_tracking_messages__rosidl_generator_py.so
[1.078s] -- Up-to-date: /home/student/Desktop/workspace/install/object_tracking_messages/share/object_tracking_messages/cmake/export_object_tracking_messages__rosidl_generator_cExport.cmake
[1.078s] -- Up-to-date: /home/student/Desktop/workspace/install/object_tracking_messages/share/object_tracking_messages/cmake/export_object_tracking_messages__rosidl_generator_cExport-noconfig.cmake
[1.078s] -- Up-to-date: /home/student/Desktop/workspace/install/object_tracking_messages/share/object_tracking_messages/cmake/export_object_tracking_messages__rosidl_typesupport_fastrtps_cExport.cmake
[1.078s] -- Up-to-date: /home/student/Desktop/workspace/install/object_tracking_messages/share/object_tracking_messages/cmake/export_object_tracking_messages__rosidl_typesupport_fastrtps_cExport-noconfig.cmake
[1.078s] -- Up-to-date: /home/student/Desktop/workspace/install/object_tracking_messages/share/object_tracking_messages/cmake/object_tracking_messages__rosidl_typesupport_introspection_cExport.cmake
[1.078s] -- Up-to-date: /home/student/Desktop/workspace/install/object_tracking_messages/share/object_tracking_messages/cmake/object_tracking_messages__rosidl_typesupport_introspection_cExport-noconfig.cmake
[1.079s] -- Up-to-date: /home/student/Desktop/workspace/install/object_tracking_messages/share/object_tracking_messages/cmake/object_tracking_messages__rosidl_typesupport_cExport.cmake
[1.079s] -- Up-to-date: /home/student/Desktop/workspace/install/object_tracking_messages/share/object_tracking_messages/cmake/object_tracking_messages__rosidl_typesupport_cExport-noconfig.cmake
[1.079s] -- Up-to-date: /home/student/Desktop/workspace/install/object_tracking_messages/share/object_tracking_messages/cmake/export_object_tracking_messages__rosidl_generator_cppExport.cmake
[1.079s] -- Up-to-date: /home/student/Desktop/workspace/install/object_tracking_messages/share/object_tracking_messages/cmake/export_object_tracking_messages__rosidl_typesupport_fastrtps_cppExport.cmake
[1.079s] -- Up-to-date: /home/student/Desktop/workspace/install/object_tracking_messages/share/object_tracking_messages/cmake/export_object_tracking_messages__rosidl_typesupport_fastrtps_cppExport-noconfig.cmake
[1.079s] -- Up-to-date: /home/student/Desktop/workspace/install/object_tracking_messages/share/object_tracking_messages/cmake/object_tracking_messages__rosidl_typesupport_introspection_cppExport.cmake
[1.079s] -- Up-to-date: /home/student/Desktop/workspace/install/object_tracking_messages/share/object_tracking_messages/cmake/object_tracking_messages__rosidl_typesupport_introspection_cppExport-noconfig.cmake
[1.079s] -- Up-to-date: /home/student/Desktop/workspace/install/object_tracking_messages/share/object_tracking_messages/cmake/object_tracking_messages__rosidl_typesupport_cppExport.cmake
[1.080s] -- Up-to-date: /home/student/Desktop/workspace/install/object_tracking_messages/share/object_tracking_messages/cmake/object_tracking_messages__rosidl_typesupport_cppExport-noconfig.cmake
[1.080s] -- Up-to-date: /home/student/Desktop/workspace/install/object_tracking_messages/share/object_tracking_messages/cmake/export_object_tracking_messages__rosidl_generator_pyExport.cmake
[1.080s] -- Up-to-date: /home/student/Desktop/workspace/install/object_tracking_messages/share/object_tracking_messages/cmake/export_object_tracking_messages__rosidl_generator_pyExport-noconfig.cmake
[1.083s] Invoked command in '/home/student/Desktop/workspace/build/object_tracking_messages' returned '0': CMAKE_PREFIX_PATH=${CMAKE_PREFIX_PATH}:/home/student/Desktop/workspace/install/yolo_tracking:/home/student/Desktop/workspace/install/sensor_presentation:/home/student/Desktop/workspace/install/position_estimation:/home/student/Desktop/workspace/install/ouster_voxel_filter:/home/student/Desktop/workspace/install/navigation:/home/student/Desktop/workspace/install/main:/opt/ros/humble /usr/bin/cmake --install /home/student/Desktop/workspace/build/object_tracking_messages
