[2.882s] Invoking command in '/home/student/Desktop/workspace/build/position_estimation': PYTHONPATH=/home/student/Desktop/workspace/build/position_estimation/prefix_override:/usr/lib/python3/dist-packages/colcon_core/task/python/colcon_distutils_commands:/home/student/Desktop/workspace/install/position_estimation/lib/python3.10/site-packages:${PYTHONPATH} /usr/bin/python3 -W ignore:setup.py install is deprecated setup.py develop --editable --build-directory /home/student/Desktop/workspace/build/position_estimation/build --no-deps
[3.446s] running develop
[3.446s] /usr/lib/python3/dist-packages/setuptools/command/easy_install.py:158: EasyInstallDeprecationWarning: easy_install command is deprecated. Use build and pip and other standards-based tools.
[3.446s]   warnings.warn(
[4.079s] running egg_info
[4.083s] creating position_estimation.egg-info
[4.083s] writing position_estimation.egg-info/PKG-INFO
[4.084s] writing dependency_links to position_estimation.egg-info/dependency_links.txt
[4.085s] writing entry points to position_estimation.egg-info/entry_points.txt
[4.085s] writing requirements to position_estimation.egg-info/requires.txt
[4.096s] writing top-level names to position_estimation.egg-info/top_level.txt
[4.096s] writing manifest file 'position_estimation.egg-info/SOURCES.txt'
[4.100s] reading manifest file 'position_estimation.egg-info/SOURCES.txt'
[4.109s] writing manifest file 'position_estimation.egg-info/SOURCES.txt'
[4.335s] running build_ext
[4.336s] Creating /home/student/Desktop/workspace/install/position_estimation/lib/python3.10/site-packages/position-estimation.egg-link (link to .)
[4.337s] Installing position_estimation_node script to /home/student/Desktop/workspace/install/position_estimation/lib/position_estimation
[4.345s] 
[4.345s] Installed /home/student/Desktop/workspace/build/position_estimation
[4.564s] Invoked command in '/home/student/Desktop/workspace/build/position_estimation' returned '0': PYTHONPATH=/home/student/Desktop/workspace/build/position_estimation/prefix_override:/usr/lib/python3/dist-packages/colcon_core/task/python/colcon_distutils_commands:/home/student/Desktop/workspace/install/position_estimation/lib/python3.10/site-packages:${PYTHONPATH} /usr/bin/python3 -W ignore:setup.py install is deprecated setup.py develop --editable --build-directory /home/student/Desktop/workspace/build/position_estimation/build --no-deps
