running develop
/usr/lib/python3/dist-packages/setuptools/command/easy_install.py:158: EasyInstallDeprecationWarning: easy_install command is deprecated. Use build and pip and other standards-based tools.
  warnings.warn(
running egg_info
creating main.egg-info
writing main.egg-info/PKG-INFO
writing dependency_links to main.egg-info/dependency_links.txt
writing entry points to main.egg-info/entry_points.txt
writing requirements to main.egg-info/requires.txt
writing top-level names to main.egg-info/top_level.txt
writing manifest file 'main.egg-info/SOURCES.txt'
reading manifest file 'main.egg-info/SOURCES.txt'
writing manifest file 'main.egg-info/SOURCES.txt'
running build_ext
Creating /home/student/Desktop/workspace/install/main/lib/python3.10/site-packages/main.egg-link (link to .)

Installed /home/student/Desktop/workspace/build/main
running symlink_data
creating /home/student/Desktop/workspace/install/main/share/ament_index
creating /home/student/Desktop/workspace/install/main/share/ament_index/resource_index
creating /home/student/Desktop/workspace/install/main/share/ament_index/resource_index/packages
symbolically linking /home/student/Desktop/workspace/build/main/resource/main -> /home/student/Desktop/workspace/install/main/share/ament_index/resource_index/packages
symbolically linking /home/student/Desktop/workspace/build/main/package.xml -> /home/student/Desktop/workspace/install/main/share/main
creating /home/student/Desktop/workspace/install/main/share/main/launch
symbolically linking /home/student/Desktop/workspace/build/main/launch/main_launch.py -> /home/student/Desktop/workspace/install/main/share/main/launch
