[2.692s] Invoking command in '/home/student/Desktop/workspace/build/main': PYTHONPATH=/home/student/Desktop/workspace/build/main/prefix_override:/usr/lib/python3/dist-packages/colcon_core/task/python/colcon_distutils_commands:/home/student/Desktop/workspace/install/main/lib/python3.10/site-packages:${PYTHONPATH} /usr/bin/python3 -W ignore:setup.py install is deprecated setup.py develop --editable --build-directory /home/student/Desktop/workspace/build/main/build --no-deps symlink_data
[3.249s] running develop
[3.250s] /usr/lib/python3/dist-packages/setuptools/command/easy_install.py:158: EasyInstallDeprecationWarning: easy_install command is deprecated. Use build and pip and other standards-based tools.
[3.250s]   warnings.warn(
[3.736s] running egg_info
[3.737s] creating main.egg-info
[3.737s] writing main.egg-info/PKG-INFO
[3.738s] writing dependency_links to main.egg-info/dependency_links.txt
[3.738s] writing entry points to main.egg-info/entry_points.txt
[3.739s] writing requirements to main.egg-info/requires.txt
[3.739s] writing top-level names to main.egg-info/top_level.txt
[3.740s] writing manifest file 'main.egg-info/SOURCES.txt'
[3.743s] reading manifest file 'main.egg-info/SOURCES.txt'
[3.750s] writing manifest file 'main.egg-info/SOURCES.txt'
[3.889s] running build_ext
[3.889s] Creating /home/student/Desktop/workspace/install/main/lib/python3.10/site-packages/main.egg-link (link to .)
[3.891s] 
[3.891s] Installed /home/student/Desktop/workspace/build/main
[3.891s] running symlink_data
[3.891s] creating /home/student/Desktop/workspace/install/main/share/ament_index
[3.891s] creating /home/student/Desktop/workspace/install/main/share/ament_index/resource_index
[3.891s] creating /home/student/Desktop/workspace/install/main/share/ament_index/resource_index/packages
[3.891s] symbolically linking /home/student/Desktop/workspace/build/main/resource/main -> /home/student/Desktop/workspace/install/main/share/ament_index/resource_index/packages
[3.897s] symbolically linking /home/student/Desktop/workspace/build/main/package.xml -> /home/student/Desktop/workspace/install/main/share/main
[3.897s] creating /home/student/Desktop/workspace/install/main/share/main/launch
[3.898s] symbolically linking /home/student/Desktop/workspace/build/main/launch/main_launch.py -> /home/student/Desktop/workspace/install/main/share/main/launch
[4.066s] Invoked command in '/home/student/Desktop/workspace/build/main' returned '0': PYTHONPATH=/home/student/Desktop/workspace/build/main/prefix_override:/usr/lib/python3/dist-packages/colcon_core/task/python/colcon_distutils_commands:/home/student/Desktop/workspace/install/main/lib/python3.10/site-packages:${PYTHONPATH} /usr/bin/python3 -W ignore:setup.py install is deprecated setup.py develop --editable --build-directory /home/student/Desktop/workspace/build/main/build --no-deps symlink_data
