[0.052s] Invoking command in '/home/student/Desktop/workspace/build/ouster_sensor_msgs': CMAKE_PREFIX_PATH=${CMAKE_PREFIX_PATH}:/home/student/Desktop/workspace/install/navigation:/home/student/Desktop/workspace/install/yolo_tracking:/home/student/Desktop/workspace/install/sensor_presentation:/home/student/Desktop/workspace/install/position_estimation:/opt/ros/humble /home/student/.local/bin/cmake /home/student/Desktop/workspace/src/ouster-ros/ouster-sensor-msgs -DAMENT_CMAKE_SYMLINK_INSTALL=1 -DCMAKE_INSTALL_PREFIX=/home/student/Desktop/workspace/install/ouster_sensor_msgs
[0.957s] -- Found ament_cmake: 1.3.10 (/opt/ros/humble/share/ament_cmake/cmake)
[0.958s] -- Override CMake install command with custom implementation using symlinks instead of copying resources
[0.958s] -- Found std_msgs: 4.2.4 (/opt/ros/humble/share/std_msgs/cmake)
[0.959s] -- Found rosidl_generator_c: 3.1.5 (/opt/ros/humble/share/rosidl_generator_c/cmake)
[0.959s] -- Found rosidl_adapter: 3.1.5 (/opt/ros/humble/share/rosidl_adapter/cmake)
[0.960s] -- Found rosidl_generator_cpp: 3.1.5 (/opt/ros/humble/share/rosidl_generator_cpp/cmake)
[0.961s] -- Using all available rosidl_typesupport_c: rosidl_typesupport_fastrtps_c;rosidl_typesupport_introspection_c
[0.961s] -- Using all available rosidl_typesupport_cpp: rosidl_typesupport_fastrtps_cpp;rosidl_typesupport_introspection_cpp
[0.961s] -- Found rosidl_default_generators: 1.2.0 (/opt/ros/humble/share/rosidl_default_generators/cmake)
[0.961s] -- Found ament_cmake_ros: 0.10.0 (/opt/ros/humble/share/ament_cmake_ros/cmake)
[0.961s] -- Using all available rosidl_typesupport_c: rosidl_typesupport_fastrtps_c;rosidl_typesupport_introspection_c
[0.961s] -- Using all available rosidl_typesupport_cpp: rosidl_typesupport_fastrtps_cpp;rosidl_typesupport_introspection_cpp
[0.961s] -- Found python_cmake_module: 0.10.0 (/opt/ros/humble/share/python_cmake_module/cmake)
[0.961s] -- Using PYTHON_EXECUTABLE: /usr/bin/python3
[0.962s] -- Using PYTHON_INCLUDE_DIRS: /usr/include/python3.10
[0.962s] -- Using PYTHON_LIBRARIES: /usr/lib/x86_64-linux-gnu/libpython3.10.so
[0.962s] -- Configuring done (0.8s)
[0.962s] -- Generating done (0.0s)
[0.962s] -- Build files have been written to: /home/student/Desktop/workspace/build/ouster_sensor_msgs
[1.243s] Invoked command in '/home/student/Desktop/workspace/build/ouster_sensor_msgs' returned '0': CMAKE_PREFIX_PATH=${CMAKE_PREFIX_PATH}:/home/student/Desktop/workspace/install/navigation:/home/student/Desktop/workspace/install/yolo_tracking:/home/student/Desktop/workspace/install/sensor_presentation:/home/student/Desktop/workspace/install/position_estimation:/opt/ros/humble /home/student/.local/bin/cmake /home/student/Desktop/workspace/src/ouster-ros/ouster-sensor-msgs -DAMENT_CMAKE_SYMLINK_INSTALL=1 -DCMAKE_INSTALL_PREFIX=/home/student/Desktop/workspace/install/ouster_sensor_msgs
[1.244s] Invoking command in '/home/student/Desktop/workspace/build/ouster_sensor_msgs': CMAKE_PREFIX_PATH=${CMAKE_PREFIX_PATH}:/home/student/Desktop/workspace/install/navigation:/home/student/Desktop/workspace/install/yolo_tracking:/home/student/Desktop/workspace/install/sensor_presentation:/home/student/Desktop/workspace/install/position_estimation:/opt/ros/humble /home/student/.local/bin/cmake --build /home/student/Desktop/workspace/build/ouster_sensor_msgs -- -j16 -l16
[1.295s] [  1%] Built target ouster_sensor_msgs__cpp
[1.300s] [ 12%] Built target ouster_sensor_msgs__rosidl_generator_c
[1.304s] [ 12%] Built target ament_cmake_python_symlink_ouster_sensor_msgs
[1.330s] [ 23%] Built target ouster_sensor_msgs__rosidl_typesupport_fastrtps_cpp
[1.330s] [ 34%] Built target ouster_sensor_msgs__rosidl_typesupport_cpp
[1.339s] [ 45%] Built target ouster_sensor_msgs__rosidl_typesupport_introspection_cpp
[1.339s] [ 56%] Built target ouster_sensor_msgs__rosidl_typesupport_introspection_c
[1.344s] [ 67%] Built target ouster_sensor_msgs__rosidl_typesupport_c
[1.345s] [ 78%] Built target ouster_sensor_msgs__rosidl_typesupport_fastrtps_c
[1.361s] [ 78%] Built target ouster_sensor_msgs
[1.376s] [ 80%] Built target ouster_sensor_msgs__py
[1.396s] [ 89%] Built target ouster_sensor_msgs__rosidl_generator_py
[1.413s] [ 92%] Built target ouster_sensor_msgs__rosidl_typesupport_introspection_c__pyext
[1.417s] [ 96%] Built target ouster_sensor_msgs__rosidl_typesupport_c__pyext
[1.417s] [100%] Built target ouster_sensor_msgs__rosidl_typesupport_fastrtps_c__pyext
[1.648s] running egg_info
[1.649s] writing ouster_sensor_msgs.egg-info/PKG-INFO
[1.649s] writing dependency_links to ouster_sensor_msgs.egg-info/dependency_links.txt
[1.649s] writing top-level names to ouster_sensor_msgs.egg-info/top_level.txt
[1.651s] reading manifest file 'ouster_sensor_msgs.egg-info/SOURCES.txt'
[1.652s] writing manifest file 'ouster_sensor_msgs.egg-info/SOURCES.txt'
[1.671s] [100%] Built target ament_cmake_python_build_ouster_sensor_msgs_egg
[1.679s] Invoked command in '/home/student/Desktop/workspace/build/ouster_sensor_msgs' returned '0': CMAKE_PREFIX_PATH=${CMAKE_PREFIX_PATH}:/home/student/Desktop/workspace/install/navigation:/home/student/Desktop/workspace/install/yolo_tracking:/home/student/Desktop/workspace/install/sensor_presentation:/home/student/Desktop/workspace/install/position_estimation:/opt/ros/humble /home/student/.local/bin/cmake --build /home/student/Desktop/workspace/build/ouster_sensor_msgs -- -j16 -l16
[1.919s] Invoking command in '/home/student/Desktop/workspace/build/ouster_sensor_msgs': CMAKE_PREFIX_PATH=${CMAKE_PREFIX_PATH}:/home/student/Desktop/workspace/install/navigation:/home/student/Desktop/workspace/install/yolo_tracking:/home/student/Desktop/workspace/install/sensor_presentation:/home/student/Desktop/workspace/install/position_estimation:/opt/ros/humble /home/student/.local/bin/cmake --install /home/student/Desktop/workspace/build/ouster_sensor_msgs
[1.950s] -- Install configuration: ""
[1.950s] -- Execute custom install script
[1.951s] -- Up-to-date symlink: /home/student/Desktop/workspace/install/ouster_sensor_msgs/share/ament_index/resource_index/rosidl_interfaces/ouster_sensor_msgs
[1.951s] -- Up-to-date symlink: /home/student/Desktop/workspace/install/ouster_sensor_msgs/include/ouster_sensor_msgs/ouster_sensor_msgs/msg/detail/packet_msg__functions.h
[1.951s] -- Up-to-date symlink: /home/student/Desktop/workspace/install/ouster_sensor_msgs/include/ouster_sensor_msgs/ouster_sensor_msgs/msg/detail/packet_msg__struct.h
[1.952s] -- Up-to-date symlink: /home/student/Desktop/workspace/install/ouster_sensor_msgs/include/ouster_sensor_msgs/ouster_sensor_msgs/msg/detail/packet_msg__type_support.h
[1.952s] -- Up-to-date symlink: /home/student/Desktop/workspace/install/ouster_sensor_msgs/include/ouster_sensor_msgs/ouster_sensor_msgs/msg/packet_msg.h
[1.952s] -- Up-to-date symlink: /home/student/Desktop/workspace/install/ouster_sensor_msgs/include/ouster_sensor_msgs/ouster_sensor_msgs/msg/rosidl_generator_c__visibility_control.h
[1.952s] -- Up-to-date symlink: /home/student/Desktop/workspace/install/ouster_sensor_msgs/include/ouster_sensor_msgs/ouster_sensor_msgs/srv/detail/get_config__functions.h
[1.952s] -- Up-to-date symlink: /home/student/Desktop/workspace/install/ouster_sensor_msgs/include/ouster_sensor_msgs/ouster_sensor_msgs/srv/detail/get_config__struct.h
[1.952s] -- Up-to-date symlink: /home/student/Desktop/workspace/install/ouster_sensor_msgs/include/ouster_sensor_msgs/ouster_sensor_msgs/srv/detail/get_config__type_support.h
[1.952s] -- Up-to-date symlink: /home/student/Desktop/workspace/install/ouster_sensor_msgs/include/ouster_sensor_msgs/ouster_sensor_msgs/srv/detail/get_metadata__functions.h
[1.953s] -- Up-to-date symlink: /home/student/Desktop/workspace/install/ouster_sensor_msgs/include/ouster_sensor_msgs/ouster_sensor_msgs/srv/detail/get_metadata__struct.h
[1.953s] -- Up-to-date symlink: /home/student/Desktop/workspace/install/ouster_sensor_msgs/include/ouster_sensor_msgs/ouster_sensor_msgs/srv/detail/get_metadata__type_support.h
[1.953s] -- Up-to-date symlink: /home/student/Desktop/workspace/install/ouster_sensor_msgs/include/ouster_sensor_msgs/ouster_sensor_msgs/srv/detail/set_config__functions.h
[1.953s] -- Up-to-date symlink: /home/student/Desktop/workspace/install/ouster_sensor_msgs/include/ouster_sensor_msgs/ouster_sensor_msgs/srv/detail/set_config__struct.h
[1.953s] -- Up-to-date symlink: /home/student/Desktop/workspace/install/ouster_sensor_msgs/include/ouster_sensor_msgs/ouster_sensor_msgs/srv/detail/set_config__type_support.h
[1.953s] -- Up-to-date symlink: /home/student/Desktop/workspace/install/ouster_sensor_msgs/include/ouster_sensor_msgs/ouster_sensor_msgs/srv/get_config.h
[1.953s] -- Up-to-date symlink: /home/student/Desktop/workspace/install/ouster_sensor_msgs/include/ouster_sensor_msgs/ouster_sensor_msgs/srv/get_metadata.h
[1.954s] -- Up-to-date symlink: /home/student/Desktop/workspace/install/ouster_sensor_msgs/include/ouster_sensor_msgs/ouster_sensor_msgs/srv/set_config.h
[1.954s] -- Up-to-date symlink: /home/student/Desktop/workspace/install/ouster_sensor_msgs/share/ouster_sensor_msgs/environment/library_path.sh
[1.954s] -- Up-to-date symlink: /home/student/Desktop/workspace/install/ouster_sensor_msgs/share/ouster_sensor_msgs/environment/library_path.dsv
[1.954s] -- Up-to-date symlink: /home/student/Desktop/workspace/install/ouster_sensor_msgs/include/ouster_sensor_msgs/ouster_sensor_msgs/msg/detail/packet_msg__rosidl_typesupport_fastrtps_c.h
[1.954s] -- Up-to-date symlink: /home/student/Desktop/workspace/install/ouster_sensor_msgs/include/ouster_sensor_msgs/ouster_sensor_msgs/msg/rosidl_typesupport_fastrtps_c__visibility_control.h
[1.955s] -- Up-to-date symlink: /home/student/Desktop/workspace/install/ouster_sensor_msgs/include/ouster_sensor_msgs/ouster_sensor_msgs/srv/detail/get_config__rosidl_typesupport_fastrtps_c.h
[1.955s] -- Up-to-date symlink: /home/student/Desktop/workspace/install/ouster_sensor_msgs/include/ouster_sensor_msgs/ouster_sensor_msgs/srv/detail/get_metadata__rosidl_typesupport_fastrtps_c.h
[1.955s] -- Up-to-date symlink: /home/student/Desktop/workspace/install/ouster_sensor_msgs/include/ouster_sensor_msgs/ouster_sensor_msgs/srv/detail/set_config__rosidl_typesupport_fastrtps_c.h
[1.955s] -- Up-to-date symlink: /home/student/Desktop/workspace/install/ouster_sensor_msgs/include/ouster_sensor_msgs/ouster_sensor_msgs/msg/detail/packet_msg__builder.hpp
[1.955s] -- Up-to-date symlink: /home/student/Desktop/workspace/install/ouster_sensor_msgs/include/ouster_sensor_msgs/ouster_sensor_msgs/msg/detail/packet_msg__struct.hpp
[1.956s] -- Up-to-date symlink: /home/student/Desktop/workspace/install/ouster_sensor_msgs/include/ouster_sensor_msgs/ouster_sensor_msgs/msg/detail/packet_msg__traits.hpp
[1.956s] -- Up-to-date symlink: /home/student/Desktop/workspace/install/ouster_sensor_msgs/include/ouster_sensor_msgs/ouster_sensor_msgs/msg/packet_msg.hpp
[1.956s] -- Up-to-date symlink: /home/student/Desktop/workspace/install/ouster_sensor_msgs/include/ouster_sensor_msgs/ouster_sensor_msgs/srv/detail/get_config__builder.hpp
[1.956s] -- Up-to-date symlink: /home/student/Desktop/workspace/install/ouster_sensor_msgs/include/ouster_sensor_msgs/ouster_sensor_msgs/srv/detail/get_config__struct.hpp
[1.956s] -- Up-to-date symlink: /home/student/Desktop/workspace/install/ouster_sensor_msgs/include/ouster_sensor_msgs/ouster_sensor_msgs/srv/detail/get_config__traits.hpp
[1.956s] -- Up-to-date symlink: /home/student/Desktop/workspace/install/ouster_sensor_msgs/include/ouster_sensor_msgs/ouster_sensor_msgs/srv/detail/get_metadata__builder.hpp
[1.957s] -- Up-to-date symlink: /home/student/Desktop/workspace/install/ouster_sensor_msgs/include/ouster_sensor_msgs/ouster_sensor_msgs/srv/detail/get_metadata__struct.hpp
[1.957s] -- Up-to-date symlink: /home/student/Desktop/workspace/install/ouster_sensor_msgs/include/ouster_sensor_msgs/ouster_sensor_msgs/srv/detail/get_metadata__traits.hpp
[1.957s] -- Up-to-date symlink: /home/student/Desktop/workspace/install/ouster_sensor_msgs/include/ouster_sensor_msgs/ouster_sensor_msgs/srv/detail/set_config__builder.hpp
[1.957s] -- Up-to-date symlink: /home/student/Desktop/workspace/install/ouster_sensor_msgs/include/ouster_sensor_msgs/ouster_sensor_msgs/srv/detail/set_config__struct.hpp
[1.957s] -- Up-to-date symlink: /home/student/Desktop/workspace/install/ouster_sensor_msgs/include/ouster_sensor_msgs/ouster_sensor_msgs/srv/detail/set_config__traits.hpp
[1.957s] -- Up-to-date symlink: /home/student/Desktop/workspace/install/ouster_sensor_msgs/include/ouster_sensor_msgs/ouster_sensor_msgs/srv/get_config.hpp
[1.957s] -- Up-to-date symlink: /home/student/Desktop/workspace/install/ouster_sensor_msgs/include/ouster_sensor_msgs/ouster_sensor_msgs/srv/get_metadata.hpp
[1.957s] -- Up-to-date symlink: /home/student/Desktop/workspace/install/ouster_sensor_msgs/include/ouster_sensor_msgs/ouster_sensor_msgs/srv/set_config.hpp
[1.958s] -- Up-to-date symlink: /home/student/Desktop/workspace/install/ouster_sensor_msgs/include/ouster_sensor_msgs/ouster_sensor_msgs/msg/detail/packet_msg__rosidl_typesupport_fastrtps_cpp.hpp
[1.958s] -- Up-to-date symlink: /home/student/Desktop/workspace/install/ouster_sensor_msgs/include/ouster_sensor_msgs/ouster_sensor_msgs/msg/rosidl_typesupport_fastrtps_cpp__visibility_control.h
[1.958s] -- Up-to-date symlink: /home/student/Desktop/workspace/install/ouster_sensor_msgs/include/ouster_sensor_msgs/ouster_sensor_msgs/srv/detail/get_config__rosidl_typesupport_fastrtps_cpp.hpp
[1.958s] -- Up-to-date symlink: /home/student/Desktop/workspace/install/ouster_sensor_msgs/include/ouster_sensor_msgs/ouster_sensor_msgs/srv/detail/get_metadata__rosidl_typesupport_fastrtps_cpp.hpp
[1.959s] -- Up-to-date symlink: /home/student/Desktop/workspace/install/ouster_sensor_msgs/include/ouster_sensor_msgs/ouster_sensor_msgs/srv/detail/set_config__rosidl_typesupport_fastrtps_cpp.hpp
[1.959s] -- Up-to-date symlink: /home/student/Desktop/workspace/install/ouster_sensor_msgs/include/ouster_sensor_msgs/ouster_sensor_msgs/msg/detail/packet_msg__rosidl_typesupport_introspection_c.h
[1.959s] -- Up-to-date symlink: /home/student/Desktop/workspace/install/ouster_sensor_msgs/include/ouster_sensor_msgs/ouster_sensor_msgs/msg/rosidl_typesupport_introspection_c__visibility_control.h
[1.959s] -- Up-to-date symlink: /home/student/Desktop/workspace/install/ouster_sensor_msgs/include/ouster_sensor_msgs/ouster_sensor_msgs/srv/detail/get_config__rosidl_typesupport_introspection_c.h
[1.959s] -- Up-to-date symlink: /home/student/Desktop/workspace/install/ouster_sensor_msgs/include/ouster_sensor_msgs/ouster_sensor_msgs/srv/detail/get_metadata__rosidl_typesupport_introspection_c.h
[1.960s] -- Up-to-date symlink: /home/student/Desktop/workspace/install/ouster_sensor_msgs/include/ouster_sensor_msgs/ouster_sensor_msgs/srv/detail/set_config__rosidl_typesupport_introspection_c.h
[1.960s] -- Up-to-date symlink: /home/student/Desktop/workspace/install/ouster_sensor_msgs/include/ouster_sensor_msgs/ouster_sensor_msgs/msg/detail/packet_msg__rosidl_typesupport_introspection_cpp.hpp
[1.960s] -- Up-to-date symlink: /home/student/Desktop/workspace/install/ouster_sensor_msgs/include/ouster_sensor_msgs/ouster_sensor_msgs/srv/detail/get_config__rosidl_typesupport_introspection_cpp.hpp
[1.960s] -- Up-to-date symlink: /home/student/Desktop/workspace/install/ouster_sensor_msgs/include/ouster_sensor_msgs/ouster_sensor_msgs/srv/detail/get_metadata__rosidl_typesupport_introspection_cpp.hpp
[1.960s] -- Up-to-date symlink: /home/student/Desktop/workspace/install/ouster_sensor_msgs/include/ouster_sensor_msgs/ouster_sensor_msgs/srv/detail/set_config__rosidl_typesupport_introspection_cpp.hpp
[1.960s] -- Up-to-date symlink: /home/student/Desktop/workspace/install/ouster_sensor_msgs/share/ouster_sensor_msgs/environment/pythonpath.sh
[1.961s] -- Up-to-date symlink: /home/student/Desktop/workspace/install/ouster_sensor_msgs/share/ouster_sensor_msgs/environment/pythonpath.dsv
[1.961s] -- Up-to-date symlink: /home/student/Desktop/workspace/install/ouster_sensor_msgs/local/lib/python3.10/dist-packages/ouster_sensor_msgs-0.12.2-py3.10.egg-info/PKG-INFO
[1.961s] -- Up-to-date symlink: /home/student/Desktop/workspace/install/ouster_sensor_msgs/local/lib/python3.10/dist-packages/ouster_sensor_msgs-0.12.2-py3.10.egg-info/SOURCES.txt
[1.961s] -- Up-to-date symlink: /home/student/Desktop/workspace/install/ouster_sensor_msgs/local/lib/python3.10/dist-packages/ouster_sensor_msgs-0.12.2-py3.10.egg-info/dependency_links.txt
[1.961s] -- Up-to-date symlink: /home/student/Desktop/workspace/install/ouster_sensor_msgs/local/lib/python3.10/dist-packages/ouster_sensor_msgs-0.12.2-py3.10.egg-info/top_level.txt
[1.962s] -- Up-to-date symlink: /home/student/Desktop/workspace/install/ouster_sensor_msgs/local/lib/python3.10/dist-packages/ouster_sensor_msgs/__init__.py
[1.962s] -- Up-to-date symlink: /home/student/Desktop/workspace/install/ouster_sensor_msgs/local/lib/python3.10/dist-packages/ouster_sensor_msgs/_ouster_sensor_msgs_s.ep.rosidl_typesupport_c.c
[1.962s] -- Up-to-date symlink: /home/student/Desktop/workspace/install/ouster_sensor_msgs/local/lib/python3.10/dist-packages/ouster_sensor_msgs/_ouster_sensor_msgs_s.ep.rosidl_typesupport_fastrtps_c.c
[1.963s] -- Up-to-date symlink: /home/student/Desktop/workspace/install/ouster_sensor_msgs/local/lib/python3.10/dist-packages/ouster_sensor_msgs/_ouster_sensor_msgs_s.ep.rosidl_typesupport_introspection_c.c
[1.963s] -- Up-to-date symlink: /home/student/Desktop/workspace/install/ouster_sensor_msgs/local/lib/python3.10/dist-packages/ouster_sensor_msgs/libouster_sensor_msgs__rosidl_generator_py.so
[1.963s] -- Up-to-date symlink: /home/student/Desktop/workspace/install/ouster_sensor_msgs/local/lib/python3.10/dist-packages/ouster_sensor_msgs/msg/__init__.py
[1.963s] -- Up-to-date symlink: /home/student/Desktop/workspace/install/ouster_sensor_msgs/local/lib/python3.10/dist-packages/ouster_sensor_msgs/msg/_packet_msg.py
[1.963s] -- Up-to-date symlink: /home/student/Desktop/workspace/install/ouster_sensor_msgs/local/lib/python3.10/dist-packages/ouster_sensor_msgs/msg/_packet_msg_s.c
[1.963s] -- Up-to-date symlink: /home/student/Desktop/workspace/install/ouster_sensor_msgs/local/lib/python3.10/dist-packages/ouster_sensor_msgs/ouster_sensor_msgs_s__rosidl_typesupport_c.cpython-310-x86_64-linux-gnu.so
[1.964s] -- Up-to-date symlink: /home/student/Desktop/workspace/install/ouster_sensor_msgs/local/lib/python3.10/dist-packages/ouster_sensor_msgs/ouster_sensor_msgs_s__rosidl_typesupport_fastrtps_c.cpython-310-x86_64-linux-gnu.so
[1.964s] -- Up-to-date symlink: /home/student/Desktop/workspace/install/ouster_sensor_msgs/local/lib/python3.10/dist-packages/ouster_sensor_msgs/ouster_sensor_msgs_s__rosidl_typesupport_introspection_c.cpython-310-x86_64-linux-gnu.so
[1.964s] -- Up-to-date symlink: /home/student/Desktop/workspace/install/ouster_sensor_msgs/local/lib/python3.10/dist-packages/ouster_sensor_msgs/srv/__init__.py
[1.964s] -- Up-to-date symlink: /home/student/Desktop/workspace/install/ouster_sensor_msgs/local/lib/python3.10/dist-packages/ouster_sensor_msgs/srv/_get_config.py
[1.964s] -- Up-to-date symlink: /home/student/Desktop/workspace/install/ouster_sensor_msgs/local/lib/python3.10/dist-packages/ouster_sensor_msgs/srv/_get_config_s.c
[1.964s] -- Up-to-date symlink: /home/student/Desktop/workspace/install/ouster_sensor_msgs/local/lib/python3.10/dist-packages/ouster_sensor_msgs/srv/_get_metadata.py
[1.964s] -- Up-to-date symlink: /home/student/Desktop/workspace/install/ouster_sensor_msgs/local/lib/python3.10/dist-packages/ouster_sensor_msgs/srv/_get_metadata_s.c
[1.964s] -- Up-to-date symlink: /home/student/Desktop/workspace/install/ouster_sensor_msgs/local/lib/python3.10/dist-packages/ouster_sensor_msgs/srv/_set_config.py
[1.965s] -- Up-to-date symlink: /home/student/Desktop/workspace/install/ouster_sensor_msgs/local/lib/python3.10/dist-packages/ouster_sensor_msgs/srv/_set_config_s.c
[1.965s] -- Up-to-date symlink: /home/student/Desktop/workspace/install/ouster_sensor_msgs/local/lib/python3.10/dist-packages/ouster_sensor_msgs/ouster_sensor_msgs_s__rosidl_typesupport_fastrtps_c.cpython-310-x86_64-linux-gnu.so
[1.965s] -- Up-to-date symlink: /home/student/Desktop/workspace/install/ouster_sensor_msgs/local/lib/python3.10/dist-packages/ouster_sensor_msgs/ouster_sensor_msgs_s__rosidl_typesupport_introspection_c.cpython-310-x86_64-linux-gnu.so
[1.965s] -- Up-to-date symlink: /home/student/Desktop/workspace/install/ouster_sensor_msgs/local/lib/python3.10/dist-packages/ouster_sensor_msgs/ouster_sensor_msgs_s__rosidl_typesupport_c.cpython-310-x86_64-linux-gnu.so
[1.965s] -- Up-to-date symlink: /home/student/Desktop/workspace/install/ouster_sensor_msgs/share/ouster_sensor_msgs/msg/PacketMsg.idl
[1.966s] -- Up-to-date symlink: /home/student/Desktop/workspace/install/ouster_sensor_msgs/share/ouster_sensor_msgs/srv/GetConfig.idl
[1.966s] -- Up-to-date symlink: /home/student/Desktop/workspace/install/ouster_sensor_msgs/share/ouster_sensor_msgs/srv/SetConfig.idl
[1.966s] -- Up-to-date symlink: /home/student/Desktop/workspace/install/ouster_sensor_msgs/share/ouster_sensor_msgs/srv/GetMetadata.idl
[1.966s] -- Up-to-date symlink: /home/student/Desktop/workspace/install/ouster_sensor_msgs/share/ouster_sensor_msgs/msg/PacketMsg.msg
[1.966s] -- Up-to-date symlink: /home/student/Desktop/workspace/install/ouster_sensor_msgs/share/ouster_sensor_msgs/srv/GetConfig.srv
[1.966s] -- Up-to-date symlink: /home/student/Desktop/workspace/install/ouster_sensor_msgs/share/ouster_sensor_msgs/srv/GetConfig_Request.msg
[1.967s] -- Up-to-date symlink: /home/student/Desktop/workspace/install/ouster_sensor_msgs/share/ouster_sensor_msgs/srv/GetConfig_Response.msg
[1.967s] -- Up-to-date symlink: /home/student/Desktop/workspace/install/ouster_sensor_msgs/share/ouster_sensor_msgs/srv/SetConfig.srv
[1.967s] -- Up-to-date symlink: /home/student/Desktop/workspace/install/ouster_sensor_msgs/share/ouster_sensor_msgs/srv/SetConfig_Request.msg
[1.967s] -- Up-to-date symlink: /home/student/Desktop/workspace/install/ouster_sensor_msgs/share/ouster_sensor_msgs/srv/SetConfig_Response.msg
[1.967s] -- Up-to-date symlink: /home/student/Desktop/workspace/install/ouster_sensor_msgs/share/ouster_sensor_msgs/srv/GetMetadata.srv
[1.967s] -- Up-to-date symlink: /home/student/Desktop/workspace/install/ouster_sensor_msgs/share/ouster_sensor_msgs/srv/GetMetadata_Request.msg
[1.968s] -- Up-to-date symlink: /home/student/Desktop/workspace/install/ouster_sensor_msgs/share/ouster_sensor_msgs/srv/GetMetadata_Response.msg
[1.968s] -- Up-to-date symlink: /home/student/Desktop/workspace/install/ouster_sensor_msgs/share/ament_index/resource_index/package_run_dependencies/ouster_sensor_msgs
[1.968s] -- Up-to-date symlink: /home/student/Desktop/workspace/install/ouster_sensor_msgs/share/ament_index/resource_index/parent_prefix_path/ouster_sensor_msgs
[1.968s] -- Up-to-date symlink: /home/student/Desktop/workspace/install/ouster_sensor_msgs/share/ouster_sensor_msgs/environment/ament_prefix_path.sh
[1.968s] -- Up-to-date symlink: /home/student/Desktop/workspace/install/ouster_sensor_msgs/share/ouster_sensor_msgs/environment/ament_prefix_path.dsv
[1.968s] -- Up-to-date symlink: /home/student/Desktop/workspace/install/ouster_sensor_msgs/share/ouster_sensor_msgs/environment/path.sh
[1.969s] -- Up-to-date symlink: /home/student/Desktop/workspace/install/ouster_sensor_msgs/share/ouster_sensor_msgs/environment/path.dsv
[1.969s] -- Up-to-date symlink: /home/student/Desktop/workspace/install/ouster_sensor_msgs/share/ouster_sensor_msgs/local_setup.bash
[1.969s] -- Up-to-date symlink: /home/student/Desktop/workspace/install/ouster_sensor_msgs/share/ouster_sensor_msgs/local_setup.sh
[1.969s] -- Up-to-date symlink: /home/student/Desktop/workspace/install/ouster_sensor_msgs/share/ouster_sensor_msgs/local_setup.zsh
[1.969s] -- Up-to-date symlink: /home/student/Desktop/workspace/install/ouster_sensor_msgs/share/ouster_sensor_msgs/local_setup.dsv
[1.969s] -- Symlinking: /home/student/Desktop/workspace/install/ouster_sensor_msgs/share/ouster_sensor_msgs/package.dsv
[1.973s] -- Up-to-date symlink: /home/student/Desktop/workspace/install/ouster_sensor_msgs/share/ament_index/resource_index/packages/ouster_sensor_msgs
[1.973s] -- Up-to-date symlink: /home/student/Desktop/workspace/install/ouster_sensor_msgs/share/ouster_sensor_msgs/cmake/rosidl_cmake-extras.cmake
[1.973s] -- Up-to-date symlink: /home/student/Desktop/workspace/install/ouster_sensor_msgs/share/ouster_sensor_msgs/cmake/ament_cmake_export_dependencies-extras.cmake
[1.973s] -- Up-to-date symlink: /home/student/Desktop/workspace/install/ouster_sensor_msgs/share/ouster_sensor_msgs/cmake/ament_cmake_export_include_directories-extras.cmake
[1.973s] -- Up-to-date symlink: /home/student/Desktop/workspace/install/ouster_sensor_msgs/share/ouster_sensor_msgs/cmake/ament_cmake_export_libraries-extras.cmake
[1.973s] -- Up-to-date symlink: /home/student/Desktop/workspace/install/ouster_sensor_msgs/share/ouster_sensor_msgs/cmake/ament_cmake_export_targets-extras.cmake
[1.974s] -- Up-to-date symlink: /home/student/Desktop/workspace/install/ouster_sensor_msgs/share/ouster_sensor_msgs/cmake/rosidl_cmake_export_typesupport_targets-extras.cmake
[1.974s] -- Up-to-date symlink: /home/student/Desktop/workspace/install/ouster_sensor_msgs/share/ouster_sensor_msgs/cmake/rosidl_cmake_export_typesupport_libraries-extras.cmake
[1.974s] -- Up-to-date symlink: /home/student/Desktop/workspace/install/ouster_sensor_msgs/share/ouster_sensor_msgs/cmake/ouster_sensor_msgsConfig.cmake
[1.974s] -- Up-to-date symlink: /home/student/Desktop/workspace/install/ouster_sensor_msgs/share/ouster_sensor_msgs/cmake/ouster_sensor_msgsConfig-version.cmake
[1.974s] -- Up-to-date symlink: /home/student/Desktop/workspace/install/ouster_sensor_msgs/share/ouster_sensor_msgs/package.xml
[1.974s] -- Up-to-date: /home/student/Desktop/workspace/install/ouster_sensor_msgs/lib/libouster_sensor_msgs__rosidl_generator_c.so
[1.975s] -- Up-to-date: /home/student/Desktop/workspace/install/ouster_sensor_msgs/lib/libouster_sensor_msgs__rosidl_typesupport_fastrtps_c.so
[1.975s] -- Up-to-date: /home/student/Desktop/workspace/install/ouster_sensor_msgs/lib/libouster_sensor_msgs__rosidl_typesupport_fastrtps_cpp.so
[1.975s] -- Up-to-date: /home/student/Desktop/workspace/install/ouster_sensor_msgs/lib/libouster_sensor_msgs__rosidl_typesupport_introspection_c.so
[1.975s] -- Up-to-date: /home/student/Desktop/workspace/install/ouster_sensor_msgs/lib/libouster_sensor_msgs__rosidl_typesupport_c.so
[1.976s] -- Up-to-date: /home/student/Desktop/workspace/install/ouster_sensor_msgs/lib/libouster_sensor_msgs__rosidl_typesupport_introspection_cpp.so
[1.976s] -- Up-to-date: /home/student/Desktop/workspace/install/ouster_sensor_msgs/lib/libouster_sensor_msgs__rosidl_typesupport_cpp.so
[2.012s] Listing '/home/student/Desktop/workspace/install/ouster_sensor_msgs/local/lib/python3.10/dist-packages/ouster_sensor_msgs'...
[2.012s] Compiling '/home/student/Desktop/workspace/install/ouster_sensor_msgs/local/lib/python3.10/dist-packages/ouster_sensor_msgs/__init__.py'...
[2.013s] Listing '/home/student/Desktop/workspace/install/ouster_sensor_msgs/local/lib/python3.10/dist-packages/ouster_sensor_msgs/msg'...
[2.013s] Listing '/home/student/Desktop/workspace/install/ouster_sensor_msgs/local/lib/python3.10/dist-packages/ouster_sensor_msgs/srv'...
[2.016s] -- Up-to-date: /home/student/Desktop/workspace/install/ouster_sensor_msgs/lib/libouster_sensor_msgs__rosidl_generator_py.so
[2.016s] -- Up-to-date: /home/student/Desktop/workspace/install/ouster_sensor_msgs/share/ouster_sensor_msgs/cmake/export_ouster_sensor_msgs__rosidl_generator_cExport.cmake
[2.016s] -- Up-to-date: /home/student/Desktop/workspace/install/ouster_sensor_msgs/share/ouster_sensor_msgs/cmake/export_ouster_sensor_msgs__rosidl_generator_cExport-noconfig.cmake
[2.016s] -- Up-to-date: /home/student/Desktop/workspace/install/ouster_sensor_msgs/share/ouster_sensor_msgs/cmake/export_ouster_sensor_msgs__rosidl_typesupport_fastrtps_cExport.cmake
[2.016s] -- Up-to-date: /home/student/Desktop/workspace/install/ouster_sensor_msgs/share/ouster_sensor_msgs/cmake/export_ouster_sensor_msgs__rosidl_typesupport_fastrtps_cExport-noconfig.cmake
[2.016s] -- Up-to-date: /home/student/Desktop/workspace/install/ouster_sensor_msgs/share/ouster_sensor_msgs/cmake/export_ouster_sensor_msgs__rosidl_generator_cppExport.cmake
[2.017s] -- Up-to-date: /home/student/Desktop/workspace/install/ouster_sensor_msgs/share/ouster_sensor_msgs/cmake/export_ouster_sensor_msgs__rosidl_typesupport_fastrtps_cppExport.cmake
[2.017s] -- Up-to-date: /home/student/Desktop/workspace/install/ouster_sensor_msgs/share/ouster_sensor_msgs/cmake/export_ouster_sensor_msgs__rosidl_typesupport_fastrtps_cppExport-noconfig.cmake
[2.017s] -- Up-to-date: /home/student/Desktop/workspace/install/ouster_sensor_msgs/share/ouster_sensor_msgs/cmake/ouster_sensor_msgs__rosidl_typesupport_introspection_cExport.cmake
[2.017s] -- Up-to-date: /home/student/Desktop/workspace/install/ouster_sensor_msgs/share/ouster_sensor_msgs/cmake/ouster_sensor_msgs__rosidl_typesupport_introspection_cExport-noconfig.cmake
[2.017s] -- Up-to-date: /home/student/Desktop/workspace/install/ouster_sensor_msgs/share/ouster_sensor_msgs/cmake/ouster_sensor_msgs__rosidl_typesupport_cExport.cmake
[2.017s] -- Up-to-date: /home/student/Desktop/workspace/install/ouster_sensor_msgs/share/ouster_sensor_msgs/cmake/ouster_sensor_msgs__rosidl_typesupport_cExport-noconfig.cmake
[2.017s] -- Up-to-date: /home/student/Desktop/workspace/install/ouster_sensor_msgs/share/ouster_sensor_msgs/cmake/ouster_sensor_msgs__rosidl_typesupport_introspection_cppExport.cmake
[2.017s] -- Up-to-date: /home/student/Desktop/workspace/install/ouster_sensor_msgs/share/ouster_sensor_msgs/cmake/ouster_sensor_msgs__rosidl_typesupport_introspection_cppExport-noconfig.cmake
[2.018s] -- Up-to-date: /home/student/Desktop/workspace/install/ouster_sensor_msgs/share/ouster_sensor_msgs/cmake/ouster_sensor_msgs__rosidl_typesupport_cppExport.cmake
[2.018s] -- Up-to-date: /home/student/Desktop/workspace/install/ouster_sensor_msgs/share/ouster_sensor_msgs/cmake/ouster_sensor_msgs__rosidl_typesupport_cppExport-noconfig.cmake
[2.018s] -- Up-to-date: /home/student/Desktop/workspace/install/ouster_sensor_msgs/share/ouster_sensor_msgs/cmake/export_ouster_sensor_msgs__rosidl_generator_pyExport.cmake
[2.018s] -- Up-to-date: /home/student/Desktop/workspace/install/ouster_sensor_msgs/share/ouster_sensor_msgs/cmake/export_ouster_sensor_msgs__rosidl_generator_pyExport-noconfig.cmake
[2.022s] Invoked command in '/home/student/Desktop/workspace/build/ouster_sensor_msgs' returned '0': CMAKE_PREFIX_PATH=${CMAKE_PREFIX_PATH}:/home/student/Desktop/workspace/install/navigation:/home/student/Desktop/workspace/install/yolo_tracking:/home/student/Desktop/workspace/install/sensor_presentation:/home/student/Desktop/workspace/install/position_estimation:/opt/ros/humble /home/student/.local/bin/cmake --install /home/student/Desktop/workspace/build/ouster_sensor_msgs
