[5.066s] Invoking command in '/home/student/Desktop/workspace/build/navigation': PYTHONPATH=/home/student/Desktop/workspace/build/navigation/prefix_override:/usr/lib/python3/dist-packages/colcon_core/task/python/colcon_distutils_commands:/home/student/Desktop/workspace/install/navigation/lib/python3.10/site-packages:${PYTHONPATH} /usr/bin/python3 -W ignore:setup.py install is deprecated setup.py develop --editable --build-directory /home/student/Desktop/workspace/build/navigation/build --no-deps symlink_data --force
[5.724s] running develop
[5.725s] /usr/lib/python3/dist-packages/setuptools/command/easy_install.py:158: EasyInstallDeprecationWarning: easy_install command is deprecated. Use build and pip and other standards-based tools.
[5.726s]   warnings.warn(
[6.269s] running egg_info
[6.286s] writing navigation.egg-info/PKG-INFO
[6.287s] writing dependency_links to navigation.egg-info/dependency_links.txt
[6.288s] writing entry points to navigation.egg-info/entry_points.txt
[6.289s] writing requirements to navigation.egg-info/requires.txt
[6.290s] writing top-level names to navigation.egg-info/top_level.txt
[6.295s] reading manifest file 'navigation.egg-info/SOURCES.txt'
[6.297s] writing manifest file 'navigation.egg-info/SOURCES.txt'
[6.458s] running build_ext
[6.459s] Creating /home/student/Desktop/workspace/install/navigation/lib/python3.10/site-packages/navigation.egg-link (link to .)
[6.460s] Installing nav2_node script to /home/student/Desktop/workspace/install/navigation/lib/navigation
[6.461s] Installing odom_publisher_node script to /home/student/Desktop/workspace/install/navigation/lib/navigation
[6.461s] 
[6.462s] Installed /home/student/Desktop/workspace/build/navigation
[6.462s] running symlink_data
[6.462s] symbolically linking /home/student/Desktop/workspace/build/navigation/resource/navigation -> /home/student/Desktop/workspace/install/navigation/share/ament_index/resource_index/packages
[6.463s] symbolically linking /home/student/Desktop/workspace/build/navigation/package.xml -> /home/student/Desktop/workspace/install/navigation/share/navigation
[6.463s] symbolically linking /home/student/Desktop/workspace/build/navigation/launch/nav2_launch.py -> /home/student/Desktop/workspace/install/navigation/share/navigation/launch
[6.463s] symbolically linking /home/student/Desktop/workspace/build/navigation/launch/navigation_launch.py -> /home/student/Desktop/workspace/install/navigation/share/navigation/launch
[6.464s] symbolically linking /home/student/Desktop/workspace/build/navigation/launch/simulation_launch.py -> /home/student/Desktop/workspace/install/navigation/share/navigation/launch
[6.467s] symbolically linking /home/student/Desktop/workspace/build/navigation/launch/rviz_launch.py -> /home/student/Desktop/workspace/install/navigation/share/navigation/launch
[6.638s] Invoked command in '/home/student/Desktop/workspace/build/navigation' returned '0': PYTHONPATH=/home/student/Desktop/workspace/build/navigation/prefix_override:/usr/lib/python3/dist-packages/colcon_core/task/python/colcon_distutils_commands:/home/student/Desktop/workspace/install/navigation/lib/python3.10/site-packages:${PYTHONPATH} /usr/bin/python3 -W ignore:setup.py install is deprecated setup.py develop --editable --build-directory /home/student/Desktop/workspace/build/navigation/build --no-deps symlink_data --force
