[0.994s] Invoking command in '/home/student/Desktop/workspace/build/yolo_tracking': PYTHONPATH=/home/student/Desktop/workspace/build/yolo_tracking/prefix_override:/usr/lib/python3/dist-packages/colcon_core/task/python/colcon_distutils_commands:/home/student/Desktop/workspace/install/yolo_tracking/lib/python3.10/site-packages:${PYTHONPATH} /usr/bin/python3 -W ignore:setup.py install is deprecated setup.py develop --editable --build-directory /home/student/Desktop/workspace/build/yolo_tracking/build --no-deps symlink_data
[1.407s] running develop
[1.407s] /usr/lib/python3/dist-packages/setuptools/command/easy_install.py:158: EasyInstallDeprecationWarning: easy_install command is deprecated. Use build and pip and other standards-based tools.
[1.407s]   warnings.warn(
[1.687s] running egg_info
[1.687s] writing yolo_tracking.egg-info/PKG-INFO
[1.687s] writing dependency_links to yolo_tracking.egg-info/dependency_links.txt
[1.687s] writing entry points to yolo_tracking.egg-info/entry_points.txt
[1.688s] writing requirements to yolo_tracking.egg-info/requires.txt
[1.688s] writing top-level names to yolo_tracking.egg-info/top_level.txt
[1.689s] reading manifest file 'yolo_tracking.egg-info/SOURCES.txt'
[1.690s] writing manifest file 'yolo_tracking.egg-info/SOURCES.txt'
[1.733s] running build_ext
[1.733s] Creating /home/student/Desktop/workspace/install/yolo_tracking/lib/python3.10/site-packages/yolo-tracking.egg-link (link to .)
[1.734s] Installing object_detection_node script to /home/student/Desktop/workspace/install/yolo_tracking/lib/yolo_tracking
[1.734s] 
[1.734s] Installed /home/student/Desktop/workspace/build/yolo_tracking
[1.734s] running symlink_data
[1.734s] error: can't copy '/home/student/Desktop/workspace/build/yolo_tracking/yolo_tracking': doesn't exist or not a regular file
[1.775s] Invoked command in '/home/student/Desktop/workspace/build/yolo_tracking' returned '1': PYTHONPATH=/home/student/Desktop/workspace/build/yolo_tracking/prefix_override:/usr/lib/python3/dist-packages/colcon_core/task/python/colcon_distutils_commands:/home/student/Desktop/workspace/install/yolo_tracking/lib/python3.10/site-packages:${PYTHONPATH} /usr/bin/python3 -W ignore:setup.py install is deprecated setup.py develop --editable --build-directory /home/student/Desktop/workspace/build/yolo_tracking/build --no-deps symlink_data
