[2.746s] Invoking command in '/home/student/Desktop/workspace/src/position_estimation': PYTHONPATH=/home/student/Desktop/workspace/build/position_estimation/prefix_override:/usr/lib/python3/dist-packages/colcon_core/task/python/colcon_distutils_commands:/home/student/Desktop/workspace/install/position_estimation/lib/python3.10/site-packages:${PYTHONPATH} /usr/bin/python3 -W ignore:setup.py install is deprecated setup.py egg_info --egg-base ../../build/position_estimation build --build-base /home/student/Desktop/workspace/build/position_estimation/build install --record /home/student/Desktop/workspace/build/position_estimation/install.log --single-version-externally-managed
[3.485s] running egg_info
[3.487s] writing ../../build/position_estimation/position_estimation.egg-info/PKG-INFO
[3.491s] writing dependency_links to ../../build/position_estimation/position_estimation.egg-info/dependency_links.txt
[3.492s] writing entry points to ../../build/position_estimation/position_estimation.egg-info/entry_points.txt
[3.494s] writing requirements to ../../build/position_estimation/position_estimation.egg-info/requires.txt
[3.495s] writing top-level names to ../../build/position_estimation/position_estimation.egg-info/top_level.txt
[3.504s] reading manifest file '../../build/position_estimation/position_estimation.egg-info/SOURCES.txt'
[3.505s] writing manifest file '../../build/position_estimation/position_estimation.egg-info/SOURCES.txt'
[3.506s] running build
[3.507s] running build_py
[3.508s] copying position_estimation/position_estimation_node.py -> /home/student/Desktop/workspace/build/position_estimation/build/lib/position_estimation
[3.509s] running install
[3.510s] running install_lib
[3.512s] copying /home/student/Desktop/workspace/build/position_estimation/build/lib/position_estimation/position_estimation_node.py -> /home/student/Desktop/workspace/install/position_estimation/lib/python3.10/site-packages/position_estimation
[3.515s] byte-compiling /home/student/Desktop/workspace/install/position_estimation/lib/python3.10/site-packages/position_estimation/__init__.py to __init__.cpython-310.pyc
[3.516s] byte-compiling /home/student/Desktop/workspace/install/position_estimation/lib/python3.10/site-packages/position_estimation/position_estimation_node.py to position_estimation_node.cpython-310.pyc
[3.519s] running install_egg_info
[3.521s] removing '/home/student/Desktop/workspace/install/position_estimation/lib/python3.10/site-packages/position_estimation-0.0.1-py3.10.egg-info' (and everything under it)
[3.522s] Copying ../../build/position_estimation/position_estimation.egg-info to /home/student/Desktop/workspace/install/position_estimation/lib/python3.10/site-packages/position_estimation-0.0.1-py3.10.egg-info
[3.523s] running install_scripts
[3.557s] Installing position_estimation_node script to /home/student/Desktop/workspace/install/position_estimation/lib/position_estimation
[3.558s] writing list of installed files to '/home/student/Desktop/workspace/build/position_estimation/install.log'
[3.624s] Invoked command in '/home/student/Desktop/workspace/src/position_estimation' returned '0': PYTHONPATH=/home/student/Desktop/workspace/build/position_estimation/prefix_override:/usr/lib/python3/dist-packages/colcon_core/task/python/colcon_distutils_commands:/home/student/Desktop/workspace/install/position_estimation/lib/python3.10/site-packages:${PYTHONPATH} /usr/bin/python3 -W ignore:setup.py install is deprecated setup.py egg_info --egg-base ../../build/position_estimation build --build-base /home/student/Desktop/workspace/build/position_estimation/build install --record /home/student/Desktop/workspace/build/position_estimation/install.log --single-version-externally-managed
