[2.728s] Invoking command in '/home/student/Desktop/workspace/build/sensor_presentation': PYTHONPATH=/home/student/Desktop/workspace/build/sensor_presentation/prefix_override:/usr/lib/python3/dist-packages/colcon_core/task/python/colcon_distutils_commands:/home/student/Desktop/workspace/install/sensor_presentation/lib/python3.10/site-packages:${PYTHONPATH} /usr/bin/python3 -W ignore:setup.py install is deprecated setup.py develop --editable --build-directory /home/student/Desktop/workspace/build/sensor_presentation/build --no-deps symlink_data
[3.477s] running develop
[3.478s] /usr/lib/python3/dist-packages/setuptools/command/easy_install.py:158: EasyInstallDeprecationWarning: easy_install command is deprecated. Use build and pip and other standards-based tools.
[3.478s]   warnings.warn(
[4.668s] running egg_info
[4.668s] creating sensor_presentation.egg-info
[4.668s] writing sensor_presentation.egg-info/PKG-INFO
[4.669s] writing dependency_links to sensor_presentation.egg-info/dependency_links.txt
[4.669s] writing entry points to sensor_presentation.egg-info/entry_points.txt
[4.669s] writing requirements to sensor_presentation.egg-info/requires.txt
[4.669s] writing top-level names to sensor_presentation.egg-info/top_level.txt
[4.670s] writing manifest file 'sensor_presentation.egg-info/SOURCES.txt'
[4.674s] reading manifest file 'sensor_presentation.egg-info/SOURCES.txt'
[4.699s] writing manifest file 'sensor_presentation.egg-info/SOURCES.txt'
[4.944s] running build_ext
[4.944s] Creating /home/student/Desktop/workspace/install/sensor_presentation/lib/python3.10/site-packages/sensor-presentation.egg-link (link to .)
[4.950s] Installing sensor_presentation_node script to /home/student/Desktop/workspace/install/sensor_presentation/lib/sensor_presentation
[4.951s] 
[4.951s] Installed /home/student/Desktop/workspace/build/sensor_presentation
[4.951s] running symlink_data
[4.952s] creating /home/student/Desktop/workspace/install/sensor_presentation/share/ament_index
[4.952s] creating /home/student/Desktop/workspace/install/sensor_presentation/share/ament_index/resource_index
[4.952s] creating /home/student/Desktop/workspace/install/sensor_presentation/share/ament_index/resource_index/packages
[4.952s] symbolically linking /home/student/Desktop/workspace/build/sensor_presentation/resource/sensor_presentation -> /home/student/Desktop/workspace/install/sensor_presentation/share/ament_index/resource_index/packages
[4.952s] symbolically linking /home/student/Desktop/workspace/build/sensor_presentation/package.xml -> /home/student/Desktop/workspace/install/sensor_presentation/share/sensor_presentation
[5.135s] Invoked command in '/home/student/Desktop/workspace/build/sensor_presentation' returned '0': PYTHONPATH=/home/student/Desktop/workspace/build/sensor_presentation/prefix_override:/usr/lib/python3/dist-packages/colcon_core/task/python/colcon_distutils_commands:/home/student/Desktop/workspace/install/sensor_presentation/lib/python3.10/site-packages:${PYTHONPATH} /usr/bin/python3 -W ignore:setup.py install is deprecated setup.py develop --editable --build-directory /home/student/Desktop/workspace/build/sensor_presentation/build --no-deps symlink_data
