[3.655s] Invoking command in '/home/student/Desktop/workspace/build/navigation': PYTHONPATH=/home/student/Desktop/workspace/build/navigation/prefix_override:/usr/lib/python3/dist-packages/colcon_core/task/python/colcon_distutils_commands:/home/student/Desktop/workspace/install/navigation/lib/python3.10/site-packages:${PYTHONPATH} /usr/bin/python3 -W ignore:setup.py install is deprecated setup.py develop --uninstall --editable --build-directory /home/student/Desktop/workspace/build/navigation/build
[4.270s] running develop
[4.271s] /usr/lib/python3/dist-packages/setuptools/command/easy_install.py:158: EasyInstallDeprecationWarning: easy_install command is deprecated. Use build and pip and other standards-based tools.
[4.271s]   warnings.warn(
[4.812s] Removing /home/student/Desktop/workspace/install/navigation/lib/python3.10/site-packages/navigation.egg-link (link to .)
[4.874s] Invoked command in '/home/student/Desktop/workspace/build/navigation' returned '0': PYTHONPATH=/home/student/Desktop/workspace/build/navigation/prefix_override:/usr/lib/python3/dist-packages/colcon_core/task/python/colcon_distutils_commands:/home/student/Desktop/workspace/install/navigation/lib/python3.10/site-packages:${PYTHONPATH} /usr/bin/python3 -W ignore:setup.py install is deprecated setup.py develop --uninstall --editable --build-directory /home/student/Desktop/workspace/build/navigation/build
[4.874s] Invoking command in '/home/student/Desktop/workspace/src/navigation': PYTHONPATH=/home/student/Desktop/workspace/build/navigation/prefix_override:/usr/lib/python3/dist-packages/colcon_core/task/python/colcon_distutils_commands:/home/student/Desktop/workspace/install/navigation/lib/python3.10/site-packages:${PYTHONPATH} /usr/bin/python3 -W ignore:setup.py install is deprecated setup.py egg_info --egg-base ../../build/navigation build --build-base /home/student/Desktop/workspace/build/navigation/build install --record /home/student/Desktop/workspace/build/navigation/install.log --single-version-externally-managed install_data --force
[5.458s] running egg_info
[5.461s] writing ../../build/navigation/navigation.egg-info/PKG-INFO
[5.462s] writing dependency_links to ../../build/navigation/navigation.egg-info/dependency_links.txt
[5.462s] writing entry points to ../../build/navigation/navigation.egg-info/entry_points.txt
[5.462s] writing requirements to ../../build/navigation/navigation.egg-info/requires.txt
[5.462s] writing top-level names to ../../build/navigation/navigation.egg-info/top_level.txt
[5.467s] reading manifest file '../../build/navigation/navigation.egg-info/SOURCES.txt'
[5.467s] writing manifest file '../../build/navigation/navigation.egg-info/SOURCES.txt'
[5.468s] running build
[5.468s] running build_py
[5.468s] running install
[5.469s] running install_lib
[5.471s] creating /home/student/Desktop/workspace/install/navigation/lib/python3.10/site-packages/navigation
[5.471s] copying /home/student/Desktop/workspace/build/navigation/build/lib/navigation/__init__.py -> /home/student/Desktop/workspace/install/navigation/lib/python3.10/site-packages/navigation
[5.473s] byte-compiling /home/student/Desktop/workspace/install/navigation/lib/python3.10/site-packages/navigation/__init__.py to __init__.cpython-310.pyc
[5.474s] running install_data
[5.474s] copying resource/navigation -> /home/student/Desktop/workspace/install/navigation/share/ament_index/resource_index/packages
[5.475s] copying package.xml -> /home/student/Desktop/workspace/install/navigation/share/navigation
[5.475s] copying launch/nav2_launch.py -> /home/student/Desktop/workspace/install/navigation/share/navigation/launch
[5.476s] running install_egg_info
[5.479s] Copying ../../build/navigation/navigation.egg-info to /home/student/Desktop/workspace/install/navigation/lib/python3.10/site-packages/navigation-0.0.0-py3.10.egg-info
[5.481s] running install_scripts
[5.515s] Installing nav2_node script to /home/student/Desktop/workspace/install/navigation/lib/navigation
[5.515s] writing list of installed files to '/home/student/Desktop/workspace/build/navigation/install.log'
[5.588s] Invoked command in '/home/student/Desktop/workspace/src/navigation' returned '0': PYTHONPATH=/home/student/Desktop/workspace/build/navigation/prefix_override:/usr/lib/python3/dist-packages/colcon_core/task/python/colcon_distutils_commands:/home/student/Desktop/workspace/install/navigation/lib/python3.10/site-packages:${PYTHONPATH} /usr/bin/python3 -W ignore:setup.py install is deprecated setup.py egg_info --egg-base ../../build/navigation build --build-base /home/student/Desktop/workspace/build/navigation/build install --record /home/student/Desktop/workspace/build/navigation/install.log --single-version-externally-managed install_data --force
