-- Found ament_cmake: 1.3.10 (/opt/ros/humble/share/ament_cmake/cmake)
-- Override CMake install command with custom implementation using symlinks instead of copying resources
-- Found rclcpp: 16.0.10 (/opt/ros/humble/share/rclcpp/cmake)
-- Found rosidl_generator_c: 3.1.5 (/opt/ros/humble/share/rosidl_generator_c/cmake)
-- Found rosidl_adapter: 3.1.5 (/opt/ros/humble/share/rosidl_adapter/cmake)
-- Found rosidl_generator_cpp: 3.1.5 (/opt/ros/humble/share/rosidl_generator_cpp/cmake)
-- Using all available rosidl_typesupport_c: rosidl_typesupport_fastrtps_c;rosidl_typesupport_introspection_c
-- Using all available rosidl_typesupport_cpp: rosidl_typesupport_fastrtps_cpp;rosidl_typesupport_introspection_cpp
-- Found rmw_implementation_cmake: 6.1.2 (/opt/ros/humble/share/rmw_implementation_cmake/cmake)
-- Found rmw_fastrtps_cpp: 6.2.7 (/opt/ros/humble/share/rmw_fastrtps_cpp/cmake)
-- Using RMW implementation 'rmw_fastrtps_cpp' as default
-- Found nav_msgs: 4.2.4 (/opt/ros/humble/share/nav_msgs/cmake)
-- Found tf2: 0.25.8 (/opt/ros/humble/share/tf2/cmake)
-- Found ament_lint_auto: 0.12.11 (/opt/ros/humble/share/ament_lint_auto/cmake)
-- Added test 'cppcheck' to perform static code analysis on C / C++ code
-- Configured cppcheck include dirs: /home/student/Desktop/workspace/src/odometry_publisher/include
-- Configured cppcheck exclude dirs and/or files: 
-- Added test 'lint_cmake' to check CMake code style
-- Added test 'uncrustify' to check C / C++ code style
-- Configured uncrustify additional arguments: 
-- Added test 'xmllint' to check XML markup files
-- Configuring done (0.5s)
-- Generating done (0.0s)
-- Build files have been written to: /home/student/Desktop/workspace/build/odometry_publisher
[ 50%] [32mBuilding CXX object CMakeFiles/odom_publisher_node.dir/src/odom_publisher_node.cpp.o[0m
[100%] [32m[1mLinking CXX executable odom_publisher_node[0m
[100%] Built target odom_publisher_node
-- Install configuration: ""
-- Execute custom install script
-- Up-to-date symlink: /home/student/Desktop/workspace/install/odometry_publisher/lib/odometry_publisher/odom_publisher_node
-- Up-to-date symlink: /home/student/Desktop/workspace/install/odometry_publisher/share/ament_index/resource_index/package_run_dependencies/odometry_publisher
-- Up-to-date symlink: /home/student/Desktop/workspace/install/odometry_publisher/share/ament_index/resource_index/parent_prefix_path/odometry_publisher
-- Up-to-date symlink: /home/student/Desktop/workspace/install/odometry_publisher/share/odometry_publisher/environment/ament_prefix_path.sh
-- Up-to-date symlink: /home/student/Desktop/workspace/install/odometry_publisher/share/odometry_publisher/environment/ament_prefix_path.dsv
-- Up-to-date symlink: /home/student/Desktop/workspace/install/odometry_publisher/share/odometry_publisher/environment/path.sh
-- Up-to-date symlink: /home/student/Desktop/workspace/install/odometry_publisher/share/odometry_publisher/environment/path.dsv
-- Up-to-date symlink: /home/student/Desktop/workspace/install/odometry_publisher/share/odometry_publisher/local_setup.bash
-- Up-to-date symlink: /home/student/Desktop/workspace/install/odometry_publisher/share/odometry_publisher/local_setup.sh
-- Up-to-date symlink: /home/student/Desktop/workspace/install/odometry_publisher/share/odometry_publisher/local_setup.zsh
-- Up-to-date symlink: /home/student/Desktop/workspace/install/odometry_publisher/share/odometry_publisher/local_setup.dsv
-- Symlinking: /home/student/Desktop/workspace/install/odometry_publisher/share/odometry_publisher/package.dsv
-- Up-to-date symlink: /home/student/Desktop/workspace/install/odometry_publisher/share/ament_index/resource_index/packages/odometry_publisher
-- Up-to-date symlink: /home/student/Desktop/workspace/install/odometry_publisher/share/odometry_publisher/cmake/odometry_publisherConfig.cmake
-- Up-to-date symlink: /home/student/Desktop/workspace/install/odometry_publisher/share/odometry_publisher/cmake/odometry_publisherConfig-version.cmake
-- Up-to-date symlink: /home/student/Desktop/workspace/install/odometry_publisher/share/odometry_publisher/package.xml
