[3.060s] Invoking command in '/home/student/Desktop/workspace/src/navigation': PYTHONPATH=/home/student/Desktop/workspace/build/navigation/prefix_override:/usr/lib/python3/dist-packages/colcon_core/task/python/colcon_distutils_commands:/home/student/Desktop/workspace/install/navigation/lib/python3.10/site-packages:${PYTHONPATH} /usr/bin/python3 -W ignore:setup.py install is deprecated setup.py egg_info --egg-base ../../build/navigation build --build-base /home/student/Desktop/workspace/build/navigation/build install --record /home/student/Desktop/workspace/build/navigation/install.log --single-version-externally-managed install_data
[3.605s] running egg_info
[3.607s] writing ../../build/navigation/navigation.egg-info/PKG-INFO
[3.607s] writing dependency_links to ../../build/navigation/navigation.egg-info/dependency_links.txt
[3.607s] writing entry points to ../../build/navigation/navigation.egg-info/entry_points.txt
[3.607s] writing requirements to ../../build/navigation/navigation.egg-info/requires.txt
[3.608s] writing top-level names to ../../build/navigation/navigation.egg-info/top_level.txt
[3.610s] reading manifest file '../../build/navigation/navigation.egg-info/SOURCES.txt'
[3.611s] writing manifest file '../../build/navigation/navigation.egg-info/SOURCES.txt'
[3.611s] running build
[3.611s] running build_py
[3.611s] running install
[3.612s] running install_lib
[3.615s] running install_data
[3.615s] running install_egg_info
[3.617s] removing '/home/student/Desktop/workspace/install/navigation/lib/python3.10/site-packages/navigation-0.0.0-py3.10.egg-info' (and everything under it)
[3.617s] Copying ../../build/navigation/navigation.egg-info to /home/student/Desktop/workspace/install/navigation/lib/python3.10/site-packages/navigation-0.0.0-py3.10.egg-info
[3.618s] running install_scripts
[3.648s] Installing goal_publisher_node script to /home/student/Desktop/workspace/install/navigation/lib/navigation
[3.648s] writing list of installed files to '/home/student/Desktop/workspace/build/navigation/install.log'
[3.716s] Invoked command in '/home/student/Desktop/workspace/src/navigation' returned '0': PYTHONPATH=/home/student/Desktop/workspace/build/navigation/prefix_override:/usr/lib/python3/dist-packages/colcon_core/task/python/colcon_distutils_commands:/home/student/Desktop/workspace/install/navigation/lib/python3.10/site-packages:${PYTHONPATH} /usr/bin/python3 -W ignore:setup.py install is deprecated setup.py egg_info --egg-base ../../build/navigation build --build-base /home/student/Desktop/workspace/build/navigation/build install --record /home/student/Desktop/workspace/build/navigation/install.log --single-version-externally-managed install_data
