[2.728s] Invoking command in '/home/student/Desktop/workspace/build/position_estimation': PYTHONPATH=/home/student/Desktop/workspace/build/position_estimation/prefix_override:/usr/lib/python3/dist-packages/colcon_core/task/python/colcon_distutils_commands:/home/student/Desktop/workspace/install/position_estimation/lib/python3.10/site-packages:${PYTHONPATH} /usr/bin/python3 -W ignore:setup.py install is deprecated setup.py develop --uninstall --editable --build-directory /home/student/Desktop/workspace/build/position_estimation/build
[3.668s] running develop
[3.668s] /usr/lib/python3/dist-packages/setuptools/command/easy_install.py:158: EasyInstallDeprecationWarning: easy_install command is deprecated. Use build and pip and other standards-based tools.
[3.668s]   warnings.warn(
[4.461s] Removing /home/student/Desktop/workspace/install/position_estimation/lib/python3.10/site-packages/position-estimation.egg-link (link to .)
[4.621s] Invoked command in '/home/student/Desktop/workspace/build/position_estimation' returned '0': PYTHONPATH=/home/student/Desktop/workspace/build/position_estimation/prefix_override:/usr/lib/python3/dist-packages/colcon_core/task/python/colcon_distutils_commands:/home/student/Desktop/workspace/install/position_estimation/lib/python3.10/site-packages:${PYTHONPATH} /usr/bin/python3 -W ignore:setup.py install is deprecated setup.py develop --uninstall --editable --build-directory /home/student/Desktop/workspace/build/position_estimation/build
[4.622s] Invoking command in '/home/student/Desktop/workspace/src/position_estimation': PYTHONPATH=/home/student/Desktop/workspace/build/position_estimation/prefix_override:/usr/lib/python3/dist-packages/colcon_core/task/python/colcon_distutils_commands:/home/student/Desktop/workspace/install/position_estimation/lib/python3.10/site-packages:${PYTHONPATH} /usr/bin/python3 -W ignore:setup.py install is deprecated setup.py egg_info --egg-base ../../build/position_estimation build --build-base /home/student/Desktop/workspace/build/position_estimation/build install --record /home/student/Desktop/workspace/build/position_estimation/install.log --single-version-externally-managed
[5.562s] running egg_info
[5.564s] writing ../../build/position_estimation/position_estimation.egg-info/PKG-INFO
[5.564s] writing dependency_links to ../../build/position_estimation/position_estimation.egg-info/dependency_links.txt
[5.565s] writing entry points to ../../build/position_estimation/position_estimation.egg-info/entry_points.txt
[5.565s] writing requirements to ../../build/position_estimation/position_estimation.egg-info/requires.txt
[5.565s] writing top-level names to ../../build/position_estimation/position_estimation.egg-info/top_level.txt
[5.570s] reading manifest file '../../build/position_estimation/position_estimation.egg-info/SOURCES.txt'
[5.572s] writing manifest file '../../build/position_estimation/position_estimation.egg-info/SOURCES.txt'
[5.572s] running build
[5.572s] running build_py
[5.573s] copying position_estimation/position_estimation_node.py -> /home/student/Desktop/workspace/build/position_estimation/build/lib/position_estimation
[5.575s] running install
[5.576s] running install_lib
[5.577s] creating /home/student/Desktop/workspace/install/position_estimation/lib/python3.10/site-packages/position_estimation
[5.578s] copying /home/student/Desktop/workspace/build/position_estimation/build/lib/position_estimation/position_estimation_node.py -> /home/student/Desktop/workspace/install/position_estimation/lib/python3.10/site-packages/position_estimation
[5.578s] copying /home/student/Desktop/workspace/build/position_estimation/build/lib/position_estimation/__init__.py -> /home/student/Desktop/workspace/install/position_estimation/lib/python3.10/site-packages/position_estimation
[5.579s] byte-compiling /home/student/Desktop/workspace/install/position_estimation/lib/python3.10/site-packages/position_estimation/position_estimation_node.py to position_estimation_node.cpython-310.pyc
[5.581s] byte-compiling /home/student/Desktop/workspace/install/position_estimation/lib/python3.10/site-packages/position_estimation/__init__.py to __init__.cpython-310.pyc
[5.581s] running install_egg_info
[5.585s] Copying ../../build/position_estimation/position_estimation.egg-info to /home/student/Desktop/workspace/install/position_estimation/lib/python3.10/site-packages/position_estimation-0.0.1-py3.10.egg-info
[5.587s] running install_scripts
[5.634s] Installing position_estimation_node script to /home/student/Desktop/workspace/install/position_estimation/lib/position_estimation
[5.635s] writing list of installed files to '/home/student/Desktop/workspace/build/position_estimation/install.log'
[5.750s] Invoked command in '/home/student/Desktop/workspace/src/position_estimation' returned '0': PYTHONPATH=/home/student/Desktop/workspace/build/position_estimation/prefix_override:/usr/lib/python3/dist-packages/colcon_core/task/python/colcon_distutils_commands:/home/student/Desktop/workspace/install/position_estimation/lib/python3.10/site-packages:${PYTHONPATH} /usr/bin/python3 -W ignore:setup.py install is deprecated setup.py egg_info --egg-base ../../build/position_estimation build --build-base /home/student/Desktop/workspace/build/position_estimation/build install --record /home/student/Desktop/workspace/build/position_estimation/install.log --single-version-externally-managed
