[2.157s] Invoking command in '/home/student/Desktop/workspace/build/navigation': PYTHONPATH=/home/student/Desktop/workspace/build/navigation/prefix_override:/usr/lib/python3/dist-packages/colcon_core/task/python/colcon_distutils_commands:/home/student/Desktop/workspace/install/navigation/lib/python3.10/site-packages:${PYTHONPATH} /usr/bin/python3 -W ignore:setup.py install is deprecated setup.py develop --uninstall --editable --build-directory /home/student/Desktop/workspace/build/navigation/build
[2.516s] running develop
[2.517s] /usr/lib/python3/dist-packages/setuptools/command/easy_install.py:158: EasyInstallDeprecationWarning: easy_install command is deprecated. Use build and pip and other standards-based tools.
[2.517s]   warnings.warn(
[2.827s] Removing /home/student/Desktop/workspace/install/navigation/lib/python3.10/site-packages/navigation.egg-link (link to .)
[2.858s] Invoked command in '/home/student/Desktop/workspace/build/navigation' returned '0': PYTHONPATH=/home/student/Desktop/workspace/build/navigation/prefix_override:/usr/lib/python3/dist-packages/colcon_core/task/python/colcon_distutils_commands:/home/student/Desktop/workspace/install/navigation/lib/python3.10/site-packages:${PYTHONPATH} /usr/bin/python3 -W ignore:setup.py install is deprecated setup.py develop --uninstall --editable --build-directory /home/student/Desktop/workspace/build/navigation/build
[2.860s] Invoking command in '/home/student/Desktop/workspace/src/navigation': PYTHONPATH=/home/student/Desktop/workspace/build/navigation/prefix_override:/usr/lib/python3/dist-packages/colcon_core/task/python/colcon_distutils_commands:/home/student/Desktop/workspace/install/navigation/lib/python3.10/site-packages:${PYTHONPATH} /usr/bin/python3 -W ignore:setup.py install is deprecated setup.py egg_info --egg-base ../../build/navigation build --build-base /home/student/Desktop/workspace/build/navigation/build install --record /home/student/Desktop/workspace/build/navigation/install.log --single-version-externally-managed install_data --force
[3.178s] running egg_info
[3.179s] writing ../../build/navigation/navigation.egg-info/PKG-INFO
[3.179s] writing dependency_links to ../../build/navigation/navigation.egg-info/dependency_links.txt
[3.179s] writing entry points to ../../build/navigation/navigation.egg-info/entry_points.txt
[3.179s] writing requirements to ../../build/navigation/navigation.egg-info/requires.txt
[3.179s] writing top-level names to ../../build/navigation/navigation.egg-info/top_level.txt
[3.181s] reading manifest file '../../build/navigation/navigation.egg-info/SOURCES.txt'
[3.182s] writing manifest file '../../build/navigation/navigation.egg-info/SOURCES.txt'
[3.182s] running build
[3.183s] running build_py
[3.183s] creating /home/student/Desktop/workspace/build/navigation/build
[3.183s] creating /home/student/Desktop/workspace/build/navigation/build/lib
[3.183s] creating /home/student/Desktop/workspace/build/navigation/build/lib/navigation
[3.183s] copying navigation/goal_publisher_node.py -> /home/student/Desktop/workspace/build/navigation/build/lib/navigation
[3.183s] copying navigation/__init__.py -> /home/student/Desktop/workspace/build/navigation/build/lib/navigation
[3.183s] running install
[3.183s] running install_lib
[3.184s] creating /home/student/Desktop/workspace/install/navigation/lib/python3.10/site-packages/navigation
[3.184s] copying /home/student/Desktop/workspace/build/navigation/build/lib/navigation/goal_publisher_node.py -> /home/student/Desktop/workspace/install/navigation/lib/python3.10/site-packages/navigation
[3.184s] copying /home/student/Desktop/workspace/build/navigation/build/lib/navigation/__init__.py -> /home/student/Desktop/workspace/install/navigation/lib/python3.10/site-packages/navigation
[3.185s] byte-compiling /home/student/Desktop/workspace/install/navigation/lib/python3.10/site-packages/navigation/goal_publisher_node.py to goal_publisher_node.cpython-310.pyc
[3.185s] byte-compiling /home/student/Desktop/workspace/install/navigation/lib/python3.10/site-packages/navigation/__init__.py to __init__.cpython-310.pyc
[3.185s] running install_data
[3.186s] copying resource/navigation -> /home/student/Desktop/workspace/install/navigation/share/ament_index/resource_index/packages
[3.186s] copying package.xml -> /home/student/Desktop/workspace/install/navigation/share/navigation
[3.186s] copying launch/nav2_launch.py -> /home/student/Desktop/workspace/install/navigation/share/navigation/launch
[3.186s] copying launch/navigation_launch.py -> /home/student/Desktop/workspace/install/navigation/share/navigation/launch
[3.186s] copying launch/simulation_launch.py -> /home/student/Desktop/workspace/install/navigation/share/navigation/launch
[3.186s] copying launch/rviz_launch.py -> /home/student/Desktop/workspace/install/navigation/share/navigation/launch
[3.186s] running install_egg_info
[3.188s] Copying ../../build/navigation/navigation.egg-info to /home/student/Desktop/workspace/install/navigation/lib/python3.10/site-packages/navigation-0.0.0-py3.10.egg-info
[3.189s] running install_scripts
[3.211s] Installing goal_publisher_node script to /home/student/Desktop/workspace/install/navigation/lib/navigation
[3.211s] writing list of installed files to '/home/student/Desktop/workspace/build/navigation/install.log'
[3.236s] Invoked command in '/home/student/Desktop/workspace/src/navigation' returned '0': PYTHONPATH=/home/student/Desktop/workspace/build/navigation/prefix_override:/usr/lib/python3/dist-packages/colcon_core/task/python/colcon_distutils_commands:/home/student/Desktop/workspace/install/navigation/lib/python3.10/site-packages:${PYTHONPATH} /usr/bin/python3 -W ignore:setup.py install is deprecated setup.py egg_info --egg-base ../../build/navigation build --build-base /home/student/Desktop/workspace/build/navigation/build install --record /home/student/Desktop/workspace/build/navigation/install.log --single-version-externally-managed install_data --force
