[2.366s] Invoking command in '/home/student/Desktop/workspace/build/yolo_tracking': PYTHONPATH=/home/student/Desktop/workspace/build/yolo_tracking/prefix_override:/usr/lib/python3/dist-packages/colcon_core/task/python/colcon_distutils_commands:/home/student/Desktop/workspace/install/yolo_tracking/lib/python3.10/site-packages:${PYTHONPATH} /usr/bin/python3 -W ignore:setup.py install is deprecated setup.py develop --editable --build-directory /home/student/Desktop/workspace/build/yolo_tracking/build --no-deps symlink_data --force
[3.098s] running develop
[3.111s] /usr/lib/python3/dist-packages/setuptools/command/easy_install.py:158: EasyInstallDeprecationWarning: easy_install command is deprecated. Use build and pip and other standards-based tools.
[3.111s]   warnings.warn(
[3.921s] running egg_info
[3.921s] writing yolo_tracking.egg-info/PKG-INFO
[3.923s] writing dependency_links to yolo_tracking.egg-info/dependency_links.txt
[3.923s] writing entry points to yolo_tracking.egg-info/entry_points.txt
[3.923s] writing requirements to yolo_tracking.egg-info/requires.txt
[3.923s] writing top-level names to yolo_tracking.egg-info/top_level.txt
[3.927s] reading manifest file 'yolo_tracking.egg-info/SOURCES.txt'
[3.928s] writing manifest file 'yolo_tracking.egg-info/SOURCES.txt'
[4.012s] running build_ext
[4.012s] Creating /home/student/Desktop/workspace/install/yolo_tracking/lib/python3.10/site-packages/yolo-tracking.egg-link (link to .)
[4.013s] Installing object_detection_node script to /home/student/Desktop/workspace/install/yolo_tracking/lib/yolo_tracking
[4.013s] 
[4.014s] Installed /home/student/Desktop/workspace/build/yolo_tracking
[4.014s] running symlink_data
[4.014s] symbolically linking /home/student/Desktop/workspace/build/yolo_tracking/resource/yolo_tracking -> /home/student/Desktop/workspace/install/yolo_tracking/share/ament_index/resource_index/packages
[4.014s] symbolically linking /home/student/Desktop/workspace/build/yolo_tracking/package.xml -> /home/student/Desktop/workspace/install/yolo_tracking/share/yolo_tracking
[4.098s] Invoked command in '/home/student/Desktop/workspace/build/yolo_tracking' returned '0': PYTHONPATH=/home/student/Desktop/workspace/build/yolo_tracking/prefix_override:/usr/lib/python3/dist-packages/colcon_core/task/python/colcon_distutils_commands:/home/student/Desktop/workspace/install/yolo_tracking/lib/python3.10/site-packages:${PYTHONPATH} /usr/bin/python3 -W ignore:setup.py install is deprecated setup.py develop --editable --build-directory /home/student/Desktop/workspace/build/yolo_tracking/build --no-deps symlink_data --force
