[0.047s] Invoking command in '/home/student/Desktop/workspace/build/ouster_ros': CMAKE_PREFIX_PATH=/home/student/Desktop/workspace/install/ouster_sensor_msgs:/home/student/Desktop/workspace/install/zed_ros2:/home/student/Desktop/workspace/install/zed_wrapper:/home/student/Desktop/workspace/install/zed_components:/home/student/Desktop/workspace/install/zed_interfaces:/home/student/Desktop/workspace/install/ouster_ros:/home/student/Desktop/workspace/install/object_tracking_messages:/usr/local/labor_robotik/ros2/xarm_planner:/usr/local/labor_robotik/ros2/xarm_moveit_servo:/usr/local/labor_robotik/ros2/lri_xarm_integration:/usr/local/labor_robotik/ros2/xarm_moveit_config:/usr/local/labor_robotik/ros2/xarm_gazebo:/usr/local/labor_robotik/ros2/xarm_controller:/usr/local/labor_robotik/ros2/xarm_api:/usr/local/labor_robotik/ros2/xarm_sdk:/usr/local/labor_robotik/ros2/xarm_msgs:/usr/local/labor_robotik/ros2/xarm_description:/usr/local/labor_robotik/ros2/weiss_gripper:/usr/local/labor_robotik/ros2/weiss_gripper_interfaces:/usr/local/labor_robotik/ros2/sicktoolbox_wrapper:/usr/local/labor_robotik/ros2/sicktoolbox:/usr/local/labor_robotik/ros2/realsense_gazebo_plugin:/usr/local/labor_robotik/ros2/p2os_witness:/usr/local/labor_robotik/ros2/p2os_launch:/usr/local/labor_robotik/ros2/p2os_urdf:/usr/local/labor_robotik/ros2/p2os_device_plugins:/usr/local/labor_robotik/ros2/p2os_driver:/usr/local/labor_robotik/ros2/lri_webots_interface:/usr/local/labor_robotik/ros2/p2os_msgs:/usr/local/labor_robotik/ros2/lr_utility_lib:/home/student/Desktop/workspace/install/yolo_tracking:/home/student/Desktop/workspace/install/sensor_presentation:/home/student/Desktop/workspace/install/position_estimation:/opt/ros/humble LD_LIBRARY_PATH=/home/student/Desktop/workspace/install/ouster_sensor_msgs/lib:/home/student/Desktop/workspace/install/zed_components/lib:/home/student/Desktop/workspace/install/zed_interfaces/lib:/home/student/Desktop/workspace/install/ouster_ros/lib:/home/student/Desktop/workspace/install/object_tracking_messages/lib:/usr/local/labor_robotik/ros2/xarm_planner/lib:/usr/local/labor_robotik/ros2/xarm_moveit_servo/lib:/usr/local/labor_robotik/ros2/xarm_gazebo/lib:/usr/local/labor_robotik/ros2/xarm_controller/lib:/usr/local/labor_robotik/ros2/xarm_api/lib:/usr/local/labor_robotik/ros2/xarm_sdk/lib:/usr/local/labor_robotik/ros2/xarm_msgs/lib:/usr/local/labor_robotik/ros2/weiss_gripper/lib:/usr/local/labor_robotik/ros2/weiss_gripper_interfaces/lib:/usr/local/labor_robotik/ros2/sicktoolbox/lib:/usr/local/labor_robotik/ros2/realsense_gazebo_plugin/lib:/usr/local/labor_robotik/ros2/p2os_device_plugins/lib:/usr/local/labor_robotik/ros2/p2os_driver/lib:/usr/local/labor_robotik/ros2/lri_webots_interface/lib:/usr/local/labor_robotik/ros2/p2os_msgs/lib:/usr/local/labor_robotik/ros2/lr_utility_lib/lib:/usr/lib/x86_64-linux-gnu/gazebo-11/plugins:/opt/ros/humble/opt/rviz_ogre_vendor/lib:/opt/ros/humble/lib/x86_64-linux-gnu:/opt/ros/humble/lib:/usr/share/gazebo/../../lib/x86_64-linux-gnu/gazebo-11/plugins:/usr/local/lib/:/usr/lib/x86_64-linux-gnu/:/usr/share/gazebo/../../lib/x86_64-linux-gnu/gazebo-11/plugins:/usr/share/gazebo/../../lib/x86_64-linux-gnu/gazebo-11/plugins:/usr/local/lib/:/usr/lib/x86_64-linux-gnu/ /home/student/.local/bin/cmake --build /home/student/Desktop/workspace/build/ouster_ros -- -j16 -l16
[0.300s] [34m[1mGenerating build info header[0m
[0.427s] [  3%] Built target os_sensor
[0.429s] [  3%] Built target ouster_generate_header
[0.433s] [  7%] Built target os_replay
[0.439s] [ 10%] Built target os_cloud
[0.449s] [ 14%] Built target os_image
[0.472s] [ 18%] Built target gtest_main
[0.481s] [ 21%] Built target os_driver
[0.538s] [ 25%] Built target gtest
[0.614s] [ 52%] Built target ouster_client
[0.765s] [ 56%] Built target ouster_ros_library
[0.884s] [ 61%] Built target os_replay_component
[0.900s] [ 67%] Built target os_image_component
[0.923s] [ 72%] Built target os_sensor_component
[0.944s] [ 78%] Built target os_cloud_component
[0.974s] [ 85%] Built target os_driver_component
[1.081s] [100%] Built target ouster_ros_test
[1.111s] Invoked command in '/home/student/Desktop/workspace/build/ouster_ros' returned '0': CMAKE_PREFIX_PATH=/home/student/Desktop/workspace/install/ouster_sensor_msgs:/home/student/Desktop/workspace/install/zed_ros2:/home/student/Desktop/workspace/install/zed_wrapper:/home/student/Desktop/workspace/install/zed_components:/home/student/Desktop/workspace/install/zed_interfaces:/home/student/Desktop/workspace/install/ouster_ros:/home/student/Desktop/workspace/install/object_tracking_messages:/usr/local/labor_robotik/ros2/xarm_planner:/usr/local/labor_robotik/ros2/xarm_moveit_servo:/usr/local/labor_robotik/ros2/lri_xarm_integration:/usr/local/labor_robotik/ros2/xarm_moveit_config:/usr/local/labor_robotik/ros2/xarm_gazebo:/usr/local/labor_robotik/ros2/xarm_controller:/usr/local/labor_robotik/ros2/xarm_api:/usr/local/labor_robotik/ros2/xarm_sdk:/usr/local/labor_robotik/ros2/xarm_msgs:/usr/local/labor_robotik/ros2/xarm_description:/usr/local/labor_robotik/ros2/weiss_gripper:/usr/local/labor_robotik/ros2/weiss_gripper_interfaces:/usr/local/labor_robotik/ros2/sicktoolbox_wrapper:/usr/local/labor_robotik/ros2/sicktoolbox:/usr/local/labor_robotik/ros2/realsense_gazebo_plugin:/usr/local/labor_robotik/ros2/p2os_witness:/usr/local/labor_robotik/ros2/p2os_launch:/usr/local/labor_robotik/ros2/p2os_urdf:/usr/local/labor_robotik/ros2/p2os_device_plugins:/usr/local/labor_robotik/ros2/p2os_driver:/usr/local/labor_robotik/ros2/lri_webots_interface:/usr/local/labor_robotik/ros2/p2os_msgs:/usr/local/labor_robotik/ros2/lr_utility_lib:/home/student/Desktop/workspace/install/yolo_tracking:/home/student/Desktop/workspace/install/sensor_presentation:/home/student/Desktop/workspace/install/position_estimation:/opt/ros/humble LD_LIBRARY_PATH=/home/student/Desktop/workspace/install/ouster_sensor_msgs/lib:/home/student/Desktop/workspace/install/zed_components/lib:/home/student/Desktop/workspace/install/zed_interfaces/lib:/home/student/Desktop/workspace/install/ouster_ros/lib:/home/student/Desktop/workspace/install/object_tracking_messages/lib:/usr/local/labor_robotik/ros2/xarm_planner/lib:/usr/local/labor_robotik/ros2/xarm_moveit_servo/lib:/usr/local/labor_robotik/ros2/xarm_gazebo/lib:/usr/local/labor_robotik/ros2/xarm_controller/lib:/usr/local/labor_robotik/ros2/xarm_api/lib:/usr/local/labor_robotik/ros2/xarm_sdk/lib:/usr/local/labor_robotik/ros2/xarm_msgs/lib:/usr/local/labor_robotik/ros2/weiss_gripper/lib:/usr/local/labor_robotik/ros2/weiss_gripper_interfaces/lib:/usr/local/labor_robotik/ros2/sicktoolbox/lib:/usr/local/labor_robotik/ros2/realsense_gazebo_plugin/lib:/usr/local/labor_robotik/ros2/p2os_device_plugins/lib:/usr/local/labor_robotik/ros2/p2os_driver/lib:/usr/local/labor_robotik/ros2/lri_webots_interface/lib:/usr/local/labor_robotik/ros2/p2os_msgs/lib:/usr/local/labor_robotik/ros2/lr_utility_lib/lib:/usr/lib/x86_64-linux-gnu/gazebo-11/plugins:/opt/ros/humble/opt/rviz_ogre_vendor/lib:/opt/ros/humble/lib/x86_64-linux-gnu:/opt/ros/humble/lib:/usr/share/gazebo/../../lib/x86_64-linux-gnu/gazebo-11/plugins:/usr/local/lib/:/usr/lib/x86_64-linux-gnu/:/usr/share/gazebo/../../lib/x86_64-linux-gnu/gazebo-11/plugins:/usr/share/gazebo/../../lib/x86_64-linux-gnu/gazebo-11/plugins:/usr/local/lib/:/usr/lib/x86_64-linux-gnu/ /home/student/.local/bin/cmake --build /home/student/Desktop/workspace/build/ouster_ros -- -j16 -l16
[1.377s] Invoking command in '/home/student/Desktop/workspace/build/ouster_ros': CMAKE_PREFIX_PATH=/home/student/Desktop/workspace/install/ouster_sensor_msgs:/home/student/Desktop/workspace/install/zed_ros2:/home/student/Desktop/workspace/install/zed_wrapper:/home/student/Desktop/workspace/install/zed_components:/home/student/Desktop/workspace/install/zed_interfaces:/home/student/Desktop/workspace/install/ouster_ros:/home/student/Desktop/workspace/install/object_tracking_messages:/usr/local/labor_robotik/ros2/xarm_planner:/usr/local/labor_robotik/ros2/xarm_moveit_servo:/usr/local/labor_robotik/ros2/lri_xarm_integration:/usr/local/labor_robotik/ros2/xarm_moveit_config:/usr/local/labor_robotik/ros2/xarm_gazebo:/usr/local/labor_robotik/ros2/xarm_controller:/usr/local/labor_robotik/ros2/xarm_api:/usr/local/labor_robotik/ros2/xarm_sdk:/usr/local/labor_robotik/ros2/xarm_msgs:/usr/local/labor_robotik/ros2/xarm_description:/usr/local/labor_robotik/ros2/weiss_gripper:/usr/local/labor_robotik/ros2/weiss_gripper_interfaces:/usr/local/labor_robotik/ros2/sicktoolbox_wrapper:/usr/local/labor_robotik/ros2/sicktoolbox:/usr/local/labor_robotik/ros2/realsense_gazebo_plugin:/usr/local/labor_robotik/ros2/p2os_witness:/usr/local/labor_robotik/ros2/p2os_launch:/usr/local/labor_robotik/ros2/p2os_urdf:/usr/local/labor_robotik/ros2/p2os_device_plugins:/usr/local/labor_robotik/ros2/p2os_driver:/usr/local/labor_robotik/ros2/lri_webots_interface:/usr/local/labor_robotik/ros2/p2os_msgs:/usr/local/labor_robotik/ros2/lr_utility_lib:/home/student/Desktop/workspace/install/yolo_tracking:/home/student/Desktop/workspace/install/sensor_presentation:/home/student/Desktop/workspace/install/position_estimation:/opt/ros/humble LD_LIBRARY_PATH=/home/student/Desktop/workspace/install/ouster_sensor_msgs/lib:/home/student/Desktop/workspace/install/zed_components/lib:/home/student/Desktop/workspace/install/zed_interfaces/lib:/home/student/Desktop/workspace/install/ouster_ros/lib:/home/student/Desktop/workspace/install/object_tracking_messages/lib:/usr/local/labor_robotik/ros2/xarm_planner/lib:/usr/local/labor_robotik/ros2/xarm_moveit_servo/lib:/usr/local/labor_robotik/ros2/xarm_gazebo/lib:/usr/local/labor_robotik/ros2/xarm_controller/lib:/usr/local/labor_robotik/ros2/xarm_api/lib:/usr/local/labor_robotik/ros2/xarm_sdk/lib:/usr/local/labor_robotik/ros2/xarm_msgs/lib:/usr/local/labor_robotik/ros2/weiss_gripper/lib:/usr/local/labor_robotik/ros2/weiss_gripper_interfaces/lib:/usr/local/labor_robotik/ros2/sicktoolbox/lib:/usr/local/labor_robotik/ros2/realsense_gazebo_plugin/lib:/usr/local/labor_robotik/ros2/p2os_device_plugins/lib:/usr/local/labor_robotik/ros2/p2os_driver/lib:/usr/local/labor_robotik/ros2/lri_webots_interface/lib:/usr/local/labor_robotik/ros2/p2os_msgs/lib:/usr/local/labor_robotik/ros2/lr_utility_lib/lib:/usr/lib/x86_64-linux-gnu/gazebo-11/plugins:/opt/ros/humble/opt/rviz_ogre_vendor/lib:/opt/ros/humble/lib/x86_64-linux-gnu:/opt/ros/humble/lib:/usr/share/gazebo/../../lib/x86_64-linux-gnu/gazebo-11/plugins:/usr/local/lib/:/usr/lib/x86_64-linux-gnu/:/usr/share/gazebo/../../lib/x86_64-linux-gnu/gazebo-11/plugins:/usr/share/gazebo/../../lib/x86_64-linux-gnu/gazebo-11/plugins:/usr/local/lib/:/usr/lib/x86_64-linux-gnu/ /home/student/.local/bin/cmake --install /home/student/Desktop/workspace/build/ouster_ros
[1.424s] -- Install configuration: "Release"
[1.425s] -- Execute custom install script
[1.425s] -- Up-to-date symlink: /home/student/Desktop/workspace/install/ouster_ros/include/ouster/impl/build.h
[1.426s] -- Up-to-date symlink: /home/student/Desktop/workspace/install/ouster_ros/include/ouster/buffered_udp_source.h
[1.426s] -- Up-to-date symlink: /home/student/Desktop/workspace/install/ouster_ros/include/ouster/client.h
[1.426s] -- Up-to-date symlink: /home/student/Desktop/workspace/install/ouster_ros/include/ouster/defaults.h
[1.426s] -- Up-to-date symlink: /home/student/Desktop/workspace/install/ouster_ros/include/ouster/image_processing.h
[1.427s] -- Up-to-date symlink: /home/student/Desktop/workspace/install/ouster_ros/include/ouster/impl/cartesian.h
[1.427s] -- Up-to-date symlink: /home/student/Desktop/workspace/install/ouster_ros/include/ouster/impl/lidar_scan_impl.h
[1.427s] -- Up-to-date symlink: /home/student/Desktop/workspace/install/ouster_ros/include/ouster/impl/packet_writer.h
[1.427s] -- Up-to-date symlink: /home/student/Desktop/workspace/install/ouster_ros/include/ouster/impl/profile_extension.h
[1.428s] -- Up-to-date symlink: /home/student/Desktop/workspace/install/ouster_ros/include/ouster/lidar_scan.h
[1.428s] -- Up-to-date symlink: /home/student/Desktop/workspace/install/ouster_ros/include/ouster/sensor_http.h
[1.428s] -- Up-to-date symlink: /home/student/Desktop/workspace/install/ouster_ros/include/ouster/types.h
[1.428s] -- Up-to-date symlink: /home/student/Desktop/workspace/install/ouster_ros/include/ouster/util.h
[1.428s] -- Up-to-date symlink: /home/student/Desktop/workspace/install/ouster_ros/include/ouster/version.h
[1.429s] -- Up-to-date symlink: /home/student/Desktop/workspace/install/ouster_ros/include/optional-lite/nonstd/optional.hpp
[1.429s] -- Up-to-date symlink: /home/student/Desktop/workspace/install/ouster_ros/lib/cmake/OusterSDK/OusterSDKConfig.cmake
[1.430s] -- Up-to-date symlink: /home/student/Desktop/workspace/install/ouster_ros/lib/cmake/OusterSDK/OusterSDKConfigVersion.cmake
[1.430s] -- Up-to-date symlink: /home/student/Desktop/workspace/install/ouster_ros/share/LICENSE
[1.431s] -- Up-to-date symlink: /home/student/Desktop/workspace/install/ouster_ros/share/LICENSE-bin
[1.431s] -- Up-to-date symlink: /home/student/Desktop/workspace/install/ouster_ros/lib/ouster_ros/os_sensor
[1.432s] -- Up-to-date symlink: /home/student/Desktop/workspace/install/ouster_ros/lib/ouster_ros/os_replay
[1.432s] -- Up-to-date symlink: /home/student/Desktop/workspace/install/ouster_ros/lib/ouster_ros/os_cloud
[1.432s] -- Up-to-date symlink: /home/student/Desktop/workspace/install/ouster_ros/lib/ouster_ros/os_image
[1.433s] -- Up-to-date symlink: /home/student/Desktop/workspace/install/ouster_ros/lib/ouster_ros/os_driver
[1.433s] -- Up-to-date symlink: /home/student/Desktop/workspace/install/ouster_ros/lib/libouster_ros_library.so
[1.434s] -- Up-to-date symlink: /home/student/Desktop/workspace/install/ouster_ros/lib/libos_sensor_component.so
[1.434s] -- Up-to-date symlink: /home/student/Desktop/workspace/install/ouster_ros/lib/libos_replay_component.so
[1.434s] -- Up-to-date symlink: /home/student/Desktop/workspace/install/ouster_ros/lib/libos_cloud_component.so
[1.434s] -- Up-to-date symlink: /home/student/Desktop/workspace/install/ouster_ros/lib/libos_image_component.so
[1.434s] -- Up-to-date symlink: /home/student/Desktop/workspace/install/ouster_ros/lib/libos_driver_component.so
[1.435s] -- Up-to-date symlink: /home/student/Desktop/workspace/install/ouster_ros/include/ouster_ros/include/ouster_ros/common_point_types.h
[1.435s] -- Up-to-date symlink: /home/student/Desktop/workspace/install/ouster_ros/include/ouster_ros/include/ouster_ros/os_point.h
[1.435s] -- Up-to-date symlink: /home/student/Desktop/workspace/install/ouster_ros/include/ouster_ros/include/ouster_ros/os_processing_node_base.h
[1.435s] -- Up-to-date symlink: /home/student/Desktop/workspace/install/ouster_ros/include/ouster_ros/include/ouster_ros/os_ros.h
[1.435s] -- Up-to-date symlink: /home/student/Desktop/workspace/install/ouster_ros/include/ouster_ros/include/ouster_ros/os_sensor_node_base.h
[1.436s] -- Up-to-date symlink: /home/student/Desktop/workspace/install/ouster_ros/include/ouster_ros/include/ouster_ros/sensor_point_types.h
[1.436s] -- Up-to-date symlink: /home/student/Desktop/workspace/install/ouster_ros/include/ouster_ros/include/ouster_ros/visibility_control.h
[1.437s] -- Up-to-date symlink: /home/student/Desktop/workspace/install/ouster_ros/include/ouster_ros/include/optional-lite/nonstd/optional.hpp
[1.437s] -- Up-to-date symlink: /home/student/Desktop/workspace/install/ouster_ros/include/ouster_ros/include/ouster/buffered_udp_source.h
[1.437s] -- Up-to-date symlink: /home/student/Desktop/workspace/install/ouster_ros/include/ouster_ros/include/ouster/client.h
[1.437s] -- Up-to-date symlink: /home/student/Desktop/workspace/install/ouster_ros/include/ouster_ros/include/ouster/defaults.h
[1.437s] -- Up-to-date symlink: /home/student/Desktop/workspace/install/ouster_ros/include/ouster_ros/include/ouster/image_processing.h
[1.438s] -- Up-to-date symlink: /home/student/Desktop/workspace/install/ouster_ros/include/ouster_ros/include/ouster/impl/cartesian.h
[1.438s] -- Up-to-date symlink: /home/student/Desktop/workspace/install/ouster_ros/include/ouster_ros/include/ouster/impl/lidar_scan_impl.h
[1.438s] -- Up-to-date symlink: /home/student/Desktop/workspace/install/ouster_ros/include/ouster_ros/include/ouster/impl/packet_writer.h
[1.439s] -- Up-to-date symlink: /home/student/Desktop/workspace/install/ouster_ros/include/ouster_ros/include/ouster/impl/profile_extension.h
[1.439s] -- Up-to-date symlink: /home/student/Desktop/workspace/install/ouster_ros/include/ouster_ros/include/ouster/lidar_scan.h
[1.439s] -- Up-to-date symlink: /home/student/Desktop/workspace/install/ouster_ros/include/ouster_ros/include/ouster/sensor_http.h
[1.439s] -- Up-to-date symlink: /home/student/Desktop/workspace/install/ouster_ros/include/ouster_ros/include/ouster/types.h
[1.439s] -- Up-to-date symlink: /home/student/Desktop/workspace/install/ouster_ros/include/ouster_ros/include/ouster/util.h
[1.439s] -- Up-to-date symlink: /home/student/Desktop/workspace/install/ouster_ros/include/ouster_ros/include/ouster/version.h
[1.440s] -- Up-to-date symlink: /home/student/Desktop/workspace/install/ouster_ros/include/ouster_ros/optional-lite/nonstd/optional.hpp
[1.440s] -- Up-to-date symlink: /home/student/Desktop/workspace/install/ouster_ros/include/ouster_ros/include/ouster/indexed_pcap_reader.h
[1.441s] -- Up-to-date symlink: /home/student/Desktop/workspace/install/ouster_ros/include/ouster_ros/include/ouster/os_pcap.h
[1.441s] -- Up-to-date symlink: /home/student/Desktop/workspace/install/ouster_ros/include/ouster_ros/include/ouster/pcap.h
[1.441s] -- Up-to-date symlink: /home/student/Desktop/workspace/install/ouster_ros/share/ouster_ros/LICENSE
[1.442s] -- Up-to-date symlink: /home/student/Desktop/workspace/install/ouster_ros/share/ouster_ros/launch/driver.launch.py
[1.442s] -- Up-to-date symlink: /home/student/Desktop/workspace/install/ouster_ros/share/ouster_ros/launch/driver_launch.py
[1.442s] -- Up-to-date symlink: /home/student/Desktop/workspace/install/ouster_ros/share/ouster_ros/launch/record.composite.launch.xml
[1.442s] -- Up-to-date symlink: /home/student/Desktop/workspace/install/ouster_ros/share/ouster_ros/launch/record.launch.xml
[1.443s] -- Up-to-date symlink: /home/student/Desktop/workspace/install/ouster_ros/share/ouster_ros/launch/replay.composite.launch.xml
[1.443s] -- Up-to-date symlink: /home/student/Desktop/workspace/install/ouster_ros/share/ouster_ros/launch/replay.launch.xml
[1.443s] -- Up-to-date symlink: /home/student/Desktop/workspace/install/ouster_ros/share/ouster_ros/launch/replay_pcap.launch.xml
[1.443s] -- Up-to-date symlink: /home/student/Desktop/workspace/install/ouster_ros/share/ouster_ros/launch/rviz.launch.py
[1.443s] -- Up-to-date symlink: /home/student/Desktop/workspace/install/ouster_ros/share/ouster_ros/launch/rviz.launch.xml
[1.444s] -- Up-to-date symlink: /home/student/Desktop/workspace/install/ouster_ros/share/ouster_ros/launch/sensor.composite.launch.py
[1.444s] -- Up-to-date symlink: /home/student/Desktop/workspace/install/ouster_ros/share/ouster_ros/launch/sensor.composite.launch.xml
[1.444s] -- Up-to-date symlink: /home/student/Desktop/workspace/install/ouster_ros/share/ouster_ros/launch/sensor.independent.launch.py
[1.444s] -- Up-to-date symlink: /home/student/Desktop/workspace/install/ouster_ros/share/ouster_ros/launch/sensor.independent.launch.xml
[1.444s] -- Up-to-date symlink: /home/student/Desktop/workspace/install/ouster_ros/share/ouster_ros/launch/sensor.launch.xml
[1.444s] -- Up-to-date symlink: /home/student/Desktop/workspace/install/ouster_ros/share/ouster_ros/launch/sensor_mtp.launch.xml
[1.445s] -- Up-to-date symlink: /home/student/Desktop/workspace/install/ouster_ros/share/ouster_ros/config/community_driver.rviz
[1.445s] -- Up-to-date symlink: /home/student/Desktop/workspace/install/ouster_ros/share/ouster_ros/config/community_driver_config.yaml
[1.445s] -- Up-to-date symlink: /home/student/Desktop/workspace/install/ouster_ros/share/ouster_ros/config/driver_params.yaml
[1.445s] -- Up-to-date symlink: /home/student/Desktop/workspace/install/ouster_ros/share/ouster_ros/config/metadata-qos-override.yaml
[1.446s] -- Up-to-date symlink: /home/student/Desktop/workspace/install/ouster_ros/share/ouster_ros/config/os_sensor_cloud_image_params.yaml
[1.446s] -- Up-to-date symlink: /home/student/Desktop/workspace/install/ouster_ros/share/ouster_ros/config/viz-reliable.rviz
[1.446s] -- Up-to-date symlink: /home/student/Desktop/workspace/install/ouster_ros/share/ouster_ros/config/viz.rviz
[1.446s] -- Up-to-date symlink: /home/student/Desktop/workspace/install/ouster_ros/share/ouster_ros/environment/library_path.sh
[1.446s] -- Up-to-date symlink: /home/student/Desktop/workspace/install/ouster_ros/share/ouster_ros/environment/library_path.dsv
[1.447s] -- Up-to-date symlink: /home/student/Desktop/workspace/install/ouster_ros/share/ament_index/resource_index/package_run_dependencies/ouster_ros
[1.447s] -- Up-to-date symlink: /home/student/Desktop/workspace/install/ouster_ros/share/ament_index/resource_index/parent_prefix_path/ouster_ros
[1.447s] -- Up-to-date symlink: /home/student/Desktop/workspace/install/ouster_ros/share/ouster_ros/environment/ament_prefix_path.sh
[1.448s] -- Up-to-date symlink: /home/student/Desktop/workspace/install/ouster_ros/share/ouster_ros/environment/ament_prefix_path.dsv
[1.448s] -- Up-to-date symlink: /home/student/Desktop/workspace/install/ouster_ros/share/ouster_ros/environment/path.sh
[1.449s] -- Up-to-date symlink: /home/student/Desktop/workspace/install/ouster_ros/share/ouster_ros/environment/path.dsv
[1.449s] -- Up-to-date symlink: /home/student/Desktop/workspace/install/ouster_ros/share/ouster_ros/local_setup.bash
[1.449s] -- Up-to-date symlink: /home/student/Desktop/workspace/install/ouster_ros/share/ouster_ros/local_setup.sh
[1.449s] -- Up-to-date symlink: /home/student/Desktop/workspace/install/ouster_ros/share/ouster_ros/local_setup.zsh
[1.449s] -- Up-to-date symlink: /home/student/Desktop/workspace/install/ouster_ros/share/ouster_ros/local_setup.dsv
[1.450s] -- Symlinking: /home/student/Desktop/workspace/install/ouster_ros/share/ouster_ros/package.dsv
[1.455s] -- Up-to-date symlink: /home/student/Desktop/workspace/install/ouster_ros/share/ament_index/resource_index/packages/ouster_ros
[1.455s] -- Up-to-date symlink: /home/student/Desktop/workspace/install/ouster_ros/share/ament_index/resource_index/rclcpp_components/ouster_ros
[1.455s] -- Up-to-date symlink: /home/student/Desktop/workspace/install/ouster_ros/share/ouster_ros/cmake/ament_cmake_export_include_directories-extras.cmake
[1.455s] -- Up-to-date symlink: /home/student/Desktop/workspace/install/ouster_ros/share/ouster_ros/cmake/ament_cmake_export_dependencies-extras.cmake
[1.456s] -- Up-to-date symlink: /home/student/Desktop/workspace/install/ouster_ros/share/ouster_ros/cmake/ament_cmake_export_libraries-extras.cmake
[1.456s] -- Up-to-date symlink: /home/student/Desktop/workspace/install/ouster_ros/share/ouster_ros/cmake/ouster_rosConfig.cmake
[1.456s] -- Up-to-date symlink: /home/student/Desktop/workspace/install/ouster_ros/share/ouster_ros/cmake/ouster_rosConfig-version.cmake
[1.456s] -- Up-to-date symlink: /home/student/Desktop/workspace/install/ouster_ros/share/ouster_ros/package.xml
[1.465s] Invoked command in '/home/student/Desktop/workspace/build/ouster_ros' returned '0': CMAKE_PREFIX_PATH=/home/student/Desktop/workspace/install/ouster_sensor_msgs:/home/student/Desktop/workspace/install/zed_ros2:/home/student/Desktop/workspace/install/zed_wrapper:/home/student/Desktop/workspace/install/zed_components:/home/student/Desktop/workspace/install/zed_interfaces:/home/student/Desktop/workspace/install/ouster_ros:/home/student/Desktop/workspace/install/object_tracking_messages:/usr/local/labor_robotik/ros2/xarm_planner:/usr/local/labor_robotik/ros2/xarm_moveit_servo:/usr/local/labor_robotik/ros2/lri_xarm_integration:/usr/local/labor_robotik/ros2/xarm_moveit_config:/usr/local/labor_robotik/ros2/xarm_gazebo:/usr/local/labor_robotik/ros2/xarm_controller:/usr/local/labor_robotik/ros2/xarm_api:/usr/local/labor_robotik/ros2/xarm_sdk:/usr/local/labor_robotik/ros2/xarm_msgs:/usr/local/labor_robotik/ros2/xarm_description:/usr/local/labor_robotik/ros2/weiss_gripper:/usr/local/labor_robotik/ros2/weiss_gripper_interfaces:/usr/local/labor_robotik/ros2/sicktoolbox_wrapper:/usr/local/labor_robotik/ros2/sicktoolbox:/usr/local/labor_robotik/ros2/realsense_gazebo_plugin:/usr/local/labor_robotik/ros2/p2os_witness:/usr/local/labor_robotik/ros2/p2os_launch:/usr/local/labor_robotik/ros2/p2os_urdf:/usr/local/labor_robotik/ros2/p2os_device_plugins:/usr/local/labor_robotik/ros2/p2os_driver:/usr/local/labor_robotik/ros2/lri_webots_interface:/usr/local/labor_robotik/ros2/p2os_msgs:/usr/local/labor_robotik/ros2/lr_utility_lib:/home/student/Desktop/workspace/install/yolo_tracking:/home/student/Desktop/workspace/install/sensor_presentation:/home/student/Desktop/workspace/install/position_estimation:/opt/ros/humble LD_LIBRARY_PATH=/home/student/Desktop/workspace/install/ouster_sensor_msgs/lib:/home/student/Desktop/workspace/install/zed_components/lib:/home/student/Desktop/workspace/install/zed_interfaces/lib:/home/student/Desktop/workspace/install/ouster_ros/lib:/home/student/Desktop/workspace/install/object_tracking_messages/lib:/usr/local/labor_robotik/ros2/xarm_planner/lib:/usr/local/labor_robotik/ros2/xarm_moveit_servo/lib:/usr/local/labor_robotik/ros2/xarm_gazebo/lib:/usr/local/labor_robotik/ros2/xarm_controller/lib:/usr/local/labor_robotik/ros2/xarm_api/lib:/usr/local/labor_robotik/ros2/xarm_sdk/lib:/usr/local/labor_robotik/ros2/xarm_msgs/lib:/usr/local/labor_robotik/ros2/weiss_gripper/lib:/usr/local/labor_robotik/ros2/weiss_gripper_interfaces/lib:/usr/local/labor_robotik/ros2/sicktoolbox/lib:/usr/local/labor_robotik/ros2/realsense_gazebo_plugin/lib:/usr/local/labor_robotik/ros2/p2os_device_plugins/lib:/usr/local/labor_robotik/ros2/p2os_driver/lib:/usr/local/labor_robotik/ros2/lri_webots_interface/lib:/usr/local/labor_robotik/ros2/p2os_msgs/lib:/usr/local/labor_robotik/ros2/lr_utility_lib/lib:/usr/lib/x86_64-linux-gnu/gazebo-11/plugins:/opt/ros/humble/opt/rviz_ogre_vendor/lib:/opt/ros/humble/lib/x86_64-linux-gnu:/opt/ros/humble/lib:/usr/share/gazebo/../../lib/x86_64-linux-gnu/gazebo-11/plugins:/usr/local/lib/:/usr/lib/x86_64-linux-gnu/:/usr/share/gazebo/../../lib/x86_64-linux-gnu/gazebo-11/plugins:/usr/share/gazebo/../../lib/x86_64-linux-gnu/gazebo-11/plugins:/usr/local/lib/:/usr/lib/x86_64-linux-gnu/ /home/student/.local/bin/cmake --install /home/student/Desktop/workspace/build/ouster_ros
