[2.689s] Invoking command in '/home/student/Desktop/workspace/build/navigation': PYTHONPATH=/home/student/Desktop/workspace/build/navigation/prefix_override:/usr/lib/python3/dist-packages/colcon_core/task/python/colcon_distutils_commands:/home/student/Desktop/workspace/install/navigation/lib/python3.10/site-packages:${PYTHONPATH} /usr/bin/python3 -W ignore:setup.py install is deprecated setup.py develop --editable --build-directory /home/student/Desktop/workspace/build/navigation/build --no-deps symlink_data
[3.391s] running develop
[3.391s] /usr/lib/python3/dist-packages/setuptools/command/easy_install.py:158: EasyInstallDeprecationWarning: easy_install command is deprecated. Use build and pip and other standards-based tools.
[3.391s]   warnings.warn(
[4.040s] running egg_info
[4.040s] creating navigation.egg-info
[4.046s] writing navigation.egg-info/PKG-INFO
[4.046s] writing dependency_links to navigation.egg-info/dependency_links.txt
[4.046s] writing entry points to navigation.egg-info/entry_points.txt
[4.047s] writing requirements to navigation.egg-info/requires.txt
[4.047s] writing top-level names to navigation.egg-info/top_level.txt
[4.047s] writing manifest file 'navigation.egg-info/SOURCES.txt'
[4.047s] reading manifest file 'navigation.egg-info/SOURCES.txt'
[4.047s] writing manifest file 'navigation.egg-info/SOURCES.txt'
[4.176s] running build_ext
[4.177s] Creating /home/student/Desktop/workspace/install/navigation/lib/python3.10/site-packages/navigation.egg-link (link to .)
[4.178s] Installing nav2_node script to /home/student/Desktop/workspace/install/navigation/lib/navigation
[4.179s] Installing odom_publisher_node script to /home/student/Desktop/workspace/install/navigation/lib/navigation
[4.181s] 
[4.181s] Installed /home/student/Desktop/workspace/build/navigation
[4.181s] running symlink_data
[4.181s] creating /home/student/Desktop/workspace/install/navigation/share/ament_index
[4.182s] creating /home/student/Desktop/workspace/install/navigation/share/ament_index/resource_index
[4.182s] creating /home/student/Desktop/workspace/install/navigation/share/ament_index/resource_index/packages
[4.182s] symbolically linking /home/student/Desktop/workspace/build/navigation/resource/navigation -> /home/student/Desktop/workspace/install/navigation/share/ament_index/resource_index/packages
[4.183s] symbolically linking /home/student/Desktop/workspace/build/navigation/package.xml -> /home/student/Desktop/workspace/install/navigation/share/navigation
[4.183s] creating /home/student/Desktop/workspace/install/navigation/share/navigation/launch
[4.183s] symbolically linking /home/student/Desktop/workspace/build/navigation/launch/nav2_launch.py -> /home/student/Desktop/workspace/install/navigation/share/navigation/launch
[4.317s] Invoked command in '/home/student/Desktop/workspace/build/navigation' returned '0': PYTHONPATH=/home/student/Desktop/workspace/build/navigation/prefix_override:/usr/lib/python3/dist-packages/colcon_core/task/python/colcon_distutils_commands:/home/student/Desktop/workspace/install/navigation/lib/python3.10/site-packages:${PYTHONPATH} /usr/bin/python3 -W ignore:setup.py install is deprecated setup.py develop --editable --build-directory /home/student/Desktop/workspace/build/navigation/build --no-deps symlink_data
