[2.434s] Invoking command in '/home/student/Desktop/workspace/build/navigation': PYTHONPATH=/home/student/Desktop/workspace/build/navigation/prefix_override:/usr/lib/python3/dist-packages/colcon_core/task/python/colcon_distutils_commands:/home/student/Desktop/workspace/install/navigation/lib/python3.10/site-packages:${PYTHONPATH} /usr/bin/python3 -W ignore:setup.py install is deprecated setup.py develop --editable --build-directory /home/student/Desktop/workspace/build/navigation/build --no-deps symlink_data
[2.855s] running develop
[2.856s] /usr/lib/python3/dist-packages/setuptools/command/easy_install.py:158: EasyInstallDeprecationWarning: easy_install command is deprecated. Use build and pip and other standards-based tools.
[2.856s]   warnings.warn(
[3.150s] running egg_info
[3.151s] writing navigation.egg-info/PKG-INFO
[3.151s] writing dependency_links to navigation.egg-info/dependency_links.txt
[3.151s] writing entry points to navigation.egg-info/entry_points.txt
[3.151s] writing requirements to navigation.egg-info/requires.txt
[3.151s] writing top-level names to navigation.egg-info/top_level.txt
[3.153s] reading manifest file 'navigation.egg-info/SOURCES.txt'
[3.154s] writing manifest file 'navigation.egg-info/SOURCES.txt'
[3.200s] running build_ext
[3.200s] Creating /home/student/Desktop/workspace/install/navigation/lib/python3.10/site-packages/navigation.egg-link (link to .)
[3.201s] Installing nav2_node script to /home/student/Desktop/workspace/install/navigation/lib/navigation
[3.201s] Installing odom_publisher_node script to /home/student/Desktop/workspace/install/navigation/lib/navigation
[3.201s] 
[3.201s] Installed /home/student/Desktop/workspace/build/navigation
[3.202s] running symlink_data
[3.256s] Invoked command in '/home/student/Desktop/workspace/build/navigation' returned '0': PYTHONPATH=/home/student/Desktop/workspace/build/navigation/prefix_override:/usr/lib/python3/dist-packages/colcon_core/task/python/colcon_distutils_commands:/home/student/Desktop/workspace/install/navigation/lib/python3.10/site-packages:${PYTHONPATH} /usr/bin/python3 -W ignore:setup.py install is deprecated setup.py develop --editable --build-directory /home/student/Desktop/workspace/build/navigation/build --no-deps symlink_data
