[0.054s] Invoking command in '/home/student/Desktop/go1_follow_person_ws_henrik/build/ouster_sensor_msgs': CMAKE_PREFIX_PATH=${CMAKE_PREFIX_PATH}:/home/student/Desktop/go1_follow_person_ws_henrik/install/main:/opt/ros/humble /usr/bin/cmake /home/student/Desktop/go1_follow_person_ws_henrik/src/ouster-ros/ouster-sensor-msgs -DAMENT_CMAKE_SYMLINK_INSTALL=1 -DCMAKE_INSTALL_PREFIX=/home/student/Desktop/go1_follow_person_ws_henrik/install/ouster_sensor_msgs
[1.081s] -- The C compiler identification is GNU 11.4.0
[1.081s] -- The CXX compiler identification is GNU 11.4.0
[1.081s] -- Detecting C compiler ABI info
[1.085s] -- Detecting C compiler ABI info - done
[1.085s] -- Check for working C compiler: /usr/bin/cc - skipped
[1.085s] -- Detecting C compile features
[1.085s] -- Detecting C compile features - done
[1.086s] -- Detecting CXX compiler ABI info
[1.682s] -- Detecting CXX compiler ABI info - done
[1.696s] -- Check for working CXX compiler: /usr/bin/c++ - skipped
[1.696s] -- Detecting CXX compile features
[1.704s] -- Detecting CXX compile features - done
[1.719s] -- Found ament_cmake: 1.3.10 (/opt/ros/humble/share/ament_cmake/cmake)
[2.441s] -- Found Python3: /usr/bin/python3 (found version "3.10.12") found components: Interpreter 
[2.728s] -- Override CMake install command with custom implementation using symlinks instead of copying resources
[2.883s] -- Found std_msgs: 4.2.4 (/opt/ros/humble/share/std_msgs/cmake)
[3.105s] -- Found rosidl_generator_c: 3.1.5 (/opt/ros/humble/share/rosidl_generator_c/cmake)
[3.227s] -- Found rosidl_adapter: 3.1.5 (/opt/ros/humble/share/rosidl_adapter/cmake)
[3.400s] -- Found rosidl_generator_cpp: 3.1.5 (/opt/ros/humble/share/rosidl_generator_cpp/cmake)
[3.565s] -- Using all available rosidl_typesupport_c: rosidl_typesupport_fastrtps_c;rosidl_typesupport_introspection_c
[3.617s] -- Using all available rosidl_typesupport_cpp: rosidl_typesupport_fastrtps_cpp;rosidl_typesupport_introspection_cpp
[3.771s] -- Found rosidl_default_generators: 1.2.0 (/opt/ros/humble/share/rosidl_default_generators/cmake)
[5.440s] -- Found ament_cmake_ros: 0.10.0 (/opt/ros/humble/share/ament_cmake_ros/cmake)
[6.836s] -- Using all available rosidl_typesupport_c: rosidl_typesupport_fastrtps_c;rosidl_typesupport_introspection_c
[7.347s] -- Using all available rosidl_typesupport_cpp: rosidl_typesupport_fastrtps_cpp;rosidl_typesupport_introspection_cpp
[7.471s] -- Found PythonInterp: /usr/bin/python3 (found suitable version "3.10.12", minimum required is "3.6") 
[7.477s] -- Found python_cmake_module: 0.10.0 (/opt/ros/humble/share/python_cmake_module/cmake)
[7.568s] -- Found PythonLibs: /usr/lib/aarch64-linux-gnu/libpython3.10.so (found suitable version "3.10.12", minimum required is "3.5") 
[7.569s] -- Using PYTHON_EXECUTABLE: /usr/bin/python3
[7.569s] -- Using PYTHON_INCLUDE_DIRS: /usr/include/python3.10
[7.569s] -- Using PYTHON_LIBRARIES: /usr/lib/aarch64-linux-gnu/libpython3.10.so
[7.652s] -- Found PythonExtra: .so  
[7.878s] -- Configuring done
[8.040s] -- Generating done
[8.046s] -- Build files have been written to: /home/student/Desktop/go1_follow_person_ws_henrik/build/ouster_sensor_msgs
[8.099s] Invoked command in '/home/student/Desktop/go1_follow_person_ws_henrik/build/ouster_sensor_msgs' returned '0': CMAKE_PREFIX_PATH=${CMAKE_PREFIX_PATH}:/home/student/Desktop/go1_follow_person_ws_henrik/install/main:/opt/ros/humble /usr/bin/cmake /home/student/Desktop/go1_follow_person_ws_henrik/src/ouster-ros/ouster-sensor-msgs -DAMENT_CMAKE_SYMLINK_INSTALL=1 -DCMAKE_INSTALL_PREFIX=/home/student/Desktop/go1_follow_person_ws_henrik/install/ouster_sensor_msgs
[8.100s] Invoking command in '/home/student/Desktop/go1_follow_person_ws_henrik/build/ouster_sensor_msgs': CMAKE_PREFIX_PATH=${CMAKE_PREFIX_PATH}:/home/student/Desktop/go1_follow_person_ws_henrik/install/main:/opt/ros/humble /usr/bin/cmake --build /home/student/Desktop/go1_follow_person_ws_henrik/build/ouster_sensor_msgs -- -j8 -l8
[8.229s] [  1%] [34m[1mGenerating C code for ROS interfaces[0m
[9.865s] [  3%] [32mBuilding C object CMakeFiles/ouster_sensor_msgs__rosidl_generator_c.dir/rosidl_generator_c/ouster_sensor_msgs/msg/detail/packet_msg__functions.c.o[0m
[9.988s] [  5%] [32mBuilding C object CMakeFiles/ouster_sensor_msgs__rosidl_generator_c.dir/rosidl_generator_c/ouster_sensor_msgs/srv/detail/get_metadata__functions.c.o[0m
[10.148s] [  7%] [32mBuilding C object CMakeFiles/ouster_sensor_msgs__rosidl_generator_c.dir/rosidl_generator_c/ouster_sensor_msgs/srv/detail/set_config__functions.c.o[0m
[10.500s] [  9%] [32mBuilding C object CMakeFiles/ouster_sensor_msgs__rosidl_generator_c.dir/rosidl_generator_c/ouster_sensor_msgs/srv/detail/get_config__functions.c.o[0m
[10.793s] [ 10%] [32m[1mLinking C shared library libouster_sensor_msgs__rosidl_generator_c.so[0m
[10.960s] [ 10%] Built target ouster_sensor_msgs__rosidl_generator_c
[11.101s] [ 10%] Built target ament_cmake_python_symlink_ouster_sensor_msgs
[11.129s] [ 12%] [34m[1mGenerating C type support dispatch for ROS interfaces[0m
[12.151s] [ 14%] [32mBuilding CXX object CMakeFiles/ouster_sensor_msgs__rosidl_typesupport_c.dir/rosidl_typesupport_c/ouster_sensor_msgs/msg/packet_msg__type_support.cpp.o[0m
[12.244s] [ 16%] [32mBuilding CXX object CMakeFiles/ouster_sensor_msgs__rosidl_typesupport_c.dir/rosidl_typesupport_c/ouster_sensor_msgs/srv/get_metadata__type_support.cpp.o[0m
[12.339s] [ 18%] [32mBuilding CXX object CMakeFiles/ouster_sensor_msgs__rosidl_typesupport_c.dir/rosidl_typesupport_c/ouster_sensor_msgs/srv/set_config__type_support.cpp.o[0m
[12.446s] [ 20%] [32mBuilding CXX object CMakeFiles/ouster_sensor_msgs__rosidl_typesupport_c.dir/rosidl_typesupport_c/ouster_sensor_msgs/srv/get_config__type_support.cpp.o[0m
[12.554s] [ 21%] [32m[1mLinking CXX shared library libouster_sensor_msgs__rosidl_typesupport_c.so[0m
[12.712s] [ 21%] Built target ouster_sensor_msgs__rosidl_typesupport_c
[13.357s] running egg_info
[13.359s] creating ouster_sensor_msgs.egg-info
[13.361s] writing ouster_sensor_msgs.egg-info/PKG-INFO
[13.361s] writing dependency_links to ouster_sensor_msgs.egg-info/dependency_links.txt
[13.361s] writing top-level names to ouster_sensor_msgs.egg-info/top_level.txt
[13.361s] writing manifest file 'ouster_sensor_msgs.egg-info/SOURCES.txt'
[13.365s] reading manifest file 'ouster_sensor_msgs.egg-info/SOURCES.txt'
[13.366s] writing manifest file 'ouster_sensor_msgs.egg-info/SOURCES.txt'
[13.485s] [ 21%] Built target ament_cmake_python_build_ouster_sensor_msgs_egg
[13.513s] [ 23%] [34m[1mGenerating C introspection for ROS interfaces[0m
[14.872s] [ 25%] [32mBuilding C object CMakeFiles/ouster_sensor_msgs__rosidl_typesupport_introspection_c.dir/rosidl_typesupport_introspection_c/ouster_sensor_msgs/msg/detail/packet_msg__type_support.c.o[0m
[14.988s] [ 27%] [32mBuilding C object CMakeFiles/ouster_sensor_msgs__rosidl_typesupport_introspection_c.dir/rosidl_typesupport_introspection_c/ouster_sensor_msgs/srv/detail/get_metadata__type_support.c.o[0m
[15.117s] [ 29%] [32mBuilding C object CMakeFiles/ouster_sensor_msgs__rosidl_typesupport_introspection_c.dir/rosidl_typesupport_introspection_c/ouster_sensor_msgs/srv/detail/set_config__type_support.c.o[0m
[15.309s] [ 30%] [32mBuilding C object CMakeFiles/ouster_sensor_msgs__rosidl_typesupport_introspection_c.dir/rosidl_typesupport_introspection_c/ouster_sensor_msgs/srv/detail/get_config__type_support.c.o[0m
[15.613s] [ 32%] [32m[1mLinking C shared library libouster_sensor_msgs__rosidl_typesupport_introspection_c.so[0m
[15.774s] [ 32%] Built target ouster_sensor_msgs__rosidl_typesupport_introspection_c
[15.804s] [ 34%] [34m[1mGenerating C type support for eProsima Fast-RTPS[0m
[17.446s] [ 36%] [32mBuilding CXX object CMakeFiles/ouster_sensor_msgs__rosidl_typesupport_fastrtps_c.dir/rosidl_typesupport_fastrtps_c/ouster_sensor_msgs/msg/detail/packet_msg__type_support_c.cpp.o[0m
[18.679s] [ 38%] [32mBuilding CXX object CMakeFiles/ouster_sensor_msgs__rosidl_typesupport_fastrtps_c.dir/rosidl_typesupport_fastrtps_c/ouster_sensor_msgs/srv/detail/get_metadata__type_support_c.cpp.o[0m
[19.526s] [ 40%] [32mBuilding CXX object CMakeFiles/ouster_sensor_msgs__rosidl_typesupport_fastrtps_c.dir/rosidl_typesupport_fastrtps_c/ouster_sensor_msgs/srv/detail/set_config__type_support_c.cpp.o[0m
[20.756s] [ 41%] [32mBuilding CXX object CMakeFiles/ouster_sensor_msgs__rosidl_typesupport_fastrtps_c.dir/rosidl_typesupport_fastrtps_c/ouster_sensor_msgs/srv/detail/get_config__type_support_c.cpp.o[0m
[21.912s] [ 43%] [32m[1mLinking CXX shared library libouster_sensor_msgs__rosidl_typesupport_fastrtps_c.so[0m
[22.190s] [ 43%] Built target ouster_sensor_msgs__rosidl_typesupport_fastrtps_c
[22.255s] [ 45%] [34m[1mGenerating C++ code for ROS interfaces[0m
[23.999s] [ 45%] Built target ouster_sensor_msgs__cpp
[24.030s] [ 47%] [34m[1mGenerating C++ type support for eProsima Fast-RTPS[0m
[25.617s] [ 49%] [32mBuilding CXX object CMakeFiles/ouster_sensor_msgs__rosidl_typesupport_fastrtps_cpp.dir/rosidl_typesupport_fastrtps_cpp/ouster_sensor_msgs/msg/detail/dds_fastrtps/packet_msg__type_support.cpp.o[0m
[27.541s] [ 50%] [32mBuilding CXX object CMakeFiles/ouster_sensor_msgs__rosidl_typesupport_fastrtps_cpp.dir/rosidl_typesupport_fastrtps_cpp/ouster_sensor_msgs/srv/detail/dds_fastrtps/get_metadata__type_support.cpp.o[0m
[28.817s] [ 52%] [32mBuilding CXX object CMakeFiles/ouster_sensor_msgs__rosidl_typesupport_fastrtps_cpp.dir/rosidl_typesupport_fastrtps_cpp/ouster_sensor_msgs/srv/detail/dds_fastrtps/set_config__type_support.cpp.o[0m
[30.581s] [ 54%] [32mBuilding CXX object CMakeFiles/ouster_sensor_msgs__rosidl_typesupport_fastrtps_cpp.dir/rosidl_typesupport_fastrtps_cpp/ouster_sensor_msgs/srv/detail/dds_fastrtps/get_config__type_support.cpp.o[0m
[33.240s] [ 56%] [32m[1mLinking CXX shared library libouster_sensor_msgs__rosidl_typesupport_fastrtps_cpp.so[0m
[33.426s] [ 56%] Built target ouster_sensor_msgs__rosidl_typesupport_fastrtps_cpp
[33.520s] [ 58%] [34m[1mGenerating C++ type support dispatch for ROS interfaces[0m
[34.715s] [ 60%] [32mBuilding CXX object CMakeFiles/ouster_sensor_msgs__rosidl_typesupport_cpp.dir/rosidl_typesupport_cpp/ouster_sensor_msgs/msg/packet_msg__type_support.cpp.o[0m
[35.469s] [ 61%] [32mBuilding CXX object CMakeFiles/ouster_sensor_msgs__rosidl_typesupport_cpp.dir/rosidl_typesupport_cpp/ouster_sensor_msgs/srv/get_metadata__type_support.cpp.o[0m
[36.358s] [ 63%] [32mBuilding CXX object CMakeFiles/ouster_sensor_msgs__rosidl_typesupport_cpp.dir/rosidl_typesupport_cpp/ouster_sensor_msgs/srv/set_config__type_support.cpp.o[0m
[37.408s] [ 65%] [32mBuilding CXX object CMakeFiles/ouster_sensor_msgs__rosidl_typesupport_cpp.dir/rosidl_typesupport_cpp/ouster_sensor_msgs/srv/get_config__type_support.cpp.o[0m
[38.338s] [ 67%] [32m[1mLinking CXX shared library libouster_sensor_msgs__rosidl_typesupport_cpp.so[0m
[38.531s] [ 67%] Built target ouster_sensor_msgs__rosidl_typesupport_cpp
[38.570s] [ 69%] [34m[1mGenerating C++ introspection for ROS interfaces[0m
[40.199s] [ 70%] [32mBuilding CXX object CMakeFiles/ouster_sensor_msgs__rosidl_typesupport_introspection_cpp.dir/rosidl_typesupport_introspection_cpp/ouster_sensor_msgs/msg/detail/packet_msg__type_support.cpp.o[0m
[41.888s] [ 72%] [32mBuilding CXX object CMakeFiles/ouster_sensor_msgs__rosidl_typesupport_introspection_cpp.dir/rosidl_typesupport_introspection_cpp/ouster_sensor_msgs/srv/detail/get_metadata__type_support.cpp.o[0m
[43.222s] [ 74%] [32mBuilding CXX object CMakeFiles/ouster_sensor_msgs__rosidl_typesupport_introspection_cpp.dir/rosidl_typesupport_introspection_cpp/ouster_sensor_msgs/srv/detail/set_config__type_support.cpp.o[0m
[44.787s] [ 76%] [32mBuilding CXX object CMakeFiles/ouster_sensor_msgs__rosidl_typesupport_introspection_cpp.dir/rosidl_typesupport_introspection_cpp/ouster_sensor_msgs/srv/detail/get_config__type_support.cpp.o[0m
[46.105s] [ 78%] [32m[1mLinking CXX shared library libouster_sensor_msgs__rosidl_typesupport_introspection_cpp.so[0m
[46.579s] [ 78%] Built target ouster_sensor_msgs__rosidl_typesupport_introspection_cpp
[46.669s] [ 78%] Built target ouster_sensor_msgs
[46.760s] [ 80%] [34m[1mGenerating Python code for ROS interfaces[0m
[49.305s] [ 80%] Built target ouster_sensor_msgs__py
[49.400s] [ 81%] [32mBuilding C object CMakeFiles/ouster_sensor_msgs__rosidl_generator_py.dir/rosidl_generator_py/ouster_sensor_msgs/msg/_packet_msg_s.c.o[0m
[49.687s] [ 83%] [32mBuilding C object CMakeFiles/ouster_sensor_msgs__rosidl_generator_py.dir/rosidl_generator_py/ouster_sensor_msgs/srv/_get_metadata_s.c.o[0m
[50.303s] [ 85%] [32mBuilding C object CMakeFiles/ouster_sensor_msgs__rosidl_generator_py.dir/rosidl_generator_py/ouster_sensor_msgs/srv/_set_config_s.c.o[0m
[50.756s] [ 87%] [32mBuilding C object CMakeFiles/ouster_sensor_msgs__rosidl_generator_py.dir/rosidl_generator_py/ouster_sensor_msgs/srv/_get_config_s.c.o[0m
[51.389s] [ 89%] [32m[1mLinking C shared library rosidl_generator_py/ouster_sensor_msgs/libouster_sensor_msgs__rosidl_generator_py.so[0m
[51.520s] [ 89%] Built target ouster_sensor_msgs__rosidl_generator_py
[51.573s] [ 90%] [32mBuilding C object CMakeFiles/ouster_sensor_msgs__rosidl_typesupport_fastrtps_c__pyext.dir/rosidl_generator_py/ouster_sensor_msgs/_ouster_sensor_msgs_s.ep.rosidl_typesupport_fastrtps_c.c.o[0m
[52.132s] [ 92%] [32m[1mLinking C shared library rosidl_generator_py/ouster_sensor_msgs/ouster_sensor_msgs_s__rosidl_typesupport_fastrtps_c.cpython-310-aarch64-linux-gnu.so[0m
[52.315s] [ 92%] Built target ouster_sensor_msgs__rosidl_typesupport_fastrtps_c__pyext
[52.384s] [ 94%] [32mBuilding C object CMakeFiles/ouster_sensor_msgs__rosidl_typesupport_c__pyext.dir/rosidl_generator_py/ouster_sensor_msgs/_ouster_sensor_msgs_s.ep.rosidl_typesupport_c.c.o[0m
[52.867s] [ 96%] [32m[1mLinking C shared library rosidl_generator_py/ouster_sensor_msgs/ouster_sensor_msgs_s__rosidl_typesupport_c.cpython-310-aarch64-linux-gnu.so[0m
[53.040s] [ 96%] Built target ouster_sensor_msgs__rosidl_typesupport_c__pyext
[53.217s] [ 98%] [32mBuilding C object CMakeFiles/ouster_sensor_msgs__rosidl_typesupport_introspection_c__pyext.dir/rosidl_generator_py/ouster_sensor_msgs/_ouster_sensor_msgs_s.ep.rosidl_typesupport_introspection_c.c.o[0m
[53.759s] [100%] [32m[1mLinking C shared library rosidl_generator_py/ouster_sensor_msgs/ouster_sensor_msgs_s__rosidl_typesupport_introspection_c.cpython-310-aarch64-linux-gnu.so[0m
[53.862s] [100%] Built target ouster_sensor_msgs__rosidl_typesupport_introspection_c__pyext
[53.928s] Invoked command in '/home/student/Desktop/go1_follow_person_ws_henrik/build/ouster_sensor_msgs' returned '0': CMAKE_PREFIX_PATH=${CMAKE_PREFIX_PATH}:/home/student/Desktop/go1_follow_person_ws_henrik/install/main:/opt/ros/humble /usr/bin/cmake --build /home/student/Desktop/go1_follow_person_ws_henrik/build/ouster_sensor_msgs -- -j8 -l8
[54.977s] Invoking command in '/home/student/Desktop/go1_follow_person_ws_henrik/build/ouster_sensor_msgs': CMAKE_PREFIX_PATH=${CMAKE_PREFIX_PATH}:/home/student/Desktop/go1_follow_person_ws_henrik/install/main:/opt/ros/humble /usr/bin/cmake --install /home/student/Desktop/go1_follow_person_ws_henrik/build/ouster_sensor_msgs
[55.008s] -- Install configuration: ""
[55.010s] -- Execute custom install script
[55.011s] -- Symlinking: /home/student/Desktop/go1_follow_person_ws_henrik/install/ouster_sensor_msgs/share/ament_index/resource_index/rosidl_interfaces/ouster_sensor_msgs
[55.033s] -- Symlinking: /home/student/Desktop/go1_follow_person_ws_henrik/install/ouster_sensor_msgs/include/ouster_sensor_msgs/ouster_sensor_msgs/msg/detail/packet_msg__functions.h
[55.058s] -- Symlinking: /home/student/Desktop/go1_follow_person_ws_henrik/install/ouster_sensor_msgs/include/ouster_sensor_msgs/ouster_sensor_msgs/msg/detail/packet_msg__struct.h
[55.091s] -- Symlinking: /home/student/Desktop/go1_follow_person_ws_henrik/install/ouster_sensor_msgs/include/ouster_sensor_msgs/ouster_sensor_msgs/msg/detail/packet_msg__type_support.h
[55.159s] -- Symlinking: /home/student/Desktop/go1_follow_person_ws_henrik/install/ouster_sensor_msgs/include/ouster_sensor_msgs/ouster_sensor_msgs/msg/packet_msg.h
[55.224s] -- Symlinking: /home/student/Desktop/go1_follow_person_ws_henrik/install/ouster_sensor_msgs/include/ouster_sensor_msgs/ouster_sensor_msgs/msg/rosidl_generator_c__visibility_control.h
[55.272s] -- Symlinking: /home/student/Desktop/go1_follow_person_ws_henrik/install/ouster_sensor_msgs/include/ouster_sensor_msgs/ouster_sensor_msgs/srv/detail/get_config__functions.h
[55.324s] -- Symlinking: /home/student/Desktop/go1_follow_person_ws_henrik/install/ouster_sensor_msgs/include/ouster_sensor_msgs/ouster_sensor_msgs/srv/detail/get_config__struct.h
[55.352s] -- Symlinking: /home/student/Desktop/go1_follow_person_ws_henrik/install/ouster_sensor_msgs/include/ouster_sensor_msgs/ouster_sensor_msgs/srv/detail/get_config__type_support.h
[55.377s] -- Symlinking: /home/student/Desktop/go1_follow_person_ws_henrik/install/ouster_sensor_msgs/include/ouster_sensor_msgs/ouster_sensor_msgs/srv/detail/get_metadata__functions.h
[55.474s] -- Symlinking: /home/student/Desktop/go1_follow_person_ws_henrik/install/ouster_sensor_msgs/include/ouster_sensor_msgs/ouster_sensor_msgs/srv/detail/get_metadata__struct.h
[55.607s] -- Symlinking: /home/student/Desktop/go1_follow_person_ws_henrik/install/ouster_sensor_msgs/include/ouster_sensor_msgs/ouster_sensor_msgs/srv/detail/get_metadata__type_support.h
[55.628s] -- Symlinking: /home/student/Desktop/go1_follow_person_ws_henrik/install/ouster_sensor_msgs/include/ouster_sensor_msgs/ouster_sensor_msgs/srv/detail/set_config__functions.h
[55.675s] -- Symlinking: /home/student/Desktop/go1_follow_person_ws_henrik/install/ouster_sensor_msgs/include/ouster_sensor_msgs/ouster_sensor_msgs/srv/detail/set_config__struct.h
[55.708s] -- Symlinking: /home/student/Desktop/go1_follow_person_ws_henrik/install/ouster_sensor_msgs/include/ouster_sensor_msgs/ouster_sensor_msgs/srv/detail/set_config__type_support.h
[55.844s] -- Symlinking: /home/student/Desktop/go1_follow_person_ws_henrik/install/ouster_sensor_msgs/include/ouster_sensor_msgs/ouster_sensor_msgs/srv/get_config.h
[55.878s] -- Symlinking: /home/student/Desktop/go1_follow_person_ws_henrik/install/ouster_sensor_msgs/include/ouster_sensor_msgs/ouster_sensor_msgs/srv/get_metadata.h
[55.934s] -- Symlinking: /home/student/Desktop/go1_follow_person_ws_henrik/install/ouster_sensor_msgs/include/ouster_sensor_msgs/ouster_sensor_msgs/srv/set_config.h
[55.984s] -- Symlinking: /home/student/Desktop/go1_follow_person_ws_henrik/install/ouster_sensor_msgs/share/ouster_sensor_msgs/environment/library_path.sh
[56.044s] -- Symlinking: /home/student/Desktop/go1_follow_person_ws_henrik/install/ouster_sensor_msgs/share/ouster_sensor_msgs/environment/library_path.dsv
[56.098s] -- Symlinking: /home/student/Desktop/go1_follow_person_ws_henrik/install/ouster_sensor_msgs/include/ouster_sensor_msgs/ouster_sensor_msgs/msg/detail/packet_msg__rosidl_typesupport_fastrtps_c.h
[56.126s] -- Symlinking: /home/student/Desktop/go1_follow_person_ws_henrik/install/ouster_sensor_msgs/include/ouster_sensor_msgs/ouster_sensor_msgs/msg/rosidl_typesupport_fastrtps_c__visibility_control.h
[56.152s] -- Symlinking: /home/student/Desktop/go1_follow_person_ws_henrik/install/ouster_sensor_msgs/include/ouster_sensor_msgs/ouster_sensor_msgs/srv/detail/get_config__rosidl_typesupport_fastrtps_c.h
[56.172s] -- Symlinking: /home/student/Desktop/go1_follow_person_ws_henrik/install/ouster_sensor_msgs/include/ouster_sensor_msgs/ouster_sensor_msgs/srv/detail/get_metadata__rosidl_typesupport_fastrtps_c.h
[56.216s] -- Symlinking: /home/student/Desktop/go1_follow_person_ws_henrik/install/ouster_sensor_msgs/include/ouster_sensor_msgs/ouster_sensor_msgs/srv/detail/set_config__rosidl_typesupport_fastrtps_c.h
[56.265s] -- Symlinking: /home/student/Desktop/go1_follow_person_ws_henrik/install/ouster_sensor_msgs/include/ouster_sensor_msgs/ouster_sensor_msgs/msg/detail/packet_msg__builder.hpp
[56.314s] -- Symlinking: /home/student/Desktop/go1_follow_person_ws_henrik/install/ouster_sensor_msgs/include/ouster_sensor_msgs/ouster_sensor_msgs/msg/detail/packet_msg__struct.hpp
[56.340s] -- Symlinking: /home/student/Desktop/go1_follow_person_ws_henrik/install/ouster_sensor_msgs/include/ouster_sensor_msgs/ouster_sensor_msgs/msg/detail/packet_msg__traits.hpp
[56.369s] -- Symlinking: /home/student/Desktop/go1_follow_person_ws_henrik/install/ouster_sensor_msgs/include/ouster_sensor_msgs/ouster_sensor_msgs/msg/packet_msg.hpp
[56.386s] -- Symlinking: /home/student/Desktop/go1_follow_person_ws_henrik/install/ouster_sensor_msgs/include/ouster_sensor_msgs/ouster_sensor_msgs/srv/detail/get_config__builder.hpp
[56.419s] -- Symlinking: /home/student/Desktop/go1_follow_person_ws_henrik/install/ouster_sensor_msgs/include/ouster_sensor_msgs/ouster_sensor_msgs/srv/detail/get_config__struct.hpp
[56.481s] -- Symlinking: /home/student/Desktop/go1_follow_person_ws_henrik/install/ouster_sensor_msgs/include/ouster_sensor_msgs/ouster_sensor_msgs/srv/detail/get_config__traits.hpp
[56.558s] -- Symlinking: /home/student/Desktop/go1_follow_person_ws_henrik/install/ouster_sensor_msgs/include/ouster_sensor_msgs/ouster_sensor_msgs/srv/detail/get_metadata__builder.hpp
[56.586s] -- Symlinking: /home/student/Desktop/go1_follow_person_ws_henrik/install/ouster_sensor_msgs/include/ouster_sensor_msgs/ouster_sensor_msgs/srv/detail/get_metadata__struct.hpp
[56.613s] -- Symlinking: /home/student/Desktop/go1_follow_person_ws_henrik/install/ouster_sensor_msgs/include/ouster_sensor_msgs/ouster_sensor_msgs/srv/detail/get_metadata__traits.hpp
[56.656s] -- Symlinking: /home/student/Desktop/go1_follow_person_ws_henrik/install/ouster_sensor_msgs/include/ouster_sensor_msgs/ouster_sensor_msgs/srv/detail/set_config__builder.hpp
[56.701s] -- Symlinking: /home/student/Desktop/go1_follow_person_ws_henrik/install/ouster_sensor_msgs/include/ouster_sensor_msgs/ouster_sensor_msgs/srv/detail/set_config__struct.hpp
[56.718s] -- Symlinking: /home/student/Desktop/go1_follow_person_ws_henrik/install/ouster_sensor_msgs/include/ouster_sensor_msgs/ouster_sensor_msgs/srv/detail/set_config__traits.hpp
[56.758s] -- Symlinking: /home/student/Desktop/go1_follow_person_ws_henrik/install/ouster_sensor_msgs/include/ouster_sensor_msgs/ouster_sensor_msgs/srv/get_config.hpp
[56.784s] -- Symlinking: /home/student/Desktop/go1_follow_person_ws_henrik/install/ouster_sensor_msgs/include/ouster_sensor_msgs/ouster_sensor_msgs/srv/get_metadata.hpp
[56.911s] -- Symlinking: /home/student/Desktop/go1_follow_person_ws_henrik/install/ouster_sensor_msgs/include/ouster_sensor_msgs/ouster_sensor_msgs/srv/set_config.hpp
[56.964s] -- Symlinking: /home/student/Desktop/go1_follow_person_ws_henrik/install/ouster_sensor_msgs/include/ouster_sensor_msgs/ouster_sensor_msgs/msg/detail/packet_msg__rosidl_typesupport_fastrtps_cpp.hpp
[56.995s] -- Symlinking: /home/student/Desktop/go1_follow_person_ws_henrik/install/ouster_sensor_msgs/include/ouster_sensor_msgs/ouster_sensor_msgs/msg/rosidl_typesupport_fastrtps_cpp__visibility_control.h
[57.021s] -- Symlinking: /home/student/Desktop/go1_follow_person_ws_henrik/install/ouster_sensor_msgs/include/ouster_sensor_msgs/ouster_sensor_msgs/srv/detail/get_config__rosidl_typesupport_fastrtps_cpp.hpp
[57.052s] -- Symlinking: /home/student/Desktop/go1_follow_person_ws_henrik/install/ouster_sensor_msgs/include/ouster_sensor_msgs/ouster_sensor_msgs/srv/detail/get_metadata__rosidl_typesupport_fastrtps_cpp.hpp
[57.191s] -- Symlinking: /home/student/Desktop/go1_follow_person_ws_henrik/install/ouster_sensor_msgs/include/ouster_sensor_msgs/ouster_sensor_msgs/srv/detail/set_config__rosidl_typesupport_fastrtps_cpp.hpp
[57.236s] -- Symlinking: /home/student/Desktop/go1_follow_person_ws_henrik/install/ouster_sensor_msgs/include/ouster_sensor_msgs/ouster_sensor_msgs/msg/detail/packet_msg__rosidl_typesupport_introspection_c.h
[57.284s] -- Symlinking: /home/student/Desktop/go1_follow_person_ws_henrik/install/ouster_sensor_msgs/include/ouster_sensor_msgs/ouster_sensor_msgs/msg/rosidl_typesupport_introspection_c__visibility_control.h
[57.387s] -- Symlinking: /home/student/Desktop/go1_follow_person_ws_henrik/install/ouster_sensor_msgs/include/ouster_sensor_msgs/ouster_sensor_msgs/srv/detail/get_config__rosidl_typesupport_introspection_c.h
[57.430s] -- Symlinking: /home/student/Desktop/go1_follow_person_ws_henrik/install/ouster_sensor_msgs/include/ouster_sensor_msgs/ouster_sensor_msgs/srv/detail/get_metadata__rosidl_typesupport_introspection_c.h
[57.598s] -- Symlinking: /home/student/Desktop/go1_follow_person_ws_henrik/install/ouster_sensor_msgs/include/ouster_sensor_msgs/ouster_sensor_msgs/srv/detail/set_config__rosidl_typesupport_introspection_c.h
[57.633s] -- Symlinking: /home/student/Desktop/go1_follow_person_ws_henrik/install/ouster_sensor_msgs/include/ouster_sensor_msgs/ouster_sensor_msgs/msg/detail/packet_msg__rosidl_typesupport_introspection_cpp.hpp
[57.695s] -- Symlinking: /home/student/Desktop/go1_follow_person_ws_henrik/install/ouster_sensor_msgs/include/ouster_sensor_msgs/ouster_sensor_msgs/srv/detail/get_config__rosidl_typesupport_introspection_cpp.hpp
[57.768s] -- Symlinking: /home/student/Desktop/go1_follow_person_ws_henrik/install/ouster_sensor_msgs/include/ouster_sensor_msgs/ouster_sensor_msgs/srv/detail/get_metadata__rosidl_typesupport_introspection_cpp.hpp
[57.843s] -- Symlinking: /home/student/Desktop/go1_follow_person_ws_henrik/install/ouster_sensor_msgs/include/ouster_sensor_msgs/ouster_sensor_msgs/srv/detail/set_config__rosidl_typesupport_introspection_cpp.hpp
[57.882s] -- Symlinking: /home/student/Desktop/go1_follow_person_ws_henrik/install/ouster_sensor_msgs/share/ouster_sensor_msgs/environment/pythonpath.sh
[57.987s] -- Symlinking: /home/student/Desktop/go1_follow_person_ws_henrik/install/ouster_sensor_msgs/share/ouster_sensor_msgs/environment/pythonpath.dsv
[58.068s] -- Symlinking: /home/student/Desktop/go1_follow_person_ws_henrik/install/ouster_sensor_msgs/local/lib/python3.10/dist-packages/ouster_sensor_msgs-0.12.2-py3.10.egg-info/PKG-INFO
[58.113s] -- Symlinking: /home/student/Desktop/go1_follow_person_ws_henrik/install/ouster_sensor_msgs/local/lib/python3.10/dist-packages/ouster_sensor_msgs-0.12.2-py3.10.egg-info/SOURCES.txt
[58.138s] -- Symlinking: /home/student/Desktop/go1_follow_person_ws_henrik/install/ouster_sensor_msgs/local/lib/python3.10/dist-packages/ouster_sensor_msgs-0.12.2-py3.10.egg-info/dependency_links.txt
[58.172s] -- Symlinking: /home/student/Desktop/go1_follow_person_ws_henrik/install/ouster_sensor_msgs/local/lib/python3.10/dist-packages/ouster_sensor_msgs-0.12.2-py3.10.egg-info/top_level.txt
[58.197s] -- Symlinking: /home/student/Desktop/go1_follow_person_ws_henrik/install/ouster_sensor_msgs/local/lib/python3.10/dist-packages/ouster_sensor_msgs/__init__.py
[58.215s] -- Symlinking: /home/student/Desktop/go1_follow_person_ws_henrik/install/ouster_sensor_msgs/local/lib/python3.10/dist-packages/ouster_sensor_msgs/_ouster_sensor_msgs_s.ep.rosidl_typesupport_c.c
[58.250s] -- Symlinking: /home/student/Desktop/go1_follow_person_ws_henrik/install/ouster_sensor_msgs/local/lib/python3.10/dist-packages/ouster_sensor_msgs/_ouster_sensor_msgs_s.ep.rosidl_typesupport_fastrtps_c.c
[58.273s] -- Symlinking: /home/student/Desktop/go1_follow_person_ws_henrik/install/ouster_sensor_msgs/local/lib/python3.10/dist-packages/ouster_sensor_msgs/_ouster_sensor_msgs_s.ep.rosidl_typesupport_introspection_c.c
[58.328s] -- Symlinking: /home/student/Desktop/go1_follow_person_ws_henrik/install/ouster_sensor_msgs/local/lib/python3.10/dist-packages/ouster_sensor_msgs/libouster_sensor_msgs__rosidl_generator_py.so
[58.378s] -- Symlinking: /home/student/Desktop/go1_follow_person_ws_henrik/install/ouster_sensor_msgs/local/lib/python3.10/dist-packages/ouster_sensor_msgs/msg/__init__.py
[58.410s] -- Symlinking: /home/student/Desktop/go1_follow_person_ws_henrik/install/ouster_sensor_msgs/local/lib/python3.10/dist-packages/ouster_sensor_msgs/msg/_packet_msg.py
[58.475s] -- Symlinking: /home/student/Desktop/go1_follow_person_ws_henrik/install/ouster_sensor_msgs/local/lib/python3.10/dist-packages/ouster_sensor_msgs/msg/_packet_msg_s.c
[58.509s] -- Symlinking: /home/student/Desktop/go1_follow_person_ws_henrik/install/ouster_sensor_msgs/local/lib/python3.10/dist-packages/ouster_sensor_msgs/ouster_sensor_msgs_s__rosidl_typesupport_c.cpython-310-aarch64-linux-gnu.so
[58.580s] -- Symlinking: /home/student/Desktop/go1_follow_person_ws_henrik/install/ouster_sensor_msgs/local/lib/python3.10/dist-packages/ouster_sensor_msgs/ouster_sensor_msgs_s__rosidl_typesupport_fastrtps_c.cpython-310-aarch64-linux-gnu.so
[58.718s] -- Symlinking: /home/student/Desktop/go1_follow_person_ws_henrik/install/ouster_sensor_msgs/local/lib/python3.10/dist-packages/ouster_sensor_msgs/ouster_sensor_msgs_s__rosidl_typesupport_introspection_c.cpython-310-aarch64-linux-gnu.so
[58.734s] -- Symlinking: /home/student/Desktop/go1_follow_person_ws_henrik/install/ouster_sensor_msgs/local/lib/python3.10/dist-packages/ouster_sensor_msgs/srv/__init__.py
[58.778s] -- Symlinking: /home/student/Desktop/go1_follow_person_ws_henrik/install/ouster_sensor_msgs/local/lib/python3.10/dist-packages/ouster_sensor_msgs/srv/_get_config.py
[58.829s] -- Symlinking: /home/student/Desktop/go1_follow_person_ws_henrik/install/ouster_sensor_msgs/local/lib/python3.10/dist-packages/ouster_sensor_msgs/srv/_get_config_s.c
[58.865s] -- Symlinking: /home/student/Desktop/go1_follow_person_ws_henrik/install/ouster_sensor_msgs/local/lib/python3.10/dist-packages/ouster_sensor_msgs/srv/_get_metadata.py
[58.888s] -- Symlinking: /home/student/Desktop/go1_follow_person_ws_henrik/install/ouster_sensor_msgs/local/lib/python3.10/dist-packages/ouster_sensor_msgs/srv/_get_metadata_s.c
[58.917s] -- Symlinking: /home/student/Desktop/go1_follow_person_ws_henrik/install/ouster_sensor_msgs/local/lib/python3.10/dist-packages/ouster_sensor_msgs/srv/_set_config.py
[58.955s] -- Symlinking: /home/student/Desktop/go1_follow_person_ws_henrik/install/ouster_sensor_msgs/local/lib/python3.10/dist-packages/ouster_sensor_msgs/srv/_set_config_s.c
[58.975s] -- Up-to-date symlink: /home/student/Desktop/go1_follow_person_ws_henrik/install/ouster_sensor_msgs/local/lib/python3.10/dist-packages/ouster_sensor_msgs/ouster_sensor_msgs_s__rosidl_typesupport_fastrtps_c.cpython-310-aarch64-linux-gnu.so
[58.983s] -- Up-to-date symlink: /home/student/Desktop/go1_follow_person_ws_henrik/install/ouster_sensor_msgs/local/lib/python3.10/dist-packages/ouster_sensor_msgs/ouster_sensor_msgs_s__rosidl_typesupport_introspection_c.cpython-310-aarch64-linux-gnu.so
[58.984s] -- Up-to-date symlink: /home/student/Desktop/go1_follow_person_ws_henrik/install/ouster_sensor_msgs/local/lib/python3.10/dist-packages/ouster_sensor_msgs/ouster_sensor_msgs_s__rosidl_typesupport_c.cpython-310-aarch64-linux-gnu.so
[58.984s] -- Symlinking: /home/student/Desktop/go1_follow_person_ws_henrik/install/ouster_sensor_msgs/share/ouster_sensor_msgs/msg/PacketMsg.idl
[59.003s] -- Symlinking: /home/student/Desktop/go1_follow_person_ws_henrik/install/ouster_sensor_msgs/share/ouster_sensor_msgs/srv/GetConfig.idl
[59.026s] -- Symlinking: /home/student/Desktop/go1_follow_person_ws_henrik/install/ouster_sensor_msgs/share/ouster_sensor_msgs/srv/SetConfig.idl
[59.068s] -- Symlinking: /home/student/Desktop/go1_follow_person_ws_henrik/install/ouster_sensor_msgs/share/ouster_sensor_msgs/srv/GetMetadata.idl
[59.108s] -- Symlinking: /home/student/Desktop/go1_follow_person_ws_henrik/install/ouster_sensor_msgs/share/ouster_sensor_msgs/msg/PacketMsg.msg
[59.135s] -- Symlinking: /home/student/Desktop/go1_follow_person_ws_henrik/install/ouster_sensor_msgs/share/ouster_sensor_msgs/srv/GetConfig.srv
[59.160s] -- Symlinking: /home/student/Desktop/go1_follow_person_ws_henrik/install/ouster_sensor_msgs/share/ouster_sensor_msgs/srv/GetConfig_Request.msg
[59.183s] -- Symlinking: /home/student/Desktop/go1_follow_person_ws_henrik/install/ouster_sensor_msgs/share/ouster_sensor_msgs/srv/GetConfig_Response.msg
[59.203s] -- Symlinking: /home/student/Desktop/go1_follow_person_ws_henrik/install/ouster_sensor_msgs/share/ouster_sensor_msgs/srv/SetConfig.srv
[59.221s] -- Symlinking: /home/student/Desktop/go1_follow_person_ws_henrik/install/ouster_sensor_msgs/share/ouster_sensor_msgs/srv/SetConfig_Request.msg
[59.247s] -- Symlinking: /home/student/Desktop/go1_follow_person_ws_henrik/install/ouster_sensor_msgs/share/ouster_sensor_msgs/srv/SetConfig_Response.msg
[59.266s] -- Symlinking: /home/student/Desktop/go1_follow_person_ws_henrik/install/ouster_sensor_msgs/share/ouster_sensor_msgs/srv/GetMetadata.srv
[59.299s] -- Symlinking: /home/student/Desktop/go1_follow_person_ws_henrik/install/ouster_sensor_msgs/share/ouster_sensor_msgs/srv/GetMetadata_Request.msg
[59.320s] -- Symlinking: /home/student/Desktop/go1_follow_person_ws_henrik/install/ouster_sensor_msgs/share/ouster_sensor_msgs/srv/GetMetadata_Response.msg
[59.349s] -- Symlinking: /home/student/Desktop/go1_follow_person_ws_henrik/install/ouster_sensor_msgs/share/ament_index/resource_index/package_run_dependencies/ouster_sensor_msgs
[59.367s] -- Symlinking: /home/student/Desktop/go1_follow_person_ws_henrik/install/ouster_sensor_msgs/share/ament_index/resource_index/parent_prefix_path/ouster_sensor_msgs
[59.404s] -- Symlinking: /home/student/Desktop/go1_follow_person_ws_henrik/install/ouster_sensor_msgs/share/ouster_sensor_msgs/environment/ament_prefix_path.sh
[59.441s] -- Symlinking: /home/student/Desktop/go1_follow_person_ws_henrik/install/ouster_sensor_msgs/share/ouster_sensor_msgs/environment/ament_prefix_path.dsv
[59.458s] -- Symlinking: /home/student/Desktop/go1_follow_person_ws_henrik/install/ouster_sensor_msgs/share/ouster_sensor_msgs/environment/path.sh
[59.511s] -- Symlinking: /home/student/Desktop/go1_follow_person_ws_henrik/install/ouster_sensor_msgs/share/ouster_sensor_msgs/environment/path.dsv
[59.531s] -- Symlinking: /home/student/Desktop/go1_follow_person_ws_henrik/install/ouster_sensor_msgs/share/ouster_sensor_msgs/local_setup.bash
[59.556s] -- Symlinking: /home/student/Desktop/go1_follow_person_ws_henrik/install/ouster_sensor_msgs/share/ouster_sensor_msgs/local_setup.sh
[59.577s] -- Symlinking: /home/student/Desktop/go1_follow_person_ws_henrik/install/ouster_sensor_msgs/share/ouster_sensor_msgs/local_setup.zsh
[59.597s] -- Symlinking: /home/student/Desktop/go1_follow_person_ws_henrik/install/ouster_sensor_msgs/share/ouster_sensor_msgs/local_setup.dsv
[59.617s] -- Symlinking: /home/student/Desktop/go1_follow_person_ws_henrik/install/ouster_sensor_msgs/share/ouster_sensor_msgs/package.dsv
[59.652s] -- Symlinking: /home/student/Desktop/go1_follow_person_ws_henrik/install/ouster_sensor_msgs/share/ament_index/resource_index/packages/ouster_sensor_msgs
[59.675s] -- Symlinking: /home/student/Desktop/go1_follow_person_ws_henrik/install/ouster_sensor_msgs/share/ouster_sensor_msgs/cmake/rosidl_cmake-extras.cmake
[59.698s] -- Symlinking: /home/student/Desktop/go1_follow_person_ws_henrik/install/ouster_sensor_msgs/share/ouster_sensor_msgs/cmake/ament_cmake_export_dependencies-extras.cmake
[59.736s] -- Symlinking: /home/student/Desktop/go1_follow_person_ws_henrik/install/ouster_sensor_msgs/share/ouster_sensor_msgs/cmake/ament_cmake_export_include_directories-extras.cmake
[59.762s] -- Symlinking: /home/student/Desktop/go1_follow_person_ws_henrik/install/ouster_sensor_msgs/share/ouster_sensor_msgs/cmake/ament_cmake_export_libraries-extras.cmake
[59.798s] -- Symlinking: /home/student/Desktop/go1_follow_person_ws_henrik/install/ouster_sensor_msgs/share/ouster_sensor_msgs/cmake/ament_cmake_export_targets-extras.cmake
[59.827s] -- Symlinking: /home/student/Desktop/go1_follow_person_ws_henrik/install/ouster_sensor_msgs/share/ouster_sensor_msgs/cmake/rosidl_cmake_export_typesupport_targets-extras.cmake
[59.845s] -- Symlinking: /home/student/Desktop/go1_follow_person_ws_henrik/install/ouster_sensor_msgs/share/ouster_sensor_msgs/cmake/rosidl_cmake_export_typesupport_libraries-extras.cmake
[59.864s] -- Symlinking: /home/student/Desktop/go1_follow_person_ws_henrik/install/ouster_sensor_msgs/share/ouster_sensor_msgs/cmake/ouster_sensor_msgsConfig.cmake
[59.901s] -- Symlinking: /home/student/Desktop/go1_follow_person_ws_henrik/install/ouster_sensor_msgs/share/ouster_sensor_msgs/cmake/ouster_sensor_msgsConfig-version.cmake
[59.941s] -- Symlinking: /home/student/Desktop/go1_follow_person_ws_henrik/install/ouster_sensor_msgs/share/ouster_sensor_msgs/package.xml
[59.988s] -- Installing: /home/student/Desktop/go1_follow_person_ws_henrik/install/ouster_sensor_msgs/lib/libouster_sensor_msgs__rosidl_generator_c.so
[59.989s] -- Set runtime path of "/home/student/Desktop/go1_follow_person_ws_henrik/install/ouster_sensor_msgs/lib/libouster_sensor_msgs__rosidl_generator_c.so" to ""
[59.990s] -- Installing: /home/student/Desktop/go1_follow_person_ws_henrik/install/ouster_sensor_msgs/lib/libouster_sensor_msgs__rosidl_typesupport_fastrtps_c.so
[59.990s] -- Set runtime path of "/home/student/Desktop/go1_follow_person_ws_henrik/install/ouster_sensor_msgs/lib/libouster_sensor_msgs__rosidl_typesupport_fastrtps_c.so" to ""
[59.990s] -- Installing: /home/student/Desktop/go1_follow_person_ws_henrik/install/ouster_sensor_msgs/lib/libouster_sensor_msgs__rosidl_typesupport_fastrtps_cpp.so
[59.991s] -- Set runtime path of "/home/student/Desktop/go1_follow_person_ws_henrik/install/ouster_sensor_msgs/lib/libouster_sensor_msgs__rosidl_typesupport_fastrtps_cpp.so" to ""
[59.997s] -- Installing: /home/student/Desktop/go1_follow_person_ws_henrik/install/ouster_sensor_msgs/lib/libouster_sensor_msgs__rosidl_typesupport_introspection_c.so
[59.998s] -- Set runtime path of "/home/student/Desktop/go1_follow_person_ws_henrik/install/ouster_sensor_msgs/lib/libouster_sensor_msgs__rosidl_typesupport_introspection_c.so" to ""
[60.000s] -- Installing: /home/student/Desktop/go1_follow_person_ws_henrik/install/ouster_sensor_msgs/lib/libouster_sensor_msgs__rosidl_typesupport_c.so
[60.004s] -- Set runtime path of "/home/student/Desktop/go1_follow_person_ws_henrik/install/ouster_sensor_msgs/lib/libouster_sensor_msgs__rosidl_typesupport_c.so" to ""
[60.005s] -- Installing: /home/student/Desktop/go1_follow_person_ws_henrik/install/ouster_sensor_msgs/lib/libouster_sensor_msgs__rosidl_typesupport_introspection_cpp.so
[60.009s] -- Set runtime path of "/home/student/Desktop/go1_follow_person_ws_henrik/install/ouster_sensor_msgs/lib/libouster_sensor_msgs__rosidl_typesupport_introspection_cpp.so" to ""
[60.010s] -- Installing: /home/student/Desktop/go1_follow_person_ws_henrik/install/ouster_sensor_msgs/lib/libouster_sensor_msgs__rosidl_typesupport_cpp.so
[60.011s] -- Set runtime path of "/home/student/Desktop/go1_follow_person_ws_henrik/install/ouster_sensor_msgs/lib/libouster_sensor_msgs__rosidl_typesupport_cpp.so" to ""
[60.112s] Listing '/home/student/Desktop/go1_follow_person_ws_henrik/install/ouster_sensor_msgs/local/lib/python3.10/dist-packages/ouster_sensor_msgs'...
[60.115s] Compiling '/home/student/Desktop/go1_follow_person_ws_henrik/install/ouster_sensor_msgs/local/lib/python3.10/dist-packages/ouster_sensor_msgs/__init__.py'...
[60.116s] Listing '/home/student/Desktop/go1_follow_person_ws_henrik/install/ouster_sensor_msgs/local/lib/python3.10/dist-packages/ouster_sensor_msgs/msg'...
[60.117s] Compiling '/home/student/Desktop/go1_follow_person_ws_henrik/install/ouster_sensor_msgs/local/lib/python3.10/dist-packages/ouster_sensor_msgs/msg/__init__.py'...
[60.118s] Compiling '/home/student/Desktop/go1_follow_person_ws_henrik/install/ouster_sensor_msgs/local/lib/python3.10/dist-packages/ouster_sensor_msgs/msg/_packet_msg.py'...
[60.119s] Listing '/home/student/Desktop/go1_follow_person_ws_henrik/install/ouster_sensor_msgs/local/lib/python3.10/dist-packages/ouster_sensor_msgs/srv'...
[60.120s] Compiling '/home/student/Desktop/go1_follow_person_ws_henrik/install/ouster_sensor_msgs/local/lib/python3.10/dist-packages/ouster_sensor_msgs/srv/__init__.py'...
[60.120s] Compiling '/home/student/Desktop/go1_follow_person_ws_henrik/install/ouster_sensor_msgs/local/lib/python3.10/dist-packages/ouster_sensor_msgs/srv/_get_config.py'...
[60.120s] Compiling '/home/student/Desktop/go1_follow_person_ws_henrik/install/ouster_sensor_msgs/local/lib/python3.10/dist-packages/ouster_sensor_msgs/srv/_get_metadata.py'...
[60.120s] Compiling '/home/student/Desktop/go1_follow_person_ws_henrik/install/ouster_sensor_msgs/local/lib/python3.10/dist-packages/ouster_sensor_msgs/srv/_set_config.py'...
[60.127s] -- Installing: /home/student/Desktop/go1_follow_person_ws_henrik/install/ouster_sensor_msgs/lib/libouster_sensor_msgs__rosidl_generator_py.so
[60.128s] -- Set runtime path of "/home/student/Desktop/go1_follow_person_ws_henrik/install/ouster_sensor_msgs/lib/libouster_sensor_msgs__rosidl_generator_py.so" to ""
[60.128s] -- Installing: /home/student/Desktop/go1_follow_person_ws_henrik/install/ouster_sensor_msgs/share/ouster_sensor_msgs/cmake/export_ouster_sensor_msgs__rosidl_generator_cExport.cmake
[60.129s] -- Installing: /home/student/Desktop/go1_follow_person_ws_henrik/install/ouster_sensor_msgs/share/ouster_sensor_msgs/cmake/export_ouster_sensor_msgs__rosidl_generator_cExport-noconfig.cmake
[60.129s] -- Installing: /home/student/Desktop/go1_follow_person_ws_henrik/install/ouster_sensor_msgs/share/ouster_sensor_msgs/cmake/export_ouster_sensor_msgs__rosidl_typesupport_fastrtps_cExport.cmake
[60.134s] -- Installing: /home/student/Desktop/go1_follow_person_ws_henrik/install/ouster_sensor_msgs/share/ouster_sensor_msgs/cmake/export_ouster_sensor_msgs__rosidl_typesupport_fastrtps_cExport-noconfig.cmake
[60.134s] -- Installing: /home/student/Desktop/go1_follow_person_ws_henrik/install/ouster_sensor_msgs/share/ouster_sensor_msgs/cmake/export_ouster_sensor_msgs__rosidl_generator_cppExport.cmake
[60.134s] -- Installing: /home/student/Desktop/go1_follow_person_ws_henrik/install/ouster_sensor_msgs/share/ouster_sensor_msgs/cmake/export_ouster_sensor_msgs__rosidl_typesupport_fastrtps_cppExport.cmake
[60.134s] -- Installing: /home/student/Desktop/go1_follow_person_ws_henrik/install/ouster_sensor_msgs/share/ouster_sensor_msgs/cmake/export_ouster_sensor_msgs__rosidl_typesupport_fastrtps_cppExport-noconfig.cmake
[60.134s] -- Installing: /home/student/Desktop/go1_follow_person_ws_henrik/install/ouster_sensor_msgs/share/ouster_sensor_msgs/cmake/ouster_sensor_msgs__rosidl_typesupport_introspection_cExport.cmake
[60.135s] -- Installing: /home/student/Desktop/go1_follow_person_ws_henrik/install/ouster_sensor_msgs/share/ouster_sensor_msgs/cmake/ouster_sensor_msgs__rosidl_typesupport_introspection_cExport-noconfig.cmake
[60.135s] -- Installing: /home/student/Desktop/go1_follow_person_ws_henrik/install/ouster_sensor_msgs/share/ouster_sensor_msgs/cmake/ouster_sensor_msgs__rosidl_typesupport_cExport.cmake
[60.135s] -- Installing: /home/student/Desktop/go1_follow_person_ws_henrik/install/ouster_sensor_msgs/share/ouster_sensor_msgs/cmake/ouster_sensor_msgs__rosidl_typesupport_cExport-noconfig.cmake
[60.135s] -- Installing: /home/student/Desktop/go1_follow_person_ws_henrik/install/ouster_sensor_msgs/share/ouster_sensor_msgs/cmake/ouster_sensor_msgs__rosidl_typesupport_introspection_cppExport.cmake
[60.135s] -- Installing: /home/student/Desktop/go1_follow_person_ws_henrik/install/ouster_sensor_msgs/share/ouster_sensor_msgs/cmake/ouster_sensor_msgs__rosidl_typesupport_introspection_cppExport-noconfig.cmake
[60.135s] -- Installing: /home/student/Desktop/go1_follow_person_ws_henrik/install/ouster_sensor_msgs/share/ouster_sensor_msgs/cmake/ouster_sensor_msgs__rosidl_typesupport_cppExport.cmake
[60.136s] -- Installing: /home/student/Desktop/go1_follow_person_ws_henrik/install/ouster_sensor_msgs/share/ouster_sensor_msgs/cmake/ouster_sensor_msgs__rosidl_typesupport_cppExport-noconfig.cmake
[60.136s] -- Installing: /home/student/Desktop/go1_follow_person_ws_henrik/install/ouster_sensor_msgs/share/ouster_sensor_msgs/cmake/export_ouster_sensor_msgs__rosidl_generator_pyExport.cmake
[60.136s] -- Installing: /home/student/Desktop/go1_follow_person_ws_henrik/install/ouster_sensor_msgs/share/ouster_sensor_msgs/cmake/export_ouster_sensor_msgs__rosidl_generator_pyExport-noconfig.cmake
[60.140s] Invoked command in '/home/student/Desktop/go1_follow_person_ws_henrik/build/ouster_sensor_msgs' returned '0': CMAKE_PREFIX_PATH=${CMAKE_PREFIX_PATH}:/home/student/Desktop/go1_follow_person_ws_henrik/install/main:/opt/ros/humble /usr/bin/cmake --install /home/student/Desktop/go1_follow_person_ws_henrik/build/ouster_sensor_msgs
