[2.706s] Invoking command in '/home/student/Desktop/workspace/build/navigation': PYTHONPATH=/home/student/Desktop/workspace/build/navigation/prefix_override:/usr/lib/python3/dist-packages/colcon_core/task/python/colcon_distutils_commands:/home/student/Desktop/workspace/install/navigation/lib/python3.10/site-packages:${PYTHONPATH} /usr/bin/python3 -W ignore:setup.py install is deprecated setup.py develop --editable --build-directory /home/student/Desktop/workspace/build/navigation/build --no-deps symlink_data
[3.375s] running develop
[3.375s] /usr/lib/python3/dist-packages/setuptools/command/easy_install.py:158: EasyInstallDeprecationWarning: easy_install command is deprecated. Use build and pip and other standards-based tools.
[3.375s]   warnings.warn(
[3.975s] running egg_info
[3.975s] creating navigation.egg-info
[3.976s] writing navigation.egg-info/PKG-INFO
[3.977s] writing dependency_links to navigation.egg-info/dependency_links.txt
[3.977s] writing entry points to navigation.egg-info/entry_points.txt
[3.978s] writing requirements to navigation.egg-info/requires.txt
[3.978s] writing top-level names to navigation.egg-info/top_level.txt
[3.983s] writing manifest file 'navigation.egg-info/SOURCES.txt'
[3.995s] reading manifest file 'navigation.egg-info/SOURCES.txt'
[3.996s] writing manifest file 'navigation.egg-info/SOURCES.txt'
[4.103s] running build_ext
[4.103s] Creating /home/student/Desktop/workspace/install/navigation/lib/python3.10/site-packages/navigation.egg-link (link to .)
[4.105s] Installing nav2_node script to /home/student/Desktop/workspace/install/navigation/lib/navigation
[4.106s] 
[4.106s] Installed /home/student/Desktop/workspace/build/navigation
[4.106s] running symlink_data
[4.107s] creating /home/student/Desktop/workspace/install/navigation/share/ament_index
[4.107s] creating /home/student/Desktop/workspace/install/navigation/share/ament_index/resource_index
[4.108s] creating /home/student/Desktop/workspace/install/navigation/share/ament_index/resource_index/packages
[4.108s] symbolically linking /home/student/Desktop/workspace/build/navigation/resource/navigation -> /home/student/Desktop/workspace/install/navigation/share/ament_index/resource_index/packages
[4.110s] symbolically linking /home/student/Desktop/workspace/build/navigation/package.xml -> /home/student/Desktop/workspace/install/navigation/share/navigation
[4.110s] creating /home/student/Desktop/workspace/install/navigation/share/navigation/launch
[4.111s] symbolically linking /home/student/Desktop/workspace/build/navigation/launch/nav2_launch.py -> /home/student/Desktop/workspace/install/navigation/share/navigation/launch
[4.219s] Invoked command in '/home/student/Desktop/workspace/build/navigation' returned '0': PYTHONPATH=/home/student/Desktop/workspace/build/navigation/prefix_override:/usr/lib/python3/dist-packages/colcon_core/task/python/colcon_distutils_commands:/home/student/Desktop/workspace/install/navigation/lib/python3.10/site-packages:${PYTHONPATH} /usr/bin/python3 -W ignore:setup.py install is deprecated setup.py develop --editable --build-directory /home/student/Desktop/workspace/build/navigation/build --no-deps symlink_data
