[2.927s] Invoking command in '/home/student/Desktop/workspace/src/main': PYTHONPATH=/home/student/Desktop/workspace/build/main/prefix_override:/usr/lib/python3/dist-packages/colcon_core/task/python/colcon_distutils_commands:/home/student/Desktop/workspace/install/main/lib/python3.10/site-packages:${PYTHONPATH} /usr/bin/python3 -W ignore:setup.py install is deprecated setup.py egg_info --egg-base ../../build/main build --build-base /home/student/Desktop/workspace/build/main/build install --record /home/student/Desktop/workspace/build/main/install.log --single-version-externally-managed install_data
[3.533s] running egg_info
[3.536s] writing ../../build/main/main.egg-info/PKG-INFO
[3.537s] writing dependency_links to ../../build/main/main.egg-info/dependency_links.txt
[3.537s] writing entry points to ../../build/main/main.egg-info/entry_points.txt
[3.537s] writing requirements to ../../build/main/main.egg-info/requires.txt
[3.538s] writing top-level names to ../../build/main/main.egg-info/top_level.txt
[3.542s] reading manifest file '../../build/main/main.egg-info/SOURCES.txt'
[3.543s] writing manifest file '../../build/main/main.egg-info/SOURCES.txt'
[3.543s] running build
[3.544s] running build_py
[3.544s] running install
[3.545s] running install_lib
[3.547s] running install_data
[3.548s] running install_egg_info
[3.551s] removing '/home/student/Desktop/workspace/install/main/lib/python3.10/site-packages/main-0.0.0-py3.10.egg-info' (and everything under it)
[3.578s] Copying ../../build/main/main.egg-info to /home/student/Desktop/workspace/install/main/lib/python3.10/site-packages/main-0.0.0-py3.10.egg-info
[3.579s] running install_scripts
[3.612s] writing list of installed files to '/home/student/Desktop/workspace/build/main/install.log'
[3.693s] Invoked command in '/home/student/Desktop/workspace/src/main' returned '0': PYTHONPATH=/home/student/Desktop/workspace/build/main/prefix_override:/usr/lib/python3/dist-packages/colcon_core/task/python/colcon_distutils_commands:/home/student/Desktop/workspace/install/main/lib/python3.10/site-packages:${PYTHONPATH} /usr/bin/python3 -W ignore:setup.py install is deprecated setup.py egg_info --egg-base ../../build/main build --build-base /home/student/Desktop/workspace/build/main/build install --record /home/student/Desktop/workspace/build/main/install.log --single-version-externally-managed install_data
