[0.010s] Invoking command in '/home/student/Desktop/workspace/build/object_tracking_messages': CMAKE_PREFIX_PATH=${CMAKE_PREFIX_PATH}:/home/student/Desktop/workspace/install/yolo_tracking:/home/student/Desktop/workspace/install/position_estimation:/opt/ros/humble /home/student/.local/bin/cmake --build /home/student/Desktop/workspace/build/object_tracking_messages -- -j16 -l16
[0.045s] -- Found ament_cmake: 1.3.10 (/opt/ros/humble/share/ament_cmake/cmake)
[0.115s] -- Override CMake install command with custom implementation using symlinks instead of copying resources
[0.121s] -- Found rosidl_default_generators: 1.2.0 (/opt/ros/humble/share/rosidl_default_generators/cmake)
[0.126s] -- Using all available rosidl_typesupport_c: rosidl_typesupport_fastrtps_c;rosidl_typesupport_introspection_c
[0.129s] -- Found rosidl_adapter: 3.1.5 (/opt/ros/humble/share/rosidl_adapter/cmake)
[0.160s] -- Using all available rosidl_typesupport_cpp: rosidl_typesupport_fastrtps_cpp;rosidl_typesupport_introspection_cpp
[0.185s] -- Found sensor_msgs: 4.2.4 (/opt/ros/humble/share/sensor_msgs/cmake)
[0.362s] [31mCMake Error at /opt/ros/humble/share/rosidl_adapter/cmake/rosidl_adapt_interfaces.cmake:59 (message):
[0.362s]   execute_process(/usr/bin/python3 -m rosidl_adapter --package-name
[0.362s]   object_tracking_messages --arguments-file
[0.362s]   /home/student/Desktop/workspace/build/object_tracking_messages/rosidl_adapter__arguments__object_tracking_messages.json
[0.362s]   --output-dir
[0.362s]   /home/student/Desktop/workspace/build/object_tracking_messages/rosidl_adapter/object_tracking_messages
[0.362s]   --output-file
[0.363s]   /home/student/Desktop/workspace/build/object_tracking_messages/rosidl_adapter/object_tracking_messages.idls)
[0.363s]   returned error code 1:
[0.363s] 
[0.363s]   Error processing 'DetectedPersons detectedPersons' of
[0.363s]   'object_tracking_messages/PersonDistance': ''detectedPersons' is an invalid
[0.363s]   field name.  It should have the pattern
[0.363s]   '^(?!.*__)(?!.*_$)[a-z][a-z0-9_]*$''
[0.363s] 
[0.363s]   Traceback (most recent call last):
[0.363s] 
[0.363s]     File "/usr/lib/python3.10/runpy.py", line 196, in _run_module_as_main
[0.363s]       return _run_code(code, main_globals, None,
[0.363s]     File "/usr/lib/python3.10/runpy.py", line 86, in _run_code
[0.363s]       exec(code, run_globals)
[0.363s]     File "/opt/ros/humble/local/lib/python3.10/dist-packages/rosidl_adapter/__main__.py", line 19, in <module>
[0.363s]       sys.exit(main())
[0.363s]     File "/opt/ros/humble/local/lib/python3.10/dist-packages/rosidl_adapter/main.py", line 53, in main
[0.363s]       abs_idl_file = convert_to_idl(
[0.363s]     File "/opt/ros/humble/local/lib/python3.10/dist-packages/rosidl_adapter/__init__.py", line 19, in convert_to_idl
[0.363s]       return convert_msg_to_idl(
[0.363s]     File "/opt/ros/humble/local/lib/python3.10/dist-packages/rosidl_adapter/msg/__init__.py", line 28, in convert_msg_to_idl
[0.363s]       msg = parse_message_string(package_name, input_file.stem, content)
[0.364s]     File "/opt/ros/humble/local/lib/python3.10/dist-packages/rosidl_adapter/parser.py", line 519, in parse_message_string
[0.364s]       fields.append(Field(
[0.364s]     File "/opt/ros/humble/local/lib/python3.10/dist-packages/rosidl_adapter/parser.py", line 354, in __init__
[0.364s]       raise NameError(
[0.364s] 
[0.364s]   NameError: 'detectedPersons' is an invalid field name.  It should have the
[0.364s]   pattern '^(?!.*__)(?!.*_$)[a-z][a-z0-9_]*$'
[0.364s] 
[0.364s] Call Stack (most recent call first):
[0.364s]   /opt/ros/humble/share/rosidl_cmake/cmake/rosidl_generate_interfaces.cmake:130 (rosidl_adapt_interfaces)
[0.364s]   CMakeLists.txt:13 (rosidl_generate_interfaces)
[0.364s] 
[0.364s] [0m
[0.364s] -- Configuring incomplete, errors occurred!
[0.366s] gmake: *** [Makefile:1179: cmake_check_build_system] Error 1
[0.371s] Invoked command in '/home/student/Desktop/workspace/build/object_tracking_messages' returned '2': CMAKE_PREFIX_PATH=${CMAKE_PREFIX_PATH}:/home/student/Desktop/workspace/install/yolo_tracking:/home/student/Desktop/workspace/install/position_estimation:/opt/ros/humble /home/student/.local/bin/cmake --build /home/student/Desktop/workspace/build/object_tracking_messages -- -j16 -l16
