-- Found ament_cmake: 1.3.10 (/opt/ros/humble/share/ament_cmake/cmake)
-- Override CMake install command with custom implementation using symlinks instead of copying resources
-- Found rclcpp: 16.0.10 (/opt/ros/humble/share/rclcpp/cmake)
-- Found rosidl_generator_c: 3.1.5 (/opt/ros/humble/share/rosidl_generator_c/cmake)
-- Found rosidl_adapter: 3.1.5 (/opt/ros/humble/share/rosidl_adapter/cmake)
-- Found rosidl_generator_cpp: 3.1.5 (/opt/ros/humble/share/rosidl_generator_cpp/cmake)
-- Using all available rosidl_typesupport_c: rosidl_typesupport_fastrtps_c;rosidl_typesupport_introspection_c
-- Using all available rosidl_typesupport_cpp: rosidl_typesupport_fastrtps_cpp;rosidl_typesupport_introspection_cpp
-- Found rmw_implementation_cmake: 6.1.2 (/opt/ros/humble/share/rmw_implementation_cmake/cmake)
-- Found rmw_fastrtps_cpp: 6.2.7 (/opt/ros/humble/share/rmw_fastrtps_cpp/cmake)
-- Using RMW implementation 'rmw_fastrtps_cpp' as default
-- Found rclcpp_components: 16.0.10 (/opt/ros/humble/share/rclcpp_components/cmake)
-- Found rclcpp_lifecycle: 16.0.10 (/opt/ros/humble/share/rclcpp_lifecycle/cmake)
-- Found sensor_msgs: 4.2.4 (/opt/ros/humble/share/sensor_msgs/cmake)
-- Found ouster_sensor_msgs: 0.12.2 (/home/student/Desktop/workspace/install/ouster_sensor_msgs/share/ouster_sensor_msgs/cmake)
-- Found std_srvs: 4.2.4 (/opt/ros/humble/share/std_srvs/cmake)
-- Found rosidl_default_generators: 1.2.0 (/opt/ros/humble/share/rosidl_default_generators/cmake)
-- Eigen found (include: /usr/include/eigen3, version: 3.4.0)
-- looking for PCL_COMMON
-- Found pcl_conversions: 2.4.5 (/opt/ros/humble/share/pcl_conversions/cmake)
-- Found tf2_eigen: 0.25.8 (/opt/ros/humble/share/tf2_eigen/cmake)
-- Found ament_cmake_gtest: 1.3.10 (/opt/ros/humble/share/ament_cmake_gtest/cmake)
-- Found gtest sources under '/opt/ros/humble/src/gtest_vendor': C++ tests using 'Google Test' will be built
-- Configuring done (1.6s)
-- Generating done (0.1s)
-- Build files have been written to: /home/student/Desktop/workspace/build/ouster_ros
[34m[1mGenerating build info header[0m
[  3%] Built target gtest_main
[  7%] Built target os_replay
[ 10%] Built target os_driver
[ 16%] Built target gtest
[ 18%] Built target os_image
[ 21%] Built target os_cloud
[ 25%] Built target os_sensor
[ 25%] Built target ouster_generate_header
[ 52%] Built target ouster_client
[ 56%] Built target ouster_ros_library
[ 61%] Built target os_replay_component
[ 67%] Built target os_sensor_component
[ 72%] Built target os_cloud_component
[ 78%] Built target os_image_component
[ 85%] Built target os_driver_component
[100%] Built target ouster_ros_test
-- Install configuration: "Release"
-- Execute custom install script
-- Up-to-date symlink: /home/student/Desktop/workspace/install/ouster_ros/include/ouster/impl/build.h
-- Up-to-date symlink: /home/student/Desktop/workspace/install/ouster_ros/include/ouster/buffered_udp_source.h
-- Up-to-date symlink: /home/student/Desktop/workspace/install/ouster_ros/include/ouster/client.h
-- Up-to-date symlink: /home/student/Desktop/workspace/install/ouster_ros/include/ouster/defaults.h
-- Up-to-date symlink: /home/student/Desktop/workspace/install/ouster_ros/include/ouster/image_processing.h
-- Up-to-date symlink: /home/student/Desktop/workspace/install/ouster_ros/include/ouster/impl/cartesian.h
-- Up-to-date symlink: /home/student/Desktop/workspace/install/ouster_ros/include/ouster/impl/lidar_scan_impl.h
-- Up-to-date symlink: /home/student/Desktop/workspace/install/ouster_ros/include/ouster/impl/packet_writer.h
-- Up-to-date symlink: /home/student/Desktop/workspace/install/ouster_ros/include/ouster/impl/profile_extension.h
-- Up-to-date symlink: /home/student/Desktop/workspace/install/ouster_ros/include/ouster/lidar_scan.h
-- Up-to-date symlink: /home/student/Desktop/workspace/install/ouster_ros/include/ouster/sensor_http.h
-- Up-to-date symlink: /home/student/Desktop/workspace/install/ouster_ros/include/ouster/types.h
-- Up-to-date symlink: /home/student/Desktop/workspace/install/ouster_ros/include/ouster/util.h
-- Up-to-date symlink: /home/student/Desktop/workspace/install/ouster_ros/include/ouster/version.h
-- Up-to-date symlink: /home/student/Desktop/workspace/install/ouster_ros/include/optional-lite/nonstd/optional.hpp
-- Up-to-date symlink: /home/student/Desktop/workspace/install/ouster_ros/lib/cmake/OusterSDK/OusterSDKConfig.cmake
-- Up-to-date symlink: /home/student/Desktop/workspace/install/ouster_ros/lib/cmake/OusterSDK/OusterSDKConfigVersion.cmake
-- Up-to-date symlink: /home/student/Desktop/workspace/install/ouster_ros/share/LICENSE
-- Up-to-date symlink: /home/student/Desktop/workspace/install/ouster_ros/share/LICENSE-bin
-- Up-to-date symlink: /home/student/Desktop/workspace/install/ouster_ros/lib/ouster_ros/os_sensor
-- Up-to-date symlink: /home/student/Desktop/workspace/install/ouster_ros/lib/ouster_ros/os_replay
-- Up-to-date symlink: /home/student/Desktop/workspace/install/ouster_ros/lib/ouster_ros/os_cloud
-- Up-to-date symlink: /home/student/Desktop/workspace/install/ouster_ros/lib/ouster_ros/os_image
-- Up-to-date symlink: /home/student/Desktop/workspace/install/ouster_ros/lib/ouster_ros/os_driver
-- Up-to-date symlink: /home/student/Desktop/workspace/install/ouster_ros/lib/libouster_ros_library.so
-- Up-to-date symlink: /home/student/Desktop/workspace/install/ouster_ros/lib/libos_sensor_component.so
-- Up-to-date symlink: /home/student/Desktop/workspace/install/ouster_ros/lib/libos_replay_component.so
-- Up-to-date symlink: /home/student/Desktop/workspace/install/ouster_ros/lib/libos_cloud_component.so
-- Up-to-date symlink: /home/student/Desktop/workspace/install/ouster_ros/lib/libos_image_component.so
-- Up-to-date symlink: /home/student/Desktop/workspace/install/ouster_ros/lib/libos_driver_component.so
-- Up-to-date symlink: /home/student/Desktop/workspace/install/ouster_ros/include/ouster_ros/include/ouster_ros/common_point_types.h
-- Up-to-date symlink: /home/student/Desktop/workspace/install/ouster_ros/include/ouster_ros/include/ouster_ros/os_point.h
-- Up-to-date symlink: /home/student/Desktop/workspace/install/ouster_ros/include/ouster_ros/include/ouster_ros/os_processing_node_base.h
-- Up-to-date symlink: /home/student/Desktop/workspace/install/ouster_ros/include/ouster_ros/include/ouster_ros/os_ros.h
-- Up-to-date symlink: /home/student/Desktop/workspace/install/ouster_ros/include/ouster_ros/include/ouster_ros/os_sensor_node_base.h
-- Up-to-date symlink: /home/student/Desktop/workspace/install/ouster_ros/include/ouster_ros/include/ouster_ros/sensor_point_types.h
-- Up-to-date symlink: /home/student/Desktop/workspace/install/ouster_ros/include/ouster_ros/include/ouster_ros/visibility_control.h
-- Up-to-date symlink: /home/student/Desktop/workspace/install/ouster_ros/include/ouster_ros/include/optional-lite/nonstd/optional.hpp
-- Up-to-date symlink: /home/student/Desktop/workspace/install/ouster_ros/include/ouster_ros/include/ouster/buffered_udp_source.h
-- Up-to-date symlink: /home/student/Desktop/workspace/install/ouster_ros/include/ouster_ros/include/ouster/client.h
-- Up-to-date symlink: /home/student/Desktop/workspace/install/ouster_ros/include/ouster_ros/include/ouster/defaults.h
-- Up-to-date symlink: /home/student/Desktop/workspace/install/ouster_ros/include/ouster_ros/include/ouster/image_processing.h
-- Up-to-date symlink: /home/student/Desktop/workspace/install/ouster_ros/include/ouster_ros/include/ouster/impl/cartesian.h
-- Up-to-date symlink: /home/student/Desktop/workspace/install/ouster_ros/include/ouster_ros/include/ouster/impl/lidar_scan_impl.h
-- Up-to-date symlink: /home/student/Desktop/workspace/install/ouster_ros/include/ouster_ros/include/ouster/impl/packet_writer.h
-- Up-to-date symlink: /home/student/Desktop/workspace/install/ouster_ros/include/ouster_ros/include/ouster/impl/profile_extension.h
-- Up-to-date symlink: /home/student/Desktop/workspace/install/ouster_ros/include/ouster_ros/include/ouster/lidar_scan.h
-- Up-to-date symlink: /home/student/Desktop/workspace/install/ouster_ros/include/ouster_ros/include/ouster/sensor_http.h
-- Up-to-date symlink: /home/student/Desktop/workspace/install/ouster_ros/include/ouster_ros/include/ouster/types.h
-- Up-to-date symlink: /home/student/Desktop/workspace/install/ouster_ros/include/ouster_ros/include/ouster/util.h
-- Up-to-date symlink: /home/student/Desktop/workspace/install/ouster_ros/include/ouster_ros/include/ouster/version.h
-- Up-to-date symlink: /home/student/Desktop/workspace/install/ouster_ros/include/ouster_ros/optional-lite/nonstd/optional.hpp
-- Up-to-date symlink: /home/student/Desktop/workspace/install/ouster_ros/include/ouster_ros/include/ouster/indexed_pcap_reader.h
-- Up-to-date symlink: /home/student/Desktop/workspace/install/ouster_ros/include/ouster_ros/include/ouster/os_pcap.h
-- Up-to-date symlink: /home/student/Desktop/workspace/install/ouster_ros/include/ouster_ros/include/ouster/pcap.h
-- Up-to-date symlink: /home/student/Desktop/workspace/install/ouster_ros/share/ouster_ros/LICENSE
-- Up-to-date symlink: /home/student/Desktop/workspace/install/ouster_ros/share/ouster_ros/launch/driver.launch.py
-- Up-to-date symlink: /home/student/Desktop/workspace/install/ouster_ros/share/ouster_ros/launch/driver_launch.py
-- Up-to-date symlink: /home/student/Desktop/workspace/install/ouster_ros/share/ouster_ros/launch/record.composite.launch.xml
-- Up-to-date symlink: /home/student/Desktop/workspace/install/ouster_ros/share/ouster_ros/launch/record.launch.xml
-- Up-to-date symlink: /home/student/Desktop/workspace/install/ouster_ros/share/ouster_ros/launch/replay.composite.launch.xml
-- Up-to-date symlink: /home/student/Desktop/workspace/install/ouster_ros/share/ouster_ros/launch/replay.launch.xml
-- Up-to-date symlink: /home/student/Desktop/workspace/install/ouster_ros/share/ouster_ros/launch/replay_pcap.launch.xml
-- Up-to-date symlink: /home/student/Desktop/workspace/install/ouster_ros/share/ouster_ros/launch/rviz.launch.py
-- Up-to-date symlink: /home/student/Desktop/workspace/install/ouster_ros/share/ouster_ros/launch/rviz.launch.xml
-- Up-to-date symlink: /home/student/Desktop/workspace/install/ouster_ros/share/ouster_ros/launch/sensor.composite.launch.py
-- Up-to-date symlink: /home/student/Desktop/workspace/install/ouster_ros/share/ouster_ros/launch/sensor.composite.launch.xml
-- Up-to-date symlink: /home/student/Desktop/workspace/install/ouster_ros/share/ouster_ros/launch/sensor.independent.launch.py
-- Up-to-date symlink: /home/student/Desktop/workspace/install/ouster_ros/share/ouster_ros/launch/sensor.independent.launch.xml
-- Up-to-date symlink: /home/student/Desktop/workspace/install/ouster_ros/share/ouster_ros/launch/sensor.launch.xml
-- Up-to-date symlink: /home/student/Desktop/workspace/install/ouster_ros/share/ouster_ros/launch/sensor_mtp.launch.xml
-- Up-to-date symlink: /home/student/Desktop/workspace/install/ouster_ros/share/ouster_ros/config/community_driver.rviz
-- Up-to-date symlink: /home/student/Desktop/workspace/install/ouster_ros/share/ouster_ros/config/community_driver_config.yaml
-- Up-to-date symlink: /home/student/Desktop/workspace/install/ouster_ros/share/ouster_ros/config/driver_params.yaml
-- Up-to-date symlink: /home/student/Desktop/workspace/install/ouster_ros/share/ouster_ros/config/metadata-qos-override.yaml
-- Up-to-date symlink: /home/student/Desktop/workspace/install/ouster_ros/share/ouster_ros/config/os_sensor_cloud_image_params.yaml
-- Up-to-date symlink: /home/student/Desktop/workspace/install/ouster_ros/share/ouster_ros/config/viz-reliable.rviz
-- Up-to-date symlink: /home/student/Desktop/workspace/install/ouster_ros/share/ouster_ros/config/viz.rviz
-- Up-to-date symlink: /home/student/Desktop/workspace/install/ouster_ros/share/ouster_ros/environment/library_path.sh
-- Up-to-date symlink: /home/student/Desktop/workspace/install/ouster_ros/share/ouster_ros/environment/library_path.dsv
-- Up-to-date symlink: /home/student/Desktop/workspace/install/ouster_ros/share/ament_index/resource_index/package_run_dependencies/ouster_ros
-- Up-to-date symlink: /home/student/Desktop/workspace/install/ouster_ros/share/ament_index/resource_index/parent_prefix_path/ouster_ros
-- Up-to-date symlink: /home/student/Desktop/workspace/install/ouster_ros/share/ouster_ros/environment/ament_prefix_path.sh
-- Up-to-date symlink: /home/student/Desktop/workspace/install/ouster_ros/share/ouster_ros/environment/ament_prefix_path.dsv
-- Up-to-date symlink: /home/student/Desktop/workspace/install/ouster_ros/share/ouster_ros/environment/path.sh
-- Up-to-date symlink: /home/student/Desktop/workspace/install/ouster_ros/share/ouster_ros/environment/path.dsv
-- Up-to-date symlink: /home/student/Desktop/workspace/install/ouster_ros/share/ouster_ros/local_setup.bash
-- Up-to-date symlink: /home/student/Desktop/workspace/install/ouster_ros/share/ouster_ros/local_setup.sh
-- Up-to-date symlink: /home/student/Desktop/workspace/install/ouster_ros/share/ouster_ros/local_setup.zsh
-- Up-to-date symlink: /home/student/Desktop/workspace/install/ouster_ros/share/ouster_ros/local_setup.dsv
-- Symlinking: /home/student/Desktop/workspace/install/ouster_ros/share/ouster_ros/package.dsv
-- Up-to-date symlink: /home/student/Desktop/workspace/install/ouster_ros/share/ament_index/resource_index/packages/ouster_ros
-- Up-to-date symlink: /home/student/Desktop/workspace/install/ouster_ros/share/ament_index/resource_index/rclcpp_components/ouster_ros
-- Up-to-date symlink: /home/student/Desktop/workspace/install/ouster_ros/share/ouster_ros/cmake/ament_cmake_export_include_directories-extras.cmake
-- Up-to-date symlink: /home/student/Desktop/workspace/install/ouster_ros/share/ouster_ros/cmake/ament_cmake_export_dependencies-extras.cmake
-- Up-to-date symlink: /home/student/Desktop/workspace/install/ouster_ros/share/ouster_ros/cmake/ament_cmake_export_libraries-extras.cmake
-- Up-to-date symlink: /home/student/Desktop/workspace/install/ouster_ros/share/ouster_ros/cmake/ouster_rosConfig.cmake
-- Up-to-date symlink: /home/student/Desktop/workspace/install/ouster_ros/share/ouster_ros/cmake/ouster_rosConfig-version.cmake
-- Up-to-date symlink: /home/student/Desktop/workspace/install/ouster_ros/share/ouster_ros/package.xml
