[2.842s] Invoking command in '/home/student/Desktop/workspace/build/navigation': PYTHONPATH=/home/student/Desktop/workspace/build/navigation/prefix_override:/usr/lib/python3/dist-packages/colcon_core/task/python/colcon_distutils_commands:/home/student/Desktop/workspace/install/navigation/lib/python3.10/site-packages:${PYTHONPATH} /usr/bin/python3 -W ignore:setup.py install is deprecated setup.py develop --editable --build-directory /home/student/Desktop/workspace/build/navigation/build --no-deps symlink_data
[3.429s] running develop
[3.429s] /usr/lib/python3/dist-packages/setuptools/command/easy_install.py:158: EasyInstallDeprecationWarning: easy_install command is deprecated. Use build and pip and other standards-based tools.
[3.429s]   warnings.warn(
[3.936s] running egg_info
[3.936s] creating navigation.egg-info
[3.937s] writing navigation.egg-info/PKG-INFO
[3.938s] writing dependency_links to navigation.egg-info/dependency_links.txt
[3.939s] writing entry points to navigation.egg-info/entry_points.txt
[3.939s] writing requirements to navigation.egg-info/requires.txt
[3.940s] writing top-level names to navigation.egg-info/top_level.txt
[3.941s] writing manifest file 'navigation.egg-info/SOURCES.txt'
[3.944s] reading manifest file 'navigation.egg-info/SOURCES.txt'
[3.945s] writing manifest file 'navigation.egg-info/SOURCES.txt'
[4.023s] running build_ext
[4.023s] Creating /home/student/Desktop/workspace/install/navigation/lib/python3.10/site-packages/navigation.egg-link (link to .)
[4.024s] Installing nav2_node script to /home/student/Desktop/workspace/install/navigation/lib/navigation
[4.025s] Installing odom_publisher_node script to /home/student/Desktop/workspace/install/navigation/lib/navigation
[4.025s] 
[4.025s] Installed /home/student/Desktop/workspace/build/navigation
[4.026s] running symlink_data
[4.026s] creating /home/student/Desktop/workspace/install/navigation/share/ament_index
[4.026s] creating /home/student/Desktop/workspace/install/navigation/share/ament_index/resource_index
[4.026s] creating /home/student/Desktop/workspace/install/navigation/share/ament_index/resource_index/packages
[4.027s] symbolically linking /home/student/Desktop/workspace/build/navigation/resource/navigation -> /home/student/Desktop/workspace/install/navigation/share/ament_index/resource_index/packages
[4.027s] symbolically linking /home/student/Desktop/workspace/build/navigation/package.xml -> /home/student/Desktop/workspace/install/navigation/share/navigation
[4.027s] creating /home/student/Desktop/workspace/install/navigation/share/navigation/launch
[4.028s] symbolically linking /home/student/Desktop/workspace/build/navigation/launch/nav2_launch.py -> /home/student/Desktop/workspace/install/navigation/share/navigation/launch
[4.171s] Invoked command in '/home/student/Desktop/workspace/build/navigation' returned '0': PYTHONPATH=/home/student/Desktop/workspace/build/navigation/prefix_override:/usr/lib/python3/dist-packages/colcon_core/task/python/colcon_distutils_commands:/home/student/Desktop/workspace/install/navigation/lib/python3.10/site-packages:${PYTHONPATH} /usr/bin/python3 -W ignore:setup.py install is deprecated setup.py develop --editable --build-directory /home/student/Desktop/workspace/build/navigation/build --no-deps symlink_data
