[2.325s] Invoking command in '/home/student/Desktop/workspace/build/position_estimation': PYTHONPATH=/home/student/Desktop/workspace/build/position_estimation/prefix_override:/usr/lib/python3/dist-packages/colcon_core/task/python/colcon_distutils_commands:/home/student/Desktop/workspace/install/position_estimation/lib/python3.10/site-packages:${PYTHONPATH} /usr/bin/python3 -W ignore:setup.py install is deprecated setup.py develop --uninstall --editable --build-directory /home/student/Desktop/workspace/build/position_estimation/build
[2.689s] running develop
[2.690s] /usr/lib/python3/dist-packages/setuptools/command/easy_install.py:158: EasyInstallDeprecationWarning: easy_install command is deprecated. Use build and pip and other standards-based tools.
[2.690s]   warnings.warn(
[3.080s] Removing /home/student/Desktop/workspace/install/position_estimation/lib/python3.10/site-packages/position-estimation.egg-link (link to .)
[3.116s] Invoked command in '/home/student/Desktop/workspace/build/position_estimation' returned '0': PYTHONPATH=/home/student/Desktop/workspace/build/position_estimation/prefix_override:/usr/lib/python3/dist-packages/colcon_core/task/python/colcon_distutils_commands:/home/student/Desktop/workspace/install/position_estimation/lib/python3.10/site-packages:${PYTHONPATH} /usr/bin/python3 -W ignore:setup.py install is deprecated setup.py develop --uninstall --editable --build-directory /home/student/Desktop/workspace/build/position_estimation/build
[3.117s] Invoking command in '/home/student/Desktop/workspace/src/position_estimation': PYTHONPATH=/home/student/Desktop/workspace/build/position_estimation/prefix_override:/usr/lib/python3/dist-packages/colcon_core/task/python/colcon_distutils_commands:/home/student/Desktop/workspace/install/position_estimation/lib/python3.10/site-packages:${PYTHONPATH} /usr/bin/python3 -W ignore:setup.py install is deprecated setup.py egg_info --egg-base ../../build/position_estimation build --build-base /home/student/Desktop/workspace/build/position_estimation/build install --record /home/student/Desktop/workspace/build/position_estimation/install.log --single-version-externally-managed
[3.455s] running egg_info
[3.456s] writing ../../build/position_estimation/position_estimation.egg-info/PKG-INFO
[3.457s] writing dependency_links to ../../build/position_estimation/position_estimation.egg-info/dependency_links.txt
[3.457s] writing entry points to ../../build/position_estimation/position_estimation.egg-info/entry_points.txt
[3.457s] writing requirements to ../../build/position_estimation/position_estimation.egg-info/requires.txt
[3.457s] writing top-level names to ../../build/position_estimation/position_estimation.egg-info/top_level.txt
[3.459s] reading manifest file '../../build/position_estimation/position_estimation.egg-info/SOURCES.txt'
[3.460s] writing manifest file '../../build/position_estimation/position_estimation.egg-info/SOURCES.txt'
[3.460s] running build
[3.460s] running build_py
[3.460s] creating /home/student/Desktop/workspace/build/position_estimation/build
[3.460s] creating /home/student/Desktop/workspace/build/position_estimation/build/lib
[3.460s] creating /home/student/Desktop/workspace/build/position_estimation/build/lib/position_estimation
[3.460s] copying position_estimation/__init__.py -> /home/student/Desktop/workspace/build/position_estimation/build/lib/position_estimation
[3.460s] copying position_estimation/position_estimation_node.py -> /home/student/Desktop/workspace/build/position_estimation/build/lib/position_estimation
[3.460s] running install
[3.461s] running install_lib
[3.461s] creating /home/student/Desktop/workspace/install/position_estimation/lib/python3.10/site-packages/position_estimation
[3.461s] copying /home/student/Desktop/workspace/build/position_estimation/build/lib/position_estimation/__init__.py -> /home/student/Desktop/workspace/install/position_estimation/lib/python3.10/site-packages/position_estimation
[3.461s] copying /home/student/Desktop/workspace/build/position_estimation/build/lib/position_estimation/position_estimation_node.py -> /home/student/Desktop/workspace/install/position_estimation/lib/python3.10/site-packages/position_estimation
[3.462s] byte-compiling /home/student/Desktop/workspace/install/position_estimation/lib/python3.10/site-packages/position_estimation/__init__.py to __init__.cpython-310.pyc
[3.462s] byte-compiling /home/student/Desktop/workspace/install/position_estimation/lib/python3.10/site-packages/position_estimation/position_estimation_node.py to position_estimation_node.cpython-310.pyc
[3.463s] running install_egg_info
[3.465s] Copying ../../build/position_estimation/position_estimation.egg-info to /home/student/Desktop/workspace/install/position_estimation/lib/python3.10/site-packages/position_estimation-0.0.1-py3.10.egg-info
[3.465s] running install_scripts
[3.485s] Installing position_estimation_node script to /home/student/Desktop/workspace/install/position_estimation/lib/position_estimation
[3.486s] writing list of installed files to '/home/student/Desktop/workspace/build/position_estimation/install.log'
[3.530s] Invoked command in '/home/student/Desktop/workspace/src/position_estimation' returned '0': PYTHONPATH=/home/student/Desktop/workspace/build/position_estimation/prefix_override:/usr/lib/python3/dist-packages/colcon_core/task/python/colcon_distutils_commands:/home/student/Desktop/workspace/install/position_estimation/lib/python3.10/site-packages:${PYTHONPATH} /usr/bin/python3 -W ignore:setup.py install is deprecated setup.py egg_info --egg-base ../../build/position_estimation build --build-base /home/student/Desktop/workspace/build/position_estimation/build install --record /home/student/Desktop/workspace/build/position_estimation/install.log --single-version-externally-managed
