[0.038s] Invoking command in '/home/student/Desktop/workspace/build/ouster_sensor_msgs': CMAKE_PREFIX_PATH=${CMAKE_PREFIX_PATH}:/home/student/Desktop/workspace/install/yolo_tracking:/home/student/Desktop/workspace/install/sensor_presentation:/home/student/Desktop/workspace/install/position_estimation:/opt/ros/humble /home/student/.local/bin/cmake /home/student/Desktop/workspace/src/ouster-ros/ouster-sensor-msgs -DAMENT_CMAKE_SYMLINK_INSTALL=1 -DCMAKE_INSTALL_PREFIX=/home/student/Desktop/workspace/install/ouster_sensor_msgs
[0.622s] -- Found ament_cmake: 1.3.10 (/opt/ros/humble/share/ament_cmake/cmake)
[0.623s] -- Override CMake install command with custom implementation using symlinks instead of copying resources
[0.623s] -- Found std_msgs: 4.2.4 (/opt/ros/humble/share/std_msgs/cmake)
[0.623s] -- Found rosidl_generator_c: 3.1.5 (/opt/ros/humble/share/rosidl_generator_c/cmake)
[0.623s] -- Found rosidl_adapter: 3.1.5 (/opt/ros/humble/share/rosidl_adapter/cmake)
[0.623s] -- Found rosidl_generator_cpp: 3.1.5 (/opt/ros/humble/share/rosidl_generator_cpp/cmake)
[0.623s] -- Using all available rosidl_typesupport_c: rosidl_typesupport_fastrtps_c;rosidl_typesupport_introspection_c
[0.623s] -- Using all available rosidl_typesupport_cpp: rosidl_typesupport_fastrtps_cpp;rosidl_typesupport_introspection_cpp
[0.623s] -- Found rosidl_default_generators: 1.2.0 (/opt/ros/humble/share/rosidl_default_generators/cmake)
[0.623s] -- Found ament_cmake_ros: 0.10.0 (/opt/ros/humble/share/ament_cmake_ros/cmake)
[0.720s] -- Using all available rosidl_typesupport_c: rosidl_typesupport_fastrtps_c;rosidl_typesupport_introspection_c
[0.799s] -- Using all available rosidl_typesupport_cpp: rosidl_typesupport_fastrtps_cpp;rosidl_typesupport_introspection_cpp
[0.821s] -- Found python_cmake_module: 0.10.0 (/opt/ros/humble/share/python_cmake_module/cmake)
[0.842s] -- Using PYTHON_EXECUTABLE: /usr/bin/python3
[0.842s] -- Using PYTHON_INCLUDE_DIRS: /usr/include/python3.10
[0.842s] -- Using PYTHON_LIBRARIES: /usr/lib/x86_64-linux-gnu/libpython3.10.so
[0.894s] -- Configuring done (0.8s)
[0.931s] -- Generating done (0.0s)
[0.934s] -- Build files have been written to: /home/student/Desktop/workspace/build/ouster_sensor_msgs
[0.942s] Invoked command in '/home/student/Desktop/workspace/build/ouster_sensor_msgs' returned '0': CMAKE_PREFIX_PATH=${CMAKE_PREFIX_PATH}:/home/student/Desktop/workspace/install/yolo_tracking:/home/student/Desktop/workspace/install/sensor_presentation:/home/student/Desktop/workspace/install/position_estimation:/opt/ros/humble /home/student/.local/bin/cmake /home/student/Desktop/workspace/src/ouster-ros/ouster-sensor-msgs -DAMENT_CMAKE_SYMLINK_INSTALL=1 -DCMAKE_INSTALL_PREFIX=/home/student/Desktop/workspace/install/ouster_sensor_msgs
[0.944s] Invoking command in '/home/student/Desktop/workspace/build/ouster_sensor_msgs': CMAKE_PREFIX_PATH=${CMAKE_PREFIX_PATH}:/home/student/Desktop/workspace/install/yolo_tracking:/home/student/Desktop/workspace/install/sensor_presentation:/home/student/Desktop/workspace/install/position_estimation:/opt/ros/humble /home/student/.local/bin/cmake --build /home/student/Desktop/workspace/build/ouster_sensor_msgs -- -j16 -l16
[1.081s] [  1%] [32mBuilding C object CMakeFiles/ouster_sensor_msgs__rosidl_generator_c.dir/rosidl_generator_c/ouster_sensor_msgs/msg/detail/packet_msg__functions.c.o[0m
[1.106s] [  3%] [32mBuilding C object CMakeFiles/ouster_sensor_msgs__rosidl_generator_c.dir/rosidl_generator_c/ouster_sensor_msgs/srv/detail/get_config__functions.c.o[0m
[1.110s] [  5%] Built target ouster_sensor_msgs__cpp
[1.118s] [  5%] Built target ament_cmake_python_symlink_ouster_sensor_msgs
[1.128s] [  7%] [32mBuilding C object CMakeFiles/ouster_sensor_msgs__rosidl_generator_c.dir/rosidl_generator_c/ouster_sensor_msgs/srv/detail/set_config__functions.c.o[0m
[1.140s] [  9%] [32mBuilding C object CMakeFiles/ouster_sensor_msgs__rosidl_generator_c.dir/rosidl_generator_c/ouster_sensor_msgs/srv/detail/get_metadata__functions.c.o[0m
[1.203s] [ 10%] [32mBuilding CXX object CMakeFiles/ouster_sensor_msgs__rosidl_typesupport_fastrtps_cpp.dir/rosidl_typesupport_fastrtps_cpp/ouster_sensor_msgs/msg/detail/dds_fastrtps/packet_msg__type_support.cpp.o[0m
[1.218s] [ 12%] [32mBuilding CXX object CMakeFiles/ouster_sensor_msgs__rosidl_typesupport_fastrtps_cpp.dir/rosidl_typesupport_fastrtps_cpp/ouster_sensor_msgs/srv/detail/dds_fastrtps/get_config__type_support.cpp.o[0m
[1.222s] [ 14%] [32mBuilding CXX object CMakeFiles/ouster_sensor_msgs__rosidl_typesupport_fastrtps_cpp.dir/rosidl_typesupport_fastrtps_cpp/ouster_sensor_msgs/srv/detail/dds_fastrtps/set_config__type_support.cpp.o[0m
[1.241s] [ 16%] [32mBuilding CXX object CMakeFiles/ouster_sensor_msgs__rosidl_typesupport_introspection_cpp.dir/rosidl_typesupport_introspection_cpp/ouster_sensor_msgs/msg/detail/packet_msg__type_support.cpp.o[0m
[1.257s] [ 20%] [32mBuilding CXX object CMakeFiles/ouster_sensor_msgs__rosidl_typesupport_cpp.dir/rosidl_typesupport_cpp/ouster_sensor_msgs/msg/packet_msg__type_support.cpp.o[0m
[1.257s] [ 20%] [32mBuilding CXX object CMakeFiles/ouster_sensor_msgs__rosidl_typesupport_introspection_cpp.dir/rosidl_typesupport_introspection_cpp/ouster_sensor_msgs/srv/detail/get_config__type_support.cpp.o[0m
[1.270s] [ 21%] [32mBuilding CXX object CMakeFiles/ouster_sensor_msgs__rosidl_typesupport_introspection_cpp.dir/rosidl_typesupport_introspection_cpp/ouster_sensor_msgs/srv/detail/set_config__type_support.cpp.o[0m
[1.270s] [ 23%] [32mBuilding CXX object CMakeFiles/ouster_sensor_msgs__rosidl_typesupport_cpp.dir/rosidl_typesupport_cpp/ouster_sensor_msgs/srv/get_config__type_support.cpp.o[0m
[1.270s] [ 25%] [32mBuilding CXX object CMakeFiles/ouster_sensor_msgs__rosidl_typesupport_cpp.dir/rosidl_typesupport_cpp/ouster_sensor_msgs/srv/set_config__type_support.cpp.o[0m
[1.290s] [ 27%] [32mBuilding CXX object CMakeFiles/ouster_sensor_msgs__rosidl_typesupport_cpp.dir/rosidl_typesupport_cpp/ouster_sensor_msgs/srv/get_metadata__type_support.cpp.o[0m
[1.291s] [ 29%] [32mBuilding CXX object CMakeFiles/ouster_sensor_msgs__rosidl_typesupport_fastrtps_cpp.dir/rosidl_typesupport_fastrtps_cpp/ouster_sensor_msgs/srv/detail/dds_fastrtps/get_metadata__type_support.cpp.o[0m
[1.333s] [ 30%] [32mBuilding CXX object CMakeFiles/ouster_sensor_msgs__rosidl_typesupport_introspection_cpp.dir/rosidl_typesupport_introspection_cpp/ouster_sensor_msgs/srv/detail/get_metadata__type_support.cpp.o[0m
[1.334s] [ 32%] [32m[1mLinking C shared library libouster_sensor_msgs__rosidl_generator_c.so[0m
[1.481s] [ 34%] Built target ouster_sensor_msgs__rosidl_generator_c
[1.597s] [ 36%] [32mBuilding C object CMakeFiles/ouster_sensor_msgs__rosidl_typesupport_introspection_c.dir/rosidl_typesupport_introspection_c/ouster_sensor_msgs/msg/detail/packet_msg__type_support.c.o[0m
[1.633s] [ 38%] [32mBuilding CXX object CMakeFiles/ouster_sensor_msgs__rosidl_typesupport_c.dir/rosidl_typesupport_c/ouster_sensor_msgs/msg/packet_msg__type_support.cpp.o[0m
[1.654s] [ 40%] [32mBuilding CXX object CMakeFiles/ouster_sensor_msgs__rosidl_typesupport_fastrtps_c.dir/rosidl_typesupport_fastrtps_c/ouster_sensor_msgs/msg/detail/packet_msg__type_support_c.cpp.o[0m
[1.759s] [ 41%] [32mBuilding CXX object CMakeFiles/ouster_sensor_msgs__rosidl_typesupport_c.dir/rosidl_typesupport_c/ouster_sensor_msgs/srv/get_config__type_support.cpp.o[0m
[1.763s] [ 43%] [32mBuilding C object CMakeFiles/ouster_sensor_msgs__rosidl_typesupport_introspection_c.dir/rosidl_typesupport_introspection_c/ouster_sensor_msgs/srv/detail/get_config__type_support.c.o[0m
[1.873s] [ 45%] [32mBuilding CXX object CMakeFiles/ouster_sensor_msgs__rosidl_typesupport_c.dir/rosidl_typesupport_c/ouster_sensor_msgs/srv/set_config__type_support.cpp.o[0m
[1.913s] [ 47%] [32mBuilding C object CMakeFiles/ouster_sensor_msgs__rosidl_typesupport_introspection_c.dir/rosidl_typesupport_introspection_c/ouster_sensor_msgs/srv/detail/set_config__type_support.c.o[0m
[1.973s] [ 49%] [32mBuilding CXX object CMakeFiles/ouster_sensor_msgs__rosidl_typesupport_c.dir/rosidl_typesupport_c/ouster_sensor_msgs/srv/get_metadata__type_support.cpp.o[0m
[2.017s] [ 50%] [32mBuilding CXX object CMakeFiles/ouster_sensor_msgs__rosidl_typesupport_fastrtps_c.dir/rosidl_typesupport_fastrtps_c/ouster_sensor_msgs/srv/detail/get_config__type_support_c.cpp.o[0m
[2.045s] [ 52%] [32mBuilding C object CMakeFiles/ouster_sensor_msgs__rosidl_typesupport_introspection_c.dir/rosidl_typesupport_introspection_c/ouster_sensor_msgs/srv/detail/get_metadata__type_support.c.o[0m
[2.065s] [ 54%] [32mBuilding CXX object CMakeFiles/ouster_sensor_msgs__rosidl_typesupport_fastrtps_c.dir/rosidl_typesupport_fastrtps_c/ouster_sensor_msgs/srv/detail/set_config__type_support_c.cpp.o[0m
[2.085s] [ 56%] [32mBuilding CXX object CMakeFiles/ouster_sensor_msgs__rosidl_typesupport_fastrtps_c.dir/rosidl_typesupport_fastrtps_c/ouster_sensor_msgs/srv/detail/get_metadata__type_support_c.cpp.o[0m
[2.127s] [ 58%] [32m[1mLinking CXX shared library libouster_sensor_msgs__rosidl_typesupport_c.so[0m
[2.193s] [ 60%] [32m[1mLinking C shared library libouster_sensor_msgs__rosidl_typesupport_introspection_c.so[0m
[2.267s] [ 61%] Built target ouster_sensor_msgs__rosidl_typesupport_c
[2.275s] running egg_info
[2.286s] writing ouster_sensor_msgs.egg-info/PKG-INFO
[2.286s] writing dependency_links to ouster_sensor_msgs.egg-info/dependency_links.txt
[2.287s] writing top-level names to ouster_sensor_msgs.egg-info/top_level.txt
[2.292s] reading manifest file 'ouster_sensor_msgs.egg-info/SOURCES.txt'
[2.293s] writing manifest file 'ouster_sensor_msgs.egg-info/SOURCES.txt'
[2.298s] [ 65%] [32m[1mLinking CXX shared library libouster_sensor_msgs__rosidl_typesupport_cpp.so[0m
[2.298s] [ 65%] Built target ouster_sensor_msgs__rosidl_typesupport_introspection_c
[2.369s] [ 65%] Built target ament_cmake_python_build_ouster_sensor_msgs_egg
[2.384s] [ 67%] Built target ouster_sensor_msgs__rosidl_typesupport_cpp
[2.416s] [ 69%] [32m[1mLinking CXX shared library libouster_sensor_msgs__rosidl_typesupport_introspection_cpp.so[0m
[2.507s] [ 70%] [32m[1mLinking CXX shared library libouster_sensor_msgs__rosidl_typesupport_fastrtps_cpp.so[0m
[2.546s] [ 72%] Built target ouster_sensor_msgs__rosidl_typesupport_introspection_cpp
[2.667s] [ 74%] Built target ouster_sensor_msgs__rosidl_typesupport_fastrtps_cpp
[2.692s] [ 76%] [32m[1mLinking CXX shared library libouster_sensor_msgs__rosidl_typesupport_fastrtps_c.so[0m
[2.830s] [ 78%] Built target ouster_sensor_msgs__rosidl_typesupport_fastrtps_c
[2.933s] [ 78%] Built target ouster_sensor_msgs
[3.028s] [ 80%] Built target ouster_sensor_msgs__py
[3.124s] [ 81%] [32mBuilding C object CMakeFiles/ouster_sensor_msgs__rosidl_generator_py.dir/rosidl_generator_py/ouster_sensor_msgs/msg/_packet_msg_s.c.o[0m
[3.135s] [ 83%] [32mBuilding C object CMakeFiles/ouster_sensor_msgs__rosidl_generator_py.dir/rosidl_generator_py/ouster_sensor_msgs/srv/_get_config_s.c.o[0m
[3.138s] [ 85%] [32mBuilding C object CMakeFiles/ouster_sensor_msgs__rosidl_generator_py.dir/rosidl_generator_py/ouster_sensor_msgs/srv/_get_metadata_s.c.o[0m
[3.151s] [ 87%] [32mBuilding C object CMakeFiles/ouster_sensor_msgs__rosidl_generator_py.dir/rosidl_generator_py/ouster_sensor_msgs/srv/_set_config_s.c.o[0m
[3.491s] [ 89%] [32m[1mLinking C shared library rosidl_generator_py/ouster_sensor_msgs/libouster_sensor_msgs__rosidl_generator_py.so[0m
[3.619s] [ 89%] Built target ouster_sensor_msgs__rosidl_generator_py
[3.753s] [ 90%] [32mBuilding C object CMakeFiles/ouster_sensor_msgs__rosidl_typesupport_fastrtps_c__pyext.dir/rosidl_generator_py/ouster_sensor_msgs/_ouster_sensor_msgs_s.ep.rosidl_typesupport_fastrtps_c.c.o[0m
[3.766s] [ 92%] [32mBuilding C object CMakeFiles/ouster_sensor_msgs__rosidl_typesupport_introspection_c__pyext.dir/rosidl_generator_py/ouster_sensor_msgs/_ouster_sensor_msgs_s.ep.rosidl_typesupport_introspection_c.c.o[0m
[3.794s] [ 94%] [32mBuilding C object CMakeFiles/ouster_sensor_msgs__rosidl_typesupport_c__pyext.dir/rosidl_generator_py/ouster_sensor_msgs/_ouster_sensor_msgs_s.ep.rosidl_typesupport_c.c.o[0m
[4.046s] [ 96%] [32m[1mLinking C shared library rosidl_generator_py/ouster_sensor_msgs/ouster_sensor_msgs_s__rosidl_typesupport_c.cpython-310-x86_64-linux-gnu.so[0m
[4.052s] [ 98%] [32m[1mLinking C shared library rosidl_generator_py/ouster_sensor_msgs/ouster_sensor_msgs_s__rosidl_typesupport_fastrtps_c.cpython-310-x86_64-linux-gnu.so[0m
[4.085s] [100%] [32m[1mLinking C shared library rosidl_generator_py/ouster_sensor_msgs/ouster_sensor_msgs_s__rosidl_typesupport_introspection_c.cpython-310-x86_64-linux-gnu.so[0m
[4.101s] [100%] Built target ouster_sensor_msgs__rosidl_typesupport_c__pyext
[4.124s] [100%] Built target ouster_sensor_msgs__rosidl_typesupport_fastrtps_c__pyext
[4.212s] [100%] Built target ouster_sensor_msgs__rosidl_typesupport_introspection_c__pyext
[4.235s] Invoked command in '/home/student/Desktop/workspace/build/ouster_sensor_msgs' returned '0': CMAKE_PREFIX_PATH=${CMAKE_PREFIX_PATH}:/home/student/Desktop/workspace/install/yolo_tracking:/home/student/Desktop/workspace/install/sensor_presentation:/home/student/Desktop/workspace/install/position_estimation:/opt/ros/humble /home/student/.local/bin/cmake --build /home/student/Desktop/workspace/build/ouster_sensor_msgs -- -j16 -l16
[5.094s] Invoking command in '/home/student/Desktop/workspace/build/ouster_sensor_msgs': CMAKE_PREFIX_PATH=${CMAKE_PREFIX_PATH}:/home/student/Desktop/workspace/install/yolo_tracking:/home/student/Desktop/workspace/install/sensor_presentation:/home/student/Desktop/workspace/install/position_estimation:/opt/ros/humble /home/student/.local/bin/cmake --install /home/student/Desktop/workspace/build/ouster_sensor_msgs
[5.188s] -- Install configuration: ""
[5.188s] -- Execute custom install script
[5.189s] -- Up-to-date symlink: /home/student/Desktop/workspace/install/ouster_sensor_msgs/share/ament_index/resource_index/rosidl_interfaces/ouster_sensor_msgs
[5.190s] -- Up-to-date symlink: /home/student/Desktop/workspace/install/ouster_sensor_msgs/include/ouster_sensor_msgs/ouster_sensor_msgs/msg/detail/packet_msg__functions.h
[5.190s] -- Up-to-date symlink: /home/student/Desktop/workspace/install/ouster_sensor_msgs/include/ouster_sensor_msgs/ouster_sensor_msgs/msg/detail/packet_msg__struct.h
[5.190s] -- Up-to-date symlink: /home/student/Desktop/workspace/install/ouster_sensor_msgs/include/ouster_sensor_msgs/ouster_sensor_msgs/msg/detail/packet_msg__type_support.h
[5.190s] -- Up-to-date symlink: /home/student/Desktop/workspace/install/ouster_sensor_msgs/include/ouster_sensor_msgs/ouster_sensor_msgs/msg/packet_msg.h
[5.190s] -- Up-to-date symlink: /home/student/Desktop/workspace/install/ouster_sensor_msgs/include/ouster_sensor_msgs/ouster_sensor_msgs/msg/rosidl_generator_c__visibility_control.h
[5.191s] -- Up-to-date symlink: /home/student/Desktop/workspace/install/ouster_sensor_msgs/include/ouster_sensor_msgs/ouster_sensor_msgs/srv/detail/get_config__functions.h
[5.191s] -- Up-to-date symlink: /home/student/Desktop/workspace/install/ouster_sensor_msgs/include/ouster_sensor_msgs/ouster_sensor_msgs/srv/detail/get_config__struct.h
[5.191s] -- Up-to-date symlink: /home/student/Desktop/workspace/install/ouster_sensor_msgs/include/ouster_sensor_msgs/ouster_sensor_msgs/srv/detail/get_config__type_support.h
[5.191s] -- Up-to-date symlink: /home/student/Desktop/workspace/install/ouster_sensor_msgs/include/ouster_sensor_msgs/ouster_sensor_msgs/srv/detail/get_metadata__functions.h
[5.191s] -- Up-to-date symlink: /home/student/Desktop/workspace/install/ouster_sensor_msgs/include/ouster_sensor_msgs/ouster_sensor_msgs/srv/detail/get_metadata__struct.h
[5.192s] -- Up-to-date symlink: /home/student/Desktop/workspace/install/ouster_sensor_msgs/include/ouster_sensor_msgs/ouster_sensor_msgs/srv/detail/get_metadata__type_support.h
[5.192s] -- Up-to-date symlink: /home/student/Desktop/workspace/install/ouster_sensor_msgs/include/ouster_sensor_msgs/ouster_sensor_msgs/srv/detail/set_config__functions.h
[5.192s] -- Up-to-date symlink: /home/student/Desktop/workspace/install/ouster_sensor_msgs/include/ouster_sensor_msgs/ouster_sensor_msgs/srv/detail/set_config__struct.h
[5.192s] -- Up-to-date symlink: /home/student/Desktop/workspace/install/ouster_sensor_msgs/include/ouster_sensor_msgs/ouster_sensor_msgs/srv/detail/set_config__type_support.h
[5.192s] -- Up-to-date symlink: /home/student/Desktop/workspace/install/ouster_sensor_msgs/include/ouster_sensor_msgs/ouster_sensor_msgs/srv/get_config.h
[5.193s] -- Up-to-date symlink: /home/student/Desktop/workspace/install/ouster_sensor_msgs/include/ouster_sensor_msgs/ouster_sensor_msgs/srv/get_metadata.h
[5.193s] -- Up-to-date symlink: /home/student/Desktop/workspace/install/ouster_sensor_msgs/include/ouster_sensor_msgs/ouster_sensor_msgs/srv/set_config.h
[5.193s] -- Up-to-date symlink: /home/student/Desktop/workspace/install/ouster_sensor_msgs/share/ouster_sensor_msgs/environment/library_path.sh
[5.193s] -- Up-to-date symlink: /home/student/Desktop/workspace/install/ouster_sensor_msgs/share/ouster_sensor_msgs/environment/library_path.dsv
[5.194s] -- Up-to-date symlink: /home/student/Desktop/workspace/install/ouster_sensor_msgs/include/ouster_sensor_msgs/ouster_sensor_msgs/msg/detail/packet_msg__rosidl_typesupport_fastrtps_c.h
[5.194s] -- Up-to-date symlink: /home/student/Desktop/workspace/install/ouster_sensor_msgs/include/ouster_sensor_msgs/ouster_sensor_msgs/msg/rosidl_typesupport_fastrtps_c__visibility_control.h
[5.195s] -- Up-to-date symlink: /home/student/Desktop/workspace/install/ouster_sensor_msgs/include/ouster_sensor_msgs/ouster_sensor_msgs/srv/detail/get_config__rosidl_typesupport_fastrtps_c.h
[5.196s] -- Up-to-date symlink: /home/student/Desktop/workspace/install/ouster_sensor_msgs/include/ouster_sensor_msgs/ouster_sensor_msgs/srv/detail/get_metadata__rosidl_typesupport_fastrtps_c.h
[5.196s] -- Up-to-date symlink: /home/student/Desktop/workspace/install/ouster_sensor_msgs/include/ouster_sensor_msgs/ouster_sensor_msgs/srv/detail/set_config__rosidl_typesupport_fastrtps_c.h
[5.196s] -- Up-to-date symlink: /home/student/Desktop/workspace/install/ouster_sensor_msgs/include/ouster_sensor_msgs/ouster_sensor_msgs/msg/detail/packet_msg__builder.hpp
[5.196s] -- Up-to-date symlink: /home/student/Desktop/workspace/install/ouster_sensor_msgs/include/ouster_sensor_msgs/ouster_sensor_msgs/msg/detail/packet_msg__struct.hpp
[5.197s] -- Up-to-date symlink: /home/student/Desktop/workspace/install/ouster_sensor_msgs/include/ouster_sensor_msgs/ouster_sensor_msgs/msg/detail/packet_msg__traits.hpp
[5.197s] -- Up-to-date symlink: /home/student/Desktop/workspace/install/ouster_sensor_msgs/include/ouster_sensor_msgs/ouster_sensor_msgs/msg/packet_msg.hpp
[5.197s] -- Up-to-date symlink: /home/student/Desktop/workspace/install/ouster_sensor_msgs/include/ouster_sensor_msgs/ouster_sensor_msgs/srv/detail/get_config__builder.hpp
[5.197s] -- Up-to-date symlink: /home/student/Desktop/workspace/install/ouster_sensor_msgs/include/ouster_sensor_msgs/ouster_sensor_msgs/srv/detail/get_config__struct.hpp
[5.197s] -- Up-to-date symlink: /home/student/Desktop/workspace/install/ouster_sensor_msgs/include/ouster_sensor_msgs/ouster_sensor_msgs/srv/detail/get_config__traits.hpp
[5.198s] -- Up-to-date symlink: /home/student/Desktop/workspace/install/ouster_sensor_msgs/include/ouster_sensor_msgs/ouster_sensor_msgs/srv/detail/get_metadata__builder.hpp
[5.198s] -- Up-to-date symlink: /home/student/Desktop/workspace/install/ouster_sensor_msgs/include/ouster_sensor_msgs/ouster_sensor_msgs/srv/detail/get_metadata__struct.hpp
[5.198s] -- Up-to-date symlink: /home/student/Desktop/workspace/install/ouster_sensor_msgs/include/ouster_sensor_msgs/ouster_sensor_msgs/srv/detail/get_metadata__traits.hpp
[5.198s] -- Up-to-date symlink: /home/student/Desktop/workspace/install/ouster_sensor_msgs/include/ouster_sensor_msgs/ouster_sensor_msgs/srv/detail/set_config__builder.hpp
[5.199s] -- Up-to-date symlink: /home/student/Desktop/workspace/install/ouster_sensor_msgs/include/ouster_sensor_msgs/ouster_sensor_msgs/srv/detail/set_config__struct.hpp
[5.199s] -- Up-to-date symlink: /home/student/Desktop/workspace/install/ouster_sensor_msgs/include/ouster_sensor_msgs/ouster_sensor_msgs/srv/detail/set_config__traits.hpp
[5.199s] -- Up-to-date symlink: /home/student/Desktop/workspace/install/ouster_sensor_msgs/include/ouster_sensor_msgs/ouster_sensor_msgs/srv/get_config.hpp
[5.199s] -- Up-to-date symlink: /home/student/Desktop/workspace/install/ouster_sensor_msgs/include/ouster_sensor_msgs/ouster_sensor_msgs/srv/get_metadata.hpp
[5.199s] -- Up-to-date symlink: /home/student/Desktop/workspace/install/ouster_sensor_msgs/include/ouster_sensor_msgs/ouster_sensor_msgs/srv/set_config.hpp
[5.200s] -- Up-to-date symlink: /home/student/Desktop/workspace/install/ouster_sensor_msgs/include/ouster_sensor_msgs/ouster_sensor_msgs/msg/detail/packet_msg__rosidl_typesupport_fastrtps_cpp.hpp
[5.201s] -- Up-to-date symlink: /home/student/Desktop/workspace/install/ouster_sensor_msgs/include/ouster_sensor_msgs/ouster_sensor_msgs/msg/rosidl_typesupport_fastrtps_cpp__visibility_control.h
[5.201s] -- Up-to-date symlink: /home/student/Desktop/workspace/install/ouster_sensor_msgs/include/ouster_sensor_msgs/ouster_sensor_msgs/srv/detail/get_config__rosidl_typesupport_fastrtps_cpp.hpp
[5.201s] -- Up-to-date symlink: /home/student/Desktop/workspace/install/ouster_sensor_msgs/include/ouster_sensor_msgs/ouster_sensor_msgs/srv/detail/get_metadata__rosidl_typesupport_fastrtps_cpp.hpp
[5.201s] -- Up-to-date symlink: /home/student/Desktop/workspace/install/ouster_sensor_msgs/include/ouster_sensor_msgs/ouster_sensor_msgs/srv/detail/set_config__rosidl_typesupport_fastrtps_cpp.hpp
[5.219s] -- Up-to-date symlink: /home/student/Desktop/workspace/install/ouster_sensor_msgs/include/ouster_sensor_msgs/ouster_sensor_msgs/msg/detail/packet_msg__rosidl_typesupport_introspection_c.h
[5.219s] -- Up-to-date symlink: /home/student/Desktop/workspace/install/ouster_sensor_msgs/include/ouster_sensor_msgs/ouster_sensor_msgs/msg/rosidl_typesupport_introspection_c__visibility_control.h
[5.219s] -- Up-to-date symlink: /home/student/Desktop/workspace/install/ouster_sensor_msgs/include/ouster_sensor_msgs/ouster_sensor_msgs/srv/detail/get_config__rosidl_typesupport_introspection_c.h
[5.219s] -- Up-to-date symlink: /home/student/Desktop/workspace/install/ouster_sensor_msgs/include/ouster_sensor_msgs/ouster_sensor_msgs/srv/detail/get_metadata__rosidl_typesupport_introspection_c.h
[5.220s] -- Up-to-date symlink: /home/student/Desktop/workspace/install/ouster_sensor_msgs/include/ouster_sensor_msgs/ouster_sensor_msgs/srv/detail/set_config__rosidl_typesupport_introspection_c.h
[5.220s] -- Up-to-date symlink: /home/student/Desktop/workspace/install/ouster_sensor_msgs/include/ouster_sensor_msgs/ouster_sensor_msgs/msg/detail/packet_msg__rosidl_typesupport_introspection_cpp.hpp
[5.220s] -- Up-to-date symlink: /home/student/Desktop/workspace/install/ouster_sensor_msgs/include/ouster_sensor_msgs/ouster_sensor_msgs/srv/detail/get_config__rosidl_typesupport_introspection_cpp.hpp
[5.220s] -- Up-to-date symlink: /home/student/Desktop/workspace/install/ouster_sensor_msgs/include/ouster_sensor_msgs/ouster_sensor_msgs/srv/detail/get_metadata__rosidl_typesupport_introspection_cpp.hpp
[5.220s] -- Up-to-date symlink: /home/student/Desktop/workspace/install/ouster_sensor_msgs/include/ouster_sensor_msgs/ouster_sensor_msgs/srv/detail/set_config__rosidl_typesupport_introspection_cpp.hpp
[5.221s] -- Up-to-date symlink: /home/student/Desktop/workspace/install/ouster_sensor_msgs/share/ouster_sensor_msgs/environment/pythonpath.sh
[5.222s] -- Up-to-date symlink: /home/student/Desktop/workspace/install/ouster_sensor_msgs/share/ouster_sensor_msgs/environment/pythonpath.dsv
[5.223s] -- Up-to-date symlink: /home/student/Desktop/workspace/install/ouster_sensor_msgs/local/lib/python3.10/dist-packages/ouster_sensor_msgs-0.12.2-py3.10.egg-info/PKG-INFO
[5.223s] -- Up-to-date symlink: /home/student/Desktop/workspace/install/ouster_sensor_msgs/local/lib/python3.10/dist-packages/ouster_sensor_msgs-0.12.2-py3.10.egg-info/SOURCES.txt
[5.224s] -- Up-to-date symlink: /home/student/Desktop/workspace/install/ouster_sensor_msgs/local/lib/python3.10/dist-packages/ouster_sensor_msgs-0.12.2-py3.10.egg-info/dependency_links.txt
[5.224s] -- Up-to-date symlink: /home/student/Desktop/workspace/install/ouster_sensor_msgs/local/lib/python3.10/dist-packages/ouster_sensor_msgs-0.12.2-py3.10.egg-info/top_level.txt
[5.234s] -- Up-to-date symlink: /home/student/Desktop/workspace/install/ouster_sensor_msgs/local/lib/python3.10/dist-packages/ouster_sensor_msgs/__init__.py
[5.234s] -- Up-to-date symlink: /home/student/Desktop/workspace/install/ouster_sensor_msgs/local/lib/python3.10/dist-packages/ouster_sensor_msgs/_ouster_sensor_msgs_s.ep.rosidl_typesupport_c.c
[5.234s] -- Up-to-date symlink: /home/student/Desktop/workspace/install/ouster_sensor_msgs/local/lib/python3.10/dist-packages/ouster_sensor_msgs/_ouster_sensor_msgs_s.ep.rosidl_typesupport_fastrtps_c.c
[5.235s] -- Up-to-date symlink: /home/student/Desktop/workspace/install/ouster_sensor_msgs/local/lib/python3.10/dist-packages/ouster_sensor_msgs/_ouster_sensor_msgs_s.ep.rosidl_typesupport_introspection_c.c
[5.235s] -- Up-to-date symlink: /home/student/Desktop/workspace/install/ouster_sensor_msgs/local/lib/python3.10/dist-packages/ouster_sensor_msgs/libouster_sensor_msgs__rosidl_generator_py.so
[5.235s] -- Up-to-date symlink: /home/student/Desktop/workspace/install/ouster_sensor_msgs/local/lib/python3.10/dist-packages/ouster_sensor_msgs/msg/__init__.py
[5.235s] -- Up-to-date symlink: /home/student/Desktop/workspace/install/ouster_sensor_msgs/local/lib/python3.10/dist-packages/ouster_sensor_msgs/msg/_packet_msg.py
[5.235s] -- Up-to-date symlink: /home/student/Desktop/workspace/install/ouster_sensor_msgs/local/lib/python3.10/dist-packages/ouster_sensor_msgs/msg/_packet_msg_s.c
[5.236s] -- Up-to-date symlink: /home/student/Desktop/workspace/install/ouster_sensor_msgs/local/lib/python3.10/dist-packages/ouster_sensor_msgs/ouster_sensor_msgs_s__rosidl_typesupport_c.cpython-310-x86_64-linux-gnu.so
[5.237s] -- Up-to-date symlink: /home/student/Desktop/workspace/install/ouster_sensor_msgs/local/lib/python3.10/dist-packages/ouster_sensor_msgs/ouster_sensor_msgs_s__rosidl_typesupport_fastrtps_c.cpython-310-x86_64-linux-gnu.so
[5.237s] -- Up-to-date symlink: /home/student/Desktop/workspace/install/ouster_sensor_msgs/local/lib/python3.10/dist-packages/ouster_sensor_msgs/ouster_sensor_msgs_s__rosidl_typesupport_introspection_c.cpython-310-x86_64-linux-gnu.so
[5.237s] -- Up-to-date symlink: /home/student/Desktop/workspace/install/ouster_sensor_msgs/local/lib/python3.10/dist-packages/ouster_sensor_msgs/srv/__init__.py
[5.237s] -- Up-to-date symlink: /home/student/Desktop/workspace/install/ouster_sensor_msgs/local/lib/python3.10/dist-packages/ouster_sensor_msgs/srv/_get_config.py
[5.237s] -- Up-to-date symlink: /home/student/Desktop/workspace/install/ouster_sensor_msgs/local/lib/python3.10/dist-packages/ouster_sensor_msgs/srv/_get_config_s.c
[5.238s] -- Up-to-date symlink: /home/student/Desktop/workspace/install/ouster_sensor_msgs/local/lib/python3.10/dist-packages/ouster_sensor_msgs/srv/_get_metadata.py
[5.238s] -- Up-to-date symlink: /home/student/Desktop/workspace/install/ouster_sensor_msgs/local/lib/python3.10/dist-packages/ouster_sensor_msgs/srv/_get_metadata_s.c
[5.238s] -- Up-to-date symlink: /home/student/Desktop/workspace/install/ouster_sensor_msgs/local/lib/python3.10/dist-packages/ouster_sensor_msgs/srv/_set_config.py
[5.238s] -- Up-to-date symlink: /home/student/Desktop/workspace/install/ouster_sensor_msgs/local/lib/python3.10/dist-packages/ouster_sensor_msgs/srv/_set_config_s.c
[5.239s] -- Up-to-date symlink: /home/student/Desktop/workspace/install/ouster_sensor_msgs/local/lib/python3.10/dist-packages/ouster_sensor_msgs/ouster_sensor_msgs_s__rosidl_typesupport_fastrtps_c.cpython-310-x86_64-linux-gnu.so
[5.239s] -- Up-to-date symlink: /home/student/Desktop/workspace/install/ouster_sensor_msgs/local/lib/python3.10/dist-packages/ouster_sensor_msgs/ouster_sensor_msgs_s__rosidl_typesupport_introspection_c.cpython-310-x86_64-linux-gnu.so
[5.239s] -- Up-to-date symlink: /home/student/Desktop/workspace/install/ouster_sensor_msgs/local/lib/python3.10/dist-packages/ouster_sensor_msgs/ouster_sensor_msgs_s__rosidl_typesupport_c.cpython-310-x86_64-linux-gnu.so
[5.239s] -- Up-to-date symlink: /home/student/Desktop/workspace/install/ouster_sensor_msgs/share/ouster_sensor_msgs/msg/PacketMsg.idl
[5.240s] -- Up-to-date symlink: /home/student/Desktop/workspace/install/ouster_sensor_msgs/share/ouster_sensor_msgs/srv/GetConfig.idl
[5.240s] -- Up-to-date symlink: /home/student/Desktop/workspace/install/ouster_sensor_msgs/share/ouster_sensor_msgs/srv/SetConfig.idl
[5.240s] -- Up-to-date symlink: /home/student/Desktop/workspace/install/ouster_sensor_msgs/share/ouster_sensor_msgs/srv/GetMetadata.idl
[5.240s] -- Up-to-date symlink: /home/student/Desktop/workspace/install/ouster_sensor_msgs/share/ouster_sensor_msgs/msg/PacketMsg.msg
[5.240s] -- Up-to-date symlink: /home/student/Desktop/workspace/install/ouster_sensor_msgs/share/ouster_sensor_msgs/srv/GetConfig.srv
[5.241s] -- Up-to-date symlink: /home/student/Desktop/workspace/install/ouster_sensor_msgs/share/ouster_sensor_msgs/srv/GetConfig_Request.msg
[5.241s] -- Up-to-date symlink: /home/student/Desktop/workspace/install/ouster_sensor_msgs/share/ouster_sensor_msgs/srv/GetConfig_Response.msg
[5.241s] -- Up-to-date symlink: /home/student/Desktop/workspace/install/ouster_sensor_msgs/share/ouster_sensor_msgs/srv/SetConfig.srv
[5.245s] -- Up-to-date symlink: /home/student/Desktop/workspace/install/ouster_sensor_msgs/share/ouster_sensor_msgs/srv/SetConfig_Request.msg
[5.246s] -- Up-to-date symlink: /home/student/Desktop/workspace/install/ouster_sensor_msgs/share/ouster_sensor_msgs/srv/SetConfig_Response.msg
[5.246s] -- Up-to-date symlink: /home/student/Desktop/workspace/install/ouster_sensor_msgs/share/ouster_sensor_msgs/srv/GetMetadata.srv
[5.246s] -- Up-to-date symlink: /home/student/Desktop/workspace/install/ouster_sensor_msgs/share/ouster_sensor_msgs/srv/GetMetadata_Request.msg
[5.246s] -- Up-to-date symlink: /home/student/Desktop/workspace/install/ouster_sensor_msgs/share/ouster_sensor_msgs/srv/GetMetadata_Response.msg
[5.247s] -- Up-to-date symlink: /home/student/Desktop/workspace/install/ouster_sensor_msgs/share/ament_index/resource_index/package_run_dependencies/ouster_sensor_msgs
[5.247s] -- Up-to-date symlink: /home/student/Desktop/workspace/install/ouster_sensor_msgs/share/ament_index/resource_index/parent_prefix_path/ouster_sensor_msgs
[5.248s] -- Up-to-date symlink: /home/student/Desktop/workspace/install/ouster_sensor_msgs/share/ouster_sensor_msgs/environment/ament_prefix_path.sh
[5.248s] -- Up-to-date symlink: /home/student/Desktop/workspace/install/ouster_sensor_msgs/share/ouster_sensor_msgs/environment/ament_prefix_path.dsv
[5.248s] -- Up-to-date symlink: /home/student/Desktop/workspace/install/ouster_sensor_msgs/share/ouster_sensor_msgs/environment/path.sh
[5.249s] -- Up-to-date symlink: /home/student/Desktop/workspace/install/ouster_sensor_msgs/share/ouster_sensor_msgs/environment/path.dsv
[5.249s] -- Up-to-date symlink: /home/student/Desktop/workspace/install/ouster_sensor_msgs/share/ouster_sensor_msgs/local_setup.bash
[5.249s] -- Up-to-date symlink: /home/student/Desktop/workspace/install/ouster_sensor_msgs/share/ouster_sensor_msgs/local_setup.sh
[5.249s] -- Up-to-date symlink: /home/student/Desktop/workspace/install/ouster_sensor_msgs/share/ouster_sensor_msgs/local_setup.zsh
[5.249s] -- Up-to-date symlink: /home/student/Desktop/workspace/install/ouster_sensor_msgs/share/ouster_sensor_msgs/local_setup.dsv
[5.250s] -- Symlinking: /home/student/Desktop/workspace/install/ouster_sensor_msgs/share/ouster_sensor_msgs/package.dsv
[5.266s] -- Up-to-date symlink: /home/student/Desktop/workspace/install/ouster_sensor_msgs/share/ament_index/resource_index/packages/ouster_sensor_msgs
[5.267s] -- Up-to-date symlink: /home/student/Desktop/workspace/install/ouster_sensor_msgs/share/ouster_sensor_msgs/cmake/rosidl_cmake-extras.cmake
[5.267s] -- Up-to-date symlink: /home/student/Desktop/workspace/install/ouster_sensor_msgs/share/ouster_sensor_msgs/cmake/ament_cmake_export_dependencies-extras.cmake
[5.267s] -- Up-to-date symlink: /home/student/Desktop/workspace/install/ouster_sensor_msgs/share/ouster_sensor_msgs/cmake/ament_cmake_export_include_directories-extras.cmake
[5.267s] -- Up-to-date symlink: /home/student/Desktop/workspace/install/ouster_sensor_msgs/share/ouster_sensor_msgs/cmake/ament_cmake_export_libraries-extras.cmake
[5.268s] -- Up-to-date symlink: /home/student/Desktop/workspace/install/ouster_sensor_msgs/share/ouster_sensor_msgs/cmake/ament_cmake_export_targets-extras.cmake
[5.268s] -- Up-to-date symlink: /home/student/Desktop/workspace/install/ouster_sensor_msgs/share/ouster_sensor_msgs/cmake/rosidl_cmake_export_typesupport_targets-extras.cmake
[5.268s] -- Up-to-date symlink: /home/student/Desktop/workspace/install/ouster_sensor_msgs/share/ouster_sensor_msgs/cmake/rosidl_cmake_export_typesupport_libraries-extras.cmake
[5.268s] -- Up-to-date symlink: /home/student/Desktop/workspace/install/ouster_sensor_msgs/share/ouster_sensor_msgs/cmake/ouster_sensor_msgsConfig.cmake
[5.269s] -- Up-to-date symlink: /home/student/Desktop/workspace/install/ouster_sensor_msgs/share/ouster_sensor_msgs/cmake/ouster_sensor_msgsConfig-version.cmake
[5.269s] -- Up-to-date symlink: /home/student/Desktop/workspace/install/ouster_sensor_msgs/share/ouster_sensor_msgs/package.xml
[5.269s] -- Installing: /home/student/Desktop/workspace/install/ouster_sensor_msgs/lib/libouster_sensor_msgs__rosidl_generator_c.so
[5.270s] -- Set runtime path of "/home/student/Desktop/workspace/install/ouster_sensor_msgs/lib/libouster_sensor_msgs__rosidl_generator_c.so" to ""
[5.270s] -- Installing: /home/student/Desktop/workspace/install/ouster_sensor_msgs/lib/libouster_sensor_msgs__rosidl_typesupport_fastrtps_c.so
[5.271s] -- Set runtime path of "/home/student/Desktop/workspace/install/ouster_sensor_msgs/lib/libouster_sensor_msgs__rosidl_typesupport_fastrtps_c.so" to ""
[5.271s] -- Installing: /home/student/Desktop/workspace/install/ouster_sensor_msgs/lib/libouster_sensor_msgs__rosidl_typesupport_fastrtps_cpp.so
[5.272s] -- Set runtime path of "/home/student/Desktop/workspace/install/ouster_sensor_msgs/lib/libouster_sensor_msgs__rosidl_typesupport_fastrtps_cpp.so" to ""
[5.272s] -- Installing: /home/student/Desktop/workspace/install/ouster_sensor_msgs/lib/libouster_sensor_msgs__rosidl_typesupport_introspection_c.so
[5.272s] -- Set runtime path of "/home/student/Desktop/workspace/install/ouster_sensor_msgs/lib/libouster_sensor_msgs__rosidl_typesupport_introspection_c.so" to ""
[5.272s] -- Installing: /home/student/Desktop/workspace/install/ouster_sensor_msgs/lib/libouster_sensor_msgs__rosidl_typesupport_c.so
[5.273s] -- Set runtime path of "/home/student/Desktop/workspace/install/ouster_sensor_msgs/lib/libouster_sensor_msgs__rosidl_typesupport_c.so" to ""
[5.273s] -- Installing: /home/student/Desktop/workspace/install/ouster_sensor_msgs/lib/libouster_sensor_msgs__rosidl_typesupport_introspection_cpp.so
[5.274s] -- Set runtime path of "/home/student/Desktop/workspace/install/ouster_sensor_msgs/lib/libouster_sensor_msgs__rosidl_typesupport_introspection_cpp.so" to ""
[5.274s] -- Installing: /home/student/Desktop/workspace/install/ouster_sensor_msgs/lib/libouster_sensor_msgs__rosidl_typesupport_cpp.so
[5.274s] -- Set runtime path of "/home/student/Desktop/workspace/install/ouster_sensor_msgs/lib/libouster_sensor_msgs__rosidl_typesupport_cpp.so" to ""
[5.444s] Listing '/home/student/Desktop/workspace/install/ouster_sensor_msgs/local/lib/python3.10/dist-packages/ouster_sensor_msgs'...
[5.444s] Compiling '/home/student/Desktop/workspace/install/ouster_sensor_msgs/local/lib/python3.10/dist-packages/ouster_sensor_msgs/__init__.py'...
[5.444s] Listing '/home/student/Desktop/workspace/install/ouster_sensor_msgs/local/lib/python3.10/dist-packages/ouster_sensor_msgs/msg'...
[5.444s] Compiling '/home/student/Desktop/workspace/install/ouster_sensor_msgs/local/lib/python3.10/dist-packages/ouster_sensor_msgs/msg/__init__.py'...
[5.444s] Compiling '/home/student/Desktop/workspace/install/ouster_sensor_msgs/local/lib/python3.10/dist-packages/ouster_sensor_msgs/msg/_packet_msg.py'...
[5.444s] Listing '/home/student/Desktop/workspace/install/ouster_sensor_msgs/local/lib/python3.10/dist-packages/ouster_sensor_msgs/srv'...
[5.444s] Compiling '/home/student/Desktop/workspace/install/ouster_sensor_msgs/local/lib/python3.10/dist-packages/ouster_sensor_msgs/srv/__init__.py'...
[5.445s] Compiling '/home/student/Desktop/workspace/install/ouster_sensor_msgs/local/lib/python3.10/dist-packages/ouster_sensor_msgs/srv/_get_config.py'...
[5.445s] Compiling '/home/student/Desktop/workspace/install/ouster_sensor_msgs/local/lib/python3.10/dist-packages/ouster_sensor_msgs/srv/_get_metadata.py'...
[5.445s] Compiling '/home/student/Desktop/workspace/install/ouster_sensor_msgs/local/lib/python3.10/dist-packages/ouster_sensor_msgs/srv/_set_config.py'...
[5.451s] -- Installing: /home/student/Desktop/workspace/install/ouster_sensor_msgs/lib/libouster_sensor_msgs__rosidl_generator_py.so
[5.452s] -- Set runtime path of "/home/student/Desktop/workspace/install/ouster_sensor_msgs/lib/libouster_sensor_msgs__rosidl_generator_py.so" to ""
[5.453s] -- Up-to-date: /home/student/Desktop/workspace/install/ouster_sensor_msgs/share/ouster_sensor_msgs/cmake/export_ouster_sensor_msgs__rosidl_generator_cExport.cmake
[5.453s] -- Up-to-date: /home/student/Desktop/workspace/install/ouster_sensor_msgs/share/ouster_sensor_msgs/cmake/export_ouster_sensor_msgs__rosidl_generator_cExport-noconfig.cmake
[5.453s] -- Up-to-date: /home/student/Desktop/workspace/install/ouster_sensor_msgs/share/ouster_sensor_msgs/cmake/export_ouster_sensor_msgs__rosidl_typesupport_fastrtps_cExport.cmake
[5.453s] -- Up-to-date: /home/student/Desktop/workspace/install/ouster_sensor_msgs/share/ouster_sensor_msgs/cmake/export_ouster_sensor_msgs__rosidl_typesupport_fastrtps_cExport-noconfig.cmake
[5.454s] -- Up-to-date: /home/student/Desktop/workspace/install/ouster_sensor_msgs/share/ouster_sensor_msgs/cmake/export_ouster_sensor_msgs__rosidl_generator_cppExport.cmake
[5.454s] -- Up-to-date: /home/student/Desktop/workspace/install/ouster_sensor_msgs/share/ouster_sensor_msgs/cmake/export_ouster_sensor_msgs__rosidl_typesupport_fastrtps_cppExport.cmake
[5.454s] -- Up-to-date: /home/student/Desktop/workspace/install/ouster_sensor_msgs/share/ouster_sensor_msgs/cmake/export_ouster_sensor_msgs__rosidl_typesupport_fastrtps_cppExport-noconfig.cmake
[5.455s] -- Up-to-date: /home/student/Desktop/workspace/install/ouster_sensor_msgs/share/ouster_sensor_msgs/cmake/ouster_sensor_msgs__rosidl_typesupport_introspection_cExport.cmake
[5.455s] -- Up-to-date: /home/student/Desktop/workspace/install/ouster_sensor_msgs/share/ouster_sensor_msgs/cmake/ouster_sensor_msgs__rosidl_typesupport_introspection_cExport-noconfig.cmake
[5.455s] -- Up-to-date: /home/student/Desktop/workspace/install/ouster_sensor_msgs/share/ouster_sensor_msgs/cmake/ouster_sensor_msgs__rosidl_typesupport_cExport.cmake
[5.456s] -- Up-to-date: /home/student/Desktop/workspace/install/ouster_sensor_msgs/share/ouster_sensor_msgs/cmake/ouster_sensor_msgs__rosidl_typesupport_cExport-noconfig.cmake
[5.456s] -- Up-to-date: /home/student/Desktop/workspace/install/ouster_sensor_msgs/share/ouster_sensor_msgs/cmake/ouster_sensor_msgs__rosidl_typesupport_introspection_cppExport.cmake
[5.456s] -- Up-to-date: /home/student/Desktop/workspace/install/ouster_sensor_msgs/share/ouster_sensor_msgs/cmake/ouster_sensor_msgs__rosidl_typesupport_introspection_cppExport-noconfig.cmake
[5.457s] -- Up-to-date: /home/student/Desktop/workspace/install/ouster_sensor_msgs/share/ouster_sensor_msgs/cmake/ouster_sensor_msgs__rosidl_typesupport_cppExport.cmake
[5.457s] -- Up-to-date: /home/student/Desktop/workspace/install/ouster_sensor_msgs/share/ouster_sensor_msgs/cmake/ouster_sensor_msgs__rosidl_typesupport_cppExport-noconfig.cmake
[5.457s] -- Up-to-date: /home/student/Desktop/workspace/install/ouster_sensor_msgs/share/ouster_sensor_msgs/cmake/export_ouster_sensor_msgs__rosidl_generator_pyExport.cmake
[5.458s] -- Up-to-date: /home/student/Desktop/workspace/install/ouster_sensor_msgs/share/ouster_sensor_msgs/cmake/export_ouster_sensor_msgs__rosidl_generator_pyExport-noconfig.cmake
[5.466s] Invoked command in '/home/student/Desktop/workspace/build/ouster_sensor_msgs' returned '0': CMAKE_PREFIX_PATH=${CMAKE_PREFIX_PATH}:/home/student/Desktop/workspace/install/yolo_tracking:/home/student/Desktop/workspace/install/sensor_presentation:/home/student/Desktop/workspace/install/position_estimation:/opt/ros/humble /home/student/.local/bin/cmake --install /home/student/Desktop/workspace/build/ouster_sensor_msgs
