[0.010s] Invoking command in '/home/student/Desktop/workspace/build/zed_components': AMENT_PREFIX_PATH=/home/student/Desktop/workspace/install/zed_interfaces:${AMENT_PREFIX_PATH} CMAKE_PREFIX_PATH=/home/student/Desktop/workspace/install/zed_interfaces:/home/student/Desktop/workspace/install/ouster_ros:/home/student/Desktop/workspace/install/ouster_sensor_msgs:/usr/local/labor_robotik/ros2/xarm_planner:/usr/local/labor_robotik/ros2/xarm_moveit_servo:/usr/local/labor_robotik/ros2/lri_xarm_integration:/usr/local/labor_robotik/ros2/xarm_moveit_config:/usr/local/labor_robotik/ros2/xarm_gazebo:/usr/local/labor_robotik/ros2/xarm_controller:/usr/local/labor_robotik/ros2/xarm_api:/usr/local/labor_robotik/ros2/xarm_sdk:/usr/local/labor_robotik/ros2/xarm_msgs:/usr/local/labor_robotik/ros2/xarm_description:/usr/local/labor_robotik/ros2/weiss_gripper:/usr/local/labor_robotik/ros2/weiss_gripper_interfaces:/usr/local/labor_robotik/ros2/sicktoolbox_wrapper:/usr/local/labor_robotik/ros2/sicktoolbox:/usr/local/labor_robotik/ros2/realsense_gazebo_plugin:/usr/local/labor_robotik/ros2/p2os_witness:/usr/local/labor_robotik/ros2/p2os_launch:/usr/local/labor_robotik/ros2/p2os_urdf:/usr/local/labor_robotik/ros2/p2os_device_plugins:/usr/local/labor_robotik/ros2/p2os_driver:/usr/local/labor_robotik/ros2/lri_webots_interface:/usr/local/labor_robotik/ros2/p2os_msgs:/usr/local/labor_robotik/ros2/lr_utility_lib:/opt/ros/humble LD_LIBRARY_PATH=/home/student/Desktop/workspace/install/zed_interfaces/lib:/home/student/Desktop/workspace/install/ouster_ros/lib:/home/student/Desktop/workspace/install/ouster_sensor_msgs/lib:/usr/local/labor_robotik/ros2/xarm_planner/lib:/usr/local/labor_robotik/ros2/xarm_moveit_servo/lib:/usr/local/labor_robotik/ros2/xarm_gazebo/lib:/usr/local/labor_robotik/ros2/xarm_controller/lib:/usr/local/labor_robotik/ros2/xarm_api/lib:/usr/local/labor_robotik/ros2/xarm_sdk/lib:/usr/local/labor_robotik/ros2/xarm_msgs/lib:/usr/local/labor_robotik/ros2/weiss_gripper/lib:/usr/local/labor_robotik/ros2/weiss_gripper_interfaces/lib:/usr/local/labor_robotik/ros2/sicktoolbox/lib:/usr/local/labor_robotik/ros2/realsense_gazebo_plugin/lib:/usr/local/labor_robotik/ros2/p2os_device_plugins/lib:/usr/local/labor_robotik/ros2/p2os_driver/lib:/usr/local/labor_robotik/ros2/lri_webots_interface/lib:/usr/local/labor_robotik/ros2/p2os_msgs/lib:/usr/local/labor_robotik/ros2/lr_utility_lib/lib:/usr/lib/x86_64-linux-gnu/gazebo-11/plugins:/opt/ros/humble/opt/rviz_ogre_vendor/lib:/opt/ros/humble/lib/x86_64-linux-gnu:/opt/ros/humble/lib:/usr/share/gazebo/../../lib/x86_64-linux-gnu/gazebo-11/plugins:/usr/local/lib/:/usr/lib/x86_64-linux-gnu/:/usr/share/gazebo/../../lib/x86_64-linux-gnu/gazebo-11/plugins:/usr/share/gazebo/../../lib/x86_64-linux-gnu/gazebo-11/plugins:/usr/local/lib/:/usr/lib/x86_64-linux-gnu/ PYTHONPATH=/home/student/Desktop/workspace/install/zed_interfaces/local/lib/python3.10/dist-packages:${PYTHONPATH} /home/student/.local/bin/cmake /home/student/Desktop/workspace/src/zed-ros2-wrapper/zed_components -DAMENT_CMAKE_SYMLINK_INSTALL=1 -DCMAKE_INSTALL_PREFIX=/home/student/Desktop/workspace/install/zed_components
[0.067s] -- The C compiler identification is GNU 11.4.0
[0.108s] -- The CXX compiler identification is GNU 11.4.0
[0.115s] -- Detecting C compiler ABI info
[0.157s] -- Detecting C compiler ABI info - done
[0.167s] -- Check for working C compiler: /usr/bin/cc - skipped
[0.167s] -- Detecting C compile features
[0.168s] -- Detecting C compile features - done
[0.171s] -- Detecting CXX compiler ABI info
[0.223s] -- Detecting CXX compiler ABI info - done
[0.235s] -- Check for working CXX compiler: /usr/bin/c++ - skipped
[0.235s] -- Detecting CXX compile features
[0.235s] -- Detecting CXX compile features - done
[0.242s] -- Looking for sgemm_
[0.285s] -- Looking for sgemm_ - not found
[0.287s] -- Performing Test CMAKE_HAVE_LIBC_PTHREAD
[0.333s] -- Performing Test CMAKE_HAVE_LIBC_PTHREAD - Success
[0.334s] -- Found Threads: TRUE  
[0.389s] -- Looking for sgemm_
[0.453s] -- Looking for sgemm_ - found
[0.454s] -- Found BLAS: /usr/lib/x86_64-linux-gnu/libopenblas.so  
[0.481s] -- Found CUDA: /usr/local/cuda (found suitable version "12.3", minimum required is "12") 
[0.658s] -- Found CUDA: /usr/local/cuda (found version "12.3") 
[0.662s] -- Found ament_cmake_auto: 1.3.10 (/opt/ros/humble/share/ament_cmake_auto/cmake)
[0.785s] -- Found Python3: /usr/bin/python3 (found version "3.10.12") found components: Interpreter 
[0.835s] -- Override CMake install command with custom implementation using symlinks instead of copying resources
[0.978s] -- Found rosidl_generator_c: 3.1.5 (/opt/ros/humble/share/rosidl_generator_c/cmake)
[0.986s] -- Found rosidl_adapter: 3.1.5 (/opt/ros/humble/share/rosidl_adapter/cmake)
[1.000s] -- Found rosidl_generator_cpp: 3.1.5 (/opt/ros/humble/share/rosidl_generator_cpp/cmake)
[1.018s] -- Using all available rosidl_typesupport_c: rosidl_typesupport_fastrtps_c;rosidl_typesupport_introspection_c
[1.043s] -- Using all available rosidl_typesupport_cpp: rosidl_typesupport_fastrtps_cpp;rosidl_typesupport_introspection_cpp
[1.200s] -- Found rmw_implementation_cmake: 6.1.2 (/opt/ros/humble/share/rmw_implementation_cmake/cmake)
[1.205s] -- Found rmw_fastrtps_cpp: 6.2.7 (/opt/ros/humble/share/rmw_fastrtps_cpp/cmake)
[1.292s] -- Found OpenSSL: /usr/lib/x86_64-linux-gnu/libcrypto.so (found version "3.0.2")  
[1.319s] -- Found FastRTPS: /opt/ros/humble/include  
[1.363s] -- Using RMW implementation 'rmw_fastrtps_cpp' as default
[1.723s] -- Found eigen3_cmake_module: 0.1.1 (/opt/ros/humble/share/eigen3_cmake_module/cmake)
[1.725s] -- Found Eigen3: TRUE (found version "3.4.0") 
[1.725s] -- Ensuring Eigen3 include directory is part of orocos-kdl CMake target
[1.896s] [31mCMake Error at CMakeLists.txt:142 (find_package):
[1.896s]   By not providing "Findpoint_cloud_transport.cmake" in CMAKE_MODULE_PATH
[1.896s]   this project has asked CMake to find a package configuration file provided
[1.896s]   by "point_cloud_transport", but CMake did not find one.
[1.896s] 
[1.896s]   Could not find a package configuration file provided by
[1.896s]   "point_cloud_transport" with any of the following names:
[1.896s] 
[1.896s]     point_cloud_transportConfig.cmake
[1.896s]     point_cloud_transport-config.cmake
[1.896s] 
[1.896s]   Add the installation prefix of "point_cloud_transport" to CMAKE_PREFIX_PATH
[1.896s]   or set "point_cloud_transport_DIR" to a directory containing one of the
[1.896s]   above files.  If "point_cloud_transport" provides a separate development
[1.896s]   package or SDK, be sure it has been installed.
[1.896s] 
[1.896s] [0m
[1.896s] -- Configuring incomplete, errors occurred!
[1.907s] Invoked command in '/home/student/Desktop/workspace/build/zed_components' returned '1': AMENT_PREFIX_PATH=/home/student/Desktop/workspace/install/zed_interfaces:${AMENT_PREFIX_PATH} CMAKE_PREFIX_PATH=/home/student/Desktop/workspace/install/zed_interfaces:/home/student/Desktop/workspace/install/ouster_ros:/home/student/Desktop/workspace/install/ouster_sensor_msgs:/usr/local/labor_robotik/ros2/xarm_planner:/usr/local/labor_robotik/ros2/xarm_moveit_servo:/usr/local/labor_robotik/ros2/lri_xarm_integration:/usr/local/labor_robotik/ros2/xarm_moveit_config:/usr/local/labor_robotik/ros2/xarm_gazebo:/usr/local/labor_robotik/ros2/xarm_controller:/usr/local/labor_robotik/ros2/xarm_api:/usr/local/labor_robotik/ros2/xarm_sdk:/usr/local/labor_robotik/ros2/xarm_msgs:/usr/local/labor_robotik/ros2/xarm_description:/usr/local/labor_robotik/ros2/weiss_gripper:/usr/local/labor_robotik/ros2/weiss_gripper_interfaces:/usr/local/labor_robotik/ros2/sicktoolbox_wrapper:/usr/local/labor_robotik/ros2/sicktoolbox:/usr/local/labor_robotik/ros2/realsense_gazebo_plugin:/usr/local/labor_robotik/ros2/p2os_witness:/usr/local/labor_robotik/ros2/p2os_launch:/usr/local/labor_robotik/ros2/p2os_urdf:/usr/local/labor_robotik/ros2/p2os_device_plugins:/usr/local/labor_robotik/ros2/p2os_driver:/usr/local/labor_robotik/ros2/lri_webots_interface:/usr/local/labor_robotik/ros2/p2os_msgs:/usr/local/labor_robotik/ros2/lr_utility_lib:/opt/ros/humble LD_LIBRARY_PATH=/home/student/Desktop/workspace/install/zed_interfaces/lib:/home/student/Desktop/workspace/install/ouster_ros/lib:/home/student/Desktop/workspace/install/ouster_sensor_msgs/lib:/usr/local/labor_robotik/ros2/xarm_planner/lib:/usr/local/labor_robotik/ros2/xarm_moveit_servo/lib:/usr/local/labor_robotik/ros2/xarm_gazebo/lib:/usr/local/labor_robotik/ros2/xarm_controller/lib:/usr/local/labor_robotik/ros2/xarm_api/lib:/usr/local/labor_robotik/ros2/xarm_sdk/lib:/usr/local/labor_robotik/ros2/xarm_msgs/lib:/usr/local/labor_robotik/ros2/weiss_gripper/lib:/usr/local/labor_robotik/ros2/weiss_gripper_interfaces/lib:/usr/local/labor_robotik/ros2/sicktoolbox/lib:/usr/local/labor_robotik/ros2/realsense_gazebo_plugin/lib:/usr/local/labor_robotik/ros2/p2os_device_plugins/lib:/usr/local/labor_robotik/ros2/p2os_driver/lib:/usr/local/labor_robotik/ros2/lri_webots_interface/lib:/usr/local/labor_robotik/ros2/p2os_msgs/lib:/usr/local/labor_robotik/ros2/lr_utility_lib/lib:/usr/lib/x86_64-linux-gnu/gazebo-11/plugins:/opt/ros/humble/opt/rviz_ogre_vendor/lib:/opt/ros/humble/lib/x86_64-linux-gnu:/opt/ros/humble/lib:/usr/share/gazebo/../../lib/x86_64-linux-gnu/gazebo-11/plugins:/usr/local/lib/:/usr/lib/x86_64-linux-gnu/:/usr/share/gazebo/../../lib/x86_64-linux-gnu/gazebo-11/plugins:/usr/share/gazebo/../../lib/x86_64-linux-gnu/gazebo-11/plugins:/usr/local/lib/:/usr/lib/x86_64-linux-gnu/ PYTHONPATH=/home/student/Desktop/workspace/install/zed_interfaces/local/lib/python3.10/dist-packages:${PYTHONPATH} /home/student/.local/bin/cmake /home/student/Desktop/workspace/src/zed-ros2-wrapper/zed_components -DAMENT_CMAKE_SYMLINK_INSTALL=1 -DCMAKE_INSTALL_PREFIX=/home/student/Desktop/workspace/install/zed_components
