[0.062s] Invoking command in '/home/student/Desktop/workspace/build/zed_interfaces': CMAKE_PREFIX_PATH=${CMAKE_PREFIX_PATH}:/home/student/Desktop/workspace/install/yolo_tracking:/home/student/Desktop/workspace/install/sensor_presentation:/home/student/Desktop/workspace/install/position_estimation:/home/student/Desktop/workspace/install/ouster_voxel_filter:/home/student/Desktop/workspace/install/navigation:/home/student/Desktop/workspace/install/main:/opt/ros/humble /usr/bin/cmake /home/student/Desktop/workspace/src/zed-ros2-wrapper/zed-ros2-interfaces -DCMAKE_INSTALL_PREFIX=/home/student/Desktop/workspace/install/zed_interfaces
[1.273s] -- Found ament_cmake_auto: 1.3.10 (/opt/ros/humble/share/ament_cmake_auto/cmake)
[1.274s] -- Override CMake install command with custom implementation using symlinks instead of copying resources
[1.275s] -- Found rosidl_generator_c: 3.1.5 (/opt/ros/humble/share/rosidl_generator_c/cmake)
[1.275s] -- Found rosidl_adapter: 3.1.5 (/opt/ros/humble/share/rosidl_adapter/cmake)
[1.276s] -- Found rosidl_generator_cpp: 3.1.5 (/opt/ros/humble/share/rosidl_generator_cpp/cmake)
[1.276s] -- Using all available rosidl_typesupport_c: rosidl_typesupport_fastrtps_c;rosidl_typesupport_introspection_c
[1.277s] -- Using all available rosidl_typesupport_cpp: rosidl_typesupport_fastrtps_cpp;rosidl_typesupport_introspection_cpp
[1.277s] -- Found ament_lint_auto: 0.12.11 (/opt/ros/humble/share/ament_lint_auto/cmake)
[1.278s] -- Found ament_cmake_ros: 0.10.0 (/opt/ros/humble/share/ament_cmake_ros/cmake)
[1.278s] -- Using all available rosidl_typesupport_c: rosidl_typesupport_fastrtps_c;rosidl_typesupport_introspection_c
[1.278s] -- Using all available rosidl_typesupport_cpp: rosidl_typesupport_fastrtps_cpp;rosidl_typesupport_introspection_cpp
[1.278s] -- Found python_cmake_module: 0.10.0 (/opt/ros/humble/share/python_cmake_module/cmake)
[1.278s] -- Using PYTHON_EXECUTABLE: /usr/bin/python3
[1.278s] -- Using PYTHON_INCLUDE_DIRS: /usr/include/python3.10
[1.278s] -- Using PYTHON_LIBRARIES: /usr/lib/x86_64-linux-gnu/libpython3.10.so
[1.294s] -- Added test 'copyright' to check source files copyright and LICENSE
[1.296s] -- Added test 'lint_cmake' to check CMake code style
[1.297s] -- Added test 'xmllint' to check XML markup files
[1.301s] -- Configuring done
[1.358s] -- Generating done
[1.361s] -- Build files have been written to: /home/student/Desktop/workspace/build/zed_interfaces
[1.589s] Invoked command in '/home/student/Desktop/workspace/build/zed_interfaces' returned '0': CMAKE_PREFIX_PATH=${CMAKE_PREFIX_PATH}:/home/student/Desktop/workspace/install/yolo_tracking:/home/student/Desktop/workspace/install/sensor_presentation:/home/student/Desktop/workspace/install/position_estimation:/home/student/Desktop/workspace/install/ouster_voxel_filter:/home/student/Desktop/workspace/install/navigation:/home/student/Desktop/workspace/install/main:/opt/ros/humble /usr/bin/cmake /home/student/Desktop/workspace/src/zed-ros2-wrapper/zed-ros2-interfaces -DCMAKE_INSTALL_PREFIX=/home/student/Desktop/workspace/install/zed_interfaces
[1.590s] Invoking command in '/home/student/Desktop/workspace/build/zed_interfaces': CMAKE_PREFIX_PATH=${CMAKE_PREFIX_PATH}:/home/student/Desktop/workspace/install/yolo_tracking:/home/student/Desktop/workspace/install/sensor_presentation:/home/student/Desktop/workspace/install/position_estimation:/home/student/Desktop/workspace/install/ouster_voxel_filter:/home/student/Desktop/workspace/install/navigation:/home/student/Desktop/workspace/install/main:/opt/ros/humble /usr/bin/cmake --build /home/student/Desktop/workspace/build/zed_interfaces -- -j16 -l16
[1.652s] [35m[1mConsolidate compiler generated dependencies of target zed_interfaces__rosidl_generator_c[0m
[1.666s] [  0%] Built target zed_interfaces__cpp
[1.674s] [  0%] Built target ament_cmake_python_symlink_zed_interfaces
[1.688s] [ 12%] Built target zed_interfaces__rosidl_generator_c
[1.694s] [35m[1mConsolidate compiler generated dependencies of target zed_interfaces__rosidl_typesupport_cpp[0m
[1.698s] [35m[1mConsolidate compiler generated dependencies of target zed_interfaces__rosidl_typesupport_fastrtps_cpp[0m
[1.707s] [35m[1mConsolidate compiler generated dependencies of target zed_interfaces__rosidl_typesupport_introspection_cpp[0m
[1.708s] [35m[1mConsolidate compiler generated dependencies of target zed_interfaces__rosidl_typesupport_c[0m
[1.710s] [35m[1mConsolidate compiler generated dependencies of target zed_interfaces__rosidl_typesupport_introspection_c[0m
[1.712s] [35m[1mConsolidate compiler generated dependencies of target zed_interfaces__rosidl_typesupport_fastrtps_c[0m
[1.733s] [ 35%] Built target zed_interfaces__rosidl_typesupport_c
[1.733s] [ 36%] Built target zed_interfaces__rosidl_typesupport_cpp
[1.741s] [ 48%] Built target zed_interfaces__rosidl_typesupport_introspection_c
[1.743s] [ 67%] Built target zed_interfaces__rosidl_typesupport_fastrtps_cpp
[1.744s] [ 72%] Built target zed_interfaces__rosidl_typesupport_introspection_cpp
[1.751s] [ 84%] Built target zed_interfaces__rosidl_typesupport_fastrtps_c
[1.771s] [ 84%] Built target zed_interfaces
[1.803s] [ 85%] Built target zed_interfaces__py
[1.846s] [35m[1mConsolidate compiler generated dependencies of target zed_interfaces__rosidl_generator_py[0m
[1.877s] [ 96%] Built target zed_interfaces__rosidl_generator_py
[1.891s] [35m[1mConsolidate compiler generated dependencies of target zed_interfaces__rosidl_typesupport_introspection_c__pyext[0m
[1.893s] [35m[1mConsolidate compiler generated dependencies of target zed_interfaces__rosidl_typesupport_c__pyext[0m
[1.893s] [35m[1mConsolidate compiler generated dependencies of target zed_interfaces__rosidl_typesupport_fastrtps_c__pyext[0m
[1.906s] [ 98%] Built target zed_interfaces__rosidl_typesupport_introspection_c__pyext
[1.913s] [ 99%] Built target zed_interfaces__rosidl_typesupport_c__pyext
[1.914s] [100%] Built target zed_interfaces__rosidl_typesupport_fastrtps_c__pyext
[2.197s] running egg_info
[2.198s] writing zed_interfaces.egg-info/PKG-INFO
[2.198s] writing dependency_links to zed_interfaces.egg-info/dependency_links.txt
[2.198s] writing top-level names to zed_interfaces.egg-info/top_level.txt
[2.201s] reading manifest file 'zed_interfaces.egg-info/SOURCES.txt'
[2.202s] writing manifest file 'zed_interfaces.egg-info/SOURCES.txt'
[2.239s] [100%] Built target ament_cmake_python_build_zed_interfaces_egg
[2.255s] Invoked command in '/home/student/Desktop/workspace/build/zed_interfaces' returned '0': CMAKE_PREFIX_PATH=${CMAKE_PREFIX_PATH}:/home/student/Desktop/workspace/install/yolo_tracking:/home/student/Desktop/workspace/install/sensor_presentation:/home/student/Desktop/workspace/install/position_estimation:/home/student/Desktop/workspace/install/ouster_voxel_filter:/home/student/Desktop/workspace/install/navigation:/home/student/Desktop/workspace/install/main:/opt/ros/humble /usr/bin/cmake --build /home/student/Desktop/workspace/build/zed_interfaces -- -j16 -l16
[2.895s] Invoking command in '/home/student/Desktop/workspace/build/zed_interfaces': CMAKE_PREFIX_PATH=${CMAKE_PREFIX_PATH}:/home/student/Desktop/workspace/install/yolo_tracking:/home/student/Desktop/workspace/install/sensor_presentation:/home/student/Desktop/workspace/install/position_estimation:/home/student/Desktop/workspace/install/ouster_voxel_filter:/home/student/Desktop/workspace/install/navigation:/home/student/Desktop/workspace/install/main:/opt/ros/humble /usr/bin/cmake --install /home/student/Desktop/workspace/build/zed_interfaces
[2.902s] -- Install configuration: ""
[2.903s] -- Execute custom install script
[2.903s] -- Up-to-date symlink: /home/student/Desktop/workspace/install/zed_interfaces/share/ament_index/resource_index/rosidl_interfaces/zed_interfaces
[2.904s] -- Up-to-date symlink: /home/student/Desktop/workspace/install/zed_interfaces/include/zed_interfaces/zed_interfaces/msg/bounding_box2_df.h
[2.904s] -- Up-to-date symlink: /home/student/Desktop/workspace/install/zed_interfaces/include/zed_interfaces/zed_interfaces/msg/bounding_box2_di.h
[2.904s] -- Up-to-date symlink: /home/student/Desktop/workspace/install/zed_interfaces/include/zed_interfaces/zed_interfaces/msg/bounding_box3_d.h
[2.904s] -- Up-to-date symlink: /home/student/Desktop/workspace/install/zed_interfaces/include/zed_interfaces/zed_interfaces/msg/depth_info_stamped.h
[2.905s] -- Up-to-date symlink: /home/student/Desktop/workspace/install/zed_interfaces/include/zed_interfaces/zed_interfaces/msg/detail/bounding_box2_df__functions.h
[2.905s] -- Up-to-date symlink: /home/student/Desktop/workspace/install/zed_interfaces/include/zed_interfaces/zed_interfaces/msg/detail/bounding_box2_df__struct.h
[2.905s] -- Up-to-date symlink: /home/student/Desktop/workspace/install/zed_interfaces/include/zed_interfaces/zed_interfaces/msg/detail/bounding_box2_df__type_support.h
[2.905s] -- Up-to-date symlink: /home/student/Desktop/workspace/install/zed_interfaces/include/zed_interfaces/zed_interfaces/msg/detail/bounding_box2_di__functions.h
[2.905s] -- Up-to-date symlink: /home/student/Desktop/workspace/install/zed_interfaces/include/zed_interfaces/zed_interfaces/msg/detail/bounding_box2_di__struct.h
[2.905s] -- Up-to-date symlink: /home/student/Desktop/workspace/install/zed_interfaces/include/zed_interfaces/zed_interfaces/msg/detail/bounding_box2_di__type_support.h
[2.905s] -- Up-to-date symlink: /home/student/Desktop/workspace/install/zed_interfaces/include/zed_interfaces/zed_interfaces/msg/detail/bounding_box3_d__functions.h
[2.905s] -- Up-to-date symlink: /home/student/Desktop/workspace/install/zed_interfaces/include/zed_interfaces/zed_interfaces/msg/detail/bounding_box3_d__struct.h
[2.905s] -- Up-to-date symlink: /home/student/Desktop/workspace/install/zed_interfaces/include/zed_interfaces/zed_interfaces/msg/detail/bounding_box3_d__type_support.h
[2.905s] -- Up-to-date symlink: /home/student/Desktop/workspace/install/zed_interfaces/include/zed_interfaces/zed_interfaces/msg/detail/depth_info_stamped__functions.h
[2.906s] -- Up-to-date symlink: /home/student/Desktop/workspace/install/zed_interfaces/include/zed_interfaces/zed_interfaces/msg/detail/depth_info_stamped__struct.h
[2.906s] -- Up-to-date symlink: /home/student/Desktop/workspace/install/zed_interfaces/include/zed_interfaces/zed_interfaces/msg/detail/depth_info_stamped__type_support.h
[2.906s] -- Up-to-date symlink: /home/student/Desktop/workspace/install/zed_interfaces/include/zed_interfaces/zed_interfaces/msg/detail/gnss_fusion_status__functions.h
[2.906s] -- Up-to-date symlink: /home/student/Desktop/workspace/install/zed_interfaces/include/zed_interfaces/zed_interfaces/msg/detail/gnss_fusion_status__struct.h
[2.906s] -- Up-to-date symlink: /home/student/Desktop/workspace/install/zed_interfaces/include/zed_interfaces/zed_interfaces/msg/detail/gnss_fusion_status__type_support.h
[2.906s] -- Up-to-date symlink: /home/student/Desktop/workspace/install/zed_interfaces/include/zed_interfaces/zed_interfaces/msg/detail/heartbeat__functions.h
[2.906s] -- Up-to-date symlink: /home/student/Desktop/workspace/install/zed_interfaces/include/zed_interfaces/zed_interfaces/msg/detail/heartbeat__struct.h
[2.906s] -- Up-to-date symlink: /home/student/Desktop/workspace/install/zed_interfaces/include/zed_interfaces/zed_interfaces/msg/detail/heartbeat__type_support.h
[2.907s] -- Up-to-date symlink: /home/student/Desktop/workspace/install/zed_interfaces/include/zed_interfaces/zed_interfaces/msg/detail/keypoint2_df__functions.h
[2.907s] -- Up-to-date symlink: /home/student/Desktop/workspace/install/zed_interfaces/include/zed_interfaces/zed_interfaces/msg/detail/keypoint2_df__struct.h
[2.907s] -- Up-to-date symlink: /home/student/Desktop/workspace/install/zed_interfaces/include/zed_interfaces/zed_interfaces/msg/detail/keypoint2_df__type_support.h
[2.907s] -- Up-to-date symlink: /home/student/Desktop/workspace/install/zed_interfaces/include/zed_interfaces/zed_interfaces/msg/detail/keypoint2_di__functions.h
[2.907s] -- Up-to-date symlink: /home/student/Desktop/workspace/install/zed_interfaces/include/zed_interfaces/zed_interfaces/msg/detail/keypoint2_di__struct.h
[2.907s] -- Up-to-date symlink: /home/student/Desktop/workspace/install/zed_interfaces/include/zed_interfaces/zed_interfaces/msg/detail/keypoint2_di__type_support.h
[2.907s] -- Up-to-date symlink: /home/student/Desktop/workspace/install/zed_interfaces/include/zed_interfaces/zed_interfaces/msg/detail/keypoint3_d__functions.h
[2.907s] -- Up-to-date symlink: /home/student/Desktop/workspace/install/zed_interfaces/include/zed_interfaces/zed_interfaces/msg/detail/keypoint3_d__struct.h
[2.907s] -- Up-to-date symlink: /home/student/Desktop/workspace/install/zed_interfaces/include/zed_interfaces/zed_interfaces/msg/detail/keypoint3_d__type_support.h
[2.908s] -- Up-to-date symlink: /home/student/Desktop/workspace/install/zed_interfaces/include/zed_interfaces/zed_interfaces/msg/detail/mag_heading_status__functions.h
[2.908s] -- Up-to-date symlink: /home/student/Desktop/workspace/install/zed_interfaces/include/zed_interfaces/zed_interfaces/msg/detail/mag_heading_status__struct.h
[2.908s] -- Up-to-date symlink: /home/student/Desktop/workspace/install/zed_interfaces/include/zed_interfaces/zed_interfaces/msg/detail/mag_heading_status__type_support.h
[2.908s] -- Up-to-date symlink: /home/student/Desktop/workspace/install/zed_interfaces/include/zed_interfaces/zed_interfaces/msg/detail/object__functions.h
[2.908s] -- Up-to-date symlink: /home/student/Desktop/workspace/install/zed_interfaces/include/zed_interfaces/zed_interfaces/msg/detail/object__struct.h
[2.908s] -- Up-to-date symlink: /home/student/Desktop/workspace/install/zed_interfaces/include/zed_interfaces/zed_interfaces/msg/detail/object__type_support.h
[2.908s] -- Up-to-date symlink: /home/student/Desktop/workspace/install/zed_interfaces/include/zed_interfaces/zed_interfaces/msg/detail/objects_stamped__functions.h
[2.908s] -- Up-to-date symlink: /home/student/Desktop/workspace/install/zed_interfaces/include/zed_interfaces/zed_interfaces/msg/detail/objects_stamped__struct.h
[2.908s] -- Up-to-date symlink: /home/student/Desktop/workspace/install/zed_interfaces/include/zed_interfaces/zed_interfaces/msg/detail/objects_stamped__type_support.h
[2.909s] -- Up-to-date symlink: /home/student/Desktop/workspace/install/zed_interfaces/include/zed_interfaces/zed_interfaces/msg/detail/plane_stamped__functions.h
[2.909s] -- Up-to-date symlink: /home/student/Desktop/workspace/install/zed_interfaces/include/zed_interfaces/zed_interfaces/msg/detail/plane_stamped__struct.h
[2.909s] -- Up-to-date symlink: /home/student/Desktop/workspace/install/zed_interfaces/include/zed_interfaces/zed_interfaces/msg/detail/plane_stamped__type_support.h
[2.909s] -- Up-to-date symlink: /home/student/Desktop/workspace/install/zed_interfaces/include/zed_interfaces/zed_interfaces/msg/detail/pos_track_status__functions.h
[2.909s] -- Up-to-date symlink: /home/student/Desktop/workspace/install/zed_interfaces/include/zed_interfaces/zed_interfaces/msg/detail/pos_track_status__struct.h
[2.909s] -- Up-to-date symlink: /home/student/Desktop/workspace/install/zed_interfaces/include/zed_interfaces/zed_interfaces/msg/detail/pos_track_status__type_support.h
[2.909s] -- Up-to-date symlink: /home/student/Desktop/workspace/install/zed_interfaces/include/zed_interfaces/zed_interfaces/msg/detail/skeleton2_d__functions.h
[2.909s] -- Up-to-date symlink: /home/student/Desktop/workspace/install/zed_interfaces/include/zed_interfaces/zed_interfaces/msg/detail/skeleton2_d__struct.h
[2.910s] -- Up-to-date symlink: /home/student/Desktop/workspace/install/zed_interfaces/include/zed_interfaces/zed_interfaces/msg/detail/skeleton2_d__type_support.h
[2.910s] -- Up-to-date symlink: /home/student/Desktop/workspace/install/zed_interfaces/include/zed_interfaces/zed_interfaces/msg/detail/skeleton3_d__functions.h
[2.910s] -- Up-to-date symlink: /home/student/Desktop/workspace/install/zed_interfaces/include/zed_interfaces/zed_interfaces/msg/detail/skeleton3_d__struct.h
[2.910s] -- Up-to-date symlink: /home/student/Desktop/workspace/install/zed_interfaces/include/zed_interfaces/zed_interfaces/msg/detail/skeleton3_d__type_support.h
[2.910s] -- Up-to-date symlink: /home/student/Desktop/workspace/install/zed_interfaces/include/zed_interfaces/zed_interfaces/msg/gnss_fusion_status.h
[2.910s] -- Up-to-date symlink: /home/student/Desktop/workspace/install/zed_interfaces/include/zed_interfaces/zed_interfaces/msg/heartbeat.h
[2.910s] -- Up-to-date symlink: /home/student/Desktop/workspace/install/zed_interfaces/include/zed_interfaces/zed_interfaces/msg/keypoint2_df.h
[2.910s] -- Up-to-date symlink: /home/student/Desktop/workspace/install/zed_interfaces/include/zed_interfaces/zed_interfaces/msg/keypoint2_di.h
[2.911s] -- Up-to-date symlink: /home/student/Desktop/workspace/install/zed_interfaces/include/zed_interfaces/zed_interfaces/msg/keypoint3_d.h
[2.911s] -- Up-to-date symlink: /home/student/Desktop/workspace/install/zed_interfaces/include/zed_interfaces/zed_interfaces/msg/mag_heading_status.h
[2.911s] -- Up-to-date symlink: /home/student/Desktop/workspace/install/zed_interfaces/include/zed_interfaces/zed_interfaces/msg/object.h
[2.911s] -- Up-to-date symlink: /home/student/Desktop/workspace/install/zed_interfaces/include/zed_interfaces/zed_interfaces/msg/objects_stamped.h
[2.911s] -- Up-to-date symlink: /home/student/Desktop/workspace/install/zed_interfaces/include/zed_interfaces/zed_interfaces/msg/plane_stamped.h
[2.911s] -- Up-to-date symlink: /home/student/Desktop/workspace/install/zed_interfaces/include/zed_interfaces/zed_interfaces/msg/pos_track_status.h
[2.912s] -- Up-to-date symlink: /home/student/Desktop/workspace/install/zed_interfaces/include/zed_interfaces/zed_interfaces/msg/rosidl_generator_c__visibility_control.h
[2.912s] -- Up-to-date symlink: /home/student/Desktop/workspace/install/zed_interfaces/include/zed_interfaces/zed_interfaces/msg/skeleton2_d.h
[2.912s] -- Up-to-date symlink: /home/student/Desktop/workspace/install/zed_interfaces/include/zed_interfaces/zed_interfaces/msg/skeleton3_d.h
[2.912s] -- Up-to-date symlink: /home/student/Desktop/workspace/install/zed_interfaces/include/zed_interfaces/zed_interfaces/srv/detail/set_pose__functions.h
[2.912s] -- Up-to-date symlink: /home/student/Desktop/workspace/install/zed_interfaces/include/zed_interfaces/zed_interfaces/srv/detail/set_pose__struct.h
[2.912s] -- Up-to-date symlink: /home/student/Desktop/workspace/install/zed_interfaces/include/zed_interfaces/zed_interfaces/srv/detail/set_pose__type_support.h
[2.912s] -- Up-to-date symlink: /home/student/Desktop/workspace/install/zed_interfaces/include/zed_interfaces/zed_interfaces/srv/detail/set_roi__functions.h
[2.913s] -- Up-to-date symlink: /home/student/Desktop/workspace/install/zed_interfaces/include/zed_interfaces/zed_interfaces/srv/detail/set_roi__struct.h
[2.913s] -- Up-to-date symlink: /home/student/Desktop/workspace/install/zed_interfaces/include/zed_interfaces/zed_interfaces/srv/detail/set_roi__type_support.h
[2.913s] -- Up-to-date symlink: /home/student/Desktop/workspace/install/zed_interfaces/include/zed_interfaces/zed_interfaces/srv/detail/start_svo_rec__functions.h
[2.913s] -- Up-to-date symlink: /home/student/Desktop/workspace/install/zed_interfaces/include/zed_interfaces/zed_interfaces/srv/detail/start_svo_rec__struct.h
[2.913s] -- Up-to-date symlink: /home/student/Desktop/workspace/install/zed_interfaces/include/zed_interfaces/zed_interfaces/srv/detail/start_svo_rec__type_support.h
[2.913s] -- Up-to-date symlink: /home/student/Desktop/workspace/install/zed_interfaces/include/zed_interfaces/zed_interfaces/srv/set_pose.h
[2.913s] -- Up-to-date symlink: /home/student/Desktop/workspace/install/zed_interfaces/include/zed_interfaces/zed_interfaces/srv/set_roi.h
[2.913s] -- Up-to-date symlink: /home/student/Desktop/workspace/install/zed_interfaces/include/zed_interfaces/zed_interfaces/srv/start_svo_rec.h
[2.913s] -- Up-to-date symlink: /home/student/Desktop/workspace/install/zed_interfaces/share/zed_interfaces/environment/library_path.sh
[2.913s] -- Up-to-date symlink: /home/student/Desktop/workspace/install/zed_interfaces/share/zed_interfaces/environment/library_path.dsv
[2.914s] -- Up-to-date symlink: /home/student/Desktop/workspace/install/zed_interfaces/include/zed_interfaces/zed_interfaces/msg/detail/bounding_box2_df__rosidl_typesupport_fastrtps_c.h
[2.914s] -- Up-to-date symlink: /home/student/Desktop/workspace/install/zed_interfaces/include/zed_interfaces/zed_interfaces/msg/detail/bounding_box2_di__rosidl_typesupport_fastrtps_c.h
[2.914s] -- Up-to-date symlink: /home/student/Desktop/workspace/install/zed_interfaces/include/zed_interfaces/zed_interfaces/msg/detail/bounding_box3_d__rosidl_typesupport_fastrtps_c.h
[2.914s] -- Up-to-date symlink: /home/student/Desktop/workspace/install/zed_interfaces/include/zed_interfaces/zed_interfaces/msg/detail/depth_info_stamped__rosidl_typesupport_fastrtps_c.h
[2.915s] -- Up-to-date symlink: /home/student/Desktop/workspace/install/zed_interfaces/include/zed_interfaces/zed_interfaces/msg/detail/gnss_fusion_status__rosidl_typesupport_fastrtps_c.h
[2.915s] -- Up-to-date symlink: /home/student/Desktop/workspace/install/zed_interfaces/include/zed_interfaces/zed_interfaces/msg/detail/heartbeat__rosidl_typesupport_fastrtps_c.h
[2.915s] -- Up-to-date symlink: /home/student/Desktop/workspace/install/zed_interfaces/include/zed_interfaces/zed_interfaces/msg/detail/keypoint2_df__rosidl_typesupport_fastrtps_c.h
[2.915s] -- Up-to-date symlink: /home/student/Desktop/workspace/install/zed_interfaces/include/zed_interfaces/zed_interfaces/msg/detail/keypoint2_di__rosidl_typesupport_fastrtps_c.h
[2.915s] -- Up-to-date symlink: /home/student/Desktop/workspace/install/zed_interfaces/include/zed_interfaces/zed_interfaces/msg/detail/keypoint3_d__rosidl_typesupport_fastrtps_c.h
[2.915s] -- Up-to-date symlink: /home/student/Desktop/workspace/install/zed_interfaces/include/zed_interfaces/zed_interfaces/msg/detail/mag_heading_status__rosidl_typesupport_fastrtps_c.h
[2.915s] -- Up-to-date symlink: /home/student/Desktop/workspace/install/zed_interfaces/include/zed_interfaces/zed_interfaces/msg/detail/object__rosidl_typesupport_fastrtps_c.h
[2.916s] -- Up-to-date symlink: /home/student/Desktop/workspace/install/zed_interfaces/include/zed_interfaces/zed_interfaces/msg/detail/objects_stamped__rosidl_typesupport_fastrtps_c.h
[2.916s] -- Up-to-date symlink: /home/student/Desktop/workspace/install/zed_interfaces/include/zed_interfaces/zed_interfaces/msg/detail/plane_stamped__rosidl_typesupport_fastrtps_c.h
[2.916s] -- Up-to-date symlink: /home/student/Desktop/workspace/install/zed_interfaces/include/zed_interfaces/zed_interfaces/msg/detail/pos_track_status__rosidl_typesupport_fastrtps_c.h
[2.916s] -- Up-to-date symlink: /home/student/Desktop/workspace/install/zed_interfaces/include/zed_interfaces/zed_interfaces/msg/detail/skeleton2_d__rosidl_typesupport_fastrtps_c.h
[2.917s] -- Up-to-date symlink: /home/student/Desktop/workspace/install/zed_interfaces/include/zed_interfaces/zed_interfaces/msg/detail/skeleton3_d__rosidl_typesupport_fastrtps_c.h
[2.918s] -- Up-to-date symlink: /home/student/Desktop/workspace/install/zed_interfaces/include/zed_interfaces/zed_interfaces/msg/rosidl_typesupport_fastrtps_c__visibility_control.h
[2.918s] -- Up-to-date symlink: /home/student/Desktop/workspace/install/zed_interfaces/include/zed_interfaces/zed_interfaces/srv/detail/set_pose__rosidl_typesupport_fastrtps_c.h
[2.918s] -- Up-to-date symlink: /home/student/Desktop/workspace/install/zed_interfaces/include/zed_interfaces/zed_interfaces/srv/detail/set_roi__rosidl_typesupport_fastrtps_c.h
[2.919s] -- Up-to-date symlink: /home/student/Desktop/workspace/install/zed_interfaces/include/zed_interfaces/zed_interfaces/srv/detail/start_svo_rec__rosidl_typesupport_fastrtps_c.h
[2.920s] -- Up-to-date symlink: /home/student/Desktop/workspace/install/zed_interfaces/include/zed_interfaces/zed_interfaces/msg/bounding_box2_df.hpp
[2.920s] -- Up-to-date symlink: /home/student/Desktop/workspace/install/zed_interfaces/include/zed_interfaces/zed_interfaces/msg/bounding_box2_di.hpp
[2.920s] -- Up-to-date symlink: /home/student/Desktop/workspace/install/zed_interfaces/include/zed_interfaces/zed_interfaces/msg/bounding_box3_d.hpp
[2.920s] -- Up-to-date symlink: /home/student/Desktop/workspace/install/zed_interfaces/include/zed_interfaces/zed_interfaces/msg/depth_info_stamped.hpp
[2.920s] -- Up-to-date symlink: /home/student/Desktop/workspace/install/zed_interfaces/include/zed_interfaces/zed_interfaces/msg/detail/bounding_box2_df__builder.hpp
[2.920s] -- Up-to-date symlink: /home/student/Desktop/workspace/install/zed_interfaces/include/zed_interfaces/zed_interfaces/msg/detail/bounding_box2_df__struct.hpp
[2.920s] -- Up-to-date symlink: /home/student/Desktop/workspace/install/zed_interfaces/include/zed_interfaces/zed_interfaces/msg/detail/bounding_box2_df__traits.hpp
[2.921s] -- Up-to-date symlink: /home/student/Desktop/workspace/install/zed_interfaces/include/zed_interfaces/zed_interfaces/msg/detail/bounding_box2_di__builder.hpp
[2.921s] -- Up-to-date symlink: /home/student/Desktop/workspace/install/zed_interfaces/include/zed_interfaces/zed_interfaces/msg/detail/bounding_box2_di__struct.hpp
[2.921s] -- Up-to-date symlink: /home/student/Desktop/workspace/install/zed_interfaces/include/zed_interfaces/zed_interfaces/msg/detail/bounding_box2_di__traits.hpp
[2.921s] -- Up-to-date symlink: /home/student/Desktop/workspace/install/zed_interfaces/include/zed_interfaces/zed_interfaces/msg/detail/bounding_box3_d__builder.hpp
[2.921s] -- Up-to-date symlink: /home/student/Desktop/workspace/install/zed_interfaces/include/zed_interfaces/zed_interfaces/msg/detail/bounding_box3_d__struct.hpp
[2.921s] -- Up-to-date symlink: /home/student/Desktop/workspace/install/zed_interfaces/include/zed_interfaces/zed_interfaces/msg/detail/bounding_box3_d__traits.hpp
[2.921s] -- Up-to-date symlink: /home/student/Desktop/workspace/install/zed_interfaces/include/zed_interfaces/zed_interfaces/msg/detail/depth_info_stamped__builder.hpp
[2.922s] -- Up-to-date symlink: /home/student/Desktop/workspace/install/zed_interfaces/include/zed_interfaces/zed_interfaces/msg/detail/depth_info_stamped__struct.hpp
[2.922s] -- Up-to-date symlink: /home/student/Desktop/workspace/install/zed_interfaces/include/zed_interfaces/zed_interfaces/msg/detail/depth_info_stamped__traits.hpp
[2.922s] -- Up-to-date symlink: /home/student/Desktop/workspace/install/zed_interfaces/include/zed_interfaces/zed_interfaces/msg/detail/gnss_fusion_status__builder.hpp
[2.922s] -- Up-to-date symlink: /home/student/Desktop/workspace/install/zed_interfaces/include/zed_interfaces/zed_interfaces/msg/detail/gnss_fusion_status__struct.hpp
[2.922s] -- Up-to-date symlink: /home/student/Desktop/workspace/install/zed_interfaces/include/zed_interfaces/zed_interfaces/msg/detail/gnss_fusion_status__traits.hpp
[2.922s] -- Up-to-date symlink: /home/student/Desktop/workspace/install/zed_interfaces/include/zed_interfaces/zed_interfaces/msg/detail/heartbeat__builder.hpp
[2.922s] -- Up-to-date symlink: /home/student/Desktop/workspace/install/zed_interfaces/include/zed_interfaces/zed_interfaces/msg/detail/heartbeat__struct.hpp
[2.922s] -- Up-to-date symlink: /home/student/Desktop/workspace/install/zed_interfaces/include/zed_interfaces/zed_interfaces/msg/detail/heartbeat__traits.hpp
[2.922s] -- Up-to-date symlink: /home/student/Desktop/workspace/install/zed_interfaces/include/zed_interfaces/zed_interfaces/msg/detail/keypoint2_df__builder.hpp
[2.923s] -- Up-to-date symlink: /home/student/Desktop/workspace/install/zed_interfaces/include/zed_interfaces/zed_interfaces/msg/detail/keypoint2_df__struct.hpp
[2.923s] -- Up-to-date symlink: /home/student/Desktop/workspace/install/zed_interfaces/include/zed_interfaces/zed_interfaces/msg/detail/keypoint2_df__traits.hpp
[2.923s] -- Up-to-date symlink: /home/student/Desktop/workspace/install/zed_interfaces/include/zed_interfaces/zed_interfaces/msg/detail/keypoint2_di__builder.hpp
[2.923s] -- Up-to-date symlink: /home/student/Desktop/workspace/install/zed_interfaces/include/zed_interfaces/zed_interfaces/msg/detail/keypoint2_di__struct.hpp
[2.923s] -- Up-to-date symlink: /home/student/Desktop/workspace/install/zed_interfaces/include/zed_interfaces/zed_interfaces/msg/detail/keypoint2_di__traits.hpp
[2.923s] -- Up-to-date symlink: /home/student/Desktop/workspace/install/zed_interfaces/include/zed_interfaces/zed_interfaces/msg/detail/keypoint3_d__builder.hpp
[2.923s] -- Up-to-date symlink: /home/student/Desktop/workspace/install/zed_interfaces/include/zed_interfaces/zed_interfaces/msg/detail/keypoint3_d__struct.hpp
[2.923s] -- Up-to-date symlink: /home/student/Desktop/workspace/install/zed_interfaces/include/zed_interfaces/zed_interfaces/msg/detail/keypoint3_d__traits.hpp
[2.924s] -- Up-to-date symlink: /home/student/Desktop/workspace/install/zed_interfaces/include/zed_interfaces/zed_interfaces/msg/detail/mag_heading_status__builder.hpp
[2.924s] -- Up-to-date symlink: /home/student/Desktop/workspace/install/zed_interfaces/include/zed_interfaces/zed_interfaces/msg/detail/mag_heading_status__struct.hpp
[2.924s] -- Up-to-date symlink: /home/student/Desktop/workspace/install/zed_interfaces/include/zed_interfaces/zed_interfaces/msg/detail/mag_heading_status__traits.hpp
[2.924s] -- Up-to-date symlink: /home/student/Desktop/workspace/install/zed_interfaces/include/zed_interfaces/zed_interfaces/msg/detail/object__builder.hpp
[2.924s] -- Up-to-date symlink: /home/student/Desktop/workspace/install/zed_interfaces/include/zed_interfaces/zed_interfaces/msg/detail/object__struct.hpp
[2.924s] -- Up-to-date symlink: /home/student/Desktop/workspace/install/zed_interfaces/include/zed_interfaces/zed_interfaces/msg/detail/object__traits.hpp
[2.924s] -- Up-to-date symlink: /home/student/Desktop/workspace/install/zed_interfaces/include/zed_interfaces/zed_interfaces/msg/detail/objects_stamped__builder.hpp
[2.924s] -- Up-to-date symlink: /home/student/Desktop/workspace/install/zed_interfaces/include/zed_interfaces/zed_interfaces/msg/detail/objects_stamped__struct.hpp
[2.925s] -- Up-to-date symlink: /home/student/Desktop/workspace/install/zed_interfaces/include/zed_interfaces/zed_interfaces/msg/detail/objects_stamped__traits.hpp
[2.925s] -- Up-to-date symlink: /home/student/Desktop/workspace/install/zed_interfaces/include/zed_interfaces/zed_interfaces/msg/detail/plane_stamped__builder.hpp
[2.925s] -- Up-to-date symlink: /home/student/Desktop/workspace/install/zed_interfaces/include/zed_interfaces/zed_interfaces/msg/detail/plane_stamped__struct.hpp
[2.925s] -- Up-to-date symlink: /home/student/Desktop/workspace/install/zed_interfaces/include/zed_interfaces/zed_interfaces/msg/detail/plane_stamped__traits.hpp
[2.925s] -- Up-to-date symlink: /home/student/Desktop/workspace/install/zed_interfaces/include/zed_interfaces/zed_interfaces/msg/detail/pos_track_status__builder.hpp
[2.925s] -- Up-to-date symlink: /home/student/Desktop/workspace/install/zed_interfaces/include/zed_interfaces/zed_interfaces/msg/detail/pos_track_status__struct.hpp
[2.925s] -- Up-to-date symlink: /home/student/Desktop/workspace/install/zed_interfaces/include/zed_interfaces/zed_interfaces/msg/detail/pos_track_status__traits.hpp
[2.925s] -- Up-to-date symlink: /home/student/Desktop/workspace/install/zed_interfaces/include/zed_interfaces/zed_interfaces/msg/detail/skeleton2_d__builder.hpp
[2.925s] -- Up-to-date symlink: /home/student/Desktop/workspace/install/zed_interfaces/include/zed_interfaces/zed_interfaces/msg/detail/skeleton2_d__struct.hpp
[2.926s] -- Up-to-date symlink: /home/student/Desktop/workspace/install/zed_interfaces/include/zed_interfaces/zed_interfaces/msg/detail/skeleton2_d__traits.hpp
[2.926s] -- Up-to-date symlink: /home/student/Desktop/workspace/install/zed_interfaces/include/zed_interfaces/zed_interfaces/msg/detail/skeleton3_d__builder.hpp
[2.926s] -- Up-to-date symlink: /home/student/Desktop/workspace/install/zed_interfaces/include/zed_interfaces/zed_interfaces/msg/detail/skeleton3_d__struct.hpp
[2.926s] -- Up-to-date symlink: /home/student/Desktop/workspace/install/zed_interfaces/include/zed_interfaces/zed_interfaces/msg/detail/skeleton3_d__traits.hpp
[2.926s] -- Up-to-date symlink: /home/student/Desktop/workspace/install/zed_interfaces/include/zed_interfaces/zed_interfaces/msg/gnss_fusion_status.hpp
[2.926s] -- Up-to-date symlink: /home/student/Desktop/workspace/install/zed_interfaces/include/zed_interfaces/zed_interfaces/msg/heartbeat.hpp
[2.926s] -- Up-to-date symlink: /home/student/Desktop/workspace/install/zed_interfaces/include/zed_interfaces/zed_interfaces/msg/keypoint2_df.hpp
[2.926s] -- Up-to-date symlink: /home/student/Desktop/workspace/install/zed_interfaces/include/zed_interfaces/zed_interfaces/msg/keypoint2_di.hpp
[2.927s] -- Up-to-date symlink: /home/student/Desktop/workspace/install/zed_interfaces/include/zed_interfaces/zed_interfaces/msg/keypoint3_d.hpp
[2.927s] -- Up-to-date symlink: /home/student/Desktop/workspace/install/zed_interfaces/include/zed_interfaces/zed_interfaces/msg/mag_heading_status.hpp
[2.927s] -- Up-to-date symlink: /home/student/Desktop/workspace/install/zed_interfaces/include/zed_interfaces/zed_interfaces/msg/object.hpp
[2.927s] -- Up-to-date symlink: /home/student/Desktop/workspace/install/zed_interfaces/include/zed_interfaces/zed_interfaces/msg/objects_stamped.hpp
[2.927s] -- Up-to-date symlink: /home/student/Desktop/workspace/install/zed_interfaces/include/zed_interfaces/zed_interfaces/msg/plane_stamped.hpp
[2.927s] -- Up-to-date symlink: /home/student/Desktop/workspace/install/zed_interfaces/include/zed_interfaces/zed_interfaces/msg/pos_track_status.hpp
[2.927s] -- Up-to-date symlink: /home/student/Desktop/workspace/install/zed_interfaces/include/zed_interfaces/zed_interfaces/msg/skeleton2_d.hpp
[2.927s] -- Up-to-date symlink: /home/student/Desktop/workspace/install/zed_interfaces/include/zed_interfaces/zed_interfaces/msg/skeleton3_d.hpp
[2.928s] -- Up-to-date symlink: /home/student/Desktop/workspace/install/zed_interfaces/include/zed_interfaces/zed_interfaces/srv/detail/set_pose__builder.hpp
[2.928s] -- Up-to-date symlink: /home/student/Desktop/workspace/install/zed_interfaces/include/zed_interfaces/zed_interfaces/srv/detail/set_pose__struct.hpp
[2.928s] -- Up-to-date symlink: /home/student/Desktop/workspace/install/zed_interfaces/include/zed_interfaces/zed_interfaces/srv/detail/set_pose__traits.hpp
[2.928s] -- Up-to-date symlink: /home/student/Desktop/workspace/install/zed_interfaces/include/zed_interfaces/zed_interfaces/srv/detail/set_roi__builder.hpp
[2.928s] -- Up-to-date symlink: /home/student/Desktop/workspace/install/zed_interfaces/include/zed_interfaces/zed_interfaces/srv/detail/set_roi__struct.hpp
[2.928s] -- Up-to-date symlink: /home/student/Desktop/workspace/install/zed_interfaces/include/zed_interfaces/zed_interfaces/srv/detail/set_roi__traits.hpp
[2.929s] -- Up-to-date symlink: /home/student/Desktop/workspace/install/zed_interfaces/include/zed_interfaces/zed_interfaces/srv/detail/start_svo_rec__builder.hpp
[2.929s] -- Up-to-date symlink: /home/student/Desktop/workspace/install/zed_interfaces/include/zed_interfaces/zed_interfaces/srv/detail/start_svo_rec__struct.hpp
[2.929s] -- Up-to-date symlink: /home/student/Desktop/workspace/install/zed_interfaces/include/zed_interfaces/zed_interfaces/srv/detail/start_svo_rec__traits.hpp
[2.929s] -- Up-to-date symlink: /home/student/Desktop/workspace/install/zed_interfaces/include/zed_interfaces/zed_interfaces/srv/set_pose.hpp
[2.929s] -- Up-to-date symlink: /home/student/Desktop/workspace/install/zed_interfaces/include/zed_interfaces/zed_interfaces/srv/set_roi.hpp
[2.929s] -- Up-to-date symlink: /home/student/Desktop/workspace/install/zed_interfaces/include/zed_interfaces/zed_interfaces/srv/start_svo_rec.hpp
[2.930s] -- Up-to-date symlink: /home/student/Desktop/workspace/install/zed_interfaces/include/zed_interfaces/zed_interfaces/msg/detail/bounding_box2_df__rosidl_typesupport_fastrtps_cpp.hpp
[2.930s] -- Up-to-date symlink: /home/student/Desktop/workspace/install/zed_interfaces/include/zed_interfaces/zed_interfaces/msg/detail/bounding_box2_di__rosidl_typesupport_fastrtps_cpp.hpp
[2.931s] -- Up-to-date symlink: /home/student/Desktop/workspace/install/zed_interfaces/include/zed_interfaces/zed_interfaces/msg/detail/bounding_box3_d__rosidl_typesupport_fastrtps_cpp.hpp
[2.931s] -- Up-to-date symlink: /home/student/Desktop/workspace/install/zed_interfaces/include/zed_interfaces/zed_interfaces/msg/detail/depth_info_stamped__rosidl_typesupport_fastrtps_cpp.hpp
[2.931s] -- Up-to-date symlink: /home/student/Desktop/workspace/install/zed_interfaces/include/zed_interfaces/zed_interfaces/msg/detail/gnss_fusion_status__rosidl_typesupport_fastrtps_cpp.hpp
[2.931s] -- Up-to-date symlink: /home/student/Desktop/workspace/install/zed_interfaces/include/zed_interfaces/zed_interfaces/msg/detail/heartbeat__rosidl_typesupport_fastrtps_cpp.hpp
[2.931s] -- Up-to-date symlink: /home/student/Desktop/workspace/install/zed_interfaces/include/zed_interfaces/zed_interfaces/msg/detail/keypoint2_df__rosidl_typesupport_fastrtps_cpp.hpp
[2.932s] -- Up-to-date symlink: /home/student/Desktop/workspace/install/zed_interfaces/include/zed_interfaces/zed_interfaces/msg/detail/keypoint2_di__rosidl_typesupport_fastrtps_cpp.hpp
[2.932s] -- Up-to-date symlink: /home/student/Desktop/workspace/install/zed_interfaces/include/zed_interfaces/zed_interfaces/msg/detail/keypoint3_d__rosidl_typesupport_fastrtps_cpp.hpp
[2.932s] -- Up-to-date symlink: /home/student/Desktop/workspace/install/zed_interfaces/include/zed_interfaces/zed_interfaces/msg/detail/mag_heading_status__rosidl_typesupport_fastrtps_cpp.hpp
[2.932s] -- Up-to-date symlink: /home/student/Desktop/workspace/install/zed_interfaces/include/zed_interfaces/zed_interfaces/msg/detail/object__rosidl_typesupport_fastrtps_cpp.hpp
[2.932s] -- Up-to-date symlink: /home/student/Desktop/workspace/install/zed_interfaces/include/zed_interfaces/zed_interfaces/msg/detail/objects_stamped__rosidl_typesupport_fastrtps_cpp.hpp
[2.932s] -- Up-to-date symlink: /home/student/Desktop/workspace/install/zed_interfaces/include/zed_interfaces/zed_interfaces/msg/detail/plane_stamped__rosidl_typesupport_fastrtps_cpp.hpp
[2.933s] -- Up-to-date symlink: /home/student/Desktop/workspace/install/zed_interfaces/include/zed_interfaces/zed_interfaces/msg/detail/pos_track_status__rosidl_typesupport_fastrtps_cpp.hpp
[2.933s] -- Up-to-date symlink: /home/student/Desktop/workspace/install/zed_interfaces/include/zed_interfaces/zed_interfaces/msg/detail/skeleton2_d__rosidl_typesupport_fastrtps_cpp.hpp
[2.933s] -- Up-to-date symlink: /home/student/Desktop/workspace/install/zed_interfaces/include/zed_interfaces/zed_interfaces/msg/detail/skeleton3_d__rosidl_typesupport_fastrtps_cpp.hpp
[2.933s] -- Up-to-date symlink: /home/student/Desktop/workspace/install/zed_interfaces/include/zed_interfaces/zed_interfaces/msg/rosidl_typesupport_fastrtps_cpp__visibility_control.h
[2.933s] -- Up-to-date symlink: /home/student/Desktop/workspace/install/zed_interfaces/include/zed_interfaces/zed_interfaces/srv/detail/set_pose__rosidl_typesupport_fastrtps_cpp.hpp
[2.933s] -- Up-to-date symlink: /home/student/Desktop/workspace/install/zed_interfaces/include/zed_interfaces/zed_interfaces/srv/detail/set_roi__rosidl_typesupport_fastrtps_cpp.hpp
[2.934s] -- Up-to-date symlink: /home/student/Desktop/workspace/install/zed_interfaces/include/zed_interfaces/zed_interfaces/srv/detail/start_svo_rec__rosidl_typesupport_fastrtps_cpp.hpp
[2.934s] -- Up-to-date symlink: /home/student/Desktop/workspace/install/zed_interfaces/include/zed_interfaces/zed_interfaces/msg/detail/bounding_box2_df__rosidl_typesupport_introspection_c.h
[2.934s] -- Up-to-date symlink: /home/student/Desktop/workspace/install/zed_interfaces/include/zed_interfaces/zed_interfaces/msg/detail/bounding_box2_di__rosidl_typesupport_introspection_c.h
[2.935s] -- Up-to-date symlink: /home/student/Desktop/workspace/install/zed_interfaces/include/zed_interfaces/zed_interfaces/msg/detail/bounding_box3_d__rosidl_typesupport_introspection_c.h
[2.935s] -- Up-to-date symlink: /home/student/Desktop/workspace/install/zed_interfaces/include/zed_interfaces/zed_interfaces/msg/detail/depth_info_stamped__rosidl_typesupport_introspection_c.h
[2.935s] -- Up-to-date symlink: /home/student/Desktop/workspace/install/zed_interfaces/include/zed_interfaces/zed_interfaces/msg/detail/gnss_fusion_status__rosidl_typesupport_introspection_c.h
[2.935s] -- Up-to-date symlink: /home/student/Desktop/workspace/install/zed_interfaces/include/zed_interfaces/zed_interfaces/msg/detail/heartbeat__rosidl_typesupport_introspection_c.h
[2.935s] -- Up-to-date symlink: /home/student/Desktop/workspace/install/zed_interfaces/include/zed_interfaces/zed_interfaces/msg/detail/keypoint2_df__rosidl_typesupport_introspection_c.h
[2.935s] -- Up-to-date symlink: /home/student/Desktop/workspace/install/zed_interfaces/include/zed_interfaces/zed_interfaces/msg/detail/keypoint2_di__rosidl_typesupport_introspection_c.h
[2.936s] -- Up-to-date symlink: /home/student/Desktop/workspace/install/zed_interfaces/include/zed_interfaces/zed_interfaces/msg/detail/keypoint3_d__rosidl_typesupport_introspection_c.h
[2.936s] -- Up-to-date symlink: /home/student/Desktop/workspace/install/zed_interfaces/include/zed_interfaces/zed_interfaces/msg/detail/mag_heading_status__rosidl_typesupport_introspection_c.h
[2.936s] -- Up-to-date symlink: /home/student/Desktop/workspace/install/zed_interfaces/include/zed_interfaces/zed_interfaces/msg/detail/object__rosidl_typesupport_introspection_c.h
[2.936s] -- Up-to-date symlink: /home/student/Desktop/workspace/install/zed_interfaces/include/zed_interfaces/zed_interfaces/msg/detail/objects_stamped__rosidl_typesupport_introspection_c.h
[2.936s] -- Up-to-date symlink: /home/student/Desktop/workspace/install/zed_interfaces/include/zed_interfaces/zed_interfaces/msg/detail/plane_stamped__rosidl_typesupport_introspection_c.h
[2.936s] -- Up-to-date symlink: /home/student/Desktop/workspace/install/zed_interfaces/include/zed_interfaces/zed_interfaces/msg/detail/pos_track_status__rosidl_typesupport_introspection_c.h
[2.937s] -- Up-to-date symlink: /home/student/Desktop/workspace/install/zed_interfaces/include/zed_interfaces/zed_interfaces/msg/detail/skeleton2_d__rosidl_typesupport_introspection_c.h
[2.937s] -- Up-to-date symlink: /home/student/Desktop/workspace/install/zed_interfaces/include/zed_interfaces/zed_interfaces/msg/detail/skeleton3_d__rosidl_typesupport_introspection_c.h
[2.937s] -- Up-to-date symlink: /home/student/Desktop/workspace/install/zed_interfaces/include/zed_interfaces/zed_interfaces/msg/rosidl_typesupport_introspection_c__visibility_control.h
[2.937s] -- Up-to-date symlink: /home/student/Desktop/workspace/install/zed_interfaces/include/zed_interfaces/zed_interfaces/srv/detail/set_pose__rosidl_typesupport_introspection_c.h
[2.937s] -- Up-to-date symlink: /home/student/Desktop/workspace/install/zed_interfaces/include/zed_interfaces/zed_interfaces/srv/detail/set_roi__rosidl_typesupport_introspection_c.h
[2.937s] -- Up-to-date symlink: /home/student/Desktop/workspace/install/zed_interfaces/include/zed_interfaces/zed_interfaces/srv/detail/start_svo_rec__rosidl_typesupport_introspection_c.h
[2.938s] -- Up-to-date symlink: /home/student/Desktop/workspace/install/zed_interfaces/include/zed_interfaces/zed_interfaces/msg/detail/bounding_box2_df__rosidl_typesupport_introspection_cpp.hpp
[2.938s] -- Up-to-date symlink: /home/student/Desktop/workspace/install/zed_interfaces/include/zed_interfaces/zed_interfaces/msg/detail/bounding_box2_di__rosidl_typesupport_introspection_cpp.hpp
[2.938s] -- Up-to-date symlink: /home/student/Desktop/workspace/install/zed_interfaces/include/zed_interfaces/zed_interfaces/msg/detail/bounding_box3_d__rosidl_typesupport_introspection_cpp.hpp
[2.938s] -- Up-to-date symlink: /home/student/Desktop/workspace/install/zed_interfaces/include/zed_interfaces/zed_interfaces/msg/detail/depth_info_stamped__rosidl_typesupport_introspection_cpp.hpp
[2.939s] -- Up-to-date symlink: /home/student/Desktop/workspace/install/zed_interfaces/include/zed_interfaces/zed_interfaces/msg/detail/gnss_fusion_status__rosidl_typesupport_introspection_cpp.hpp
[2.939s] -- Up-to-date symlink: /home/student/Desktop/workspace/install/zed_interfaces/include/zed_interfaces/zed_interfaces/msg/detail/heartbeat__rosidl_typesupport_introspection_cpp.hpp
[2.939s] -- Up-to-date symlink: /home/student/Desktop/workspace/install/zed_interfaces/include/zed_interfaces/zed_interfaces/msg/detail/keypoint2_df__rosidl_typesupport_introspection_cpp.hpp
[2.939s] -- Up-to-date symlink: /home/student/Desktop/workspace/install/zed_interfaces/include/zed_interfaces/zed_interfaces/msg/detail/keypoint2_di__rosidl_typesupport_introspection_cpp.hpp
[2.939s] -- Up-to-date symlink: /home/student/Desktop/workspace/install/zed_interfaces/include/zed_interfaces/zed_interfaces/msg/detail/keypoint3_d__rosidl_typesupport_introspection_cpp.hpp
[2.939s] -- Up-to-date symlink: /home/student/Desktop/workspace/install/zed_interfaces/include/zed_interfaces/zed_interfaces/msg/detail/mag_heading_status__rosidl_typesupport_introspection_cpp.hpp
[2.940s] -- Up-to-date symlink: /home/student/Desktop/workspace/install/zed_interfaces/include/zed_interfaces/zed_interfaces/msg/detail/object__rosidl_typesupport_introspection_cpp.hpp
[2.940s] -- Up-to-date symlink: /home/student/Desktop/workspace/install/zed_interfaces/include/zed_interfaces/zed_interfaces/msg/detail/objects_stamped__rosidl_typesupport_introspection_cpp.hpp
[2.940s] -- Up-to-date symlink: /home/student/Desktop/workspace/install/zed_interfaces/include/zed_interfaces/zed_interfaces/msg/detail/plane_stamped__rosidl_typesupport_introspection_cpp.hpp
[2.940s] -- Up-to-date symlink: /home/student/Desktop/workspace/install/zed_interfaces/include/zed_interfaces/zed_interfaces/msg/detail/pos_track_status__rosidl_typesupport_introspection_cpp.hpp
[2.940s] -- Up-to-date symlink: /home/student/Desktop/workspace/install/zed_interfaces/include/zed_interfaces/zed_interfaces/msg/detail/skeleton2_d__rosidl_typesupport_introspection_cpp.hpp
[2.940s] -- Up-to-date symlink: /home/student/Desktop/workspace/install/zed_interfaces/include/zed_interfaces/zed_interfaces/msg/detail/skeleton3_d__rosidl_typesupport_introspection_cpp.hpp
[2.941s] -- Up-to-date symlink: /home/student/Desktop/workspace/install/zed_interfaces/include/zed_interfaces/zed_interfaces/srv/detail/set_pose__rosidl_typesupport_introspection_cpp.hpp
[2.941s] -- Up-to-date symlink: /home/student/Desktop/workspace/install/zed_interfaces/include/zed_interfaces/zed_interfaces/srv/detail/set_roi__rosidl_typesupport_introspection_cpp.hpp
[2.941s] -- Up-to-date symlink: /home/student/Desktop/workspace/install/zed_interfaces/include/zed_interfaces/zed_interfaces/srv/detail/start_svo_rec__rosidl_typesupport_introspection_cpp.hpp
[2.941s] -- Up-to-date symlink: /home/student/Desktop/workspace/install/zed_interfaces/share/zed_interfaces/environment/pythonpath.sh
[2.941s] -- Up-to-date symlink: /home/student/Desktop/workspace/install/zed_interfaces/share/zed_interfaces/environment/pythonpath.dsv
[2.942s] -- Up-to-date symlink: /home/student/Desktop/workspace/install/zed_interfaces/local/lib/python3.10/dist-packages/zed_interfaces-4.1.0-py3.10.egg-info/PKG-INFO
[2.942s] -- Up-to-date symlink: /home/student/Desktop/workspace/install/zed_interfaces/local/lib/python3.10/dist-packages/zed_interfaces-4.1.0-py3.10.egg-info/SOURCES.txt
[2.942s] -- Up-to-date symlink: /home/student/Desktop/workspace/install/zed_interfaces/local/lib/python3.10/dist-packages/zed_interfaces-4.1.0-py3.10.egg-info/dependency_links.txt
[2.942s] -- Up-to-date symlink: /home/student/Desktop/workspace/install/zed_interfaces/local/lib/python3.10/dist-packages/zed_interfaces-4.1.0-py3.10.egg-info/top_level.txt
[2.943s] -- Up-to-date symlink: /home/student/Desktop/workspace/install/zed_interfaces/local/lib/python3.10/dist-packages/zed_interfaces/__init__.py
[2.943s] -- Up-to-date symlink: /home/student/Desktop/workspace/install/zed_interfaces/local/lib/python3.10/dist-packages/zed_interfaces/_zed_interfaces_s.ep.rosidl_typesupport_c.c
[2.943s] -- Up-to-date symlink: /home/student/Desktop/workspace/install/zed_interfaces/local/lib/python3.10/dist-packages/zed_interfaces/_zed_interfaces_s.ep.rosidl_typesupport_fastrtps_c.c
[2.944s] -- Up-to-date symlink: /home/student/Desktop/workspace/install/zed_interfaces/local/lib/python3.10/dist-packages/zed_interfaces/_zed_interfaces_s.ep.rosidl_typesupport_introspection_c.c
[2.944s] -- Up-to-date symlink: /home/student/Desktop/workspace/install/zed_interfaces/local/lib/python3.10/dist-packages/zed_interfaces/libzed_interfaces__rosidl_generator_py.so
[2.944s] -- Up-to-date symlink: /home/student/Desktop/workspace/install/zed_interfaces/local/lib/python3.10/dist-packages/zed_interfaces/msg/__init__.py
[2.944s] -- Up-to-date symlink: /home/student/Desktop/workspace/install/zed_interfaces/local/lib/python3.10/dist-packages/zed_interfaces/msg/_bounding_box2_df.py
[2.944s] -- Up-to-date symlink: /home/student/Desktop/workspace/install/zed_interfaces/local/lib/python3.10/dist-packages/zed_interfaces/msg/_bounding_box2_df_s.c
[2.944s] -- Up-to-date symlink: /home/student/Desktop/workspace/install/zed_interfaces/local/lib/python3.10/dist-packages/zed_interfaces/msg/_bounding_box2_di.py
[2.945s] -- Up-to-date symlink: /home/student/Desktop/workspace/install/zed_interfaces/local/lib/python3.10/dist-packages/zed_interfaces/msg/_bounding_box2_di_s.c
[2.945s] -- Up-to-date symlink: /home/student/Desktop/workspace/install/zed_interfaces/local/lib/python3.10/dist-packages/zed_interfaces/msg/_bounding_box3_d.py
[2.945s] -- Up-to-date symlink: /home/student/Desktop/workspace/install/zed_interfaces/local/lib/python3.10/dist-packages/zed_interfaces/msg/_bounding_box3_d_s.c
[2.945s] -- Up-to-date symlink: /home/student/Desktop/workspace/install/zed_interfaces/local/lib/python3.10/dist-packages/zed_interfaces/msg/_depth_info_stamped.py
[2.945s] -- Up-to-date symlink: /home/student/Desktop/workspace/install/zed_interfaces/local/lib/python3.10/dist-packages/zed_interfaces/msg/_depth_info_stamped_s.c
[2.945s] -- Up-to-date symlink: /home/student/Desktop/workspace/install/zed_interfaces/local/lib/python3.10/dist-packages/zed_interfaces/msg/_gnss_fusion_status.py
[2.945s] -- Up-to-date symlink: /home/student/Desktop/workspace/install/zed_interfaces/local/lib/python3.10/dist-packages/zed_interfaces/msg/_gnss_fusion_status_s.c
[2.945s] -- Up-to-date symlink: /home/student/Desktop/workspace/install/zed_interfaces/local/lib/python3.10/dist-packages/zed_interfaces/msg/_heartbeat.py
[2.945s] -- Up-to-date symlink: /home/student/Desktop/workspace/install/zed_interfaces/local/lib/python3.10/dist-packages/zed_interfaces/msg/_heartbeat_s.c
[2.946s] -- Up-to-date symlink: /home/student/Desktop/workspace/install/zed_interfaces/local/lib/python3.10/dist-packages/zed_interfaces/msg/_keypoint2_df.py
[2.946s] -- Up-to-date symlink: /home/student/Desktop/workspace/install/zed_interfaces/local/lib/python3.10/dist-packages/zed_interfaces/msg/_keypoint2_df_s.c
[2.946s] -- Up-to-date symlink: /home/student/Desktop/workspace/install/zed_interfaces/local/lib/python3.10/dist-packages/zed_interfaces/msg/_keypoint2_di.py
[2.946s] -- Up-to-date symlink: /home/student/Desktop/workspace/install/zed_interfaces/local/lib/python3.10/dist-packages/zed_interfaces/msg/_keypoint2_di_s.c
[2.946s] -- Up-to-date symlink: /home/student/Desktop/workspace/install/zed_interfaces/local/lib/python3.10/dist-packages/zed_interfaces/msg/_keypoint3_d.py
[2.946s] -- Up-to-date symlink: /home/student/Desktop/workspace/install/zed_interfaces/local/lib/python3.10/dist-packages/zed_interfaces/msg/_keypoint3_d_s.c
[2.946s] -- Up-to-date symlink: /home/student/Desktop/workspace/install/zed_interfaces/local/lib/python3.10/dist-packages/zed_interfaces/msg/_mag_heading_status.py
[2.946s] -- Up-to-date symlink: /home/student/Desktop/workspace/install/zed_interfaces/local/lib/python3.10/dist-packages/zed_interfaces/msg/_mag_heading_status_s.c
[2.946s] -- Up-to-date symlink: /home/student/Desktop/workspace/install/zed_interfaces/local/lib/python3.10/dist-packages/zed_interfaces/msg/_object.py
[2.947s] -- Up-to-date symlink: /home/student/Desktop/workspace/install/zed_interfaces/local/lib/python3.10/dist-packages/zed_interfaces/msg/_object_s.c
[2.947s] -- Up-to-date symlink: /home/student/Desktop/workspace/install/zed_interfaces/local/lib/python3.10/dist-packages/zed_interfaces/msg/_objects_stamped.py
[2.947s] -- Up-to-date symlink: /home/student/Desktop/workspace/install/zed_interfaces/local/lib/python3.10/dist-packages/zed_interfaces/msg/_objects_stamped_s.c
[2.947s] -- Up-to-date symlink: /home/student/Desktop/workspace/install/zed_interfaces/local/lib/python3.10/dist-packages/zed_interfaces/msg/_plane_stamped.py
[2.947s] -- Up-to-date symlink: /home/student/Desktop/workspace/install/zed_interfaces/local/lib/python3.10/dist-packages/zed_interfaces/msg/_plane_stamped_s.c
[2.947s] -- Up-to-date symlink: /home/student/Desktop/workspace/install/zed_interfaces/local/lib/python3.10/dist-packages/zed_interfaces/msg/_pos_track_status.py
[2.947s] -- Up-to-date symlink: /home/student/Desktop/workspace/install/zed_interfaces/local/lib/python3.10/dist-packages/zed_interfaces/msg/_pos_track_status_s.c
[2.948s] -- Up-to-date symlink: /home/student/Desktop/workspace/install/zed_interfaces/local/lib/python3.10/dist-packages/zed_interfaces/msg/_skeleton2_d.py
[2.948s] -- Up-to-date symlink: /home/student/Desktop/workspace/install/zed_interfaces/local/lib/python3.10/dist-packages/zed_interfaces/msg/_skeleton2_d_s.c
[2.948s] -- Up-to-date symlink: /home/student/Desktop/workspace/install/zed_interfaces/local/lib/python3.10/dist-packages/zed_interfaces/msg/_skeleton3_d.py
[2.948s] -- Up-to-date symlink: /home/student/Desktop/workspace/install/zed_interfaces/local/lib/python3.10/dist-packages/zed_interfaces/msg/_skeleton3_d_s.c
[2.948s] -- Up-to-date symlink: /home/student/Desktop/workspace/install/zed_interfaces/local/lib/python3.10/dist-packages/zed_interfaces/srv/__init__.py
[2.948s] -- Up-to-date symlink: /home/student/Desktop/workspace/install/zed_interfaces/local/lib/python3.10/dist-packages/zed_interfaces/srv/_set_pose.py
[2.948s] -- Up-to-date symlink: /home/student/Desktop/workspace/install/zed_interfaces/local/lib/python3.10/dist-packages/zed_interfaces/srv/_set_pose_s.c
[2.949s] -- Up-to-date symlink: /home/student/Desktop/workspace/install/zed_interfaces/local/lib/python3.10/dist-packages/zed_interfaces/srv/_set_roi.py
[2.949s] -- Up-to-date symlink: /home/student/Desktop/workspace/install/zed_interfaces/local/lib/python3.10/dist-packages/zed_interfaces/srv/_set_roi_s.c
[2.949s] -- Up-to-date symlink: /home/student/Desktop/workspace/install/zed_interfaces/local/lib/python3.10/dist-packages/zed_interfaces/srv/_start_svo_rec.py
[2.949s] -- Up-to-date symlink: /home/student/Desktop/workspace/install/zed_interfaces/local/lib/python3.10/dist-packages/zed_interfaces/srv/_start_svo_rec_s.c
[2.949s] -- Up-to-date symlink: /home/student/Desktop/workspace/install/zed_interfaces/local/lib/python3.10/dist-packages/zed_interfaces/zed_interfaces_s__rosidl_typesupport_c.cpython-310-x86_64-linux-gnu.so
[2.949s] -- Up-to-date symlink: /home/student/Desktop/workspace/install/zed_interfaces/local/lib/python3.10/dist-packages/zed_interfaces/zed_interfaces_s__rosidl_typesupport_fastrtps_c.cpython-310-x86_64-linux-gnu.so
[2.950s] -- Up-to-date symlink: /home/student/Desktop/workspace/install/zed_interfaces/local/lib/python3.10/dist-packages/zed_interfaces/zed_interfaces_s__rosidl_typesupport_introspection_c.cpython-310-x86_64-linux-gnu.so
[2.950s] -- Up-to-date symlink: /home/student/Desktop/workspace/install/zed_interfaces/local/lib/python3.10/dist-packages/zed_interfaces/zed_interfaces_s__rosidl_typesupport_fastrtps_c.cpython-310-x86_64-linux-gnu.so
[2.950s] -- Up-to-date symlink: /home/student/Desktop/workspace/install/zed_interfaces/local/lib/python3.10/dist-packages/zed_interfaces/zed_interfaces_s__rosidl_typesupport_introspection_c.cpython-310-x86_64-linux-gnu.so
[2.950s] -- Up-to-date symlink: /home/student/Desktop/workspace/install/zed_interfaces/local/lib/python3.10/dist-packages/zed_interfaces/zed_interfaces_s__rosidl_typesupport_c.cpython-310-x86_64-linux-gnu.so
[2.951s] -- Up-to-date symlink: /home/student/Desktop/workspace/install/zed_interfaces/share/zed_interfaces/msg/Object.idl
[2.951s] -- Up-to-date symlink: /home/student/Desktop/workspace/install/zed_interfaces/share/zed_interfaces/msg/ObjectsStamped.idl
[2.951s] -- Up-to-date symlink: /home/student/Desktop/workspace/install/zed_interfaces/share/zed_interfaces/msg/Keypoint2Di.idl
[2.951s] -- Up-to-date symlink: /home/student/Desktop/workspace/install/zed_interfaces/share/zed_interfaces/msg/Keypoint2Df.idl
[2.952s] -- Up-to-date symlink: /home/student/Desktop/workspace/install/zed_interfaces/share/zed_interfaces/msg/Keypoint3D.idl
[2.952s] -- Up-to-date symlink: /home/student/Desktop/workspace/install/zed_interfaces/share/zed_interfaces/msg/BoundingBox2Di.idl
[2.952s] -- Up-to-date symlink: /home/student/Desktop/workspace/install/zed_interfaces/share/zed_interfaces/msg/BoundingBox2Df.idl
[2.952s] -- Up-to-date symlink: /home/student/Desktop/workspace/install/zed_interfaces/share/zed_interfaces/msg/BoundingBox3D.idl
[2.952s] -- Up-to-date symlink: /home/student/Desktop/workspace/install/zed_interfaces/share/zed_interfaces/msg/Skeleton2D.idl
[2.953s] -- Up-to-date symlink: /home/student/Desktop/workspace/install/zed_interfaces/share/zed_interfaces/msg/Skeleton3D.idl
[2.953s] -- Up-to-date symlink: /home/student/Desktop/workspace/install/zed_interfaces/share/zed_interfaces/msg/DepthInfoStamped.idl
[2.953s] -- Up-to-date symlink: /home/student/Desktop/workspace/install/zed_interfaces/share/zed_interfaces/msg/PlaneStamped.idl
[2.953s] -- Up-to-date symlink: /home/student/Desktop/workspace/install/zed_interfaces/share/zed_interfaces/msg/PosTrackStatus.idl
[2.953s] -- Up-to-date symlink: /home/student/Desktop/workspace/install/zed_interfaces/share/zed_interfaces/msg/GnssFusionStatus.idl
[2.954s] -- Up-to-date symlink: /home/student/Desktop/workspace/install/zed_interfaces/share/zed_interfaces/msg/Heartbeat.idl
[2.954s] -- Up-to-date symlink: /home/student/Desktop/workspace/install/zed_interfaces/share/zed_interfaces/msg/MagHeadingStatus.idl
[2.954s] -- Up-to-date symlink: /home/student/Desktop/workspace/install/zed_interfaces/share/zed_interfaces/srv/SetPose.idl
[2.954s] -- Up-to-date symlink: /home/student/Desktop/workspace/install/zed_interfaces/share/zed_interfaces/srv/StartSvoRec.idl
[2.954s] -- Up-to-date symlink: /home/student/Desktop/workspace/install/zed_interfaces/share/zed_interfaces/srv/SetROI.idl
[2.955s] -- Up-to-date symlink: /home/student/Desktop/workspace/install/zed_interfaces/share/zed_interfaces/msg/Object.msg
[2.955s] -- Up-to-date symlink: /home/student/Desktop/workspace/install/zed_interfaces/share/zed_interfaces/msg/ObjectsStamped.msg
[2.955s] -- Up-to-date symlink: /home/student/Desktop/workspace/install/zed_interfaces/share/zed_interfaces/msg/Keypoint2Di.msg
[2.955s] -- Up-to-date symlink: /home/student/Desktop/workspace/install/zed_interfaces/share/zed_interfaces/msg/Keypoint2Df.msg
[2.955s] -- Up-to-date symlink: /home/student/Desktop/workspace/install/zed_interfaces/share/zed_interfaces/msg/Keypoint3D.msg
[2.956s] -- Up-to-date symlink: /home/student/Desktop/workspace/install/zed_interfaces/share/zed_interfaces/msg/BoundingBox2Di.msg
[2.956s] -- Up-to-date symlink: /home/student/Desktop/workspace/install/zed_interfaces/share/zed_interfaces/msg/BoundingBox2Df.msg
[2.956s] -- Up-to-date symlink: /home/student/Desktop/workspace/install/zed_interfaces/share/zed_interfaces/msg/BoundingBox3D.msg
[2.956s] -- Up-to-date symlink: /home/student/Desktop/workspace/install/zed_interfaces/share/zed_interfaces/msg/Skeleton2D.msg
[2.956s] -- Up-to-date symlink: /home/student/Desktop/workspace/install/zed_interfaces/share/zed_interfaces/msg/Skeleton3D.msg
[2.957s] -- Up-to-date symlink: /home/student/Desktop/workspace/install/zed_interfaces/share/zed_interfaces/msg/DepthInfoStamped.msg
[2.957s] -- Up-to-date symlink: /home/student/Desktop/workspace/install/zed_interfaces/share/zed_interfaces/msg/PlaneStamped.msg
[2.957s] -- Up-to-date symlink: /home/student/Desktop/workspace/install/zed_interfaces/share/zed_interfaces/msg/PosTrackStatus.msg
[2.957s] -- Up-to-date symlink: /home/student/Desktop/workspace/install/zed_interfaces/share/zed_interfaces/msg/GnssFusionStatus.msg
[2.957s] -- Up-to-date symlink: /home/student/Desktop/workspace/install/zed_interfaces/share/zed_interfaces/msg/Heartbeat.msg
[2.958s] -- Up-to-date symlink: /home/student/Desktop/workspace/install/zed_interfaces/share/zed_interfaces/msg/MagHeadingStatus.msg
[2.958s] -- Up-to-date symlink: /home/student/Desktop/workspace/install/zed_interfaces/share/zed_interfaces/srv/SetPose.srv
[2.958s] -- Up-to-date symlink: /home/student/Desktop/workspace/install/zed_interfaces/share/zed_interfaces/srv/SetPose_Request.msg
[2.958s] -- Up-to-date symlink: /home/student/Desktop/workspace/install/zed_interfaces/share/zed_interfaces/srv/SetPose_Response.msg
[2.958s] -- Up-to-date symlink: /home/student/Desktop/workspace/install/zed_interfaces/share/zed_interfaces/srv/StartSvoRec.srv
[2.959s] -- Up-to-date symlink: /home/student/Desktop/workspace/install/zed_interfaces/share/zed_interfaces/srv/StartSvoRec_Request.msg
[2.959s] -- Up-to-date symlink: /home/student/Desktop/workspace/install/zed_interfaces/share/zed_interfaces/srv/StartSvoRec_Response.msg
[2.959s] -- Up-to-date symlink: /home/student/Desktop/workspace/install/zed_interfaces/share/zed_interfaces/srv/SetROI.srv
[2.959s] -- Up-to-date symlink: /home/student/Desktop/workspace/install/zed_interfaces/share/zed_interfaces/srv/SetROI_Request.msg
[2.959s] -- Up-to-date symlink: /home/student/Desktop/workspace/install/zed_interfaces/share/zed_interfaces/srv/SetROI_Response.msg
[2.960s] -- Up-to-date symlink: /home/student/Desktop/workspace/install/zed_interfaces/share/zed_interfaces/meshes/virtual.stl
[2.960s] -- Up-to-date symlink: /home/student/Desktop/workspace/install/zed_interfaces/share/zed_interfaces/meshes/zed.stl
[2.960s] -- Up-to-date symlink: /home/student/Desktop/workspace/install/zed_interfaces/share/zed_interfaces/meshes/zed2.stl
[2.960s] -- Up-to-date symlink: /home/student/Desktop/workspace/install/zed_interfaces/share/zed_interfaces/meshes/zed2i.stl
[2.960s] -- Up-to-date symlink: /home/student/Desktop/workspace/install/zed_interfaces/share/zed_interfaces/meshes/zedm.stl
[2.960s] -- Up-to-date symlink: /home/student/Desktop/workspace/install/zed_interfaces/share/zed_interfaces/meshes/zedx.stl
[2.961s] -- Up-to-date symlink: /home/student/Desktop/workspace/install/zed_interfaces/share/zed_interfaces/meshes/zedxm.stl
[2.961s] -- Up-to-date symlink: /home/student/Desktop/workspace/install/zed_interfaces/share/ament_index/resource_index/package_run_dependencies/zed_interfaces
[2.961s] -- Up-to-date symlink: /home/student/Desktop/workspace/install/zed_interfaces/share/ament_index/resource_index/parent_prefix_path/zed_interfaces
[2.961s] -- Up-to-date symlink: /home/student/Desktop/workspace/install/zed_interfaces/share/zed_interfaces/environment/ament_prefix_path.sh
[2.961s] -- Up-to-date symlink: /home/student/Desktop/workspace/install/zed_interfaces/share/zed_interfaces/environment/ament_prefix_path.dsv
[2.962s] -- Up-to-date symlink: /home/student/Desktop/workspace/install/zed_interfaces/share/zed_interfaces/environment/path.sh
[2.962s] -- Up-to-date symlink: /home/student/Desktop/workspace/install/zed_interfaces/share/zed_interfaces/environment/path.dsv
[2.962s] -- Up-to-date symlink: /home/student/Desktop/workspace/install/zed_interfaces/share/zed_interfaces/local_setup.bash
[2.962s] -- Up-to-date symlink: /home/student/Desktop/workspace/install/zed_interfaces/share/zed_interfaces/local_setup.sh
[2.962s] -- Up-to-date symlink: /home/student/Desktop/workspace/install/zed_interfaces/share/zed_interfaces/local_setup.zsh
[2.963s] -- Up-to-date symlink: /home/student/Desktop/workspace/install/zed_interfaces/share/zed_interfaces/local_setup.dsv
[2.963s] -- Symlinking: /home/student/Desktop/workspace/install/zed_interfaces/share/zed_interfaces/package.dsv
[2.972s] -- Up-to-date symlink: /home/student/Desktop/workspace/install/zed_interfaces/share/ament_index/resource_index/packages/zed_interfaces
[2.972s] -- Up-to-date symlink: /home/student/Desktop/workspace/install/zed_interfaces/share/zed_interfaces/cmake/rosidl_cmake-extras.cmake
[2.972s] -- Up-to-date symlink: /home/student/Desktop/workspace/install/zed_interfaces/share/zed_interfaces/cmake/ament_cmake_export_dependencies-extras.cmake
[2.973s] -- Up-to-date symlink: /home/student/Desktop/workspace/install/zed_interfaces/share/zed_interfaces/cmake/ament_cmake_export_include_directories-extras.cmake
[2.973s] -- Up-to-date symlink: /home/student/Desktop/workspace/install/zed_interfaces/share/zed_interfaces/cmake/ament_cmake_export_libraries-extras.cmake
[2.973s] -- Up-to-date symlink: /home/student/Desktop/workspace/install/zed_interfaces/share/zed_interfaces/cmake/ament_cmake_export_targets-extras.cmake
[2.973s] -- Up-to-date symlink: /home/student/Desktop/workspace/install/zed_interfaces/share/zed_interfaces/cmake/rosidl_cmake_export_typesupport_targets-extras.cmake
[2.973s] -- Up-to-date symlink: /home/student/Desktop/workspace/install/zed_interfaces/share/zed_interfaces/cmake/rosidl_cmake_export_typesupport_libraries-extras.cmake
[2.974s] -- Up-to-date symlink: /home/student/Desktop/workspace/install/zed_interfaces/share/zed_interfaces/cmake/zed_interfacesConfig.cmake
[2.974s] -- Up-to-date symlink: /home/student/Desktop/workspace/install/zed_interfaces/share/zed_interfaces/cmake/zed_interfacesConfig-version.cmake
[2.974s] -- Up-to-date symlink: /home/student/Desktop/workspace/install/zed_interfaces/share/zed_interfaces/package.xml
[2.974s] -- Up-to-date: /home/student/Desktop/workspace/install/zed_interfaces/lib/libzed_interfaces__rosidl_generator_c.so
[2.975s] -- Up-to-date: /home/student/Desktop/workspace/install/zed_interfaces/lib/libzed_interfaces__rosidl_typesupport_fastrtps_c.so
[2.975s] -- Up-to-date: /home/student/Desktop/workspace/install/zed_interfaces/lib/libzed_interfaces__rosidl_typesupport_fastrtps_cpp.so
[2.976s] -- Up-to-date: /home/student/Desktop/workspace/install/zed_interfaces/lib/libzed_interfaces__rosidl_typesupport_introspection_c.so
[2.976s] -- Up-to-date: /home/student/Desktop/workspace/install/zed_interfaces/lib/libzed_interfaces__rosidl_typesupport_c.so
[2.977s] -- Up-to-date: /home/student/Desktop/workspace/install/zed_interfaces/lib/libzed_interfaces__rosidl_typesupport_introspection_cpp.so
[2.978s] -- Up-to-date: /home/student/Desktop/workspace/install/zed_interfaces/lib/libzed_interfaces__rosidl_typesupport_cpp.so
[3.014s] Listing '/home/student/Desktop/workspace/install/zed_interfaces/local/lib/python3.10/dist-packages/zed_interfaces'...
[3.014s] Compiling '/home/student/Desktop/workspace/install/zed_interfaces/local/lib/python3.10/dist-packages/zed_interfaces/__init__.py'...
[3.014s] Listing '/home/student/Desktop/workspace/install/zed_interfaces/local/lib/python3.10/dist-packages/zed_interfaces/msg'...
[3.014s] Listing '/home/student/Desktop/workspace/install/zed_interfaces/local/lib/python3.10/dist-packages/zed_interfaces/srv'...
[3.018s] -- Up-to-date: /home/student/Desktop/workspace/install/zed_interfaces/lib/libzed_interfaces__rosidl_generator_py.so
[3.018s] -- Up-to-date: /home/student/Desktop/workspace/install/zed_interfaces/share/zed_interfaces/cmake/export_zed_interfaces__rosidl_generator_cExport.cmake
[3.018s] -- Up-to-date: /home/student/Desktop/workspace/install/zed_interfaces/share/zed_interfaces/cmake/export_zed_interfaces__rosidl_generator_cExport-noconfig.cmake
[3.018s] -- Up-to-date: /home/student/Desktop/workspace/install/zed_interfaces/share/zed_interfaces/cmake/export_zed_interfaces__rosidl_typesupport_fastrtps_cExport.cmake
[3.018s] -- Up-to-date: /home/student/Desktop/workspace/install/zed_interfaces/share/zed_interfaces/cmake/export_zed_interfaces__rosidl_typesupport_fastrtps_cExport-noconfig.cmake
[3.019s] -- Up-to-date: /home/student/Desktop/workspace/install/zed_interfaces/share/zed_interfaces/cmake/export_zed_interfaces__rosidl_generator_cppExport.cmake
[3.019s] -- Up-to-date: /home/student/Desktop/workspace/install/zed_interfaces/share/zed_interfaces/cmake/export_zed_interfaces__rosidl_typesupport_fastrtps_cppExport.cmake
[3.019s] -- Up-to-date: /home/student/Desktop/workspace/install/zed_interfaces/share/zed_interfaces/cmake/export_zed_interfaces__rosidl_typesupport_fastrtps_cppExport-noconfig.cmake
[3.019s] -- Up-to-date: /home/student/Desktop/workspace/install/zed_interfaces/share/zed_interfaces/cmake/zed_interfaces__rosidl_typesupport_introspection_cExport.cmake
[3.019s] -- Up-to-date: /home/student/Desktop/workspace/install/zed_interfaces/share/zed_interfaces/cmake/zed_interfaces__rosidl_typesupport_introspection_cExport-noconfig.cmake
[3.019s] -- Up-to-date: /home/student/Desktop/workspace/install/zed_interfaces/share/zed_interfaces/cmake/zed_interfaces__rosidl_typesupport_cExport.cmake
[3.019s] -- Up-to-date: /home/student/Desktop/workspace/install/zed_interfaces/share/zed_interfaces/cmake/zed_interfaces__rosidl_typesupport_cExport-noconfig.cmake
[3.019s] -- Up-to-date: /home/student/Desktop/workspace/install/zed_interfaces/share/zed_interfaces/cmake/zed_interfaces__rosidl_typesupport_introspection_cppExport.cmake
[3.020s] -- Up-to-date: /home/student/Desktop/workspace/install/zed_interfaces/share/zed_interfaces/cmake/zed_interfaces__rosidl_typesupport_introspection_cppExport-noconfig.cmake
[3.020s] -- Up-to-date: /home/student/Desktop/workspace/install/zed_interfaces/share/zed_interfaces/cmake/zed_interfaces__rosidl_typesupport_cppExport.cmake
[3.020s] -- Up-to-date: /home/student/Desktop/workspace/install/zed_interfaces/share/zed_interfaces/cmake/zed_interfaces__rosidl_typesupport_cppExport-noconfig.cmake
[3.020s] -- Up-to-date: /home/student/Desktop/workspace/install/zed_interfaces/share/zed_interfaces/cmake/export_zed_interfaces__rosidl_generator_pyExport.cmake
[3.020s] -- Up-to-date: /home/student/Desktop/workspace/install/zed_interfaces/share/zed_interfaces/cmake/export_zed_interfaces__rosidl_generator_pyExport-noconfig.cmake
[3.023s] Invoked command in '/home/student/Desktop/workspace/build/zed_interfaces' returned '0': CMAKE_PREFIX_PATH=${CMAKE_PREFIX_PATH}:/home/student/Desktop/workspace/install/yolo_tracking:/home/student/Desktop/workspace/install/sensor_presentation:/home/student/Desktop/workspace/install/position_estimation:/home/student/Desktop/workspace/install/ouster_voxel_filter:/home/student/Desktop/workspace/install/navigation:/home/student/Desktop/workspace/install/main:/opt/ros/humble /usr/bin/cmake --install /home/student/Desktop/workspace/build/zed_interfaces
