running develop
/usr/lib/python3/dist-packages/setuptools/command/easy_install.py:158: EasyInstallDeprecationWarning: easy_install command is deprecated. Use build and pip and other standards-based tools.
  warnings.warn(
Removing /home/student/Desktop/workspace/install/main/lib/python3.10/site-packages/main.egg-link (link to .)
running egg_info
writing ../../build/main/main.egg-info/PKG-INFO
writing dependency_links to ../../build/main/main.egg-info/dependency_links.txt
writing entry points to ../../build/main/main.egg-info/entry_points.txt
writing requirements to ../../build/main/main.egg-info/requires.txt
writing top-level names to ../../build/main/main.egg-info/top_level.txt
reading manifest file '../../build/main/main.egg-info/SOURCES.txt'
writing manifest file '../../build/main/main.egg-info/SOURCES.txt'
running build
running build_py
running install
running install_lib
creating /home/student/Desktop/workspace/install/main/lib/python3.10/site-packages/main
copying /home/student/Desktop/workspace/build/main/build/lib/main/__init__.py -> /home/student/Desktop/workspace/install/main/lib/python3.10/site-packages/main
byte-compiling /home/student/Desktop/workspace/install/main/lib/python3.10/site-packages/main/__init__.py to __init__.cpython-310.pyc
running install_data
copying resource/main -> /home/student/Desktop/workspace/install/main/share/ament_index/resource_index/packages
copying package.xml -> /home/student/Desktop/workspace/install/main/share/main
copying launch/main_launch.py -> /home/student/Desktop/workspace/install/main/share/main/launch
running install_egg_info
Copying ../../build/main/main.egg-info to /home/student/Desktop/workspace/install/main/lib/python3.10/site-packages/main-0.0.0-py3.10.egg-info
running install_scripts
writing list of installed files to '/home/student/Desktop/workspace/build/main/install.log'
