[4.050s] Invoking command in '/home/student/Desktop/workspace/build/main': PYTHONPATH=/home/student/Desktop/workspace/build/main/prefix_override:/usr/lib/python3/dist-packages/colcon_core/task/python/colcon_distutils_commands:/home/student/Desktop/workspace/install/main/lib/python3.10/site-packages:${PYTHONPATH} /usr/bin/python3 -W ignore:setup.py install is deprecated setup.py develop --uninstall --editable --build-directory /home/student/Desktop/workspace/build/main/build
[5.038s] running develop
[5.038s] /usr/lib/python3/dist-packages/setuptools/command/easy_install.py:158: EasyInstallDeprecationWarning: easy_install command is deprecated. Use build and pip and other standards-based tools.
[5.038s]   warnings.warn(
[6.043s] Removing /home/student/Desktop/workspace/install/main/lib/python3.10/site-packages/main.egg-link (link to .)
[6.114s] Invoked command in '/home/student/Desktop/workspace/build/main' returned '0': PYTHONPATH=/home/student/Desktop/workspace/build/main/prefix_override:/usr/lib/python3/dist-packages/colcon_core/task/python/colcon_distutils_commands:/home/student/Desktop/workspace/install/main/lib/python3.10/site-packages:${PYTHONPATH} /usr/bin/python3 -W ignore:setup.py install is deprecated setup.py develop --uninstall --editable --build-directory /home/student/Desktop/workspace/build/main/build
[6.116s] Invoking command in '/home/student/Desktop/workspace/src/main': PYTHONPATH=/home/student/Desktop/workspace/build/main/prefix_override:/usr/lib/python3/dist-packages/colcon_core/task/python/colcon_distutils_commands:/home/student/Desktop/workspace/install/main/lib/python3.10/site-packages:${PYTHONPATH} /usr/bin/python3 -W ignore:setup.py install is deprecated setup.py egg_info --egg-base ../../build/main build --build-base /home/student/Desktop/workspace/build/main/build install --record /home/student/Desktop/workspace/build/main/install.log --single-version-externally-managed install_data --force
[6.898s] running egg_info
[6.901s] writing ../../build/main/main.egg-info/PKG-INFO
[6.901s] writing dependency_links to ../../build/main/main.egg-info/dependency_links.txt
[6.901s] writing entry points to ../../build/main/main.egg-info/entry_points.txt
[6.902s] writing requirements to ../../build/main/main.egg-info/requires.txt
[6.902s] writing top-level names to ../../build/main/main.egg-info/top_level.txt
[6.907s] reading manifest file '../../build/main/main.egg-info/SOURCES.txt'
[6.932s] writing manifest file '../../build/main/main.egg-info/SOURCES.txt'
[6.933s] running build
[6.933s] running build_py
[6.933s] running install
[6.933s] running install_lib
[6.935s] creating /home/student/Desktop/workspace/install/main/lib/python3.10/site-packages/main
[6.935s] copying /home/student/Desktop/workspace/build/main/build/lib/main/__init__.py -> /home/student/Desktop/workspace/install/main/lib/python3.10/site-packages/main
[6.938s] byte-compiling /home/student/Desktop/workspace/install/main/lib/python3.10/site-packages/main/__init__.py to __init__.cpython-310.pyc
[6.939s] running install_data
[6.939s] copying resource/main -> /home/student/Desktop/workspace/install/main/share/ament_index/resource_index/packages
[6.939s] copying package.xml -> /home/student/Desktop/workspace/install/main/share/main
[6.939s] copying launch/main_launch.py -> /home/student/Desktop/workspace/install/main/share/main/launch
[6.939s] running install_egg_info
[6.952s] Copying ../../build/main/main.egg-info to /home/student/Desktop/workspace/install/main/lib/python3.10/site-packages/main-0.0.0-py3.10.egg-info
[6.953s] running install_scripts
[6.998s] writing list of installed files to '/home/student/Desktop/workspace/build/main/install.log'
[7.052s] Invoked command in '/home/student/Desktop/workspace/src/main' returned '0': PYTHONPATH=/home/student/Desktop/workspace/build/main/prefix_override:/usr/lib/python3/dist-packages/colcon_core/task/python/colcon_distutils_commands:/home/student/Desktop/workspace/install/main/lib/python3.10/site-packages:${PYTHONPATH} /usr/bin/python3 -W ignore:setup.py install is deprecated setup.py egg_info --egg-base ../../build/main build --build-base /home/student/Desktop/workspace/build/main/build install --record /home/student/Desktop/workspace/build/main/install.log --single-version-externally-managed install_data --force
