[0.020s] Invoking command in '/home/student/Desktop/workspace/build/ouster_ros': CMAKE_PREFIX_PATH=/home/student/Desktop/workspace/install/ouster_sensor_msgs:/home/student/Desktop/workspace/install/zed_ros2:/home/student/Desktop/workspace/install/zed_wrapper:/home/student/Desktop/workspace/install/zed_components:/home/student/Desktop/workspace/install/zed_interfaces:/home/student/Desktop/workspace/install/ouster_ros:/home/student/Desktop/workspace/install/odometry_publisher:/home/student/Desktop/workspace/install/object_tracking_messages:/usr/local/labor_robotik/ros2/xarm_planner:/usr/local/labor_robotik/ros2/xarm_moveit_servo:/usr/local/labor_robotik/ros2/lri_xarm_integration:/usr/local/labor_robotik/ros2/xarm_moveit_config:/usr/local/labor_robotik/ros2/xarm_gazebo:/usr/local/labor_robotik/ros2/xarm_controller:/usr/local/labor_robotik/ros2/xarm_api:/usr/local/labor_robotik/ros2/xarm_sdk:/usr/local/labor_robotik/ros2/xarm_msgs:/usr/local/labor_robotik/ros2/xarm_description:/usr/local/labor_robotik/ros2/weiss_gripper:/usr/local/labor_robotik/ros2/weiss_gripper_interfaces:/usr/local/labor_robotik/ros2/sicktoolbox_wrapper:/usr/local/labor_robotik/ros2/sicktoolbox:/usr/local/labor_robotik/ros2/realsense_gazebo_plugin:/usr/local/labor_robotik/ros2/p2os_witness:/usr/local/labor_robotik/ros2/p2os_launch:/usr/local/labor_robotik/ros2/p2os_urdf:/usr/local/labor_robotik/ros2/p2os_device_plugins:/usr/local/labor_robotik/ros2/p2os_driver:/usr/local/labor_robotik/ros2/lri_webots_interface:/usr/local/labor_robotik/ros2/p2os_msgs:/usr/local/labor_robotik/ros2/lr_utility_lib:/home/student/Desktop/workspace/install/yolo_tracking:/home/student/Desktop/workspace/install/sensor_presentation:/home/student/Desktop/workspace/install/position_estimation:/home/student/Desktop/workspace/install/ouster_voxel_filter:/home/student/Desktop/workspace/install/navigation:/home/student/Desktop/workspace/install/main:/opt/ros/humble LD_LIBRARY_PATH=/home/student/Desktop/workspace/install/ouster_sensor_msgs/lib:/home/student/Desktop/workspace/install/zed_components/lib:/home/student/Desktop/workspace/install/zed_interfaces/lib:/home/student/Desktop/workspace/install/ouster_ros/lib:/home/student/Desktop/workspace/install/object_tracking_messages/lib:/usr/local/labor_robotik/ros2/xarm_planner/lib:/usr/local/labor_robotik/ros2/xarm_moveit_servo/lib:/usr/local/labor_robotik/ros2/xarm_gazebo/lib:/usr/local/labor_robotik/ros2/xarm_controller/lib:/usr/local/labor_robotik/ros2/xarm_api/lib:/usr/local/labor_robotik/ros2/xarm_sdk/lib:/usr/local/labor_robotik/ros2/xarm_msgs/lib:/usr/local/labor_robotik/ros2/weiss_gripper/lib:/usr/local/labor_robotik/ros2/weiss_gripper_interfaces/lib:/usr/local/labor_robotik/ros2/sicktoolbox/lib:/usr/local/labor_robotik/ros2/realsense_gazebo_plugin/lib:/usr/local/labor_robotik/ros2/p2os_device_plugins/lib:/usr/local/labor_robotik/ros2/p2os_driver/lib:/usr/local/labor_robotik/ros2/lri_webots_interface/lib:/usr/local/labor_robotik/ros2/p2os_msgs/lib:/usr/local/labor_robotik/ros2/lr_utility_lib/lib:/usr/lib/x86_64-linux-gnu/gazebo-11/plugins:/opt/ros/humble/opt/rviz_ogre_vendor/lib:/opt/ros/humble/lib/x86_64-linux-gnu:/opt/ros/humble/opt/libphidget22/lib:/opt/ros/humble/lib:/usr/share/gazebo/../../lib/x86_64-linux-gnu/gazebo-11/plugins:/usr/local/lib/:/usr/lib/x86_64-linux-gnu/:/usr/share/gazebo/../../lib/x86_64-linux-gnu/gazebo-11/plugins:/usr/share/gazebo/../../lib/x86_64-linux-gnu/gazebo-11/plugins:/usr/local/lib/:/usr/lib/x86_64-linux-gnu/ /usr/bin/cmake /home/student/Desktop/workspace/src/ouster-ros/ouster-ros -DCMAKE_INSTALL_PREFIX=/home/student/Desktop/workspace/install/ouster_ros
[0.035s] -- Found ament_cmake: 1.3.10 (/opt/ros/humble/share/ament_cmake/cmake)
[0.185s] -- Override CMake install command with custom implementation using symlinks instead of copying resources
[0.195s] -- Found rclcpp: 16.0.10 (/opt/ros/humble/share/rclcpp/cmake)
[0.245s] -- Found rosidl_generator_c: 3.1.5 (/opt/ros/humble/share/rosidl_generator_c/cmake)
[0.247s] -- Found rosidl_adapter: 3.1.5 (/opt/ros/humble/share/rosidl_adapter/cmake)
[0.254s] -- Found rosidl_generator_cpp: 3.1.5 (/opt/ros/humble/share/rosidl_generator_cpp/cmake)
[0.271s] -- Using all available rosidl_typesupport_c: rosidl_typesupport_fastrtps_c;rosidl_typesupport_introspection_c
[0.293s] -- Using all available rosidl_typesupport_cpp: rosidl_typesupport_fastrtps_cpp;rosidl_typesupport_introspection_cpp
[0.347s] -- Found rmw_implementation_cmake: 6.1.2 (/opt/ros/humble/share/rmw_implementation_cmake/cmake)
[0.351s] -- Found rmw_fastrtps_cpp: 6.2.7 (/opt/ros/humble/share/rmw_fastrtps_cpp/cmake)
[0.520s] -- Using RMW implementation 'rmw_fastrtps_cpp' as default
[0.573s] -- Found rclcpp_components: 16.0.10 (/opt/ros/humble/share/rclcpp_components/cmake)
[0.594s] -- Found rclcpp_lifecycle: 16.0.10 (/opt/ros/humble/share/rclcpp_lifecycle/cmake)
[0.610s] -- Found sensor_msgs: 4.2.4 (/opt/ros/humble/share/sensor_msgs/cmake)
[0.638s] -- Found ouster_sensor_msgs: 0.12.2 (/home/student/Desktop/workspace/install/ouster_sensor_msgs/share/ouster_sensor_msgs/cmake)
[0.650s] -- Found std_srvs: 4.2.4 (/opt/ros/humble/share/std_srvs/cmake)
[0.659s] -- Found rosidl_default_generators: 1.2.0 (/opt/ros/humble/share/rosidl_default_generators/cmake)
[0.680s] -- Eigen found (include: /usr/include/eigen3, version: 3.4.0)
[0.688s] -- looking for PCL_COMMON
[0.689s] -- Found pcl_conversions: 2.4.5 (/opt/ros/humble/share/pcl_conversions/cmake)
[0.711s] -- Found tf2_eigen: 0.25.8 (/opt/ros/humble/share/tf2_eigen/cmake)
[0.886s] -- Found ament_cmake_gtest: 1.3.10 (/opt/ros/humble/share/ament_cmake_gtest/cmake)
[0.887s] -- Found gtest sources under '/opt/ros/humble/src/gtest_vendor': C++ tests using 'Google Test' will be built
[0.965s] -- Configuring done
[1.047s] -- Generating done
[1.051s] -- Build files have been written to: /home/student/Desktop/workspace/build/ouster_ros
[1.061s] Invoked command in '/home/student/Desktop/workspace/build/ouster_ros' returned '0': CMAKE_PREFIX_PATH=/home/student/Desktop/workspace/install/ouster_sensor_msgs:/home/student/Desktop/workspace/install/zed_ros2:/home/student/Desktop/workspace/install/zed_wrapper:/home/student/Desktop/workspace/install/zed_components:/home/student/Desktop/workspace/install/zed_interfaces:/home/student/Desktop/workspace/install/ouster_ros:/home/student/Desktop/workspace/install/odometry_publisher:/home/student/Desktop/workspace/install/object_tracking_messages:/usr/local/labor_robotik/ros2/xarm_planner:/usr/local/labor_robotik/ros2/xarm_moveit_servo:/usr/local/labor_robotik/ros2/lri_xarm_integration:/usr/local/labor_robotik/ros2/xarm_moveit_config:/usr/local/labor_robotik/ros2/xarm_gazebo:/usr/local/labor_robotik/ros2/xarm_controller:/usr/local/labor_robotik/ros2/xarm_api:/usr/local/labor_robotik/ros2/xarm_sdk:/usr/local/labor_robotik/ros2/xarm_msgs:/usr/local/labor_robotik/ros2/xarm_description:/usr/local/labor_robotik/ros2/weiss_gripper:/usr/local/labor_robotik/ros2/weiss_gripper_interfaces:/usr/local/labor_robotik/ros2/sicktoolbox_wrapper:/usr/local/labor_robotik/ros2/sicktoolbox:/usr/local/labor_robotik/ros2/realsense_gazebo_plugin:/usr/local/labor_robotik/ros2/p2os_witness:/usr/local/labor_robotik/ros2/p2os_launch:/usr/local/labor_robotik/ros2/p2os_urdf:/usr/local/labor_robotik/ros2/p2os_device_plugins:/usr/local/labor_robotik/ros2/p2os_driver:/usr/local/labor_robotik/ros2/lri_webots_interface:/usr/local/labor_robotik/ros2/p2os_msgs:/usr/local/labor_robotik/ros2/lr_utility_lib:/home/student/Desktop/workspace/install/yolo_tracking:/home/student/Desktop/workspace/install/sensor_presentation:/home/student/Desktop/workspace/install/position_estimation:/home/student/Desktop/workspace/install/ouster_voxel_filter:/home/student/Desktop/workspace/install/navigation:/home/student/Desktop/workspace/install/main:/opt/ros/humble LD_LIBRARY_PATH=/home/student/Desktop/workspace/install/ouster_sensor_msgs/lib:/home/student/Desktop/workspace/install/zed_components/lib:/home/student/Desktop/workspace/install/zed_interfaces/lib:/home/student/Desktop/workspace/install/ouster_ros/lib:/home/student/Desktop/workspace/install/object_tracking_messages/lib:/usr/local/labor_robotik/ros2/xarm_planner/lib:/usr/local/labor_robotik/ros2/xarm_moveit_servo/lib:/usr/local/labor_robotik/ros2/xarm_gazebo/lib:/usr/local/labor_robotik/ros2/xarm_controller/lib:/usr/local/labor_robotik/ros2/xarm_api/lib:/usr/local/labor_robotik/ros2/xarm_sdk/lib:/usr/local/labor_robotik/ros2/xarm_msgs/lib:/usr/local/labor_robotik/ros2/weiss_gripper/lib:/usr/local/labor_robotik/ros2/weiss_gripper_interfaces/lib:/usr/local/labor_robotik/ros2/sicktoolbox/lib:/usr/local/labor_robotik/ros2/realsense_gazebo_plugin/lib:/usr/local/labor_robotik/ros2/p2os_device_plugins/lib:/usr/local/labor_robotik/ros2/p2os_driver/lib:/usr/local/labor_robotik/ros2/lri_webots_interface/lib:/usr/local/labor_robotik/ros2/p2os_msgs/lib:/usr/local/labor_robotik/ros2/lr_utility_lib/lib:/usr/lib/x86_64-linux-gnu/gazebo-11/plugins:/opt/ros/humble/opt/rviz_ogre_vendor/lib:/opt/ros/humble/lib/x86_64-linux-gnu:/opt/ros/humble/opt/libphidget22/lib:/opt/ros/humble/lib:/usr/share/gazebo/../../lib/x86_64-linux-gnu/gazebo-11/plugins:/usr/local/lib/:/usr/lib/x86_64-linux-gnu/:/usr/share/gazebo/../../lib/x86_64-linux-gnu/gazebo-11/plugins:/usr/share/gazebo/../../lib/x86_64-linux-gnu/gazebo-11/plugins:/usr/local/lib/:/usr/lib/x86_64-linux-gnu/ /usr/bin/cmake /home/student/Desktop/workspace/src/ouster-ros/ouster-ros -DCMAKE_INSTALL_PREFIX=/home/student/Desktop/workspace/install/ouster_ros
[1.062s] Invoking command in '/home/student/Desktop/workspace/build/ouster_ros': CMAKE_PREFIX_PATH=/home/student/Desktop/workspace/install/ouster_sensor_msgs:/home/student/Desktop/workspace/install/zed_ros2:/home/student/Desktop/workspace/install/zed_wrapper:/home/student/Desktop/workspace/install/zed_components:/home/student/Desktop/workspace/install/zed_interfaces:/home/student/Desktop/workspace/install/ouster_ros:/home/student/Desktop/workspace/install/odometry_publisher:/home/student/Desktop/workspace/install/object_tracking_messages:/usr/local/labor_robotik/ros2/xarm_planner:/usr/local/labor_robotik/ros2/xarm_moveit_servo:/usr/local/labor_robotik/ros2/lri_xarm_integration:/usr/local/labor_robotik/ros2/xarm_moveit_config:/usr/local/labor_robotik/ros2/xarm_gazebo:/usr/local/labor_robotik/ros2/xarm_controller:/usr/local/labor_robotik/ros2/xarm_api:/usr/local/labor_robotik/ros2/xarm_sdk:/usr/local/labor_robotik/ros2/xarm_msgs:/usr/local/labor_robotik/ros2/xarm_description:/usr/local/labor_robotik/ros2/weiss_gripper:/usr/local/labor_robotik/ros2/weiss_gripper_interfaces:/usr/local/labor_robotik/ros2/sicktoolbox_wrapper:/usr/local/labor_robotik/ros2/sicktoolbox:/usr/local/labor_robotik/ros2/realsense_gazebo_plugin:/usr/local/labor_robotik/ros2/p2os_witness:/usr/local/labor_robotik/ros2/p2os_launch:/usr/local/labor_robotik/ros2/p2os_urdf:/usr/local/labor_robotik/ros2/p2os_device_plugins:/usr/local/labor_robotik/ros2/p2os_driver:/usr/local/labor_robotik/ros2/lri_webots_interface:/usr/local/labor_robotik/ros2/p2os_msgs:/usr/local/labor_robotik/ros2/lr_utility_lib:/home/student/Desktop/workspace/install/yolo_tracking:/home/student/Desktop/workspace/install/sensor_presentation:/home/student/Desktop/workspace/install/position_estimation:/home/student/Desktop/workspace/install/ouster_voxel_filter:/home/student/Desktop/workspace/install/navigation:/home/student/Desktop/workspace/install/main:/opt/ros/humble LD_LIBRARY_PATH=/home/student/Desktop/workspace/install/ouster_sensor_msgs/lib:/home/student/Desktop/workspace/install/zed_components/lib:/home/student/Desktop/workspace/install/zed_interfaces/lib:/home/student/Desktop/workspace/install/ouster_ros/lib:/home/student/Desktop/workspace/install/object_tracking_messages/lib:/usr/local/labor_robotik/ros2/xarm_planner/lib:/usr/local/labor_robotik/ros2/xarm_moveit_servo/lib:/usr/local/labor_robotik/ros2/xarm_gazebo/lib:/usr/local/labor_robotik/ros2/xarm_controller/lib:/usr/local/labor_robotik/ros2/xarm_api/lib:/usr/local/labor_robotik/ros2/xarm_sdk/lib:/usr/local/labor_robotik/ros2/xarm_msgs/lib:/usr/local/labor_robotik/ros2/weiss_gripper/lib:/usr/local/labor_robotik/ros2/weiss_gripper_interfaces/lib:/usr/local/labor_robotik/ros2/sicktoolbox/lib:/usr/local/labor_robotik/ros2/realsense_gazebo_plugin/lib:/usr/local/labor_robotik/ros2/p2os_device_plugins/lib:/usr/local/labor_robotik/ros2/p2os_driver/lib:/usr/local/labor_robotik/ros2/lri_webots_interface/lib:/usr/local/labor_robotik/ros2/p2os_msgs/lib:/usr/local/labor_robotik/ros2/lr_utility_lib/lib:/usr/lib/x86_64-linux-gnu/gazebo-11/plugins:/opt/ros/humble/opt/rviz_ogre_vendor/lib:/opt/ros/humble/lib/x86_64-linux-gnu:/opt/ros/humble/opt/libphidget22/lib:/opt/ros/humble/lib:/usr/share/gazebo/../../lib/x86_64-linux-gnu/gazebo-11/plugins:/usr/local/lib/:/usr/lib/x86_64-linux-gnu/:/usr/share/gazebo/../../lib/x86_64-linux-gnu/gazebo-11/plugins:/usr/share/gazebo/../../lib/x86_64-linux-gnu/gazebo-11/plugins:/usr/local/lib/:/usr/lib/x86_64-linux-gnu/ /usr/bin/cmake --build /home/student/Desktop/workspace/build/ouster_ros -- -j16 -l16
[1.103s] [35m[1mConsolidate compiler generated dependencies of target os_sensor[0m
[1.103s] [35m[1mConsolidate compiler generated dependencies of target os_driver[0m
[1.103s] [35m[1mConsolidate compiler generated dependencies of target os_cloud[0m
[1.103s] [35m[1mConsolidate compiler generated dependencies of target os_image[0m
[1.105s] [35m[1mConsolidate compiler generated dependencies of target os_replay[0m
[1.107s] [35m[1mConsolidate compiler generated dependencies of target gtest[0m
[1.107s] [35m[1mConsolidate compiler generated dependencies of target gtest_main[0m
[1.113s] [34m[1mGenerating build info header[0m
[1.123s] [  7%] Built target os_cloud
[1.124s] [  7%] Built target os_sensor
[1.124s] [ 10%] Built target os_image
[1.126s] [ 14%] Built target gtest_main
[1.126s] [ 18%] Built target gtest
[1.128s] [ 21%] Built target os_driver
[1.130s] [ 25%] Built target os_replay
[1.143s] [ 25%] Built target ouster_generate_header
[1.155s] [35m[1mConsolidate compiler generated dependencies of target ouster_client[0m
[1.177s] [ 52%] Built target ouster_client
[1.186s] [35m[1mConsolidate compiler generated dependencies of target ouster_ros_library[0m
[1.205s] [ 56%] Built target ouster_ros_library
[1.218s] [35m[1mConsolidate compiler generated dependencies of target os_sensor_component[0m
[1.219s] [35m[1mConsolidate compiler generated dependencies of target os_replay_component[0m
[1.219s] [35m[1mConsolidate compiler generated dependencies of target os_cloud_component[0m
[1.219s] [35m[1mConsolidate compiler generated dependencies of target os_image_component[0m
[1.220s] [35m[1mConsolidate compiler generated dependencies of target os_driver_component[0m
[1.222s] [35m[1mConsolidate compiler generated dependencies of target ouster_ros_test[0m
[1.242s] [ 61%] Built target os_replay_component
[1.245s] [ 67%] Built target os_sensor_component
[1.250s] [ 74%] Built target os_cloud_component
[1.250s] [ 78%] Built target os_image_component
[1.253s] [ 85%] Built target os_driver_component
[1.263s] [100%] Built target ouster_ros_test
[1.272s] Invoked command in '/home/student/Desktop/workspace/build/ouster_ros' returned '0': CMAKE_PREFIX_PATH=/home/student/Desktop/workspace/install/ouster_sensor_msgs:/home/student/Desktop/workspace/install/zed_ros2:/home/student/Desktop/workspace/install/zed_wrapper:/home/student/Desktop/workspace/install/zed_components:/home/student/Desktop/workspace/install/zed_interfaces:/home/student/Desktop/workspace/install/ouster_ros:/home/student/Desktop/workspace/install/odometry_publisher:/home/student/Desktop/workspace/install/object_tracking_messages:/usr/local/labor_robotik/ros2/xarm_planner:/usr/local/labor_robotik/ros2/xarm_moveit_servo:/usr/local/labor_robotik/ros2/lri_xarm_integration:/usr/local/labor_robotik/ros2/xarm_moveit_config:/usr/local/labor_robotik/ros2/xarm_gazebo:/usr/local/labor_robotik/ros2/xarm_controller:/usr/local/labor_robotik/ros2/xarm_api:/usr/local/labor_robotik/ros2/xarm_sdk:/usr/local/labor_robotik/ros2/xarm_msgs:/usr/local/labor_robotik/ros2/xarm_description:/usr/local/labor_robotik/ros2/weiss_gripper:/usr/local/labor_robotik/ros2/weiss_gripper_interfaces:/usr/local/labor_robotik/ros2/sicktoolbox_wrapper:/usr/local/labor_robotik/ros2/sicktoolbox:/usr/local/labor_robotik/ros2/realsense_gazebo_plugin:/usr/local/labor_robotik/ros2/p2os_witness:/usr/local/labor_robotik/ros2/p2os_launch:/usr/local/labor_robotik/ros2/p2os_urdf:/usr/local/labor_robotik/ros2/p2os_device_plugins:/usr/local/labor_robotik/ros2/p2os_driver:/usr/local/labor_robotik/ros2/lri_webots_interface:/usr/local/labor_robotik/ros2/p2os_msgs:/usr/local/labor_robotik/ros2/lr_utility_lib:/home/student/Desktop/workspace/install/yolo_tracking:/home/student/Desktop/workspace/install/sensor_presentation:/home/student/Desktop/workspace/install/position_estimation:/home/student/Desktop/workspace/install/ouster_voxel_filter:/home/student/Desktop/workspace/install/navigation:/home/student/Desktop/workspace/install/main:/opt/ros/humble LD_LIBRARY_PATH=/home/student/Desktop/workspace/install/ouster_sensor_msgs/lib:/home/student/Desktop/workspace/install/zed_components/lib:/home/student/Desktop/workspace/install/zed_interfaces/lib:/home/student/Desktop/workspace/install/ouster_ros/lib:/home/student/Desktop/workspace/install/object_tracking_messages/lib:/usr/local/labor_robotik/ros2/xarm_planner/lib:/usr/local/labor_robotik/ros2/xarm_moveit_servo/lib:/usr/local/labor_robotik/ros2/xarm_gazebo/lib:/usr/local/labor_robotik/ros2/xarm_controller/lib:/usr/local/labor_robotik/ros2/xarm_api/lib:/usr/local/labor_robotik/ros2/xarm_sdk/lib:/usr/local/labor_robotik/ros2/xarm_msgs/lib:/usr/local/labor_robotik/ros2/weiss_gripper/lib:/usr/local/labor_robotik/ros2/weiss_gripper_interfaces/lib:/usr/local/labor_robotik/ros2/sicktoolbox/lib:/usr/local/labor_robotik/ros2/realsense_gazebo_plugin/lib:/usr/local/labor_robotik/ros2/p2os_device_plugins/lib:/usr/local/labor_robotik/ros2/p2os_driver/lib:/usr/local/labor_robotik/ros2/lri_webots_interface/lib:/usr/local/labor_robotik/ros2/p2os_msgs/lib:/usr/local/labor_robotik/ros2/lr_utility_lib/lib:/usr/lib/x86_64-linux-gnu/gazebo-11/plugins:/opt/ros/humble/opt/rviz_ogre_vendor/lib:/opt/ros/humble/lib/x86_64-linux-gnu:/opt/ros/humble/opt/libphidget22/lib:/opt/ros/humble/lib:/usr/share/gazebo/../../lib/x86_64-linux-gnu/gazebo-11/plugins:/usr/local/lib/:/usr/lib/x86_64-linux-gnu/:/usr/share/gazebo/../../lib/x86_64-linux-gnu/gazebo-11/plugins:/usr/share/gazebo/../../lib/x86_64-linux-gnu/gazebo-11/plugins:/usr/local/lib/:/usr/lib/x86_64-linux-gnu/ /usr/bin/cmake --build /home/student/Desktop/workspace/build/ouster_ros -- -j16 -l16
[1.357s] Invoking command in '/home/student/Desktop/workspace/build/ouster_ros': CMAKE_PREFIX_PATH=/home/student/Desktop/workspace/install/ouster_sensor_msgs:/home/student/Desktop/workspace/install/zed_ros2:/home/student/Desktop/workspace/install/zed_wrapper:/home/student/Desktop/workspace/install/zed_components:/home/student/Desktop/workspace/install/zed_interfaces:/home/student/Desktop/workspace/install/ouster_ros:/home/student/Desktop/workspace/install/odometry_publisher:/home/student/Desktop/workspace/install/object_tracking_messages:/usr/local/labor_robotik/ros2/xarm_planner:/usr/local/labor_robotik/ros2/xarm_moveit_servo:/usr/local/labor_robotik/ros2/lri_xarm_integration:/usr/local/labor_robotik/ros2/xarm_moveit_config:/usr/local/labor_robotik/ros2/xarm_gazebo:/usr/local/labor_robotik/ros2/xarm_controller:/usr/local/labor_robotik/ros2/xarm_api:/usr/local/labor_robotik/ros2/xarm_sdk:/usr/local/labor_robotik/ros2/xarm_msgs:/usr/local/labor_robotik/ros2/xarm_description:/usr/local/labor_robotik/ros2/weiss_gripper:/usr/local/labor_robotik/ros2/weiss_gripper_interfaces:/usr/local/labor_robotik/ros2/sicktoolbox_wrapper:/usr/local/labor_robotik/ros2/sicktoolbox:/usr/local/labor_robotik/ros2/realsense_gazebo_plugin:/usr/local/labor_robotik/ros2/p2os_witness:/usr/local/labor_robotik/ros2/p2os_launch:/usr/local/labor_robotik/ros2/p2os_urdf:/usr/local/labor_robotik/ros2/p2os_device_plugins:/usr/local/labor_robotik/ros2/p2os_driver:/usr/local/labor_robotik/ros2/lri_webots_interface:/usr/local/labor_robotik/ros2/p2os_msgs:/usr/local/labor_robotik/ros2/lr_utility_lib:/home/student/Desktop/workspace/install/yolo_tracking:/home/student/Desktop/workspace/install/sensor_presentation:/home/student/Desktop/workspace/install/position_estimation:/home/student/Desktop/workspace/install/ouster_voxel_filter:/home/student/Desktop/workspace/install/navigation:/home/student/Desktop/workspace/install/main:/opt/ros/humble LD_LIBRARY_PATH=/home/student/Desktop/workspace/install/ouster_sensor_msgs/lib:/home/student/Desktop/workspace/install/zed_components/lib:/home/student/Desktop/workspace/install/zed_interfaces/lib:/home/student/Desktop/workspace/install/ouster_ros/lib:/home/student/Desktop/workspace/install/object_tracking_messages/lib:/usr/local/labor_robotik/ros2/xarm_planner/lib:/usr/local/labor_robotik/ros2/xarm_moveit_servo/lib:/usr/local/labor_robotik/ros2/xarm_gazebo/lib:/usr/local/labor_robotik/ros2/xarm_controller/lib:/usr/local/labor_robotik/ros2/xarm_api/lib:/usr/local/labor_robotik/ros2/xarm_sdk/lib:/usr/local/labor_robotik/ros2/xarm_msgs/lib:/usr/local/labor_robotik/ros2/weiss_gripper/lib:/usr/local/labor_robotik/ros2/weiss_gripper_interfaces/lib:/usr/local/labor_robotik/ros2/sicktoolbox/lib:/usr/local/labor_robotik/ros2/realsense_gazebo_plugin/lib:/usr/local/labor_robotik/ros2/p2os_device_plugins/lib:/usr/local/labor_robotik/ros2/p2os_driver/lib:/usr/local/labor_robotik/ros2/lri_webots_interface/lib:/usr/local/labor_robotik/ros2/p2os_msgs/lib:/usr/local/labor_robotik/ros2/lr_utility_lib/lib:/usr/lib/x86_64-linux-gnu/gazebo-11/plugins:/opt/ros/humble/opt/rviz_ogre_vendor/lib:/opt/ros/humble/lib/x86_64-linux-gnu:/opt/ros/humble/opt/libphidget22/lib:/opt/ros/humble/lib:/usr/share/gazebo/../../lib/x86_64-linux-gnu/gazebo-11/plugins:/usr/local/lib/:/usr/lib/x86_64-linux-gnu/:/usr/share/gazebo/../../lib/x86_64-linux-gnu/gazebo-11/plugins:/usr/share/gazebo/../../lib/x86_64-linux-gnu/gazebo-11/plugins:/usr/local/lib/:/usr/lib/x86_64-linux-gnu/ /usr/bin/cmake --install /home/student/Desktop/workspace/build/ouster_ros
[1.363s] -- Install configuration: "Release"
[1.364s] -- Execute custom install script
[1.364s] -- Up-to-date symlink: /home/student/Desktop/workspace/install/ouster_ros/include/ouster/impl/build.h
[1.364s] -- Up-to-date symlink: /home/student/Desktop/workspace/install/ouster_ros/include/ouster/buffered_udp_source.h
[1.364s] -- Up-to-date symlink: /home/student/Desktop/workspace/install/ouster_ros/include/ouster/client.h
[1.364s] -- Up-to-date symlink: /home/student/Desktop/workspace/install/ouster_ros/include/ouster/defaults.h
[1.365s] -- Up-to-date symlink: /home/student/Desktop/workspace/install/ouster_ros/include/ouster/image_processing.h
[1.365s] -- Up-to-date symlink: /home/student/Desktop/workspace/install/ouster_ros/include/ouster/impl/cartesian.h
[1.365s] -- Up-to-date symlink: /home/student/Desktop/workspace/install/ouster_ros/include/ouster/impl/lidar_scan_impl.h
[1.365s] -- Up-to-date symlink: /home/student/Desktop/workspace/install/ouster_ros/include/ouster/impl/packet_writer.h
[1.365s] -- Up-to-date symlink: /home/student/Desktop/workspace/install/ouster_ros/include/ouster/impl/profile_extension.h
[1.365s] -- Up-to-date symlink: /home/student/Desktop/workspace/install/ouster_ros/include/ouster/lidar_scan.h
[1.365s] -- Up-to-date symlink: /home/student/Desktop/workspace/install/ouster_ros/include/ouster/sensor_http.h
[1.366s] -- Up-to-date symlink: /home/student/Desktop/workspace/install/ouster_ros/include/ouster/types.h
[1.366s] -- Up-to-date symlink: /home/student/Desktop/workspace/install/ouster_ros/include/ouster/util.h
[1.366s] -- Up-to-date symlink: /home/student/Desktop/workspace/install/ouster_ros/include/ouster/version.h
[1.366s] -- Up-to-date symlink: /home/student/Desktop/workspace/install/ouster_ros/include/optional-lite/nonstd/optional.hpp
[1.366s] -- Up-to-date symlink: /home/student/Desktop/workspace/install/ouster_ros/lib/cmake/OusterSDK/OusterSDKConfig.cmake
[1.366s] -- Up-to-date symlink: /home/student/Desktop/workspace/install/ouster_ros/lib/cmake/OusterSDK/OusterSDKConfigVersion.cmake
[1.367s] -- Up-to-date symlink: /home/student/Desktop/workspace/install/ouster_ros/share/LICENSE
[1.367s] -- Up-to-date symlink: /home/student/Desktop/workspace/install/ouster_ros/share/LICENSE-bin
[1.367s] -- Up-to-date symlink: /home/student/Desktop/workspace/install/ouster_ros/lib/ouster_ros/os_sensor
[1.367s] -- Up-to-date symlink: /home/student/Desktop/workspace/install/ouster_ros/lib/ouster_ros/os_replay
[1.367s] -- Up-to-date symlink: /home/student/Desktop/workspace/install/ouster_ros/lib/ouster_ros/os_cloud
[1.368s] -- Up-to-date symlink: /home/student/Desktop/workspace/install/ouster_ros/lib/ouster_ros/os_image
[1.368s] -- Up-to-date symlink: /home/student/Desktop/workspace/install/ouster_ros/lib/ouster_ros/os_driver
[1.368s] -- Up-to-date symlink: /home/student/Desktop/workspace/install/ouster_ros/lib/libouster_ros_library.so
[1.368s] -- Up-to-date symlink: /home/student/Desktop/workspace/install/ouster_ros/lib/libos_sensor_component.so
[1.369s] -- Up-to-date symlink: /home/student/Desktop/workspace/install/ouster_ros/lib/libos_replay_component.so
[1.369s] -- Up-to-date symlink: /home/student/Desktop/workspace/install/ouster_ros/lib/libos_cloud_component.so
[1.369s] -- Up-to-date symlink: /home/student/Desktop/workspace/install/ouster_ros/lib/libos_image_component.so
[1.369s] -- Up-to-date symlink: /home/student/Desktop/workspace/install/ouster_ros/lib/libos_driver_component.so
[1.369s] -- Up-to-date symlink: /home/student/Desktop/workspace/install/ouster_ros/include/ouster_ros/include/ouster_ros/common_point_types.h
[1.369s] -- Up-to-date symlink: /home/student/Desktop/workspace/install/ouster_ros/include/ouster_ros/include/ouster_ros/os_point.h
[1.369s] -- Up-to-date symlink: /home/student/Desktop/workspace/install/ouster_ros/include/ouster_ros/include/ouster_ros/os_processing_node_base.h
[1.369s] -- Up-to-date symlink: /home/student/Desktop/workspace/install/ouster_ros/include/ouster_ros/include/ouster_ros/os_ros.h
[1.370s] -- Up-to-date symlink: /home/student/Desktop/workspace/install/ouster_ros/include/ouster_ros/include/ouster_ros/os_sensor_node_base.h
[1.370s] -- Up-to-date symlink: /home/student/Desktop/workspace/install/ouster_ros/include/ouster_ros/include/ouster_ros/sensor_point_types.h
[1.370s] -- Up-to-date symlink: /home/student/Desktop/workspace/install/ouster_ros/include/ouster_ros/include/ouster_ros/visibility_control.h
[1.370s] -- Up-to-date symlink: /home/student/Desktop/workspace/install/ouster_ros/include/ouster_ros/include/optional-lite/nonstd/optional.hpp
[1.370s] -- Up-to-date symlink: /home/student/Desktop/workspace/install/ouster_ros/include/ouster_ros/include/ouster/buffered_udp_source.h
[1.370s] -- Up-to-date symlink: /home/student/Desktop/workspace/install/ouster_ros/include/ouster_ros/include/ouster/client.h
[1.370s] -- Up-to-date symlink: /home/student/Desktop/workspace/install/ouster_ros/include/ouster_ros/include/ouster/defaults.h
[1.370s] -- Up-to-date symlink: /home/student/Desktop/workspace/install/ouster_ros/include/ouster_ros/include/ouster/image_processing.h
[1.371s] -- Up-to-date symlink: /home/student/Desktop/workspace/install/ouster_ros/include/ouster_ros/include/ouster/impl/cartesian.h
[1.371s] -- Up-to-date symlink: /home/student/Desktop/workspace/install/ouster_ros/include/ouster_ros/include/ouster/impl/lidar_scan_impl.h
[1.371s] -- Up-to-date symlink: /home/student/Desktop/workspace/install/ouster_ros/include/ouster_ros/include/ouster/impl/packet_writer.h
[1.371s] -- Up-to-date symlink: /home/student/Desktop/workspace/install/ouster_ros/include/ouster_ros/include/ouster/impl/profile_extension.h
[1.371s] -- Up-to-date symlink: /home/student/Desktop/workspace/install/ouster_ros/include/ouster_ros/include/ouster/lidar_scan.h
[1.371s] -- Up-to-date symlink: /home/student/Desktop/workspace/install/ouster_ros/include/ouster_ros/include/ouster/sensor_http.h
[1.371s] -- Up-to-date symlink: /home/student/Desktop/workspace/install/ouster_ros/include/ouster_ros/include/ouster/types.h
[1.371s] -- Up-to-date symlink: /home/student/Desktop/workspace/install/ouster_ros/include/ouster_ros/include/ouster/util.h
[1.371s] -- Up-to-date symlink: /home/student/Desktop/workspace/install/ouster_ros/include/ouster_ros/include/ouster/version.h
[1.371s] -- Up-to-date symlink: /home/student/Desktop/workspace/install/ouster_ros/include/ouster_ros/optional-lite/nonstd/optional.hpp
[1.372s] -- Up-to-date symlink: /home/student/Desktop/workspace/install/ouster_ros/include/ouster_ros/include/ouster/indexed_pcap_reader.h
[1.372s] -- Up-to-date symlink: /home/student/Desktop/workspace/install/ouster_ros/include/ouster_ros/include/ouster/os_pcap.h
[1.372s] -- Up-to-date symlink: /home/student/Desktop/workspace/install/ouster_ros/include/ouster_ros/include/ouster/pcap.h
[1.372s] -- Up-to-date symlink: /home/student/Desktop/workspace/install/ouster_ros/share/ouster_ros/LICENSE
[1.372s] -- Up-to-date symlink: /home/student/Desktop/workspace/install/ouster_ros/share/ouster_ros/launch/__pycache__/driver.launch.cpython-310.pyc
[1.372s] -- Up-to-date symlink: /home/student/Desktop/workspace/install/ouster_ros/share/ouster_ros/launch/driver.launch.py
[1.372s] -- Up-to-date symlink: /home/student/Desktop/workspace/install/ouster_ros/share/ouster_ros/launch/driver_launch.py
[1.373s] -- Up-to-date symlink: /home/student/Desktop/workspace/install/ouster_ros/share/ouster_ros/launch/record.composite.launch.xml
[1.373s] -- Up-to-date symlink: /home/student/Desktop/workspace/install/ouster_ros/share/ouster_ros/launch/record.launch.xml
[1.373s] -- Up-to-date symlink: /home/student/Desktop/workspace/install/ouster_ros/share/ouster_ros/launch/replay.composite.launch.xml
[1.373s] -- Up-to-date symlink: /home/student/Desktop/workspace/install/ouster_ros/share/ouster_ros/launch/replay.launch.xml
[1.373s] -- Up-to-date symlink: /home/student/Desktop/workspace/install/ouster_ros/share/ouster_ros/launch/replay_pcap.launch.xml
[1.373s] -- Up-to-date symlink: /home/student/Desktop/workspace/install/ouster_ros/share/ouster_ros/launch/rviz.launch.py
[1.373s] -- Up-to-date symlink: /home/student/Desktop/workspace/install/ouster_ros/share/ouster_ros/launch/rviz.launch.xml
[1.373s] -- Up-to-date symlink: /home/student/Desktop/workspace/install/ouster_ros/share/ouster_ros/launch/sensor.composite.launch.py
[1.373s] -- Up-to-date symlink: /home/student/Desktop/workspace/install/ouster_ros/share/ouster_ros/launch/sensor.composite.launch.xml
[1.373s] -- Up-to-date symlink: /home/student/Desktop/workspace/install/ouster_ros/share/ouster_ros/launch/sensor.independent.launch.py
[1.373s] -- Up-to-date symlink: /home/student/Desktop/workspace/install/ouster_ros/share/ouster_ros/launch/sensor.independent.launch.xml
[1.373s] -- Up-to-date symlink: /home/student/Desktop/workspace/install/ouster_ros/share/ouster_ros/launch/sensor.launch.xml
[1.373s] -- Up-to-date symlink: /home/student/Desktop/workspace/install/ouster_ros/share/ouster_ros/launch/sensor_mtp.launch.xml
[1.374s] -- Up-to-date symlink: /home/student/Desktop/workspace/install/ouster_ros/share/ouster_ros/config/community_driver.rviz
[1.374s] -- Up-to-date symlink: /home/student/Desktop/workspace/install/ouster_ros/share/ouster_ros/config/community_driver_config.yaml
[1.374s] -- Up-to-date symlink: /home/student/Desktop/workspace/install/ouster_ros/share/ouster_ros/config/driver_params.yaml
[1.374s] -- Up-to-date symlink: /home/student/Desktop/workspace/install/ouster_ros/share/ouster_ros/config/metadata-qos-override.yaml
[1.374s] -- Up-to-date symlink: /home/student/Desktop/workspace/install/ouster_ros/share/ouster_ros/config/os_sensor_cloud_image_params.yaml
[1.374s] -- Up-to-date symlink: /home/student/Desktop/workspace/install/ouster_ros/share/ouster_ros/config/viz-reliable.rviz
[1.374s] -- Up-to-date symlink: /home/student/Desktop/workspace/install/ouster_ros/share/ouster_ros/config/viz.rviz
[1.374s] -- Up-to-date symlink: /home/student/Desktop/workspace/install/ouster_ros/share/ouster_ros/environment/library_path.sh
[1.374s] -- Up-to-date symlink: /home/student/Desktop/workspace/install/ouster_ros/share/ouster_ros/environment/library_path.dsv
[1.375s] -- Up-to-date symlink: /home/student/Desktop/workspace/install/ouster_ros/share/ament_index/resource_index/package_run_dependencies/ouster_ros
[1.375s] -- Up-to-date symlink: /home/student/Desktop/workspace/install/ouster_ros/share/ament_index/resource_index/parent_prefix_path/ouster_ros
[1.375s] -- Up-to-date symlink: /home/student/Desktop/workspace/install/ouster_ros/share/ouster_ros/environment/ament_prefix_path.sh
[1.375s] -- Up-to-date symlink: /home/student/Desktop/workspace/install/ouster_ros/share/ouster_ros/environment/ament_prefix_path.dsv
[1.375s] -- Up-to-date symlink: /home/student/Desktop/workspace/install/ouster_ros/share/ouster_ros/environment/path.sh
[1.375s] -- Up-to-date symlink: /home/student/Desktop/workspace/install/ouster_ros/share/ouster_ros/environment/path.dsv
[1.375s] -- Up-to-date symlink: /home/student/Desktop/workspace/install/ouster_ros/share/ouster_ros/local_setup.bash
[1.375s] -- Up-to-date symlink: /home/student/Desktop/workspace/install/ouster_ros/share/ouster_ros/local_setup.sh
[1.376s] -- Up-to-date symlink: /home/student/Desktop/workspace/install/ouster_ros/share/ouster_ros/local_setup.zsh
[1.376s] -- Up-to-date symlink: /home/student/Desktop/workspace/install/ouster_ros/share/ouster_ros/local_setup.dsv
[1.376s] -- Symlinking: /home/student/Desktop/workspace/install/ouster_ros/share/ouster_ros/package.dsv
[1.383s] -- Up-to-date symlink: /home/student/Desktop/workspace/install/ouster_ros/share/ament_index/resource_index/packages/ouster_ros
[1.383s] -- Up-to-date symlink: /home/student/Desktop/workspace/install/ouster_ros/share/ament_index/resource_index/rclcpp_components/ouster_ros
[1.383s] -- Up-to-date symlink: /home/student/Desktop/workspace/install/ouster_ros/share/ouster_ros/cmake/ament_cmake_export_include_directories-extras.cmake
[1.383s] -- Up-to-date symlink: /home/student/Desktop/workspace/install/ouster_ros/share/ouster_ros/cmake/ament_cmake_export_dependencies-extras.cmake
[1.383s] -- Up-to-date symlink: /home/student/Desktop/workspace/install/ouster_ros/share/ouster_ros/cmake/ament_cmake_export_libraries-extras.cmake
[1.383s] -- Up-to-date symlink: /home/student/Desktop/workspace/install/ouster_ros/share/ouster_ros/cmake/ouster_rosConfig.cmake
[1.383s] -- Up-to-date symlink: /home/student/Desktop/workspace/install/ouster_ros/share/ouster_ros/cmake/ouster_rosConfig-version.cmake
[1.383s] -- Up-to-date symlink: /home/student/Desktop/workspace/install/ouster_ros/share/ouster_ros/package.xml
[1.385s] Invoked command in '/home/student/Desktop/workspace/build/ouster_ros' returned '0': CMAKE_PREFIX_PATH=/home/student/Desktop/workspace/install/ouster_sensor_msgs:/home/student/Desktop/workspace/install/zed_ros2:/home/student/Desktop/workspace/install/zed_wrapper:/home/student/Desktop/workspace/install/zed_components:/home/student/Desktop/workspace/install/zed_interfaces:/home/student/Desktop/workspace/install/ouster_ros:/home/student/Desktop/workspace/install/odometry_publisher:/home/student/Desktop/workspace/install/object_tracking_messages:/usr/local/labor_robotik/ros2/xarm_planner:/usr/local/labor_robotik/ros2/xarm_moveit_servo:/usr/local/labor_robotik/ros2/lri_xarm_integration:/usr/local/labor_robotik/ros2/xarm_moveit_config:/usr/local/labor_robotik/ros2/xarm_gazebo:/usr/local/labor_robotik/ros2/xarm_controller:/usr/local/labor_robotik/ros2/xarm_api:/usr/local/labor_robotik/ros2/xarm_sdk:/usr/local/labor_robotik/ros2/xarm_msgs:/usr/local/labor_robotik/ros2/xarm_description:/usr/local/labor_robotik/ros2/weiss_gripper:/usr/local/labor_robotik/ros2/weiss_gripper_interfaces:/usr/local/labor_robotik/ros2/sicktoolbox_wrapper:/usr/local/labor_robotik/ros2/sicktoolbox:/usr/local/labor_robotik/ros2/realsense_gazebo_plugin:/usr/local/labor_robotik/ros2/p2os_witness:/usr/local/labor_robotik/ros2/p2os_launch:/usr/local/labor_robotik/ros2/p2os_urdf:/usr/local/labor_robotik/ros2/p2os_device_plugins:/usr/local/labor_robotik/ros2/p2os_driver:/usr/local/labor_robotik/ros2/lri_webots_interface:/usr/local/labor_robotik/ros2/p2os_msgs:/usr/local/labor_robotik/ros2/lr_utility_lib:/home/student/Desktop/workspace/install/yolo_tracking:/home/student/Desktop/workspace/install/sensor_presentation:/home/student/Desktop/workspace/install/position_estimation:/home/student/Desktop/workspace/install/ouster_voxel_filter:/home/student/Desktop/workspace/install/navigation:/home/student/Desktop/workspace/install/main:/opt/ros/humble LD_LIBRARY_PATH=/home/student/Desktop/workspace/install/ouster_sensor_msgs/lib:/home/student/Desktop/workspace/install/zed_components/lib:/home/student/Desktop/workspace/install/zed_interfaces/lib:/home/student/Desktop/workspace/install/ouster_ros/lib:/home/student/Desktop/workspace/install/object_tracking_messages/lib:/usr/local/labor_robotik/ros2/xarm_planner/lib:/usr/local/labor_robotik/ros2/xarm_moveit_servo/lib:/usr/local/labor_robotik/ros2/xarm_gazebo/lib:/usr/local/labor_robotik/ros2/xarm_controller/lib:/usr/local/labor_robotik/ros2/xarm_api/lib:/usr/local/labor_robotik/ros2/xarm_sdk/lib:/usr/local/labor_robotik/ros2/xarm_msgs/lib:/usr/local/labor_robotik/ros2/weiss_gripper/lib:/usr/local/labor_robotik/ros2/weiss_gripper_interfaces/lib:/usr/local/labor_robotik/ros2/sicktoolbox/lib:/usr/local/labor_robotik/ros2/realsense_gazebo_plugin/lib:/usr/local/labor_robotik/ros2/p2os_device_plugins/lib:/usr/local/labor_robotik/ros2/p2os_driver/lib:/usr/local/labor_robotik/ros2/lri_webots_interface/lib:/usr/local/labor_robotik/ros2/p2os_msgs/lib:/usr/local/labor_robotik/ros2/lr_utility_lib/lib:/usr/lib/x86_64-linux-gnu/gazebo-11/plugins:/opt/ros/humble/opt/rviz_ogre_vendor/lib:/opt/ros/humble/lib/x86_64-linux-gnu:/opt/ros/humble/opt/libphidget22/lib:/opt/ros/humble/lib:/usr/share/gazebo/../../lib/x86_64-linux-gnu/gazebo-11/plugins:/usr/local/lib/:/usr/lib/x86_64-linux-gnu/:/usr/share/gazebo/../../lib/x86_64-linux-gnu/gazebo-11/plugins:/usr/share/gazebo/../../lib/x86_64-linux-gnu/gazebo-11/plugins:/usr/local/lib/:/usr/lib/x86_64-linux-gnu/ /usr/bin/cmake --install /home/student/Desktop/workspace/build/ouster_ros
