[0.707s] Invoking command in '/home/student/Desktop/Follow-Person-Goal-Publisher-ROS2/build/main': PYTHONPATH=/home/student/Desktop/Follow-Person-Goal-Publisher-ROS2/build/main/prefix_override:/usr/lib/python3/dist-packages/colcon_core/task/python/colcon_distutils_commands:/home/student/Desktop/Follow-Person-Goal-Publisher-ROS2/install/main/lib/python3.10/site-packages:${PYTHONPATH} /usr/bin/python3 -W ignore:setup.py install is deprecated setup.py develop --editable --build-directory /home/student/Desktop/Follow-Person-Goal-Publisher-ROS2/build/main/build --no-deps symlink_data
[0.983s] running develop
[0.983s] /usr/lib/python3/dist-packages/setuptools/command/easy_install.py:158: EasyInstallDeprecationWarning: easy_install command is deprecated. Use build and pip and other standards-based tools.
[0.983s]   warnings.warn(
[1.234s] running egg_info
[1.234s] creating main.egg-info
[1.235s] writing main.egg-info/PKG-INFO
[1.235s] writing dependency_links to main.egg-info/dependency_links.txt
[1.235s] writing entry points to main.egg-info/entry_points.txt
[1.236s] writing requirements to main.egg-info/requires.txt
[1.236s] writing top-level names to main.egg-info/top_level.txt
[1.236s] writing manifest file 'main.egg-info/SOURCES.txt'
[1.238s] reading manifest file 'main.egg-info/SOURCES.txt'
[1.239s] writing manifest file 'main.egg-info/SOURCES.txt'
[1.284s] running build_ext
[1.284s] Creating /home/student/Desktop/Follow-Person-Goal-Publisher-ROS2/install/main/lib/python3.10/site-packages/main.egg-link (link to .)
[1.285s] Installing goal_publisher_node script to /home/student/Desktop/Follow-Person-Goal-Publisher-ROS2/install/main/lib/main
[1.285s] Installing object_detection_node script to /home/student/Desktop/Follow-Person-Goal-Publisher-ROS2/install/main/lib/main
[1.285s] Installing position_estimation_node script to /home/student/Desktop/Follow-Person-Goal-Publisher-ROS2/install/main/lib/main
[1.285s] Installing sensor_presentation_node script to /home/student/Desktop/Follow-Person-Goal-Publisher-ROS2/install/main/lib/main
[1.286s] 
[1.286s] Installed /home/student/Desktop/Follow-Person-Goal-Publisher-ROS2/build/main
[1.286s] running symlink_data
[1.286s] creating /home/student/Desktop/Follow-Person-Goal-Publisher-ROS2/install/main/share/ament_index
[1.286s] creating /home/student/Desktop/Follow-Person-Goal-Publisher-ROS2/install/main/share/ament_index/resource_index
[1.286s] creating /home/student/Desktop/Follow-Person-Goal-Publisher-ROS2/install/main/share/ament_index/resource_index/packages
[1.286s] symbolically linking /home/student/Desktop/Follow-Person-Goal-Publisher-ROS2/build/main/resource/main -> /home/student/Desktop/Follow-Person-Goal-Publisher-ROS2/install/main/share/ament_index/resource_index/packages
[1.286s] symbolically linking /home/student/Desktop/Follow-Person-Goal-Publisher-ROS2/build/main/package.xml -> /home/student/Desktop/Follow-Person-Goal-Publisher-ROS2/install/main/share/main
[1.286s] creating /home/student/Desktop/Follow-Person-Goal-Publisher-ROS2/install/main/share/main/launch
[1.286s] symbolically linking /home/student/Desktop/Follow-Person-Goal-Publisher-ROS2/build/main/launch/main_launch.py -> /home/student/Desktop/Follow-Person-Goal-Publisher-ROS2/install/main/share/main/launch
[1.319s] Invoked command in '/home/student/Desktop/Follow-Person-Goal-Publisher-ROS2/build/main' returned '0': PYTHONPATH=/home/student/Desktop/Follow-Person-Goal-Publisher-ROS2/build/main/prefix_override:/usr/lib/python3/dist-packages/colcon_core/task/python/colcon_distutils_commands:/home/student/Desktop/Follow-Person-Goal-Publisher-ROS2/install/main/lib/python3.10/site-packages:${PYTHONPATH} /usr/bin/python3 -W ignore:setup.py install is deprecated setup.py develop --editable --build-directory /home/student/Desktop/Follow-Person-Goal-Publisher-ROS2/build/main/build --no-deps symlink_data
