[2.784s] Invoking command in '/home/student/Desktop/workspace/src/yolo_tracking': PYTHONPATH=/home/student/Desktop/workspace/build/yolo_tracking/prefix_override:/usr/lib/python3/dist-packages/colcon_core/task/python/colcon_distutils_commands:/home/student/Desktop/workspace/install/yolo_tracking/lib/python3.10/site-packages:${PYTHONPATH} /usr/bin/python3 -W ignore:setup.py install is deprecated setup.py egg_info --egg-base ../../build/yolo_tracking build --build-base /home/student/Desktop/workspace/build/yolo_tracking/build install --record /home/student/Desktop/workspace/build/yolo_tracking/install.log --single-version-externally-managed install_data
[3.370s] running egg_info
[3.373s] writing ../../build/yolo_tracking/yolo_tracking.egg-info/PKG-INFO
[3.373s] writing dependency_links to ../../build/yolo_tracking/yolo_tracking.egg-info/dependency_links.txt
[3.373s] writing entry points to ../../build/yolo_tracking/yolo_tracking.egg-info/entry_points.txt
[3.374s] writing requirements to ../../build/yolo_tracking/yolo_tracking.egg-info/requires.txt
[3.374s] writing top-level names to ../../build/yolo_tracking/yolo_tracking.egg-info/top_level.txt
[3.378s] reading manifest file '../../build/yolo_tracking/yolo_tracking.egg-info/SOURCES.txt'
[3.380s] writing manifest file '../../build/yolo_tracking/yolo_tracking.egg-info/SOURCES.txt'
[3.380s] running build
[3.380s] running build_py
[3.381s] running install
[3.381s] running install_lib
[3.385s] byte-compiling /home/student/Desktop/workspace/install/yolo_tracking/lib/python3.10/site-packages/yolo_tracking/object_detection_node.py to object_detection_node.cpython-310.pyc
[3.385s] byte-compiling /home/student/Desktop/workspace/install/yolo_tracking/lib/python3.10/site-packages/yolo_tracking/__init__.py to __init__.cpython-310.pyc
[3.385s] running install_data
[3.385s] running install_egg_info
[3.388s] removing '/home/student/Desktop/workspace/install/yolo_tracking/lib/python3.10/site-packages/yolo_tracking-0.0.0-py3.10.egg-info' (and everything under it)
[3.389s] Copying ../../build/yolo_tracking/yolo_tracking.egg-info to /home/student/Desktop/workspace/install/yolo_tracking/lib/python3.10/site-packages/yolo_tracking-0.0.0-py3.10.egg-info
[3.395s] running install_scripts
[3.431s] Installing object_detection_node script to /home/student/Desktop/workspace/install/yolo_tracking/lib/yolo_tracking
[3.431s] writing list of installed files to '/home/student/Desktop/workspace/build/yolo_tracking/install.log'
[3.488s] Invoked command in '/home/student/Desktop/workspace/src/yolo_tracking' returned '0': PYTHONPATH=/home/student/Desktop/workspace/build/yolo_tracking/prefix_override:/usr/lib/python3/dist-packages/colcon_core/task/python/colcon_distutils_commands:/home/student/Desktop/workspace/install/yolo_tracking/lib/python3.10/site-packages:${PYTHONPATH} /usr/bin/python3 -W ignore:setup.py install is deprecated setup.py egg_info --egg-base ../../build/yolo_tracking build --build-base /home/student/Desktop/workspace/build/yolo_tracking/build install --record /home/student/Desktop/workspace/build/yolo_tracking/install.log --single-version-externally-managed install_data
