[0.010s] Invoking command in '/home/student/Desktop/workspace/build/odometry_publisher': CMAKE_PREFIX_PATH=${CMAKE_PREFIX_PATH}:/home/student/Desktop/workspace/install/ouster_voxel_filter:/home/student/Desktop/workspace/install/yolo_tracking:/home/student/Desktop/workspace/install/sensor_presentation:/home/student/Desktop/workspace/install/position_estimation:/home/student/Desktop/workspace/install/navigation:/home/student/Desktop/workspace/install/main:/opt/ros/humble /home/student/.local/bin/cmake /home/student/Desktop/workspace/src/odometry_publisher -DCMAKE_INSTALL_PREFIX=/home/student/Desktop/workspace/install/odometry_publisher
[0.041s] -- Found ament_cmake: 1.3.10 (/opt/ros/humble/share/ament_cmake/cmake)
[0.119s] -- Override CMake install command with custom implementation using symlinks instead of copying resources
[0.125s] -- Found rclcpp: 16.0.10 (/opt/ros/humble/share/rclcpp/cmake)
[0.155s] -- Found rosidl_generator_c: 3.1.5 (/opt/ros/humble/share/rosidl_generator_c/cmake)
[0.158s] -- Found rosidl_adapter: 3.1.5 (/opt/ros/humble/share/rosidl_adapter/cmake)
[0.164s] -- Found rosidl_generator_cpp: 3.1.5 (/opt/ros/humble/share/rosidl_generator_cpp/cmake)
[0.175s] -- Using all available rosidl_typesupport_c: rosidl_typesupport_fastrtps_c;rosidl_typesupport_introspection_c
[0.190s] -- Using all available rosidl_typesupport_cpp: rosidl_typesupport_fastrtps_cpp;rosidl_typesupport_introspection_cpp
[0.226s] -- Found rmw_implementation_cmake: 6.1.2 (/opt/ros/humble/share/rmw_implementation_cmake/cmake)
[0.228s] -- Found rmw_fastrtps_cpp: 6.2.7 (/opt/ros/humble/share/rmw_fastrtps_cpp/cmake)
[0.338s] -- Using RMW implementation 'rmw_fastrtps_cpp' as default
[0.392s] -- Found nav_msgs: 4.2.4 (/opt/ros/humble/share/nav_msgs/cmake)
[0.425s] -- Found tf2: 0.25.8 (/opt/ros/humble/share/tf2/cmake)
[0.433s] -- Found ament_lint_auto: 0.12.11 (/opt/ros/humble/share/ament_lint_auto/cmake)
[0.493s] -- Added test 'cppcheck' to perform static code analysis on C / C++ code
[0.493s] -- Configured cppcheck include dirs: /home/student/Desktop/workspace/src/odometry_publisher/include
[0.493s] -- Configured cppcheck exclude dirs and/or files: 
[0.493s] -- Added test 'lint_cmake' to check CMake code style
[0.494s] -- Added test 'uncrustify' to check C / C++ code style
[0.494s] -- Configured uncrustify additional arguments: 
[0.494s] -- Added test 'xmllint' to check XML markup files
[0.495s] -- Configuring done (0.5s)
[0.505s] -- Generating done (0.0s)
[0.506s] -- Build files have been written to: /home/student/Desktop/workspace/build/odometry_publisher
[0.517s] Invoked command in '/home/student/Desktop/workspace/build/odometry_publisher' returned '0': CMAKE_PREFIX_PATH=${CMAKE_PREFIX_PATH}:/home/student/Desktop/workspace/install/ouster_voxel_filter:/home/student/Desktop/workspace/install/yolo_tracking:/home/student/Desktop/workspace/install/sensor_presentation:/home/student/Desktop/workspace/install/position_estimation:/home/student/Desktop/workspace/install/navigation:/home/student/Desktop/workspace/install/main:/opt/ros/humble /home/student/.local/bin/cmake /home/student/Desktop/workspace/src/odometry_publisher -DCMAKE_INSTALL_PREFIX=/home/student/Desktop/workspace/install/odometry_publisher
[0.519s] Invoking command in '/home/student/Desktop/workspace/build/odometry_publisher': CMAKE_PREFIX_PATH=${CMAKE_PREFIX_PATH}:/home/student/Desktop/workspace/install/ouster_voxel_filter:/home/student/Desktop/workspace/install/yolo_tracking:/home/student/Desktop/workspace/install/sensor_presentation:/home/student/Desktop/workspace/install/position_estimation:/home/student/Desktop/workspace/install/navigation:/home/student/Desktop/workspace/install/main:/opt/ros/humble /home/student/.local/bin/cmake --build /home/student/Desktop/workspace/build/odometry_publisher -- -j16 -l16
[0.570s] [ 50%] [32mBuilding CXX object CMakeFiles/odom_publisher_node.dir/src/odom_publisher_node.cpp.o[0m
[3.703s] [100%] [32m[1mLinking CXX executable odom_publisher_node[0m
[3.826s] [100%] Built target odom_publisher_node
[3.844s] Invoked command in '/home/student/Desktop/workspace/build/odometry_publisher' returned '0': CMAKE_PREFIX_PATH=${CMAKE_PREFIX_PATH}:/home/student/Desktop/workspace/install/ouster_voxel_filter:/home/student/Desktop/workspace/install/yolo_tracking:/home/student/Desktop/workspace/install/sensor_presentation:/home/student/Desktop/workspace/install/position_estimation:/home/student/Desktop/workspace/install/navigation:/home/student/Desktop/workspace/install/main:/opt/ros/humble /home/student/.local/bin/cmake --build /home/student/Desktop/workspace/build/odometry_publisher -- -j16 -l16
[3.940s] Invoking command in '/home/student/Desktop/workspace/build/odometry_publisher': CMAKE_PREFIX_PATH=${CMAKE_PREFIX_PATH}:/home/student/Desktop/workspace/install/ouster_voxel_filter:/home/student/Desktop/workspace/install/yolo_tracking:/home/student/Desktop/workspace/install/sensor_presentation:/home/student/Desktop/workspace/install/position_estimation:/home/student/Desktop/workspace/install/navigation:/home/student/Desktop/workspace/install/main:/opt/ros/humble /home/student/.local/bin/cmake --install /home/student/Desktop/workspace/build/odometry_publisher
[3.966s] -- Install configuration: ""
[3.966s] -- Execute custom install script
[3.966s] -- Up-to-date symlink: /home/student/Desktop/workspace/install/odometry_publisher/lib/odometry_publisher/odom_publisher_node
[3.966s] -- Up-to-date symlink: /home/student/Desktop/workspace/install/odometry_publisher/share/ament_index/resource_index/package_run_dependencies/odometry_publisher
[3.967s] -- Up-to-date symlink: /home/student/Desktop/workspace/install/odometry_publisher/share/ament_index/resource_index/parent_prefix_path/odometry_publisher
[3.967s] -- Up-to-date symlink: /home/student/Desktop/workspace/install/odometry_publisher/share/odometry_publisher/environment/ament_prefix_path.sh
[3.967s] -- Up-to-date symlink: /home/student/Desktop/workspace/install/odometry_publisher/share/odometry_publisher/environment/ament_prefix_path.dsv
[3.967s] -- Up-to-date symlink: /home/student/Desktop/workspace/install/odometry_publisher/share/odometry_publisher/environment/path.sh
[3.967s] -- Up-to-date symlink: /home/student/Desktop/workspace/install/odometry_publisher/share/odometry_publisher/environment/path.dsv
[3.967s] -- Up-to-date symlink: /home/student/Desktop/workspace/install/odometry_publisher/share/odometry_publisher/local_setup.bash
[3.967s] -- Up-to-date symlink: /home/student/Desktop/workspace/install/odometry_publisher/share/odometry_publisher/local_setup.sh
[3.967s] -- Up-to-date symlink: /home/student/Desktop/workspace/install/odometry_publisher/share/odometry_publisher/local_setup.zsh
[3.967s] -- Up-to-date symlink: /home/student/Desktop/workspace/install/odometry_publisher/share/odometry_publisher/local_setup.dsv
[3.967s] -- Symlinking: /home/student/Desktop/workspace/install/odometry_publisher/share/odometry_publisher/package.dsv
[3.970s] -- Up-to-date symlink: /home/student/Desktop/workspace/install/odometry_publisher/share/ament_index/resource_index/packages/odometry_publisher
[3.970s] -- Up-to-date symlink: /home/student/Desktop/workspace/install/odometry_publisher/share/odometry_publisher/cmake/odometry_publisherConfig.cmake
[3.971s] -- Up-to-date symlink: /home/student/Desktop/workspace/install/odometry_publisher/share/odometry_publisher/cmake/odometry_publisherConfig-version.cmake
[3.971s] -- Up-to-date symlink: /home/student/Desktop/workspace/install/odometry_publisher/share/odometry_publisher/package.xml
[3.975s] Invoked command in '/home/student/Desktop/workspace/build/odometry_publisher' returned '0': CMAKE_PREFIX_PATH=${CMAKE_PREFIX_PATH}:/home/student/Desktop/workspace/install/ouster_voxel_filter:/home/student/Desktop/workspace/install/yolo_tracking:/home/student/Desktop/workspace/install/sensor_presentation:/home/student/Desktop/workspace/install/position_estimation:/home/student/Desktop/workspace/install/navigation:/home/student/Desktop/workspace/install/main:/opt/ros/humble /home/student/.local/bin/cmake --install /home/student/Desktop/workspace/build/odometry_publisher
