[2.468s] Invoking command in '/home/student/Desktop/workspace/build/position_estimation': PYTHONPATH=/home/student/Desktop/workspace/build/position_estimation/prefix_override:/usr/lib/python3/dist-packages/colcon_core/task/python/colcon_distutils_commands:/home/student/Desktop/workspace/install/position_estimation/lib/python3.10/site-packages:${PYTHONPATH} /usr/bin/python3 -W ignore:setup.py install is deprecated setup.py develop --editable --build-directory /home/student/Desktop/workspace/build/position_estimation/build --no-deps
[3.113s] running develop
[3.122s] /usr/lib/python3/dist-packages/setuptools/command/easy_install.py:158: EasyInstallDeprecationWarning: easy_install command is deprecated. Use build and pip and other standards-based tools.
[3.122s]   warnings.warn(
[3.656s] running egg_info
[3.656s] creating position_estimation.egg-info
[3.657s] writing position_estimation.egg-info/PKG-INFO
[3.658s] writing dependency_links to position_estimation.egg-info/dependency_links.txt
[3.658s] writing entry points to position_estimation.egg-info/entry_points.txt
[3.659s] writing requirements to position_estimation.egg-info/requires.txt
[3.659s] writing top-level names to position_estimation.egg-info/top_level.txt
[3.660s] writing manifest file 'position_estimation.egg-info/SOURCES.txt'
[3.663s] reading manifest file 'position_estimation.egg-info/SOURCES.txt'
[3.663s] writing manifest file 'position_estimation.egg-info/SOURCES.txt'
[3.746s] running build_ext
[3.747s] Creating /home/student/Desktop/workspace/install/position_estimation/lib/python3.10/site-packages/position-estimation.egg-link (link to .)
[3.748s] Installing position_estimation_node script to /home/student/Desktop/workspace/install/position_estimation/lib/position_estimation
[3.749s] 
[3.749s] Installed /home/student/Desktop/workspace/build/position_estimation
[3.925s] Invoked command in '/home/student/Desktop/workspace/build/position_estimation' returned '0': PYTHONPATH=/home/student/Desktop/workspace/build/position_estimation/prefix_override:/usr/lib/python3/dist-packages/colcon_core/task/python/colcon_distutils_commands:/home/student/Desktop/workspace/install/position_estimation/lib/python3.10/site-packages:${PYTHONPATH} /usr/bin/python3 -W ignore:setup.py install is deprecated setup.py develop --editable --build-directory /home/student/Desktop/workspace/build/position_estimation/build --no-deps
