[1.115s] Invoking command in '/home/student/Desktop/workspace/src/position_estimation': PYTHONPATH=/home/student/Desktop/workspace/build/position_estimation/prefix_override:/usr/lib/python3/dist-packages/colcon_core/task/python/colcon_distutils_commands:/home/student/Desktop/workspace/install/position_estimation/lib/python3.10/site-packages:${PYTHONPATH} /usr/bin/python3 -W ignore:setup.py install is deprecated setup.py egg_info --egg-base ../../build/position_estimation build --build-base /home/student/Desktop/workspace/build/position_estimation/build install --record /home/student/Desktop/workspace/build/position_estimation/install.log --single-version-externally-managed
[1.467s] running egg_info
[1.468s] writing ../../build/position_estimation/position_estimation.egg-info/PKG-INFO
[1.468s] writing dependency_links to ../../build/position_estimation/position_estimation.egg-info/dependency_links.txt
[1.468s] writing entry points to ../../build/position_estimation/position_estimation.egg-info/entry_points.txt
[1.469s] writing requirements to ../../build/position_estimation/position_estimation.egg-info/requires.txt
[1.469s] writing top-level names to ../../build/position_estimation/position_estimation.egg-info/top_level.txt
[1.472s] reading manifest file '../../build/position_estimation/position_estimation.egg-info/SOURCES.txt'
[1.473s] writing manifest file '../../build/position_estimation/position_estimation.egg-info/SOURCES.txt'
[1.473s] running build
[1.473s] running build_py
[1.474s] running install
[1.474s] running install_lib
[1.475s] running install_egg_info
[1.477s] removing '/home/student/Desktop/workspace/install/position_estimation/lib/python3.10/site-packages/position_estimation-0.0.1-py3.10.egg-info' (and everything under it)
[1.480s] Copying ../../build/position_estimation/position_estimation.egg-info to /home/student/Desktop/workspace/install/position_estimation/lib/python3.10/site-packages/position_estimation-0.0.1-py3.10.egg-info
[1.482s] running install_scripts
[1.513s] Installing position_estimation_node script to /home/student/Desktop/workspace/install/position_estimation/lib/position_estimation
[1.513s] writing list of installed files to '/home/student/Desktop/workspace/build/position_estimation/install.log'
[1.562s] Invoked command in '/home/student/Desktop/workspace/src/position_estimation' returned '0': PYTHONPATH=/home/student/Desktop/workspace/build/position_estimation/prefix_override:/usr/lib/python3/dist-packages/colcon_core/task/python/colcon_distutils_commands:/home/student/Desktop/workspace/install/position_estimation/lib/python3.10/site-packages:${PYTHONPATH} /usr/bin/python3 -W ignore:setup.py install is deprecated setup.py egg_info --egg-base ../../build/position_estimation build --build-base /home/student/Desktop/workspace/build/position_estimation/build install --record /home/student/Desktop/workspace/build/position_estimation/install.log --single-version-externally-managed
