[2.124s] Invoking command in '/home/student/Desktop/workspace/build/sensor_presentation': PYTHONPATH=/home/student/Desktop/workspace/build/sensor_presentation/prefix_override:/usr/lib/python3/dist-packages/colcon_core/task/python/colcon_distutils_commands:/home/student/Desktop/workspace/install/sensor_presentation/lib/python3.10/site-packages:${PYTHONPATH} /usr/bin/python3 -W ignore:setup.py install is deprecated setup.py develop --uninstall --editable --build-directory /home/student/Desktop/workspace/build/sensor_presentation/build
[2.472s] running develop
[2.472s] /usr/lib/python3/dist-packages/setuptools/command/easy_install.py:158: EasyInstallDeprecationWarning: easy_install command is deprecated. Use build and pip and other standards-based tools.
[2.472s]   warnings.warn(
[2.763s] Removing /home/student/Desktop/workspace/install/sensor_presentation/lib/python3.10/site-packages/sensor-presentation.egg-link (link to .)
[2.797s] Invoked command in '/home/student/Desktop/workspace/build/sensor_presentation' returned '0': PYTHONPATH=/home/student/Desktop/workspace/build/sensor_presentation/prefix_override:/usr/lib/python3/dist-packages/colcon_core/task/python/colcon_distutils_commands:/home/student/Desktop/workspace/install/sensor_presentation/lib/python3.10/site-packages:${PYTHONPATH} /usr/bin/python3 -W ignore:setup.py install is deprecated setup.py develop --uninstall --editable --build-directory /home/student/Desktop/workspace/build/sensor_presentation/build
[2.799s] Invoking command in '/home/student/Desktop/workspace/src/sensor_presentation': PYTHONPATH=/home/student/Desktop/workspace/build/sensor_presentation/prefix_override:/usr/lib/python3/dist-packages/colcon_core/task/python/colcon_distutils_commands:/home/student/Desktop/workspace/install/sensor_presentation/lib/python3.10/site-packages:${PYTHONPATH} /usr/bin/python3 -W ignore:setup.py install is deprecated setup.py egg_info --egg-base ../../build/sensor_presentation build --build-base /home/student/Desktop/workspace/build/sensor_presentation/build install --record /home/student/Desktop/workspace/build/sensor_presentation/install.log --single-version-externally-managed install_data --force
[3.112s] running egg_info
[3.113s] writing ../../build/sensor_presentation/sensor_presentation.egg-info/PKG-INFO
[3.113s] writing dependency_links to ../../build/sensor_presentation/sensor_presentation.egg-info/dependency_links.txt
[3.113s] writing entry points to ../../build/sensor_presentation/sensor_presentation.egg-info/entry_points.txt
[3.114s] writing requirements to ../../build/sensor_presentation/sensor_presentation.egg-info/requires.txt
[3.114s] writing top-level names to ../../build/sensor_presentation/sensor_presentation.egg-info/top_level.txt
[3.115s] reading manifest file '../../build/sensor_presentation/sensor_presentation.egg-info/SOURCES.txt'
[3.116s] writing manifest file '../../build/sensor_presentation/sensor_presentation.egg-info/SOURCES.txt'
[3.116s] running build
[3.116s] running build_py
[3.116s] creating /home/student/Desktop/workspace/build/sensor_presentation/build
[3.116s] creating /home/student/Desktop/workspace/build/sensor_presentation/build/lib
[3.117s] creating /home/student/Desktop/workspace/build/sensor_presentation/build/lib/sensor_presentation
[3.117s] copying sensor_presentation/sensor_presentation_node.py -> /home/student/Desktop/workspace/build/sensor_presentation/build/lib/sensor_presentation
[3.117s] copying sensor_presentation/__init__.py -> /home/student/Desktop/workspace/build/sensor_presentation/build/lib/sensor_presentation
[3.117s] running install
[3.117s] running install_lib
[3.118s] creating /home/student/Desktop/workspace/install/sensor_presentation/lib/python3.10/site-packages/sensor_presentation
[3.118s] copying /home/student/Desktop/workspace/build/sensor_presentation/build/lib/sensor_presentation/sensor_presentation_node.py -> /home/student/Desktop/workspace/install/sensor_presentation/lib/python3.10/site-packages/sensor_presentation
[3.118s] copying /home/student/Desktop/workspace/build/sensor_presentation/build/lib/sensor_presentation/__init__.py -> /home/student/Desktop/workspace/install/sensor_presentation/lib/python3.10/site-packages/sensor_presentation
[3.119s] byte-compiling /home/student/Desktop/workspace/install/sensor_presentation/lib/python3.10/site-packages/sensor_presentation/sensor_presentation_node.py to sensor_presentation_node.cpython-310.pyc
[3.120s] byte-compiling /home/student/Desktop/workspace/install/sensor_presentation/lib/python3.10/site-packages/sensor_presentation/__init__.py to __init__.cpython-310.pyc
[3.120s] running install_data
[3.120s] copying resource/sensor_presentation -> /home/student/Desktop/workspace/install/sensor_presentation/share/ament_index/resource_index/packages
[3.120s] copying package.xml -> /home/student/Desktop/workspace/install/sensor_presentation/share/sensor_presentation
[3.121s] running install_egg_info
[3.122s] Copying ../../build/sensor_presentation/sensor_presentation.egg-info to /home/student/Desktop/workspace/install/sensor_presentation/lib/python3.10/site-packages/sensor_presentation-0.0.0-py3.10.egg-info
[3.123s] running install_scripts
[3.142s] Installing sensor_presentation_node script to /home/student/Desktop/workspace/install/sensor_presentation/lib/sensor_presentation
[3.142s] writing list of installed files to '/home/student/Desktop/workspace/build/sensor_presentation/install.log'
[3.169s] Invoked command in '/home/student/Desktop/workspace/src/sensor_presentation' returned '0': PYTHONPATH=/home/student/Desktop/workspace/build/sensor_presentation/prefix_override:/usr/lib/python3/dist-packages/colcon_core/task/python/colcon_distutils_commands:/home/student/Desktop/workspace/install/sensor_presentation/lib/python3.10/site-packages:${PYTHONPATH} /usr/bin/python3 -W ignore:setup.py install is deprecated setup.py egg_info --egg-base ../../build/sensor_presentation build --build-base /home/student/Desktop/workspace/build/sensor_presentation/build install --record /home/student/Desktop/workspace/build/sensor_presentation/install.log --single-version-externally-managed install_data --force
