[1.048s] Invoking command in '/home/student/Desktop/workspace/build/position_estimation': PYTHONPATH=/home/student/Desktop/workspace/build/position_estimation/prefix_override:/usr/lib/python3/dist-packages/colcon_core/task/python/colcon_distutils_commands:/home/student/Desktop/workspace/install/position_estimation/lib/python3.10/site-packages:${PYTHONPATH} /usr/bin/python3 -W ignore:setup.py install is deprecated setup.py develop --uninstall --editable --build-directory /home/student/Desktop/workspace/build/position_estimation/build
[1.351s] running develop
[1.351s] /usr/lib/python3/dist-packages/setuptools/command/easy_install.py:158: EasyInstallDeprecationWarning: easy_install command is deprecated. Use build and pip and other standards-based tools.
[1.351s]   warnings.warn(
[1.756s] Removing /home/student/Desktop/workspace/install/position_estimation/lib/python3.10/site-packages/position-estimation.egg-link (link to .)
[1.783s] Invoked command in '/home/student/Desktop/workspace/build/position_estimation' returned '0': PYTHONPATH=/home/student/Desktop/workspace/build/position_estimation/prefix_override:/usr/lib/python3/dist-packages/colcon_core/task/python/colcon_distutils_commands:/home/student/Desktop/workspace/install/position_estimation/lib/python3.10/site-packages:${PYTHONPATH} /usr/bin/python3 -W ignore:setup.py install is deprecated setup.py develop --uninstall --editable --build-directory /home/student/Desktop/workspace/build/position_estimation/build
[1.785s] Invoking command in '/home/student/Desktop/workspace/src/position_estimation': PYTHONPATH=/home/student/Desktop/workspace/build/position_estimation/prefix_override:/usr/lib/python3/dist-packages/colcon_core/task/python/colcon_distutils_commands:/home/student/Desktop/workspace/install/position_estimation/lib/python3.10/site-packages:${PYTHONPATH} /usr/bin/python3 -W ignore:setup.py install is deprecated setup.py egg_info --egg-base ../../build/position_estimation build --build-base /home/student/Desktop/workspace/build/position_estimation/build install --record /home/student/Desktop/workspace/build/position_estimation/install.log --single-version-externally-managed
[2.090s] running egg_info
[2.091s] writing ../../build/position_estimation/position_estimation.egg-info/PKG-INFO
[2.091s] writing dependency_links to ../../build/position_estimation/position_estimation.egg-info/dependency_links.txt
[2.091s] writing entry points to ../../build/position_estimation/position_estimation.egg-info/entry_points.txt
[2.091s] writing requirements to ../../build/position_estimation/position_estimation.egg-info/requires.txt
[2.091s] writing top-level names to ../../build/position_estimation/position_estimation.egg-info/top_level.txt
[2.095s] reading manifest file '../../build/position_estimation/position_estimation.egg-info/SOURCES.txt'
[2.095s] writing manifest file '../../build/position_estimation/position_estimation.egg-info/SOURCES.txt'
[2.095s] running build
[2.095s] running build_py
[2.095s] creating /home/student/Desktop/workspace/build/position_estimation/build
[2.096s] creating /home/student/Desktop/workspace/build/position_estimation/build/lib
[2.096s] creating /home/student/Desktop/workspace/build/position_estimation/build/lib/position_estimation
[2.096s] copying position_estimation/position_estimation_node.py -> /home/student/Desktop/workspace/build/position_estimation/build/lib/position_estimation
[2.096s] copying position_estimation/__init__.py -> /home/student/Desktop/workspace/build/position_estimation/build/lib/position_estimation
[2.096s] running install
[2.096s] running install_lib
[2.097s] creating /home/student/Desktop/workspace/install/position_estimation/lib/python3.10/site-packages/position_estimation
[2.097s] copying /home/student/Desktop/workspace/build/position_estimation/build/lib/position_estimation/position_estimation_node.py -> /home/student/Desktop/workspace/install/position_estimation/lib/python3.10/site-packages/position_estimation
[2.097s] copying /home/student/Desktop/workspace/build/position_estimation/build/lib/position_estimation/__init__.py -> /home/student/Desktop/workspace/install/position_estimation/lib/python3.10/site-packages/position_estimation
[2.098s] byte-compiling /home/student/Desktop/workspace/install/position_estimation/lib/python3.10/site-packages/position_estimation/position_estimation_node.py to position_estimation_node.cpython-310.pyc
[2.099s] byte-compiling /home/student/Desktop/workspace/install/position_estimation/lib/python3.10/site-packages/position_estimation/__init__.py to __init__.cpython-310.pyc
[2.099s] running install_egg_info
[2.101s] Copying ../../build/position_estimation/position_estimation.egg-info to /home/student/Desktop/workspace/install/position_estimation/lib/python3.10/site-packages/position_estimation-0.0.1-py3.10.egg-info
[2.102s] running install_scripts
[2.120s] Installing position_estimation_node script to /home/student/Desktop/workspace/install/position_estimation/lib/position_estimation
[2.121s] writing list of installed files to '/home/student/Desktop/workspace/build/position_estimation/install.log'
