[0.012s] Invoking command in '/home/student/Desktop/workspace/build/zed_components': CMAKE_PREFIX_PATH=/home/student/Desktop/workspace/install/zed_interfaces:/home/student/Desktop/workspace/install/zed_ros2:/home/student/Desktop/workspace/install/zed_wrapper:/home/student/Desktop/workspace/install/zed_components:/home/student/Desktop/workspace/install/ouster_ros:/home/student/Desktop/workspace/install/ouster_sensor_msgs:/usr/local/labor_robotik/ros2/xarm_planner:/usr/local/labor_robotik/ros2/xarm_moveit_servo:/usr/local/labor_robotik/ros2/lri_xarm_integration:/usr/local/labor_robotik/ros2/xarm_moveit_config:/usr/local/labor_robotik/ros2/xarm_gazebo:/usr/local/labor_robotik/ros2/xarm_controller:/usr/local/labor_robotik/ros2/xarm_api:/usr/local/labor_robotik/ros2/xarm_sdk:/usr/local/labor_robotik/ros2/xarm_msgs:/usr/local/labor_robotik/ros2/xarm_description:/usr/local/labor_robotik/ros2/weiss_gripper:/usr/local/labor_robotik/ros2/weiss_gripper_interfaces:/usr/local/labor_robotik/ros2/sicktoolbox_wrapper:/usr/local/labor_robotik/ros2/sicktoolbox:/usr/local/labor_robotik/ros2/realsense_gazebo_plugin:/usr/local/labor_robotik/ros2/p2os_witness:/usr/local/labor_robotik/ros2/p2os_launch:/usr/local/labor_robotik/ros2/p2os_urdf:/usr/local/labor_robotik/ros2/p2os_device_plugins:/usr/local/labor_robotik/ros2/p2os_driver:/usr/local/labor_robotik/ros2/lri_webots_interface:/usr/local/labor_robotik/ros2/p2os_msgs:/usr/local/labor_robotik/ros2/lr_utility_lib:/opt/ros/humble LD_LIBRARY_PATH=/home/student/Desktop/workspace/install/zed_interfaces/lib:/home/student/Desktop/workspace/install/zed_components/lib:/home/student/Desktop/workspace/install/ouster_ros/lib:/home/student/Desktop/workspace/install/ouster_sensor_msgs/lib:/usr/local/labor_robotik/ros2/xarm_planner/lib:/usr/local/labor_robotik/ros2/xarm_moveit_servo/lib:/usr/local/labor_robotik/ros2/xarm_gazebo/lib:/usr/local/labor_robotik/ros2/xarm_controller/lib:/usr/local/labor_robotik/ros2/xarm_api/lib:/usr/local/labor_robotik/ros2/xarm_sdk/lib:/usr/local/labor_robotik/ros2/xarm_msgs/lib:/usr/local/labor_robotik/ros2/weiss_gripper/lib:/usr/local/labor_robotik/ros2/weiss_gripper_interfaces/lib:/usr/local/labor_robotik/ros2/sicktoolbox/lib:/usr/local/labor_robotik/ros2/realsense_gazebo_plugin/lib:/usr/local/labor_robotik/ros2/p2os_device_plugins/lib:/usr/local/labor_robotik/ros2/p2os_driver/lib:/usr/local/labor_robotik/ros2/lri_webots_interface/lib:/usr/local/labor_robotik/ros2/p2os_msgs/lib:/usr/local/labor_robotik/ros2/lr_utility_lib/lib:/usr/lib/x86_64-linux-gnu/gazebo-11/plugins:/opt/ros/humble/opt/rviz_ogre_vendor/lib:/opt/ros/humble/lib/x86_64-linux-gnu:/opt/ros/humble/lib:/usr/share/gazebo/../../lib/x86_64-linux-gnu/gazebo-11/plugins:/usr/local/lib/:/usr/lib/x86_64-linux-gnu/:/usr/share/gazebo/../../lib/x86_64-linux-gnu/gazebo-11/plugins:/usr/share/gazebo/../../lib/x86_64-linux-gnu/gazebo-11/plugins:/usr/local/lib/:/usr/lib/x86_64-linux-gnu/ /home/student/.local/bin/cmake --build /home/student/Desktop/workspace/build/zed_components -- -j16 -l16
[0.117s] -- Found CUDA: /usr/local/cuda (found suitable version "12.3", minimum required is "12") 
[0.157s] -- Found CUDA: /usr/local/cuda (found version "12.3") 
[0.157s] -- Found ament_cmake_auto: 1.3.10 (/opt/ros/humble/share/ament_cmake_auto/cmake)
[0.225s] -- Override CMake install command with custom implementation using symlinks instead of copying resources
[0.297s] -- Found rosidl_generator_c: 3.1.5 (/opt/ros/humble/share/rosidl_generator_c/cmake)
[0.299s] -- Found rosidl_adapter: 3.1.5 (/opt/ros/humble/share/rosidl_adapter/cmake)
[0.305s] -- Found rosidl_generator_cpp: 3.1.5 (/opt/ros/humble/share/rosidl_generator_cpp/cmake)
[0.315s] -- Using all available rosidl_typesupport_c: rosidl_typesupport_fastrtps_c;rosidl_typesupport_introspection_c
[0.328s] -- Using all available rosidl_typesupport_cpp: rosidl_typesupport_fastrtps_cpp;rosidl_typesupport_introspection_cpp
[0.432s] -- Found rmw_implementation_cmake: 6.1.2 (/opt/ros/humble/share/rmw_implementation_cmake/cmake)
[0.434s] -- Found rmw_fastrtps_cpp: 6.2.7 (/opt/ros/humble/share/rmw_fastrtps_cpp/cmake)
[0.550s] -- Using RMW implementation 'rmw_fastrtps_cpp' as default
[0.789s] -- Found eigen3_cmake_module: 0.1.1 (/opt/ros/humble/share/eigen3_cmake_module/cmake)
[0.790s] -- Ensuring Eigen3 include directory is part of orocos-kdl CMake target
[0.901s] -- Found ament_lint_auto: 0.12.11 (/opt/ros/humble/share/ament_lint_auto/cmake)
[0.931s] -- Added test 'copyright' to check source files copyright and LICENSE
[0.933s] -- Added test 'cppcheck' to perform static code analysis on C / C++ code
[0.933s] -- Configured cppcheck include dirs: /home/student/Desktop/workspace/src/zed-ros2-wrapper/zed_components/src/include;/home/student/Desktop/workspace/src/zed-ros2-wrapper/zed_components/src/zed_camera/include;/home/student/Desktop/workspace/src/zed-ros2-wrapper/zed_components/src/tools/include
[0.933s] -- Configured cppcheck exclude dirs and/or files: 
[0.934s] -- Added test 'lint_cmake' to check CMake code style
[0.935s] -- Added test 'uncrustify' to check C / C++ code style
[0.935s] -- Configured uncrustify additional arguments: 
[0.935s] -- Added test 'xmllint' to check XML markup files
[0.938s] -- Configuring done (0.9s)
[0.959s] -- Generating done (0.0s)
[0.961s] -- Build files have been written to: /home/student/Desktop/workspace/build/zed_components
[0.992s] [ 20%] [32mBuilding CXX object CMakeFiles/zed_camera_component.dir/src/tools/src/sl_tools.cpp.o[0m
[0.992s] [ 40%] [32mBuilding CXX object CMakeFiles/zed_camera_component.dir/src/tools/src/sl_win_avg.cpp.o[0m
[0.992s] [ 60%] [32mBuilding CXX object CMakeFiles/zed_camera_component.dir/src/tools/src/gnss_replay.cpp.o[0m
[0.994s] [ 80%] [32mBuilding CXX object CMakeFiles/zed_camera_component.dir/src/zed_camera/src/zed_camera_component.cpp.o[0m
[46.249s] [100%] [32m[1mLinking CXX shared library libzed_camera_component.so[0m
[46.628s] [100%] Built target zed_camera_component
[46.640s] Invoked command in '/home/student/Desktop/workspace/build/zed_components' returned '0': CMAKE_PREFIX_PATH=/home/student/Desktop/workspace/install/zed_interfaces:/home/student/Desktop/workspace/install/zed_ros2:/home/student/Desktop/workspace/install/zed_wrapper:/home/student/Desktop/workspace/install/zed_components:/home/student/Desktop/workspace/install/ouster_ros:/home/student/Desktop/workspace/install/ouster_sensor_msgs:/usr/local/labor_robotik/ros2/xarm_planner:/usr/local/labor_robotik/ros2/xarm_moveit_servo:/usr/local/labor_robotik/ros2/lri_xarm_integration:/usr/local/labor_robotik/ros2/xarm_moveit_config:/usr/local/labor_robotik/ros2/xarm_gazebo:/usr/local/labor_robotik/ros2/xarm_controller:/usr/local/labor_robotik/ros2/xarm_api:/usr/local/labor_robotik/ros2/xarm_sdk:/usr/local/labor_robotik/ros2/xarm_msgs:/usr/local/labor_robotik/ros2/xarm_description:/usr/local/labor_robotik/ros2/weiss_gripper:/usr/local/labor_robotik/ros2/weiss_gripper_interfaces:/usr/local/labor_robotik/ros2/sicktoolbox_wrapper:/usr/local/labor_robotik/ros2/sicktoolbox:/usr/local/labor_robotik/ros2/realsense_gazebo_plugin:/usr/local/labor_robotik/ros2/p2os_witness:/usr/local/labor_robotik/ros2/p2os_launch:/usr/local/labor_robotik/ros2/p2os_urdf:/usr/local/labor_robotik/ros2/p2os_device_plugins:/usr/local/labor_robotik/ros2/p2os_driver:/usr/local/labor_robotik/ros2/lri_webots_interface:/usr/local/labor_robotik/ros2/p2os_msgs:/usr/local/labor_robotik/ros2/lr_utility_lib:/opt/ros/humble LD_LIBRARY_PATH=/home/student/Desktop/workspace/install/zed_interfaces/lib:/home/student/Desktop/workspace/install/zed_components/lib:/home/student/Desktop/workspace/install/ouster_ros/lib:/home/student/Desktop/workspace/install/ouster_sensor_msgs/lib:/usr/local/labor_robotik/ros2/xarm_planner/lib:/usr/local/labor_robotik/ros2/xarm_moveit_servo/lib:/usr/local/labor_robotik/ros2/xarm_gazebo/lib:/usr/local/labor_robotik/ros2/xarm_controller/lib:/usr/local/labor_robotik/ros2/xarm_api/lib:/usr/local/labor_robotik/ros2/xarm_sdk/lib:/usr/local/labor_robotik/ros2/xarm_msgs/lib:/usr/local/labor_robotik/ros2/weiss_gripper/lib:/usr/local/labor_robotik/ros2/weiss_gripper_interfaces/lib:/usr/local/labor_robotik/ros2/sicktoolbox/lib:/usr/local/labor_robotik/ros2/realsense_gazebo_plugin/lib:/usr/local/labor_robotik/ros2/p2os_device_plugins/lib:/usr/local/labor_robotik/ros2/p2os_driver/lib:/usr/local/labor_robotik/ros2/lri_webots_interface/lib:/usr/local/labor_robotik/ros2/p2os_msgs/lib:/usr/local/labor_robotik/ros2/lr_utility_lib/lib:/usr/lib/x86_64-linux-gnu/gazebo-11/plugins:/opt/ros/humble/opt/rviz_ogre_vendor/lib:/opt/ros/humble/lib/x86_64-linux-gnu:/opt/ros/humble/lib:/usr/share/gazebo/../../lib/x86_64-linux-gnu/gazebo-11/plugins:/usr/local/lib/:/usr/lib/x86_64-linux-gnu/:/usr/share/gazebo/../../lib/x86_64-linux-gnu/gazebo-11/plugins:/usr/share/gazebo/../../lib/x86_64-linux-gnu/gazebo-11/plugins:/usr/local/lib/:/usr/lib/x86_64-linux-gnu/ /home/student/.local/bin/cmake --build /home/student/Desktop/workspace/build/zed_components -- -j16 -l16
[46.688s] Invoking command in '/home/student/Desktop/workspace/build/zed_components': CMAKE_PREFIX_PATH=/home/student/Desktop/workspace/install/zed_interfaces:/home/student/Desktop/workspace/install/zed_ros2:/home/student/Desktop/workspace/install/zed_wrapper:/home/student/Desktop/workspace/install/zed_components:/home/student/Desktop/workspace/install/ouster_ros:/home/student/Desktop/workspace/install/ouster_sensor_msgs:/usr/local/labor_robotik/ros2/xarm_planner:/usr/local/labor_robotik/ros2/xarm_moveit_servo:/usr/local/labor_robotik/ros2/lri_xarm_integration:/usr/local/labor_robotik/ros2/xarm_moveit_config:/usr/local/labor_robotik/ros2/xarm_gazebo:/usr/local/labor_robotik/ros2/xarm_controller:/usr/local/labor_robotik/ros2/xarm_api:/usr/local/labor_robotik/ros2/xarm_sdk:/usr/local/labor_robotik/ros2/xarm_msgs:/usr/local/labor_robotik/ros2/xarm_description:/usr/local/labor_robotik/ros2/weiss_gripper:/usr/local/labor_robotik/ros2/weiss_gripper_interfaces:/usr/local/labor_robotik/ros2/sicktoolbox_wrapper:/usr/local/labor_robotik/ros2/sicktoolbox:/usr/local/labor_robotik/ros2/realsense_gazebo_plugin:/usr/local/labor_robotik/ros2/p2os_witness:/usr/local/labor_robotik/ros2/p2os_launch:/usr/local/labor_robotik/ros2/p2os_urdf:/usr/local/labor_robotik/ros2/p2os_device_plugins:/usr/local/labor_robotik/ros2/p2os_driver:/usr/local/labor_robotik/ros2/lri_webots_interface:/usr/local/labor_robotik/ros2/p2os_msgs:/usr/local/labor_robotik/ros2/lr_utility_lib:/opt/ros/humble LD_LIBRARY_PATH=/home/student/Desktop/workspace/install/zed_interfaces/lib:/home/student/Desktop/workspace/install/zed_components/lib:/home/student/Desktop/workspace/install/ouster_ros/lib:/home/student/Desktop/workspace/install/ouster_sensor_msgs/lib:/usr/local/labor_robotik/ros2/xarm_planner/lib:/usr/local/labor_robotik/ros2/xarm_moveit_servo/lib:/usr/local/labor_robotik/ros2/xarm_gazebo/lib:/usr/local/labor_robotik/ros2/xarm_controller/lib:/usr/local/labor_robotik/ros2/xarm_api/lib:/usr/local/labor_robotik/ros2/xarm_sdk/lib:/usr/local/labor_robotik/ros2/xarm_msgs/lib:/usr/local/labor_robotik/ros2/weiss_gripper/lib:/usr/local/labor_robotik/ros2/weiss_gripper_interfaces/lib:/usr/local/labor_robotik/ros2/sicktoolbox/lib:/usr/local/labor_robotik/ros2/realsense_gazebo_plugin/lib:/usr/local/labor_robotik/ros2/p2os_device_plugins/lib:/usr/local/labor_robotik/ros2/p2os_driver/lib:/usr/local/labor_robotik/ros2/lri_webots_interface/lib:/usr/local/labor_robotik/ros2/p2os_msgs/lib:/usr/local/labor_robotik/ros2/lr_utility_lib/lib:/usr/lib/x86_64-linux-gnu/gazebo-11/plugins:/opt/ros/humble/opt/rviz_ogre_vendor/lib:/opt/ros/humble/lib/x86_64-linux-gnu:/opt/ros/humble/lib:/usr/share/gazebo/../../lib/x86_64-linux-gnu/gazebo-11/plugins:/usr/local/lib/:/usr/lib/x86_64-linux-gnu/:/usr/share/gazebo/../../lib/x86_64-linux-gnu/gazebo-11/plugins:/usr/share/gazebo/../../lib/x86_64-linux-gnu/gazebo-11/plugins:/usr/local/lib/:/usr/lib/x86_64-linux-gnu/ /home/student/.local/bin/cmake --install /home/student/Desktop/workspace/build/zed_components
[46.709s] -- Install configuration: "Release"
[46.709s] -- Execute custom install script
[46.710s] -- Up-to-date symlink: /home/student/Desktop/workspace/install/zed_components/lib/libzed_camera_component.so
[46.710s] -- Up-to-date symlink: /home/student/Desktop/workspace/install/zed_components/include/zed_components//cost_traversability.hpp
[46.710s] -- Up-to-date symlink: /home/student/Desktop/workspace/install/zed_components/include/zed_components//sl_types.hpp
[46.710s] -- Up-to-date symlink: /home/student/Desktop/workspace/install/zed_components/include/zed_components//zed_camera_component.hpp
[46.710s] -- Up-to-date symlink: /home/student/Desktop/workspace/install/zed_components/include/zed_components//gnss_replay.hpp
[46.710s] -- Up-to-date symlink: /home/student/Desktop/workspace/install/zed_components/include/zed_components//json.hpp
[46.710s] -- Up-to-date symlink: /home/student/Desktop/workspace/install/zed_components/include/zed_components//sl_logging.hpp
[46.710s] -- Up-to-date symlink: /home/student/Desktop/workspace/install/zed_components/include/zed_components//sl_tools.hpp
[46.710s] -- Up-to-date symlink: /home/student/Desktop/workspace/install/zed_components/include/zed_components//sl_win_avg.hpp
[46.711s] -- Up-to-date symlink: /home/student/Desktop/workspace/install/zed_components/include/zed_components//visibility_control.hpp
[46.711s] -- Up-to-date symlink: /home/student/Desktop/workspace/install/zed_components/share/zed_components/environment/library_path.sh
[46.711s] -- Up-to-date symlink: /home/student/Desktop/workspace/install/zed_components/share/zed_components/environment/library_path.dsv
[46.711s] -- Up-to-date symlink: /home/student/Desktop/workspace/install/zed_components/share/ament_index/resource_index/package_run_dependencies/zed_components
[46.711s] -- Up-to-date symlink: /home/student/Desktop/workspace/install/zed_components/share/ament_index/resource_index/parent_prefix_path/zed_components
[46.711s] -- Up-to-date symlink: /home/student/Desktop/workspace/install/zed_components/share/zed_components/environment/ament_prefix_path.sh
[46.711s] -- Up-to-date symlink: /home/student/Desktop/workspace/install/zed_components/share/zed_components/environment/ament_prefix_path.dsv
[46.712s] -- Up-to-date symlink: /home/student/Desktop/workspace/install/zed_components/share/zed_components/environment/path.sh
[46.712s] -- Up-to-date symlink: /home/student/Desktop/workspace/install/zed_components/share/zed_components/environment/path.dsv
[46.712s] -- Up-to-date symlink: /home/student/Desktop/workspace/install/zed_components/share/zed_components/local_setup.bash
[46.712s] -- Up-to-date symlink: /home/student/Desktop/workspace/install/zed_components/share/zed_components/local_setup.sh
[46.712s] -- Up-to-date symlink: /home/student/Desktop/workspace/install/zed_components/share/zed_components/local_setup.zsh
[46.712s] -- Up-to-date symlink: /home/student/Desktop/workspace/install/zed_components/share/zed_components/local_setup.dsv
[46.712s] -- Symlinking: /home/student/Desktop/workspace/install/zed_components/share/zed_components/package.dsv
[46.715s] -- Up-to-date symlink: /home/student/Desktop/workspace/install/zed_components/share/ament_index/resource_index/packages/zed_components
[46.715s] -- Up-to-date symlink: /home/student/Desktop/workspace/install/zed_components/share/ament_index/resource_index/rclcpp_components/zed_components
[46.715s] -- Up-to-date symlink: /home/student/Desktop/workspace/install/zed_components/share/zed_components/cmake/ament_cmake_export_include_directories-extras.cmake
[46.715s] -- Up-to-date symlink: /home/student/Desktop/workspace/install/zed_components/share/zed_components/cmake/ament_cmake_export_libraries-extras.cmake
[46.715s] -- Up-to-date symlink: /home/student/Desktop/workspace/install/zed_components/share/zed_components/cmake/ament_cmake_export_dependencies-extras.cmake
[46.715s] -- Up-to-date symlink: /home/student/Desktop/workspace/install/zed_components/share/zed_components/cmake/zed_componentsConfig.cmake
[46.715s] -- Up-to-date symlink: /home/student/Desktop/workspace/install/zed_components/share/zed_components/cmake/zed_componentsConfig-version.cmake
[46.715s] -- Up-to-date symlink: /home/student/Desktop/workspace/install/zed_components/share/zed_components/package.xml
[46.719s] Invoked command in '/home/student/Desktop/workspace/build/zed_components' returned '0': CMAKE_PREFIX_PATH=/home/student/Desktop/workspace/install/zed_interfaces:/home/student/Desktop/workspace/install/zed_ros2:/home/student/Desktop/workspace/install/zed_wrapper:/home/student/Desktop/workspace/install/zed_components:/home/student/Desktop/workspace/install/ouster_ros:/home/student/Desktop/workspace/install/ouster_sensor_msgs:/usr/local/labor_robotik/ros2/xarm_planner:/usr/local/labor_robotik/ros2/xarm_moveit_servo:/usr/local/labor_robotik/ros2/lri_xarm_integration:/usr/local/labor_robotik/ros2/xarm_moveit_config:/usr/local/labor_robotik/ros2/xarm_gazebo:/usr/local/labor_robotik/ros2/xarm_controller:/usr/local/labor_robotik/ros2/xarm_api:/usr/local/labor_robotik/ros2/xarm_sdk:/usr/local/labor_robotik/ros2/xarm_msgs:/usr/local/labor_robotik/ros2/xarm_description:/usr/local/labor_robotik/ros2/weiss_gripper:/usr/local/labor_robotik/ros2/weiss_gripper_interfaces:/usr/local/labor_robotik/ros2/sicktoolbox_wrapper:/usr/local/labor_robotik/ros2/sicktoolbox:/usr/local/labor_robotik/ros2/realsense_gazebo_plugin:/usr/local/labor_robotik/ros2/p2os_witness:/usr/local/labor_robotik/ros2/p2os_launch:/usr/local/labor_robotik/ros2/p2os_urdf:/usr/local/labor_robotik/ros2/p2os_device_plugins:/usr/local/labor_robotik/ros2/p2os_driver:/usr/local/labor_robotik/ros2/lri_webots_interface:/usr/local/labor_robotik/ros2/p2os_msgs:/usr/local/labor_robotik/ros2/lr_utility_lib:/opt/ros/humble LD_LIBRARY_PATH=/home/student/Desktop/workspace/install/zed_interfaces/lib:/home/student/Desktop/workspace/install/zed_components/lib:/home/student/Desktop/workspace/install/ouster_ros/lib:/home/student/Desktop/workspace/install/ouster_sensor_msgs/lib:/usr/local/labor_robotik/ros2/xarm_planner/lib:/usr/local/labor_robotik/ros2/xarm_moveit_servo/lib:/usr/local/labor_robotik/ros2/xarm_gazebo/lib:/usr/local/labor_robotik/ros2/xarm_controller/lib:/usr/local/labor_robotik/ros2/xarm_api/lib:/usr/local/labor_robotik/ros2/xarm_sdk/lib:/usr/local/labor_robotik/ros2/xarm_msgs/lib:/usr/local/labor_robotik/ros2/weiss_gripper/lib:/usr/local/labor_robotik/ros2/weiss_gripper_interfaces/lib:/usr/local/labor_robotik/ros2/sicktoolbox/lib:/usr/local/labor_robotik/ros2/realsense_gazebo_plugin/lib:/usr/local/labor_robotik/ros2/p2os_device_plugins/lib:/usr/local/labor_robotik/ros2/p2os_driver/lib:/usr/local/labor_robotik/ros2/lri_webots_interface/lib:/usr/local/labor_robotik/ros2/p2os_msgs/lib:/usr/local/labor_robotik/ros2/lr_utility_lib/lib:/usr/lib/x86_64-linux-gnu/gazebo-11/plugins:/opt/ros/humble/opt/rviz_ogre_vendor/lib:/opt/ros/humble/lib/x86_64-linux-gnu:/opt/ros/humble/lib:/usr/share/gazebo/../../lib/x86_64-linux-gnu/gazebo-11/plugins:/usr/local/lib/:/usr/lib/x86_64-linux-gnu/:/usr/share/gazebo/../../lib/x86_64-linux-gnu/gazebo-11/plugins:/usr/share/gazebo/../../lib/x86_64-linux-gnu/gazebo-11/plugins:/usr/local/lib/:/usr/lib/x86_64-linux-gnu/ /home/student/.local/bin/cmake --install /home/student/Desktop/workspace/build/zed_components
