[2.964s] Invoking command in '/home/student/Desktop/workspace/build/sensor_presentation': PYTHONPATH=/home/student/Desktop/workspace/build/sensor_presentation/prefix_override:/usr/lib/python3/dist-packages/colcon_core/task/python/colcon_distutils_commands:/home/student/Desktop/workspace/install/sensor_presentation/lib/python3.10/site-packages:${PYTHONPATH} /usr/bin/python3 -W ignore:setup.py install is deprecated setup.py develop --editable --build-directory /home/student/Desktop/workspace/build/sensor_presentation/build --no-deps symlink_data
[4.211s] running develop
[4.212s] /usr/lib/python3/dist-packages/setuptools/command/easy_install.py:158: EasyInstallDeprecationWarning: easy_install command is deprecated. Use build and pip and other standards-based tools.
[4.212s]   warnings.warn(
[5.073s] running egg_info
[5.073s] creating sensor_presentation.egg-info
[5.073s] writing sensor_presentation.egg-info/PKG-INFO
[5.074s] writing dependency_links to sensor_presentation.egg-info/dependency_links.txt
[5.074s] writing entry points to sensor_presentation.egg-info/entry_points.txt
[5.074s] writing requirements to sensor_presentation.egg-info/requires.txt
[5.074s] writing top-level names to sensor_presentation.egg-info/top_level.txt
[5.075s] writing manifest file 'sensor_presentation.egg-info/SOURCES.txt'
[5.092s] reading manifest file 'sensor_presentation.egg-info/SOURCES.txt'
[5.093s] writing manifest file 'sensor_presentation.egg-info/SOURCES.txt'
[5.218s] running build_ext
[5.218s] Creating /home/student/Desktop/workspace/install/sensor_presentation/lib/python3.10/site-packages/sensor-presentation.egg-link (link to .)
[5.220s] Installing sensor_presentation_node script to /home/student/Desktop/workspace/install/sensor_presentation/lib/sensor_presentation
[5.222s] 
[5.222s] Installed /home/student/Desktop/workspace/build/sensor_presentation
[5.222s] running symlink_data
[5.222s] creating /home/student/Desktop/workspace/install/sensor_presentation/share/ament_index
[5.223s] creating /home/student/Desktop/workspace/install/sensor_presentation/share/ament_index/resource_index
[5.223s] creating /home/student/Desktop/workspace/install/sensor_presentation/share/ament_index/resource_index/packages
[5.224s] symbolically linking /home/student/Desktop/workspace/build/sensor_presentation/resource/sensor_presentation -> /home/student/Desktop/workspace/install/sensor_presentation/share/ament_index/resource_index/packages
[5.224s] symbolically linking /home/student/Desktop/workspace/build/sensor_presentation/package.xml -> /home/student/Desktop/workspace/install/sensor_presentation/share/sensor_presentation
[5.317s] Invoked command in '/home/student/Desktop/workspace/build/sensor_presentation' returned '0': PYTHONPATH=/home/student/Desktop/workspace/build/sensor_presentation/prefix_override:/usr/lib/python3/dist-packages/colcon_core/task/python/colcon_distutils_commands:/home/student/Desktop/workspace/install/sensor_presentation/lib/python3.10/site-packages:${PYTHONPATH} /usr/bin/python3 -W ignore:setup.py install is deprecated setup.py develop --editable --build-directory /home/student/Desktop/workspace/build/sensor_presentation/build --no-deps symlink_data
