[0.866s] Invoking command in '/home/student/Desktop/workspace/build/main': PYTHONPATH=/home/student/Desktop/workspace/build/main/prefix_override:/usr/lib/python3/dist-packages/colcon_core/task/python/colcon_distutils_commands:/home/student/Desktop/workspace/install/main/lib/python3.10/site-packages:${PYTHONPATH} /usr/bin/python3 -W ignore:setup.py install is deprecated setup.py develop --editable --build-directory /home/student/Desktop/workspace/build/main/build --no-deps symlink_data
[1.223s] running develop
[1.223s] /usr/lib/python3/dist-packages/setuptools/command/easy_install.py:158: EasyInstallDeprecationWarning: easy_install command is deprecated. Use build and pip and other standards-based tools.
[1.223s]   warnings.warn(
[1.497s] running egg_info
[1.498s] writing main.egg-info/PKG-INFO
[1.498s] writing dependency_links to main.egg-info/dependency_links.txt
[1.498s] writing entry points to main.egg-info/entry_points.txt
[1.498s] writing requirements to main.egg-info/requires.txt
[1.498s] writing top-level names to main.egg-info/top_level.txt
[1.500s] reading manifest file 'main.egg-info/SOURCES.txt'
[1.501s] writing manifest file 'main.egg-info/SOURCES.txt'
[1.536s] running build_ext
[1.536s] Creating /home/student/Desktop/workspace/install/main/lib/python3.10/site-packages/main.egg-link (link to .)
[1.536s] Installing goal_publisher_node script to /home/student/Desktop/workspace/install/main/lib/main
[1.537s] Installing object_detection_node script to /home/student/Desktop/workspace/install/main/lib/main
[1.537s] Installing position_estimation_node script to /home/student/Desktop/workspace/install/main/lib/main
[1.537s] Installing sensor_presentation_node script to /home/student/Desktop/workspace/install/main/lib/main
[1.537s] 
[1.537s] Installed /home/student/Desktop/workspace/build/main
[1.537s] running symlink_data
[1.561s] Invoked command in '/home/student/Desktop/workspace/build/main' returned '0': PYTHONPATH=/home/student/Desktop/workspace/build/main/prefix_override:/usr/lib/python3/dist-packages/colcon_core/task/python/colcon_distutils_commands:/home/student/Desktop/workspace/install/main/lib/python3.10/site-packages:${PYTHONPATH} /usr/bin/python3 -W ignore:setup.py install is deprecated setup.py develop --editable --build-directory /home/student/Desktop/workspace/build/main/build --no-deps symlink_data
