[0.943s] Invoking command in '/home/student/Desktop/go1_follow_person_ws_henrik/build/object_tracking_messages': CMAKE_PREFIX_PATH=${CMAKE_PREFIX_PATH}:/home/student/Desktop/go1_follow_person_ws_henrik/install/main:/opt/ros/humble /usr/bin/cmake /home/student/Desktop/go1_follow_person_ws_henrik/src/object_tracking_messages -DAMENT_CMAKE_SYMLINK_INSTALL=1 -DCMAKE_INSTALL_PREFIX=/home/student/Desktop/go1_follow_person_ws_henrik/install/object_tracking_messages
[1.302s] -- The C compiler identification is GNU 11.4.0
[1.503s] -- The CXX compiler identification is GNU 11.4.0
[1.525s] -- Detecting C compiler ABI info
[1.920s] -- Detecting C compiler ABI info - done
[1.936s] -- Check for working C compiler: /usr/bin/cc - skipped
[1.938s] -- Detecting C compile features
[1.943s] -- Detecting C compile features - done
[1.952s] -- Detecting CXX compiler ABI info
[2.354s] -- Detecting CXX compiler ABI info - done
[2.386s] -- Check for working CXX compiler: /usr/bin/c++ - skipped
[2.386s] -- Detecting CXX compile features
[2.387s] -- Detecting CXX compile features - done
[2.401s] -- Found ament_cmake: 1.3.10 (/opt/ros/humble/share/ament_cmake/cmake)
[3.402s] -- Found Python3: /usr/bin/python3 (found version "3.10.12") found components: Interpreter 
[3.636s] -- Override CMake install command with custom implementation using symlinks instead of copying resources
[3.704s] -- Found rosidl_default_generators: 1.2.0 (/opt/ros/humble/share/rosidl_default_generators/cmake)
[3.711s] -- Using all available rosidl_typesupport_c: rosidl_typesupport_fastrtps_c;rosidl_typesupport_introspection_c
[3.723s] -- Found rosidl_adapter: 3.1.5 (/opt/ros/humble/share/rosidl_adapter/cmake)
[3.823s] -- Using all available rosidl_typesupport_cpp: rosidl_typesupport_fastrtps_cpp;rosidl_typesupport_introspection_cpp
[3.893s] -- Found sensor_msgs: 4.2.4 (/opt/ros/humble/share/sensor_msgs/cmake)
[5.302s] -- Found ament_cmake_ros: 0.10.0 (/opt/ros/humble/share/ament_cmake_ros/cmake)
[6.033s] -- Using all available rosidl_typesupport_c: rosidl_typesupport_fastrtps_c;rosidl_typesupport_introspection_c
[7.297s] -- Using all available rosidl_typesupport_cpp: rosidl_typesupport_fastrtps_cpp;rosidl_typesupport_introspection_cpp
[7.383s] -- Found PythonInterp: /usr/bin/python3 (found suitable version "3.10.12", minimum required is "3.6") 
[7.387s] -- Found python_cmake_module: 0.10.0 (/opt/ros/humble/share/python_cmake_module/cmake)
[7.490s] -- Found PythonLibs: /usr/lib/aarch64-linux-gnu/libpython3.10.so (found suitable version "3.10.12", minimum required is "3.5") 
[7.490s] -- Using PYTHON_EXECUTABLE: /usr/bin/python3
[7.491s] -- Using PYTHON_INCLUDE_DIRS: /usr/include/python3.10
[7.491s] -- Using PYTHON_LIBRARIES: /usr/lib/aarch64-linux-gnu/libpython3.10.so
[7.588s] -- Found PythonExtra: .so  
[7.720s] -- Found ament_lint_auto: 0.12.11 (/opt/ros/humble/share/ament_lint_auto/cmake)
[7.768s] -- Added test 'lint_cmake' to check CMake code style
[7.771s] -- Added test 'xmllint' to check XML markup files
[7.780s] -- Configuring done
[7.936s] -- Generating done
[7.946s] -- Build files have been written to: /home/student/Desktop/go1_follow_person_ws_henrik/build/object_tracking_messages
[8.002s] Invoked command in '/home/student/Desktop/go1_follow_person_ws_henrik/build/object_tracking_messages' returned '0': CMAKE_PREFIX_PATH=${CMAKE_PREFIX_PATH}:/home/student/Desktop/go1_follow_person_ws_henrik/install/main:/opt/ros/humble /usr/bin/cmake /home/student/Desktop/go1_follow_person_ws_henrik/src/object_tracking_messages -DAMENT_CMAKE_SYMLINK_INSTALL=1 -DCMAKE_INSTALL_PREFIX=/home/student/Desktop/go1_follow_person_ws_henrik/install/object_tracking_messages
[8.003s] Invoking command in '/home/student/Desktop/go1_follow_person_ws_henrik/build/object_tracking_messages': CMAKE_PREFIX_PATH=${CMAKE_PREFIX_PATH}:/home/student/Desktop/go1_follow_person_ws_henrik/install/main:/opt/ros/humble /usr/bin/cmake --build /home/student/Desktop/go1_follow_person_ws_henrik/build/object_tracking_messages -- -j8 -l8
[8.193s] [  1%] [34m[1mGenerating C++ code for ROS interfaces[0m
[9.960s] [  1%] Built target object_tracking_messages__cpp
[10.033s] [  1%] Built target ament_cmake_python_symlink_object_tracking_messages
[10.077s] [  3%] [34m[1mGenerating C++ introspection for ROS interfaces[0m
[11.897s] [  4%] [32mBuilding CXX object CMakeFiles/object_tracking_messages__rosidl_typesupport_introspection_cpp.dir/rosidl_typesupport_introspection_cpp/object_tracking_messages/msg/detail/bounding_box__type_support.cpp.o[0m
[13.298s] [  6%] [32mBuilding CXX object CMakeFiles/object_tracking_messages__rosidl_typesupport_introspection_cpp.dir/rosidl_typesupport_introspection_cpp/object_tracking_messages/msg/detail/detected_persons__type_support.cpp.o[0m
[15.007s] [  7%] [32mBuilding CXX object CMakeFiles/object_tracking_messages__rosidl_typesupport_introspection_cpp.dir/rosidl_typesupport_introspection_cpp/object_tracking_messages/msg/detail/person_distance__type_support.cpp.o[0m
[16.269s] [  9%] [32mBuilding CXX object CMakeFiles/object_tracking_messages__rosidl_typesupport_introspection_cpp.dir/rosidl_typesupport_introspection_cpp/object_tracking_messages/msg/detail/detected_person__type_support.cpp.o[0m
[17.418s] [ 11%] [32mBuilding CXX object CMakeFiles/object_tracking_messages__rosidl_typesupport_introspection_cpp.dir/rosidl_typesupport_introspection_cpp/object_tracking_messages/msg/detail/person_key_point__type_support.cpp.o[0m
[18.855s] [ 12%] [32m[1mLinking CXX shared library libobject_tracking_messages__rosidl_typesupport_introspection_cpp.so[0m
[19.139s] [ 12%] Built target object_tracking_messages__rosidl_typesupport_introspection_cpp
[19.905s] running egg_info
[19.907s] creating object_tracking_messages.egg-info
[19.908s] writing object_tracking_messages.egg-info/PKG-INFO
[19.909s] writing dependency_links to object_tracking_messages.egg-info/dependency_links.txt
[19.909s] writing top-level names to object_tracking_messages.egg-info/top_level.txt
[19.911s] writing manifest file 'object_tracking_messages.egg-info/SOURCES.txt'
[19.915s] reading manifest file 'object_tracking_messages.egg-info/SOURCES.txt'
[19.918s] writing manifest file 'object_tracking_messages.egg-info/SOURCES.txt'
[20.041s] [ 12%] Built target ament_cmake_python_build_object_tracking_messages_egg
[20.090s] [ 14%] [34m[1mGenerating C++ type support for eProsima Fast-RTPS[0m
[21.742s] [ 15%] [32mBuilding CXX object CMakeFiles/object_tracking_messages__rosidl_typesupport_fastrtps_cpp.dir/rosidl_typesupport_fastrtps_cpp/object_tracking_messages/msg/detail/dds_fastrtps/bounding_box__type_support.cpp.o[0m
[22.888s] [ 17%] [32mBuilding CXX object CMakeFiles/object_tracking_messages__rosidl_typesupport_fastrtps_cpp.dir/rosidl_typesupport_fastrtps_cpp/object_tracking_messages/msg/detail/dds_fastrtps/person_distance__type_support.cpp.o[0m
[24.344s] [ 19%] [32mBuilding CXX object CMakeFiles/object_tracking_messages__rosidl_typesupport_fastrtps_cpp.dir/rosidl_typesupport_fastrtps_cpp/object_tracking_messages/msg/detail/dds_fastrtps/detected_persons__type_support.cpp.o[0m
[26.282s] [ 20%] [32mBuilding CXX object CMakeFiles/object_tracking_messages__rosidl_typesupport_fastrtps_cpp.dir/rosidl_typesupport_fastrtps_cpp/object_tracking_messages/msg/detail/dds_fastrtps/detected_person__type_support.cpp.o[0m
[29.090s] [ 22%] [32mBuilding CXX object CMakeFiles/object_tracking_messages__rosidl_typesupport_fastrtps_cpp.dir/rosidl_typesupport_fastrtps_cpp/object_tracking_messages/msg/detail/dds_fastrtps/person_key_point__type_support.cpp.o[0m
[30.358s] [ 23%] [32m[1mLinking CXX shared library libobject_tracking_messages__rosidl_typesupport_fastrtps_cpp.so[0m
[30.740s] [ 23%] Built target object_tracking_messages__rosidl_typesupport_fastrtps_cpp
[30.835s] [ 25%] [34m[1mGenerating C++ type support dispatch for ROS interfaces[0m
[31.779s] [ 26%] [32mBuilding CXX object CMakeFiles/object_tracking_messages__rosidl_typesupport_cpp.dir/rosidl_typesupport_cpp/object_tracking_messages/msg/bounding_box__type_support.cpp.o[0m
[33.268s] [ 28%] [32mBuilding CXX object CMakeFiles/object_tracking_messages__rosidl_typesupport_cpp.dir/rosidl_typesupport_cpp/object_tracking_messages/msg/person_distance__type_support.cpp.o[0m
[34.182s] [ 30%] [32mBuilding CXX object CMakeFiles/object_tracking_messages__rosidl_typesupport_cpp.dir/rosidl_typesupport_cpp/object_tracking_messages/msg/detected_persons__type_support.cpp.o[0m
[34.830s] [ 31%] [32mBuilding CXX object CMakeFiles/object_tracking_messages__rosidl_typesupport_cpp.dir/rosidl_typesupport_cpp/object_tracking_messages/msg/detected_person__type_support.cpp.o[0m
[35.790s] [ 33%] [32mBuilding CXX object CMakeFiles/object_tracking_messages__rosidl_typesupport_cpp.dir/rosidl_typesupport_cpp/object_tracking_messages/msg/person_key_point__type_support.cpp.o[0m
[36.627s] [ 34%] [32m[1mLinking CXX shared library libobject_tracking_messages__rosidl_typesupport_cpp.so[0m
[36.793s] [ 34%] Built target object_tracking_messages__rosidl_typesupport_cpp
[36.890s] [ 36%] [34m[1mGenerating C code for ROS interfaces[0m
[39.785s] [ 38%] [32mBuilding C object CMakeFiles/object_tracking_messages__rosidl_generator_c.dir/rosidl_generator_c/object_tracking_messages/msg/detail/bounding_box__functions.c.o[0m
[39.972s] [ 39%] [32mBuilding C object CMakeFiles/object_tracking_messages__rosidl_generator_c.dir/rosidl_generator_c/object_tracking_messages/msg/detail/person_distance__functions.c.o[0m
[40.225s] [ 41%] [32mBuilding C object CMakeFiles/object_tracking_messages__rosidl_generator_c.dir/rosidl_generator_c/object_tracking_messages/msg/detail/detected_persons__functions.c.o[0m
[40.488s] [ 42%] [32mBuilding C object CMakeFiles/object_tracking_messages__rosidl_generator_c.dir/rosidl_generator_c/object_tracking_messages/msg/detail/detected_person__functions.c.o[0m
[40.654s] [ 44%] [32mBuilding C object CMakeFiles/object_tracking_messages__rosidl_generator_c.dir/rosidl_generator_c/object_tracking_messages/msg/detail/person_key_point__functions.c.o[0m
[40.838s] [ 46%] [32m[1mLinking C shared library libobject_tracking_messages__rosidl_generator_c.so[0m
[41.046s] [ 46%] Built target object_tracking_messages__rosidl_generator_c
[41.125s] [ 47%] [34m[1mGenerating C type support for eProsima Fast-RTPS[0m
[43.139s] [ 49%] [32mBuilding CXX object CMakeFiles/object_tracking_messages__rosidl_typesupport_fastrtps_c.dir/rosidl_typesupport_fastrtps_c/object_tracking_messages/msg/detail/bounding_box__type_support_c.cpp.o[0m
[44.325s] [ 50%] [32mBuilding CXX object CMakeFiles/object_tracking_messages__rosidl_typesupport_fastrtps_c.dir/rosidl_typesupport_fastrtps_c/object_tracking_messages/msg/detail/person_distance__type_support_c.cpp.o[0m
[45.573s] [ 52%] [32mBuilding CXX object CMakeFiles/object_tracking_messages__rosidl_typesupport_fastrtps_c.dir/rosidl_typesupport_fastrtps_c/object_tracking_messages/msg/detail/detected_persons__type_support_c.cpp.o[0m
[46.664s] [ 53%] [32mBuilding CXX object CMakeFiles/object_tracking_messages__rosidl_typesupport_fastrtps_c.dir/rosidl_typesupport_fastrtps_c/object_tracking_messages/msg/detail/detected_person__type_support_c.cpp.o[0m
[47.872s] [ 55%] [32mBuilding CXX object CMakeFiles/object_tracking_messages__rosidl_typesupport_fastrtps_c.dir/rosidl_typesupport_fastrtps_c/object_tracking_messages/msg/detail/person_key_point__type_support_c.cpp.o[0m
[49.373s] [ 57%] [32m[1mLinking CXX shared library libobject_tracking_messages__rosidl_typesupport_fastrtps_c.so[0m
[49.697s] [ 57%] Built target object_tracking_messages__rosidl_typesupport_fastrtps_c
[49.791s] [ 58%] [34m[1mGenerating C type support dispatch for ROS interfaces[0m
[51.647s] [ 60%] [32mBuilding CXX object CMakeFiles/object_tracking_messages__rosidl_typesupport_c.dir/rosidl_typesupport_c/object_tracking_messages/msg/bounding_box__type_support.cpp.o[0m
[51.726s] [ 61%] [32mBuilding CXX object CMakeFiles/object_tracking_messages__rosidl_typesupport_c.dir/rosidl_typesupport_c/object_tracking_messages/msg/person_distance__type_support.cpp.o[0m
[51.815s] [ 63%] [32mBuilding CXX object CMakeFiles/object_tracking_messages__rosidl_typesupport_c.dir/rosidl_typesupport_c/object_tracking_messages/msg/detected_persons__type_support.cpp.o[0m
[51.904s] [ 65%] [32mBuilding CXX object CMakeFiles/object_tracking_messages__rosidl_typesupport_c.dir/rosidl_typesupport_c/object_tracking_messages/msg/detected_person__type_support.cpp.o[0m
[52.097s] [ 66%] [32mBuilding CXX object CMakeFiles/object_tracking_messages__rosidl_typesupport_c.dir/rosidl_typesupport_c/object_tracking_messages/msg/person_key_point__type_support.cpp.o[0m
[52.238s] [ 68%] [32m[1mLinking CXX shared library libobject_tracking_messages__rosidl_typesupport_c.so[0m
[52.375s] [ 68%] Built target object_tracking_messages__rosidl_typesupport_c
[52.423s] [ 69%] [34m[1mGenerating C introspection for ROS interfaces[0m
[54.109s] [ 71%] [32mBuilding C object CMakeFiles/object_tracking_messages__rosidl_typesupport_introspection_c.dir/rosidl_typesupport_introspection_c/object_tracking_messages/msg/detail/bounding_box__type_support.c.o[0m
[54.242s] [ 73%] [32mBuilding C object CMakeFiles/object_tracking_messages__rosidl_typesupport_introspection_c.dir/rosidl_typesupport_introspection_c/object_tracking_messages/msg/detail/person_distance__type_support.c.o[0m
[54.632s] [ 74%] [32mBuilding C object CMakeFiles/object_tracking_messages__rosidl_typesupport_introspection_c.dir/rosidl_typesupport_introspection_c/object_tracking_messages/msg/detail/detected_persons__type_support.c.o[0m
[54.769s] [ 76%] [32mBuilding C object CMakeFiles/object_tracking_messages__rosidl_typesupport_introspection_c.dir/rosidl_typesupport_introspection_c/object_tracking_messages/msg/detail/detected_person__type_support.c.o[0m
[54.892s] [ 77%] [32mBuilding C object CMakeFiles/object_tracking_messages__rosidl_typesupport_introspection_c.dir/rosidl_typesupport_introspection_c/object_tracking_messages/msg/detail/person_key_point__type_support.c.o[0m
[55.051s] [ 79%] [32m[1mLinking C shared library libobject_tracking_messages__rosidl_typesupport_introspection_c.so[0m
[55.172s] [ 79%] Built target object_tracking_messages__rosidl_typesupport_introspection_c
[55.229s] [ 79%] Built target object_tracking_messages
[55.391s] [ 80%] [34m[1mGenerating Python code for ROS interfaces[0m
[58.612s] [ 80%] Built target object_tracking_messages__py
[58.812s] [ 82%] [32mBuilding C object CMakeFiles/object_tracking_messages__rosidl_generator_py.dir/rosidl_generator_py/object_tracking_messages/msg/_bounding_box_s.c.o[0m
[61.545s] [ 84%] [32mBuilding C object CMakeFiles/object_tracking_messages__rosidl_generator_py.dir/rosidl_generator_py/object_tracking_messages/msg/_person_distance_s.c.o[0m
[62.359s] [ 85%] [32mBuilding C object CMakeFiles/object_tracking_messages__rosidl_generator_py.dir/rosidl_generator_py/object_tracking_messages/msg/_detected_persons_s.c.o[0m
[62.760s] [ 87%] [32mBuilding C object CMakeFiles/object_tracking_messages__rosidl_generator_py.dir/rosidl_generator_py/object_tracking_messages/msg/_detected_person_s.c.o[0m
[63.225s] [ 88%] [32mBuilding C object CMakeFiles/object_tracking_messages__rosidl_generator_py.dir/rosidl_generator_py/object_tracking_messages/msg/_person_key_point_s.c.o[0m
[63.633s] [ 90%] [32m[1mLinking C shared library rosidl_generator_py/object_tracking_messages/libobject_tracking_messages__rosidl_generator_py.so[0m
[63.800s] [ 90%] Built target object_tracking_messages__rosidl_generator_py
[63.912s] [ 92%] [32mBuilding C object CMakeFiles/object_tracking_messages__rosidl_typesupport_fastrtps_c__pyext.dir/rosidl_generator_py/object_tracking_messages/_object_tracking_messages_s.ep.rosidl_typesupport_fastrtps_c.c.o[0m
[64.859s] [ 93%] [32m[1mLinking C shared library rosidl_generator_py/object_tracking_messages/object_tracking_messages_s__rosidl_typesupport_fastrtps_c.cpython-310-aarch64-linux-gnu.so[0m
[65.189s] [ 93%] Built target object_tracking_messages__rosidl_typesupport_fastrtps_c__pyext
[65.398s] [ 95%] [32mBuilding C object CMakeFiles/object_tracking_messages__rosidl_typesupport_c__pyext.dir/rosidl_generator_py/object_tracking_messages/_object_tracking_messages_s.ep.rosidl_typesupport_c.c.o[0m
[66.320s] [ 96%] [32m[1mLinking C shared library rosidl_generator_py/object_tracking_messages/object_tracking_messages_s__rosidl_typesupport_c.cpython-310-aarch64-linux-gnu.so[0m
[66.442s] [ 96%] Built target object_tracking_messages__rosidl_typesupport_c__pyext
[66.554s] [ 98%] [32mBuilding C object CMakeFiles/object_tracking_messages__rosidl_typesupport_introspection_c__pyext.dir/rosidl_generator_py/object_tracking_messages/_object_tracking_messages_s.ep.rosidl_typesupport_introspection_c.c.o[0m
[66.910s] [100%] [32m[1mLinking C shared library rosidl_generator_py/object_tracking_messages/object_tracking_messages_s__rosidl_typesupport_introspection_c.cpython-310-aarch64-linux-gnu.so[0m
[67.113s] [100%] Built target object_tracking_messages__rosidl_typesupport_introspection_c__pyext
[67.175s] Invoked command in '/home/student/Desktop/go1_follow_person_ws_henrik/build/object_tracking_messages' returned '0': CMAKE_PREFIX_PATH=${CMAKE_PREFIX_PATH}:/home/student/Desktop/go1_follow_person_ws_henrik/install/main:/opt/ros/humble /usr/bin/cmake --build /home/student/Desktop/go1_follow_person_ws_henrik/build/object_tracking_messages -- -j8 -l8
[68.649s] Invoking command in '/home/student/Desktop/go1_follow_person_ws_henrik/build/object_tracking_messages': CMAKE_PREFIX_PATH=${CMAKE_PREFIX_PATH}:/home/student/Desktop/go1_follow_person_ws_henrik/install/main:/opt/ros/humble /usr/bin/cmake --install /home/student/Desktop/go1_follow_person_ws_henrik/build/object_tracking_messages
[68.693s] -- Install configuration: ""
[68.694s] -- Execute custom install script
[68.694s] -- Symlinking: /home/student/Desktop/go1_follow_person_ws_henrik/install/object_tracking_messages/share/ament_index/resource_index/rosidl_interfaces/object_tracking_messages
[68.720s] -- Symlinking: /home/student/Desktop/go1_follow_person_ws_henrik/install/object_tracking_messages/include/object_tracking_messages/object_tracking_messages/msg/bounding_box.h
[68.786s] -- Symlinking: /home/student/Desktop/go1_follow_person_ws_henrik/install/object_tracking_messages/include/object_tracking_messages/object_tracking_messages/msg/detail/bounding_box__functions.h
[68.905s] -- Symlinking: /home/student/Desktop/go1_follow_person_ws_henrik/install/object_tracking_messages/include/object_tracking_messages/object_tracking_messages/msg/detail/bounding_box__struct.h
[68.925s] -- Symlinking: /home/student/Desktop/go1_follow_person_ws_henrik/install/object_tracking_messages/include/object_tracking_messages/object_tracking_messages/msg/detail/bounding_box__type_support.h
[68.949s] -- Symlinking: /home/student/Desktop/go1_follow_person_ws_henrik/install/object_tracking_messages/include/object_tracking_messages/object_tracking_messages/msg/detail/detected_person__functions.h
[69.017s] -- Symlinking: /home/student/Desktop/go1_follow_person_ws_henrik/install/object_tracking_messages/include/object_tracking_messages/object_tracking_messages/msg/detail/detected_person__struct.h
[69.081s] -- Symlinking: /home/student/Desktop/go1_follow_person_ws_henrik/install/object_tracking_messages/include/object_tracking_messages/object_tracking_messages/msg/detail/detected_person__type_support.h
[69.162s] -- Symlinking: /home/student/Desktop/go1_follow_person_ws_henrik/install/object_tracking_messages/include/object_tracking_messages/object_tracking_messages/msg/detail/detected_persons__functions.h
[69.208s] -- Symlinking: /home/student/Desktop/go1_follow_person_ws_henrik/install/object_tracking_messages/include/object_tracking_messages/object_tracking_messages/msg/detail/detected_persons__struct.h
[69.371s] -- Symlinking: /home/student/Desktop/go1_follow_person_ws_henrik/install/object_tracking_messages/include/object_tracking_messages/object_tracking_messages/msg/detail/detected_persons__type_support.h
[69.415s] -- Symlinking: /home/student/Desktop/go1_follow_person_ws_henrik/install/object_tracking_messages/include/object_tracking_messages/object_tracking_messages/msg/detail/person_distance__functions.h
[69.456s] -- Symlinking: /home/student/Desktop/go1_follow_person_ws_henrik/install/object_tracking_messages/include/object_tracking_messages/object_tracking_messages/msg/detail/person_distance__struct.h
[69.487s] -- Symlinking: /home/student/Desktop/go1_follow_person_ws_henrik/install/object_tracking_messages/include/object_tracking_messages/object_tracking_messages/msg/detail/person_distance__type_support.h
[69.517s] -- Symlinking: /home/student/Desktop/go1_follow_person_ws_henrik/install/object_tracking_messages/include/object_tracking_messages/object_tracking_messages/msg/detail/person_key_point__functions.h
[69.597s] -- Symlinking: /home/student/Desktop/go1_follow_person_ws_henrik/install/object_tracking_messages/include/object_tracking_messages/object_tracking_messages/msg/detail/person_key_point__struct.h
[69.631s] -- Symlinking: /home/student/Desktop/go1_follow_person_ws_henrik/install/object_tracking_messages/include/object_tracking_messages/object_tracking_messages/msg/detail/person_key_point__type_support.h
[69.657s] -- Symlinking: /home/student/Desktop/go1_follow_person_ws_henrik/install/object_tracking_messages/include/object_tracking_messages/object_tracking_messages/msg/detected_person.h
[69.680s] -- Symlinking: /home/student/Desktop/go1_follow_person_ws_henrik/install/object_tracking_messages/include/object_tracking_messages/object_tracking_messages/msg/detected_persons.h
[69.700s] -- Symlinking: /home/student/Desktop/go1_follow_person_ws_henrik/install/object_tracking_messages/include/object_tracking_messages/object_tracking_messages/msg/person_distance.h
[69.724s] -- Symlinking: /home/student/Desktop/go1_follow_person_ws_henrik/install/object_tracking_messages/include/object_tracking_messages/object_tracking_messages/msg/person_key_point.h
[69.742s] -- Symlinking: /home/student/Desktop/go1_follow_person_ws_henrik/install/object_tracking_messages/include/object_tracking_messages/object_tracking_messages/msg/rosidl_generator_c__visibility_control.h
[69.779s] -- Symlinking: /home/student/Desktop/go1_follow_person_ws_henrik/install/object_tracking_messages/share/object_tracking_messages/environment/library_path.sh
[69.839s] -- Symlinking: /home/student/Desktop/go1_follow_person_ws_henrik/install/object_tracking_messages/share/object_tracking_messages/environment/library_path.dsv
[69.862s] -- Symlinking: /home/student/Desktop/go1_follow_person_ws_henrik/install/object_tracking_messages/include/object_tracking_messages/object_tracking_messages/msg/detail/bounding_box__rosidl_typesupport_fastrtps_c.h
[69.879s] -- Symlinking: /home/student/Desktop/go1_follow_person_ws_henrik/install/object_tracking_messages/include/object_tracking_messages/object_tracking_messages/msg/detail/detected_person__rosidl_typesupport_fastrtps_c.h
[69.927s] -- Symlinking: /home/student/Desktop/go1_follow_person_ws_henrik/install/object_tracking_messages/include/object_tracking_messages/object_tracking_messages/msg/detail/detected_persons__rosidl_typesupport_fastrtps_c.h
[69.974s] -- Symlinking: /home/student/Desktop/go1_follow_person_ws_henrik/install/object_tracking_messages/include/object_tracking_messages/object_tracking_messages/msg/detail/person_distance__rosidl_typesupport_fastrtps_c.h
[69.999s] -- Symlinking: /home/student/Desktop/go1_follow_person_ws_henrik/install/object_tracking_messages/include/object_tracking_messages/object_tracking_messages/msg/detail/person_key_point__rosidl_typesupport_fastrtps_c.h
[70.078s] -- Symlinking: /home/student/Desktop/go1_follow_person_ws_henrik/install/object_tracking_messages/include/object_tracking_messages/object_tracking_messages/msg/rosidl_typesupport_fastrtps_c__visibility_control.h
[70.120s] -- Symlinking: /home/student/Desktop/go1_follow_person_ws_henrik/install/object_tracking_messages/include/object_tracking_messages/object_tracking_messages/msg/detail/bounding_box__rosidl_typesupport_introspection_c.h
[70.161s] -- Symlinking: /home/student/Desktop/go1_follow_person_ws_henrik/install/object_tracking_messages/include/object_tracking_messages/object_tracking_messages/msg/detail/detected_person__rosidl_typesupport_introspection_c.h
[70.206s] -- Symlinking: /home/student/Desktop/go1_follow_person_ws_henrik/install/object_tracking_messages/include/object_tracking_messages/object_tracking_messages/msg/detail/detected_persons__rosidl_typesupport_introspection_c.h
[70.266s] -- Symlinking: /home/student/Desktop/go1_follow_person_ws_henrik/install/object_tracking_messages/include/object_tracking_messages/object_tracking_messages/msg/detail/person_distance__rosidl_typesupport_introspection_c.h
[70.333s] -- Symlinking: /home/student/Desktop/go1_follow_person_ws_henrik/install/object_tracking_messages/include/object_tracking_messages/object_tracking_messages/msg/detail/person_key_point__rosidl_typesupport_introspection_c.h
[70.376s] -- Symlinking: /home/student/Desktop/go1_follow_person_ws_henrik/install/object_tracking_messages/include/object_tracking_messages/object_tracking_messages/msg/rosidl_typesupport_introspection_c__visibility_control.h
[70.427s] -- Symlinking: /home/student/Desktop/go1_follow_person_ws_henrik/install/object_tracking_messages/include/object_tracking_messages/object_tracking_messages/msg/bounding_box.hpp
[70.466s] -- Symlinking: /home/student/Desktop/go1_follow_person_ws_henrik/install/object_tracking_messages/include/object_tracking_messages/object_tracking_messages/msg/detail/bounding_box__builder.hpp
[70.505s] -- Symlinking: /home/student/Desktop/go1_follow_person_ws_henrik/install/object_tracking_messages/include/object_tracking_messages/object_tracking_messages/msg/detail/bounding_box__struct.hpp
[70.545s] -- Symlinking: /home/student/Desktop/go1_follow_person_ws_henrik/install/object_tracking_messages/include/object_tracking_messages/object_tracking_messages/msg/detail/bounding_box__traits.hpp
[70.575s] -- Symlinking: /home/student/Desktop/go1_follow_person_ws_henrik/install/object_tracking_messages/include/object_tracking_messages/object_tracking_messages/msg/detail/detected_person__builder.hpp
[70.647s] -- Symlinking: /home/student/Desktop/go1_follow_person_ws_henrik/install/object_tracking_messages/include/object_tracking_messages/object_tracking_messages/msg/detail/detected_person__struct.hpp
[70.688s] -- Symlinking: /home/student/Desktop/go1_follow_person_ws_henrik/install/object_tracking_messages/include/object_tracking_messages/object_tracking_messages/msg/detail/detected_person__traits.hpp
[70.748s] -- Symlinking: /home/student/Desktop/go1_follow_person_ws_henrik/install/object_tracking_messages/include/object_tracking_messages/object_tracking_messages/msg/detail/detected_persons__builder.hpp
[70.783s] -- Symlinking: /home/student/Desktop/go1_follow_person_ws_henrik/install/object_tracking_messages/include/object_tracking_messages/object_tracking_messages/msg/detail/detected_persons__struct.hpp
[70.820s] -- Symlinking: /home/student/Desktop/go1_follow_person_ws_henrik/install/object_tracking_messages/include/object_tracking_messages/object_tracking_messages/msg/detail/detected_persons__traits.hpp
[70.865s] -- Symlinking: /home/student/Desktop/go1_follow_person_ws_henrik/install/object_tracking_messages/include/object_tracking_messages/object_tracking_messages/msg/detail/person_distance__builder.hpp
[70.923s] -- Symlinking: /home/student/Desktop/go1_follow_person_ws_henrik/install/object_tracking_messages/include/object_tracking_messages/object_tracking_messages/msg/detail/person_distance__struct.hpp
[70.963s] -- Symlinking: /home/student/Desktop/go1_follow_person_ws_henrik/install/object_tracking_messages/include/object_tracking_messages/object_tracking_messages/msg/detail/person_distance__traits.hpp
[71.008s] -- Symlinking: /home/student/Desktop/go1_follow_person_ws_henrik/install/object_tracking_messages/include/object_tracking_messages/object_tracking_messages/msg/detail/person_key_point__builder.hpp
[71.039s] -- Symlinking: /home/student/Desktop/go1_follow_person_ws_henrik/install/object_tracking_messages/include/object_tracking_messages/object_tracking_messages/msg/detail/person_key_point__struct.hpp
[71.061s] -- Symlinking: /home/student/Desktop/go1_follow_person_ws_henrik/install/object_tracking_messages/include/object_tracking_messages/object_tracking_messages/msg/detail/person_key_point__traits.hpp
[71.114s] -- Symlinking: /home/student/Desktop/go1_follow_person_ws_henrik/install/object_tracking_messages/include/object_tracking_messages/object_tracking_messages/msg/detected_person.hpp
[71.156s] -- Symlinking: /home/student/Desktop/go1_follow_person_ws_henrik/install/object_tracking_messages/include/object_tracking_messages/object_tracking_messages/msg/detected_persons.hpp
[71.288s] -- Symlinking: /home/student/Desktop/go1_follow_person_ws_henrik/install/object_tracking_messages/include/object_tracking_messages/object_tracking_messages/msg/person_distance.hpp
[71.337s] -- Symlinking: /home/student/Desktop/go1_follow_person_ws_henrik/install/object_tracking_messages/include/object_tracking_messages/object_tracking_messages/msg/person_key_point.hpp
[71.391s] -- Symlinking: /home/student/Desktop/go1_follow_person_ws_henrik/install/object_tracking_messages/include/object_tracking_messages/object_tracking_messages/msg/detail/bounding_box__rosidl_typesupport_fastrtps_cpp.hpp
[71.439s] -- Symlinking: /home/student/Desktop/go1_follow_person_ws_henrik/install/object_tracking_messages/include/object_tracking_messages/object_tracking_messages/msg/detail/detected_person__rosidl_typesupport_fastrtps_cpp.hpp
[71.487s] -- Symlinking: /home/student/Desktop/go1_follow_person_ws_henrik/install/object_tracking_messages/include/object_tracking_messages/object_tracking_messages/msg/detail/detected_persons__rosidl_typesupport_fastrtps_cpp.hpp
[71.523s] -- Symlinking: /home/student/Desktop/go1_follow_person_ws_henrik/install/object_tracking_messages/include/object_tracking_messages/object_tracking_messages/msg/detail/person_distance__rosidl_typesupport_fastrtps_cpp.hpp
[71.566s] -- Symlinking: /home/student/Desktop/go1_follow_person_ws_henrik/install/object_tracking_messages/include/object_tracking_messages/object_tracking_messages/msg/detail/person_key_point__rosidl_typesupport_fastrtps_cpp.hpp
[71.618s] -- Symlinking: /home/student/Desktop/go1_follow_person_ws_henrik/install/object_tracking_messages/include/object_tracking_messages/object_tracking_messages/msg/rosidl_typesupport_fastrtps_cpp__visibility_control.h
[71.642s] -- Symlinking: /home/student/Desktop/go1_follow_person_ws_henrik/install/object_tracking_messages/include/object_tracking_messages/object_tracking_messages/msg/detail/bounding_box__rosidl_typesupport_introspection_cpp.hpp
[71.684s] -- Symlinking: /home/student/Desktop/go1_follow_person_ws_henrik/install/object_tracking_messages/include/object_tracking_messages/object_tracking_messages/msg/detail/detected_person__rosidl_typesupport_introspection_cpp.hpp
[71.710s] -- Symlinking: /home/student/Desktop/go1_follow_person_ws_henrik/install/object_tracking_messages/include/object_tracking_messages/object_tracking_messages/msg/detail/detected_persons__rosidl_typesupport_introspection_cpp.hpp
[71.740s] -- Symlinking: /home/student/Desktop/go1_follow_person_ws_henrik/install/object_tracking_messages/include/object_tracking_messages/object_tracking_messages/msg/detail/person_distance__rosidl_typesupport_introspection_cpp.hpp
[71.773s] -- Symlinking: /home/student/Desktop/go1_follow_person_ws_henrik/install/object_tracking_messages/include/object_tracking_messages/object_tracking_messages/msg/detail/person_key_point__rosidl_typesupport_introspection_cpp.hpp
[71.812s] -- Symlinking: /home/student/Desktop/go1_follow_person_ws_henrik/install/object_tracking_messages/share/object_tracking_messages/environment/pythonpath.sh
[71.857s] -- Symlinking: /home/student/Desktop/go1_follow_person_ws_henrik/install/object_tracking_messages/share/object_tracking_messages/environment/pythonpath.dsv
[71.888s] -- Symlinking: /home/student/Desktop/go1_follow_person_ws_henrik/install/object_tracking_messages/local/lib/python3.10/dist-packages/object_tracking_messages-0.0.0-py3.10.egg-info/PKG-INFO
[71.907s] -- Symlinking: /home/student/Desktop/go1_follow_person_ws_henrik/install/object_tracking_messages/local/lib/python3.10/dist-packages/object_tracking_messages-0.0.0-py3.10.egg-info/SOURCES.txt
[71.931s] -- Symlinking: /home/student/Desktop/go1_follow_person_ws_henrik/install/object_tracking_messages/local/lib/python3.10/dist-packages/object_tracking_messages-0.0.0-py3.10.egg-info/dependency_links.txt
[71.959s] -- Symlinking: /home/student/Desktop/go1_follow_person_ws_henrik/install/object_tracking_messages/local/lib/python3.10/dist-packages/object_tracking_messages-0.0.0-py3.10.egg-info/top_level.txt
[71.987s] -- Symlinking: /home/student/Desktop/go1_follow_person_ws_henrik/install/object_tracking_messages/local/lib/python3.10/dist-packages/object_tracking_messages/__init__.py
[72.072s] -- Symlinking: /home/student/Desktop/go1_follow_person_ws_henrik/install/object_tracking_messages/local/lib/python3.10/dist-packages/object_tracking_messages/_object_tracking_messages_s.ep.rosidl_typesupport_c.c
[72.137s] -- Symlinking: /home/student/Desktop/go1_follow_person_ws_henrik/install/object_tracking_messages/local/lib/python3.10/dist-packages/object_tracking_messages/_object_tracking_messages_s.ep.rosidl_typesupport_fastrtps_c.c
[72.200s] -- Symlinking: /home/student/Desktop/go1_follow_person_ws_henrik/install/object_tracking_messages/local/lib/python3.10/dist-packages/object_tracking_messages/_object_tracking_messages_s.ep.rosidl_typesupport_introspection_c.c
[72.283s] -- Symlinking: /home/student/Desktop/go1_follow_person_ws_henrik/install/object_tracking_messages/local/lib/python3.10/dist-packages/object_tracking_messages/libobject_tracking_messages__rosidl_generator_py.so
[72.324s] -- Symlinking: /home/student/Desktop/go1_follow_person_ws_henrik/install/object_tracking_messages/local/lib/python3.10/dist-packages/object_tracking_messages/msg/__init__.py
[72.347s] -- Symlinking: /home/student/Desktop/go1_follow_person_ws_henrik/install/object_tracking_messages/local/lib/python3.10/dist-packages/object_tracking_messages/msg/_bounding_box.py
[72.369s] -- Symlinking: /home/student/Desktop/go1_follow_person_ws_henrik/install/object_tracking_messages/local/lib/python3.10/dist-packages/object_tracking_messages/msg/_bounding_box_s.c
[72.404s] -- Symlinking: /home/student/Desktop/go1_follow_person_ws_henrik/install/object_tracking_messages/local/lib/python3.10/dist-packages/object_tracking_messages/msg/_detected_person.py
[72.466s] -- Symlinking: /home/student/Desktop/go1_follow_person_ws_henrik/install/object_tracking_messages/local/lib/python3.10/dist-packages/object_tracking_messages/msg/_detected_person_s.c
[72.662s] -- Symlinking: /home/student/Desktop/go1_follow_person_ws_henrik/install/object_tracking_messages/local/lib/python3.10/dist-packages/object_tracking_messages/msg/_detected_persons.py
[72.696s] -- Symlinking: /home/student/Desktop/go1_follow_person_ws_henrik/install/object_tracking_messages/local/lib/python3.10/dist-packages/object_tracking_messages/msg/_detected_persons_s.c
[72.794s] -- Symlinking: /home/student/Desktop/go1_follow_person_ws_henrik/install/object_tracking_messages/local/lib/python3.10/dist-packages/object_tracking_messages/msg/_person_distance.py
[72.899s] -- Symlinking: /home/student/Desktop/go1_follow_person_ws_henrik/install/object_tracking_messages/local/lib/python3.10/dist-packages/object_tracking_messages/msg/_person_distance_s.c
[72.964s] -- Symlinking: /home/student/Desktop/go1_follow_person_ws_henrik/install/object_tracking_messages/local/lib/python3.10/dist-packages/object_tracking_messages/msg/_person_key_point.py
[73.025s] -- Symlinking: /home/student/Desktop/go1_follow_person_ws_henrik/install/object_tracking_messages/local/lib/python3.10/dist-packages/object_tracking_messages/msg/_person_key_point_s.c
[73.046s] -- Symlinking: /home/student/Desktop/go1_follow_person_ws_henrik/install/object_tracking_messages/local/lib/python3.10/dist-packages/object_tracking_messages/object_tracking_messages_s__rosidl_typesupport_c.cpython-310-aarch64-linux-gnu.so
[73.070s] -- Symlinking: /home/student/Desktop/go1_follow_person_ws_henrik/install/object_tracking_messages/local/lib/python3.10/dist-packages/object_tracking_messages/object_tracking_messages_s__rosidl_typesupport_fastrtps_c.cpython-310-aarch64-linux-gnu.so
[73.107s] -- Symlinking: /home/student/Desktop/go1_follow_person_ws_henrik/install/object_tracking_messages/local/lib/python3.10/dist-packages/object_tracking_messages/object_tracking_messages_s__rosidl_typesupport_introspection_c.cpython-310-aarch64-linux-gnu.so
[73.160s] -- Up-to-date symlink: /home/student/Desktop/go1_follow_person_ws_henrik/install/object_tracking_messages/local/lib/python3.10/dist-packages/object_tracking_messages/object_tracking_messages_s__rosidl_typesupport_fastrtps_c.cpython-310-aarch64-linux-gnu.so
[73.161s] -- Up-to-date symlink: /home/student/Desktop/go1_follow_person_ws_henrik/install/object_tracking_messages/local/lib/python3.10/dist-packages/object_tracking_messages/object_tracking_messages_s__rosidl_typesupport_introspection_c.cpython-310-aarch64-linux-gnu.so
[73.163s] -- Up-to-date symlink: /home/student/Desktop/go1_follow_person_ws_henrik/install/object_tracking_messages/local/lib/python3.10/dist-packages/object_tracking_messages/object_tracking_messages_s__rosidl_typesupport_c.cpython-310-aarch64-linux-gnu.so
[73.163s] -- Symlinking: /home/student/Desktop/go1_follow_person_ws_henrik/install/object_tracking_messages/share/object_tracking_messages/msg/BoundingBox.idl
[73.210s] -- Symlinking: /home/student/Desktop/go1_follow_person_ws_henrik/install/object_tracking_messages/share/object_tracking_messages/msg/PersonKeyPoint.idl
[73.235s] -- Symlinking: /home/student/Desktop/go1_follow_person_ws_henrik/install/object_tracking_messages/share/object_tracking_messages/msg/DetectedPerson.idl
[73.277s] -- Symlinking: /home/student/Desktop/go1_follow_person_ws_henrik/install/object_tracking_messages/share/object_tracking_messages/msg/DetectedPersons.idl
[73.343s] -- Symlinking: /home/student/Desktop/go1_follow_person_ws_henrik/install/object_tracking_messages/share/object_tracking_messages/msg/PersonDistance.idl
[73.404s] -- Symlinking: /home/student/Desktop/go1_follow_person_ws_henrik/install/object_tracking_messages/share/object_tracking_messages/msg/BoundingBox.msg
[73.449s] -- Symlinking: /home/student/Desktop/go1_follow_person_ws_henrik/install/object_tracking_messages/share/object_tracking_messages/msg/PersonKeyPoint.msg
[73.497s] -- Symlinking: /home/student/Desktop/go1_follow_person_ws_henrik/install/object_tracking_messages/share/object_tracking_messages/msg/DetectedPerson.msg
[73.559s] -- Symlinking: /home/student/Desktop/go1_follow_person_ws_henrik/install/object_tracking_messages/share/object_tracking_messages/msg/DetectedPersons.msg
[73.660s] -- Symlinking: /home/student/Desktop/go1_follow_person_ws_henrik/install/object_tracking_messages/share/object_tracking_messages/msg/PersonDistance.msg
[73.758s] -- Symlinking: /home/student/Desktop/go1_follow_person_ws_henrik/install/object_tracking_messages/share/ament_index/resource_index/package_run_dependencies/object_tracking_messages
[73.849s] -- Symlinking: /home/student/Desktop/go1_follow_person_ws_henrik/install/object_tracking_messages/share/ament_index/resource_index/parent_prefix_path/object_tracking_messages
[73.867s] -- Symlinking: /home/student/Desktop/go1_follow_person_ws_henrik/install/object_tracking_messages/share/object_tracking_messages/environment/ament_prefix_path.sh
[73.884s] -- Symlinking: /home/student/Desktop/go1_follow_person_ws_henrik/install/object_tracking_messages/share/object_tracking_messages/environment/ament_prefix_path.dsv
[73.901s] -- Symlinking: /home/student/Desktop/go1_follow_person_ws_henrik/install/object_tracking_messages/share/object_tracking_messages/environment/path.sh
[73.925s] -- Symlinking: /home/student/Desktop/go1_follow_person_ws_henrik/install/object_tracking_messages/share/object_tracking_messages/environment/path.dsv
[73.983s] -- Symlinking: /home/student/Desktop/go1_follow_person_ws_henrik/install/object_tracking_messages/share/object_tracking_messages/local_setup.bash
[74.021s] -- Symlinking: /home/student/Desktop/go1_follow_person_ws_henrik/install/object_tracking_messages/share/object_tracking_messages/local_setup.sh
[74.134s] -- Symlinking: /home/student/Desktop/go1_follow_person_ws_henrik/install/object_tracking_messages/share/object_tracking_messages/local_setup.zsh
[74.169s] -- Symlinking: /home/student/Desktop/go1_follow_person_ws_henrik/install/object_tracking_messages/share/object_tracking_messages/local_setup.dsv
[74.265s] -- Symlinking: /home/student/Desktop/go1_follow_person_ws_henrik/install/object_tracking_messages/share/object_tracking_messages/package.dsv
[74.324s] -- Symlinking: /home/student/Desktop/go1_follow_person_ws_henrik/install/object_tracking_messages/share/ament_index/resource_index/packages/object_tracking_messages
[74.365s] -- Symlinking: /home/student/Desktop/go1_follow_person_ws_henrik/install/object_tracking_messages/share/object_tracking_messages/cmake/rosidl_cmake-extras.cmake
[74.408s] -- Symlinking: /home/student/Desktop/go1_follow_person_ws_henrik/install/object_tracking_messages/share/object_tracking_messages/cmake/ament_cmake_export_include_directories-extras.cmake
[74.444s] -- Symlinking: /home/student/Desktop/go1_follow_person_ws_henrik/install/object_tracking_messages/share/object_tracking_messages/cmake/ament_cmake_export_libraries-extras.cmake
[74.471s] -- Symlinking: /home/student/Desktop/go1_follow_person_ws_henrik/install/object_tracking_messages/share/object_tracking_messages/cmake/ament_cmake_export_targets-extras.cmake
[74.534s] -- Symlinking: /home/student/Desktop/go1_follow_person_ws_henrik/install/object_tracking_messages/share/object_tracking_messages/cmake/rosidl_cmake_export_typesupport_targets-extras.cmake
[74.577s] -- Symlinking: /home/student/Desktop/go1_follow_person_ws_henrik/install/object_tracking_messages/share/object_tracking_messages/cmake/ament_cmake_export_dependencies-extras.cmake
[74.637s] -- Symlinking: /home/student/Desktop/go1_follow_person_ws_henrik/install/object_tracking_messages/share/object_tracking_messages/cmake/rosidl_cmake_export_typesupport_libraries-extras.cmake
[74.682s] -- Symlinking: /home/student/Desktop/go1_follow_person_ws_henrik/install/object_tracking_messages/share/object_tracking_messages/cmake/object_tracking_messagesConfig.cmake
[74.737s] -- Symlinking: /home/student/Desktop/go1_follow_person_ws_henrik/install/object_tracking_messages/share/object_tracking_messages/cmake/object_tracking_messagesConfig-version.cmake
[74.763s] -- Symlinking: /home/student/Desktop/go1_follow_person_ws_henrik/install/object_tracking_messages/share/object_tracking_messages/package.xml
[74.814s] -- Installing: /home/student/Desktop/go1_follow_person_ws_henrik/install/object_tracking_messages/lib/libobject_tracking_messages__rosidl_generator_c.so
[74.816s] -- Set runtime path of "/home/student/Desktop/go1_follow_person_ws_henrik/install/object_tracking_messages/lib/libobject_tracking_messages__rosidl_generator_c.so" to ""
[74.819s] -- Installing: /home/student/Desktop/go1_follow_person_ws_henrik/install/object_tracking_messages/lib/libobject_tracking_messages__rosidl_typesupport_fastrtps_c.so
[74.819s] -- Set runtime path of "/home/student/Desktop/go1_follow_person_ws_henrik/install/object_tracking_messages/lib/libobject_tracking_messages__rosidl_typesupport_fastrtps_c.so" to ""
[74.820s] -- Installing: /home/student/Desktop/go1_follow_person_ws_henrik/install/object_tracking_messages/lib/libobject_tracking_messages__rosidl_typesupport_introspection_c.so
[74.820s] -- Set runtime path of "/home/student/Desktop/go1_follow_person_ws_henrik/install/object_tracking_messages/lib/libobject_tracking_messages__rosidl_typesupport_introspection_c.so" to ""
[74.820s] -- Installing: /home/student/Desktop/go1_follow_person_ws_henrik/install/object_tracking_messages/lib/libobject_tracking_messages__rosidl_typesupport_c.so
[74.821s] -- Set runtime path of "/home/student/Desktop/go1_follow_person_ws_henrik/install/object_tracking_messages/lib/libobject_tracking_messages__rosidl_typesupport_c.so" to ""
[74.821s] -- Installing: /home/student/Desktop/go1_follow_person_ws_henrik/install/object_tracking_messages/lib/libobject_tracking_messages__rosidl_typesupport_fastrtps_cpp.so
[74.822s] -- Set runtime path of "/home/student/Desktop/go1_follow_person_ws_henrik/install/object_tracking_messages/lib/libobject_tracking_messages__rosidl_typesupport_fastrtps_cpp.so" to ""
[74.823s] -- Installing: /home/student/Desktop/go1_follow_person_ws_henrik/install/object_tracking_messages/lib/libobject_tracking_messages__rosidl_typesupport_introspection_cpp.so
[74.830s] -- Set runtime path of "/home/student/Desktop/go1_follow_person_ws_henrik/install/object_tracking_messages/lib/libobject_tracking_messages__rosidl_typesupport_introspection_cpp.so" to ""
[74.830s] -- Installing: /home/student/Desktop/go1_follow_person_ws_henrik/install/object_tracking_messages/lib/libobject_tracking_messages__rosidl_typesupport_cpp.so
[74.831s] -- Set runtime path of "/home/student/Desktop/go1_follow_person_ws_henrik/install/object_tracking_messages/lib/libobject_tracking_messages__rosidl_typesupport_cpp.so" to ""
[74.961s] Listing '/home/student/Desktop/go1_follow_person_ws_henrik/install/object_tracking_messages/local/lib/python3.10/dist-packages/object_tracking_messages'...
[74.961s] Compiling '/home/student/Desktop/go1_follow_person_ws_henrik/install/object_tracking_messages/local/lib/python3.10/dist-packages/object_tracking_messages/__init__.py'...
[74.961s] Listing '/home/student/Desktop/go1_follow_person_ws_henrik/install/object_tracking_messages/local/lib/python3.10/dist-packages/object_tracking_messages/msg'...
[74.961s] Compiling '/home/student/Desktop/go1_follow_person_ws_henrik/install/object_tracking_messages/local/lib/python3.10/dist-packages/object_tracking_messages/msg/__init__.py'...
[74.962s] Compiling '/home/student/Desktop/go1_follow_person_ws_henrik/install/object_tracking_messages/local/lib/python3.10/dist-packages/object_tracking_messages/msg/_bounding_box.py'...
[74.962s] Compiling '/home/student/Desktop/go1_follow_person_ws_henrik/install/object_tracking_messages/local/lib/python3.10/dist-packages/object_tracking_messages/msg/_detected_person.py'...
[74.962s] Compiling '/home/student/Desktop/go1_follow_person_ws_henrik/install/object_tracking_messages/local/lib/python3.10/dist-packages/object_tracking_messages/msg/_detected_persons.py'...
[74.962s] Compiling '/home/student/Desktop/go1_follow_person_ws_henrik/install/object_tracking_messages/local/lib/python3.10/dist-packages/object_tracking_messages/msg/_person_distance.py'...
[74.962s] Compiling '/home/student/Desktop/go1_follow_person_ws_henrik/install/object_tracking_messages/local/lib/python3.10/dist-packages/object_tracking_messages/msg/_person_key_point.py'...
[74.985s] -- Installing: /home/student/Desktop/go1_follow_person_ws_henrik/install/object_tracking_messages/lib/libobject_tracking_messages__rosidl_generator_py.so
[74.985s] -- Set runtime path of "/home/student/Desktop/go1_follow_person_ws_henrik/install/object_tracking_messages/lib/libobject_tracking_messages__rosidl_generator_py.so" to ""
[74.987s] -- Installing: /home/student/Desktop/go1_follow_person_ws_henrik/install/object_tracking_messages/share/object_tracking_messages/cmake/export_object_tracking_messages__rosidl_generator_cExport.cmake
[74.987s] -- Installing: /home/student/Desktop/go1_follow_person_ws_henrik/install/object_tracking_messages/share/object_tracking_messages/cmake/export_object_tracking_messages__rosidl_generator_cExport-noconfig.cmake
[74.992s] -- Installing: /home/student/Desktop/go1_follow_person_ws_henrik/install/object_tracking_messages/share/object_tracking_messages/cmake/export_object_tracking_messages__rosidl_typesupport_fastrtps_cExport.cmake
[74.993s] -- Installing: /home/student/Desktop/go1_follow_person_ws_henrik/install/object_tracking_messages/share/object_tracking_messages/cmake/export_object_tracking_messages__rosidl_typesupport_fastrtps_cExport-noconfig.cmake
[74.993s] -- Installing: /home/student/Desktop/go1_follow_person_ws_henrik/install/object_tracking_messages/share/object_tracking_messages/cmake/object_tracking_messages__rosidl_typesupport_introspection_cExport.cmake
[74.993s] -- Installing: /home/student/Desktop/go1_follow_person_ws_henrik/install/object_tracking_messages/share/object_tracking_messages/cmake/object_tracking_messages__rosidl_typesupport_introspection_cExport-noconfig.cmake
[74.993s] -- Installing: /home/student/Desktop/go1_follow_person_ws_henrik/install/object_tracking_messages/share/object_tracking_messages/cmake/object_tracking_messages__rosidl_typesupport_cExport.cmake
[74.993s] -- Installing: /home/student/Desktop/go1_follow_person_ws_henrik/install/object_tracking_messages/share/object_tracking_messages/cmake/object_tracking_messages__rosidl_typesupport_cExport-noconfig.cmake
[74.994s] -- Installing: /home/student/Desktop/go1_follow_person_ws_henrik/install/object_tracking_messages/share/object_tracking_messages/cmake/export_object_tracking_messages__rosidl_generator_cppExport.cmake
[75.002s] -- Installing: /home/student/Desktop/go1_follow_person_ws_henrik/install/object_tracking_messages/share/object_tracking_messages/cmake/export_object_tracking_messages__rosidl_typesupport_fastrtps_cppExport.cmake
[75.011s] -- Installing: /home/student/Desktop/go1_follow_person_ws_henrik/install/object_tracking_messages/share/object_tracking_messages/cmake/export_object_tracking_messages__rosidl_typesupport_fastrtps_cppExport-noconfig.cmake
[75.011s] -- Installing: /home/student/Desktop/go1_follow_person_ws_henrik/install/object_tracking_messages/share/object_tracking_messages/cmake/object_tracking_messages__rosidl_typesupport_introspection_cppExport.cmake
[75.011s] -- Installing: /home/student/Desktop/go1_follow_person_ws_henrik/install/object_tracking_messages/share/object_tracking_messages/cmake/object_tracking_messages__rosidl_typesupport_introspection_cppExport-noconfig.cmake
[75.011s] -- Installing: /home/student/Desktop/go1_follow_person_ws_henrik/install/object_tracking_messages/share/object_tracking_messages/cmake/object_tracking_messages__rosidl_typesupport_cppExport.cmake
[75.011s] -- Installing: /home/student/Desktop/go1_follow_person_ws_henrik/install/object_tracking_messages/share/object_tracking_messages/cmake/object_tracking_messages__rosidl_typesupport_cppExport-noconfig.cmake
[75.011s] -- Installing: /home/student/Desktop/go1_follow_person_ws_henrik/install/object_tracking_messages/share/object_tracking_messages/cmake/export_object_tracking_messages__rosidl_generator_pyExport.cmake
[75.012s] -- Installing: /home/student/Desktop/go1_follow_person_ws_henrik/install/object_tracking_messages/share/object_tracking_messages/cmake/export_object_tracking_messages__rosidl_generator_pyExport-noconfig.cmake
[75.012s] Invoked command in '/home/student/Desktop/go1_follow_person_ws_henrik/build/object_tracking_messages' returned '0': CMAKE_PREFIX_PATH=${CMAKE_PREFIX_PATH}:/home/student/Desktop/go1_follow_person_ws_henrik/install/main:/opt/ros/humble /usr/bin/cmake --install /home/student/Desktop/go1_follow_person_ws_henrik/build/object_tracking_messages
