[0.809s] Invoking command in '/home/student/Desktop/workspace/src/sensor_presentation': PYTHONPATH=/home/student/Desktop/workspace/build/sensor_presentation/prefix_override:/usr/lib/python3/dist-packages/colcon_core/task/python/colcon_distutils_commands:/home/student/Desktop/workspace/install/sensor_presentation/lib/python3.10/site-packages:${PYTHONPATH} /usr/bin/python3 -W ignore:setup.py install is deprecated setup.py egg_info --egg-base ../../build/sensor_presentation build --build-base /home/student/Desktop/workspace/build/sensor_presentation/build install --record /home/student/Desktop/workspace/build/sensor_presentation/install.log --single-version-externally-managed install_data
[1.109s] running egg_info
[1.111s] writing ../../build/sensor_presentation/sensor_presentation.egg-info/PKG-INFO
[1.111s] writing dependency_links to ../../build/sensor_presentation/sensor_presentation.egg-info/dependency_links.txt
[1.111s] writing entry points to ../../build/sensor_presentation/sensor_presentation.egg-info/entry_points.txt
[1.111s] writing requirements to ../../build/sensor_presentation/sensor_presentation.egg-info/requires.txt
[1.111s] writing top-level names to ../../build/sensor_presentation/sensor_presentation.egg-info/top_level.txt
[1.113s] reading manifest file '../../build/sensor_presentation/sensor_presentation.egg-info/SOURCES.txt'
[1.114s] writing manifest file '../../build/sensor_presentation/sensor_presentation.egg-info/SOURCES.txt'
[1.114s] running build
[1.114s] running build_py
[1.114s] running install
[1.114s] running install_lib
[1.116s] running install_data
[1.116s] running install_egg_info
[1.117s] removing '/home/student/Desktop/workspace/install/sensor_presentation/lib/python3.10/site-packages/sensor_presentation-0.0.0-py3.10.egg-info' (and everything under it)
[1.118s] Copying ../../build/sensor_presentation/sensor_presentation.egg-info to /home/student/Desktop/workspace/install/sensor_presentation/lib/python3.10/site-packages/sensor_presentation-0.0.0-py3.10.egg-info
[1.118s] running install_scripts
[1.137s] writing list of installed files to '/home/student/Desktop/workspace/build/sensor_presentation/install.log'
[1.156s] Invoked command in '/home/student/Desktop/workspace/src/sensor_presentation' returned '0': PYTHONPATH=/home/student/Desktop/workspace/build/sensor_presentation/prefix_override:/usr/lib/python3/dist-packages/colcon_core/task/python/colcon_distutils_commands:/home/student/Desktop/workspace/install/sensor_presentation/lib/python3.10/site-packages:${PYTHONPATH} /usr/bin/python3 -W ignore:setup.py install is deprecated setup.py egg_info --egg-base ../../build/sensor_presentation build --build-base /home/student/Desktop/workspace/build/sensor_presentation/build install --record /home/student/Desktop/workspace/build/sensor_presentation/install.log --single-version-externally-managed install_data
