[0.015s] Invoking command in '/home/student/Desktop/workspace/build/ouster_ros': CMAKE_PREFIX_PATH=/home/student/Desktop/workspace/install/ouster_sensor_msgs:/home/student/Desktop/workspace/install/zed_ros2:/home/student/Desktop/workspace/install/zed_wrapper:/home/student/Desktop/workspace/install/zed_components:/home/student/Desktop/workspace/install/zed_interfaces:/home/student/Desktop/workspace/install/ouster_ros:/home/student/Desktop/workspace/install/object_tracking_messages:/usr/local/labor_robotik/ros2/xarm_planner:/usr/local/labor_robotik/ros2/xarm_moveit_servo:/usr/local/labor_robotik/ros2/lri_xarm_integration:/usr/local/labor_robotik/ros2/xarm_moveit_config:/usr/local/labor_robotik/ros2/xarm_gazebo:/usr/local/labor_robotik/ros2/xarm_controller:/usr/local/labor_robotik/ros2/xarm_api:/usr/local/labor_robotik/ros2/xarm_sdk:/usr/local/labor_robotik/ros2/xarm_msgs:/usr/local/labor_robotik/ros2/xarm_description:/usr/local/labor_robotik/ros2/weiss_gripper:/usr/local/labor_robotik/ros2/weiss_gripper_interfaces:/usr/local/labor_robotik/ros2/sicktoolbox_wrapper:/usr/local/labor_robotik/ros2/sicktoolbox:/usr/local/labor_robotik/ros2/realsense_gazebo_plugin:/usr/local/labor_robotik/ros2/p2os_witness:/usr/local/labor_robotik/ros2/p2os_launch:/usr/local/labor_robotik/ros2/p2os_urdf:/usr/local/labor_robotik/ros2/p2os_device_plugins:/usr/local/labor_robotik/ros2/p2os_driver:/usr/local/labor_robotik/ros2/lri_webots_interface:/usr/local/labor_robotik/ros2/p2os_msgs:/usr/local/labor_robotik/ros2/lr_utility_lib:/home/student/Desktop/workspace/install/navigation:/home/student/Desktop/workspace/install/main:/home/student/Desktop/workspace/install/yolo_tracking:/home/student/Desktop/workspace/install/sensor_presentation:/home/student/Desktop/workspace/install/position_estimation:/opt/ros/humble LD_LIBRARY_PATH=/home/student/Desktop/workspace/install/ouster_sensor_msgs/lib:/home/student/Desktop/workspace/install/zed_components/lib:/home/student/Desktop/workspace/install/zed_interfaces/lib:/home/student/Desktop/workspace/install/ouster_ros/lib:/home/student/Desktop/workspace/install/object_tracking_messages/lib:/usr/local/labor_robotik/ros2/xarm_planner/lib:/usr/local/labor_robotik/ros2/xarm_moveit_servo/lib:/usr/local/labor_robotik/ros2/xarm_gazebo/lib:/usr/local/labor_robotik/ros2/xarm_controller/lib:/usr/local/labor_robotik/ros2/xarm_api/lib:/usr/local/labor_robotik/ros2/xarm_sdk/lib:/usr/local/labor_robotik/ros2/xarm_msgs/lib:/usr/local/labor_robotik/ros2/weiss_gripper/lib:/usr/local/labor_robotik/ros2/weiss_gripper_interfaces/lib:/usr/local/labor_robotik/ros2/sicktoolbox/lib:/usr/local/labor_robotik/ros2/realsense_gazebo_plugin/lib:/usr/local/labor_robotik/ros2/p2os_device_plugins/lib:/usr/local/labor_robotik/ros2/p2os_driver/lib:/usr/local/labor_robotik/ros2/lri_webots_interface/lib:/usr/local/labor_robotik/ros2/p2os_msgs/lib:/usr/local/labor_robotik/ros2/lr_utility_lib/lib:/usr/lib/x86_64-linux-gnu/gazebo-11/plugins:/opt/ros/humble/opt/rviz_ogre_vendor/lib:/opt/ros/humble/lib/x86_64-linux-gnu:/opt/ros/humble/opt/libphidget22/lib:/opt/ros/humble/lib:/usr/share/gazebo/../../lib/x86_64-linux-gnu/gazebo-11/plugins:/usr/local/lib/:/usr/lib/x86_64-linux-gnu/:/usr/share/gazebo/../../lib/x86_64-linux-gnu/gazebo-11/plugins:/usr/share/gazebo/../../lib/x86_64-linux-gnu/gazebo-11/plugins:/usr/local/lib/:/usr/lib/x86_64-linux-gnu/ /home/student/.local/bin/cmake /home/student/Desktop/workspace/src/ouster-ros/ouster-ros -DAMENT_CMAKE_SYMLINK_INSTALL=1 -DCMAKE_INSTALL_PREFIX=/home/student/Desktop/workspace/install/ouster_ros
[0.050s] -- Found ament_cmake: 1.3.10 (/opt/ros/humble/share/ament_cmake/cmake)
[0.146s] -- Override CMake install command with custom implementation using symlinks instead of copying resources
[0.154s] -- Found rclcpp: 16.0.10 (/opt/ros/humble/share/rclcpp/cmake)
[0.190s] -- Found rosidl_generator_c: 3.1.5 (/opt/ros/humble/share/rosidl_generator_c/cmake)
[0.193s] -- Found rosidl_adapter: 3.1.5 (/opt/ros/humble/share/rosidl_adapter/cmake)
[0.200s] -- Found rosidl_generator_cpp: 3.1.5 (/opt/ros/humble/share/rosidl_generator_cpp/cmake)
[0.213s] -- Using all available rosidl_typesupport_c: rosidl_typesupport_fastrtps_c;rosidl_typesupport_introspection_c
[0.230s] -- Using all available rosidl_typesupport_cpp: rosidl_typesupport_fastrtps_cpp;rosidl_typesupport_introspection_cpp
[0.272s] -- Found rmw_implementation_cmake: 6.1.2 (/opt/ros/humble/share/rmw_implementation_cmake/cmake)
[0.274s] -- Found rmw_fastrtps_cpp: 6.2.7 (/opt/ros/humble/share/rmw_fastrtps_cpp/cmake)
[0.409s] -- Using RMW implementation 'rmw_fastrtps_cpp' as default
[0.472s] -- Found rclcpp_components: 16.0.10 (/opt/ros/humble/share/rclcpp_components/cmake)
[0.496s] -- Found rclcpp_lifecycle: 16.0.10 (/opt/ros/humble/share/rclcpp_lifecycle/cmake)
[0.517s] -- Found sensor_msgs: 4.2.4 (/opt/ros/humble/share/sensor_msgs/cmake)
[0.558s] -- Found ouster_sensor_msgs: 0.12.2 (/home/student/Desktop/workspace/install/ouster_sensor_msgs/share/ouster_sensor_msgs/cmake)
[0.575s] -- Found std_srvs: 4.2.4 (/opt/ros/humble/share/std_srvs/cmake)
[0.588s] -- Found rosidl_default_generators: 1.2.0 (/opt/ros/humble/share/rosidl_default_generators/cmake)
[0.620s] -- Eigen found (include: /usr/include/eigen3, version: 3.4.0)
[0.637s] -- looking for PCL_COMMON
[0.639s] -- Found pcl_conversions: 2.4.5 (/opt/ros/humble/share/pcl_conversions/cmake)
[0.678s] -- Found tf2_eigen: 0.25.8 (/opt/ros/humble/share/tf2_eigen/cmake)
[0.901s] -- Found ament_cmake_gtest: 1.3.10 (/opt/ros/humble/share/ament_cmake_gtest/cmake)
[0.902s] -- Found gtest sources under '/opt/ros/humble/src/gtest_vendor': C++ tests using 'Google Test' will be built
[0.976s] -- Configuring done (0.9s)
[1.082s] -- Generating done (0.1s)
[1.085s] -- Build files have been written to: /home/student/Desktop/workspace/build/ouster_ros
[1.100s] Invoked command in '/home/student/Desktop/workspace/build/ouster_ros' returned '0': CMAKE_PREFIX_PATH=/home/student/Desktop/workspace/install/ouster_sensor_msgs:/home/student/Desktop/workspace/install/zed_ros2:/home/student/Desktop/workspace/install/zed_wrapper:/home/student/Desktop/workspace/install/zed_components:/home/student/Desktop/workspace/install/zed_interfaces:/home/student/Desktop/workspace/install/ouster_ros:/home/student/Desktop/workspace/install/object_tracking_messages:/usr/local/labor_robotik/ros2/xarm_planner:/usr/local/labor_robotik/ros2/xarm_moveit_servo:/usr/local/labor_robotik/ros2/lri_xarm_integration:/usr/local/labor_robotik/ros2/xarm_moveit_config:/usr/local/labor_robotik/ros2/xarm_gazebo:/usr/local/labor_robotik/ros2/xarm_controller:/usr/local/labor_robotik/ros2/xarm_api:/usr/local/labor_robotik/ros2/xarm_sdk:/usr/local/labor_robotik/ros2/xarm_msgs:/usr/local/labor_robotik/ros2/xarm_description:/usr/local/labor_robotik/ros2/weiss_gripper:/usr/local/labor_robotik/ros2/weiss_gripper_interfaces:/usr/local/labor_robotik/ros2/sicktoolbox_wrapper:/usr/local/labor_robotik/ros2/sicktoolbox:/usr/local/labor_robotik/ros2/realsense_gazebo_plugin:/usr/local/labor_robotik/ros2/p2os_witness:/usr/local/labor_robotik/ros2/p2os_launch:/usr/local/labor_robotik/ros2/p2os_urdf:/usr/local/labor_robotik/ros2/p2os_device_plugins:/usr/local/labor_robotik/ros2/p2os_driver:/usr/local/labor_robotik/ros2/lri_webots_interface:/usr/local/labor_robotik/ros2/p2os_msgs:/usr/local/labor_robotik/ros2/lr_utility_lib:/home/student/Desktop/workspace/install/navigation:/home/student/Desktop/workspace/install/main:/home/student/Desktop/workspace/install/yolo_tracking:/home/student/Desktop/workspace/install/sensor_presentation:/home/student/Desktop/workspace/install/position_estimation:/opt/ros/humble LD_LIBRARY_PATH=/home/student/Desktop/workspace/install/ouster_sensor_msgs/lib:/home/student/Desktop/workspace/install/zed_components/lib:/home/student/Desktop/workspace/install/zed_interfaces/lib:/home/student/Desktop/workspace/install/ouster_ros/lib:/home/student/Desktop/workspace/install/object_tracking_messages/lib:/usr/local/labor_robotik/ros2/xarm_planner/lib:/usr/local/labor_robotik/ros2/xarm_moveit_servo/lib:/usr/local/labor_robotik/ros2/xarm_gazebo/lib:/usr/local/labor_robotik/ros2/xarm_controller/lib:/usr/local/labor_robotik/ros2/xarm_api/lib:/usr/local/labor_robotik/ros2/xarm_sdk/lib:/usr/local/labor_robotik/ros2/xarm_msgs/lib:/usr/local/labor_robotik/ros2/weiss_gripper/lib:/usr/local/labor_robotik/ros2/weiss_gripper_interfaces/lib:/usr/local/labor_robotik/ros2/sicktoolbox/lib:/usr/local/labor_robotik/ros2/realsense_gazebo_plugin/lib:/usr/local/labor_robotik/ros2/p2os_device_plugins/lib:/usr/local/labor_robotik/ros2/p2os_driver/lib:/usr/local/labor_robotik/ros2/lri_webots_interface/lib:/usr/local/labor_robotik/ros2/p2os_msgs/lib:/usr/local/labor_robotik/ros2/lr_utility_lib/lib:/usr/lib/x86_64-linux-gnu/gazebo-11/plugins:/opt/ros/humble/opt/rviz_ogre_vendor/lib:/opt/ros/humble/lib/x86_64-linux-gnu:/opt/ros/humble/opt/libphidget22/lib:/opt/ros/humble/lib:/usr/share/gazebo/../../lib/x86_64-linux-gnu/gazebo-11/plugins:/usr/local/lib/:/usr/lib/x86_64-linux-gnu/:/usr/share/gazebo/../../lib/x86_64-linux-gnu/gazebo-11/plugins:/usr/share/gazebo/../../lib/x86_64-linux-gnu/gazebo-11/plugins:/usr/local/lib/:/usr/lib/x86_64-linux-gnu/ /home/student/.local/bin/cmake /home/student/Desktop/workspace/src/ouster-ros/ouster-ros -DAMENT_CMAKE_SYMLINK_INSTALL=1 -DCMAKE_INSTALL_PREFIX=/home/student/Desktop/workspace/install/ouster_ros
[1.102s] Invoking command in '/home/student/Desktop/workspace/build/ouster_ros': CMAKE_PREFIX_PATH=/home/student/Desktop/workspace/install/ouster_sensor_msgs:/home/student/Desktop/workspace/install/zed_ros2:/home/student/Desktop/workspace/install/zed_wrapper:/home/student/Desktop/workspace/install/zed_components:/home/student/Desktop/workspace/install/zed_interfaces:/home/student/Desktop/workspace/install/ouster_ros:/home/student/Desktop/workspace/install/object_tracking_messages:/usr/local/labor_robotik/ros2/xarm_planner:/usr/local/labor_robotik/ros2/xarm_moveit_servo:/usr/local/labor_robotik/ros2/lri_xarm_integration:/usr/local/labor_robotik/ros2/xarm_moveit_config:/usr/local/labor_robotik/ros2/xarm_gazebo:/usr/local/labor_robotik/ros2/xarm_controller:/usr/local/labor_robotik/ros2/xarm_api:/usr/local/labor_robotik/ros2/xarm_sdk:/usr/local/labor_robotik/ros2/xarm_msgs:/usr/local/labor_robotik/ros2/xarm_description:/usr/local/labor_robotik/ros2/weiss_gripper:/usr/local/labor_robotik/ros2/weiss_gripper_interfaces:/usr/local/labor_robotik/ros2/sicktoolbox_wrapper:/usr/local/labor_robotik/ros2/sicktoolbox:/usr/local/labor_robotik/ros2/realsense_gazebo_plugin:/usr/local/labor_robotik/ros2/p2os_witness:/usr/local/labor_robotik/ros2/p2os_launch:/usr/local/labor_robotik/ros2/p2os_urdf:/usr/local/labor_robotik/ros2/p2os_device_plugins:/usr/local/labor_robotik/ros2/p2os_driver:/usr/local/labor_robotik/ros2/lri_webots_interface:/usr/local/labor_robotik/ros2/p2os_msgs:/usr/local/labor_robotik/ros2/lr_utility_lib:/home/student/Desktop/workspace/install/navigation:/home/student/Desktop/workspace/install/main:/home/student/Desktop/workspace/install/yolo_tracking:/home/student/Desktop/workspace/install/sensor_presentation:/home/student/Desktop/workspace/install/position_estimation:/opt/ros/humble LD_LIBRARY_PATH=/home/student/Desktop/workspace/install/ouster_sensor_msgs/lib:/home/student/Desktop/workspace/install/zed_components/lib:/home/student/Desktop/workspace/install/zed_interfaces/lib:/home/student/Desktop/workspace/install/ouster_ros/lib:/home/student/Desktop/workspace/install/object_tracking_messages/lib:/usr/local/labor_robotik/ros2/xarm_planner/lib:/usr/local/labor_robotik/ros2/xarm_moveit_servo/lib:/usr/local/labor_robotik/ros2/xarm_gazebo/lib:/usr/local/labor_robotik/ros2/xarm_controller/lib:/usr/local/labor_robotik/ros2/xarm_api/lib:/usr/local/labor_robotik/ros2/xarm_sdk/lib:/usr/local/labor_robotik/ros2/xarm_msgs/lib:/usr/local/labor_robotik/ros2/weiss_gripper/lib:/usr/local/labor_robotik/ros2/weiss_gripper_interfaces/lib:/usr/local/labor_robotik/ros2/sicktoolbox/lib:/usr/local/labor_robotik/ros2/realsense_gazebo_plugin/lib:/usr/local/labor_robotik/ros2/p2os_device_plugins/lib:/usr/local/labor_robotik/ros2/p2os_driver/lib:/usr/local/labor_robotik/ros2/lri_webots_interface/lib:/usr/local/labor_robotik/ros2/p2os_msgs/lib:/usr/local/labor_robotik/ros2/lr_utility_lib/lib:/usr/lib/x86_64-linux-gnu/gazebo-11/plugins:/opt/ros/humble/opt/rviz_ogre_vendor/lib:/opt/ros/humble/lib/x86_64-linux-gnu:/opt/ros/humble/opt/libphidget22/lib:/opt/ros/humble/lib:/usr/share/gazebo/../../lib/x86_64-linux-gnu/gazebo-11/plugins:/usr/local/lib/:/usr/lib/x86_64-linux-gnu/:/usr/share/gazebo/../../lib/x86_64-linux-gnu/gazebo-11/plugins:/usr/share/gazebo/../../lib/x86_64-linux-gnu/gazebo-11/plugins:/usr/local/lib/:/usr/lib/x86_64-linux-gnu/ /home/student/.local/bin/cmake --build /home/student/Desktop/workspace/build/ouster_ros -- -j16 -l16
[1.153s] [34m[1mGenerating build info header[0m
[1.162s] [  3%] Built target gtest_main
[1.162s] [  7%] Built target os_driver
[1.164s] [ 16%] Built target os_cloud
[1.164s] [ 18%] Built target os_sensor
[1.164s] [ 18%] Built target gtest
[1.165s] [ 21%] Built target os_image
[1.166s] [ 25%] Built target os_replay
[1.170s] [ 25%] Built target ouster_generate_header
[1.200s] [ 52%] Built target ouster_client
[1.222s] [ 56%] Built target ouster_ros_library
[1.253s] [ 61%] Built target os_replay_component
[1.255s] [ 69%] Built target os_image_component
[1.255s] [ 72%] Built target os_cloud_component
[1.257s] [ 78%] Built target os_sensor_component
[1.265s] [ 85%] Built target os_driver_component
[1.272s] [100%] Built target ouster_ros_test
[1.280s] Invoked command in '/home/student/Desktop/workspace/build/ouster_ros' returned '0': CMAKE_PREFIX_PATH=/home/student/Desktop/workspace/install/ouster_sensor_msgs:/home/student/Desktop/workspace/install/zed_ros2:/home/student/Desktop/workspace/install/zed_wrapper:/home/student/Desktop/workspace/install/zed_components:/home/student/Desktop/workspace/install/zed_interfaces:/home/student/Desktop/workspace/install/ouster_ros:/home/student/Desktop/workspace/install/object_tracking_messages:/usr/local/labor_robotik/ros2/xarm_planner:/usr/local/labor_robotik/ros2/xarm_moveit_servo:/usr/local/labor_robotik/ros2/lri_xarm_integration:/usr/local/labor_robotik/ros2/xarm_moveit_config:/usr/local/labor_robotik/ros2/xarm_gazebo:/usr/local/labor_robotik/ros2/xarm_controller:/usr/local/labor_robotik/ros2/xarm_api:/usr/local/labor_robotik/ros2/xarm_sdk:/usr/local/labor_robotik/ros2/xarm_msgs:/usr/local/labor_robotik/ros2/xarm_description:/usr/local/labor_robotik/ros2/weiss_gripper:/usr/local/labor_robotik/ros2/weiss_gripper_interfaces:/usr/local/labor_robotik/ros2/sicktoolbox_wrapper:/usr/local/labor_robotik/ros2/sicktoolbox:/usr/local/labor_robotik/ros2/realsense_gazebo_plugin:/usr/local/labor_robotik/ros2/p2os_witness:/usr/local/labor_robotik/ros2/p2os_launch:/usr/local/labor_robotik/ros2/p2os_urdf:/usr/local/labor_robotik/ros2/p2os_device_plugins:/usr/local/labor_robotik/ros2/p2os_driver:/usr/local/labor_robotik/ros2/lri_webots_interface:/usr/local/labor_robotik/ros2/p2os_msgs:/usr/local/labor_robotik/ros2/lr_utility_lib:/home/student/Desktop/workspace/install/navigation:/home/student/Desktop/workspace/install/main:/home/student/Desktop/workspace/install/yolo_tracking:/home/student/Desktop/workspace/install/sensor_presentation:/home/student/Desktop/workspace/install/position_estimation:/opt/ros/humble LD_LIBRARY_PATH=/home/student/Desktop/workspace/install/ouster_sensor_msgs/lib:/home/student/Desktop/workspace/install/zed_components/lib:/home/student/Desktop/workspace/install/zed_interfaces/lib:/home/student/Desktop/workspace/install/ouster_ros/lib:/home/student/Desktop/workspace/install/object_tracking_messages/lib:/usr/local/labor_robotik/ros2/xarm_planner/lib:/usr/local/labor_robotik/ros2/xarm_moveit_servo/lib:/usr/local/labor_robotik/ros2/xarm_gazebo/lib:/usr/local/labor_robotik/ros2/xarm_controller/lib:/usr/local/labor_robotik/ros2/xarm_api/lib:/usr/local/labor_robotik/ros2/xarm_sdk/lib:/usr/local/labor_robotik/ros2/xarm_msgs/lib:/usr/local/labor_robotik/ros2/weiss_gripper/lib:/usr/local/labor_robotik/ros2/weiss_gripper_interfaces/lib:/usr/local/labor_robotik/ros2/sicktoolbox/lib:/usr/local/labor_robotik/ros2/realsense_gazebo_plugin/lib:/usr/local/labor_robotik/ros2/p2os_device_plugins/lib:/usr/local/labor_robotik/ros2/p2os_driver/lib:/usr/local/labor_robotik/ros2/lri_webots_interface/lib:/usr/local/labor_robotik/ros2/p2os_msgs/lib:/usr/local/labor_robotik/ros2/lr_utility_lib/lib:/usr/lib/x86_64-linux-gnu/gazebo-11/plugins:/opt/ros/humble/opt/rviz_ogre_vendor/lib:/opt/ros/humble/lib/x86_64-linux-gnu:/opt/ros/humble/opt/libphidget22/lib:/opt/ros/humble/lib:/usr/share/gazebo/../../lib/x86_64-linux-gnu/gazebo-11/plugins:/usr/local/lib/:/usr/lib/x86_64-linux-gnu/:/usr/share/gazebo/../../lib/x86_64-linux-gnu/gazebo-11/plugins:/usr/share/gazebo/../../lib/x86_64-linux-gnu/gazebo-11/plugins:/usr/local/lib/:/usr/lib/x86_64-linux-gnu/ /home/student/.local/bin/cmake --build /home/student/Desktop/workspace/build/ouster_ros -- -j16 -l16
[1.395s] Invoking command in '/home/student/Desktop/workspace/build/ouster_ros': CMAKE_PREFIX_PATH=/home/student/Desktop/workspace/install/ouster_sensor_msgs:/home/student/Desktop/workspace/install/zed_ros2:/home/student/Desktop/workspace/install/zed_wrapper:/home/student/Desktop/workspace/install/zed_components:/home/student/Desktop/workspace/install/zed_interfaces:/home/student/Desktop/workspace/install/ouster_ros:/home/student/Desktop/workspace/install/object_tracking_messages:/usr/local/labor_robotik/ros2/xarm_planner:/usr/local/labor_robotik/ros2/xarm_moveit_servo:/usr/local/labor_robotik/ros2/lri_xarm_integration:/usr/local/labor_robotik/ros2/xarm_moveit_config:/usr/local/labor_robotik/ros2/xarm_gazebo:/usr/local/labor_robotik/ros2/xarm_controller:/usr/local/labor_robotik/ros2/xarm_api:/usr/local/labor_robotik/ros2/xarm_sdk:/usr/local/labor_robotik/ros2/xarm_msgs:/usr/local/labor_robotik/ros2/xarm_description:/usr/local/labor_robotik/ros2/weiss_gripper:/usr/local/labor_robotik/ros2/weiss_gripper_interfaces:/usr/local/labor_robotik/ros2/sicktoolbox_wrapper:/usr/local/labor_robotik/ros2/sicktoolbox:/usr/local/labor_robotik/ros2/realsense_gazebo_plugin:/usr/local/labor_robotik/ros2/p2os_witness:/usr/local/labor_robotik/ros2/p2os_launch:/usr/local/labor_robotik/ros2/p2os_urdf:/usr/local/labor_robotik/ros2/p2os_device_plugins:/usr/local/labor_robotik/ros2/p2os_driver:/usr/local/labor_robotik/ros2/lri_webots_interface:/usr/local/labor_robotik/ros2/p2os_msgs:/usr/local/labor_robotik/ros2/lr_utility_lib:/home/student/Desktop/workspace/install/navigation:/home/student/Desktop/workspace/install/main:/home/student/Desktop/workspace/install/yolo_tracking:/home/student/Desktop/workspace/install/sensor_presentation:/home/student/Desktop/workspace/install/position_estimation:/opt/ros/humble LD_LIBRARY_PATH=/home/student/Desktop/workspace/install/ouster_sensor_msgs/lib:/home/student/Desktop/workspace/install/zed_components/lib:/home/student/Desktop/workspace/install/zed_interfaces/lib:/home/student/Desktop/workspace/install/ouster_ros/lib:/home/student/Desktop/workspace/install/object_tracking_messages/lib:/usr/local/labor_robotik/ros2/xarm_planner/lib:/usr/local/labor_robotik/ros2/xarm_moveit_servo/lib:/usr/local/labor_robotik/ros2/xarm_gazebo/lib:/usr/local/labor_robotik/ros2/xarm_controller/lib:/usr/local/labor_robotik/ros2/xarm_api/lib:/usr/local/labor_robotik/ros2/xarm_sdk/lib:/usr/local/labor_robotik/ros2/xarm_msgs/lib:/usr/local/labor_robotik/ros2/weiss_gripper/lib:/usr/local/labor_robotik/ros2/weiss_gripper_interfaces/lib:/usr/local/labor_robotik/ros2/sicktoolbox/lib:/usr/local/labor_robotik/ros2/realsense_gazebo_plugin/lib:/usr/local/labor_robotik/ros2/p2os_device_plugins/lib:/usr/local/labor_robotik/ros2/p2os_driver/lib:/usr/local/labor_robotik/ros2/lri_webots_interface/lib:/usr/local/labor_robotik/ros2/p2os_msgs/lib:/usr/local/labor_robotik/ros2/lr_utility_lib/lib:/usr/lib/x86_64-linux-gnu/gazebo-11/plugins:/opt/ros/humble/opt/rviz_ogre_vendor/lib:/opt/ros/humble/lib/x86_64-linux-gnu:/opt/ros/humble/opt/libphidget22/lib:/opt/ros/humble/lib:/usr/share/gazebo/../../lib/x86_64-linux-gnu/gazebo-11/plugins:/usr/local/lib/:/usr/lib/x86_64-linux-gnu/:/usr/share/gazebo/../../lib/x86_64-linux-gnu/gazebo-11/plugins:/usr/share/gazebo/../../lib/x86_64-linux-gnu/gazebo-11/plugins:/usr/local/lib/:/usr/lib/x86_64-linux-gnu/ /home/student/.local/bin/cmake --install /home/student/Desktop/workspace/build/ouster_ros
[1.423s] -- Install configuration: "Release"
[1.423s] -- Execute custom install script
[1.424s] -- Up-to-date symlink: /home/student/Desktop/workspace/install/ouster_ros/include/ouster/impl/build.h
[1.424s] -- Up-to-date symlink: /home/student/Desktop/workspace/install/ouster_ros/include/ouster/buffered_udp_source.h
[1.424s] -- Up-to-date symlink: /home/student/Desktop/workspace/install/ouster_ros/include/ouster/client.h
[1.425s] -- Up-to-date symlink: /home/student/Desktop/workspace/install/ouster_ros/include/ouster/defaults.h
[1.425s] -- Up-to-date symlink: /home/student/Desktop/workspace/install/ouster_ros/include/ouster/image_processing.h
[1.425s] -- Up-to-date symlink: /home/student/Desktop/workspace/install/ouster_ros/include/ouster/impl/cartesian.h
[1.425s] -- Up-to-date symlink: /home/student/Desktop/workspace/install/ouster_ros/include/ouster/impl/lidar_scan_impl.h
[1.425s] -- Up-to-date symlink: /home/student/Desktop/workspace/install/ouster_ros/include/ouster/impl/packet_writer.h
[1.425s] -- Up-to-date symlink: /home/student/Desktop/workspace/install/ouster_ros/include/ouster/impl/profile_extension.h
[1.425s] -- Up-to-date symlink: /home/student/Desktop/workspace/install/ouster_ros/include/ouster/lidar_scan.h
[1.426s] -- Up-to-date symlink: /home/student/Desktop/workspace/install/ouster_ros/include/ouster/sensor_http.h
[1.426s] -- Up-to-date symlink: /home/student/Desktop/workspace/install/ouster_ros/include/ouster/types.h
[1.426s] -- Up-to-date symlink: /home/student/Desktop/workspace/install/ouster_ros/include/ouster/util.h
[1.426s] -- Up-to-date symlink: /home/student/Desktop/workspace/install/ouster_ros/include/ouster/version.h
[1.426s] -- Up-to-date symlink: /home/student/Desktop/workspace/install/ouster_ros/include/optional-lite/nonstd/optional.hpp
[1.426s] -- Up-to-date symlink: /home/student/Desktop/workspace/install/ouster_ros/lib/cmake/OusterSDK/OusterSDKConfig.cmake
[1.426s] -- Up-to-date symlink: /home/student/Desktop/workspace/install/ouster_ros/lib/cmake/OusterSDK/OusterSDKConfigVersion.cmake
[1.427s] -- Up-to-date symlink: /home/student/Desktop/workspace/install/ouster_ros/share/LICENSE
[1.427s] -- Up-to-date symlink: /home/student/Desktop/workspace/install/ouster_ros/share/LICENSE-bin
[1.427s] -- Up-to-date symlink: /home/student/Desktop/workspace/install/ouster_ros/lib/ouster_ros/os_sensor
[1.427s] -- Up-to-date symlink: /home/student/Desktop/workspace/install/ouster_ros/lib/ouster_ros/os_replay
[1.427s] -- Up-to-date symlink: /home/student/Desktop/workspace/install/ouster_ros/lib/ouster_ros/os_cloud
[1.428s] -- Up-to-date symlink: /home/student/Desktop/workspace/install/ouster_ros/lib/ouster_ros/os_image
[1.428s] -- Up-to-date symlink: /home/student/Desktop/workspace/install/ouster_ros/lib/ouster_ros/os_driver
[1.428s] -- Up-to-date symlink: /home/student/Desktop/workspace/install/ouster_ros/lib/libouster_ros_library.so
[1.428s] -- Up-to-date symlink: /home/student/Desktop/workspace/install/ouster_ros/lib/libos_sensor_component.so
[1.428s] -- Up-to-date symlink: /home/student/Desktop/workspace/install/ouster_ros/lib/libos_replay_component.so
[1.428s] -- Up-to-date symlink: /home/student/Desktop/workspace/install/ouster_ros/lib/libos_cloud_component.so
[1.428s] -- Up-to-date symlink: /home/student/Desktop/workspace/install/ouster_ros/lib/libos_image_component.so
[1.429s] -- Up-to-date symlink: /home/student/Desktop/workspace/install/ouster_ros/lib/libos_driver_component.so
[1.429s] -- Up-to-date symlink: /home/student/Desktop/workspace/install/ouster_ros/include/ouster_ros/include/ouster_ros/common_point_types.h
[1.429s] -- Up-to-date symlink: /home/student/Desktop/workspace/install/ouster_ros/include/ouster_ros/include/ouster_ros/os_point.h
[1.429s] -- Up-to-date symlink: /home/student/Desktop/workspace/install/ouster_ros/include/ouster_ros/include/ouster_ros/os_processing_node_base.h
[1.429s] -- Up-to-date symlink: /home/student/Desktop/workspace/install/ouster_ros/include/ouster_ros/include/ouster_ros/os_ros.h
[1.429s] -- Up-to-date symlink: /home/student/Desktop/workspace/install/ouster_ros/include/ouster_ros/include/ouster_ros/os_sensor_node_base.h
[1.429s] -- Up-to-date symlink: /home/student/Desktop/workspace/install/ouster_ros/include/ouster_ros/include/ouster_ros/sensor_point_types.h
[1.430s] -- Up-to-date symlink: /home/student/Desktop/workspace/install/ouster_ros/include/ouster_ros/include/ouster_ros/visibility_control.h
[1.430s] -- Up-to-date symlink: /home/student/Desktop/workspace/install/ouster_ros/include/ouster_ros/include/optional-lite/nonstd/optional.hpp
[1.430s] -- Up-to-date symlink: /home/student/Desktop/workspace/install/ouster_ros/include/ouster_ros/include/ouster/buffered_udp_source.h
[1.430s] -- Up-to-date symlink: /home/student/Desktop/workspace/install/ouster_ros/include/ouster_ros/include/ouster/client.h
[1.431s] -- Up-to-date symlink: /home/student/Desktop/workspace/install/ouster_ros/include/ouster_ros/include/ouster/defaults.h
[1.431s] -- Up-to-date symlink: /home/student/Desktop/workspace/install/ouster_ros/include/ouster_ros/include/ouster/image_processing.h
[1.431s] -- Up-to-date symlink: /home/student/Desktop/workspace/install/ouster_ros/include/ouster_ros/include/ouster/impl/cartesian.h
[1.431s] -- Up-to-date symlink: /home/student/Desktop/workspace/install/ouster_ros/include/ouster_ros/include/ouster/impl/lidar_scan_impl.h
[1.431s] -- Up-to-date symlink: /home/student/Desktop/workspace/install/ouster_ros/include/ouster_ros/include/ouster/impl/packet_writer.h
[1.431s] -- Up-to-date symlink: /home/student/Desktop/workspace/install/ouster_ros/include/ouster_ros/include/ouster/impl/profile_extension.h
[1.431s] -- Up-to-date symlink: /home/student/Desktop/workspace/install/ouster_ros/include/ouster_ros/include/ouster/lidar_scan.h
[1.431s] -- Up-to-date symlink: /home/student/Desktop/workspace/install/ouster_ros/include/ouster_ros/include/ouster/sensor_http.h
[1.431s] -- Up-to-date symlink: /home/student/Desktop/workspace/install/ouster_ros/include/ouster_ros/include/ouster/types.h
[1.432s] -- Up-to-date symlink: /home/student/Desktop/workspace/install/ouster_ros/include/ouster_ros/include/ouster/util.h
[1.432s] -- Up-to-date symlink: /home/student/Desktop/workspace/install/ouster_ros/include/ouster_ros/include/ouster/version.h
[1.432s] -- Up-to-date symlink: /home/student/Desktop/workspace/install/ouster_ros/include/ouster_ros/optional-lite/nonstd/optional.hpp
[1.433s] -- Up-to-date symlink: /home/student/Desktop/workspace/install/ouster_ros/include/ouster_ros/include/ouster/indexed_pcap_reader.h
[1.433s] -- Up-to-date symlink: /home/student/Desktop/workspace/install/ouster_ros/include/ouster_ros/include/ouster/os_pcap.h
[1.433s] -- Up-to-date symlink: /home/student/Desktop/workspace/install/ouster_ros/include/ouster_ros/include/ouster/pcap.h
[1.433s] -- Up-to-date symlink: /home/student/Desktop/workspace/install/ouster_ros/share/ouster_ros/LICENSE
[1.434s] -- Up-to-date symlink: /home/student/Desktop/workspace/install/ouster_ros/share/ouster_ros/launch/driver.launch.py
[1.434s] -- Up-to-date symlink: /home/student/Desktop/workspace/install/ouster_ros/share/ouster_ros/launch/driver_launch.py
[1.434s] -- Up-to-date symlink: /home/student/Desktop/workspace/install/ouster_ros/share/ouster_ros/launch/record.composite.launch.xml
[1.434s] -- Up-to-date symlink: /home/student/Desktop/workspace/install/ouster_ros/share/ouster_ros/launch/record.launch.xml
[1.434s] -- Up-to-date symlink: /home/student/Desktop/workspace/install/ouster_ros/share/ouster_ros/launch/replay.composite.launch.xml
[1.434s] -- Up-to-date symlink: /home/student/Desktop/workspace/install/ouster_ros/share/ouster_ros/launch/replay.launch.xml
[1.435s] -- Up-to-date symlink: /home/student/Desktop/workspace/install/ouster_ros/share/ouster_ros/launch/replay_pcap.launch.xml
[1.435s] -- Up-to-date symlink: /home/student/Desktop/workspace/install/ouster_ros/share/ouster_ros/launch/rviz.launch.py
[1.435s] -- Up-to-date symlink: /home/student/Desktop/workspace/install/ouster_ros/share/ouster_ros/launch/rviz.launch.xml
[1.435s] -- Up-to-date symlink: /home/student/Desktop/workspace/install/ouster_ros/share/ouster_ros/launch/sensor.composite.launch.py
[1.435s] -- Up-to-date symlink: /home/student/Desktop/workspace/install/ouster_ros/share/ouster_ros/launch/sensor.composite.launch.xml
[1.435s] -- Up-to-date symlink: /home/student/Desktop/workspace/install/ouster_ros/share/ouster_ros/launch/sensor.independent.launch.py
[1.436s] -- Up-to-date symlink: /home/student/Desktop/workspace/install/ouster_ros/share/ouster_ros/launch/sensor.independent.launch.xml
[1.436s] -- Up-to-date symlink: /home/student/Desktop/workspace/install/ouster_ros/share/ouster_ros/launch/sensor.launch.xml
[1.436s] -- Up-to-date symlink: /home/student/Desktop/workspace/install/ouster_ros/share/ouster_ros/launch/sensor_mtp.launch.xml
[1.436s] -- Up-to-date symlink: /home/student/Desktop/workspace/install/ouster_ros/share/ouster_ros/config/community_driver.rviz
[1.436s] -- Up-to-date symlink: /home/student/Desktop/workspace/install/ouster_ros/share/ouster_ros/config/community_driver_config.yaml
[1.437s] -- Up-to-date symlink: /home/student/Desktop/workspace/install/ouster_ros/share/ouster_ros/config/driver_params.yaml
[1.437s] -- Up-to-date symlink: /home/student/Desktop/workspace/install/ouster_ros/share/ouster_ros/config/metadata-qos-override.yaml
[1.437s] -- Up-to-date symlink: /home/student/Desktop/workspace/install/ouster_ros/share/ouster_ros/config/os_sensor_cloud_image_params.yaml
[1.437s] -- Up-to-date symlink: /home/student/Desktop/workspace/install/ouster_ros/share/ouster_ros/config/viz-reliable.rviz
[1.437s] -- Up-to-date symlink: /home/student/Desktop/workspace/install/ouster_ros/share/ouster_ros/config/viz.rviz
[1.437s] -- Up-to-date symlink: /home/student/Desktop/workspace/install/ouster_ros/share/ouster_ros/environment/library_path.sh
[1.438s] -- Up-to-date symlink: /home/student/Desktop/workspace/install/ouster_ros/share/ouster_ros/environment/library_path.dsv
[1.438s] -- Up-to-date symlink: /home/student/Desktop/workspace/install/ouster_ros/share/ament_index/resource_index/package_run_dependencies/ouster_ros
[1.438s] -- Up-to-date symlink: /home/student/Desktop/workspace/install/ouster_ros/share/ament_index/resource_index/parent_prefix_path/ouster_ros
[1.438s] -- Up-to-date symlink: /home/student/Desktop/workspace/install/ouster_ros/share/ouster_ros/environment/ament_prefix_path.sh
[1.438s] -- Up-to-date symlink: /home/student/Desktop/workspace/install/ouster_ros/share/ouster_ros/environment/ament_prefix_path.dsv
[1.438s] -- Up-to-date symlink: /home/student/Desktop/workspace/install/ouster_ros/share/ouster_ros/environment/path.sh
[1.438s] -- Up-to-date symlink: /home/student/Desktop/workspace/install/ouster_ros/share/ouster_ros/environment/path.dsv
[1.438s] -- Up-to-date symlink: /home/student/Desktop/workspace/install/ouster_ros/share/ouster_ros/local_setup.bash
[1.439s] -- Up-to-date symlink: /home/student/Desktop/workspace/install/ouster_ros/share/ouster_ros/local_setup.sh
[1.439s] -- Up-to-date symlink: /home/student/Desktop/workspace/install/ouster_ros/share/ouster_ros/local_setup.zsh
[1.439s] -- Up-to-date symlink: /home/student/Desktop/workspace/install/ouster_ros/share/ouster_ros/local_setup.dsv
[1.439s] -- Symlinking: /home/student/Desktop/workspace/install/ouster_ros/share/ouster_ros/package.dsv
[1.442s] -- Up-to-date symlink: /home/student/Desktop/workspace/install/ouster_ros/share/ament_index/resource_index/packages/ouster_ros
[1.442s] -- Up-to-date symlink: /home/student/Desktop/workspace/install/ouster_ros/share/ament_index/resource_index/rclcpp_components/ouster_ros
[1.442s] -- Up-to-date symlink: /home/student/Desktop/workspace/install/ouster_ros/share/ouster_ros/cmake/ament_cmake_export_include_directories-extras.cmake
[1.442s] -- Up-to-date symlink: /home/student/Desktop/workspace/install/ouster_ros/share/ouster_ros/cmake/ament_cmake_export_dependencies-extras.cmake
[1.443s] -- Up-to-date symlink: /home/student/Desktop/workspace/install/ouster_ros/share/ouster_ros/cmake/ament_cmake_export_libraries-extras.cmake
[1.443s] -- Up-to-date symlink: /home/student/Desktop/workspace/install/ouster_ros/share/ouster_ros/cmake/ouster_rosConfig.cmake
[1.443s] -- Up-to-date symlink: /home/student/Desktop/workspace/install/ouster_ros/share/ouster_ros/cmake/ouster_rosConfig-version.cmake
[1.443s] -- Up-to-date symlink: /home/student/Desktop/workspace/install/ouster_ros/share/ouster_ros/package.xml
[1.449s] Invoked command in '/home/student/Desktop/workspace/build/ouster_ros' returned '0': CMAKE_PREFIX_PATH=/home/student/Desktop/workspace/install/ouster_sensor_msgs:/home/student/Desktop/workspace/install/zed_ros2:/home/student/Desktop/workspace/install/zed_wrapper:/home/student/Desktop/workspace/install/zed_components:/home/student/Desktop/workspace/install/zed_interfaces:/home/student/Desktop/workspace/install/ouster_ros:/home/student/Desktop/workspace/install/object_tracking_messages:/usr/local/labor_robotik/ros2/xarm_planner:/usr/local/labor_robotik/ros2/xarm_moveit_servo:/usr/local/labor_robotik/ros2/lri_xarm_integration:/usr/local/labor_robotik/ros2/xarm_moveit_config:/usr/local/labor_robotik/ros2/xarm_gazebo:/usr/local/labor_robotik/ros2/xarm_controller:/usr/local/labor_robotik/ros2/xarm_api:/usr/local/labor_robotik/ros2/xarm_sdk:/usr/local/labor_robotik/ros2/xarm_msgs:/usr/local/labor_robotik/ros2/xarm_description:/usr/local/labor_robotik/ros2/weiss_gripper:/usr/local/labor_robotik/ros2/weiss_gripper_interfaces:/usr/local/labor_robotik/ros2/sicktoolbox_wrapper:/usr/local/labor_robotik/ros2/sicktoolbox:/usr/local/labor_robotik/ros2/realsense_gazebo_plugin:/usr/local/labor_robotik/ros2/p2os_witness:/usr/local/labor_robotik/ros2/p2os_launch:/usr/local/labor_robotik/ros2/p2os_urdf:/usr/local/labor_robotik/ros2/p2os_device_plugins:/usr/local/labor_robotik/ros2/p2os_driver:/usr/local/labor_robotik/ros2/lri_webots_interface:/usr/local/labor_robotik/ros2/p2os_msgs:/usr/local/labor_robotik/ros2/lr_utility_lib:/home/student/Desktop/workspace/install/navigation:/home/student/Desktop/workspace/install/main:/home/student/Desktop/workspace/install/yolo_tracking:/home/student/Desktop/workspace/install/sensor_presentation:/home/student/Desktop/workspace/install/position_estimation:/opt/ros/humble LD_LIBRARY_PATH=/home/student/Desktop/workspace/install/ouster_sensor_msgs/lib:/home/student/Desktop/workspace/install/zed_components/lib:/home/student/Desktop/workspace/install/zed_interfaces/lib:/home/student/Desktop/workspace/install/ouster_ros/lib:/home/student/Desktop/workspace/install/object_tracking_messages/lib:/usr/local/labor_robotik/ros2/xarm_planner/lib:/usr/local/labor_robotik/ros2/xarm_moveit_servo/lib:/usr/local/labor_robotik/ros2/xarm_gazebo/lib:/usr/local/labor_robotik/ros2/xarm_controller/lib:/usr/local/labor_robotik/ros2/xarm_api/lib:/usr/local/labor_robotik/ros2/xarm_sdk/lib:/usr/local/labor_robotik/ros2/xarm_msgs/lib:/usr/local/labor_robotik/ros2/weiss_gripper/lib:/usr/local/labor_robotik/ros2/weiss_gripper_interfaces/lib:/usr/local/labor_robotik/ros2/sicktoolbox/lib:/usr/local/labor_robotik/ros2/realsense_gazebo_plugin/lib:/usr/local/labor_robotik/ros2/p2os_device_plugins/lib:/usr/local/labor_robotik/ros2/p2os_driver/lib:/usr/local/labor_robotik/ros2/lri_webots_interface/lib:/usr/local/labor_robotik/ros2/p2os_msgs/lib:/usr/local/labor_robotik/ros2/lr_utility_lib/lib:/usr/lib/x86_64-linux-gnu/gazebo-11/plugins:/opt/ros/humble/opt/rviz_ogre_vendor/lib:/opt/ros/humble/lib/x86_64-linux-gnu:/opt/ros/humble/opt/libphidget22/lib:/opt/ros/humble/lib:/usr/share/gazebo/../../lib/x86_64-linux-gnu/gazebo-11/plugins:/usr/local/lib/:/usr/lib/x86_64-linux-gnu/:/usr/share/gazebo/../../lib/x86_64-linux-gnu/gazebo-11/plugins:/usr/share/gazebo/../../lib/x86_64-linux-gnu/gazebo-11/plugins:/usr/local/lib/:/usr/lib/x86_64-linux-gnu/ /home/student/.local/bin/cmake --install /home/student/Desktop/workspace/build/ouster_ros
