[0.067s] Invoking command in '/home/student/Desktop/workspace/build/ouster_sensor_msgs': CMAKE_PREFIX_PATH=${CMAKE_PREFIX_PATH}:/home/student/Desktop/workspace/install/yolo_tracking:/home/student/Desktop/workspace/install/sensor_presentation:/home/student/Desktop/workspace/install/position_estimation:/home/student/Desktop/workspace/install/ouster_voxel_filter:/home/student/Desktop/workspace/install/navigation:/home/student/Desktop/workspace/install/main:/opt/ros/humble /home/student/.local/bin/cmake --build /home/student/Desktop/workspace/build/ouster_sensor_msgs -- -j16 -l16
[1.561s] [  1%] Built target ouster_sensor_msgs__cpp
[1.561s] [ 12%] Built target ouster_sensor_msgs__rosidl_generator_c
[1.561s] [ 12%] Built target ament_cmake_python_symlink_ouster_sensor_msgs
[1.561s] [ 23%] Built target ouster_sensor_msgs__rosidl_typesupport_c
[1.561s] [ 45%] Built target ouster_sensor_msgs__rosidl_typesupport_introspection_cpp
[1.561s] [ 45%] Built target ouster_sensor_msgs__rosidl_typesupport_cpp
[1.561s] [ 56%] Built target ouster_sensor_msgs__rosidl_typesupport_introspection_c
[1.561s] [ 67%] Built target ouster_sensor_msgs__rosidl_typesupport_fastrtps_cpp
[1.562s] [ 78%] Built target ouster_sensor_msgs__rosidl_typesupport_fastrtps_c
[1.562s] [ 78%] Built target ouster_sensor_msgs
[1.562s] [ 80%] Built target ouster_sensor_msgs__py
[1.562s] [ 89%] Built target ouster_sensor_msgs__rosidl_generator_py
[1.562s] [100%] Built target ouster_sensor_msgs__rosidl_typesupport_introspection_c__pyext
[1.562s] [100%] Built target ouster_sensor_msgs__rosidl_typesupport_c__pyext
[1.562s] [100%] Built target ouster_sensor_msgs__rosidl_typesupport_fastrtps_c__pyext
[1.562s] running egg_info
[1.562s] writing ouster_sensor_msgs.egg-info/PKG-INFO
[1.563s] writing dependency_links to ouster_sensor_msgs.egg-info/dependency_links.txt
[1.563s] writing top-level names to ouster_sensor_msgs.egg-info/top_level.txt
[1.563s] reading manifest file 'ouster_sensor_msgs.egg-info/SOURCES.txt'
[1.563s] writing manifest file 'ouster_sensor_msgs.egg-info/SOURCES.txt'
[1.563s] [100%] Built target ament_cmake_python_build_ouster_sensor_msgs_egg
[1.910s] Invoked command in '/home/student/Desktop/workspace/build/ouster_sensor_msgs' returned '0': CMAKE_PREFIX_PATH=${CMAKE_PREFIX_PATH}:/home/student/Desktop/workspace/install/yolo_tracking:/home/student/Desktop/workspace/install/sensor_presentation:/home/student/Desktop/workspace/install/position_estimation:/home/student/Desktop/workspace/install/ouster_voxel_filter:/home/student/Desktop/workspace/install/navigation:/home/student/Desktop/workspace/install/main:/opt/ros/humble /home/student/.local/bin/cmake --build /home/student/Desktop/workspace/build/ouster_sensor_msgs -- -j16 -l16
[2.300s] Invoking command in '/home/student/Desktop/workspace/build/ouster_sensor_msgs': CMAKE_PREFIX_PATH=${CMAKE_PREFIX_PATH}:/home/student/Desktop/workspace/install/yolo_tracking:/home/student/Desktop/workspace/install/sensor_presentation:/home/student/Desktop/workspace/install/position_estimation:/home/student/Desktop/workspace/install/ouster_voxel_filter:/home/student/Desktop/workspace/install/navigation:/home/student/Desktop/workspace/install/main:/opt/ros/humble /home/student/.local/bin/cmake --install /home/student/Desktop/workspace/build/ouster_sensor_msgs
[2.349s] -- Install configuration: ""
[2.350s] -- Execute custom install script
[2.350s] -- Up-to-date symlink: /home/student/Desktop/workspace/install/ouster_sensor_msgs/share/ament_index/resource_index/rosidl_interfaces/ouster_sensor_msgs
[2.351s] -- Up-to-date symlink: /home/student/Desktop/workspace/install/ouster_sensor_msgs/include/ouster_sensor_msgs/ouster_sensor_msgs/msg/detail/packet_msg__functions.h
[2.351s] -- Up-to-date symlink: /home/student/Desktop/workspace/install/ouster_sensor_msgs/include/ouster_sensor_msgs/ouster_sensor_msgs/msg/detail/packet_msg__struct.h
[2.351s] -- Up-to-date symlink: /home/student/Desktop/workspace/install/ouster_sensor_msgs/include/ouster_sensor_msgs/ouster_sensor_msgs/msg/detail/packet_msg__type_support.h
[2.352s] -- Up-to-date symlink: /home/student/Desktop/workspace/install/ouster_sensor_msgs/include/ouster_sensor_msgs/ouster_sensor_msgs/msg/packet_msg.h
[2.352s] -- Up-to-date symlink: /home/student/Desktop/workspace/install/ouster_sensor_msgs/include/ouster_sensor_msgs/ouster_sensor_msgs/msg/rosidl_generator_c__visibility_control.h
[2.352s] -- Up-to-date symlink: /home/student/Desktop/workspace/install/ouster_sensor_msgs/include/ouster_sensor_msgs/ouster_sensor_msgs/srv/detail/get_config__functions.h
[2.352s] -- Up-to-date symlink: /home/student/Desktop/workspace/install/ouster_sensor_msgs/include/ouster_sensor_msgs/ouster_sensor_msgs/srv/detail/get_config__struct.h
[2.352s] -- Up-to-date symlink: /home/student/Desktop/workspace/install/ouster_sensor_msgs/include/ouster_sensor_msgs/ouster_sensor_msgs/srv/detail/get_config__type_support.h
[2.353s] -- Up-to-date symlink: /home/student/Desktop/workspace/install/ouster_sensor_msgs/include/ouster_sensor_msgs/ouster_sensor_msgs/srv/detail/get_metadata__functions.h
[2.353s] -- Up-to-date symlink: /home/student/Desktop/workspace/install/ouster_sensor_msgs/include/ouster_sensor_msgs/ouster_sensor_msgs/srv/detail/get_metadata__struct.h
[2.353s] -- Up-to-date symlink: /home/student/Desktop/workspace/install/ouster_sensor_msgs/include/ouster_sensor_msgs/ouster_sensor_msgs/srv/detail/get_metadata__type_support.h
[2.353s] -- Up-to-date symlink: /home/student/Desktop/workspace/install/ouster_sensor_msgs/include/ouster_sensor_msgs/ouster_sensor_msgs/srv/detail/set_config__functions.h
[2.353s] -- Up-to-date symlink: /home/student/Desktop/workspace/install/ouster_sensor_msgs/include/ouster_sensor_msgs/ouster_sensor_msgs/srv/detail/set_config__struct.h
[2.353s] -- Up-to-date symlink: /home/student/Desktop/workspace/install/ouster_sensor_msgs/include/ouster_sensor_msgs/ouster_sensor_msgs/srv/detail/set_config__type_support.h
[2.354s] -- Up-to-date symlink: /home/student/Desktop/workspace/install/ouster_sensor_msgs/include/ouster_sensor_msgs/ouster_sensor_msgs/srv/get_config.h
[2.354s] -- Up-to-date symlink: /home/student/Desktop/workspace/install/ouster_sensor_msgs/include/ouster_sensor_msgs/ouster_sensor_msgs/srv/get_metadata.h
[2.354s] -- Up-to-date symlink: /home/student/Desktop/workspace/install/ouster_sensor_msgs/include/ouster_sensor_msgs/ouster_sensor_msgs/srv/set_config.h
[2.354s] -- Up-to-date symlink: /home/student/Desktop/workspace/install/ouster_sensor_msgs/share/ouster_sensor_msgs/environment/library_path.sh
[2.355s] -- Up-to-date symlink: /home/student/Desktop/workspace/install/ouster_sensor_msgs/share/ouster_sensor_msgs/environment/library_path.dsv
[2.356s] -- Up-to-date symlink: /home/student/Desktop/workspace/install/ouster_sensor_msgs/include/ouster_sensor_msgs/ouster_sensor_msgs/msg/detail/packet_msg__rosidl_typesupport_fastrtps_c.h
[2.356s] -- Up-to-date symlink: /home/student/Desktop/workspace/install/ouster_sensor_msgs/include/ouster_sensor_msgs/ouster_sensor_msgs/msg/rosidl_typesupport_fastrtps_c__visibility_control.h
[2.356s] -- Up-to-date symlink: /home/student/Desktop/workspace/install/ouster_sensor_msgs/include/ouster_sensor_msgs/ouster_sensor_msgs/srv/detail/get_config__rosidl_typesupport_fastrtps_c.h
[2.356s] -- Up-to-date symlink: /home/student/Desktop/workspace/install/ouster_sensor_msgs/include/ouster_sensor_msgs/ouster_sensor_msgs/srv/detail/get_metadata__rosidl_typesupport_fastrtps_c.h
[2.356s] -- Up-to-date symlink: /home/student/Desktop/workspace/install/ouster_sensor_msgs/include/ouster_sensor_msgs/ouster_sensor_msgs/srv/detail/set_config__rosidl_typesupport_fastrtps_c.h
[2.357s] -- Up-to-date symlink: /home/student/Desktop/workspace/install/ouster_sensor_msgs/include/ouster_sensor_msgs/ouster_sensor_msgs/msg/detail/packet_msg__builder.hpp
[2.357s] -- Up-to-date symlink: /home/student/Desktop/workspace/install/ouster_sensor_msgs/include/ouster_sensor_msgs/ouster_sensor_msgs/msg/detail/packet_msg__struct.hpp
[2.357s] -- Up-to-date symlink: /home/student/Desktop/workspace/install/ouster_sensor_msgs/include/ouster_sensor_msgs/ouster_sensor_msgs/msg/detail/packet_msg__traits.hpp
[2.358s] -- Up-to-date symlink: /home/student/Desktop/workspace/install/ouster_sensor_msgs/include/ouster_sensor_msgs/ouster_sensor_msgs/msg/packet_msg.hpp
[2.358s] -- Up-to-date symlink: /home/student/Desktop/workspace/install/ouster_sensor_msgs/include/ouster_sensor_msgs/ouster_sensor_msgs/srv/detail/get_config__builder.hpp
[2.358s] -- Up-to-date symlink: /home/student/Desktop/workspace/install/ouster_sensor_msgs/include/ouster_sensor_msgs/ouster_sensor_msgs/srv/detail/get_config__struct.hpp
[2.358s] -- Up-to-date symlink: /home/student/Desktop/workspace/install/ouster_sensor_msgs/include/ouster_sensor_msgs/ouster_sensor_msgs/srv/detail/get_config__traits.hpp
[2.358s] -- Up-to-date symlink: /home/student/Desktop/workspace/install/ouster_sensor_msgs/include/ouster_sensor_msgs/ouster_sensor_msgs/srv/detail/get_metadata__builder.hpp
[2.359s] -- Up-to-date symlink: /home/student/Desktop/workspace/install/ouster_sensor_msgs/include/ouster_sensor_msgs/ouster_sensor_msgs/srv/detail/get_metadata__struct.hpp
[2.359s] -- Up-to-date symlink: /home/student/Desktop/workspace/install/ouster_sensor_msgs/include/ouster_sensor_msgs/ouster_sensor_msgs/srv/detail/get_metadata__traits.hpp
[2.359s] -- Up-to-date symlink: /home/student/Desktop/workspace/install/ouster_sensor_msgs/include/ouster_sensor_msgs/ouster_sensor_msgs/srv/detail/set_config__builder.hpp
[2.359s] -- Up-to-date symlink: /home/student/Desktop/workspace/install/ouster_sensor_msgs/include/ouster_sensor_msgs/ouster_sensor_msgs/srv/detail/set_config__struct.hpp
[2.359s] -- Up-to-date symlink: /home/student/Desktop/workspace/install/ouster_sensor_msgs/include/ouster_sensor_msgs/ouster_sensor_msgs/srv/detail/set_config__traits.hpp
[2.360s] -- Up-to-date symlink: /home/student/Desktop/workspace/install/ouster_sensor_msgs/include/ouster_sensor_msgs/ouster_sensor_msgs/srv/get_config.hpp
[2.360s] -- Up-to-date symlink: /home/student/Desktop/workspace/install/ouster_sensor_msgs/include/ouster_sensor_msgs/ouster_sensor_msgs/srv/get_metadata.hpp
[2.360s] -- Up-to-date symlink: /home/student/Desktop/workspace/install/ouster_sensor_msgs/include/ouster_sensor_msgs/ouster_sensor_msgs/srv/set_config.hpp
[2.361s] -- Up-to-date symlink: /home/student/Desktop/workspace/install/ouster_sensor_msgs/include/ouster_sensor_msgs/ouster_sensor_msgs/msg/detail/packet_msg__rosidl_typesupport_fastrtps_cpp.hpp
[2.361s] -- Up-to-date symlink: /home/student/Desktop/workspace/install/ouster_sensor_msgs/include/ouster_sensor_msgs/ouster_sensor_msgs/msg/rosidl_typesupport_fastrtps_cpp__visibility_control.h
[2.361s] -- Up-to-date symlink: /home/student/Desktop/workspace/install/ouster_sensor_msgs/include/ouster_sensor_msgs/ouster_sensor_msgs/srv/detail/get_config__rosidl_typesupport_fastrtps_cpp.hpp
[2.362s] -- Up-to-date symlink: /home/student/Desktop/workspace/install/ouster_sensor_msgs/include/ouster_sensor_msgs/ouster_sensor_msgs/srv/detail/get_metadata__rosidl_typesupport_fastrtps_cpp.hpp
[2.362s] -- Up-to-date symlink: /home/student/Desktop/workspace/install/ouster_sensor_msgs/include/ouster_sensor_msgs/ouster_sensor_msgs/srv/detail/set_config__rosidl_typesupport_fastrtps_cpp.hpp
[2.362s] -- Up-to-date symlink: /home/student/Desktop/workspace/install/ouster_sensor_msgs/include/ouster_sensor_msgs/ouster_sensor_msgs/msg/detail/packet_msg__rosidl_typesupport_introspection_c.h
[2.363s] -- Up-to-date symlink: /home/student/Desktop/workspace/install/ouster_sensor_msgs/include/ouster_sensor_msgs/ouster_sensor_msgs/msg/rosidl_typesupport_introspection_c__visibility_control.h
[2.363s] -- Up-to-date symlink: /home/student/Desktop/workspace/install/ouster_sensor_msgs/include/ouster_sensor_msgs/ouster_sensor_msgs/srv/detail/get_config__rosidl_typesupport_introspection_c.h
[2.363s] -- Up-to-date symlink: /home/student/Desktop/workspace/install/ouster_sensor_msgs/include/ouster_sensor_msgs/ouster_sensor_msgs/srv/detail/get_metadata__rosidl_typesupport_introspection_c.h
[2.363s] -- Up-to-date symlink: /home/student/Desktop/workspace/install/ouster_sensor_msgs/include/ouster_sensor_msgs/ouster_sensor_msgs/srv/detail/set_config__rosidl_typesupport_introspection_c.h
[2.364s] -- Up-to-date symlink: /home/student/Desktop/workspace/install/ouster_sensor_msgs/include/ouster_sensor_msgs/ouster_sensor_msgs/msg/detail/packet_msg__rosidl_typesupport_introspection_cpp.hpp
[2.364s] -- Up-to-date symlink: /home/student/Desktop/workspace/install/ouster_sensor_msgs/include/ouster_sensor_msgs/ouster_sensor_msgs/srv/detail/get_config__rosidl_typesupport_introspection_cpp.hpp
[2.364s] -- Up-to-date symlink: /home/student/Desktop/workspace/install/ouster_sensor_msgs/include/ouster_sensor_msgs/ouster_sensor_msgs/srv/detail/get_metadata__rosidl_typesupport_introspection_cpp.hpp
[2.364s] -- Up-to-date symlink: /home/student/Desktop/workspace/install/ouster_sensor_msgs/include/ouster_sensor_msgs/ouster_sensor_msgs/srv/detail/set_config__rosidl_typesupport_introspection_cpp.hpp
[2.365s] -- Up-to-date symlink: /home/student/Desktop/workspace/install/ouster_sensor_msgs/share/ouster_sensor_msgs/environment/pythonpath.sh
[2.365s] -- Up-to-date symlink: /home/student/Desktop/workspace/install/ouster_sensor_msgs/share/ouster_sensor_msgs/environment/pythonpath.dsv
[2.365s] -- Up-to-date symlink: /home/student/Desktop/workspace/install/ouster_sensor_msgs/local/lib/python3.10/dist-packages/ouster_sensor_msgs-0.12.2-py3.10.egg-info/PKG-INFO
[2.366s] -- Up-to-date symlink: /home/student/Desktop/workspace/install/ouster_sensor_msgs/local/lib/python3.10/dist-packages/ouster_sensor_msgs-0.12.2-py3.10.egg-info/SOURCES.txt
[2.366s] -- Up-to-date symlink: /home/student/Desktop/workspace/install/ouster_sensor_msgs/local/lib/python3.10/dist-packages/ouster_sensor_msgs-0.12.2-py3.10.egg-info/dependency_links.txt
[2.366s] -- Up-to-date symlink: /home/student/Desktop/workspace/install/ouster_sensor_msgs/local/lib/python3.10/dist-packages/ouster_sensor_msgs-0.12.2-py3.10.egg-info/top_level.txt
[2.367s] -- Up-to-date symlink: /home/student/Desktop/workspace/install/ouster_sensor_msgs/local/lib/python3.10/dist-packages/ouster_sensor_msgs/__init__.py
[2.367s] -- Up-to-date symlink: /home/student/Desktop/workspace/install/ouster_sensor_msgs/local/lib/python3.10/dist-packages/ouster_sensor_msgs/_ouster_sensor_msgs_s.ep.rosidl_typesupport_c.c
[2.367s] -- Up-to-date symlink: /home/student/Desktop/workspace/install/ouster_sensor_msgs/local/lib/python3.10/dist-packages/ouster_sensor_msgs/_ouster_sensor_msgs_s.ep.rosidl_typesupport_fastrtps_c.c
[2.368s] -- Up-to-date symlink: /home/student/Desktop/workspace/install/ouster_sensor_msgs/local/lib/python3.10/dist-packages/ouster_sensor_msgs/_ouster_sensor_msgs_s.ep.rosidl_typesupport_introspection_c.c
[2.368s] -- Up-to-date symlink: /home/student/Desktop/workspace/install/ouster_sensor_msgs/local/lib/python3.10/dist-packages/ouster_sensor_msgs/libouster_sensor_msgs__rosidl_generator_py.so
[2.368s] -- Up-to-date symlink: /home/student/Desktop/workspace/install/ouster_sensor_msgs/local/lib/python3.10/dist-packages/ouster_sensor_msgs/msg/__init__.py
[2.368s] -- Up-to-date symlink: /home/student/Desktop/workspace/install/ouster_sensor_msgs/local/lib/python3.10/dist-packages/ouster_sensor_msgs/msg/_packet_msg.py
[2.368s] -- Up-to-date symlink: /home/student/Desktop/workspace/install/ouster_sensor_msgs/local/lib/python3.10/dist-packages/ouster_sensor_msgs/msg/_packet_msg_s.c
[2.368s] -- Up-to-date symlink: /home/student/Desktop/workspace/install/ouster_sensor_msgs/local/lib/python3.10/dist-packages/ouster_sensor_msgs/ouster_sensor_msgs_s__rosidl_typesupport_c.cpython-310-x86_64-linux-gnu.so
[2.369s] -- Up-to-date symlink: /home/student/Desktop/workspace/install/ouster_sensor_msgs/local/lib/python3.10/dist-packages/ouster_sensor_msgs/ouster_sensor_msgs_s__rosidl_typesupport_fastrtps_c.cpython-310-x86_64-linux-gnu.so
[2.369s] -- Up-to-date symlink: /home/student/Desktop/workspace/install/ouster_sensor_msgs/local/lib/python3.10/dist-packages/ouster_sensor_msgs/ouster_sensor_msgs_s__rosidl_typesupport_introspection_c.cpython-310-x86_64-linux-gnu.so
[2.369s] -- Up-to-date symlink: /home/student/Desktop/workspace/install/ouster_sensor_msgs/local/lib/python3.10/dist-packages/ouster_sensor_msgs/srv/__init__.py
[2.369s] -- Up-to-date symlink: /home/student/Desktop/workspace/install/ouster_sensor_msgs/local/lib/python3.10/dist-packages/ouster_sensor_msgs/srv/_get_config.py
[2.369s] -- Up-to-date symlink: /home/student/Desktop/workspace/install/ouster_sensor_msgs/local/lib/python3.10/dist-packages/ouster_sensor_msgs/srv/_get_config_s.c
[2.369s] -- Up-to-date symlink: /home/student/Desktop/workspace/install/ouster_sensor_msgs/local/lib/python3.10/dist-packages/ouster_sensor_msgs/srv/_get_metadata.py
[2.370s] -- Up-to-date symlink: /home/student/Desktop/workspace/install/ouster_sensor_msgs/local/lib/python3.10/dist-packages/ouster_sensor_msgs/srv/_get_metadata_s.c
[2.370s] -- Up-to-date symlink: /home/student/Desktop/workspace/install/ouster_sensor_msgs/local/lib/python3.10/dist-packages/ouster_sensor_msgs/srv/_set_config.py
[2.370s] -- Up-to-date symlink: /home/student/Desktop/workspace/install/ouster_sensor_msgs/local/lib/python3.10/dist-packages/ouster_sensor_msgs/srv/_set_config_s.c
[2.370s] -- Up-to-date symlink: /home/student/Desktop/workspace/install/ouster_sensor_msgs/local/lib/python3.10/dist-packages/ouster_sensor_msgs/ouster_sensor_msgs_s__rosidl_typesupport_fastrtps_c.cpython-310-x86_64-linux-gnu.so
[2.372s] -- Up-to-date symlink: /home/student/Desktop/workspace/install/ouster_sensor_msgs/local/lib/python3.10/dist-packages/ouster_sensor_msgs/ouster_sensor_msgs_s__rosidl_typesupport_introspection_c.cpython-310-x86_64-linux-gnu.so
[2.372s] -- Up-to-date symlink: /home/student/Desktop/workspace/install/ouster_sensor_msgs/local/lib/python3.10/dist-packages/ouster_sensor_msgs/ouster_sensor_msgs_s__rosidl_typesupport_c.cpython-310-x86_64-linux-gnu.so
[2.372s] -- Up-to-date symlink: /home/student/Desktop/workspace/install/ouster_sensor_msgs/share/ouster_sensor_msgs/msg/PacketMsg.idl
[2.373s] -- Up-to-date symlink: /home/student/Desktop/workspace/install/ouster_sensor_msgs/share/ouster_sensor_msgs/srv/GetConfig.idl
[2.373s] -- Up-to-date symlink: /home/student/Desktop/workspace/install/ouster_sensor_msgs/share/ouster_sensor_msgs/srv/SetConfig.idl
[2.373s] -- Up-to-date symlink: /home/student/Desktop/workspace/install/ouster_sensor_msgs/share/ouster_sensor_msgs/srv/GetMetadata.idl
[2.373s] -- Up-to-date symlink: /home/student/Desktop/workspace/install/ouster_sensor_msgs/share/ouster_sensor_msgs/msg/PacketMsg.msg
[2.374s] -- Up-to-date symlink: /home/student/Desktop/workspace/install/ouster_sensor_msgs/share/ouster_sensor_msgs/srv/GetConfig.srv
[2.374s] -- Up-to-date symlink: /home/student/Desktop/workspace/install/ouster_sensor_msgs/share/ouster_sensor_msgs/srv/GetConfig_Request.msg
[2.374s] -- Up-to-date symlink: /home/student/Desktop/workspace/install/ouster_sensor_msgs/share/ouster_sensor_msgs/srv/GetConfig_Response.msg
[2.374s] -- Up-to-date symlink: /home/student/Desktop/workspace/install/ouster_sensor_msgs/share/ouster_sensor_msgs/srv/SetConfig.srv
[2.375s] -- Up-to-date symlink: /home/student/Desktop/workspace/install/ouster_sensor_msgs/share/ouster_sensor_msgs/srv/SetConfig_Request.msg
[2.375s] -- Up-to-date symlink: /home/student/Desktop/workspace/install/ouster_sensor_msgs/share/ouster_sensor_msgs/srv/SetConfig_Response.msg
[2.375s] -- Up-to-date symlink: /home/student/Desktop/workspace/install/ouster_sensor_msgs/share/ouster_sensor_msgs/srv/GetMetadata.srv
[2.375s] -- Up-to-date symlink: /home/student/Desktop/workspace/install/ouster_sensor_msgs/share/ouster_sensor_msgs/srv/GetMetadata_Request.msg
[2.376s] -- Up-to-date symlink: /home/student/Desktop/workspace/install/ouster_sensor_msgs/share/ouster_sensor_msgs/srv/GetMetadata_Response.msg
[2.376s] -- Up-to-date symlink: /home/student/Desktop/workspace/install/ouster_sensor_msgs/share/ament_index/resource_index/package_run_dependencies/ouster_sensor_msgs
[2.376s] -- Up-to-date symlink: /home/student/Desktop/workspace/install/ouster_sensor_msgs/share/ament_index/resource_index/parent_prefix_path/ouster_sensor_msgs
[2.376s] -- Up-to-date symlink: /home/student/Desktop/workspace/install/ouster_sensor_msgs/share/ouster_sensor_msgs/environment/ament_prefix_path.sh
[2.377s] -- Up-to-date symlink: /home/student/Desktop/workspace/install/ouster_sensor_msgs/share/ouster_sensor_msgs/environment/ament_prefix_path.dsv
[2.377s] -- Up-to-date symlink: /home/student/Desktop/workspace/install/ouster_sensor_msgs/share/ouster_sensor_msgs/environment/path.sh
[2.377s] -- Up-to-date symlink: /home/student/Desktop/workspace/install/ouster_sensor_msgs/share/ouster_sensor_msgs/environment/path.dsv
[2.378s] -- Up-to-date symlink: /home/student/Desktop/workspace/install/ouster_sensor_msgs/share/ouster_sensor_msgs/local_setup.bash
[2.378s] -- Up-to-date symlink: /home/student/Desktop/workspace/install/ouster_sensor_msgs/share/ouster_sensor_msgs/local_setup.sh
[2.378s] -- Up-to-date symlink: /home/student/Desktop/workspace/install/ouster_sensor_msgs/share/ouster_sensor_msgs/local_setup.zsh
[2.378s] -- Up-to-date symlink: /home/student/Desktop/workspace/install/ouster_sensor_msgs/share/ouster_sensor_msgs/local_setup.dsv
[2.379s] -- Symlinking: /home/student/Desktop/workspace/install/ouster_sensor_msgs/share/ouster_sensor_msgs/package.dsv
[2.387s] -- Up-to-date symlink: /home/student/Desktop/workspace/install/ouster_sensor_msgs/share/ament_index/resource_index/packages/ouster_sensor_msgs
[2.387s] -- Up-to-date symlink: /home/student/Desktop/workspace/install/ouster_sensor_msgs/share/ouster_sensor_msgs/cmake/rosidl_cmake-extras.cmake
[2.388s] -- Up-to-date symlink: /home/student/Desktop/workspace/install/ouster_sensor_msgs/share/ouster_sensor_msgs/cmake/ament_cmake_export_dependencies-extras.cmake
[2.388s] -- Up-to-date symlink: /home/student/Desktop/workspace/install/ouster_sensor_msgs/share/ouster_sensor_msgs/cmake/ament_cmake_export_include_directories-extras.cmake
[2.388s] -- Up-to-date symlink: /home/student/Desktop/workspace/install/ouster_sensor_msgs/share/ouster_sensor_msgs/cmake/ament_cmake_export_libraries-extras.cmake
[2.389s] -- Up-to-date symlink: /home/student/Desktop/workspace/install/ouster_sensor_msgs/share/ouster_sensor_msgs/cmake/ament_cmake_export_targets-extras.cmake
[2.389s] -- Up-to-date symlink: /home/student/Desktop/workspace/install/ouster_sensor_msgs/share/ouster_sensor_msgs/cmake/rosidl_cmake_export_typesupport_targets-extras.cmake
[2.389s] -- Up-to-date symlink: /home/student/Desktop/workspace/install/ouster_sensor_msgs/share/ouster_sensor_msgs/cmake/rosidl_cmake_export_typesupport_libraries-extras.cmake
[2.389s] -- Up-to-date symlink: /home/student/Desktop/workspace/install/ouster_sensor_msgs/share/ouster_sensor_msgs/cmake/ouster_sensor_msgsConfig.cmake
[2.390s] -- Up-to-date symlink: /home/student/Desktop/workspace/install/ouster_sensor_msgs/share/ouster_sensor_msgs/cmake/ouster_sensor_msgsConfig-version.cmake
[2.390s] -- Up-to-date symlink: /home/student/Desktop/workspace/install/ouster_sensor_msgs/share/ouster_sensor_msgs/package.xml
[2.390s] -- Up-to-date: /home/student/Desktop/workspace/install/ouster_sensor_msgs/lib/libouster_sensor_msgs__rosidl_generator_c.so
[2.391s] -- Up-to-date: /home/student/Desktop/workspace/install/ouster_sensor_msgs/lib/libouster_sensor_msgs__rosidl_typesupport_fastrtps_c.so
[2.392s] -- Up-to-date: /home/student/Desktop/workspace/install/ouster_sensor_msgs/lib/libouster_sensor_msgs__rosidl_typesupport_fastrtps_cpp.so
[2.392s] -- Up-to-date: /home/student/Desktop/workspace/install/ouster_sensor_msgs/lib/libouster_sensor_msgs__rosidl_typesupport_introspection_c.so
[2.393s] -- Up-to-date: /home/student/Desktop/workspace/install/ouster_sensor_msgs/lib/libouster_sensor_msgs__rosidl_typesupport_c.so
[2.393s] -- Up-to-date: /home/student/Desktop/workspace/install/ouster_sensor_msgs/lib/libouster_sensor_msgs__rosidl_typesupport_introspection_cpp.so
[2.393s] -- Up-to-date: /home/student/Desktop/workspace/install/ouster_sensor_msgs/lib/libouster_sensor_msgs__rosidl_typesupport_cpp.so
[2.461s] Listing '/home/student/Desktop/workspace/install/ouster_sensor_msgs/local/lib/python3.10/dist-packages/ouster_sensor_msgs'...
[2.461s] Compiling '/home/student/Desktop/workspace/install/ouster_sensor_msgs/local/lib/python3.10/dist-packages/ouster_sensor_msgs/__init__.py'...
[2.461s] Listing '/home/student/Desktop/workspace/install/ouster_sensor_msgs/local/lib/python3.10/dist-packages/ouster_sensor_msgs/msg'...
[2.461s] Compiling '/home/student/Desktop/workspace/install/ouster_sensor_msgs/local/lib/python3.10/dist-packages/ouster_sensor_msgs/msg/__init__.py'...
[2.461s] Compiling '/home/student/Desktop/workspace/install/ouster_sensor_msgs/local/lib/python3.10/dist-packages/ouster_sensor_msgs/msg/_packet_msg.py'...
[2.461s] Listing '/home/student/Desktop/workspace/install/ouster_sensor_msgs/local/lib/python3.10/dist-packages/ouster_sensor_msgs/srv'...
[2.461s] Compiling '/home/student/Desktop/workspace/install/ouster_sensor_msgs/local/lib/python3.10/dist-packages/ouster_sensor_msgs/srv/__init__.py'...
[2.461s] Compiling '/home/student/Desktop/workspace/install/ouster_sensor_msgs/local/lib/python3.10/dist-packages/ouster_sensor_msgs/srv/_get_config.py'...
[2.461s] Compiling '/home/student/Desktop/workspace/install/ouster_sensor_msgs/local/lib/python3.10/dist-packages/ouster_sensor_msgs/srv/_get_metadata.py'...
[2.461s] Compiling '/home/student/Desktop/workspace/install/ouster_sensor_msgs/local/lib/python3.10/dist-packages/ouster_sensor_msgs/srv/_set_config.py'...
[2.467s] -- Up-to-date: /home/student/Desktop/workspace/install/ouster_sensor_msgs/lib/libouster_sensor_msgs__rosidl_generator_py.so
[2.468s] -- Up-to-date: /home/student/Desktop/workspace/install/ouster_sensor_msgs/share/ouster_sensor_msgs/cmake/export_ouster_sensor_msgs__rosidl_generator_cExport.cmake
[2.468s] -- Up-to-date: /home/student/Desktop/workspace/install/ouster_sensor_msgs/share/ouster_sensor_msgs/cmake/export_ouster_sensor_msgs__rosidl_generator_cExport-noconfig.cmake
[2.468s] -- Up-to-date: /home/student/Desktop/workspace/install/ouster_sensor_msgs/share/ouster_sensor_msgs/cmake/export_ouster_sensor_msgs__rosidl_typesupport_fastrtps_cExport.cmake
[2.468s] -- Up-to-date: /home/student/Desktop/workspace/install/ouster_sensor_msgs/share/ouster_sensor_msgs/cmake/export_ouster_sensor_msgs__rosidl_typesupport_fastrtps_cExport-noconfig.cmake
[2.468s] -- Up-to-date: /home/student/Desktop/workspace/install/ouster_sensor_msgs/share/ouster_sensor_msgs/cmake/export_ouster_sensor_msgs__rosidl_generator_cppExport.cmake
[2.469s] -- Up-to-date: /home/student/Desktop/workspace/install/ouster_sensor_msgs/share/ouster_sensor_msgs/cmake/export_ouster_sensor_msgs__rosidl_typesupport_fastrtps_cppExport.cmake
[2.469s] -- Up-to-date: /home/student/Desktop/workspace/install/ouster_sensor_msgs/share/ouster_sensor_msgs/cmake/export_ouster_sensor_msgs__rosidl_typesupport_fastrtps_cppExport-noconfig.cmake
[2.469s] -- Up-to-date: /home/student/Desktop/workspace/install/ouster_sensor_msgs/share/ouster_sensor_msgs/cmake/ouster_sensor_msgs__rosidl_typesupport_introspection_cExport.cmake
[2.469s] -- Up-to-date: /home/student/Desktop/workspace/install/ouster_sensor_msgs/share/ouster_sensor_msgs/cmake/ouster_sensor_msgs__rosidl_typesupport_introspection_cExport-noconfig.cmake
[2.469s] -- Up-to-date: /home/student/Desktop/workspace/install/ouster_sensor_msgs/share/ouster_sensor_msgs/cmake/ouster_sensor_msgs__rosidl_typesupport_cExport.cmake
[2.469s] -- Up-to-date: /home/student/Desktop/workspace/install/ouster_sensor_msgs/share/ouster_sensor_msgs/cmake/ouster_sensor_msgs__rosidl_typesupport_cExport-noconfig.cmake
[2.469s] -- Up-to-date: /home/student/Desktop/workspace/install/ouster_sensor_msgs/share/ouster_sensor_msgs/cmake/ouster_sensor_msgs__rosidl_typesupport_introspection_cppExport.cmake
[2.470s] -- Up-to-date: /home/student/Desktop/workspace/install/ouster_sensor_msgs/share/ouster_sensor_msgs/cmake/ouster_sensor_msgs__rosidl_typesupport_introspection_cppExport-noconfig.cmake
[2.470s] -- Up-to-date: /home/student/Desktop/workspace/install/ouster_sensor_msgs/share/ouster_sensor_msgs/cmake/ouster_sensor_msgs__rosidl_typesupport_cppExport.cmake
[2.470s] -- Up-to-date: /home/student/Desktop/workspace/install/ouster_sensor_msgs/share/ouster_sensor_msgs/cmake/ouster_sensor_msgs__rosidl_typesupport_cppExport-noconfig.cmake
[2.470s] -- Up-to-date: /home/student/Desktop/workspace/install/ouster_sensor_msgs/share/ouster_sensor_msgs/cmake/export_ouster_sensor_msgs__rosidl_generator_pyExport.cmake
[2.470s] -- Up-to-date: /home/student/Desktop/workspace/install/ouster_sensor_msgs/share/ouster_sensor_msgs/cmake/export_ouster_sensor_msgs__rosidl_generator_pyExport-noconfig.cmake
[2.483s] Invoked command in '/home/student/Desktop/workspace/build/ouster_sensor_msgs' returned '0': CMAKE_PREFIX_PATH=${CMAKE_PREFIX_PATH}:/home/student/Desktop/workspace/install/yolo_tracking:/home/student/Desktop/workspace/install/sensor_presentation:/home/student/Desktop/workspace/install/position_estimation:/home/student/Desktop/workspace/install/ouster_voxel_filter:/home/student/Desktop/workspace/install/navigation:/home/student/Desktop/workspace/install/main:/opt/ros/humble /home/student/.local/bin/cmake --install /home/student/Desktop/workspace/build/ouster_sensor_msgs
