[0.030s] Invoking command in '/home/student/Desktop/workspace/build/zed_interfaces': CMAKE_PREFIX_PATH=${CMAKE_PREFIX_PATH}:/home/student/Desktop/workspace/install/yolo_tracking:/home/student/Desktop/workspace/install/sensor_presentation:/home/student/Desktop/workspace/install/position_estimation:/home/student/Desktop/workspace/install/ouster_voxel_filter:/home/student/Desktop/workspace/install/navigation:/home/student/Desktop/workspace/install/main:/opt/ros/humble /usr/bin/cmake --build /home/student/Desktop/workspace/build/zed_interfaces -- -j16 -l16
[0.375s] [35m[1mConsolidate compiler generated dependencies of target zed_interfaces__rosidl_generator_c[0m
[0.376s] [  0%] Built target zed_interfaces__cpp
[0.376s] [  0%] Built target ament_cmake_python_symlink_zed_interfaces
[0.377s] [ 12%] Built target zed_interfaces__rosidl_generator_c
[0.377s] [35m[1mConsolidate compiler generated dependencies of target zed_interfaces__rosidl_typesupport_cpp[0m
[0.377s] [35m[1mConsolidate compiler generated dependencies of target zed_interfaces__rosidl_typesupport_fastrtps_cpp[0m
[0.377s] [35m[1mConsolidate compiler generated dependencies of target zed_interfaces__rosidl_typesupport_introspection_cpp[0m
[0.377s] [35m[1mConsolidate compiler generated dependencies of target zed_interfaces__rosidl_typesupport_introspection_c[0m
[0.378s] [35m[1mConsolidate compiler generated dependencies of target zed_interfaces__rosidl_typesupport_c[0m
[0.378s] [35m[1mConsolidate compiler generated dependencies of target zed_interfaces__rosidl_typesupport_fastrtps_c[0m
[0.378s] [ 24%] Built target zed_interfaces__rosidl_typesupport_cpp
[0.378s] [ 36%] Built target zed_interfaces__rosidl_typesupport_introspection_c
[0.379s] [ 48%] Built target zed_interfaces__rosidl_typesupport_c
[0.379s] [ 70%] Built target zed_interfaces__rosidl_typesupport_fastrtps_cpp
[0.380s] [ 72%] Built target zed_interfaces__rosidl_typesupport_introspection_cpp
[0.380s] [ 84%] Built target zed_interfaces__rosidl_typesupport_fastrtps_c
[0.381s] [ 84%] Built target zed_interfaces
[0.381s] [ 85%] Built target zed_interfaces__py
[0.381s] [35m[1mConsolidate compiler generated dependencies of target zed_interfaces__rosidl_generator_py[0m
[0.382s] [ 96%] Built target zed_interfaces__rosidl_generator_py
[0.382s] [35m[1mConsolidate compiler generated dependencies of target zed_interfaces__rosidl_typesupport_introspection_c__pyext[0m
[0.383s] [35m[1mConsolidate compiler generated dependencies of target zed_interfaces__rosidl_typesupport_c__pyext[0m
[0.383s] [35m[1mConsolidate compiler generated dependencies of target zed_interfaces__rosidl_typesupport_fastrtps_c__pyext[0m
[0.383s] [ 99%] Built target zed_interfaces__rosidl_typesupport_fastrtps_c__pyext
[0.383s] [100%] Built target zed_interfaces__rosidl_typesupport_introspection_c__pyext
[0.383s] [100%] Built target zed_interfaces__rosidl_typesupport_c__pyext
[0.420s] running egg_info
[0.421s] writing zed_interfaces.egg-info/PKG-INFO
[0.422s] writing dependency_links to zed_interfaces.egg-info/dependency_links.txt
[0.422s] writing top-level names to zed_interfaces.egg-info/top_level.txt
[0.425s] reading manifest file 'zed_interfaces.egg-info/SOURCES.txt'
[0.426s] writing manifest file 'zed_interfaces.egg-info/SOURCES.txt'
[0.455s] [100%] Built target ament_cmake_python_build_zed_interfaces_egg
[0.470s] Invoked command in '/home/student/Desktop/workspace/build/zed_interfaces' returned '0': CMAKE_PREFIX_PATH=${CMAKE_PREFIX_PATH}:/home/student/Desktop/workspace/install/yolo_tracking:/home/student/Desktop/workspace/install/sensor_presentation:/home/student/Desktop/workspace/install/position_estimation:/home/student/Desktop/workspace/install/ouster_voxel_filter:/home/student/Desktop/workspace/install/navigation:/home/student/Desktop/workspace/install/main:/opt/ros/humble /usr/bin/cmake --build /home/student/Desktop/workspace/build/zed_interfaces -- -j16 -l16
[1.033s] Invoking command in '/home/student/Desktop/workspace/build/zed_interfaces': CMAKE_PREFIX_PATH=${CMAKE_PREFIX_PATH}:/home/student/Desktop/workspace/install/yolo_tracking:/home/student/Desktop/workspace/install/sensor_presentation:/home/student/Desktop/workspace/install/position_estimation:/home/student/Desktop/workspace/install/ouster_voxel_filter:/home/student/Desktop/workspace/install/navigation:/home/student/Desktop/workspace/install/main:/opt/ros/humble /usr/bin/cmake --install /home/student/Desktop/workspace/build/zed_interfaces
[1.039s] -- Install configuration: ""
[1.040s] -- Execute custom install script
[1.040s] -- Up-to-date symlink: /home/student/Desktop/workspace/install/zed_interfaces/share/ament_index/resource_index/rosidl_interfaces/zed_interfaces
[1.041s] -- Up-to-date symlink: /home/student/Desktop/workspace/install/zed_interfaces/include/zed_interfaces/zed_interfaces/msg/bounding_box2_df.h
[1.042s] -- Up-to-date symlink: /home/student/Desktop/workspace/install/zed_interfaces/include/zed_interfaces/zed_interfaces/msg/bounding_box2_di.h
[1.042s] -- Up-to-date symlink: /home/student/Desktop/workspace/install/zed_interfaces/include/zed_interfaces/zed_interfaces/msg/bounding_box3_d.h
[1.042s] -- Up-to-date symlink: /home/student/Desktop/workspace/install/zed_interfaces/include/zed_interfaces/zed_interfaces/msg/depth_info_stamped.h
[1.042s] -- Up-to-date symlink: /home/student/Desktop/workspace/install/zed_interfaces/include/zed_interfaces/zed_interfaces/msg/detail/bounding_box2_df__functions.h
[1.042s] -- Up-to-date symlink: /home/student/Desktop/workspace/install/zed_interfaces/include/zed_interfaces/zed_interfaces/msg/detail/bounding_box2_df__struct.h
[1.043s] -- Up-to-date symlink: /home/student/Desktop/workspace/install/zed_interfaces/include/zed_interfaces/zed_interfaces/msg/detail/bounding_box2_df__type_support.h
[1.043s] -- Up-to-date symlink: /home/student/Desktop/workspace/install/zed_interfaces/include/zed_interfaces/zed_interfaces/msg/detail/bounding_box2_di__functions.h
[1.043s] -- Up-to-date symlink: /home/student/Desktop/workspace/install/zed_interfaces/include/zed_interfaces/zed_interfaces/msg/detail/bounding_box2_di__struct.h
[1.043s] -- Up-to-date symlink: /home/student/Desktop/workspace/install/zed_interfaces/include/zed_interfaces/zed_interfaces/msg/detail/bounding_box2_di__type_support.h
[1.043s] -- Up-to-date symlink: /home/student/Desktop/workspace/install/zed_interfaces/include/zed_interfaces/zed_interfaces/msg/detail/bounding_box3_d__functions.h
[1.044s] -- Up-to-date symlink: /home/student/Desktop/workspace/install/zed_interfaces/include/zed_interfaces/zed_interfaces/msg/detail/bounding_box3_d__struct.h
[1.044s] -- Up-to-date symlink: /home/student/Desktop/workspace/install/zed_interfaces/include/zed_interfaces/zed_interfaces/msg/detail/bounding_box3_d__type_support.h
[1.044s] -- Up-to-date symlink: /home/student/Desktop/workspace/install/zed_interfaces/include/zed_interfaces/zed_interfaces/msg/detail/depth_info_stamped__functions.h
[1.044s] -- Up-to-date symlink: /home/student/Desktop/workspace/install/zed_interfaces/include/zed_interfaces/zed_interfaces/msg/detail/depth_info_stamped__struct.h
[1.044s] -- Up-to-date symlink: /home/student/Desktop/workspace/install/zed_interfaces/include/zed_interfaces/zed_interfaces/msg/detail/depth_info_stamped__type_support.h
[1.044s] -- Up-to-date symlink: /home/student/Desktop/workspace/install/zed_interfaces/include/zed_interfaces/zed_interfaces/msg/detail/gnss_fusion_status__functions.h
[1.045s] -- Up-to-date symlink: /home/student/Desktop/workspace/install/zed_interfaces/include/zed_interfaces/zed_interfaces/msg/detail/gnss_fusion_status__struct.h
[1.045s] -- Up-to-date symlink: /home/student/Desktop/workspace/install/zed_interfaces/include/zed_interfaces/zed_interfaces/msg/detail/gnss_fusion_status__type_support.h
[1.045s] -- Up-to-date symlink: /home/student/Desktop/workspace/install/zed_interfaces/include/zed_interfaces/zed_interfaces/msg/detail/heartbeat__functions.h
[1.046s] -- Up-to-date symlink: /home/student/Desktop/workspace/install/zed_interfaces/include/zed_interfaces/zed_interfaces/msg/detail/heartbeat__struct.h
[1.046s] -- Up-to-date symlink: /home/student/Desktop/workspace/install/zed_interfaces/include/zed_interfaces/zed_interfaces/msg/detail/heartbeat__type_support.h
[1.046s] -- Up-to-date symlink: /home/student/Desktop/workspace/install/zed_interfaces/include/zed_interfaces/zed_interfaces/msg/detail/keypoint2_df__functions.h
[1.046s] -- Up-to-date symlink: /home/student/Desktop/workspace/install/zed_interfaces/include/zed_interfaces/zed_interfaces/msg/detail/keypoint2_df__struct.h
[1.047s] -- Up-to-date symlink: /home/student/Desktop/workspace/install/zed_interfaces/include/zed_interfaces/zed_interfaces/msg/detail/keypoint2_df__type_support.h
[1.047s] -- Up-to-date symlink: /home/student/Desktop/workspace/install/zed_interfaces/include/zed_interfaces/zed_interfaces/msg/detail/keypoint2_di__functions.h
[1.047s] -- Up-to-date symlink: /home/student/Desktop/workspace/install/zed_interfaces/include/zed_interfaces/zed_interfaces/msg/detail/keypoint2_di__struct.h
[1.047s] -- Up-to-date symlink: /home/student/Desktop/workspace/install/zed_interfaces/include/zed_interfaces/zed_interfaces/msg/detail/keypoint2_di__type_support.h
[1.047s] -- Up-to-date symlink: /home/student/Desktop/workspace/install/zed_interfaces/include/zed_interfaces/zed_interfaces/msg/detail/keypoint3_d__functions.h
[1.047s] -- Up-to-date symlink: /home/student/Desktop/workspace/install/zed_interfaces/include/zed_interfaces/zed_interfaces/msg/detail/keypoint3_d__struct.h
[1.047s] -- Up-to-date symlink: /home/student/Desktop/workspace/install/zed_interfaces/include/zed_interfaces/zed_interfaces/msg/detail/keypoint3_d__type_support.h
[1.047s] -- Up-to-date symlink: /home/student/Desktop/workspace/install/zed_interfaces/include/zed_interfaces/zed_interfaces/msg/detail/mag_heading_status__functions.h
[1.047s] -- Up-to-date symlink: /home/student/Desktop/workspace/install/zed_interfaces/include/zed_interfaces/zed_interfaces/msg/detail/mag_heading_status__struct.h
[1.048s] -- Up-to-date symlink: /home/student/Desktop/workspace/install/zed_interfaces/include/zed_interfaces/zed_interfaces/msg/detail/mag_heading_status__type_support.h
[1.048s] -- Up-to-date symlink: /home/student/Desktop/workspace/install/zed_interfaces/include/zed_interfaces/zed_interfaces/msg/detail/object__functions.h
[1.048s] -- Up-to-date symlink: /home/student/Desktop/workspace/install/zed_interfaces/include/zed_interfaces/zed_interfaces/msg/detail/object__struct.h
[1.048s] -- Up-to-date symlink: /home/student/Desktop/workspace/install/zed_interfaces/include/zed_interfaces/zed_interfaces/msg/detail/object__type_support.h
[1.048s] -- Up-to-date symlink: /home/student/Desktop/workspace/install/zed_interfaces/include/zed_interfaces/zed_interfaces/msg/detail/objects_stamped__functions.h
[1.048s] -- Up-to-date symlink: /home/student/Desktop/workspace/install/zed_interfaces/include/zed_interfaces/zed_interfaces/msg/detail/objects_stamped__struct.h
[1.048s] -- Up-to-date symlink: /home/student/Desktop/workspace/install/zed_interfaces/include/zed_interfaces/zed_interfaces/msg/detail/objects_stamped__type_support.h
[1.048s] -- Up-to-date symlink: /home/student/Desktop/workspace/install/zed_interfaces/include/zed_interfaces/zed_interfaces/msg/detail/plane_stamped__functions.h
[1.049s] -- Up-to-date symlink: /home/student/Desktop/workspace/install/zed_interfaces/include/zed_interfaces/zed_interfaces/msg/detail/plane_stamped__struct.h
[1.049s] -- Up-to-date symlink: /home/student/Desktop/workspace/install/zed_interfaces/include/zed_interfaces/zed_interfaces/msg/detail/plane_stamped__type_support.h
[1.049s] -- Up-to-date symlink: /home/student/Desktop/workspace/install/zed_interfaces/include/zed_interfaces/zed_interfaces/msg/detail/pos_track_status__functions.h
[1.049s] -- Up-to-date symlink: /home/student/Desktop/workspace/install/zed_interfaces/include/zed_interfaces/zed_interfaces/msg/detail/pos_track_status__struct.h
[1.049s] -- Up-to-date symlink: /home/student/Desktop/workspace/install/zed_interfaces/include/zed_interfaces/zed_interfaces/msg/detail/pos_track_status__type_support.h
[1.049s] -- Up-to-date symlink: /home/student/Desktop/workspace/install/zed_interfaces/include/zed_interfaces/zed_interfaces/msg/detail/skeleton2_d__functions.h
[1.049s] -- Up-to-date symlink: /home/student/Desktop/workspace/install/zed_interfaces/include/zed_interfaces/zed_interfaces/msg/detail/skeleton2_d__struct.h
[1.049s] -- Up-to-date symlink: /home/student/Desktop/workspace/install/zed_interfaces/include/zed_interfaces/zed_interfaces/msg/detail/skeleton2_d__type_support.h
[1.049s] -- Up-to-date symlink: /home/student/Desktop/workspace/install/zed_interfaces/include/zed_interfaces/zed_interfaces/msg/detail/skeleton3_d__functions.h
[1.050s] -- Up-to-date symlink: /home/student/Desktop/workspace/install/zed_interfaces/include/zed_interfaces/zed_interfaces/msg/detail/skeleton3_d__struct.h
[1.050s] -- Up-to-date symlink: /home/student/Desktop/workspace/install/zed_interfaces/include/zed_interfaces/zed_interfaces/msg/detail/skeleton3_d__type_support.h
[1.050s] -- Up-to-date symlink: /home/student/Desktop/workspace/install/zed_interfaces/include/zed_interfaces/zed_interfaces/msg/gnss_fusion_status.h
[1.050s] -- Up-to-date symlink: /home/student/Desktop/workspace/install/zed_interfaces/include/zed_interfaces/zed_interfaces/msg/heartbeat.h
[1.050s] -- Up-to-date symlink: /home/student/Desktop/workspace/install/zed_interfaces/include/zed_interfaces/zed_interfaces/msg/keypoint2_df.h
[1.050s] -- Up-to-date symlink: /home/student/Desktop/workspace/install/zed_interfaces/include/zed_interfaces/zed_interfaces/msg/keypoint2_di.h
[1.050s] -- Up-to-date symlink: /home/student/Desktop/workspace/install/zed_interfaces/include/zed_interfaces/zed_interfaces/msg/keypoint3_d.h
[1.050s] -- Up-to-date symlink: /home/student/Desktop/workspace/install/zed_interfaces/include/zed_interfaces/zed_interfaces/msg/mag_heading_status.h
[1.050s] -- Up-to-date symlink: /home/student/Desktop/workspace/install/zed_interfaces/include/zed_interfaces/zed_interfaces/msg/object.h
[1.050s] -- Up-to-date symlink: /home/student/Desktop/workspace/install/zed_interfaces/include/zed_interfaces/zed_interfaces/msg/objects_stamped.h
[1.050s] -- Up-to-date symlink: /home/student/Desktop/workspace/install/zed_interfaces/include/zed_interfaces/zed_interfaces/msg/plane_stamped.h
[1.051s] -- Up-to-date symlink: /home/student/Desktop/workspace/install/zed_interfaces/include/zed_interfaces/zed_interfaces/msg/pos_track_status.h
[1.051s] -- Up-to-date symlink: /home/student/Desktop/workspace/install/zed_interfaces/include/zed_interfaces/zed_interfaces/msg/rosidl_generator_c__visibility_control.h
[1.051s] -- Up-to-date symlink: /home/student/Desktop/workspace/install/zed_interfaces/include/zed_interfaces/zed_interfaces/msg/skeleton2_d.h
[1.051s] -- Up-to-date symlink: /home/student/Desktop/workspace/install/zed_interfaces/include/zed_interfaces/zed_interfaces/msg/skeleton3_d.h
[1.051s] -- Up-to-date symlink: /home/student/Desktop/workspace/install/zed_interfaces/include/zed_interfaces/zed_interfaces/srv/detail/set_pose__functions.h
[1.051s] -- Up-to-date symlink: /home/student/Desktop/workspace/install/zed_interfaces/include/zed_interfaces/zed_interfaces/srv/detail/set_pose__struct.h
[1.051s] -- Up-to-date symlink: /home/student/Desktop/workspace/install/zed_interfaces/include/zed_interfaces/zed_interfaces/srv/detail/set_pose__type_support.h
[1.051s] -- Up-to-date symlink: /home/student/Desktop/workspace/install/zed_interfaces/include/zed_interfaces/zed_interfaces/srv/detail/set_roi__functions.h
[1.051s] -- Up-to-date symlink: /home/student/Desktop/workspace/install/zed_interfaces/include/zed_interfaces/zed_interfaces/srv/detail/set_roi__struct.h
[1.051s] -- Up-to-date symlink: /home/student/Desktop/workspace/install/zed_interfaces/include/zed_interfaces/zed_interfaces/srv/detail/set_roi__type_support.h
[1.052s] -- Up-to-date symlink: /home/student/Desktop/workspace/install/zed_interfaces/include/zed_interfaces/zed_interfaces/srv/detail/start_svo_rec__functions.h
[1.052s] -- Up-to-date symlink: /home/student/Desktop/workspace/install/zed_interfaces/include/zed_interfaces/zed_interfaces/srv/detail/start_svo_rec__struct.h
[1.052s] -- Up-to-date symlink: /home/student/Desktop/workspace/install/zed_interfaces/include/zed_interfaces/zed_interfaces/srv/detail/start_svo_rec__type_support.h
[1.052s] -- Up-to-date symlink: /home/student/Desktop/workspace/install/zed_interfaces/include/zed_interfaces/zed_interfaces/srv/set_pose.h
[1.052s] -- Up-to-date symlink: /home/student/Desktop/workspace/install/zed_interfaces/include/zed_interfaces/zed_interfaces/srv/set_roi.h
[1.052s] -- Up-to-date symlink: /home/student/Desktop/workspace/install/zed_interfaces/include/zed_interfaces/zed_interfaces/srv/start_svo_rec.h
[1.052s] -- Up-to-date symlink: /home/student/Desktop/workspace/install/zed_interfaces/share/zed_interfaces/environment/library_path.sh
[1.052s] -- Up-to-date symlink: /home/student/Desktop/workspace/install/zed_interfaces/share/zed_interfaces/environment/library_path.dsv
[1.052s] -- Up-to-date symlink: /home/student/Desktop/workspace/install/zed_interfaces/include/zed_interfaces/zed_interfaces/msg/detail/bounding_box2_df__rosidl_typesupport_fastrtps_c.h
[1.053s] -- Up-to-date symlink: /home/student/Desktop/workspace/install/zed_interfaces/include/zed_interfaces/zed_interfaces/msg/detail/bounding_box2_di__rosidl_typesupport_fastrtps_c.h
[1.053s] -- Up-to-date symlink: /home/student/Desktop/workspace/install/zed_interfaces/include/zed_interfaces/zed_interfaces/msg/detail/bounding_box3_d__rosidl_typesupport_fastrtps_c.h
[1.053s] -- Up-to-date symlink: /home/student/Desktop/workspace/install/zed_interfaces/include/zed_interfaces/zed_interfaces/msg/detail/depth_info_stamped__rosidl_typesupport_fastrtps_c.h
[1.053s] -- Up-to-date symlink: /home/student/Desktop/workspace/install/zed_interfaces/include/zed_interfaces/zed_interfaces/msg/detail/gnss_fusion_status__rosidl_typesupport_fastrtps_c.h
[1.053s] -- Up-to-date symlink: /home/student/Desktop/workspace/install/zed_interfaces/include/zed_interfaces/zed_interfaces/msg/detail/heartbeat__rosidl_typesupport_fastrtps_c.h
[1.053s] -- Up-to-date symlink: /home/student/Desktop/workspace/install/zed_interfaces/include/zed_interfaces/zed_interfaces/msg/detail/keypoint2_df__rosidl_typesupport_fastrtps_c.h
[1.053s] -- Up-to-date symlink: /home/student/Desktop/workspace/install/zed_interfaces/include/zed_interfaces/zed_interfaces/msg/detail/keypoint2_di__rosidl_typesupport_fastrtps_c.h
[1.053s] -- Up-to-date symlink: /home/student/Desktop/workspace/install/zed_interfaces/include/zed_interfaces/zed_interfaces/msg/detail/keypoint3_d__rosidl_typesupport_fastrtps_c.h
[1.053s] -- Up-to-date symlink: /home/student/Desktop/workspace/install/zed_interfaces/include/zed_interfaces/zed_interfaces/msg/detail/mag_heading_status__rosidl_typesupport_fastrtps_c.h
[1.054s] -- Up-to-date symlink: /home/student/Desktop/workspace/install/zed_interfaces/include/zed_interfaces/zed_interfaces/msg/detail/object__rosidl_typesupport_fastrtps_c.h
[1.054s] -- Up-to-date symlink: /home/student/Desktop/workspace/install/zed_interfaces/include/zed_interfaces/zed_interfaces/msg/detail/objects_stamped__rosidl_typesupport_fastrtps_c.h
[1.054s] -- Up-to-date symlink: /home/student/Desktop/workspace/install/zed_interfaces/include/zed_interfaces/zed_interfaces/msg/detail/plane_stamped__rosidl_typesupport_fastrtps_c.h
[1.054s] -- Up-to-date symlink: /home/student/Desktop/workspace/install/zed_interfaces/include/zed_interfaces/zed_interfaces/msg/detail/pos_track_status__rosidl_typesupport_fastrtps_c.h
[1.054s] -- Up-to-date symlink: /home/student/Desktop/workspace/install/zed_interfaces/include/zed_interfaces/zed_interfaces/msg/detail/skeleton2_d__rosidl_typesupport_fastrtps_c.h
[1.054s] -- Up-to-date symlink: /home/student/Desktop/workspace/install/zed_interfaces/include/zed_interfaces/zed_interfaces/msg/detail/skeleton3_d__rosidl_typesupport_fastrtps_c.h
[1.055s] -- Up-to-date symlink: /home/student/Desktop/workspace/install/zed_interfaces/include/zed_interfaces/zed_interfaces/msg/rosidl_typesupport_fastrtps_c__visibility_control.h
[1.055s] -- Up-to-date symlink: /home/student/Desktop/workspace/install/zed_interfaces/include/zed_interfaces/zed_interfaces/srv/detail/set_pose__rosidl_typesupport_fastrtps_c.h
[1.055s] -- Up-to-date symlink: /home/student/Desktop/workspace/install/zed_interfaces/include/zed_interfaces/zed_interfaces/srv/detail/set_roi__rosidl_typesupport_fastrtps_c.h
[1.055s] -- Up-to-date symlink: /home/student/Desktop/workspace/install/zed_interfaces/include/zed_interfaces/zed_interfaces/srv/detail/start_svo_rec__rosidl_typesupport_fastrtps_c.h
[1.056s] -- Up-to-date symlink: /home/student/Desktop/workspace/install/zed_interfaces/include/zed_interfaces/zed_interfaces/msg/bounding_box2_df.hpp
[1.056s] -- Up-to-date symlink: /home/student/Desktop/workspace/install/zed_interfaces/include/zed_interfaces/zed_interfaces/msg/bounding_box2_di.hpp
[1.056s] -- Up-to-date symlink: /home/student/Desktop/workspace/install/zed_interfaces/include/zed_interfaces/zed_interfaces/msg/bounding_box3_d.hpp
[1.056s] -- Up-to-date symlink: /home/student/Desktop/workspace/install/zed_interfaces/include/zed_interfaces/zed_interfaces/msg/depth_info_stamped.hpp
[1.056s] -- Up-to-date symlink: /home/student/Desktop/workspace/install/zed_interfaces/include/zed_interfaces/zed_interfaces/msg/detail/bounding_box2_df__builder.hpp
[1.056s] -- Up-to-date symlink: /home/student/Desktop/workspace/install/zed_interfaces/include/zed_interfaces/zed_interfaces/msg/detail/bounding_box2_df__struct.hpp
[1.057s] -- Up-to-date symlink: /home/student/Desktop/workspace/install/zed_interfaces/include/zed_interfaces/zed_interfaces/msg/detail/bounding_box2_df__traits.hpp
[1.057s] -- Up-to-date symlink: /home/student/Desktop/workspace/install/zed_interfaces/include/zed_interfaces/zed_interfaces/msg/detail/bounding_box2_di__builder.hpp
[1.057s] -- Up-to-date symlink: /home/student/Desktop/workspace/install/zed_interfaces/include/zed_interfaces/zed_interfaces/msg/detail/bounding_box2_di__struct.hpp
[1.057s] -- Up-to-date symlink: /home/student/Desktop/workspace/install/zed_interfaces/include/zed_interfaces/zed_interfaces/msg/detail/bounding_box2_di__traits.hpp
[1.057s] -- Up-to-date symlink: /home/student/Desktop/workspace/install/zed_interfaces/include/zed_interfaces/zed_interfaces/msg/detail/bounding_box3_d__builder.hpp
[1.057s] -- Up-to-date symlink: /home/student/Desktop/workspace/install/zed_interfaces/include/zed_interfaces/zed_interfaces/msg/detail/bounding_box3_d__struct.hpp
[1.057s] -- Up-to-date symlink: /home/student/Desktop/workspace/install/zed_interfaces/include/zed_interfaces/zed_interfaces/msg/detail/bounding_box3_d__traits.hpp
[1.058s] -- Up-to-date symlink: /home/student/Desktop/workspace/install/zed_interfaces/include/zed_interfaces/zed_interfaces/msg/detail/depth_info_stamped__builder.hpp
[1.058s] -- Up-to-date symlink: /home/student/Desktop/workspace/install/zed_interfaces/include/zed_interfaces/zed_interfaces/msg/detail/depth_info_stamped__struct.hpp
[1.058s] -- Up-to-date symlink: /home/student/Desktop/workspace/install/zed_interfaces/include/zed_interfaces/zed_interfaces/msg/detail/depth_info_stamped__traits.hpp
[1.058s] -- Up-to-date symlink: /home/student/Desktop/workspace/install/zed_interfaces/include/zed_interfaces/zed_interfaces/msg/detail/gnss_fusion_status__builder.hpp
[1.058s] -- Up-to-date symlink: /home/student/Desktop/workspace/install/zed_interfaces/include/zed_interfaces/zed_interfaces/msg/detail/gnss_fusion_status__struct.hpp
[1.058s] -- Up-to-date symlink: /home/student/Desktop/workspace/install/zed_interfaces/include/zed_interfaces/zed_interfaces/msg/detail/gnss_fusion_status__traits.hpp
[1.058s] -- Up-to-date symlink: /home/student/Desktop/workspace/install/zed_interfaces/include/zed_interfaces/zed_interfaces/msg/detail/heartbeat__builder.hpp
[1.059s] -- Up-to-date symlink: /home/student/Desktop/workspace/install/zed_interfaces/include/zed_interfaces/zed_interfaces/msg/detail/heartbeat__struct.hpp
[1.059s] -- Up-to-date symlink: /home/student/Desktop/workspace/install/zed_interfaces/include/zed_interfaces/zed_interfaces/msg/detail/heartbeat__traits.hpp
[1.059s] -- Up-to-date symlink: /home/student/Desktop/workspace/install/zed_interfaces/include/zed_interfaces/zed_interfaces/msg/detail/keypoint2_df__builder.hpp
[1.059s] -- Up-to-date symlink: /home/student/Desktop/workspace/install/zed_interfaces/include/zed_interfaces/zed_interfaces/msg/detail/keypoint2_df__struct.hpp
[1.059s] -- Up-to-date symlink: /home/student/Desktop/workspace/install/zed_interfaces/include/zed_interfaces/zed_interfaces/msg/detail/keypoint2_df__traits.hpp
[1.059s] -- Up-to-date symlink: /home/student/Desktop/workspace/install/zed_interfaces/include/zed_interfaces/zed_interfaces/msg/detail/keypoint2_di__builder.hpp
[1.059s] -- Up-to-date symlink: /home/student/Desktop/workspace/install/zed_interfaces/include/zed_interfaces/zed_interfaces/msg/detail/keypoint2_di__struct.hpp
[1.059s] -- Up-to-date symlink: /home/student/Desktop/workspace/install/zed_interfaces/include/zed_interfaces/zed_interfaces/msg/detail/keypoint2_di__traits.hpp
[1.060s] -- Up-to-date symlink: /home/student/Desktop/workspace/install/zed_interfaces/include/zed_interfaces/zed_interfaces/msg/detail/keypoint3_d__builder.hpp
[1.060s] -- Up-to-date symlink: /home/student/Desktop/workspace/install/zed_interfaces/include/zed_interfaces/zed_interfaces/msg/detail/keypoint3_d__struct.hpp
[1.060s] -- Up-to-date symlink: /home/student/Desktop/workspace/install/zed_interfaces/include/zed_interfaces/zed_interfaces/msg/detail/keypoint3_d__traits.hpp
[1.060s] -- Up-to-date symlink: /home/student/Desktop/workspace/install/zed_interfaces/include/zed_interfaces/zed_interfaces/msg/detail/mag_heading_status__builder.hpp
[1.060s] -- Up-to-date symlink: /home/student/Desktop/workspace/install/zed_interfaces/include/zed_interfaces/zed_interfaces/msg/detail/mag_heading_status__struct.hpp
[1.060s] -- Up-to-date symlink: /home/student/Desktop/workspace/install/zed_interfaces/include/zed_interfaces/zed_interfaces/msg/detail/mag_heading_status__traits.hpp
[1.060s] -- Up-to-date symlink: /home/student/Desktop/workspace/install/zed_interfaces/include/zed_interfaces/zed_interfaces/msg/detail/object__builder.hpp
[1.060s] -- Up-to-date symlink: /home/student/Desktop/workspace/install/zed_interfaces/include/zed_interfaces/zed_interfaces/msg/detail/object__struct.hpp
[1.060s] -- Up-to-date symlink: /home/student/Desktop/workspace/install/zed_interfaces/include/zed_interfaces/zed_interfaces/msg/detail/object__traits.hpp
[1.060s] -- Up-to-date symlink: /home/student/Desktop/workspace/install/zed_interfaces/include/zed_interfaces/zed_interfaces/msg/detail/objects_stamped__builder.hpp
[1.061s] -- Up-to-date symlink: /home/student/Desktop/workspace/install/zed_interfaces/include/zed_interfaces/zed_interfaces/msg/detail/objects_stamped__struct.hpp
[1.061s] -- Up-to-date symlink: /home/student/Desktop/workspace/install/zed_interfaces/include/zed_interfaces/zed_interfaces/msg/detail/objects_stamped__traits.hpp
[1.061s] -- Up-to-date symlink: /home/student/Desktop/workspace/install/zed_interfaces/include/zed_interfaces/zed_interfaces/msg/detail/plane_stamped__builder.hpp
[1.061s] -- Up-to-date symlink: /home/student/Desktop/workspace/install/zed_interfaces/include/zed_interfaces/zed_interfaces/msg/detail/plane_stamped__struct.hpp
[1.061s] -- Up-to-date symlink: /home/student/Desktop/workspace/install/zed_interfaces/include/zed_interfaces/zed_interfaces/msg/detail/plane_stamped__traits.hpp
[1.061s] -- Up-to-date symlink: /home/student/Desktop/workspace/install/zed_interfaces/include/zed_interfaces/zed_interfaces/msg/detail/pos_track_status__builder.hpp
[1.061s] -- Up-to-date symlink: /home/student/Desktop/workspace/install/zed_interfaces/include/zed_interfaces/zed_interfaces/msg/detail/pos_track_status__struct.hpp
[1.061s] -- Up-to-date symlink: /home/student/Desktop/workspace/install/zed_interfaces/include/zed_interfaces/zed_interfaces/msg/detail/pos_track_status__traits.hpp
[1.061s] -- Up-to-date symlink: /home/student/Desktop/workspace/install/zed_interfaces/include/zed_interfaces/zed_interfaces/msg/detail/skeleton2_d__builder.hpp
[1.061s] -- Up-to-date symlink: /home/student/Desktop/workspace/install/zed_interfaces/include/zed_interfaces/zed_interfaces/msg/detail/skeleton2_d__struct.hpp
[1.062s] -- Up-to-date symlink: /home/student/Desktop/workspace/install/zed_interfaces/include/zed_interfaces/zed_interfaces/msg/detail/skeleton2_d__traits.hpp
[1.062s] -- Up-to-date symlink: /home/student/Desktop/workspace/install/zed_interfaces/include/zed_interfaces/zed_interfaces/msg/detail/skeleton3_d__builder.hpp
[1.062s] -- Up-to-date symlink: /home/student/Desktop/workspace/install/zed_interfaces/include/zed_interfaces/zed_interfaces/msg/detail/skeleton3_d__struct.hpp
[1.062s] -- Up-to-date symlink: /home/student/Desktop/workspace/install/zed_interfaces/include/zed_interfaces/zed_interfaces/msg/detail/skeleton3_d__traits.hpp
[1.062s] -- Up-to-date symlink: /home/student/Desktop/workspace/install/zed_interfaces/include/zed_interfaces/zed_interfaces/msg/gnss_fusion_status.hpp
[1.062s] -- Up-to-date symlink: /home/student/Desktop/workspace/install/zed_interfaces/include/zed_interfaces/zed_interfaces/msg/heartbeat.hpp
[1.062s] -- Up-to-date symlink: /home/student/Desktop/workspace/install/zed_interfaces/include/zed_interfaces/zed_interfaces/msg/keypoint2_df.hpp
[1.062s] -- Up-to-date symlink: /home/student/Desktop/workspace/install/zed_interfaces/include/zed_interfaces/zed_interfaces/msg/keypoint2_di.hpp
[1.062s] -- Up-to-date symlink: /home/student/Desktop/workspace/install/zed_interfaces/include/zed_interfaces/zed_interfaces/msg/keypoint3_d.hpp
[1.062s] -- Up-to-date symlink: /home/student/Desktop/workspace/install/zed_interfaces/include/zed_interfaces/zed_interfaces/msg/mag_heading_status.hpp
[1.063s] -- Up-to-date symlink: /home/student/Desktop/workspace/install/zed_interfaces/include/zed_interfaces/zed_interfaces/msg/object.hpp
[1.063s] -- Up-to-date symlink: /home/student/Desktop/workspace/install/zed_interfaces/include/zed_interfaces/zed_interfaces/msg/objects_stamped.hpp
[1.063s] -- Up-to-date symlink: /home/student/Desktop/workspace/install/zed_interfaces/include/zed_interfaces/zed_interfaces/msg/plane_stamped.hpp
[1.063s] -- Up-to-date symlink: /home/student/Desktop/workspace/install/zed_interfaces/include/zed_interfaces/zed_interfaces/msg/pos_track_status.hpp
[1.063s] -- Up-to-date symlink: /home/student/Desktop/workspace/install/zed_interfaces/include/zed_interfaces/zed_interfaces/msg/skeleton2_d.hpp
[1.063s] -- Up-to-date symlink: /home/student/Desktop/workspace/install/zed_interfaces/include/zed_interfaces/zed_interfaces/msg/skeleton3_d.hpp
[1.063s] -- Up-to-date symlink: /home/student/Desktop/workspace/install/zed_interfaces/include/zed_interfaces/zed_interfaces/srv/detail/set_pose__builder.hpp
[1.063s] -- Up-to-date symlink: /home/student/Desktop/workspace/install/zed_interfaces/include/zed_interfaces/zed_interfaces/srv/detail/set_pose__struct.hpp
[1.063s] -- Up-to-date symlink: /home/student/Desktop/workspace/install/zed_interfaces/include/zed_interfaces/zed_interfaces/srv/detail/set_pose__traits.hpp
[1.063s] -- Up-to-date symlink: /home/student/Desktop/workspace/install/zed_interfaces/include/zed_interfaces/zed_interfaces/srv/detail/set_roi__builder.hpp
[1.064s] -- Up-to-date symlink: /home/student/Desktop/workspace/install/zed_interfaces/include/zed_interfaces/zed_interfaces/srv/detail/set_roi__struct.hpp
[1.064s] -- Up-to-date symlink: /home/student/Desktop/workspace/install/zed_interfaces/include/zed_interfaces/zed_interfaces/srv/detail/set_roi__traits.hpp
[1.064s] -- Up-to-date symlink: /home/student/Desktop/workspace/install/zed_interfaces/include/zed_interfaces/zed_interfaces/srv/detail/start_svo_rec__builder.hpp
[1.064s] -- Up-to-date symlink: /home/student/Desktop/workspace/install/zed_interfaces/include/zed_interfaces/zed_interfaces/srv/detail/start_svo_rec__struct.hpp
[1.064s] -- Up-to-date symlink: /home/student/Desktop/workspace/install/zed_interfaces/include/zed_interfaces/zed_interfaces/srv/detail/start_svo_rec__traits.hpp
[1.064s] -- Up-to-date symlink: /home/student/Desktop/workspace/install/zed_interfaces/include/zed_interfaces/zed_interfaces/srv/set_pose.hpp
[1.064s] -- Up-to-date symlink: /home/student/Desktop/workspace/install/zed_interfaces/include/zed_interfaces/zed_interfaces/srv/set_roi.hpp
[1.064s] -- Up-to-date symlink: /home/student/Desktop/workspace/install/zed_interfaces/include/zed_interfaces/zed_interfaces/srv/start_svo_rec.hpp
[1.064s] -- Up-to-date symlink: /home/student/Desktop/workspace/install/zed_interfaces/include/zed_interfaces/zed_interfaces/msg/detail/bounding_box2_df__rosidl_typesupport_fastrtps_cpp.hpp
[1.065s] -- Up-to-date symlink: /home/student/Desktop/workspace/install/zed_interfaces/include/zed_interfaces/zed_interfaces/msg/detail/bounding_box2_di__rosidl_typesupport_fastrtps_cpp.hpp
[1.065s] -- Up-to-date symlink: /home/student/Desktop/workspace/install/zed_interfaces/include/zed_interfaces/zed_interfaces/msg/detail/bounding_box3_d__rosidl_typesupport_fastrtps_cpp.hpp
[1.065s] -- Up-to-date symlink: /home/student/Desktop/workspace/install/zed_interfaces/include/zed_interfaces/zed_interfaces/msg/detail/depth_info_stamped__rosidl_typesupport_fastrtps_cpp.hpp
[1.065s] -- Up-to-date symlink: /home/student/Desktop/workspace/install/zed_interfaces/include/zed_interfaces/zed_interfaces/msg/detail/gnss_fusion_status__rosidl_typesupport_fastrtps_cpp.hpp
[1.065s] -- Up-to-date symlink: /home/student/Desktop/workspace/install/zed_interfaces/include/zed_interfaces/zed_interfaces/msg/detail/heartbeat__rosidl_typesupport_fastrtps_cpp.hpp
[1.065s] -- Up-to-date symlink: /home/student/Desktop/workspace/install/zed_interfaces/include/zed_interfaces/zed_interfaces/msg/detail/keypoint2_df__rosidl_typesupport_fastrtps_cpp.hpp
[1.065s] -- Up-to-date symlink: /home/student/Desktop/workspace/install/zed_interfaces/include/zed_interfaces/zed_interfaces/msg/detail/keypoint2_di__rosidl_typesupport_fastrtps_cpp.hpp
[1.065s] -- Up-to-date symlink: /home/student/Desktop/workspace/install/zed_interfaces/include/zed_interfaces/zed_interfaces/msg/detail/keypoint3_d__rosidl_typesupport_fastrtps_cpp.hpp
[1.065s] -- Up-to-date symlink: /home/student/Desktop/workspace/install/zed_interfaces/include/zed_interfaces/zed_interfaces/msg/detail/mag_heading_status__rosidl_typesupport_fastrtps_cpp.hpp
[1.065s] -- Up-to-date symlink: /home/student/Desktop/workspace/install/zed_interfaces/include/zed_interfaces/zed_interfaces/msg/detail/object__rosidl_typesupport_fastrtps_cpp.hpp
[1.065s] -- Up-to-date symlink: /home/student/Desktop/workspace/install/zed_interfaces/include/zed_interfaces/zed_interfaces/msg/detail/objects_stamped__rosidl_typesupport_fastrtps_cpp.hpp
[1.066s] -- Up-to-date symlink: /home/student/Desktop/workspace/install/zed_interfaces/include/zed_interfaces/zed_interfaces/msg/detail/plane_stamped__rosidl_typesupport_fastrtps_cpp.hpp
[1.066s] -- Up-to-date symlink: /home/student/Desktop/workspace/install/zed_interfaces/include/zed_interfaces/zed_interfaces/msg/detail/pos_track_status__rosidl_typesupport_fastrtps_cpp.hpp
[1.066s] -- Up-to-date symlink: /home/student/Desktop/workspace/install/zed_interfaces/include/zed_interfaces/zed_interfaces/msg/detail/skeleton2_d__rosidl_typesupport_fastrtps_cpp.hpp
[1.066s] -- Up-to-date symlink: /home/student/Desktop/workspace/install/zed_interfaces/include/zed_interfaces/zed_interfaces/msg/detail/skeleton3_d__rosidl_typesupport_fastrtps_cpp.hpp
[1.066s] -- Up-to-date symlink: /home/student/Desktop/workspace/install/zed_interfaces/include/zed_interfaces/zed_interfaces/msg/rosidl_typesupport_fastrtps_cpp__visibility_control.h
[1.066s] -- Up-to-date symlink: /home/student/Desktop/workspace/install/zed_interfaces/include/zed_interfaces/zed_interfaces/srv/detail/set_pose__rosidl_typesupport_fastrtps_cpp.hpp
[1.066s] -- Up-to-date symlink: /home/student/Desktop/workspace/install/zed_interfaces/include/zed_interfaces/zed_interfaces/srv/detail/set_roi__rosidl_typesupport_fastrtps_cpp.hpp
[1.066s] -- Up-to-date symlink: /home/student/Desktop/workspace/install/zed_interfaces/include/zed_interfaces/zed_interfaces/srv/detail/start_svo_rec__rosidl_typesupport_fastrtps_cpp.hpp
[1.066s] -- Up-to-date symlink: /home/student/Desktop/workspace/install/zed_interfaces/include/zed_interfaces/zed_interfaces/msg/detail/bounding_box2_df__rosidl_typesupport_introspection_c.h
[1.066s] -- Up-to-date symlink: /home/student/Desktop/workspace/install/zed_interfaces/include/zed_interfaces/zed_interfaces/msg/detail/bounding_box2_di__rosidl_typesupport_introspection_c.h
[1.067s] -- Up-to-date symlink: /home/student/Desktop/workspace/install/zed_interfaces/include/zed_interfaces/zed_interfaces/msg/detail/bounding_box3_d__rosidl_typesupport_introspection_c.h
[1.067s] -- Up-to-date symlink: /home/student/Desktop/workspace/install/zed_interfaces/include/zed_interfaces/zed_interfaces/msg/detail/depth_info_stamped__rosidl_typesupport_introspection_c.h
[1.067s] -- Up-to-date symlink: /home/student/Desktop/workspace/install/zed_interfaces/include/zed_interfaces/zed_interfaces/msg/detail/gnss_fusion_status__rosidl_typesupport_introspection_c.h
[1.067s] -- Up-to-date symlink: /home/student/Desktop/workspace/install/zed_interfaces/include/zed_interfaces/zed_interfaces/msg/detail/heartbeat__rosidl_typesupport_introspection_c.h
[1.067s] -- Up-to-date symlink: /home/student/Desktop/workspace/install/zed_interfaces/include/zed_interfaces/zed_interfaces/msg/detail/keypoint2_df__rosidl_typesupport_introspection_c.h
[1.067s] -- Up-to-date symlink: /home/student/Desktop/workspace/install/zed_interfaces/include/zed_interfaces/zed_interfaces/msg/detail/keypoint2_di__rosidl_typesupport_introspection_c.h
[1.067s] -- Up-to-date symlink: /home/student/Desktop/workspace/install/zed_interfaces/include/zed_interfaces/zed_interfaces/msg/detail/keypoint3_d__rosidl_typesupport_introspection_c.h
[1.067s] -- Up-to-date symlink: /home/student/Desktop/workspace/install/zed_interfaces/include/zed_interfaces/zed_interfaces/msg/detail/mag_heading_status__rosidl_typesupport_introspection_c.h
[1.067s] -- Up-to-date symlink: /home/student/Desktop/workspace/install/zed_interfaces/include/zed_interfaces/zed_interfaces/msg/detail/object__rosidl_typesupport_introspection_c.h
[1.067s] -- Up-to-date symlink: /home/student/Desktop/workspace/install/zed_interfaces/include/zed_interfaces/zed_interfaces/msg/detail/objects_stamped__rosidl_typesupport_introspection_c.h
[1.067s] -- Up-to-date symlink: /home/student/Desktop/workspace/install/zed_interfaces/include/zed_interfaces/zed_interfaces/msg/detail/plane_stamped__rosidl_typesupport_introspection_c.h
[1.068s] -- Up-to-date symlink: /home/student/Desktop/workspace/install/zed_interfaces/include/zed_interfaces/zed_interfaces/msg/detail/pos_track_status__rosidl_typesupport_introspection_c.h
[1.068s] -- Up-to-date symlink: /home/student/Desktop/workspace/install/zed_interfaces/include/zed_interfaces/zed_interfaces/msg/detail/skeleton2_d__rosidl_typesupport_introspection_c.h
[1.068s] -- Up-to-date symlink: /home/student/Desktop/workspace/install/zed_interfaces/include/zed_interfaces/zed_interfaces/msg/detail/skeleton3_d__rosidl_typesupport_introspection_c.h
[1.068s] -- Up-to-date symlink: /home/student/Desktop/workspace/install/zed_interfaces/include/zed_interfaces/zed_interfaces/msg/rosidl_typesupport_introspection_c__visibility_control.h
[1.068s] -- Up-to-date symlink: /home/student/Desktop/workspace/install/zed_interfaces/include/zed_interfaces/zed_interfaces/srv/detail/set_pose__rosidl_typesupport_introspection_c.h
[1.068s] -- Up-to-date symlink: /home/student/Desktop/workspace/install/zed_interfaces/include/zed_interfaces/zed_interfaces/srv/detail/set_roi__rosidl_typesupport_introspection_c.h
[1.068s] -- Up-to-date symlink: /home/student/Desktop/workspace/install/zed_interfaces/include/zed_interfaces/zed_interfaces/srv/detail/start_svo_rec__rosidl_typesupport_introspection_c.h
[1.068s] -- Up-to-date symlink: /home/student/Desktop/workspace/install/zed_interfaces/include/zed_interfaces/zed_interfaces/msg/detail/bounding_box2_df__rosidl_typesupport_introspection_cpp.hpp
[1.068s] -- Up-to-date symlink: /home/student/Desktop/workspace/install/zed_interfaces/include/zed_interfaces/zed_interfaces/msg/detail/bounding_box2_di__rosidl_typesupport_introspection_cpp.hpp
[1.068s] -- Up-to-date symlink: /home/student/Desktop/workspace/install/zed_interfaces/include/zed_interfaces/zed_interfaces/msg/detail/bounding_box3_d__rosidl_typesupport_introspection_cpp.hpp
[1.069s] -- Up-to-date symlink: /home/student/Desktop/workspace/install/zed_interfaces/include/zed_interfaces/zed_interfaces/msg/detail/depth_info_stamped__rosidl_typesupport_introspection_cpp.hpp
[1.069s] -- Up-to-date symlink: /home/student/Desktop/workspace/install/zed_interfaces/include/zed_interfaces/zed_interfaces/msg/detail/gnss_fusion_status__rosidl_typesupport_introspection_cpp.hpp
[1.069s] -- Up-to-date symlink: /home/student/Desktop/workspace/install/zed_interfaces/include/zed_interfaces/zed_interfaces/msg/detail/heartbeat__rosidl_typesupport_introspection_cpp.hpp
[1.069s] -- Up-to-date symlink: /home/student/Desktop/workspace/install/zed_interfaces/include/zed_interfaces/zed_interfaces/msg/detail/keypoint2_df__rosidl_typesupport_introspection_cpp.hpp
[1.069s] -- Up-to-date symlink: /home/student/Desktop/workspace/install/zed_interfaces/include/zed_interfaces/zed_interfaces/msg/detail/keypoint2_di__rosidl_typesupport_introspection_cpp.hpp
[1.069s] -- Up-to-date symlink: /home/student/Desktop/workspace/install/zed_interfaces/include/zed_interfaces/zed_interfaces/msg/detail/keypoint3_d__rosidl_typesupport_introspection_cpp.hpp
[1.069s] -- Up-to-date symlink: /home/student/Desktop/workspace/install/zed_interfaces/include/zed_interfaces/zed_interfaces/msg/detail/mag_heading_status__rosidl_typesupport_introspection_cpp.hpp
[1.069s] -- Up-to-date symlink: /home/student/Desktop/workspace/install/zed_interfaces/include/zed_interfaces/zed_interfaces/msg/detail/object__rosidl_typesupport_introspection_cpp.hpp
[1.069s] -- Up-to-date symlink: /home/student/Desktop/workspace/install/zed_interfaces/include/zed_interfaces/zed_interfaces/msg/detail/objects_stamped__rosidl_typesupport_introspection_cpp.hpp
[1.070s] -- Up-to-date symlink: /home/student/Desktop/workspace/install/zed_interfaces/include/zed_interfaces/zed_interfaces/msg/detail/plane_stamped__rosidl_typesupport_introspection_cpp.hpp
[1.070s] -- Up-to-date symlink: /home/student/Desktop/workspace/install/zed_interfaces/include/zed_interfaces/zed_interfaces/msg/detail/pos_track_status__rosidl_typesupport_introspection_cpp.hpp
[1.070s] -- Up-to-date symlink: /home/student/Desktop/workspace/install/zed_interfaces/include/zed_interfaces/zed_interfaces/msg/detail/skeleton2_d__rosidl_typesupport_introspection_cpp.hpp
[1.070s] -- Up-to-date symlink: /home/student/Desktop/workspace/install/zed_interfaces/include/zed_interfaces/zed_interfaces/msg/detail/skeleton3_d__rosidl_typesupport_introspection_cpp.hpp
[1.070s] -- Up-to-date symlink: /home/student/Desktop/workspace/install/zed_interfaces/include/zed_interfaces/zed_interfaces/srv/detail/set_pose__rosidl_typesupport_introspection_cpp.hpp
[1.070s] -- Up-to-date symlink: /home/student/Desktop/workspace/install/zed_interfaces/include/zed_interfaces/zed_interfaces/srv/detail/set_roi__rosidl_typesupport_introspection_cpp.hpp
[1.070s] -- Up-to-date symlink: /home/student/Desktop/workspace/install/zed_interfaces/include/zed_interfaces/zed_interfaces/srv/detail/start_svo_rec__rosidl_typesupport_introspection_cpp.hpp
[1.070s] -- Up-to-date symlink: /home/student/Desktop/workspace/install/zed_interfaces/share/zed_interfaces/environment/pythonpath.sh
[1.070s] -- Up-to-date symlink: /home/student/Desktop/workspace/install/zed_interfaces/share/zed_interfaces/environment/pythonpath.dsv
[1.070s] -- Up-to-date symlink: /home/student/Desktop/workspace/install/zed_interfaces/local/lib/python3.10/dist-packages/zed_interfaces-4.1.0-py3.10.egg-info/PKG-INFO
[1.070s] -- Up-to-date symlink: /home/student/Desktop/workspace/install/zed_interfaces/local/lib/python3.10/dist-packages/zed_interfaces-4.1.0-py3.10.egg-info/SOURCES.txt
[1.071s] -- Up-to-date symlink: /home/student/Desktop/workspace/install/zed_interfaces/local/lib/python3.10/dist-packages/zed_interfaces-4.1.0-py3.10.egg-info/dependency_links.txt
[1.071s] -- Up-to-date symlink: /home/student/Desktop/workspace/install/zed_interfaces/local/lib/python3.10/dist-packages/zed_interfaces-4.1.0-py3.10.egg-info/top_level.txt
[1.071s] -- Up-to-date symlink: /home/student/Desktop/workspace/install/zed_interfaces/local/lib/python3.10/dist-packages/zed_interfaces/__init__.py
[1.071s] -- Up-to-date symlink: /home/student/Desktop/workspace/install/zed_interfaces/local/lib/python3.10/dist-packages/zed_interfaces/_zed_interfaces_s.ep.rosidl_typesupport_c.c
[1.071s] -- Up-to-date symlink: /home/student/Desktop/workspace/install/zed_interfaces/local/lib/python3.10/dist-packages/zed_interfaces/_zed_interfaces_s.ep.rosidl_typesupport_fastrtps_c.c
[1.072s] -- Up-to-date symlink: /home/student/Desktop/workspace/install/zed_interfaces/local/lib/python3.10/dist-packages/zed_interfaces/_zed_interfaces_s.ep.rosidl_typesupport_introspection_c.c
[1.072s] -- Up-to-date symlink: /home/student/Desktop/workspace/install/zed_interfaces/local/lib/python3.10/dist-packages/zed_interfaces/libzed_interfaces__rosidl_generator_py.so
[1.072s] -- Up-to-date symlink: /home/student/Desktop/workspace/install/zed_interfaces/local/lib/python3.10/dist-packages/zed_interfaces/msg/__init__.py
[1.072s] -- Up-to-date symlink: /home/student/Desktop/workspace/install/zed_interfaces/local/lib/python3.10/dist-packages/zed_interfaces/msg/_bounding_box2_df.py
[1.072s] -- Up-to-date symlink: /home/student/Desktop/workspace/install/zed_interfaces/local/lib/python3.10/dist-packages/zed_interfaces/msg/_bounding_box2_df_s.c
[1.072s] -- Up-to-date symlink: /home/student/Desktop/workspace/install/zed_interfaces/local/lib/python3.10/dist-packages/zed_interfaces/msg/_bounding_box2_di.py
[1.072s] -- Up-to-date symlink: /home/student/Desktop/workspace/install/zed_interfaces/local/lib/python3.10/dist-packages/zed_interfaces/msg/_bounding_box2_di_s.c
[1.072s] -- Up-to-date symlink: /home/student/Desktop/workspace/install/zed_interfaces/local/lib/python3.10/dist-packages/zed_interfaces/msg/_bounding_box3_d.py
[1.072s] -- Up-to-date symlink: /home/student/Desktop/workspace/install/zed_interfaces/local/lib/python3.10/dist-packages/zed_interfaces/msg/_bounding_box3_d_s.c
[1.073s] -- Up-to-date symlink: /home/student/Desktop/workspace/install/zed_interfaces/local/lib/python3.10/dist-packages/zed_interfaces/msg/_depth_info_stamped.py
[1.073s] -- Up-to-date symlink: /home/student/Desktop/workspace/install/zed_interfaces/local/lib/python3.10/dist-packages/zed_interfaces/msg/_depth_info_stamped_s.c
[1.073s] -- Up-to-date symlink: /home/student/Desktop/workspace/install/zed_interfaces/local/lib/python3.10/dist-packages/zed_interfaces/msg/_gnss_fusion_status.py
[1.073s] -- Up-to-date symlink: /home/student/Desktop/workspace/install/zed_interfaces/local/lib/python3.10/dist-packages/zed_interfaces/msg/_gnss_fusion_status_s.c
[1.073s] -- Up-to-date symlink: /home/student/Desktop/workspace/install/zed_interfaces/local/lib/python3.10/dist-packages/zed_interfaces/msg/_heartbeat.py
[1.073s] -- Up-to-date symlink: /home/student/Desktop/workspace/install/zed_interfaces/local/lib/python3.10/dist-packages/zed_interfaces/msg/_heartbeat_s.c
[1.073s] -- Up-to-date symlink: /home/student/Desktop/workspace/install/zed_interfaces/local/lib/python3.10/dist-packages/zed_interfaces/msg/_keypoint2_df.py
[1.074s] -- Up-to-date symlink: /home/student/Desktop/workspace/install/zed_interfaces/local/lib/python3.10/dist-packages/zed_interfaces/msg/_keypoint2_df_s.c
[1.074s] -- Up-to-date symlink: /home/student/Desktop/workspace/install/zed_interfaces/local/lib/python3.10/dist-packages/zed_interfaces/msg/_keypoint2_di.py
[1.074s] -- Up-to-date symlink: /home/student/Desktop/workspace/install/zed_interfaces/local/lib/python3.10/dist-packages/zed_interfaces/msg/_keypoint2_di_s.c
[1.074s] -- Up-to-date symlink: /home/student/Desktop/workspace/install/zed_interfaces/local/lib/python3.10/dist-packages/zed_interfaces/msg/_keypoint3_d.py
[1.074s] -- Up-to-date symlink: /home/student/Desktop/workspace/install/zed_interfaces/local/lib/python3.10/dist-packages/zed_interfaces/msg/_keypoint3_d_s.c
[1.074s] -- Up-to-date symlink: /home/student/Desktop/workspace/install/zed_interfaces/local/lib/python3.10/dist-packages/zed_interfaces/msg/_mag_heading_status.py
[1.074s] -- Up-to-date symlink: /home/student/Desktop/workspace/install/zed_interfaces/local/lib/python3.10/dist-packages/zed_interfaces/msg/_mag_heading_status_s.c
[1.074s] -- Up-to-date symlink: /home/student/Desktop/workspace/install/zed_interfaces/local/lib/python3.10/dist-packages/zed_interfaces/msg/_object.py
[1.074s] -- Up-to-date symlink: /home/student/Desktop/workspace/install/zed_interfaces/local/lib/python3.10/dist-packages/zed_interfaces/msg/_object_s.c
[1.074s] -- Up-to-date symlink: /home/student/Desktop/workspace/install/zed_interfaces/local/lib/python3.10/dist-packages/zed_interfaces/msg/_objects_stamped.py
[1.075s] -- Up-to-date symlink: /home/student/Desktop/workspace/install/zed_interfaces/local/lib/python3.10/dist-packages/zed_interfaces/msg/_objects_stamped_s.c
[1.075s] -- Up-to-date symlink: /home/student/Desktop/workspace/install/zed_interfaces/local/lib/python3.10/dist-packages/zed_interfaces/msg/_plane_stamped.py
[1.075s] -- Up-to-date symlink: /home/student/Desktop/workspace/install/zed_interfaces/local/lib/python3.10/dist-packages/zed_interfaces/msg/_plane_stamped_s.c
[1.075s] -- Up-to-date symlink: /home/student/Desktop/workspace/install/zed_interfaces/local/lib/python3.10/dist-packages/zed_interfaces/msg/_pos_track_status.py
[1.075s] -- Up-to-date symlink: /home/student/Desktop/workspace/install/zed_interfaces/local/lib/python3.10/dist-packages/zed_interfaces/msg/_pos_track_status_s.c
[1.075s] -- Up-to-date symlink: /home/student/Desktop/workspace/install/zed_interfaces/local/lib/python3.10/dist-packages/zed_interfaces/msg/_skeleton2_d.py
[1.075s] -- Up-to-date symlink: /home/student/Desktop/workspace/install/zed_interfaces/local/lib/python3.10/dist-packages/zed_interfaces/msg/_skeleton2_d_s.c
[1.075s] -- Up-to-date symlink: /home/student/Desktop/workspace/install/zed_interfaces/local/lib/python3.10/dist-packages/zed_interfaces/msg/_skeleton3_d.py
[1.075s] -- Up-to-date symlink: /home/student/Desktop/workspace/install/zed_interfaces/local/lib/python3.10/dist-packages/zed_interfaces/msg/_skeleton3_d_s.c
[1.075s] -- Up-to-date symlink: /home/student/Desktop/workspace/install/zed_interfaces/local/lib/python3.10/dist-packages/zed_interfaces/srv/__init__.py
[1.076s] -- Up-to-date symlink: /home/student/Desktop/workspace/install/zed_interfaces/local/lib/python3.10/dist-packages/zed_interfaces/srv/_set_pose.py
[1.076s] -- Up-to-date symlink: /home/student/Desktop/workspace/install/zed_interfaces/local/lib/python3.10/dist-packages/zed_interfaces/srv/_set_pose_s.c
[1.076s] -- Up-to-date symlink: /home/student/Desktop/workspace/install/zed_interfaces/local/lib/python3.10/dist-packages/zed_interfaces/srv/_set_roi.py
[1.076s] -- Up-to-date symlink: /home/student/Desktop/workspace/install/zed_interfaces/local/lib/python3.10/dist-packages/zed_interfaces/srv/_set_roi_s.c
[1.076s] -- Up-to-date symlink: /home/student/Desktop/workspace/install/zed_interfaces/local/lib/python3.10/dist-packages/zed_interfaces/srv/_start_svo_rec.py
[1.076s] -- Up-to-date symlink: /home/student/Desktop/workspace/install/zed_interfaces/local/lib/python3.10/dist-packages/zed_interfaces/srv/_start_svo_rec_s.c
[1.076s] -- Up-to-date symlink: /home/student/Desktop/workspace/install/zed_interfaces/local/lib/python3.10/dist-packages/zed_interfaces/zed_interfaces_s__rosidl_typesupport_c.cpython-310-x86_64-linux-gnu.so
[1.076s] -- Up-to-date symlink: /home/student/Desktop/workspace/install/zed_interfaces/local/lib/python3.10/dist-packages/zed_interfaces/zed_interfaces_s__rosidl_typesupport_fastrtps_c.cpython-310-x86_64-linux-gnu.so
[1.076s] -- Up-to-date symlink: /home/student/Desktop/workspace/install/zed_interfaces/local/lib/python3.10/dist-packages/zed_interfaces/zed_interfaces_s__rosidl_typesupport_introspection_c.cpython-310-x86_64-linux-gnu.so
[1.077s] -- Up-to-date symlink: /home/student/Desktop/workspace/install/zed_interfaces/local/lib/python3.10/dist-packages/zed_interfaces/zed_interfaces_s__rosidl_typesupport_fastrtps_c.cpython-310-x86_64-linux-gnu.so
[1.077s] -- Up-to-date symlink: /home/student/Desktop/workspace/install/zed_interfaces/local/lib/python3.10/dist-packages/zed_interfaces/zed_interfaces_s__rosidl_typesupport_introspection_c.cpython-310-x86_64-linux-gnu.so
[1.077s] -- Up-to-date symlink: /home/student/Desktop/workspace/install/zed_interfaces/local/lib/python3.10/dist-packages/zed_interfaces/zed_interfaces_s__rosidl_typesupport_c.cpython-310-x86_64-linux-gnu.so
[1.077s] -- Up-to-date symlink: /home/student/Desktop/workspace/install/zed_interfaces/share/zed_interfaces/msg/Object.idl
[1.077s] -- Up-to-date symlink: /home/student/Desktop/workspace/install/zed_interfaces/share/zed_interfaces/msg/ObjectsStamped.idl
[1.077s] -- Up-to-date symlink: /home/student/Desktop/workspace/install/zed_interfaces/share/zed_interfaces/msg/Keypoint2Di.idl
[1.078s] -- Up-to-date symlink: /home/student/Desktop/workspace/install/zed_interfaces/share/zed_interfaces/msg/Keypoint2Df.idl
[1.078s] -- Up-to-date symlink: /home/student/Desktop/workspace/install/zed_interfaces/share/zed_interfaces/msg/Keypoint3D.idl
[1.078s] -- Up-to-date symlink: /home/student/Desktop/workspace/install/zed_interfaces/share/zed_interfaces/msg/BoundingBox2Di.idl
[1.078s] -- Up-to-date symlink: /home/student/Desktop/workspace/install/zed_interfaces/share/zed_interfaces/msg/BoundingBox2Df.idl
[1.078s] -- Up-to-date symlink: /home/student/Desktop/workspace/install/zed_interfaces/share/zed_interfaces/msg/BoundingBox3D.idl
[1.078s] -- Up-to-date symlink: /home/student/Desktop/workspace/install/zed_interfaces/share/zed_interfaces/msg/Skeleton2D.idl
[1.078s] -- Up-to-date symlink: /home/student/Desktop/workspace/install/zed_interfaces/share/zed_interfaces/msg/Skeleton3D.idl
[1.079s] -- Up-to-date symlink: /home/student/Desktop/workspace/install/zed_interfaces/share/zed_interfaces/msg/DepthInfoStamped.idl
[1.079s] -- Up-to-date symlink: /home/student/Desktop/workspace/install/zed_interfaces/share/zed_interfaces/msg/PlaneStamped.idl
[1.079s] -- Up-to-date symlink: /home/student/Desktop/workspace/install/zed_interfaces/share/zed_interfaces/msg/PosTrackStatus.idl
[1.079s] -- Up-to-date symlink: /home/student/Desktop/workspace/install/zed_interfaces/share/zed_interfaces/msg/GnssFusionStatus.idl
[1.079s] -- Up-to-date symlink: /home/student/Desktop/workspace/install/zed_interfaces/share/zed_interfaces/msg/Heartbeat.idl
[1.079s] -- Up-to-date symlink: /home/student/Desktop/workspace/install/zed_interfaces/share/zed_interfaces/msg/MagHeadingStatus.idl
[1.079s] -- Up-to-date symlink: /home/student/Desktop/workspace/install/zed_interfaces/share/zed_interfaces/srv/SetPose.idl
[1.080s] -- Up-to-date symlink: /home/student/Desktop/workspace/install/zed_interfaces/share/zed_interfaces/srv/StartSvoRec.idl
[1.080s] -- Up-to-date symlink: /home/student/Desktop/workspace/install/zed_interfaces/share/zed_interfaces/srv/SetROI.idl
[1.080s] -- Up-to-date symlink: /home/student/Desktop/workspace/install/zed_interfaces/share/zed_interfaces/msg/Object.msg
[1.080s] -- Up-to-date symlink: /home/student/Desktop/workspace/install/zed_interfaces/share/zed_interfaces/msg/ObjectsStamped.msg
[1.080s] -- Up-to-date symlink: /home/student/Desktop/workspace/install/zed_interfaces/share/zed_interfaces/msg/Keypoint2Di.msg
[1.081s] -- Up-to-date symlink: /home/student/Desktop/workspace/install/zed_interfaces/share/zed_interfaces/msg/Keypoint2Df.msg
[1.081s] -- Up-to-date symlink: /home/student/Desktop/workspace/install/zed_interfaces/share/zed_interfaces/msg/Keypoint3D.msg
[1.081s] -- Up-to-date symlink: /home/student/Desktop/workspace/install/zed_interfaces/share/zed_interfaces/msg/BoundingBox2Di.msg
[1.081s] -- Up-to-date symlink: /home/student/Desktop/workspace/install/zed_interfaces/share/zed_interfaces/msg/BoundingBox2Df.msg
[1.081s] -- Up-to-date symlink: /home/student/Desktop/workspace/install/zed_interfaces/share/zed_interfaces/msg/BoundingBox3D.msg
[1.081s] -- Up-to-date symlink: /home/student/Desktop/workspace/install/zed_interfaces/share/zed_interfaces/msg/Skeleton2D.msg
[1.082s] -- Up-to-date symlink: /home/student/Desktop/workspace/install/zed_interfaces/share/zed_interfaces/msg/Skeleton3D.msg
[1.082s] -- Up-to-date symlink: /home/student/Desktop/workspace/install/zed_interfaces/share/zed_interfaces/msg/DepthInfoStamped.msg
[1.082s] -- Up-to-date symlink: /home/student/Desktop/workspace/install/zed_interfaces/share/zed_interfaces/msg/PlaneStamped.msg
[1.082s] -- Up-to-date symlink: /home/student/Desktop/workspace/install/zed_interfaces/share/zed_interfaces/msg/PosTrackStatus.msg
[1.082s] -- Up-to-date symlink: /home/student/Desktop/workspace/install/zed_interfaces/share/zed_interfaces/msg/GnssFusionStatus.msg
[1.082s] -- Up-to-date symlink: /home/student/Desktop/workspace/install/zed_interfaces/share/zed_interfaces/msg/Heartbeat.msg
[1.082s] -- Up-to-date symlink: /home/student/Desktop/workspace/install/zed_interfaces/share/zed_interfaces/msg/MagHeadingStatus.msg
[1.083s] -- Up-to-date symlink: /home/student/Desktop/workspace/install/zed_interfaces/share/zed_interfaces/srv/SetPose.srv
[1.083s] -- Up-to-date symlink: /home/student/Desktop/workspace/install/zed_interfaces/share/zed_interfaces/srv/SetPose_Request.msg
[1.083s] -- Up-to-date symlink: /home/student/Desktop/workspace/install/zed_interfaces/share/zed_interfaces/srv/SetPose_Response.msg
[1.083s] -- Up-to-date symlink: /home/student/Desktop/workspace/install/zed_interfaces/share/zed_interfaces/srv/StartSvoRec.srv
[1.083s] -- Up-to-date symlink: /home/student/Desktop/workspace/install/zed_interfaces/share/zed_interfaces/srv/StartSvoRec_Request.msg
[1.084s] -- Up-to-date symlink: /home/student/Desktop/workspace/install/zed_interfaces/share/zed_interfaces/srv/StartSvoRec_Response.msg
[1.084s] -- Up-to-date symlink: /home/student/Desktop/workspace/install/zed_interfaces/share/zed_interfaces/srv/SetROI.srv
[1.084s] -- Up-to-date symlink: /home/student/Desktop/workspace/install/zed_interfaces/share/zed_interfaces/srv/SetROI_Request.msg
[1.084s] -- Up-to-date symlink: /home/student/Desktop/workspace/install/zed_interfaces/share/zed_interfaces/srv/SetROI_Response.msg
[1.084s] -- Up-to-date symlink: /home/student/Desktop/workspace/install/zed_interfaces/share/zed_interfaces/meshes/virtual.stl
[1.085s] -- Up-to-date symlink: /home/student/Desktop/workspace/install/zed_interfaces/share/zed_interfaces/meshes/zed.stl
[1.085s] -- Up-to-date symlink: /home/student/Desktop/workspace/install/zed_interfaces/share/zed_interfaces/meshes/zed2.stl
[1.085s] -- Up-to-date symlink: /home/student/Desktop/workspace/install/zed_interfaces/share/zed_interfaces/meshes/zed2i.stl
[1.085s] -- Up-to-date symlink: /home/student/Desktop/workspace/install/zed_interfaces/share/zed_interfaces/meshes/zedm.stl
[1.085s] -- Up-to-date symlink: /home/student/Desktop/workspace/install/zed_interfaces/share/zed_interfaces/meshes/zedx.stl
[1.086s] -- Up-to-date symlink: /home/student/Desktop/workspace/install/zed_interfaces/share/zed_interfaces/meshes/zedxm.stl
[1.086s] -- Up-to-date symlink: /home/student/Desktop/workspace/install/zed_interfaces/share/ament_index/resource_index/package_run_dependencies/zed_interfaces
[1.086s] -- Up-to-date symlink: /home/student/Desktop/workspace/install/zed_interfaces/share/ament_index/resource_index/parent_prefix_path/zed_interfaces
[1.086s] -- Up-to-date symlink: /home/student/Desktop/workspace/install/zed_interfaces/share/zed_interfaces/environment/ament_prefix_path.sh
[1.087s] -- Up-to-date symlink: /home/student/Desktop/workspace/install/zed_interfaces/share/zed_interfaces/environment/ament_prefix_path.dsv
[1.087s] -- Up-to-date symlink: /home/student/Desktop/workspace/install/zed_interfaces/share/zed_interfaces/environment/path.sh
[1.087s] -- Up-to-date symlink: /home/student/Desktop/workspace/install/zed_interfaces/share/zed_interfaces/environment/path.dsv
[1.087s] -- Up-to-date symlink: /home/student/Desktop/workspace/install/zed_interfaces/share/zed_interfaces/local_setup.bash
[1.088s] -- Up-to-date symlink: /home/student/Desktop/workspace/install/zed_interfaces/share/zed_interfaces/local_setup.sh
[1.088s] -- Up-to-date symlink: /home/student/Desktop/workspace/install/zed_interfaces/share/zed_interfaces/local_setup.zsh
[1.088s] -- Up-to-date symlink: /home/student/Desktop/workspace/install/zed_interfaces/share/zed_interfaces/local_setup.dsv
[1.088s] -- Symlinking: /home/student/Desktop/workspace/install/zed_interfaces/share/zed_interfaces/package.dsv
[1.100s] -- Up-to-date symlink: /home/student/Desktop/workspace/install/zed_interfaces/share/ament_index/resource_index/packages/zed_interfaces
[1.101s] -- Up-to-date symlink: /home/student/Desktop/workspace/install/zed_interfaces/share/zed_interfaces/cmake/rosidl_cmake-extras.cmake
[1.101s] -- Up-to-date symlink: /home/student/Desktop/workspace/install/zed_interfaces/share/zed_interfaces/cmake/ament_cmake_export_dependencies-extras.cmake
[1.101s] -- Up-to-date symlink: /home/student/Desktop/workspace/install/zed_interfaces/share/zed_interfaces/cmake/ament_cmake_export_include_directories-extras.cmake
[1.102s] -- Up-to-date symlink: /home/student/Desktop/workspace/install/zed_interfaces/share/zed_interfaces/cmake/ament_cmake_export_libraries-extras.cmake
[1.103s] -- Up-to-date symlink: /home/student/Desktop/workspace/install/zed_interfaces/share/zed_interfaces/cmake/ament_cmake_export_targets-extras.cmake
[1.103s] -- Up-to-date symlink: /home/student/Desktop/workspace/install/zed_interfaces/share/zed_interfaces/cmake/rosidl_cmake_export_typesupport_targets-extras.cmake
[1.103s] -- Up-to-date symlink: /home/student/Desktop/workspace/install/zed_interfaces/share/zed_interfaces/cmake/rosidl_cmake_export_typesupport_libraries-extras.cmake
[1.104s] -- Up-to-date symlink: /home/student/Desktop/workspace/install/zed_interfaces/share/zed_interfaces/cmake/zed_interfacesConfig.cmake
[1.104s] -- Up-to-date symlink: /home/student/Desktop/workspace/install/zed_interfaces/share/zed_interfaces/cmake/zed_interfacesConfig-version.cmake
[1.104s] -- Up-to-date symlink: /home/student/Desktop/workspace/install/zed_interfaces/share/zed_interfaces/package.xml
[1.104s] -- Up-to-date: /home/student/Desktop/workspace/install/zed_interfaces/lib/libzed_interfaces__rosidl_generator_c.so
[1.104s] -- Up-to-date: /home/student/Desktop/workspace/install/zed_interfaces/lib/libzed_interfaces__rosidl_typesupport_fastrtps_c.so
[1.105s] -- Up-to-date: /home/student/Desktop/workspace/install/zed_interfaces/lib/libzed_interfaces__rosidl_typesupport_fastrtps_cpp.so
[1.105s] -- Up-to-date: /home/student/Desktop/workspace/install/zed_interfaces/lib/libzed_interfaces__rosidl_typesupport_introspection_c.so
[1.105s] -- Up-to-date: /home/student/Desktop/workspace/install/zed_interfaces/lib/libzed_interfaces__rosidl_typesupport_c.so
[1.105s] -- Up-to-date: /home/student/Desktop/workspace/install/zed_interfaces/lib/libzed_interfaces__rosidl_typesupport_introspection_cpp.so
[1.105s] -- Up-to-date: /home/student/Desktop/workspace/install/zed_interfaces/lib/libzed_interfaces__rosidl_typesupport_cpp.so
[1.139s] Listing '/home/student/Desktop/workspace/install/zed_interfaces/local/lib/python3.10/dist-packages/zed_interfaces'...
[1.139s] Listing '/home/student/Desktop/workspace/install/zed_interfaces/local/lib/python3.10/dist-packages/zed_interfaces/msg'...
[1.139s] Listing '/home/student/Desktop/workspace/install/zed_interfaces/local/lib/python3.10/dist-packages/zed_interfaces/srv'...
[1.143s] -- Up-to-date: /home/student/Desktop/workspace/install/zed_interfaces/lib/libzed_interfaces__rosidl_generator_py.so
[1.143s] -- Up-to-date: /home/student/Desktop/workspace/install/zed_interfaces/share/zed_interfaces/cmake/export_zed_interfaces__rosidl_generator_cExport.cmake
[1.143s] -- Up-to-date: /home/student/Desktop/workspace/install/zed_interfaces/share/zed_interfaces/cmake/export_zed_interfaces__rosidl_generator_cExport-noconfig.cmake
[1.143s] -- Up-to-date: /home/student/Desktop/workspace/install/zed_interfaces/share/zed_interfaces/cmake/export_zed_interfaces__rosidl_typesupport_fastrtps_cExport.cmake
[1.143s] -- Up-to-date: /home/student/Desktop/workspace/install/zed_interfaces/share/zed_interfaces/cmake/export_zed_interfaces__rosidl_typesupport_fastrtps_cExport-noconfig.cmake
[1.143s] -- Up-to-date: /home/student/Desktop/workspace/install/zed_interfaces/share/zed_interfaces/cmake/export_zed_interfaces__rosidl_generator_cppExport.cmake
[1.144s] -- Up-to-date: /home/student/Desktop/workspace/install/zed_interfaces/share/zed_interfaces/cmake/export_zed_interfaces__rosidl_typesupport_fastrtps_cppExport.cmake
[1.144s] -- Up-to-date: /home/student/Desktop/workspace/install/zed_interfaces/share/zed_interfaces/cmake/export_zed_interfaces__rosidl_typesupport_fastrtps_cppExport-noconfig.cmake
[1.144s] -- Up-to-date: /home/student/Desktop/workspace/install/zed_interfaces/share/zed_interfaces/cmake/zed_interfaces__rosidl_typesupport_introspection_cExport.cmake
[1.144s] -- Up-to-date: /home/student/Desktop/workspace/install/zed_interfaces/share/zed_interfaces/cmake/zed_interfaces__rosidl_typesupport_introspection_cExport-noconfig.cmake
[1.144s] -- Up-to-date: /home/student/Desktop/workspace/install/zed_interfaces/share/zed_interfaces/cmake/zed_interfaces__rosidl_typesupport_cExport.cmake
[1.144s] -- Up-to-date: /home/student/Desktop/workspace/install/zed_interfaces/share/zed_interfaces/cmake/zed_interfaces__rosidl_typesupport_cExport-noconfig.cmake
[1.144s] -- Up-to-date: /home/student/Desktop/workspace/install/zed_interfaces/share/zed_interfaces/cmake/zed_interfaces__rosidl_typesupport_introspection_cppExport.cmake
[1.144s] -- Up-to-date: /home/student/Desktop/workspace/install/zed_interfaces/share/zed_interfaces/cmake/zed_interfaces__rosidl_typesupport_introspection_cppExport-noconfig.cmake
[1.144s] -- Up-to-date: /home/student/Desktop/workspace/install/zed_interfaces/share/zed_interfaces/cmake/zed_interfaces__rosidl_typesupport_cppExport.cmake
[1.145s] -- Up-to-date: /home/student/Desktop/workspace/install/zed_interfaces/share/zed_interfaces/cmake/zed_interfaces__rosidl_typesupport_cppExport-noconfig.cmake
[1.145s] -- Up-to-date: /home/student/Desktop/workspace/install/zed_interfaces/share/zed_interfaces/cmake/export_zed_interfaces__rosidl_generator_pyExport.cmake
[1.145s] -- Up-to-date: /home/student/Desktop/workspace/install/zed_interfaces/share/zed_interfaces/cmake/export_zed_interfaces__rosidl_generator_pyExport-noconfig.cmake
[1.146s] Invoked command in '/home/student/Desktop/workspace/build/zed_interfaces' returned '0': CMAKE_PREFIX_PATH=${CMAKE_PREFIX_PATH}:/home/student/Desktop/workspace/install/yolo_tracking:/home/student/Desktop/workspace/install/sensor_presentation:/home/student/Desktop/workspace/install/position_estimation:/home/student/Desktop/workspace/install/ouster_voxel_filter:/home/student/Desktop/workspace/install/navigation:/home/student/Desktop/workspace/install/main:/opt/ros/humble /usr/bin/cmake --install /home/student/Desktop/workspace/build/zed_interfaces
