[1.819s] Invoking command in '/home/student/Desktop/workspace/build/navigation': PYTHONPATH=/home/student/Desktop/workspace/build/navigation/prefix_override:/usr/lib/python3/dist-packages/colcon_core/task/python/colcon_distutils_commands:/home/student/Desktop/workspace/install/navigation/lib/python3.10/site-packages:${PYTHONPATH} /usr/bin/python3 -W ignore:setup.py install is deprecated setup.py develop --editable --build-directory /home/student/Desktop/workspace/build/navigation/build --no-deps symlink_data --force
[2.169s] running develop
[2.170s] /usr/lib/python3/dist-packages/setuptools/command/easy_install.py:158: EasyInstallDeprecationWarning: easy_install command is deprecated. Use build and pip and other standards-based tools.
[2.170s]   warnings.warn(
[2.508s] running egg_info
[2.509s] writing navigation.egg-info/PKG-INFO
[2.510s] writing dependency_links to navigation.egg-info/dependency_links.txt
[2.510s] writing entry points to navigation.egg-info/entry_points.txt
[2.510s] writing requirements to navigation.egg-info/requires.txt
[2.510s] writing top-level names to navigation.egg-info/top_level.txt
[2.513s] reading manifest file 'navigation.egg-info/SOURCES.txt'
[2.515s] writing manifest file 'navigation.egg-info/SOURCES.txt'
[2.586s] running build_ext
[2.586s] Creating /home/student/Desktop/workspace/install/navigation/lib/python3.10/site-packages/navigation.egg-link (link to .)
[2.587s] Installing nav2_node script to /home/student/Desktop/workspace/install/navigation/lib/navigation
[2.587s] 
[2.587s] Installed /home/student/Desktop/workspace/build/navigation
[2.588s] running symlink_data
[2.588s] symbolically linking /home/student/Desktop/workspace/build/navigation/resource/navigation -> /home/student/Desktop/workspace/install/navigation/share/ament_index/resource_index/packages
[2.588s] symbolically linking /home/student/Desktop/workspace/build/navigation/package.xml -> /home/student/Desktop/workspace/install/navigation/share/navigation
[2.588s] symbolically linking /home/student/Desktop/workspace/build/navigation/launch/nav2_launch.py -> /home/student/Desktop/workspace/install/navigation/share/navigation/launch
[2.635s] Invoked command in '/home/student/Desktop/workspace/build/navigation' returned '0': PYTHONPATH=/home/student/Desktop/workspace/build/navigation/prefix_override:/usr/lib/python3/dist-packages/colcon_core/task/python/colcon_distutils_commands:/home/student/Desktop/workspace/install/navigation/lib/python3.10/site-packages:${PYTHONPATH} /usr/bin/python3 -W ignore:setup.py install is deprecated setup.py develop --editable --build-directory /home/student/Desktop/workspace/build/navigation/build --no-deps symlink_data --force
