[0.746s] Invoking command in '/home/student/Desktop/workspace/build/main': PYTHONPATH=/home/student/Desktop/workspace/build/main/prefix_override:/usr/lib/python3/dist-packages/colcon_core/task/python/colcon_distutils_commands:/home/student/Desktop/workspace/install/main/lib/python3.10/site-packages:${PYTHONPATH} /usr/bin/python3 -W ignore:setup.py install is deprecated setup.py develop --editable --build-directory /home/student/Desktop/workspace/build/main/build --no-deps symlink_data
[1.043s] running develop
[1.044s] /usr/lib/python3/dist-packages/setuptools/command/easy_install.py:158: EasyInstallDeprecationWarning: easy_install command is deprecated. Use build and pip and other standards-based tools.
[1.044s]   warnings.warn(
[1.312s] running egg_info
[1.312s] creating main.egg-info
[1.312s] writing main.egg-info/PKG-INFO
[1.313s] writing dependency_links to main.egg-info/dependency_links.txt
[1.313s] writing entry points to main.egg-info/entry_points.txt
[1.313s] writing requirements to main.egg-info/requires.txt
[1.313s] writing top-level names to main.egg-info/top_level.txt
[1.314s] writing manifest file 'main.egg-info/SOURCES.txt'
[1.316s] reading manifest file 'main.egg-info/SOURCES.txt'
[1.316s] writing manifest file 'main.egg-info/SOURCES.txt'
[1.356s] running build_ext
[1.356s] Creating /home/student/Desktop/workspace/install/main/lib/python3.10/site-packages/main.egg-link (link to .)
[1.357s] Installing goal_publisher_node script to /home/student/Desktop/workspace/install/main/lib/main
[1.357s] Installing object_detection_node script to /home/student/Desktop/workspace/install/main/lib/main
[1.357s] Installing position_estimation_node script to /home/student/Desktop/workspace/install/main/lib/main
[1.358s] Installing sensor_presentation_node script to /home/student/Desktop/workspace/install/main/lib/main
[1.358s] 
[1.358s] Installed /home/student/Desktop/workspace/build/main
[1.358s] running symlink_data
[1.358s] creating /home/student/Desktop/workspace/install/main/share/ament_index
[1.358s] creating /home/student/Desktop/workspace/install/main/share/ament_index/resource_index
[1.358s] creating /home/student/Desktop/workspace/install/main/share/ament_index/resource_index/packages
[1.358s] symbolically linking /home/student/Desktop/workspace/build/main/resource/main -> /home/student/Desktop/workspace/install/main/share/ament_index/resource_index/packages
[1.358s] symbolically linking /home/student/Desktop/workspace/build/main/package.xml -> /home/student/Desktop/workspace/install/main/share/main
[1.358s] creating /home/student/Desktop/workspace/install/main/share/main/launch
[1.358s] symbolically linking /home/student/Desktop/workspace/build/main/launch/main_launch.py -> /home/student/Desktop/workspace/install/main/share/main/launch
[1.392s] Invoked command in '/home/student/Desktop/workspace/build/main' returned '0': PYTHONPATH=/home/student/Desktop/workspace/build/main/prefix_override:/usr/lib/python3/dist-packages/colcon_core/task/python/colcon_distutils_commands:/home/student/Desktop/workspace/install/main/lib/python3.10/site-packages:${PYTHONPATH} /usr/bin/python3 -W ignore:setup.py install is deprecated setup.py develop --editable --build-directory /home/student/Desktop/workspace/build/main/build --no-deps symlink_data
