[2.528s] Invoking command in '/home/student/Desktop/workspace/src/position_estimation': PYTHONPATH=/home/student/Desktop/workspace/build/position_estimation/prefix_override:/usr/lib/python3/dist-packages/colcon_core/task/python/colcon_distutils_commands:/home/student/Desktop/workspace/install/position_estimation/lib/python3.10/site-packages:${PYTHONPATH} /usr/bin/python3 -W ignore:setup.py install is deprecated setup.py egg_info --egg-base ../../build/position_estimation build --build-base /home/student/Desktop/workspace/build/position_estimation/build install --record /home/student/Desktop/workspace/build/position_estimation/install.log --single-version-externally-managed
[2.903s] running egg_info
[2.903s] writing ../../build/position_estimation/position_estimation.egg-info/PKG-INFO
[2.904s] writing dependency_links to ../../build/position_estimation/position_estimation.egg-info/dependency_links.txt
[2.904s] writing entry points to ../../build/position_estimation/position_estimation.egg-info/entry_points.txt
[2.904s] writing requirements to ../../build/position_estimation/position_estimation.egg-info/requires.txt
[2.904s] writing top-level names to ../../build/position_estimation/position_estimation.egg-info/top_level.txt
[2.907s] reading manifest file '../../build/position_estimation/position_estimation.egg-info/SOURCES.txt'
[2.908s] writing manifest file '../../build/position_estimation/position_estimation.egg-info/SOURCES.txt'
[2.908s] running build
[2.908s] running build_py
[2.908s] running install
[2.909s] running install_lib
[2.910s] running install_egg_info
[2.912s] removing '/home/student/Desktop/workspace/install/position_estimation/lib/python3.10/site-packages/position_estimation-0.0.1-py3.10.egg-info' (and everything under it)
[2.912s] Copying ../../build/position_estimation/position_estimation.egg-info to /home/student/Desktop/workspace/install/position_estimation/lib/python3.10/site-packages/position_estimation-0.0.1-py3.10.egg-info
[2.913s] running install_scripts
[2.934s] Installing position_estimation_node script to /home/student/Desktop/workspace/install/position_estimation/lib/position_estimation
[2.934s] writing list of installed files to '/home/student/Desktop/workspace/build/position_estimation/install.log'
[2.959s] Invoked command in '/home/student/Desktop/workspace/src/position_estimation' returned '0': PYTHONPATH=/home/student/Desktop/workspace/build/position_estimation/prefix_override:/usr/lib/python3/dist-packages/colcon_core/task/python/colcon_distutils_commands:/home/student/Desktop/workspace/install/position_estimation/lib/python3.10/site-packages:${PYTHONPATH} /usr/bin/python3 -W ignore:setup.py install is deprecated setup.py egg_info --egg-base ../../build/position_estimation build --build-base /home/student/Desktop/workspace/build/position_estimation/build install --record /home/student/Desktop/workspace/build/position_estimation/install.log --single-version-externally-managed
