[0.816s] Invoking command in '/home/student/Desktop/workspace/build/navigation': PYTHONPATH=/home/student/Desktop/workspace/build/navigation/prefix_override:/usr/lib/python3/dist-packages/colcon_core/task/python/colcon_distutils_commands:/home/student/Desktop/workspace/install/navigation/lib/python3.10/site-packages:${PYTHONPATH} /usr/bin/python3 -W ignore:setup.py install is deprecated setup.py develop --uninstall --editable --build-directory /home/student/Desktop/workspace/build/navigation/build
[1.116s] running develop
[1.116s] /usr/lib/python3/dist-packages/setuptools/command/easy_install.py:158: EasyInstallDeprecationWarning: easy_install command is deprecated. Use build and pip and other standards-based tools.
[1.116s]   warnings.warn(
[1.365s] Removing /home/student/Desktop/workspace/install/navigation/lib/python3.10/site-packages/navigation.egg-link (link to .)
[1.389s] Invoked command in '/home/student/Desktop/workspace/build/navigation' returned '0': PYTHONPATH=/home/student/Desktop/workspace/build/navigation/prefix_override:/usr/lib/python3/dist-packages/colcon_core/task/python/colcon_distutils_commands:/home/student/Desktop/workspace/install/navigation/lib/python3.10/site-packages:${PYTHONPATH} /usr/bin/python3 -W ignore:setup.py install is deprecated setup.py develop --uninstall --editable --build-directory /home/student/Desktop/workspace/build/navigation/build
[1.390s] Invoking command in '/home/student/Desktop/workspace/src/navigation': PYTHONPATH=/home/student/Desktop/workspace/build/navigation/prefix_override:/usr/lib/python3/dist-packages/colcon_core/task/python/colcon_distutils_commands:/home/student/Desktop/workspace/install/navigation/lib/python3.10/site-packages:${PYTHONPATH} /usr/bin/python3 -W ignore:setup.py install is deprecated setup.py egg_info --egg-base ../../build/navigation build --build-base /home/student/Desktop/workspace/build/navigation/build install --record /home/student/Desktop/workspace/build/navigation/install.log --single-version-externally-managed install_data --force
[1.684s] running egg_info
[1.686s] writing ../../build/navigation/navigation.egg-info/PKG-INFO
[1.686s] writing dependency_links to ../../build/navigation/navigation.egg-info/dependency_links.txt
[1.687s] writing entry points to ../../build/navigation/navigation.egg-info/entry_points.txt
[1.687s] writing requirements to ../../build/navigation/navigation.egg-info/requires.txt
[1.688s] writing top-level names to ../../build/navigation/navigation.egg-info/top_level.txt
[1.690s] reading manifest file '../../build/navigation/navigation.egg-info/SOURCES.txt'
[1.690s] writing manifest file '../../build/navigation/navigation.egg-info/SOURCES.txt'
[1.691s] running build
[1.691s] running build_py
[1.692s] creating /home/student/Desktop/workspace/build/navigation/build
[1.692s] creating /home/student/Desktop/workspace/build/navigation/build/lib
[1.692s] creating /home/student/Desktop/workspace/build/navigation/build/lib/navigation
[1.692s] copying navigation/__init__.py -> /home/student/Desktop/workspace/build/navigation/build/lib/navigation
[1.692s] running install
[1.692s] running install_lib
[1.694s] creating /home/student/Desktop/workspace/install/navigation/lib/python3.10/site-packages/navigation
[1.694s] copying /home/student/Desktop/workspace/build/navigation/build/lib/navigation/__init__.py -> /home/student/Desktop/workspace/install/navigation/lib/python3.10/site-packages/navigation
[1.694s] byte-compiling /home/student/Desktop/workspace/install/navigation/lib/python3.10/site-packages/navigation/__init__.py to __init__.cpython-310.pyc
[1.694s] running install_data
[1.695s] copying resource/navigation -> /home/student/Desktop/workspace/install/navigation/share/ament_index/resource_index/packages
[1.695s] copying package.xml -> /home/student/Desktop/workspace/install/navigation/share/navigation
[1.695s] copying launch/nav2_launch.py -> /home/student/Desktop/workspace/install/navigation/share/navigation/launch
[1.695s] running install_egg_info
[1.696s] Copying ../../build/navigation/navigation.egg-info to /home/student/Desktop/workspace/install/navigation/lib/python3.10/site-packages/navigation-0.0.0-py3.10.egg-info
[1.697s] running install_scripts
[1.717s] Installing nav2_node script to /home/student/Desktop/workspace/install/navigation/lib/navigation
[1.718s] Installing odom_publisher_node script to /home/student/Desktop/workspace/install/navigation/lib/navigation
[1.719s] writing list of installed files to '/home/student/Desktop/workspace/build/navigation/install.log'
[1.738s] Invoked command in '/home/student/Desktop/workspace/src/navigation' returned '0': PYTHONPATH=/home/student/Desktop/workspace/build/navigation/prefix_override:/usr/lib/python3/dist-packages/colcon_core/task/python/colcon_distutils_commands:/home/student/Desktop/workspace/install/navigation/lib/python3.10/site-packages:${PYTHONPATH} /usr/bin/python3 -W ignore:setup.py install is deprecated setup.py egg_info --egg-base ../../build/navigation build --build-base /home/student/Desktop/workspace/build/navigation/build install --record /home/student/Desktop/workspace/build/navigation/install.log --single-version-externally-managed install_data --force
