[0.655s] Invoking command in '/home/student/Desktop/workspace/build/odometry_publisher': CMAKE_PREFIX_PATH=${CMAKE_PREFIX_PATH}:/home/student/Desktop/workspace/install/yolo_tracking:/home/student/Desktop/workspace/install/sensor_presentation:/home/student/Desktop/workspace/install/position_estimation:/home/student/Desktop/workspace/install/navigation:/home/student/Desktop/workspace/install/main:/opt/ros/humble /home/student/.local/bin/cmake /home/student/Desktop/workspace/src/odometry_publisher -DAMENT_CMAKE_SYMLINK_INSTALL=1 -DCMAKE_INSTALL_PREFIX=/home/student/Desktop/workspace/install/odometry_publisher
[1.763s] -- The C compiler identification is GNU 11.4.0
[1.763s] -- The CXX compiler identification is GNU 11.4.0
[1.763s] -- Detecting C compiler ABI info
[1.763s] -- Detecting C compiler ABI info - done
[1.763s] -- Check for working C compiler: /usr/bin/cc - skipped
[1.763s] -- Detecting C compile features
[1.763s] -- Detecting C compile features - done
[1.763s] -- Detecting CXX compiler ABI info
[1.763s] -- Detecting CXX compiler ABI info - done
[1.763s] -- Check for working CXX compiler: /usr/bin/c++ - skipped
[1.763s] -- Detecting CXX compile features
[1.763s] -- Detecting CXX compile features - done
[1.763s] -- Found ament_cmake: 1.3.10 (/opt/ros/humble/share/ament_cmake/cmake)
[1.763s] -- Found Python3: /usr/bin/python3 (found version "3.10.12") found components: Interpreter 
[1.763s] -- Override CMake install command with custom implementation using symlinks instead of copying resources
[1.764s] -- Found rclcpp: 16.0.10 (/opt/ros/humble/share/rclcpp/cmake)
[1.764s] -- Found rosidl_generator_c: 3.1.5 (/opt/ros/humble/share/rosidl_generator_c/cmake)
[1.764s] -- Found rosidl_adapter: 3.1.5 (/opt/ros/humble/share/rosidl_adapter/cmake)
[1.764s] -- Found rosidl_generator_cpp: 3.1.5 (/opt/ros/humble/share/rosidl_generator_cpp/cmake)
[1.764s] -- Using all available rosidl_typesupport_c: rosidl_typesupport_fastrtps_c;rosidl_typesupport_introspection_c
[1.764s] -- Using all available rosidl_typesupport_cpp: rosidl_typesupport_fastrtps_cpp;rosidl_typesupport_introspection_cpp
[1.764s] -- Found rmw_implementation_cmake: 6.1.2 (/opt/ros/humble/share/rmw_implementation_cmake/cmake)
[1.764s] -- Found rmw_fastrtps_cpp: 6.2.7 (/opt/ros/humble/share/rmw_fastrtps_cpp/cmake)
[1.764s] -- Found OpenSSL: /usr/lib/x86_64-linux-gnu/libcrypto.so (found version "3.0.2")  
[1.764s] -- Found FastRTPS: /opt/ros/humble/include  
[1.764s] -- Using RMW implementation 'rmw_fastrtps_cpp' as default
[1.764s] -- Performing Test CMAKE_HAVE_LIBC_PTHREAD
[1.764s] -- Performing Test CMAKE_HAVE_LIBC_PTHREAD - Success
[1.764s] -- Found Threads: TRUE  
[1.852s] -- Found nav_msgs: 4.2.4 (/opt/ros/humble/share/nav_msgs/cmake)
[1.898s] -- Found tf2: 0.25.8 (/opt/ros/humble/share/tf2/cmake)
[1.918s] -- Found ament_lint_auto: 0.12.11 (/opt/ros/humble/share/ament_lint_auto/cmake)
[2.014s] -- Added test 'cppcheck' to perform static code analysis on C / C++ code
[2.014s] -- Configured cppcheck include dirs: /home/student/Desktop/workspace/src/odometry_publisher/include
[2.014s] -- Configured cppcheck exclude dirs and/or files: 
[2.015s] -- Added test 'lint_cmake' to check CMake code style
[2.017s] -- Added test 'uncrustify' to check C / C++ code style
[2.017s] -- Configured uncrustify additional arguments: 
[2.018s] -- Added test 'xmllint' to check XML markup files
[2.020s] -- Configuring done (1.3s)
[2.030s] -- Generating done (0.0s)
[2.031s] -- Build files have been written to: /home/student/Desktop/workspace/build/odometry_publisher
[2.077s] Invoked command in '/home/student/Desktop/workspace/build/odometry_publisher' returned '0': CMAKE_PREFIX_PATH=${CMAKE_PREFIX_PATH}:/home/student/Desktop/workspace/install/yolo_tracking:/home/student/Desktop/workspace/install/sensor_presentation:/home/student/Desktop/workspace/install/position_estimation:/home/student/Desktop/workspace/install/navigation:/home/student/Desktop/workspace/install/main:/opt/ros/humble /home/student/.local/bin/cmake /home/student/Desktop/workspace/src/odometry_publisher -DAMENT_CMAKE_SYMLINK_INSTALL=1 -DCMAKE_INSTALL_PREFIX=/home/student/Desktop/workspace/install/odometry_publisher
[2.079s] Invoking command in '/home/student/Desktop/workspace/build/odometry_publisher': CMAKE_PREFIX_PATH=${CMAKE_PREFIX_PATH}:/home/student/Desktop/workspace/install/yolo_tracking:/home/student/Desktop/workspace/install/sensor_presentation:/home/student/Desktop/workspace/install/position_estimation:/home/student/Desktop/workspace/install/navigation:/home/student/Desktop/workspace/install/main:/opt/ros/humble /home/student/.local/bin/cmake --build /home/student/Desktop/workspace/build/odometry_publisher -- -j16 -l16
[2.155s] [ 50%] [32mBuilding CXX object CMakeFiles/odom_publisher_node.dir/src/odom_publisher_node.cpp.o[0m
[9.371s] [100%] [32m[1mLinking CXX executable odom_publisher_node[0m
[9.882s] [100%] Built target odom_publisher_node
[9.911s] Invoked command in '/home/student/Desktop/workspace/build/odometry_publisher' returned '0': CMAKE_PREFIX_PATH=${CMAKE_PREFIX_PATH}:/home/student/Desktop/workspace/install/yolo_tracking:/home/student/Desktop/workspace/install/sensor_presentation:/home/student/Desktop/workspace/install/position_estimation:/home/student/Desktop/workspace/install/navigation:/home/student/Desktop/workspace/install/main:/opt/ros/humble /home/student/.local/bin/cmake --build /home/student/Desktop/workspace/build/odometry_publisher -- -j16 -l16
[10.082s] Invoking command in '/home/student/Desktop/workspace/build/odometry_publisher': CMAKE_PREFIX_PATH=${CMAKE_PREFIX_PATH}:/home/student/Desktop/workspace/install/yolo_tracking:/home/student/Desktop/workspace/install/sensor_presentation:/home/student/Desktop/workspace/install/position_estimation:/home/student/Desktop/workspace/install/navigation:/home/student/Desktop/workspace/install/main:/opt/ros/humble /home/student/.local/bin/cmake --install /home/student/Desktop/workspace/build/odometry_publisher
[10.150s] -- Install configuration: ""
[10.150s] -- Execute custom install script
[10.151s] -- Symlinking: /home/student/Desktop/workspace/install/odometry_publisher/lib/odometry_publisher/odom_publisher_node
[10.162s] -- Symlinking: /home/student/Desktop/workspace/install/odometry_publisher/share/ament_index/resource_index/package_run_dependencies/odometry_publisher
[10.168s] -- Symlinking: /home/student/Desktop/workspace/install/odometry_publisher/share/ament_index/resource_index/parent_prefix_path/odometry_publisher
[10.183s] -- Symlinking: /home/student/Desktop/workspace/install/odometry_publisher/share/odometry_publisher/environment/ament_prefix_path.sh
[10.198s] -- Symlinking: /home/student/Desktop/workspace/install/odometry_publisher/share/odometry_publisher/environment/ament_prefix_path.dsv
[10.217s] -- Symlinking: /home/student/Desktop/workspace/install/odometry_publisher/share/odometry_publisher/environment/path.sh
[10.240s] -- Symlinking: /home/student/Desktop/workspace/install/odometry_publisher/share/odometry_publisher/environment/path.dsv
[10.260s] -- Symlinking: /home/student/Desktop/workspace/install/odometry_publisher/share/odometry_publisher/local_setup.bash
[10.274s] -- Symlinking: /home/student/Desktop/workspace/install/odometry_publisher/share/odometry_publisher/local_setup.sh
[10.291s] -- Symlinking: /home/student/Desktop/workspace/install/odometry_publisher/share/odometry_publisher/local_setup.zsh
[10.304s] -- Symlinking: /home/student/Desktop/workspace/install/odometry_publisher/share/odometry_publisher/local_setup.dsv
[10.328s] -- Symlinking: /home/student/Desktop/workspace/install/odometry_publisher/share/odometry_publisher/package.dsv
[10.349s] -- Symlinking: /home/student/Desktop/workspace/install/odometry_publisher/share/ament_index/resource_index/packages/odometry_publisher
[10.362s] -- Symlinking: /home/student/Desktop/workspace/install/odometry_publisher/share/odometry_publisher/cmake/odometry_publisherConfig.cmake
[10.371s] -- Symlinking: /home/student/Desktop/workspace/install/odometry_publisher/share/odometry_publisher/cmake/odometry_publisherConfig-version.cmake
[10.383s] -- Symlinking: /home/student/Desktop/workspace/install/odometry_publisher/share/odometry_publisher/package.xml
[10.399s] Invoked command in '/home/student/Desktop/workspace/build/odometry_publisher' returned '0': CMAKE_PREFIX_PATH=${CMAKE_PREFIX_PATH}:/home/student/Desktop/workspace/install/yolo_tracking:/home/student/Desktop/workspace/install/sensor_presentation:/home/student/Desktop/workspace/install/position_estimation:/home/student/Desktop/workspace/install/navigation:/home/student/Desktop/workspace/install/main:/opt/ros/humble /home/student/.local/bin/cmake --install /home/student/Desktop/workspace/build/odometry_publisher
