[0.069s] Invoking command in '/home/student/Desktop/workspace/build/ouster_sensor_msgs': CMAKE_PREFIX_PATH=${CMAKE_PREFIX_PATH}:/home/student/Desktop/workspace/install/yolo_tracking:/home/student/Desktop/workspace/install/sensor_presentation:/home/student/Desktop/workspace/install/position_estimation:/home/student/Desktop/workspace/install/navigation:/home/student/Desktop/workspace/install/main:/opt/ros/humble /home/student/.local/bin/cmake /home/student/Desktop/workspace/src/ouster-ros/ouster-sensor-msgs -DAMENT_CMAKE_SYMLINK_INSTALL=1 -DCMAKE_INSTALL_PREFIX=/home/student/Desktop/workspace/install/ouster_sensor_msgs
[1.787s] -- The C compiler identification is GNU 11.4.0
[1.787s] -- The CXX compiler identification is GNU 11.4.0
[1.787s] -- Detecting C compiler ABI info
[1.787s] -- Detecting C compiler ABI info - done
[1.787s] -- Check for working C compiler: /usr/bin/cc - skipped
[1.787s] -- Detecting C compile features
[1.787s] -- Detecting C compile features - done
[1.787s] -- Detecting CXX compiler ABI info
[1.787s] -- Detecting CXX compiler ABI info - done
[1.787s] -- Check for working CXX compiler: /usr/bin/c++ - skipped
[1.787s] -- Detecting CXX compile features
[1.787s] -- Detecting CXX compile features - done
[1.787s] -- Found ament_cmake: 1.3.10 (/opt/ros/humble/share/ament_cmake/cmake)
[1.788s] -- Found Python3: /usr/bin/python3 (found version "3.10.12") found components: Interpreter 
[1.788s] -- Override CMake install command with custom implementation using symlinks instead of copying resources
[1.788s] -- Found std_msgs: 4.2.4 (/opt/ros/humble/share/std_msgs/cmake)
[1.788s] -- Found rosidl_generator_c: 3.1.5 (/opt/ros/humble/share/rosidl_generator_c/cmake)
[1.788s] -- Found rosidl_adapter: 3.1.5 (/opt/ros/humble/share/rosidl_adapter/cmake)
[1.788s] -- Found rosidl_generator_cpp: 3.1.5 (/opt/ros/humble/share/rosidl_generator_cpp/cmake)
[1.788s] -- Using all available rosidl_typesupport_c: rosidl_typesupport_fastrtps_c;rosidl_typesupport_introspection_c
[1.788s] -- Using all available rosidl_typesupport_cpp: rosidl_typesupport_fastrtps_cpp;rosidl_typesupport_introspection_cpp
[1.788s] -- Found rosidl_default_generators: 1.2.0 (/opt/ros/humble/share/rosidl_default_generators/cmake)
[1.788s] -- Found ament_cmake_ros: 0.10.0 (/opt/ros/humble/share/ament_cmake_ros/cmake)
[1.788s] -- Using all available rosidl_typesupport_c: rosidl_typesupport_fastrtps_c;rosidl_typesupport_introspection_c
[1.788s] -- Using all available rosidl_typesupport_cpp: rosidl_typesupport_fastrtps_cpp;rosidl_typesupport_introspection_cpp
[1.788s] -- Found PythonInterp: /usr/bin/python3 (found suitable version "3.10.12", minimum required is "3.6") 
[1.788s] -- Found python_cmake_module: 0.10.0 (/opt/ros/humble/share/python_cmake_module/cmake)
[1.788s] -- Found PythonLibs: /usr/lib/x86_64-linux-gnu/libpython3.10.so (found suitable version "3.10.12", minimum required is "3.5") 
[1.788s] -- Using PYTHON_EXECUTABLE: /usr/bin/python3
[1.788s] -- Using PYTHON_INCLUDE_DIRS: /usr/include/python3.10
[1.788s] -- Using PYTHON_LIBRARIES: /usr/lib/x86_64-linux-gnu/libpython3.10.so
[1.789s] -- Found PythonExtra: .so  
[1.789s] -- Configuring done (1.6s)
[1.789s] -- Generating done (0.0s)
[1.789s] -- Build files have been written to: /home/student/Desktop/workspace/build/ouster_sensor_msgs
[2.089s] Invoked command in '/home/student/Desktop/workspace/build/ouster_sensor_msgs' returned '0': CMAKE_PREFIX_PATH=${CMAKE_PREFIX_PATH}:/home/student/Desktop/workspace/install/yolo_tracking:/home/student/Desktop/workspace/install/sensor_presentation:/home/student/Desktop/workspace/install/position_estimation:/home/student/Desktop/workspace/install/navigation:/home/student/Desktop/workspace/install/main:/opt/ros/humble /home/student/.local/bin/cmake /home/student/Desktop/workspace/src/ouster-ros/ouster-sensor-msgs -DAMENT_CMAKE_SYMLINK_INSTALL=1 -DCMAKE_INSTALL_PREFIX=/home/student/Desktop/workspace/install/ouster_sensor_msgs
[2.091s] Invoking command in '/home/student/Desktop/workspace/build/ouster_sensor_msgs': CMAKE_PREFIX_PATH=${CMAKE_PREFIX_PATH}:/home/student/Desktop/workspace/install/yolo_tracking:/home/student/Desktop/workspace/install/sensor_presentation:/home/student/Desktop/workspace/install/position_estimation:/home/student/Desktop/workspace/install/navigation:/home/student/Desktop/workspace/install/main:/opt/ros/humble /home/student/.local/bin/cmake --build /home/student/Desktop/workspace/build/ouster_sensor_msgs -- -j16 -l16
[2.141s] [  1%] [34m[1mGenerating C code for ROS interfaces[0m
[2.149s] [  3%] [34m[1mGenerating C++ code for ROS interfaces[0m
[2.150s] [  3%] Built target ament_cmake_python_symlink_ouster_sensor_msgs
[2.657s] running egg_info
[2.658s] creating ouster_sensor_msgs.egg-info
[2.659s] writing ouster_sensor_msgs.egg-info/PKG-INFO
[2.662s] writing dependency_links to ouster_sensor_msgs.egg-info/dependency_links.txt
[2.662s] writing top-level names to ouster_sensor_msgs.egg-info/top_level.txt
[2.663s] writing manifest file 'ouster_sensor_msgs.egg-info/SOURCES.txt'
[2.667s] reading manifest file 'ouster_sensor_msgs.egg-info/SOURCES.txt'
[2.667s] writing manifest file 'ouster_sensor_msgs.egg-info/SOURCES.txt'
[2.706s] [  3%] Built target ament_cmake_python_build_ouster_sensor_msgs_egg
[3.001s] [  3%] Built target ouster_sensor_msgs__cpp
[3.009s] [  5%] [34m[1mGenerating C++ type support for eProsima Fast-RTPS[0m
[3.015s] [  9%] [34m[1mGenerating C++ type support dispatch for ROS interfaces[0m
[3.015s] [  9%] [34m[1mGenerating C++ introspection for ROS interfaces[0m
[3.035s] [ 10%] [32mBuilding C object CMakeFiles/ouster_sensor_msgs__rosidl_generator_c.dir/rosidl_generator_c/ouster_sensor_msgs/srv/detail/get_metadata__functions.c.o[0m
[3.047s] [ 12%] [32mBuilding C object CMakeFiles/ouster_sensor_msgs__rosidl_generator_c.dir/rosidl_generator_c/ouster_sensor_msgs/srv/detail/set_config__functions.c.o[0m
[3.052s] [ 14%] [32mBuilding C object CMakeFiles/ouster_sensor_msgs__rosidl_generator_c.dir/rosidl_generator_c/ouster_sensor_msgs/srv/detail/get_config__functions.c.o[0m
[3.058s] [ 16%] [32mBuilding C object CMakeFiles/ouster_sensor_msgs__rosidl_generator_c.dir/rosidl_generator_c/ouster_sensor_msgs/msg/detail/packet_msg__functions.c.o[0m
[3.180s] [ 18%] [32m[1mLinking C shared library libouster_sensor_msgs__rosidl_generator_c.so[0m
[3.215s] [ 18%] Built target ouster_sensor_msgs__rosidl_generator_c
[3.227s] [ 20%] [34m[1mGenerating C type support for eProsima Fast-RTPS[0m
[3.252s] [ 21%] [34m[1mGenerating C introspection for ROS interfaces[0m
[3.288s] [ 23%] [34m[1mGenerating C type support dispatch for ROS interfaces[0m
[3.803s] [ 25%] [32mBuilding CXX object CMakeFiles/ouster_sensor_msgs__rosidl_typesupport_introspection_cpp.dir/rosidl_typesupport_introspection_cpp/ouster_sensor_msgs/msg/detail/packet_msg__type_support.cpp.o[0m
[3.818s] [ 27%] [32mBuilding CXX object CMakeFiles/ouster_sensor_msgs__rosidl_typesupport_introspection_cpp.dir/rosidl_typesupport_introspection_cpp/ouster_sensor_msgs/srv/detail/get_config__type_support.cpp.o[0m
[3.844s] [ 29%] [32mBuilding CXX object CMakeFiles/ouster_sensor_msgs__rosidl_typesupport_introspection_cpp.dir/rosidl_typesupport_introspection_cpp/ouster_sensor_msgs/srv/detail/set_config__type_support.cpp.o[0m
[3.887s] [ 30%] [32mBuilding CXX object CMakeFiles/ouster_sensor_msgs__rosidl_typesupport_introspection_cpp.dir/rosidl_typesupport_introspection_cpp/ouster_sensor_msgs/srv/detail/get_metadata__type_support.cpp.o[0m
[3.901s] [ 32%] [32mBuilding CXX object CMakeFiles/ouster_sensor_msgs__rosidl_typesupport_cpp.dir/rosidl_typesupport_cpp/ouster_sensor_msgs/msg/packet_msg__type_support.cpp.o[0m
[3.919s] [ 34%] [32mBuilding CXX object CMakeFiles/ouster_sensor_msgs__rosidl_typesupport_cpp.dir/rosidl_typesupport_cpp/ouster_sensor_msgs/srv/set_config__type_support.cpp.o[0m
[3.932s] [ 38%] [32mBuilding CXX object CMakeFiles/ouster_sensor_msgs__rosidl_typesupport_cpp.dir/rosidl_typesupport_cpp/ouster_sensor_msgs/srv/get_metadata__type_support.cpp.o[0m
[3.932s] [ 38%] [32mBuilding CXX object CMakeFiles/ouster_sensor_msgs__rosidl_typesupport_cpp.dir/rosidl_typesupport_cpp/ouster_sensor_msgs/srv/get_config__type_support.cpp.o[0m
[4.252s] [ 40%] [32mBuilding CXX object CMakeFiles/ouster_sensor_msgs__rosidl_typesupport_c.dir/rosidl_typesupport_c/ouster_sensor_msgs/msg/packet_msg__type_support.cpp.o[0m
[4.280s] [ 41%] [32mBuilding CXX object CMakeFiles/ouster_sensor_msgs__rosidl_typesupport_c.dir/rosidl_typesupport_c/ouster_sensor_msgs/srv/get_config__type_support.cpp.o[0m
[4.289s] [ 43%] [32mBuilding CXX object CMakeFiles/ouster_sensor_msgs__rosidl_typesupport_c.dir/rosidl_typesupport_c/ouster_sensor_msgs/srv/set_config__type_support.cpp.o[0m
[4.311s] [ 45%] [32mBuilding CXX object CMakeFiles/ouster_sensor_msgs__rosidl_typesupport_fastrtps_c.dir/rosidl_typesupport_fastrtps_c/ouster_sensor_msgs/msg/detail/packet_msg__type_support_c.cpp.o[0m
[4.345s] [ 47%] [32mBuilding CXX object CMakeFiles/ouster_sensor_msgs__rosidl_typesupport_fastrtps_c.dir/rosidl_typesupport_fastrtps_c/ouster_sensor_msgs/srv/detail/get_config__type_support_c.cpp.o[0m
[4.366s] [ 49%] [32mBuilding CXX object CMakeFiles/ouster_sensor_msgs__rosidl_typesupport_c.dir/rosidl_typesupport_c/ouster_sensor_msgs/srv/get_metadata__type_support.cpp.o[0m
[4.414s] [ 50%] [32mBuilding CXX object CMakeFiles/ouster_sensor_msgs__rosidl_typesupport_fastrtps_cpp.dir/rosidl_typesupport_fastrtps_cpp/ouster_sensor_msgs/msg/detail/dds_fastrtps/packet_msg__type_support.cpp.o[0m
[4.431s] [ 52%] [32mBuilding CXX object CMakeFiles/ouster_sensor_msgs__rosidl_typesupport_fastrtps_cpp.dir/rosidl_typesupport_fastrtps_cpp/ouster_sensor_msgs/srv/detail/dds_fastrtps/get_config__type_support.cpp.o[0m
[4.462s] [ 54%] [32mBuilding CXX object CMakeFiles/ouster_sensor_msgs__rosidl_typesupport_fastrtps_cpp.dir/rosidl_typesupport_fastrtps_cpp/ouster_sensor_msgs/srv/detail/dds_fastrtps/set_config__type_support.cpp.o[0m
[4.465s] [ 56%] [32mBuilding CXX object CMakeFiles/ouster_sensor_msgs__rosidl_typesupport_fastrtps_c.dir/rosidl_typesupport_fastrtps_c/ouster_sensor_msgs/srv/detail/set_config__type_support_c.cpp.o[0m
[4.525s] [ 58%] [32m[1mLinking CXX shared library libouster_sensor_msgs__rosidl_typesupport_c.so[0m
[4.638s] [ 60%] [32mBuilding CXX object CMakeFiles/ouster_sensor_msgs__rosidl_typesupport_fastrtps_cpp.dir/rosidl_typesupport_fastrtps_cpp/ouster_sensor_msgs/srv/detail/dds_fastrtps/get_metadata__type_support.cpp.o[0m
[4.728s] [ 61%] [32mBuilding CXX object CMakeFiles/ouster_sensor_msgs__rosidl_typesupport_fastrtps_c.dir/rosidl_typesupport_fastrtps_c/ouster_sensor_msgs/srv/detail/get_metadata__type_support_c.cpp.o[0m
[4.769s] [ 61%] Built target ouster_sensor_msgs__rosidl_typesupport_c
[4.992s] [ 63%] [32m[1mLinking CXX shared library libouster_sensor_msgs__rosidl_typesupport_cpp.so[0m
[5.038s] [ 65%] [32mBuilding C object CMakeFiles/ouster_sensor_msgs__rosidl_typesupport_introspection_c.dir/rosidl_typesupport_introspection_c/ouster_sensor_msgs/msg/detail/packet_msg__type_support.c.o[0m
[5.061s] [ 67%] [32mBuilding C object CMakeFiles/ouster_sensor_msgs__rosidl_typesupport_introspection_c.dir/rosidl_typesupport_introspection_c/ouster_sensor_msgs/srv/detail/set_config__type_support.c.o[0m
[5.062s] [ 69%] [32mBuilding C object CMakeFiles/ouster_sensor_msgs__rosidl_typesupport_introspection_c.dir/rosidl_typesupport_introspection_c/ouster_sensor_msgs/srv/detail/get_config__type_support.c.o[0m
[5.116s] [ 70%] [32mBuilding C object CMakeFiles/ouster_sensor_msgs__rosidl_typesupport_introspection_c.dir/rosidl_typesupport_introspection_c/ouster_sensor_msgs/srv/detail/get_metadata__type_support.c.o[0m
[5.169s] [ 70%] Built target ouster_sensor_msgs__rosidl_typesupport_cpp
[5.242s] [ 72%] [32m[1mLinking C shared library libouster_sensor_msgs__rosidl_typesupport_introspection_c.so[0m
[5.257s] [ 74%] [32m[1mLinking CXX shared library libouster_sensor_msgs__rosidl_typesupport_introspection_cpp.so[0m
[5.309s] [ 74%] Built target ouster_sensor_msgs__rosidl_typesupport_introspection_c
[5.437s] [ 74%] Built target ouster_sensor_msgs__rosidl_typesupport_introspection_cpp
[5.638s] [ 76%] [32m[1mLinking CXX shared library libouster_sensor_msgs__rosidl_typesupport_fastrtps_c.so[0m
[5.780s] [ 76%] Built target ouster_sensor_msgs__rosidl_typesupport_fastrtps_c
[5.805s] [ 78%] [32m[1mLinking CXX shared library libouster_sensor_msgs__rosidl_typesupport_fastrtps_cpp.so[0m
[5.882s] [ 78%] Built target ouster_sensor_msgs__rosidl_typesupport_fastrtps_cpp
[5.893s] [ 78%] Built target ouster_sensor_msgs
[5.906s] [ 80%] [34m[1mGenerating Python code for ROS interfaces[0m
[6.960s] [ 80%] Built target ouster_sensor_msgs__py
[6.978s] [ 85%] [32mBuilding C object CMakeFiles/ouster_sensor_msgs__rosidl_generator_py.dir/rosidl_generator_py/ouster_sensor_msgs/srv/_get_config_s.c.o[0m
[6.978s] [ 85%] [32mBuilding C object CMakeFiles/ouster_sensor_msgs__rosidl_generator_py.dir/rosidl_generator_py/ouster_sensor_msgs/srv/_set_config_s.c.o[0m
[6.978s] [ 85%] [32mBuilding C object CMakeFiles/ouster_sensor_msgs__rosidl_generator_py.dir/rosidl_generator_py/ouster_sensor_msgs/msg/_packet_msg_s.c.o[0m
[6.982s] [ 87%] [32mBuilding C object CMakeFiles/ouster_sensor_msgs__rosidl_generator_py.dir/rosidl_generator_py/ouster_sensor_msgs/srv/_get_metadata_s.c.o[0m
[7.171s] [ 89%] [32m[1mLinking C shared library rosidl_generator_py/ouster_sensor_msgs/libouster_sensor_msgs__rosidl_generator_py.so[0m
[7.211s] [ 89%] Built target ouster_sensor_msgs__rosidl_generator_py
[7.230s] [ 92%] [32mBuilding C object CMakeFiles/ouster_sensor_msgs__rosidl_typesupport_c__pyext.dir/rosidl_generator_py/ouster_sensor_msgs/_ouster_sensor_msgs_s.ep.rosidl_typesupport_c.c.o[0m
[7.230s] [ 92%] [32mBuilding C object CMakeFiles/ouster_sensor_msgs__rosidl_typesupport_introspection_c__pyext.dir/rosidl_generator_py/ouster_sensor_msgs/_ouster_sensor_msgs_s.ep.rosidl_typesupport_introspection_c.c.o[0m
[7.230s] [ 94%] [32mBuilding C object CMakeFiles/ouster_sensor_msgs__rosidl_typesupport_fastrtps_c__pyext.dir/rosidl_generator_py/ouster_sensor_msgs/_ouster_sensor_msgs_s.ep.rosidl_typesupport_fastrtps_c.c.o[0m
[7.389s] [ 98%] [32m[1mLinking C shared library rosidl_generator_py/ouster_sensor_msgs/ouster_sensor_msgs_s__rosidl_typesupport_c.cpython-310-x86_64-linux-gnu.so[0m
[7.389s] [ 98%] [32m[1mLinking C shared library rosidl_generator_py/ouster_sensor_msgs/ouster_sensor_msgs_s__rosidl_typesupport_fastrtps_c.cpython-310-x86_64-linux-gnu.so[0m
[7.390s] [100%] [32m[1mLinking C shared library rosidl_generator_py/ouster_sensor_msgs/ouster_sensor_msgs_s__rosidl_typesupport_introspection_c.cpython-310-x86_64-linux-gnu.so[0m
[7.428s] [100%] Built target ouster_sensor_msgs__rosidl_typesupport_fastrtps_c__pyext
[7.428s] [100%] Built target ouster_sensor_msgs__rosidl_typesupport_c__pyext
[7.429s] [100%] Built target ouster_sensor_msgs__rosidl_typesupport_introspection_c__pyext
[7.441s] Invoked command in '/home/student/Desktop/workspace/build/ouster_sensor_msgs' returned '0': CMAKE_PREFIX_PATH=${CMAKE_PREFIX_PATH}:/home/student/Desktop/workspace/install/yolo_tracking:/home/student/Desktop/workspace/install/sensor_presentation:/home/student/Desktop/workspace/install/position_estimation:/home/student/Desktop/workspace/install/navigation:/home/student/Desktop/workspace/install/main:/opt/ros/humble /home/student/.local/bin/cmake --build /home/student/Desktop/workspace/build/ouster_sensor_msgs -- -j16 -l16
[7.697s] Invoking command in '/home/student/Desktop/workspace/build/ouster_sensor_msgs': CMAKE_PREFIX_PATH=${CMAKE_PREFIX_PATH}:/home/student/Desktop/workspace/install/yolo_tracking:/home/student/Desktop/workspace/install/sensor_presentation:/home/student/Desktop/workspace/install/position_estimation:/home/student/Desktop/workspace/install/navigation:/home/student/Desktop/workspace/install/main:/opt/ros/humble /home/student/.local/bin/cmake --install /home/student/Desktop/workspace/build/ouster_sensor_msgs
[7.742s] -- Install configuration: ""
[7.742s] -- Execute custom install script
[7.743s] -- Symlinking: /home/student/Desktop/workspace/install/ouster_sensor_msgs/share/ament_index/resource_index/rosidl_interfaces/ouster_sensor_msgs
[7.748s] -- Symlinking: /home/student/Desktop/workspace/install/ouster_sensor_msgs/include/ouster_sensor_msgs/ouster_sensor_msgs/msg/detail/packet_msg__functions.h
[7.752s] -- Symlinking: /home/student/Desktop/workspace/install/ouster_sensor_msgs/include/ouster_sensor_msgs/ouster_sensor_msgs/msg/detail/packet_msg__struct.h
[7.756s] -- Symlinking: /home/student/Desktop/workspace/install/ouster_sensor_msgs/include/ouster_sensor_msgs/ouster_sensor_msgs/msg/detail/packet_msg__type_support.h
[7.760s] -- Symlinking: /home/student/Desktop/workspace/install/ouster_sensor_msgs/include/ouster_sensor_msgs/ouster_sensor_msgs/msg/packet_msg.h
[7.764s] -- Symlinking: /home/student/Desktop/workspace/install/ouster_sensor_msgs/include/ouster_sensor_msgs/ouster_sensor_msgs/msg/rosidl_generator_c__visibility_control.h
[7.768s] -- Symlinking: /home/student/Desktop/workspace/install/ouster_sensor_msgs/include/ouster_sensor_msgs/ouster_sensor_msgs/srv/detail/get_config__functions.h
[7.772s] -- Symlinking: /home/student/Desktop/workspace/install/ouster_sensor_msgs/include/ouster_sensor_msgs/ouster_sensor_msgs/srv/detail/get_config__struct.h
[7.776s] -- Symlinking: /home/student/Desktop/workspace/install/ouster_sensor_msgs/include/ouster_sensor_msgs/ouster_sensor_msgs/srv/detail/get_config__type_support.h
[7.780s] -- Symlinking: /home/student/Desktop/workspace/install/ouster_sensor_msgs/include/ouster_sensor_msgs/ouster_sensor_msgs/srv/detail/get_metadata__functions.h
[7.784s] -- Symlinking: /home/student/Desktop/workspace/install/ouster_sensor_msgs/include/ouster_sensor_msgs/ouster_sensor_msgs/srv/detail/get_metadata__struct.h
[7.788s] -- Symlinking: /home/student/Desktop/workspace/install/ouster_sensor_msgs/include/ouster_sensor_msgs/ouster_sensor_msgs/srv/detail/get_metadata__type_support.h
[7.791s] -- Symlinking: /home/student/Desktop/workspace/install/ouster_sensor_msgs/include/ouster_sensor_msgs/ouster_sensor_msgs/srv/detail/set_config__functions.h
[7.795s] -- Symlinking: /home/student/Desktop/workspace/install/ouster_sensor_msgs/include/ouster_sensor_msgs/ouster_sensor_msgs/srv/detail/set_config__struct.h
[7.800s] -- Symlinking: /home/student/Desktop/workspace/install/ouster_sensor_msgs/include/ouster_sensor_msgs/ouster_sensor_msgs/srv/detail/set_config__type_support.h
[7.804s] -- Symlinking: /home/student/Desktop/workspace/install/ouster_sensor_msgs/include/ouster_sensor_msgs/ouster_sensor_msgs/srv/get_config.h
[7.808s] -- Symlinking: /home/student/Desktop/workspace/install/ouster_sensor_msgs/include/ouster_sensor_msgs/ouster_sensor_msgs/srv/get_metadata.h
[7.812s] -- Symlinking: /home/student/Desktop/workspace/install/ouster_sensor_msgs/include/ouster_sensor_msgs/ouster_sensor_msgs/srv/set_config.h
[7.816s] -- Symlinking: /home/student/Desktop/workspace/install/ouster_sensor_msgs/share/ouster_sensor_msgs/environment/library_path.sh
[7.820s] -- Symlinking: /home/student/Desktop/workspace/install/ouster_sensor_msgs/share/ouster_sensor_msgs/environment/library_path.dsv
[7.825s] -- Symlinking: /home/student/Desktop/workspace/install/ouster_sensor_msgs/include/ouster_sensor_msgs/ouster_sensor_msgs/msg/detail/packet_msg__rosidl_typesupport_fastrtps_c.h
[7.829s] -- Symlinking: /home/student/Desktop/workspace/install/ouster_sensor_msgs/include/ouster_sensor_msgs/ouster_sensor_msgs/msg/rosidl_typesupport_fastrtps_c__visibility_control.h
[7.834s] -- Symlinking: /home/student/Desktop/workspace/install/ouster_sensor_msgs/include/ouster_sensor_msgs/ouster_sensor_msgs/srv/detail/get_config__rosidl_typesupport_fastrtps_c.h
[7.838s] -- Symlinking: /home/student/Desktop/workspace/install/ouster_sensor_msgs/include/ouster_sensor_msgs/ouster_sensor_msgs/srv/detail/get_metadata__rosidl_typesupport_fastrtps_c.h
[7.842s] -- Symlinking: /home/student/Desktop/workspace/install/ouster_sensor_msgs/include/ouster_sensor_msgs/ouster_sensor_msgs/srv/detail/set_config__rosidl_typesupport_fastrtps_c.h
[7.847s] -- Symlinking: /home/student/Desktop/workspace/install/ouster_sensor_msgs/include/ouster_sensor_msgs/ouster_sensor_msgs/msg/detail/packet_msg__builder.hpp
[7.851s] -- Symlinking: /home/student/Desktop/workspace/install/ouster_sensor_msgs/include/ouster_sensor_msgs/ouster_sensor_msgs/msg/detail/packet_msg__struct.hpp
[7.855s] -- Symlinking: /home/student/Desktop/workspace/install/ouster_sensor_msgs/include/ouster_sensor_msgs/ouster_sensor_msgs/msg/detail/packet_msg__traits.hpp
[7.859s] -- Symlinking: /home/student/Desktop/workspace/install/ouster_sensor_msgs/include/ouster_sensor_msgs/ouster_sensor_msgs/msg/packet_msg.hpp
[7.864s] -- Symlinking: /home/student/Desktop/workspace/install/ouster_sensor_msgs/include/ouster_sensor_msgs/ouster_sensor_msgs/srv/detail/get_config__builder.hpp
[7.868s] -- Symlinking: /home/student/Desktop/workspace/install/ouster_sensor_msgs/include/ouster_sensor_msgs/ouster_sensor_msgs/srv/detail/get_config__struct.hpp
[7.873s] -- Symlinking: /home/student/Desktop/workspace/install/ouster_sensor_msgs/include/ouster_sensor_msgs/ouster_sensor_msgs/srv/detail/get_config__traits.hpp
[7.877s] -- Symlinking: /home/student/Desktop/workspace/install/ouster_sensor_msgs/include/ouster_sensor_msgs/ouster_sensor_msgs/srv/detail/get_metadata__builder.hpp
[7.881s] -- Symlinking: /home/student/Desktop/workspace/install/ouster_sensor_msgs/include/ouster_sensor_msgs/ouster_sensor_msgs/srv/detail/get_metadata__struct.hpp
[7.885s] -- Symlinking: /home/student/Desktop/workspace/install/ouster_sensor_msgs/include/ouster_sensor_msgs/ouster_sensor_msgs/srv/detail/get_metadata__traits.hpp
[7.889s] -- Symlinking: /home/student/Desktop/workspace/install/ouster_sensor_msgs/include/ouster_sensor_msgs/ouster_sensor_msgs/srv/detail/set_config__builder.hpp
[7.893s] -- Symlinking: /home/student/Desktop/workspace/install/ouster_sensor_msgs/include/ouster_sensor_msgs/ouster_sensor_msgs/srv/detail/set_config__struct.hpp
[7.896s] -- Symlinking: /home/student/Desktop/workspace/install/ouster_sensor_msgs/include/ouster_sensor_msgs/ouster_sensor_msgs/srv/detail/set_config__traits.hpp
[7.901s] -- Symlinking: /home/student/Desktop/workspace/install/ouster_sensor_msgs/include/ouster_sensor_msgs/ouster_sensor_msgs/srv/get_config.hpp
[7.905s] -- Symlinking: /home/student/Desktop/workspace/install/ouster_sensor_msgs/include/ouster_sensor_msgs/ouster_sensor_msgs/srv/get_metadata.hpp
[7.909s] -- Symlinking: /home/student/Desktop/workspace/install/ouster_sensor_msgs/include/ouster_sensor_msgs/ouster_sensor_msgs/srv/set_config.hpp
[7.914s] -- Symlinking: /home/student/Desktop/workspace/install/ouster_sensor_msgs/include/ouster_sensor_msgs/ouster_sensor_msgs/msg/detail/packet_msg__rosidl_typesupport_fastrtps_cpp.hpp
[7.918s] -- Symlinking: /home/student/Desktop/workspace/install/ouster_sensor_msgs/include/ouster_sensor_msgs/ouster_sensor_msgs/msg/rosidl_typesupport_fastrtps_cpp__visibility_control.h
[7.922s] -- Symlinking: /home/student/Desktop/workspace/install/ouster_sensor_msgs/include/ouster_sensor_msgs/ouster_sensor_msgs/srv/detail/get_config__rosidl_typesupport_fastrtps_cpp.hpp
[7.926s] -- Symlinking: /home/student/Desktop/workspace/install/ouster_sensor_msgs/include/ouster_sensor_msgs/ouster_sensor_msgs/srv/detail/get_metadata__rosidl_typesupport_fastrtps_cpp.hpp
[7.930s] -- Symlinking: /home/student/Desktop/workspace/install/ouster_sensor_msgs/include/ouster_sensor_msgs/ouster_sensor_msgs/srv/detail/set_config__rosidl_typesupport_fastrtps_cpp.hpp
[7.935s] -- Symlinking: /home/student/Desktop/workspace/install/ouster_sensor_msgs/include/ouster_sensor_msgs/ouster_sensor_msgs/msg/detail/packet_msg__rosidl_typesupport_introspection_c.h
[7.939s] -- Symlinking: /home/student/Desktop/workspace/install/ouster_sensor_msgs/include/ouster_sensor_msgs/ouster_sensor_msgs/msg/rosidl_typesupport_introspection_c__visibility_control.h
[7.943s] -- Symlinking: /home/student/Desktop/workspace/install/ouster_sensor_msgs/include/ouster_sensor_msgs/ouster_sensor_msgs/srv/detail/get_config__rosidl_typesupport_introspection_c.h
[7.947s] -- Symlinking: /home/student/Desktop/workspace/install/ouster_sensor_msgs/include/ouster_sensor_msgs/ouster_sensor_msgs/srv/detail/get_metadata__rosidl_typesupport_introspection_c.h
[7.951s] -- Symlinking: /home/student/Desktop/workspace/install/ouster_sensor_msgs/include/ouster_sensor_msgs/ouster_sensor_msgs/srv/detail/set_config__rosidl_typesupport_introspection_c.h
[7.956s] -- Symlinking: /home/student/Desktop/workspace/install/ouster_sensor_msgs/include/ouster_sensor_msgs/ouster_sensor_msgs/msg/detail/packet_msg__rosidl_typesupport_introspection_cpp.hpp
[7.960s] -- Symlinking: /home/student/Desktop/workspace/install/ouster_sensor_msgs/include/ouster_sensor_msgs/ouster_sensor_msgs/srv/detail/get_config__rosidl_typesupport_introspection_cpp.hpp
[7.964s] -- Symlinking: /home/student/Desktop/workspace/install/ouster_sensor_msgs/include/ouster_sensor_msgs/ouster_sensor_msgs/srv/detail/get_metadata__rosidl_typesupport_introspection_cpp.hpp
[7.968s] -- Symlinking: /home/student/Desktop/workspace/install/ouster_sensor_msgs/include/ouster_sensor_msgs/ouster_sensor_msgs/srv/detail/set_config__rosidl_typesupport_introspection_cpp.hpp
[7.972s] -- Symlinking: /home/student/Desktop/workspace/install/ouster_sensor_msgs/share/ouster_sensor_msgs/environment/pythonpath.sh
[7.976s] -- Symlinking: /home/student/Desktop/workspace/install/ouster_sensor_msgs/share/ouster_sensor_msgs/environment/pythonpath.dsv
[7.981s] -- Symlinking: /home/student/Desktop/workspace/install/ouster_sensor_msgs/local/lib/python3.10/dist-packages/ouster_sensor_msgs-0.12.2-py3.10.egg-info/PKG-INFO
[7.985s] -- Symlinking: /home/student/Desktop/workspace/install/ouster_sensor_msgs/local/lib/python3.10/dist-packages/ouster_sensor_msgs-0.12.2-py3.10.egg-info/SOURCES.txt
[7.989s] -- Symlinking: /home/student/Desktop/workspace/install/ouster_sensor_msgs/local/lib/python3.10/dist-packages/ouster_sensor_msgs-0.12.2-py3.10.egg-info/dependency_links.txt
[7.993s] -- Symlinking: /home/student/Desktop/workspace/install/ouster_sensor_msgs/local/lib/python3.10/dist-packages/ouster_sensor_msgs-0.12.2-py3.10.egg-info/top_level.txt
[7.998s] -- Symlinking: /home/student/Desktop/workspace/install/ouster_sensor_msgs/local/lib/python3.10/dist-packages/ouster_sensor_msgs/__init__.py
[8.002s] -- Symlinking: /home/student/Desktop/workspace/install/ouster_sensor_msgs/local/lib/python3.10/dist-packages/ouster_sensor_msgs/_ouster_sensor_msgs_s.ep.rosidl_typesupport_c.c
[8.009s] -- Symlinking: /home/student/Desktop/workspace/install/ouster_sensor_msgs/local/lib/python3.10/dist-packages/ouster_sensor_msgs/_ouster_sensor_msgs_s.ep.rosidl_typesupport_fastrtps_c.c
[8.013s] -- Symlinking: /home/student/Desktop/workspace/install/ouster_sensor_msgs/local/lib/python3.10/dist-packages/ouster_sensor_msgs/_ouster_sensor_msgs_s.ep.rosidl_typesupport_introspection_c.c
[8.017s] -- Symlinking: /home/student/Desktop/workspace/install/ouster_sensor_msgs/local/lib/python3.10/dist-packages/ouster_sensor_msgs/libouster_sensor_msgs__rosidl_generator_py.so
[8.021s] -- Symlinking: /home/student/Desktop/workspace/install/ouster_sensor_msgs/local/lib/python3.10/dist-packages/ouster_sensor_msgs/msg/__init__.py
[8.026s] -- Symlinking: /home/student/Desktop/workspace/install/ouster_sensor_msgs/local/lib/python3.10/dist-packages/ouster_sensor_msgs/msg/_packet_msg.py
[8.036s] -- Symlinking: /home/student/Desktop/workspace/install/ouster_sensor_msgs/local/lib/python3.10/dist-packages/ouster_sensor_msgs/msg/_packet_msg_s.c
[8.042s] -- Symlinking: /home/student/Desktop/workspace/install/ouster_sensor_msgs/local/lib/python3.10/dist-packages/ouster_sensor_msgs/ouster_sensor_msgs_s__rosidl_typesupport_c.cpython-310-x86_64-linux-gnu.so
[8.044s] -- Symlinking: /home/student/Desktop/workspace/install/ouster_sensor_msgs/local/lib/python3.10/dist-packages/ouster_sensor_msgs/ouster_sensor_msgs_s__rosidl_typesupport_fastrtps_c.cpython-310-x86_64-linux-gnu.so
[8.049s] -- Symlinking: /home/student/Desktop/workspace/install/ouster_sensor_msgs/local/lib/python3.10/dist-packages/ouster_sensor_msgs/ouster_sensor_msgs_s__rosidl_typesupport_introspection_c.cpython-310-x86_64-linux-gnu.so
[8.053s] -- Symlinking: /home/student/Desktop/workspace/install/ouster_sensor_msgs/local/lib/python3.10/dist-packages/ouster_sensor_msgs/srv/__init__.py
[8.077s] -- Symlinking: /home/student/Desktop/workspace/install/ouster_sensor_msgs/local/lib/python3.10/dist-packages/ouster_sensor_msgs/srv/_get_config.py
[8.081s] -- Symlinking: /home/student/Desktop/workspace/install/ouster_sensor_msgs/local/lib/python3.10/dist-packages/ouster_sensor_msgs/srv/_get_config_s.c
[8.086s] -- Symlinking: /home/student/Desktop/workspace/install/ouster_sensor_msgs/local/lib/python3.10/dist-packages/ouster_sensor_msgs/srv/_get_metadata.py
[8.107s] -- Symlinking: /home/student/Desktop/workspace/install/ouster_sensor_msgs/local/lib/python3.10/dist-packages/ouster_sensor_msgs/srv/_get_metadata_s.c
[8.125s] -- Symlinking: /home/student/Desktop/workspace/install/ouster_sensor_msgs/local/lib/python3.10/dist-packages/ouster_sensor_msgs/srv/_set_config.py
[8.142s] -- Symlinking: /home/student/Desktop/workspace/install/ouster_sensor_msgs/local/lib/python3.10/dist-packages/ouster_sensor_msgs/srv/_set_config_s.c
[8.156s] -- Up-to-date symlink: /home/student/Desktop/workspace/install/ouster_sensor_msgs/local/lib/python3.10/dist-packages/ouster_sensor_msgs/ouster_sensor_msgs_s__rosidl_typesupport_fastrtps_c.cpython-310-x86_64-linux-gnu.so
[8.157s] -- Up-to-date symlink: /home/student/Desktop/workspace/install/ouster_sensor_msgs/local/lib/python3.10/dist-packages/ouster_sensor_msgs/ouster_sensor_msgs_s__rosidl_typesupport_introspection_c.cpython-310-x86_64-linux-gnu.so
[8.157s] -- Up-to-date symlink: /home/student/Desktop/workspace/install/ouster_sensor_msgs/local/lib/python3.10/dist-packages/ouster_sensor_msgs/ouster_sensor_msgs_s__rosidl_typesupport_c.cpython-310-x86_64-linux-gnu.so
[8.158s] -- Symlinking: /home/student/Desktop/workspace/install/ouster_sensor_msgs/share/ouster_sensor_msgs/msg/PacketMsg.idl
[8.164s] -- Symlinking: /home/student/Desktop/workspace/install/ouster_sensor_msgs/share/ouster_sensor_msgs/srv/GetConfig.idl
[8.169s] -- Symlinking: /home/student/Desktop/workspace/install/ouster_sensor_msgs/share/ouster_sensor_msgs/srv/SetConfig.idl
[8.177s] -- Symlinking: /home/student/Desktop/workspace/install/ouster_sensor_msgs/share/ouster_sensor_msgs/srv/GetMetadata.idl
[8.202s] -- Symlinking: /home/student/Desktop/workspace/install/ouster_sensor_msgs/share/ouster_sensor_msgs/msg/PacketMsg.msg
[8.209s] -- Symlinking: /home/student/Desktop/workspace/install/ouster_sensor_msgs/share/ouster_sensor_msgs/srv/GetConfig.srv
[8.233s] -- Symlinking: /home/student/Desktop/workspace/install/ouster_sensor_msgs/share/ouster_sensor_msgs/srv/GetConfig_Request.msg
[8.241s] -- Symlinking: /home/student/Desktop/workspace/install/ouster_sensor_msgs/share/ouster_sensor_msgs/srv/GetConfig_Response.msg
[8.249s] -- Symlinking: /home/student/Desktop/workspace/install/ouster_sensor_msgs/share/ouster_sensor_msgs/srv/SetConfig.srv
[8.258s] -- Symlinking: /home/student/Desktop/workspace/install/ouster_sensor_msgs/share/ouster_sensor_msgs/srv/SetConfig_Request.msg
[8.268s] -- Symlinking: /home/student/Desktop/workspace/install/ouster_sensor_msgs/share/ouster_sensor_msgs/srv/SetConfig_Response.msg
[8.281s] -- Symlinking: /home/student/Desktop/workspace/install/ouster_sensor_msgs/share/ouster_sensor_msgs/srv/GetMetadata.srv
[8.285s] -- Symlinking: /home/student/Desktop/workspace/install/ouster_sensor_msgs/share/ouster_sensor_msgs/srv/GetMetadata_Request.msg
[8.298s] -- Symlinking: /home/student/Desktop/workspace/install/ouster_sensor_msgs/share/ouster_sensor_msgs/srv/GetMetadata_Response.msg
[8.304s] -- Symlinking: /home/student/Desktop/workspace/install/ouster_sensor_msgs/share/ament_index/resource_index/package_run_dependencies/ouster_sensor_msgs
[8.320s] -- Symlinking: /home/student/Desktop/workspace/install/ouster_sensor_msgs/share/ament_index/resource_index/parent_prefix_path/ouster_sensor_msgs
[8.344s] -- Symlinking: /home/student/Desktop/workspace/install/ouster_sensor_msgs/share/ouster_sensor_msgs/environment/ament_prefix_path.sh
[8.355s] -- Symlinking: /home/student/Desktop/workspace/install/ouster_sensor_msgs/share/ouster_sensor_msgs/environment/ament_prefix_path.dsv
[8.367s] -- Symlinking: /home/student/Desktop/workspace/install/ouster_sensor_msgs/share/ouster_sensor_msgs/environment/path.sh
[8.380s] -- Symlinking: /home/student/Desktop/workspace/install/ouster_sensor_msgs/share/ouster_sensor_msgs/environment/path.dsv
[8.384s] -- Symlinking: /home/student/Desktop/workspace/install/ouster_sensor_msgs/share/ouster_sensor_msgs/local_setup.bash
[8.392s] -- Symlinking: /home/student/Desktop/workspace/install/ouster_sensor_msgs/share/ouster_sensor_msgs/local_setup.sh
[8.399s] -- Symlinking: /home/student/Desktop/workspace/install/ouster_sensor_msgs/share/ouster_sensor_msgs/local_setup.zsh
[8.407s] -- Symlinking: /home/student/Desktop/workspace/install/ouster_sensor_msgs/share/ouster_sensor_msgs/local_setup.dsv
[8.416s] -- Symlinking: /home/student/Desktop/workspace/install/ouster_sensor_msgs/share/ouster_sensor_msgs/package.dsv
[8.426s] -- Symlinking: /home/student/Desktop/workspace/install/ouster_sensor_msgs/share/ament_index/resource_index/packages/ouster_sensor_msgs
[8.439s] -- Symlinking: /home/student/Desktop/workspace/install/ouster_sensor_msgs/share/ouster_sensor_msgs/cmake/rosidl_cmake-extras.cmake
[8.442s] -- Symlinking: /home/student/Desktop/workspace/install/ouster_sensor_msgs/share/ouster_sensor_msgs/cmake/ament_cmake_export_dependencies-extras.cmake
[8.447s] -- Symlinking: /home/student/Desktop/workspace/install/ouster_sensor_msgs/share/ouster_sensor_msgs/cmake/ament_cmake_export_include_directories-extras.cmake
[8.461s] -- Symlinking: /home/student/Desktop/workspace/install/ouster_sensor_msgs/share/ouster_sensor_msgs/cmake/ament_cmake_export_libraries-extras.cmake
[8.475s] -- Symlinking: /home/student/Desktop/workspace/install/ouster_sensor_msgs/share/ouster_sensor_msgs/cmake/ament_cmake_export_targets-extras.cmake
[8.492s] -- Symlinking: /home/student/Desktop/workspace/install/ouster_sensor_msgs/share/ouster_sensor_msgs/cmake/rosidl_cmake_export_typesupport_targets-extras.cmake
[8.495s] -- Symlinking: /home/student/Desktop/workspace/install/ouster_sensor_msgs/share/ouster_sensor_msgs/cmake/rosidl_cmake_export_typesupport_libraries-extras.cmake
[8.500s] -- Symlinking: /home/student/Desktop/workspace/install/ouster_sensor_msgs/share/ouster_sensor_msgs/cmake/ouster_sensor_msgsConfig.cmake
[8.522s] -- Symlinking: /home/student/Desktop/workspace/install/ouster_sensor_msgs/share/ouster_sensor_msgs/cmake/ouster_sensor_msgsConfig-version.cmake
[8.522s] -- Symlinking: /home/student/Desktop/workspace/install/ouster_sensor_msgs/share/ouster_sensor_msgs/package.xml
[8.524s] -- Installing: /home/student/Desktop/workspace/install/ouster_sensor_msgs/lib/libouster_sensor_msgs__rosidl_generator_c.so
[8.524s] -- Set runtime path of "/home/student/Desktop/workspace/install/ouster_sensor_msgs/lib/libouster_sensor_msgs__rosidl_generator_c.so" to ""
[8.525s] -- Installing: /home/student/Desktop/workspace/install/ouster_sensor_msgs/lib/libouster_sensor_msgs__rosidl_typesupport_fastrtps_c.so
[8.527s] -- Set runtime path of "/home/student/Desktop/workspace/install/ouster_sensor_msgs/lib/libouster_sensor_msgs__rosidl_typesupport_fastrtps_c.so" to ""
[8.527s] -- Installing: /home/student/Desktop/workspace/install/ouster_sensor_msgs/lib/libouster_sensor_msgs__rosidl_typesupport_fastrtps_cpp.so
[8.529s] -- Set runtime path of "/home/student/Desktop/workspace/install/ouster_sensor_msgs/lib/libouster_sensor_msgs__rosidl_typesupport_fastrtps_cpp.so" to ""
[8.529s] -- Installing: /home/student/Desktop/workspace/install/ouster_sensor_msgs/lib/libouster_sensor_msgs__rosidl_typesupport_introspection_c.so
[8.531s] -- Set runtime path of "/home/student/Desktop/workspace/install/ouster_sensor_msgs/lib/libouster_sensor_msgs__rosidl_typesupport_introspection_c.so" to ""
[8.531s] -- Installing: /home/student/Desktop/workspace/install/ouster_sensor_msgs/lib/libouster_sensor_msgs__rosidl_typesupport_c.so
[8.533s] -- Set runtime path of "/home/student/Desktop/workspace/install/ouster_sensor_msgs/lib/libouster_sensor_msgs__rosidl_typesupport_c.so" to ""
[8.534s] -- Installing: /home/student/Desktop/workspace/install/ouster_sensor_msgs/lib/libouster_sensor_msgs__rosidl_typesupport_introspection_cpp.so
[8.535s] -- Set runtime path of "/home/student/Desktop/workspace/install/ouster_sensor_msgs/lib/libouster_sensor_msgs__rosidl_typesupport_introspection_cpp.so" to ""
[8.535s] -- Installing: /home/student/Desktop/workspace/install/ouster_sensor_msgs/lib/libouster_sensor_msgs__rosidl_typesupport_cpp.so
[8.537s] -- Set runtime path of "/home/student/Desktop/workspace/install/ouster_sensor_msgs/lib/libouster_sensor_msgs__rosidl_typesupport_cpp.so" to ""
[8.654s] Listing '/home/student/Desktop/workspace/install/ouster_sensor_msgs/local/lib/python3.10/dist-packages/ouster_sensor_msgs'...
[8.655s] Compiling '/home/student/Desktop/workspace/install/ouster_sensor_msgs/local/lib/python3.10/dist-packages/ouster_sensor_msgs/__init__.py'...
[8.655s] Listing '/home/student/Desktop/workspace/install/ouster_sensor_msgs/local/lib/python3.10/dist-packages/ouster_sensor_msgs/msg'...
[8.655s] Compiling '/home/student/Desktop/workspace/install/ouster_sensor_msgs/local/lib/python3.10/dist-packages/ouster_sensor_msgs/msg/__init__.py'...
[8.655s] Compiling '/home/student/Desktop/workspace/install/ouster_sensor_msgs/local/lib/python3.10/dist-packages/ouster_sensor_msgs/msg/_packet_msg.py'...
[8.655s] Listing '/home/student/Desktop/workspace/install/ouster_sensor_msgs/local/lib/python3.10/dist-packages/ouster_sensor_msgs/srv'...
[8.655s] Compiling '/home/student/Desktop/workspace/install/ouster_sensor_msgs/local/lib/python3.10/dist-packages/ouster_sensor_msgs/srv/__init__.py'...
[8.655s] Compiling '/home/student/Desktop/workspace/install/ouster_sensor_msgs/local/lib/python3.10/dist-packages/ouster_sensor_msgs/srv/_get_config.py'...
[8.655s] Compiling '/home/student/Desktop/workspace/install/ouster_sensor_msgs/local/lib/python3.10/dist-packages/ouster_sensor_msgs/srv/_get_metadata.py'...
[8.655s] Compiling '/home/student/Desktop/workspace/install/ouster_sensor_msgs/local/lib/python3.10/dist-packages/ouster_sensor_msgs/srv/_set_config.py'...
[8.663s] -- Installing: /home/student/Desktop/workspace/install/ouster_sensor_msgs/lib/libouster_sensor_msgs__rosidl_generator_py.so
[8.664s] -- Set runtime path of "/home/student/Desktop/workspace/install/ouster_sensor_msgs/lib/libouster_sensor_msgs__rosidl_generator_py.so" to ""
[8.664s] -- Installing: /home/student/Desktop/workspace/install/ouster_sensor_msgs/share/ouster_sensor_msgs/cmake/export_ouster_sensor_msgs__rosidl_generator_cExport.cmake
[8.665s] -- Installing: /home/student/Desktop/workspace/install/ouster_sensor_msgs/share/ouster_sensor_msgs/cmake/export_ouster_sensor_msgs__rosidl_generator_cExport-noconfig.cmake
[8.665s] -- Installing: /home/student/Desktop/workspace/install/ouster_sensor_msgs/share/ouster_sensor_msgs/cmake/export_ouster_sensor_msgs__rosidl_typesupport_fastrtps_cExport.cmake
[8.666s] -- Installing: /home/student/Desktop/workspace/install/ouster_sensor_msgs/share/ouster_sensor_msgs/cmake/export_ouster_sensor_msgs__rosidl_typesupport_fastrtps_cExport-noconfig.cmake
[8.666s] -- Installing: /home/student/Desktop/workspace/install/ouster_sensor_msgs/share/ouster_sensor_msgs/cmake/export_ouster_sensor_msgs__rosidl_generator_cppExport.cmake
[8.667s] -- Installing: /home/student/Desktop/workspace/install/ouster_sensor_msgs/share/ouster_sensor_msgs/cmake/export_ouster_sensor_msgs__rosidl_typesupport_fastrtps_cppExport.cmake
[8.667s] -- Installing: /home/student/Desktop/workspace/install/ouster_sensor_msgs/share/ouster_sensor_msgs/cmake/export_ouster_sensor_msgs__rosidl_typesupport_fastrtps_cppExport-noconfig.cmake
[8.667s] -- Installing: /home/student/Desktop/workspace/install/ouster_sensor_msgs/share/ouster_sensor_msgs/cmake/ouster_sensor_msgs__rosidl_typesupport_introspection_cExport.cmake
[8.668s] -- Installing: /home/student/Desktop/workspace/install/ouster_sensor_msgs/share/ouster_sensor_msgs/cmake/ouster_sensor_msgs__rosidl_typesupport_introspection_cExport-noconfig.cmake
[8.668s] -- Installing: /home/student/Desktop/workspace/install/ouster_sensor_msgs/share/ouster_sensor_msgs/cmake/ouster_sensor_msgs__rosidl_typesupport_cExport.cmake
[8.669s] -- Installing: /home/student/Desktop/workspace/install/ouster_sensor_msgs/share/ouster_sensor_msgs/cmake/ouster_sensor_msgs__rosidl_typesupport_cExport-noconfig.cmake
[8.669s] -- Installing: /home/student/Desktop/workspace/install/ouster_sensor_msgs/share/ouster_sensor_msgs/cmake/ouster_sensor_msgs__rosidl_typesupport_introspection_cppExport.cmake
[8.670s] -- Installing: /home/student/Desktop/workspace/install/ouster_sensor_msgs/share/ouster_sensor_msgs/cmake/ouster_sensor_msgs__rosidl_typesupport_introspection_cppExport-noconfig.cmake
[8.670s] -- Installing: /home/student/Desktop/workspace/install/ouster_sensor_msgs/share/ouster_sensor_msgs/cmake/ouster_sensor_msgs__rosidl_typesupport_cppExport.cmake
[8.670s] -- Installing: /home/student/Desktop/workspace/install/ouster_sensor_msgs/share/ouster_sensor_msgs/cmake/ouster_sensor_msgs__rosidl_typesupport_cppExport-noconfig.cmake
[8.671s] -- Installing: /home/student/Desktop/workspace/install/ouster_sensor_msgs/share/ouster_sensor_msgs/cmake/export_ouster_sensor_msgs__rosidl_generator_pyExport.cmake
[8.671s] -- Installing: /home/student/Desktop/workspace/install/ouster_sensor_msgs/share/ouster_sensor_msgs/cmake/export_ouster_sensor_msgs__rosidl_generator_pyExport-noconfig.cmake
[8.689s] Invoked command in '/home/student/Desktop/workspace/build/ouster_sensor_msgs' returned '0': CMAKE_PREFIX_PATH=${CMAKE_PREFIX_PATH}:/home/student/Desktop/workspace/install/yolo_tracking:/home/student/Desktop/workspace/install/sensor_presentation:/home/student/Desktop/workspace/install/position_estimation:/home/student/Desktop/workspace/install/navigation:/home/student/Desktop/workspace/install/main:/opt/ros/humble /home/student/.local/bin/cmake --install /home/student/Desktop/workspace/build/ouster_sensor_msgs
