[0.628s] Invoking command in '/home/student/Desktop/workspace/build/odometry_publisher': CMAKE_PREFIX_PATH=${CMAKE_PREFIX_PATH}:/home/student/Desktop/workspace/install/ouster_voxel_filter:/home/student/Desktop/workspace/install/yolo_tracking:/home/student/Desktop/workspace/install/sensor_presentation:/home/student/Desktop/workspace/install/position_estimation:/home/student/Desktop/workspace/install/navigation:/home/student/Desktop/workspace/install/main:/opt/ros/humble /home/student/.local/bin/cmake --build /home/student/Desktop/workspace/build/odometry_publisher -- -j16 -l16
[1.460s] [100%] Built target odom_publisher_node
[1.738s] Invoked command in '/home/student/Desktop/workspace/build/odometry_publisher' returned '0': CMAKE_PREFIX_PATH=${CMAKE_PREFIX_PATH}:/home/student/Desktop/workspace/install/ouster_voxel_filter:/home/student/Desktop/workspace/install/yolo_tracking:/home/student/Desktop/workspace/install/sensor_presentation:/home/student/Desktop/workspace/install/position_estimation:/home/student/Desktop/workspace/install/navigation:/home/student/Desktop/workspace/install/main:/opt/ros/humble /home/student/.local/bin/cmake --build /home/student/Desktop/workspace/build/odometry_publisher -- -j16 -l16
[1.843s] Invoking command in '/home/student/Desktop/workspace/build/odometry_publisher': CMAKE_PREFIX_PATH=${CMAKE_PREFIX_PATH}:/home/student/Desktop/workspace/install/ouster_voxel_filter:/home/student/Desktop/workspace/install/yolo_tracking:/home/student/Desktop/workspace/install/sensor_presentation:/home/student/Desktop/workspace/install/position_estimation:/home/student/Desktop/workspace/install/navigation:/home/student/Desktop/workspace/install/main:/opt/ros/humble /home/student/.local/bin/cmake --install /home/student/Desktop/workspace/build/odometry_publisher
[1.892s] -- Install configuration: ""
[1.893s] -- Execute custom install script
[1.893s] -- Up-to-date symlink: /home/student/Desktop/workspace/install/odometry_publisher/lib/odometry_publisher/odom_publisher_node
[1.893s] -- Up-to-date symlink: /home/student/Desktop/workspace/install/odometry_publisher/share/ament_index/resource_index/package_run_dependencies/odometry_publisher
[1.893s] -- Up-to-date symlink: /home/student/Desktop/workspace/install/odometry_publisher/share/ament_index/resource_index/parent_prefix_path/odometry_publisher
[1.893s] -- Up-to-date symlink: /home/student/Desktop/workspace/install/odometry_publisher/share/odometry_publisher/environment/ament_prefix_path.sh
[1.894s] -- Up-to-date symlink: /home/student/Desktop/workspace/install/odometry_publisher/share/odometry_publisher/environment/ament_prefix_path.dsv
[1.894s] -- Up-to-date symlink: /home/student/Desktop/workspace/install/odometry_publisher/share/odometry_publisher/environment/path.sh
[1.894s] -- Up-to-date symlink: /home/student/Desktop/workspace/install/odometry_publisher/share/odometry_publisher/environment/path.dsv
[1.894s] -- Up-to-date symlink: /home/student/Desktop/workspace/install/odometry_publisher/share/odometry_publisher/local_setup.bash
[1.894s] -- Up-to-date symlink: /home/student/Desktop/workspace/install/odometry_publisher/share/odometry_publisher/local_setup.sh
[1.894s] -- Up-to-date symlink: /home/student/Desktop/workspace/install/odometry_publisher/share/odometry_publisher/local_setup.zsh
[1.895s] -- Up-to-date symlink: /home/student/Desktop/workspace/install/odometry_publisher/share/odometry_publisher/local_setup.dsv
[1.895s] -- Symlinking: /home/student/Desktop/workspace/install/odometry_publisher/share/odometry_publisher/package.dsv
[1.898s] -- Up-to-date symlink: /home/student/Desktop/workspace/install/odometry_publisher/share/ament_index/resource_index/packages/odometry_publisher
[1.898s] -- Up-to-date symlink: /home/student/Desktop/workspace/install/odometry_publisher/share/odometry_publisher/cmake/odometry_publisherConfig.cmake
[1.898s] -- Up-to-date symlink: /home/student/Desktop/workspace/install/odometry_publisher/share/odometry_publisher/cmake/odometry_publisherConfig-version.cmake
[1.898s] -- Up-to-date symlink: /home/student/Desktop/workspace/install/odometry_publisher/share/odometry_publisher/package.xml
[1.905s] Invoked command in '/home/student/Desktop/workspace/build/odometry_publisher' returned '0': CMAKE_PREFIX_PATH=${CMAKE_PREFIX_PATH}:/home/student/Desktop/workspace/install/ouster_voxel_filter:/home/student/Desktop/workspace/install/yolo_tracking:/home/student/Desktop/workspace/install/sensor_presentation:/home/student/Desktop/workspace/install/position_estimation:/home/student/Desktop/workspace/install/navigation:/home/student/Desktop/workspace/install/main:/opt/ros/humble /home/student/.local/bin/cmake --install /home/student/Desktop/workspace/build/odometry_publisher
