[0.626s] Invoking command in '/home/student/Desktop/workspace/build/odometry_publisher': CMAKE_PREFIX_PATH=${CMAKE_PREFIX_PATH}:/home/student/Desktop/workspace/install/yolo_tracking:/home/student/Desktop/workspace/install/sensor_presentation:/home/student/Desktop/workspace/install/position_estimation:/home/student/Desktop/workspace/install/ouster_voxel_filter:/home/student/Desktop/workspace/install/navigation:/home/student/Desktop/workspace/install/main:/opt/ros/humble /home/student/.local/bin/cmake --build /home/student/Desktop/workspace/build/odometry_publisher -- -j16 -l16
[1.637s] -- Found ament_cmake: 1.3.10 (/opt/ros/humble/share/ament_cmake/cmake)
[1.637s] -- Override CMake install command with custom implementation using symlinks instead of copying resources
[1.637s] -- Found rclcpp: 16.0.10 (/opt/ros/humble/share/rclcpp/cmake)
[1.637s] -- Found rosidl_generator_c: 3.1.5 (/opt/ros/humble/share/rosidl_generator_c/cmake)
[1.637s] -- Found rosidl_adapter: 3.1.5 (/opt/ros/humble/share/rosidl_adapter/cmake)
[1.637s] -- Found rosidl_generator_cpp: 3.1.5 (/opt/ros/humble/share/rosidl_generator_cpp/cmake)
[1.637s] -- Using all available rosidl_typesupport_c: rosidl_typesupport_fastrtps_c;rosidl_typesupport_introspection_c
[1.638s] -- Using all available rosidl_typesupport_cpp: rosidl_typesupport_fastrtps_cpp;rosidl_typesupport_introspection_cpp
[1.638s] -- Found rmw_implementation_cmake: 6.1.2 (/opt/ros/humble/share/rmw_implementation_cmake/cmake)
[1.638s] -- Found rmw_fastrtps_cpp: 6.2.7 (/opt/ros/humble/share/rmw_fastrtps_cpp/cmake)
[1.638s] -- Using RMW implementation 'rmw_fastrtps_cpp' as default
[1.638s] -- Found nav_msgs: 4.2.4 (/opt/ros/humble/share/nav_msgs/cmake)
[1.638s] -- Found tf2: 0.25.8 (/opt/ros/humble/share/tf2/cmake)
[1.638s] -- Found ament_lint_auto: 0.12.11 (/opt/ros/humble/share/ament_lint_auto/cmake)
[1.638s] -- Added test 'cppcheck' to perform static code analysis on C / C++ code
[1.638s] -- Configured cppcheck include dirs: /home/student/Desktop/workspace/src/odometry_publisher/include
[1.638s] -- Configured cppcheck exclude dirs and/or files: 
[1.638s] -- Added test 'lint_cmake' to check CMake code style
[1.638s] -- Added test 'uncrustify' to check C / C++ code style
[1.638s] -- Configured uncrustify additional arguments: 
[1.638s] -- Added test 'xmllint' to check XML markup files
[1.638s] -- Configuring done (0.6s)
[1.638s] -- Generating done (0.0s)
[1.638s] -- Build files have been written to: /home/student/Desktop/workspace/build/odometry_publisher
[1.638s] [100%] Built target odom_publisher_node
[1.932s] Invoked command in '/home/student/Desktop/workspace/build/odometry_publisher' returned '0': CMAKE_PREFIX_PATH=${CMAKE_PREFIX_PATH}:/home/student/Desktop/workspace/install/yolo_tracking:/home/student/Desktop/workspace/install/sensor_presentation:/home/student/Desktop/workspace/install/position_estimation:/home/student/Desktop/workspace/install/ouster_voxel_filter:/home/student/Desktop/workspace/install/navigation:/home/student/Desktop/workspace/install/main:/opt/ros/humble /home/student/.local/bin/cmake --build /home/student/Desktop/workspace/build/odometry_publisher -- -j16 -l16
[2.074s] Invoking command in '/home/student/Desktop/workspace/build/odometry_publisher': CMAKE_PREFIX_PATH=${CMAKE_PREFIX_PATH}:/home/student/Desktop/workspace/install/yolo_tracking:/home/student/Desktop/workspace/install/sensor_presentation:/home/student/Desktop/workspace/install/position_estimation:/home/student/Desktop/workspace/install/ouster_voxel_filter:/home/student/Desktop/workspace/install/navigation:/home/student/Desktop/workspace/install/main:/opt/ros/humble /home/student/.local/bin/cmake --install /home/student/Desktop/workspace/build/odometry_publisher
[2.125s] -- Install configuration: ""
[2.125s] -- Execute custom install script
[2.126s] -- Up-to-date symlink: /home/student/Desktop/workspace/install/odometry_publisher/lib/odometry_publisher/odom_publisher_node
[2.126s] -- Up-to-date symlink: /home/student/Desktop/workspace/install/odometry_publisher/share/ament_index/resource_index/package_run_dependencies/odometry_publisher
[2.126s] -- Up-to-date symlink: /home/student/Desktop/workspace/install/odometry_publisher/share/ament_index/resource_index/parent_prefix_path/odometry_publisher
[2.127s] -- Up-to-date symlink: /home/student/Desktop/workspace/install/odometry_publisher/share/odometry_publisher/environment/ament_prefix_path.sh
[2.127s] -- Up-to-date symlink: /home/student/Desktop/workspace/install/odometry_publisher/share/odometry_publisher/environment/ament_prefix_path.dsv
[2.127s] -- Up-to-date symlink: /home/student/Desktop/workspace/install/odometry_publisher/share/odometry_publisher/environment/path.sh
[2.128s] -- Up-to-date symlink: /home/student/Desktop/workspace/install/odometry_publisher/share/odometry_publisher/environment/path.dsv
[2.128s] -- Up-to-date symlink: /home/student/Desktop/workspace/install/odometry_publisher/share/odometry_publisher/local_setup.bash
[2.128s] -- Up-to-date symlink: /home/student/Desktop/workspace/install/odometry_publisher/share/odometry_publisher/local_setup.sh
[2.128s] -- Up-to-date symlink: /home/student/Desktop/workspace/install/odometry_publisher/share/odometry_publisher/local_setup.zsh
[2.129s] -- Up-to-date symlink: /home/student/Desktop/workspace/install/odometry_publisher/share/odometry_publisher/local_setup.dsv
[2.129s] -- Symlinking: /home/student/Desktop/workspace/install/odometry_publisher/share/odometry_publisher/package.dsv
[2.139s] -- Up-to-date symlink: /home/student/Desktop/workspace/install/odometry_publisher/share/ament_index/resource_index/packages/odometry_publisher
[2.139s] -- Up-to-date symlink: /home/student/Desktop/workspace/install/odometry_publisher/share/odometry_publisher/cmake/odometry_publisherConfig.cmake
[2.139s] -- Up-to-date symlink: /home/student/Desktop/workspace/install/odometry_publisher/share/odometry_publisher/cmake/odometry_publisherConfig-version.cmake
[2.139s] -- Up-to-date symlink: /home/student/Desktop/workspace/install/odometry_publisher/share/odometry_publisher/package.xml
[2.157s] Invoked command in '/home/student/Desktop/workspace/build/odometry_publisher' returned '0': CMAKE_PREFIX_PATH=${CMAKE_PREFIX_PATH}:/home/student/Desktop/workspace/install/yolo_tracking:/home/student/Desktop/workspace/install/sensor_presentation:/home/student/Desktop/workspace/install/position_estimation:/home/student/Desktop/workspace/install/ouster_voxel_filter:/home/student/Desktop/workspace/install/navigation:/home/student/Desktop/workspace/install/main:/opt/ros/humble /home/student/.local/bin/cmake --install /home/student/Desktop/workspace/build/odometry_publisher
