[2.965s] Invoking command in '/home/student/Desktop/workspace/src/sensor_presentation': PYTHONPATH=/home/student/Desktop/workspace/build/sensor_presentation/prefix_override:/usr/lib/python3/dist-packages/colcon_core/task/python/colcon_distutils_commands:/home/student/Desktop/workspace/install/sensor_presentation/lib/python3.10/site-packages:${PYTHONPATH} /usr/bin/python3 -W ignore:setup.py install is deprecated setup.py egg_info --egg-base ../../build/sensor_presentation build --build-base /home/student/Desktop/workspace/build/sensor_presentation/build install --record /home/student/Desktop/workspace/build/sensor_presentation/install.log --single-version-externally-managed install_data
[3.646s] running egg_info
[3.647s] writing ../../build/sensor_presentation/sensor_presentation.egg-info/PKG-INFO
[3.647s] writing dependency_links to ../../build/sensor_presentation/sensor_presentation.egg-info/dependency_links.txt
[3.647s] writing entry points to ../../build/sensor_presentation/sensor_presentation.egg-info/entry_points.txt
[3.647s] writing requirements to ../../build/sensor_presentation/sensor_presentation.egg-info/requires.txt
[3.647s] writing top-level names to ../../build/sensor_presentation/sensor_presentation.egg-info/top_level.txt
[3.650s] reading manifest file '../../build/sensor_presentation/sensor_presentation.egg-info/SOURCES.txt'
[3.650s] writing manifest file '../../build/sensor_presentation/sensor_presentation.egg-info/SOURCES.txt'
[3.651s] running build
[3.651s] running build_py
[3.651s] copying sensor_presentation/pose_classifyer.py -> /home/student/Desktop/workspace/build/sensor_presentation/build/lib/sensor_presentation
[3.651s] running install
[3.651s] running install_lib
[3.653s] copying /home/student/Desktop/workspace/build/sensor_presentation/build/lib/sensor_presentation/pose_classifyer.py -> /home/student/Desktop/workspace/install/sensor_presentation/lib/python3.10/site-packages/sensor_presentation
[3.653s] byte-compiling /home/student/Desktop/workspace/install/sensor_presentation/lib/python3.10/site-packages/sensor_presentation/__init__.py to __init__.cpython-310.pyc
[3.653s] byte-compiling /home/student/Desktop/workspace/install/sensor_presentation/lib/python3.10/site-packages/sensor_presentation/pose_classifyer.py to pose_classifyer.cpython-310.pyc
[3.654s] byte-compiling /home/student/Desktop/workspace/install/sensor_presentation/lib/python3.10/site-packages/sensor_presentation/sensor_presentation_node.py to sensor_presentation_node.cpython-310.pyc
[3.658s] running install_data
[3.658s] running install_egg_info
[3.660s] removing '/home/student/Desktop/workspace/install/sensor_presentation/lib/python3.10/site-packages/sensor_presentation-0.0.0-py3.10.egg-info' (and everything under it)
[3.661s] Copying ../../build/sensor_presentation/sensor_presentation.egg-info to /home/student/Desktop/workspace/install/sensor_presentation/lib/python3.10/site-packages/sensor_presentation-0.0.0-py3.10.egg-info
[3.661s] running install_scripts
[3.681s] Installing sensor_presentation_node script to /home/student/Desktop/workspace/install/sensor_presentation/lib/sensor_presentation
[3.682s] writing list of installed files to '/home/student/Desktop/workspace/build/sensor_presentation/install.log'
[3.724s] Invoked command in '/home/student/Desktop/workspace/src/sensor_presentation' returned '0': PYTHONPATH=/home/student/Desktop/workspace/build/sensor_presentation/prefix_override:/usr/lib/python3/dist-packages/colcon_core/task/python/colcon_distutils_commands:/home/student/Desktop/workspace/install/sensor_presentation/lib/python3.10/site-packages:${PYTHONPATH} /usr/bin/python3 -W ignore:setup.py install is deprecated setup.py egg_info --egg-base ../../build/sensor_presentation build --build-base /home/student/Desktop/workspace/build/sensor_presentation/build install --record /home/student/Desktop/workspace/build/sensor_presentation/install.log --single-version-externally-managed install_data
