[0.293s] Invoking command in '/home/student/Desktop/Follow-Person-Goal-Publisher-ROS2/build/object_tracking_messages': CMAKE_PREFIX_PATH=${CMAKE_PREFIX_PATH}:/home/student/Desktop/Follow-Person-Goal-Publisher-ROS2/install/main:/opt/ros/humble /usr/bin/cmake /home/student/Desktop/Follow-Person-Goal-Publisher-ROS2/src/object_tracking_messages -DAMENT_CMAKE_SYMLINK_INSTALL=1 -DCMAKE_INSTALL_PREFIX=/home/student/Desktop/Follow-Person-Goal-Publisher-ROS2/install/object_tracking_messages
[0.332s] -- The C compiler identification is GNU 11.4.0
[0.370s] -- The CXX compiler identification is GNU 11.4.0
[0.376s] -- Detecting C compiler ABI info
[0.427s] -- Detecting C compiler ABI info - done
[0.434s] -- Check for working C compiler: /usr/bin/cc - skipped
[0.435s] -- Detecting C compile features
[0.435s] -- Detecting C compile features - done
[0.438s] -- Detecting CXX compiler ABI info
[0.497s] -- Detecting CXX compiler ABI info - done
[0.505s] -- Check for working CXX compiler: /usr/bin/c++ - skipped
[0.506s] -- Detecting CXX compile features
[0.506s] -- Detecting CXX compile features - done
[0.511s] -- Found ament_cmake: 1.3.10 (/opt/ros/humble/share/ament_cmake/cmake)
[0.636s] -- Found Python3: /usr/bin/python3 (found version "3.10.12") found components: Interpreter 
[0.684s] -- Override CMake install command with custom implementation using symlinks instead of copying resources
[0.739s] -- Found rosidl_default_generators: 1.2.0 (/opt/ros/humble/share/rosidl_default_generators/cmake)
[0.746s] -- Using all available rosidl_typesupport_c: rosidl_typesupport_fastrtps_c;rosidl_typesupport_introspection_c
[0.757s] -- Found rosidl_adapter: 3.1.5 (/opt/ros/humble/share/rosidl_adapter/cmake)
[0.812s] -- Using all available rosidl_typesupport_cpp: rosidl_typesupport_fastrtps_cpp;rosidl_typesupport_introspection_cpp
[0.853s] -- Found sensor_msgs: 4.2.4 (/opt/ros/humble/share/sensor_msgs/cmake)
[1.127s] -- Found ament_cmake_ros: 0.10.0 (/opt/ros/humble/share/ament_cmake_ros/cmake)
[1.277s] -- Using all available rosidl_typesupport_c: rosidl_typesupport_fastrtps_c;rosidl_typesupport_introspection_c
[1.478s] -- Using all available rosidl_typesupport_cpp: rosidl_typesupport_fastrtps_cpp;rosidl_typesupport_introspection_cpp
[1.498s] -- Found PythonInterp: /usr/bin/python3 (found suitable version "3.10.12", minimum required is "3.6") 
[1.502s] -- Found python_cmake_module: 0.10.0 (/opt/ros/humble/share/python_cmake_module/cmake)
[1.531s] -- Found PythonLibs: /usr/lib/x86_64-linux-gnu/libpython3.10.so (found suitable version "3.10.12", minimum required is "3.5") 
[1.531s] -- Using PYTHON_EXECUTABLE: /usr/bin/python3
[1.531s] -- Using PYTHON_INCLUDE_DIRS: /usr/include/python3.10
[1.531s] -- Using PYTHON_LIBRARIES: /usr/lib/x86_64-linux-gnu/libpython3.10.so
[1.549s] -- Found PythonExtra: .so  
[1.587s] -- Found ament_lint_auto: 0.12.11 (/opt/ros/humble/share/ament_lint_auto/cmake)
[1.624s] -- Added test 'lint_cmake' to check CMake code style
[1.625s] -- Added test 'xmllint' to check XML markup files
[1.631s] -- Configuring done
[1.664s] -- Generating done
[1.673s] -- Build files have been written to: /home/student/Desktop/Follow-Person-Goal-Publisher-ROS2/build/object_tracking_messages
[1.682s] Invoked command in '/home/student/Desktop/Follow-Person-Goal-Publisher-ROS2/build/object_tracking_messages' returned '0': CMAKE_PREFIX_PATH=${CMAKE_PREFIX_PATH}:/home/student/Desktop/Follow-Person-Goal-Publisher-ROS2/install/main:/opt/ros/humble /usr/bin/cmake /home/student/Desktop/Follow-Person-Goal-Publisher-ROS2/src/object_tracking_messages -DAMENT_CMAKE_SYMLINK_INSTALL=1 -DCMAKE_INSTALL_PREFIX=/home/student/Desktop/Follow-Person-Goal-Publisher-ROS2/install/object_tracking_messages
[1.684s] Invoking command in '/home/student/Desktop/Follow-Person-Goal-Publisher-ROS2/build/object_tracking_messages': CMAKE_PREFIX_PATH=${CMAKE_PREFIX_PATH}:/home/student/Desktop/Follow-Person-Goal-Publisher-ROS2/install/main:/opt/ros/humble /usr/bin/cmake --build /home/student/Desktop/Follow-Person-Goal-Publisher-ROS2/build/object_tracking_messages -- -j16 -l16
[1.722s] [  1%] [34m[1mGenerating C code for ROS interfaces[0m
[1.732s] [  2%] [34m[1mGenerating C++ code for ROS interfaces[0m
[1.741s] [  2%] Built target ament_cmake_python_symlink_object_tracking_messages
[2.057s] running egg_info
[2.057s] creating object_tracking_messages.egg-info
[2.057s] writing object_tracking_messages.egg-info/PKG-INFO
[2.057s] writing dependency_links to object_tracking_messages.egg-info/dependency_links.txt
[2.058s] writing top-level names to object_tracking_messages.egg-info/top_level.txt
[2.058s] writing manifest file 'object_tracking_messages.egg-info/SOURCES.txt'
[2.060s] reading manifest file 'object_tracking_messages.egg-info/SOURCES.txt'
[2.060s] writing manifest file 'object_tracking_messages.egg-info/SOURCES.txt'
[2.093s] [  2%] Built target ament_cmake_python_build_object_tracking_messages_egg
[2.251s] [  2%] Built target object_tracking_messages__cpp
[2.268s] [  4%] [34m[1mGenerating C++ type support dispatch for ROS interfaces[0m
[2.269s] [  5%] [34m[1mGenerating C++ introspection for ROS interfaces[0m
[2.269s] [  7%] [34m[1mGenerating C++ type support for eProsima Fast-RTPS[0m
[2.298s] [  8%] [32mBuilding C object CMakeFiles/object_tracking_messages__rosidl_generator_c.dir/rosidl_generator_c/object_tracking_messages/msg/detail/detected_person__functions.c.o[0m
[2.298s] [  9%] [32mBuilding C object CMakeFiles/object_tracking_messages__rosidl_generator_c.dir/rosidl_generator_c/object_tracking_messages/msg/detail/person_distance__functions.c.o[0m
[2.300s] [ 14%] [32mBuilding C object CMakeFiles/object_tracking_messages__rosidl_generator_c.dir/rosidl_generator_c/object_tracking_messages/msg/detail/detected_persons__functions.c.o[0m
[2.300s] [ 14%] [32mBuilding C object CMakeFiles/object_tracking_messages__rosidl_generator_c.dir/rosidl_generator_c/object_tracking_messages/msg/detail/person_key_point__functions.c.o[0m
[2.300s] [ 15%] [32mBuilding C object CMakeFiles/object_tracking_messages__rosidl_generator_c.dir/rosidl_generator_c/object_tracking_messages/msg/detail/follow_person_state__functions.c.o[0m
[2.301s] [ 15%] [32mBuilding C object CMakeFiles/object_tracking_messages__rosidl_generator_c.dir/rosidl_generator_c/object_tracking_messages/msg/detail/bounding_box__functions.c.o[0m
[2.355s] [ 16%] [32m[1mLinking C shared library libobject_tracking_messages__rosidl_generator_c.so[0m
[2.383s] [ 16%] Built target object_tracking_messages__rosidl_generator_c
[2.393s] [ 19%] [34m[1mGenerating C type support dispatch for ROS interfaces[0m
[2.394s] [ 19%] [34m[1mGenerating C type support for eProsima Fast-RTPS[0m
[2.394s] [ 21%] [34m[1mGenerating C introspection for ROS interfaces[0m
[2.764s] [ 23%] [32mBuilding CXX object CMakeFiles/object_tracking_messages__rosidl_typesupport_fastrtps_cpp.dir/rosidl_typesupport_fastrtps_cpp/object_tracking_messages/msg/detail/dds_fastrtps/person_distance__type_support.cpp.o[0m
[2.764s] [ 23%] [32mBuilding CXX object CMakeFiles/object_tracking_messages__rosidl_typesupport_fastrtps_cpp.dir/rosidl_typesupport_fastrtps_cpp/object_tracking_messages/msg/detail/dds_fastrtps/detected_persons__type_support.cpp.o[0m
[2.766s] [ 25%] [32mBuilding CXX object CMakeFiles/object_tracking_messages__rosidl_typesupport_fastrtps_cpp.dir/rosidl_typesupport_fastrtps_cpp/object_tracking_messages/msg/detail/dds_fastrtps/detected_person__type_support.cpp.o[0m
[2.766s] [ 26%] [32mBuilding CXX object CMakeFiles/object_tracking_messages__rosidl_typesupport_fastrtps_cpp.dir/rosidl_typesupport_fastrtps_cpp/object_tracking_messages/msg/detail/dds_fastrtps/bounding_box__type_support.cpp.o[0m
[2.766s] [ 28%] [32mBuilding CXX object CMakeFiles/object_tracking_messages__rosidl_typesupport_fastrtps_cpp.dir/rosidl_typesupport_fastrtps_cpp/object_tracking_messages/msg/detail/dds_fastrtps/person_key_point__type_support.cpp.o[0m
[2.767s] [ 29%] [32mBuilding CXX object CMakeFiles/object_tracking_messages__rosidl_typesupport_fastrtps_cpp.dir/rosidl_typesupport_fastrtps_cpp/object_tracking_messages/msg/detail/dds_fastrtps/follow_person_state__type_support.cpp.o[0m
[2.783s] [ 32%] [32mBuilding CXX object CMakeFiles/object_tracking_messages__rosidl_typesupport_c.dir/rosidl_typesupport_c/object_tracking_messages/msg/person_distance__type_support.cpp.o[0m
[2.783s] [ 33%] [32mBuilding CXX object CMakeFiles/object_tracking_messages__rosidl_typesupport_c.dir/rosidl_typesupport_c/object_tracking_messages/msg/person_key_point__type_support.cpp.o[0m
[2.783s] [ 33%] [32mBuilding CXX object CMakeFiles/object_tracking_messages__rosidl_typesupport_c.dir/rosidl_typesupport_c/object_tracking_messages/msg/bounding_box__type_support.cpp.o[0m
[2.784s] [ 35%] [32mBuilding CXX object CMakeFiles/object_tracking_messages__rosidl_typesupport_c.dir/rosidl_typesupport_c/object_tracking_messages/msg/follow_person_state__type_support.cpp.o[0m
[2.787s] [ 36%] [32mBuilding CXX object CMakeFiles/object_tracking_messages__rosidl_typesupport_c.dir/rosidl_typesupport_c/object_tracking_messages/msg/detected_person__type_support.cpp.o[0m
[2.787s] [ 38%] [32mBuilding CXX object CMakeFiles/object_tracking_messages__rosidl_typesupport_c.dir/rosidl_typesupport_c/object_tracking_messages/msg/detected_persons__type_support.cpp.o[0m
[2.850s] [ 39%] [32m[1mLinking CXX shared library libobject_tracking_messages__rosidl_typesupport_c.so[0m
[2.916s] [ 39%] Built target object_tracking_messages__rosidl_typesupport_c
[2.945s] [ 40%] [32mBuilding C object CMakeFiles/object_tracking_messages__rosidl_typesupport_introspection_c.dir/rosidl_typesupport_introspection_c/object_tracking_messages/msg/detail/bounding_box__type_support.c.o[0m
[2.948s] [ 42%] [32mBuilding C object CMakeFiles/object_tracking_messages__rosidl_typesupport_introspection_c.dir/rosidl_typesupport_introspection_c/object_tracking_messages/msg/detail/person_key_point__type_support.c.o[0m
[2.953s] [ 45%] [32mBuilding C object CMakeFiles/object_tracking_messages__rosidl_typesupport_introspection_c.dir/rosidl_typesupport_introspection_c/object_tracking_messages/msg/detail/follow_person_state__type_support.c.o[0m
[2.954s] [ 45%] [32mBuilding C object CMakeFiles/object_tracking_messages__rosidl_typesupport_introspection_c.dir/rosidl_typesupport_introspection_c/object_tracking_messages/msg/detail/person_distance__type_support.c.o[0m
[2.955s] [ 46%] [32mBuilding C object CMakeFiles/object_tracking_messages__rosidl_typesupport_introspection_c.dir/rosidl_typesupport_introspection_c/object_tracking_messages/msg/detail/detected_person__type_support.c.o[0m
[2.981s] [ 47%] [32mBuilding C object CMakeFiles/object_tracking_messages__rosidl_typesupport_introspection_c.dir/rosidl_typesupport_introspection_c/object_tracking_messages/msg/detail/detected_persons__type_support.c.o[0m
[2.989s] [ 49%] [32mBuilding CXX object CMakeFiles/object_tracking_messages__rosidl_typesupport_cpp.dir/rosidl_typesupport_cpp/object_tracking_messages/msg/bounding_box__type_support.cpp.o[0m
[3.001s] [ 50%] [32mBuilding CXX object CMakeFiles/object_tracking_messages__rosidl_typesupport_cpp.dir/rosidl_typesupport_cpp/object_tracking_messages/msg/detected_person__type_support.cpp.o[0m
[3.003s] [ 52%] [32mBuilding CXX object CMakeFiles/object_tracking_messages__rosidl_typesupport_cpp.dir/rosidl_typesupport_cpp/object_tracking_messages/msg/person_key_point__type_support.cpp.o[0m
[3.014s] [ 53%] [32mBuilding CXX object CMakeFiles/object_tracking_messages__rosidl_typesupport_cpp.dir/rosidl_typesupport_cpp/object_tracking_messages/msg/detected_persons__type_support.cpp.o[0m
[3.018s] [ 54%] [32mBuilding CXX object CMakeFiles/object_tracking_messages__rosidl_typesupport_fastrtps_c.dir/rosidl_typesupport_fastrtps_c/object_tracking_messages/msg/detail/bounding_box__type_support_c.cpp.o[0m
[3.029s] [ 56%] [32mBuilding CXX object CMakeFiles/object_tracking_messages__rosidl_typesupport_cpp.dir/rosidl_typesupport_cpp/object_tracking_messages/msg/person_distance__type_support.cpp.o[0m
[3.039s] [ 57%] [32mBuilding CXX object CMakeFiles/object_tracking_messages__rosidl_typesupport_fastrtps_c.dir/rosidl_typesupport_fastrtps_c/object_tracking_messages/msg/detail/person_key_point__type_support_c.cpp.o[0m
[3.049s] [ 59%] [32mBuilding CXX object CMakeFiles/object_tracking_messages__rosidl_typesupport_fastrtps_c.dir/rosidl_typesupport_fastrtps_c/object_tracking_messages/msg/detail/detected_person__type_support_c.cpp.o[0m
[3.100s] [ 60%] [32m[1mLinking C shared library libobject_tracking_messages__rosidl_typesupport_introspection_c.so[0m
[3.209s] [ 60%] Built target object_tracking_messages__rosidl_typesupport_introspection_c
[3.261s] [ 61%] [32mBuilding CXX object CMakeFiles/object_tracking_messages__rosidl_typesupport_introspection_cpp.dir/rosidl_typesupport_introspection_cpp/object_tracking_messages/msg/detail/bounding_box__type_support.cpp.o[0m
[3.264s] [ 63%] [32mBuilding CXX object CMakeFiles/object_tracking_messages__rosidl_typesupport_cpp.dir/rosidl_typesupport_cpp/object_tracking_messages/msg/follow_person_state__type_support.cpp.o[0m
[3.361s] [ 64%] [32mBuilding CXX object CMakeFiles/object_tracking_messages__rosidl_typesupport_introspection_cpp.dir/rosidl_typesupport_introspection_cpp/object_tracking_messages/msg/detail/person_key_point__type_support.cpp.o[0m
[3.369s] [ 66%] [32mBuilding CXX object CMakeFiles/object_tracking_messages__rosidl_typesupport_introspection_cpp.dir/rosidl_typesupport_introspection_cpp/object_tracking_messages/msg/detail/detected_persons__type_support.cpp.o[0m
[3.382s] [ 67%] [32mBuilding CXX object CMakeFiles/object_tracking_messages__rosidl_typesupport_introspection_cpp.dir/rosidl_typesupport_introspection_cpp/object_tracking_messages/msg/detail/person_distance__type_support.cpp.o[0m
[3.382s] [ 69%] [32mBuilding CXX object CMakeFiles/object_tracking_messages__rosidl_typesupport_introspection_cpp.dir/rosidl_typesupport_introspection_cpp/object_tracking_messages/msg/detail/detected_person__type_support.cpp.o[0m
[3.383s] [ 70%] [32mBuilding CXX object CMakeFiles/object_tracking_messages__rosidl_typesupport_fastrtps_c.dir/rosidl_typesupport_fastrtps_c/object_tracking_messages/msg/detail/detected_persons__type_support_c.cpp.o[0m
[3.410s] [ 71%] [32mBuilding CXX object CMakeFiles/object_tracking_messages__rosidl_typesupport_introspection_cpp.dir/rosidl_typesupport_introspection_cpp/object_tracking_messages/msg/detail/follow_person_state__type_support.cpp.o[0m
[3.423s] [ 74%] [32mBuilding CXX object CMakeFiles/object_tracking_messages__rosidl_typesupport_fastrtps_c.dir/rosidl_typesupport_fastrtps_c/object_tracking_messages/msg/detail/person_distance__type_support_c.cpp.o[0m
[3.423s] [ 74%] [32mBuilding CXX object CMakeFiles/object_tracking_messages__rosidl_typesupport_fastrtps_c.dir/rosidl_typesupport_fastrtps_c/object_tracking_messages/msg/detail/follow_person_state__type_support_c.cpp.o[0m
[3.428s] [ 76%] [32m[1mLinking CXX shared library libobject_tracking_messages__rosidl_typesupport_fastrtps_cpp.so[0m
[3.554s] [ 76%] Built target object_tracking_messages__rosidl_typesupport_fastrtps_cpp
[3.648s] [ 77%] [32m[1mLinking CXX shared library libobject_tracking_messages__rosidl_typesupport_cpp.so[0m
[3.685s] [ 77%] Built target object_tracking_messages__rosidl_typesupport_cpp
[3.916s] [ 78%] [32m[1mLinking CXX shared library libobject_tracking_messages__rosidl_typesupport_fastrtps_c.so[0m
[3.932s] [ 80%] [32m[1mLinking CXX shared library libobject_tracking_messages__rosidl_typesupport_introspection_cpp.so[0m
[3.972s] [ 80%] Built target object_tracking_messages__rosidl_typesupport_fastrtps_c
[4.017s] [ 80%] Built target object_tracking_messages__rosidl_typesupport_introspection_cpp
[4.050s] [ 80%] Built target object_tracking_messages
[4.071s] [ 81%] [34m[1mGenerating Python code for ROS interfaces[0m
[4.994s] [ 81%] Built target object_tracking_messages__py
[5.017s] [ 84%] [32mBuilding C object CMakeFiles/object_tracking_messages__rosidl_generator_py.dir/rosidl_generator_py/object_tracking_messages/msg/_detected_person_s.c.o[0m
[5.017s] [ 84%] [32mBuilding C object CMakeFiles/object_tracking_messages__rosidl_generator_py.dir/rosidl_generator_py/object_tracking_messages/msg/_person_key_point_s.c.o[0m
[5.019s] [ 85%] [32mBuilding C object CMakeFiles/object_tracking_messages__rosidl_generator_py.dir/rosidl_generator_py/object_tracking_messages/msg/_bounding_box_s.c.o[0m
[5.020s] [ 88%] [32mBuilding C object CMakeFiles/object_tracking_messages__rosidl_generator_py.dir/rosidl_generator_py/object_tracking_messages/msg/_person_distance_s.c.o[0m
[5.020s] [ 90%] [32mBuilding C object CMakeFiles/object_tracking_messages__rosidl_generator_py.dir/rosidl_generator_py/object_tracking_messages/msg/_follow_person_state_s.c.o[0m
[5.020s] [ 90%] [32mBuilding C object CMakeFiles/object_tracking_messages__rosidl_generator_py.dir/rosidl_generator_py/object_tracking_messages/msg/_detected_persons_s.c.o[0m
[5.263s] [ 91%] [32m[1mLinking C shared library rosidl_generator_py/object_tracking_messages/libobject_tracking_messages__rosidl_generator_py.so[0m
[5.296s] [ 91%] Built target object_tracking_messages__rosidl_generator_py
[5.317s] [ 92%] [32mBuilding C object CMakeFiles/object_tracking_messages__rosidl_typesupport_c__pyext.dir/rosidl_generator_py/object_tracking_messages/_object_tracking_messages_s.ep.rosidl_typesupport_c.c.o[0m
[5.320s] [ 94%] [32mBuilding C object CMakeFiles/object_tracking_messages__rosidl_typesupport_fastrtps_c__pyext.dir/rosidl_generator_py/object_tracking_messages/_object_tracking_messages_s.ep.rosidl_typesupport_fastrtps_c.c.o[0m
[5.324s] [ 95%] [32mBuilding C object CMakeFiles/object_tracking_messages__rosidl_typesupport_introspection_c__pyext.dir/rosidl_generator_py/object_tracking_messages/_object_tracking_messages_s.ep.rosidl_typesupport_introspection_c.c.o[0m
[5.420s] [ 97%] [32m[1mLinking C shared library rosidl_generator_py/object_tracking_messages/object_tracking_messages_s__rosidl_typesupport_fastrtps_c.cpython-310-x86_64-linux-gnu.so[0m
[5.463s] [ 97%] Built target object_tracking_messages__rosidl_typesupport_fastrtps_c__pyext
[5.467s] [ 98%] [32m[1mLinking C shared library rosidl_generator_py/object_tracking_messages/object_tracking_messages_s__rosidl_typesupport_c.cpython-310-x86_64-linux-gnu.so[0m
[5.486s] [100%] [32m[1mLinking C shared library rosidl_generator_py/object_tracking_messages/object_tracking_messages_s__rosidl_typesupport_introspection_c.cpython-310-x86_64-linux-gnu.so[0m
[5.585s] [100%] Built target object_tracking_messages__rosidl_typesupport_c__pyext
[5.598s] [100%] Built target object_tracking_messages__rosidl_typesupport_introspection_c__pyext
[5.646s] Invoked command in '/home/student/Desktop/Follow-Person-Goal-Publisher-ROS2/build/object_tracking_messages' returned '0': CMAKE_PREFIX_PATH=${CMAKE_PREFIX_PATH}:/home/student/Desktop/Follow-Person-Goal-Publisher-ROS2/install/main:/opt/ros/humble /usr/bin/cmake --build /home/student/Desktop/Follow-Person-Goal-Publisher-ROS2/build/object_tracking_messages -- -j16 -l16
[5.694s] Invoking command in '/home/student/Desktop/Follow-Person-Goal-Publisher-ROS2/build/object_tracking_messages': CMAKE_PREFIX_PATH=${CMAKE_PREFIX_PATH}:/home/student/Desktop/Follow-Person-Goal-Publisher-ROS2/install/main:/opt/ros/humble /usr/bin/cmake --install /home/student/Desktop/Follow-Person-Goal-Publisher-ROS2/build/object_tracking_messages
[5.706s] -- Install configuration: ""
[5.706s] -- Execute custom install script
[5.707s] -- Symlinking: /home/student/Desktop/Follow-Person-Goal-Publisher-ROS2/install/object_tracking_messages/share/ament_index/resource_index/rosidl_interfaces/object_tracking_messages
[5.740s] -- Symlinking: /home/student/Desktop/Follow-Person-Goal-Publisher-ROS2/install/object_tracking_messages/include/object_tracking_messages/object_tracking_messages/msg/bounding_box.h
[5.763s] -- Symlinking: /home/student/Desktop/Follow-Person-Goal-Publisher-ROS2/install/object_tracking_messages/include/object_tracking_messages/object_tracking_messages/msg/detail/bounding_box__functions.h
[5.787s] -- Symlinking: /home/student/Desktop/Follow-Person-Goal-Publisher-ROS2/install/object_tracking_messages/include/object_tracking_messages/object_tracking_messages/msg/detail/bounding_box__struct.h
[5.809s] -- Symlinking: /home/student/Desktop/Follow-Person-Goal-Publisher-ROS2/install/object_tracking_messages/include/object_tracking_messages/object_tracking_messages/msg/detail/bounding_box__type_support.h
[5.831s] -- Symlinking: /home/student/Desktop/Follow-Person-Goal-Publisher-ROS2/install/object_tracking_messages/include/object_tracking_messages/object_tracking_messages/msg/detail/detected_person__functions.h
[5.844s] -- Symlinking: /home/student/Desktop/Follow-Person-Goal-Publisher-ROS2/install/object_tracking_messages/include/object_tracking_messages/object_tracking_messages/msg/detail/detected_person__struct.h
[5.863s] -- Symlinking: /home/student/Desktop/Follow-Person-Goal-Publisher-ROS2/install/object_tracking_messages/include/object_tracking_messages/object_tracking_messages/msg/detail/detected_person__type_support.h
[5.876s] -- Symlinking: /home/student/Desktop/Follow-Person-Goal-Publisher-ROS2/install/object_tracking_messages/include/object_tracking_messages/object_tracking_messages/msg/detail/detected_persons__functions.h
[5.890s] -- Symlinking: /home/student/Desktop/Follow-Person-Goal-Publisher-ROS2/install/object_tracking_messages/include/object_tracking_messages/object_tracking_messages/msg/detail/detected_persons__struct.h
[5.904s] -- Symlinking: /home/student/Desktop/Follow-Person-Goal-Publisher-ROS2/install/object_tracking_messages/include/object_tracking_messages/object_tracking_messages/msg/detail/detected_persons__type_support.h
[5.917s] -- Symlinking: /home/student/Desktop/Follow-Person-Goal-Publisher-ROS2/install/object_tracking_messages/include/object_tracking_messages/object_tracking_messages/msg/detail/follow_person_state__functions.h
[5.930s] -- Symlinking: /home/student/Desktop/Follow-Person-Goal-Publisher-ROS2/install/object_tracking_messages/include/object_tracking_messages/object_tracking_messages/msg/detail/follow_person_state__struct.h
[5.944s] -- Symlinking: /home/student/Desktop/Follow-Person-Goal-Publisher-ROS2/install/object_tracking_messages/include/object_tracking_messages/object_tracking_messages/msg/detail/follow_person_state__type_support.h
[5.957s] -- Symlinking: /home/student/Desktop/Follow-Person-Goal-Publisher-ROS2/install/object_tracking_messages/include/object_tracking_messages/object_tracking_messages/msg/detail/person_distance__functions.h
[5.972s] -- Symlinking: /home/student/Desktop/Follow-Person-Goal-Publisher-ROS2/install/object_tracking_messages/include/object_tracking_messages/object_tracking_messages/msg/detail/person_distance__struct.h
[5.985s] -- Symlinking: /home/student/Desktop/Follow-Person-Goal-Publisher-ROS2/install/object_tracking_messages/include/object_tracking_messages/object_tracking_messages/msg/detail/person_distance__type_support.h
[6.022s] -- Symlinking: /home/student/Desktop/Follow-Person-Goal-Publisher-ROS2/install/object_tracking_messages/include/object_tracking_messages/object_tracking_messages/msg/detail/person_key_point__functions.h
[6.066s] -- Symlinking: /home/student/Desktop/Follow-Person-Goal-Publisher-ROS2/install/object_tracking_messages/include/object_tracking_messages/object_tracking_messages/msg/detail/person_key_point__struct.h
[6.101s] -- Symlinking: /home/student/Desktop/Follow-Person-Goal-Publisher-ROS2/install/object_tracking_messages/include/object_tracking_messages/object_tracking_messages/msg/detail/person_key_point__type_support.h
[6.126s] -- Symlinking: /home/student/Desktop/Follow-Person-Goal-Publisher-ROS2/install/object_tracking_messages/include/object_tracking_messages/object_tracking_messages/msg/detected_person.h
[6.154s] -- Symlinking: /home/student/Desktop/Follow-Person-Goal-Publisher-ROS2/install/object_tracking_messages/include/object_tracking_messages/object_tracking_messages/msg/detected_persons.h
[6.187s] -- Symlinking: /home/student/Desktop/Follow-Person-Goal-Publisher-ROS2/install/object_tracking_messages/include/object_tracking_messages/object_tracking_messages/msg/follow_person_state.h
[6.203s] -- Symlinking: /home/student/Desktop/Follow-Person-Goal-Publisher-ROS2/install/object_tracking_messages/include/object_tracking_messages/object_tracking_messages/msg/person_distance.h
[6.217s] -- Symlinking: /home/student/Desktop/Follow-Person-Goal-Publisher-ROS2/install/object_tracking_messages/include/object_tracking_messages/object_tracking_messages/msg/person_key_point.h
[6.228s] -- Symlinking: /home/student/Desktop/Follow-Person-Goal-Publisher-ROS2/install/object_tracking_messages/include/object_tracking_messages/object_tracking_messages/msg/rosidl_generator_c__visibility_control.h
[6.240s] -- Symlinking: /home/student/Desktop/Follow-Person-Goal-Publisher-ROS2/install/object_tracking_messages/share/object_tracking_messages/environment/library_path.sh
[6.252s] -- Symlinking: /home/student/Desktop/Follow-Person-Goal-Publisher-ROS2/install/object_tracking_messages/share/object_tracking_messages/environment/library_path.dsv
[6.267s] -- Symlinking: /home/student/Desktop/Follow-Person-Goal-Publisher-ROS2/install/object_tracking_messages/include/object_tracking_messages/object_tracking_messages/msg/detail/bounding_box__rosidl_typesupport_fastrtps_c.h
[6.281s] -- Symlinking: /home/student/Desktop/Follow-Person-Goal-Publisher-ROS2/install/object_tracking_messages/include/object_tracking_messages/object_tracking_messages/msg/detail/detected_person__rosidl_typesupport_fastrtps_c.h
[6.295s] -- Symlinking: /home/student/Desktop/Follow-Person-Goal-Publisher-ROS2/install/object_tracking_messages/include/object_tracking_messages/object_tracking_messages/msg/detail/detected_persons__rosidl_typesupport_fastrtps_c.h
[6.311s] -- Symlinking: /home/student/Desktop/Follow-Person-Goal-Publisher-ROS2/install/object_tracking_messages/include/object_tracking_messages/object_tracking_messages/msg/detail/follow_person_state__rosidl_typesupport_fastrtps_c.h
[6.330s] -- Symlinking: /home/student/Desktop/Follow-Person-Goal-Publisher-ROS2/install/object_tracking_messages/include/object_tracking_messages/object_tracking_messages/msg/detail/person_distance__rosidl_typesupport_fastrtps_c.h
[6.345s] -- Symlinking: /home/student/Desktop/Follow-Person-Goal-Publisher-ROS2/install/object_tracking_messages/include/object_tracking_messages/object_tracking_messages/msg/detail/person_key_point__rosidl_typesupport_fastrtps_c.h
[6.359s] -- Symlinking: /home/student/Desktop/Follow-Person-Goal-Publisher-ROS2/install/object_tracking_messages/include/object_tracking_messages/object_tracking_messages/msg/rosidl_typesupport_fastrtps_c__visibility_control.h
[6.374s] -- Symlinking: /home/student/Desktop/Follow-Person-Goal-Publisher-ROS2/install/object_tracking_messages/include/object_tracking_messages/object_tracking_messages/msg/detail/bounding_box__rosidl_typesupport_introspection_c.h
[6.389s] -- Symlinking: /home/student/Desktop/Follow-Person-Goal-Publisher-ROS2/install/object_tracking_messages/include/object_tracking_messages/object_tracking_messages/msg/detail/detected_person__rosidl_typesupport_introspection_c.h
[6.403s] -- Symlinking: /home/student/Desktop/Follow-Person-Goal-Publisher-ROS2/install/object_tracking_messages/include/object_tracking_messages/object_tracking_messages/msg/detail/detected_persons__rosidl_typesupport_introspection_c.h
[6.423s] -- Symlinking: /home/student/Desktop/Follow-Person-Goal-Publisher-ROS2/install/object_tracking_messages/include/object_tracking_messages/object_tracking_messages/msg/detail/follow_person_state__rosidl_typesupport_introspection_c.h
[6.436s] -- Symlinking: /home/student/Desktop/Follow-Person-Goal-Publisher-ROS2/install/object_tracking_messages/include/object_tracking_messages/object_tracking_messages/msg/detail/person_distance__rosidl_typesupport_introspection_c.h
[6.449s] -- Symlinking: /home/student/Desktop/Follow-Person-Goal-Publisher-ROS2/install/object_tracking_messages/include/object_tracking_messages/object_tracking_messages/msg/detail/person_key_point__rosidl_typesupport_introspection_c.h
[6.463s] -- Symlinking: /home/student/Desktop/Follow-Person-Goal-Publisher-ROS2/install/object_tracking_messages/include/object_tracking_messages/object_tracking_messages/msg/rosidl_typesupport_introspection_c__visibility_control.h
[6.476s] -- Symlinking: /home/student/Desktop/Follow-Person-Goal-Publisher-ROS2/install/object_tracking_messages/include/object_tracking_messages/object_tracking_messages/msg/bounding_box.hpp
[6.490s] -- Symlinking: /home/student/Desktop/Follow-Person-Goal-Publisher-ROS2/install/object_tracking_messages/include/object_tracking_messages/object_tracking_messages/msg/detail/bounding_box__builder.hpp
[6.505s] -- Symlinking: /home/student/Desktop/Follow-Person-Goal-Publisher-ROS2/install/object_tracking_messages/include/object_tracking_messages/object_tracking_messages/msg/detail/bounding_box__struct.hpp
[6.528s] -- Symlinking: /home/student/Desktop/Follow-Person-Goal-Publisher-ROS2/install/object_tracking_messages/include/object_tracking_messages/object_tracking_messages/msg/detail/bounding_box__traits.hpp
[6.542s] -- Symlinking: /home/student/Desktop/Follow-Person-Goal-Publisher-ROS2/install/object_tracking_messages/include/object_tracking_messages/object_tracking_messages/msg/detail/detected_person__builder.hpp
[6.555s] -- Symlinking: /home/student/Desktop/Follow-Person-Goal-Publisher-ROS2/install/object_tracking_messages/include/object_tracking_messages/object_tracking_messages/msg/detail/detected_person__struct.hpp
[6.569s] -- Symlinking: /home/student/Desktop/Follow-Person-Goal-Publisher-ROS2/install/object_tracking_messages/include/object_tracking_messages/object_tracking_messages/msg/detail/detected_person__traits.hpp
[6.582s] -- Symlinking: /home/student/Desktop/Follow-Person-Goal-Publisher-ROS2/install/object_tracking_messages/include/object_tracking_messages/object_tracking_messages/msg/detail/detected_persons__builder.hpp
[6.597s] -- Symlinking: /home/student/Desktop/Follow-Person-Goal-Publisher-ROS2/install/object_tracking_messages/include/object_tracking_messages/object_tracking_messages/msg/detail/detected_persons__struct.hpp
[6.610s] -- Symlinking: /home/student/Desktop/Follow-Person-Goal-Publisher-ROS2/install/object_tracking_messages/include/object_tracking_messages/object_tracking_messages/msg/detail/detected_persons__traits.hpp
[6.625s] -- Symlinking: /home/student/Desktop/Follow-Person-Goal-Publisher-ROS2/install/object_tracking_messages/include/object_tracking_messages/object_tracking_messages/msg/detail/follow_person_state__builder.hpp
[6.641s] -- Symlinking: /home/student/Desktop/Follow-Person-Goal-Publisher-ROS2/install/object_tracking_messages/include/object_tracking_messages/object_tracking_messages/msg/detail/follow_person_state__struct.hpp
[6.655s] -- Symlinking: /home/student/Desktop/Follow-Person-Goal-Publisher-ROS2/install/object_tracking_messages/include/object_tracking_messages/object_tracking_messages/msg/detail/follow_person_state__traits.hpp
[6.669s] -- Symlinking: /home/student/Desktop/Follow-Person-Goal-Publisher-ROS2/install/object_tracking_messages/include/object_tracking_messages/object_tracking_messages/msg/detail/person_distance__builder.hpp
[6.682s] -- Symlinking: /home/student/Desktop/Follow-Person-Goal-Publisher-ROS2/install/object_tracking_messages/include/object_tracking_messages/object_tracking_messages/msg/detail/person_distance__struct.hpp
[6.697s] -- Symlinking: /home/student/Desktop/Follow-Person-Goal-Publisher-ROS2/install/object_tracking_messages/include/object_tracking_messages/object_tracking_messages/msg/detail/person_distance__traits.hpp
[6.714s] -- Symlinking: /home/student/Desktop/Follow-Person-Goal-Publisher-ROS2/install/object_tracking_messages/include/object_tracking_messages/object_tracking_messages/msg/detail/person_key_point__builder.hpp
[6.729s] -- Symlinking: /home/student/Desktop/Follow-Person-Goal-Publisher-ROS2/install/object_tracking_messages/include/object_tracking_messages/object_tracking_messages/msg/detail/person_key_point__struct.hpp
[6.743s] -- Symlinking: /home/student/Desktop/Follow-Person-Goal-Publisher-ROS2/install/object_tracking_messages/include/object_tracking_messages/object_tracking_messages/msg/detail/person_key_point__traits.hpp
[6.755s] -- Symlinking: /home/student/Desktop/Follow-Person-Goal-Publisher-ROS2/install/object_tracking_messages/include/object_tracking_messages/object_tracking_messages/msg/detected_person.hpp
[6.768s] -- Symlinking: /home/student/Desktop/Follow-Person-Goal-Publisher-ROS2/install/object_tracking_messages/include/object_tracking_messages/object_tracking_messages/msg/detected_persons.hpp
[6.782s] -- Symlinking: /home/student/Desktop/Follow-Person-Goal-Publisher-ROS2/install/object_tracking_messages/include/object_tracking_messages/object_tracking_messages/msg/follow_person_state.hpp
[6.794s] -- Symlinking: /home/student/Desktop/Follow-Person-Goal-Publisher-ROS2/install/object_tracking_messages/include/object_tracking_messages/object_tracking_messages/msg/person_distance.hpp
[6.806s] -- Symlinking: /home/student/Desktop/Follow-Person-Goal-Publisher-ROS2/install/object_tracking_messages/include/object_tracking_messages/object_tracking_messages/msg/person_key_point.hpp
[6.820s] -- Symlinking: /home/student/Desktop/Follow-Person-Goal-Publisher-ROS2/install/object_tracking_messages/include/object_tracking_messages/object_tracking_messages/msg/detail/bounding_box__rosidl_typesupport_fastrtps_cpp.hpp
[6.833s] -- Symlinking: /home/student/Desktop/Follow-Person-Goal-Publisher-ROS2/install/object_tracking_messages/include/object_tracking_messages/object_tracking_messages/msg/detail/detected_person__rosidl_typesupport_fastrtps_cpp.hpp
[6.847s] -- Symlinking: /home/student/Desktop/Follow-Person-Goal-Publisher-ROS2/install/object_tracking_messages/include/object_tracking_messages/object_tracking_messages/msg/detail/detected_persons__rosidl_typesupport_fastrtps_cpp.hpp
[6.861s] -- Symlinking: /home/student/Desktop/Follow-Person-Goal-Publisher-ROS2/install/object_tracking_messages/include/object_tracking_messages/object_tracking_messages/msg/detail/follow_person_state__rosidl_typesupport_fastrtps_cpp.hpp
[6.877s] -- Symlinking: /home/student/Desktop/Follow-Person-Goal-Publisher-ROS2/install/object_tracking_messages/include/object_tracking_messages/object_tracking_messages/msg/detail/person_distance__rosidl_typesupport_fastrtps_cpp.hpp
[6.890s] -- Symlinking: /home/student/Desktop/Follow-Person-Goal-Publisher-ROS2/install/object_tracking_messages/include/object_tracking_messages/object_tracking_messages/msg/detail/person_key_point__rosidl_typesupport_fastrtps_cpp.hpp
[6.904s] -- Symlinking: /home/student/Desktop/Follow-Person-Goal-Publisher-ROS2/install/object_tracking_messages/include/object_tracking_messages/object_tracking_messages/msg/rosidl_typesupport_fastrtps_cpp__visibility_control.h
[6.920s] -- Symlinking: /home/student/Desktop/Follow-Person-Goal-Publisher-ROS2/install/object_tracking_messages/include/object_tracking_messages/object_tracking_messages/msg/detail/bounding_box__rosidl_typesupport_introspection_cpp.hpp
[6.933s] -- Symlinking: /home/student/Desktop/Follow-Person-Goal-Publisher-ROS2/install/object_tracking_messages/include/object_tracking_messages/object_tracking_messages/msg/detail/detected_person__rosidl_typesupport_introspection_cpp.hpp
[6.972s] -- Symlinking: /home/student/Desktop/Follow-Person-Goal-Publisher-ROS2/install/object_tracking_messages/include/object_tracking_messages/object_tracking_messages/msg/detail/detected_persons__rosidl_typesupport_introspection_cpp.hpp
[6.998s] -- Symlinking: /home/student/Desktop/Follow-Person-Goal-Publisher-ROS2/install/object_tracking_messages/include/object_tracking_messages/object_tracking_messages/msg/detail/follow_person_state__rosidl_typesupport_introspection_cpp.hpp
[7.015s] -- Symlinking: /home/student/Desktop/Follow-Person-Goal-Publisher-ROS2/install/object_tracking_messages/include/object_tracking_messages/object_tracking_messages/msg/detail/person_distance__rosidl_typesupport_introspection_cpp.hpp
[7.033s] -- Symlinking: /home/student/Desktop/Follow-Person-Goal-Publisher-ROS2/install/object_tracking_messages/include/object_tracking_messages/object_tracking_messages/msg/detail/person_key_point__rosidl_typesupport_introspection_cpp.hpp
[7.046s] -- Symlinking: /home/student/Desktop/Follow-Person-Goal-Publisher-ROS2/install/object_tracking_messages/share/object_tracking_messages/environment/pythonpath.sh
[7.061s] -- Symlinking: /home/student/Desktop/Follow-Person-Goal-Publisher-ROS2/install/object_tracking_messages/share/object_tracking_messages/environment/pythonpath.dsv
[7.077s] -- Symlinking: /home/student/Desktop/Follow-Person-Goal-Publisher-ROS2/install/object_tracking_messages/local/lib/python3.10/dist-packages/object_tracking_messages-0.0.0-py3.10.egg-info/PKG-INFO
[7.090s] -- Symlinking: /home/student/Desktop/Follow-Person-Goal-Publisher-ROS2/install/object_tracking_messages/local/lib/python3.10/dist-packages/object_tracking_messages-0.0.0-py3.10.egg-info/SOURCES.txt
[7.106s] -- Symlinking: /home/student/Desktop/Follow-Person-Goal-Publisher-ROS2/install/object_tracking_messages/local/lib/python3.10/dist-packages/object_tracking_messages-0.0.0-py3.10.egg-info/dependency_links.txt
[7.120s] -- Symlinking: /home/student/Desktop/Follow-Person-Goal-Publisher-ROS2/install/object_tracking_messages/local/lib/python3.10/dist-packages/object_tracking_messages-0.0.0-py3.10.egg-info/top_level.txt
[7.135s] -- Symlinking: /home/student/Desktop/Follow-Person-Goal-Publisher-ROS2/install/object_tracking_messages/local/lib/python3.10/dist-packages/object_tracking_messages/__init__.py
[7.165s] -- Symlinking: /home/student/Desktop/Follow-Person-Goal-Publisher-ROS2/install/object_tracking_messages/local/lib/python3.10/dist-packages/object_tracking_messages/_object_tracking_messages_s.ep.rosidl_typesupport_c.c
[7.178s] -- Symlinking: /home/student/Desktop/Follow-Person-Goal-Publisher-ROS2/install/object_tracking_messages/local/lib/python3.10/dist-packages/object_tracking_messages/_object_tracking_messages_s.ep.rosidl_typesupport_fastrtps_c.c
[7.191s] -- Symlinking: /home/student/Desktop/Follow-Person-Goal-Publisher-ROS2/install/object_tracking_messages/local/lib/python3.10/dist-packages/object_tracking_messages/_object_tracking_messages_s.ep.rosidl_typesupport_introspection_c.c
[7.206s] -- Symlinking: /home/student/Desktop/Follow-Person-Goal-Publisher-ROS2/install/object_tracking_messages/local/lib/python3.10/dist-packages/object_tracking_messages/libobject_tracking_messages__rosidl_generator_py.so
[7.224s] -- Symlinking: /home/student/Desktop/Follow-Person-Goal-Publisher-ROS2/install/object_tracking_messages/local/lib/python3.10/dist-packages/object_tracking_messages/msg/__init__.py
[7.238s] -- Symlinking: /home/student/Desktop/Follow-Person-Goal-Publisher-ROS2/install/object_tracking_messages/local/lib/python3.10/dist-packages/object_tracking_messages/msg/_bounding_box.py
[7.252s] -- Symlinking: /home/student/Desktop/Follow-Person-Goal-Publisher-ROS2/install/object_tracking_messages/local/lib/python3.10/dist-packages/object_tracking_messages/msg/_bounding_box_s.c
[7.266s] -- Symlinking: /home/student/Desktop/Follow-Person-Goal-Publisher-ROS2/install/object_tracking_messages/local/lib/python3.10/dist-packages/object_tracking_messages/msg/_detected_person.py
[7.280s] -- Symlinking: /home/student/Desktop/Follow-Person-Goal-Publisher-ROS2/install/object_tracking_messages/local/lib/python3.10/dist-packages/object_tracking_messages/msg/_detected_person_s.c
[7.294s] -- Symlinking: /home/student/Desktop/Follow-Person-Goal-Publisher-ROS2/install/object_tracking_messages/local/lib/python3.10/dist-packages/object_tracking_messages/msg/_detected_persons.py
[7.308s] -- Symlinking: /home/student/Desktop/Follow-Person-Goal-Publisher-ROS2/install/object_tracking_messages/local/lib/python3.10/dist-packages/object_tracking_messages/msg/_detected_persons_s.c
[7.329s] -- Symlinking: /home/student/Desktop/Follow-Person-Goal-Publisher-ROS2/install/object_tracking_messages/local/lib/python3.10/dist-packages/object_tracking_messages/msg/_follow_person_state.py
[7.344s] -- Symlinking: /home/student/Desktop/Follow-Person-Goal-Publisher-ROS2/install/object_tracking_messages/local/lib/python3.10/dist-packages/object_tracking_messages/msg/_follow_person_state_s.c
[7.358s] -- Symlinking: /home/student/Desktop/Follow-Person-Goal-Publisher-ROS2/install/object_tracking_messages/local/lib/python3.10/dist-packages/object_tracking_messages/msg/_person_distance.py
[7.372s] -- Symlinking: /home/student/Desktop/Follow-Person-Goal-Publisher-ROS2/install/object_tracking_messages/local/lib/python3.10/dist-packages/object_tracking_messages/msg/_person_distance_s.c
[7.385s] -- Symlinking: /home/student/Desktop/Follow-Person-Goal-Publisher-ROS2/install/object_tracking_messages/local/lib/python3.10/dist-packages/object_tracking_messages/msg/_person_key_point.py
[7.399s] -- Symlinking: /home/student/Desktop/Follow-Person-Goal-Publisher-ROS2/install/object_tracking_messages/local/lib/python3.10/dist-packages/object_tracking_messages/msg/_person_key_point_s.c
[7.412s] -- Symlinking: /home/student/Desktop/Follow-Person-Goal-Publisher-ROS2/install/object_tracking_messages/local/lib/python3.10/dist-packages/object_tracking_messages/object_tracking_messages_s__rosidl_typesupport_c.cpython-310-x86_64-linux-gnu.so
[7.426s] -- Symlinking: /home/student/Desktop/Follow-Person-Goal-Publisher-ROS2/install/object_tracking_messages/local/lib/python3.10/dist-packages/object_tracking_messages/object_tracking_messages_s__rosidl_typesupport_fastrtps_c.cpython-310-x86_64-linux-gnu.so
[7.443s] -- Symlinking: /home/student/Desktop/Follow-Person-Goal-Publisher-ROS2/install/object_tracking_messages/local/lib/python3.10/dist-packages/object_tracking_messages/object_tracking_messages_s__rosidl_typesupport_introspection_c.cpython-310-x86_64-linux-gnu.so
[7.463s] -- Up-to-date symlink: /home/student/Desktop/Follow-Person-Goal-Publisher-ROS2/install/object_tracking_messages/local/lib/python3.10/dist-packages/object_tracking_messages/object_tracking_messages_s__rosidl_typesupport_fastrtps_c.cpython-310-x86_64-linux-gnu.so
[7.463s] -- Up-to-date symlink: /home/student/Desktop/Follow-Person-Goal-Publisher-ROS2/install/object_tracking_messages/local/lib/python3.10/dist-packages/object_tracking_messages/object_tracking_messages_s__rosidl_typesupport_introspection_c.cpython-310-x86_64-linux-gnu.so
[7.464s] -- Up-to-date symlink: /home/student/Desktop/Follow-Person-Goal-Publisher-ROS2/install/object_tracking_messages/local/lib/python3.10/dist-packages/object_tracking_messages/object_tracking_messages_s__rosidl_typesupport_c.cpython-310-x86_64-linux-gnu.so
[7.465s] -- Symlinking: /home/student/Desktop/Follow-Person-Goal-Publisher-ROS2/install/object_tracking_messages/share/object_tracking_messages/msg/BoundingBox.idl
[7.492s] -- Symlinking: /home/student/Desktop/Follow-Person-Goal-Publisher-ROS2/install/object_tracking_messages/share/object_tracking_messages/msg/PersonKeyPoint.idl
[7.527s] -- Symlinking: /home/student/Desktop/Follow-Person-Goal-Publisher-ROS2/install/object_tracking_messages/share/object_tracking_messages/msg/DetectedPerson.idl
[7.555s] -- Symlinking: /home/student/Desktop/Follow-Person-Goal-Publisher-ROS2/install/object_tracking_messages/share/object_tracking_messages/msg/DetectedPersons.idl
[7.569s] -- Symlinking: /home/student/Desktop/Follow-Person-Goal-Publisher-ROS2/install/object_tracking_messages/share/object_tracking_messages/msg/PersonDistance.idl
[7.582s] -- Symlinking: /home/student/Desktop/Follow-Person-Goal-Publisher-ROS2/install/object_tracking_messages/share/object_tracking_messages/msg/FollowPersonState.idl
[7.610s] -- Symlinking: /home/student/Desktop/Follow-Person-Goal-Publisher-ROS2/install/object_tracking_messages/share/object_tracking_messages/msg/BoundingBox.msg
[7.650s] -- Symlinking: /home/student/Desktop/Follow-Person-Goal-Publisher-ROS2/install/object_tracking_messages/share/object_tracking_messages/msg/PersonKeyPoint.msg
[7.675s] -- Symlinking: /home/student/Desktop/Follow-Person-Goal-Publisher-ROS2/install/object_tracking_messages/share/object_tracking_messages/msg/DetectedPerson.msg
[7.688s] -- Symlinking: /home/student/Desktop/Follow-Person-Goal-Publisher-ROS2/install/object_tracking_messages/share/object_tracking_messages/msg/DetectedPersons.msg
[7.716s] -- Symlinking: /home/student/Desktop/Follow-Person-Goal-Publisher-ROS2/install/object_tracking_messages/share/object_tracking_messages/msg/PersonDistance.msg
[7.728s] -- Symlinking: /home/student/Desktop/Follow-Person-Goal-Publisher-ROS2/install/object_tracking_messages/share/object_tracking_messages/msg/FollowPersonState.msg
[7.745s] -- Symlinking: /home/student/Desktop/Follow-Person-Goal-Publisher-ROS2/install/object_tracking_messages/share/ament_index/resource_index/package_run_dependencies/object_tracking_messages
[7.764s] -- Symlinking: /home/student/Desktop/Follow-Person-Goal-Publisher-ROS2/install/object_tracking_messages/share/ament_index/resource_index/parent_prefix_path/object_tracking_messages
[7.779s] -- Symlinking: /home/student/Desktop/Follow-Person-Goal-Publisher-ROS2/install/object_tracking_messages/share/object_tracking_messages/environment/ament_prefix_path.sh
[7.807s] -- Symlinking: /home/student/Desktop/Follow-Person-Goal-Publisher-ROS2/install/object_tracking_messages/share/object_tracking_messages/environment/ament_prefix_path.dsv
[7.845s] -- Symlinking: /home/student/Desktop/Follow-Person-Goal-Publisher-ROS2/install/object_tracking_messages/share/object_tracking_messages/environment/path.sh
[7.858s] -- Symlinking: /home/student/Desktop/Follow-Person-Goal-Publisher-ROS2/install/object_tracking_messages/share/object_tracking_messages/environment/path.dsv
[7.875s] -- Symlinking: /home/student/Desktop/Follow-Person-Goal-Publisher-ROS2/install/object_tracking_messages/share/object_tracking_messages/local_setup.bash
[7.888s] -- Symlinking: /home/student/Desktop/Follow-Person-Goal-Publisher-ROS2/install/object_tracking_messages/share/object_tracking_messages/local_setup.sh
[7.918s] -- Symlinking: /home/student/Desktop/Follow-Person-Goal-Publisher-ROS2/install/object_tracking_messages/share/object_tracking_messages/local_setup.zsh
[7.958s] -- Symlinking: /home/student/Desktop/Follow-Person-Goal-Publisher-ROS2/install/object_tracking_messages/share/object_tracking_messages/local_setup.dsv
[7.991s] -- Symlinking: /home/student/Desktop/Follow-Person-Goal-Publisher-ROS2/install/object_tracking_messages/share/object_tracking_messages/package.dsv
[8.005s] -- Symlinking: /home/student/Desktop/Follow-Person-Goal-Publisher-ROS2/install/object_tracking_messages/share/ament_index/resource_index/packages/object_tracking_messages
[8.032s] -- Symlinking: /home/student/Desktop/Follow-Person-Goal-Publisher-ROS2/install/object_tracking_messages/share/object_tracking_messages/cmake/rosidl_cmake-extras.cmake
[8.058s] -- Symlinking: /home/student/Desktop/Follow-Person-Goal-Publisher-ROS2/install/object_tracking_messages/share/object_tracking_messages/cmake/ament_cmake_export_include_directories-extras.cmake
[8.102s] -- Symlinking: /home/student/Desktop/Follow-Person-Goal-Publisher-ROS2/install/object_tracking_messages/share/object_tracking_messages/cmake/ament_cmake_export_libraries-extras.cmake
[8.138s] -- Symlinking: /home/student/Desktop/Follow-Person-Goal-Publisher-ROS2/install/object_tracking_messages/share/object_tracking_messages/cmake/ament_cmake_export_targets-extras.cmake
[8.167s] -- Symlinking: /home/student/Desktop/Follow-Person-Goal-Publisher-ROS2/install/object_tracking_messages/share/object_tracking_messages/cmake/rosidl_cmake_export_typesupport_targets-extras.cmake
[8.184s] -- Symlinking: /home/student/Desktop/Follow-Person-Goal-Publisher-ROS2/install/object_tracking_messages/share/object_tracking_messages/cmake/ament_cmake_export_dependencies-extras.cmake
[8.199s] -- Symlinking: /home/student/Desktop/Follow-Person-Goal-Publisher-ROS2/install/object_tracking_messages/share/object_tracking_messages/cmake/rosidl_cmake_export_typesupport_libraries-extras.cmake
[8.214s] -- Symlinking: /home/student/Desktop/Follow-Person-Goal-Publisher-ROS2/install/object_tracking_messages/share/object_tracking_messages/cmake/object_tracking_messagesConfig.cmake
[8.227s] -- Symlinking: /home/student/Desktop/Follow-Person-Goal-Publisher-ROS2/install/object_tracking_messages/share/object_tracking_messages/cmake/object_tracking_messagesConfig-version.cmake
[8.246s] -- Symlinking: /home/student/Desktop/Follow-Person-Goal-Publisher-ROS2/install/object_tracking_messages/share/object_tracking_messages/package.xml
[8.259s] -- Installing: /home/student/Desktop/Follow-Person-Goal-Publisher-ROS2/install/object_tracking_messages/lib/libobject_tracking_messages__rosidl_generator_c.so
[8.261s] -- Set runtime path of "/home/student/Desktop/Follow-Person-Goal-Publisher-ROS2/install/object_tracking_messages/lib/libobject_tracking_messages__rosidl_generator_c.so" to ""
[8.262s] -- Installing: /home/student/Desktop/Follow-Person-Goal-Publisher-ROS2/install/object_tracking_messages/lib/libobject_tracking_messages__rosidl_typesupport_fastrtps_c.so
[8.264s] -- Set runtime path of "/home/student/Desktop/Follow-Person-Goal-Publisher-ROS2/install/object_tracking_messages/lib/libobject_tracking_messages__rosidl_typesupport_fastrtps_c.so" to ""
[8.264s] -- Installing: /home/student/Desktop/Follow-Person-Goal-Publisher-ROS2/install/object_tracking_messages/lib/libobject_tracking_messages__rosidl_typesupport_introspection_c.so
[8.266s] -- Set runtime path of "/home/student/Desktop/Follow-Person-Goal-Publisher-ROS2/install/object_tracking_messages/lib/libobject_tracking_messages__rosidl_typesupport_introspection_c.so" to ""
[8.266s] -- Installing: /home/student/Desktop/Follow-Person-Goal-Publisher-ROS2/install/object_tracking_messages/lib/libobject_tracking_messages__rosidl_typesupport_c.so
[8.267s] -- Set runtime path of "/home/student/Desktop/Follow-Person-Goal-Publisher-ROS2/install/object_tracking_messages/lib/libobject_tracking_messages__rosidl_typesupport_c.so" to ""
[8.267s] -- Installing: /home/student/Desktop/Follow-Person-Goal-Publisher-ROS2/install/object_tracking_messages/lib/libobject_tracking_messages__rosidl_typesupport_fastrtps_cpp.so
[8.268s] -- Set runtime path of "/home/student/Desktop/Follow-Person-Goal-Publisher-ROS2/install/object_tracking_messages/lib/libobject_tracking_messages__rosidl_typesupport_fastrtps_cpp.so" to ""
[8.268s] -- Installing: /home/student/Desktop/Follow-Person-Goal-Publisher-ROS2/install/object_tracking_messages/lib/libobject_tracking_messages__rosidl_typesupport_introspection_cpp.so
[8.269s] -- Set runtime path of "/home/student/Desktop/Follow-Person-Goal-Publisher-ROS2/install/object_tracking_messages/lib/libobject_tracking_messages__rosidl_typesupport_introspection_cpp.so" to ""
[8.269s] -- Installing: /home/student/Desktop/Follow-Person-Goal-Publisher-ROS2/install/object_tracking_messages/lib/libobject_tracking_messages__rosidl_typesupport_cpp.so
[8.269s] -- Set runtime path of "/home/student/Desktop/Follow-Person-Goal-Publisher-ROS2/install/object_tracking_messages/lib/libobject_tracking_messages__rosidl_typesupport_cpp.so" to ""
[8.316s] Listing '/home/student/Desktop/Follow-Person-Goal-Publisher-ROS2/install/object_tracking_messages/local/lib/python3.10/dist-packages/object_tracking_messages'...
[8.316s] Compiling '/home/student/Desktop/Follow-Person-Goal-Publisher-ROS2/install/object_tracking_messages/local/lib/python3.10/dist-packages/object_tracking_messages/__init__.py'...
[8.317s] Listing '/home/student/Desktop/Follow-Person-Goal-Publisher-ROS2/install/object_tracking_messages/local/lib/python3.10/dist-packages/object_tracking_messages/msg'...
[8.317s] Compiling '/home/student/Desktop/Follow-Person-Goal-Publisher-ROS2/install/object_tracking_messages/local/lib/python3.10/dist-packages/object_tracking_messages/msg/__init__.py'...
[8.317s] Compiling '/home/student/Desktop/Follow-Person-Goal-Publisher-ROS2/install/object_tracking_messages/local/lib/python3.10/dist-packages/object_tracking_messages/msg/_bounding_box.py'...
[8.317s] Compiling '/home/student/Desktop/Follow-Person-Goal-Publisher-ROS2/install/object_tracking_messages/local/lib/python3.10/dist-packages/object_tracking_messages/msg/_detected_person.py'...
[8.317s] Compiling '/home/student/Desktop/Follow-Person-Goal-Publisher-ROS2/install/object_tracking_messages/local/lib/python3.10/dist-packages/object_tracking_messages/msg/_detected_persons.py'...
[8.317s] Compiling '/home/student/Desktop/Follow-Person-Goal-Publisher-ROS2/install/object_tracking_messages/local/lib/python3.10/dist-packages/object_tracking_messages/msg/_follow_person_state.py'...
[8.317s] Compiling '/home/student/Desktop/Follow-Person-Goal-Publisher-ROS2/install/object_tracking_messages/local/lib/python3.10/dist-packages/object_tracking_messages/msg/_person_distance.py'...
[8.317s] Compiling '/home/student/Desktop/Follow-Person-Goal-Publisher-ROS2/install/object_tracking_messages/local/lib/python3.10/dist-packages/object_tracking_messages/msg/_person_key_point.py'...
[8.321s] -- Installing: /home/student/Desktop/Follow-Person-Goal-Publisher-ROS2/install/object_tracking_messages/lib/libobject_tracking_messages__rosidl_generator_py.so
[8.322s] -- Set runtime path of "/home/student/Desktop/Follow-Person-Goal-Publisher-ROS2/install/object_tracking_messages/lib/libobject_tracking_messages__rosidl_generator_py.so" to ""
[8.322s] -- Installing: /home/student/Desktop/Follow-Person-Goal-Publisher-ROS2/install/object_tracking_messages/share/object_tracking_messages/cmake/export_object_tracking_messages__rosidl_generator_cExport.cmake
[8.322s] -- Installing: /home/student/Desktop/Follow-Person-Goal-Publisher-ROS2/install/object_tracking_messages/share/object_tracking_messages/cmake/export_object_tracking_messages__rosidl_generator_cExport-noconfig.cmake
[8.322s] -- Installing: /home/student/Desktop/Follow-Person-Goal-Publisher-ROS2/install/object_tracking_messages/share/object_tracking_messages/cmake/export_object_tracking_messages__rosidl_typesupport_fastrtps_cExport.cmake
[8.323s] -- Installing: /home/student/Desktop/Follow-Person-Goal-Publisher-ROS2/install/object_tracking_messages/share/object_tracking_messages/cmake/export_object_tracking_messages__rosidl_typesupport_fastrtps_cExport-noconfig.cmake
[8.323s] -- Installing: /home/student/Desktop/Follow-Person-Goal-Publisher-ROS2/install/object_tracking_messages/share/object_tracking_messages/cmake/object_tracking_messages__rosidl_typesupport_introspection_cExport.cmake
[8.323s] -- Installing: /home/student/Desktop/Follow-Person-Goal-Publisher-ROS2/install/object_tracking_messages/share/object_tracking_messages/cmake/object_tracking_messages__rosidl_typesupport_introspection_cExport-noconfig.cmake
[8.323s] -- Installing: /home/student/Desktop/Follow-Person-Goal-Publisher-ROS2/install/object_tracking_messages/share/object_tracking_messages/cmake/object_tracking_messages__rosidl_typesupport_cExport.cmake
[8.324s] -- Installing: /home/student/Desktop/Follow-Person-Goal-Publisher-ROS2/install/object_tracking_messages/share/object_tracking_messages/cmake/object_tracking_messages__rosidl_typesupport_cExport-noconfig.cmake
[8.324s] -- Installing: /home/student/Desktop/Follow-Person-Goal-Publisher-ROS2/install/object_tracking_messages/share/object_tracking_messages/cmake/export_object_tracking_messages__rosidl_generator_cppExport.cmake
[8.324s] -- Installing: /home/student/Desktop/Follow-Person-Goal-Publisher-ROS2/install/object_tracking_messages/share/object_tracking_messages/cmake/export_object_tracking_messages__rosidl_typesupport_fastrtps_cppExport.cmake
[8.324s] -- Installing: /home/student/Desktop/Follow-Person-Goal-Publisher-ROS2/install/object_tracking_messages/share/object_tracking_messages/cmake/export_object_tracking_messages__rosidl_typesupport_fastrtps_cppExport-noconfig.cmake
[8.324s] -- Installing: /home/student/Desktop/Follow-Person-Goal-Publisher-ROS2/install/object_tracking_messages/share/object_tracking_messages/cmake/object_tracking_messages__rosidl_typesupport_introspection_cppExport.cmake
[8.325s] -- Installing: /home/student/Desktop/Follow-Person-Goal-Publisher-ROS2/install/object_tracking_messages/share/object_tracking_messages/cmake/object_tracking_messages__rosidl_typesupport_introspection_cppExport-noconfig.cmake
[8.325s] -- Installing: /home/student/Desktop/Follow-Person-Goal-Publisher-ROS2/install/object_tracking_messages/share/object_tracking_messages/cmake/object_tracking_messages__rosidl_typesupport_cppExport.cmake
[8.325s] -- Installing: /home/student/Desktop/Follow-Person-Goal-Publisher-ROS2/install/object_tracking_messages/share/object_tracking_messages/cmake/object_tracking_messages__rosidl_typesupport_cppExport-noconfig.cmake
[8.325s] -- Installing: /home/student/Desktop/Follow-Person-Goal-Publisher-ROS2/install/object_tracking_messages/share/object_tracking_messages/cmake/export_object_tracking_messages__rosidl_generator_pyExport.cmake
[8.326s] -- Installing: /home/student/Desktop/Follow-Person-Goal-Publisher-ROS2/install/object_tracking_messages/share/object_tracking_messages/cmake/export_object_tracking_messages__rosidl_generator_pyExport-noconfig.cmake
[8.329s] Invoked command in '/home/student/Desktop/Follow-Person-Goal-Publisher-ROS2/build/object_tracking_messages' returned '0': CMAKE_PREFIX_PATH=${CMAKE_PREFIX_PATH}:/home/student/Desktop/Follow-Person-Goal-Publisher-ROS2/install/main:/opt/ros/humble /usr/bin/cmake --install /home/student/Desktop/Follow-Person-Goal-Publisher-ROS2/build/object_tracking_messages
