[2.807s] Invoking command in '/home/student/Desktop/workspace/build/navigation': PYTHONPATH=/home/student/Desktop/workspace/build/navigation/prefix_override:/usr/lib/python3/dist-packages/colcon_core/task/python/colcon_distutils_commands:/home/student/Desktop/workspace/install/navigation/lib/python3.10/site-packages:${PYTHONPATH} /usr/bin/python3 -W ignore:setup.py install is deprecated setup.py develop --editable --build-directory /home/student/Desktop/workspace/build/navigation/build --no-deps symlink_data
[3.362s] running develop
[3.362s] /usr/lib/python3/dist-packages/setuptools/command/easy_install.py:158: EasyInstallDeprecationWarning: easy_install command is deprecated. Use build and pip and other standards-based tools.
[3.362s]   warnings.warn(
[3.709s] running egg_info
[3.710s] writing navigation.egg-info/PKG-INFO
[3.710s] writing dependency_links to navigation.egg-info/dependency_links.txt
[3.710s] writing entry points to navigation.egg-info/entry_points.txt
[3.710s] writing requirements to navigation.egg-info/requires.txt
[3.710s] writing top-level names to navigation.egg-info/top_level.txt
[3.712s] reading manifest file 'navigation.egg-info/SOURCES.txt'
[3.713s] writing manifest file 'navigation.egg-info/SOURCES.txt'
[3.752s] running build_ext
[3.752s] Creating /home/student/Desktop/workspace/install/navigation/lib/python3.10/site-packages/navigation.egg-link (link to .)
[3.753s] Installing nav2_node script to /home/student/Desktop/workspace/install/navigation/lib/navigation
[3.753s] Installing odom_publisher_node script to /home/student/Desktop/workspace/install/navigation/lib/navigation
[3.754s] 
[3.754s] Installed /home/student/Desktop/workspace/build/navigation
[3.754s] running symlink_data
[3.790s] Invoked command in '/home/student/Desktop/workspace/build/navigation' returned '0': PYTHONPATH=/home/student/Desktop/workspace/build/navigation/prefix_override:/usr/lib/python3/dist-packages/colcon_core/task/python/colcon_distutils_commands:/home/student/Desktop/workspace/install/navigation/lib/python3.10/site-packages:${PYTHONPATH} /usr/bin/python3 -W ignore:setup.py install is deprecated setup.py develop --editable --build-directory /home/student/Desktop/workspace/build/navigation/build --no-deps symlink_data
